s vc 11349 7015
3
4
8
10
14
18
19
22
27
29
33
36
39
42
45
48
50
53
56
58
63
65
68
70
74
78
79
84
85
90
92
95
99
100
104
107
109
114
117
119
123
126
128
130
134
137
139
142
146
150
151
155
157
162
164
166
169
172
176
178
183
185
187
192
194
198
199
203
206
210
212
216
217
220
224
228
230
232
236
239
241
245
247
252
255
258
259
262
265
269
273
276
277
280
285
286
290
293
297
300
302
305
307
311
315
318
320
322
326
329
333
334
339
340
345
348
351
354
355
358
363
366
367
371
374
376
377
378
379
381
382
383
385
386
387
389
390
391
392
393
394
396
397
398
400
402
403
404
405
406
407
408
409
410
411
412
413
414
415
416
417
419
420
421
423
424
425
426
427
428
429
430
432
433
434
435
436
437
438
439
440
441
442
443
444
445
446
447
448
449
450
451
452
453
454
457
458
459
460
461
463
464
465
466
467
470
471
472
473
475
476
477
478
479
481
482
484
485
486
488
489
490
491
492
493
494
495
496
497
498
499
500
501
503
505
507
508
509
511
512
513
514
515
516
518
519
520
521
522
523
524
526
527
528
529
530
531
532
533
535
536
538
539
540
541
542
543
546
547
548
549
550
551
553
554
555
557
558
559
560
561
562
563
564
566
567
568
569
570
571
573
574
575
576
577
578
580
581
582
584
585
586
587
588
589
590
591
592
593
594
595
596
597
598
599
600
601
602
603
604
605
607
608
610
611
612
613
614
615
616
617
618
619
620
621
622
623
624
627
628
629
630
634
635
636
637
638
639
641
642
643
645
646
647
648
649
650
651
652
653
654
655
656
657
658
660
663
664
665
666
667
668
669
670
671
672
673
674
675
676
678
679
680
681
682
683
684
686
687
689
690
693
695
696
697
698
699
700
701
702
703
704
706
708
709
710
711
712
713
715
717
718
719
720
721
722
723
724
725
726
727
728
730
732
733
734
735
736
737
738
739
741
742
744
746
747
748
749
750
751
752
753
754
755
756
757
758
759
760
761
762
763
764
765
766
767
768
769
770
772
773
774
776
777
778
779
781
782
783
784
785
786
787
788
790
791
792
793
794
795
797
798
799
800
802
803
805
806
807
808
809
810
811
812
815
816
818
819
821
822
823
824
825
827
828
829
830
831
832
833
836
838
839
841
842
843
844
845
846
847
848
849
850
851
852
853
854
855
856
857
859
860
862
863
864
865
866
867
868
869
870
871
872
873
875
876
877
878
879
880
881
882
883
884
885
886
887
888
889
890
891
892
893
894
895
896
897
898
899
900
901
902
903
904
905
906
907
908
909
910
911
912
913
914
915
916
917
918
919
920
921
922
923
924
925
926
928
929
930
932
933
934
935
936
937
938
939
940
941
942
944
945
946
947
948
949
950
951
953
954
955
956
958
959
960
961
962
963
964
965
966
967
968
969
971
972
974
975
976
977
978
979
980
981
982
983
984
985
986
987
988
989
990
992
993
994
995
996
997
998
1001
1003
1004
1005
1006
1007
1008
1009
1010
1011
1012
1013
1014
1015
1016
1017
1018
1019
1020
1021
1022
1023
1024
1025
1026
1027
1028
1029
1030
1031
1032
1033
1034
1035
1036
1037
1038
1039
1040
1041
1042
1043
1044
1045
1046
1048
1049
1050
1051
1052
1053
1054
1055
1056
1057
1058
1059
1060
1061
1062
1063
1064
1065
1066
1067
1068
1069
1070
1071
1072
1073
1074
1075
1076
1077
1078
1079
1080
1081
1082
1083
1084
1085
1086
1087
1088
1089
1090
1091
1092
1093
1094
1095
1096
1097
1098
1099
1100
1102
1103
1106
1107
1108
1109
1110
1111
1112
1114
1115
1116
1117
1118
1119
1120
1121
1122
1123
1124
1127
1128
1129
1130
1131
1132
1133
1134
1136
1139
1140
1142
1143
1144
1145
1146
1147
1148
1149
1150
1151
1153
1154
1155
1156
1157
1158
1159
1160
1161
1162
1163
1164
1165
1166
1167
1168
1169
1170
1172
1174
1175
1176
1178
1180
1181
1184
1185
1186
1187
1188
1189
1190
1191
1192
1193
1196
1197
1198
1199
1200
1201
1202
1203
1204
1205
1206
1207
1208
1209
1210
1211
1212
1213
1214
1215
1216
1217
1218
1219
1220
1221
1222
1223
1224
1225
1226
1229
1230
1231
1232
1233
1234
1235
1236
1237
1238
1240
1241
1242
1243
1244
1245
1246
1247
1248
1249
1250
1253
1254
1255
1256
1257
1259
1261
1262
1265
1266
1267
1268
1269
1270
1271
1272
1273
1274
1275
1276
1277
1278
1279
1280
1281
1282
1283
1284
1285
1286
1287
1289
1290
1291
1292
1294
1295
1296
1297
1298
1299
1300
1301
1302
1303
1304
1305
1307
1308
1309
1310
1311
1312
1313
1314
1315
1316
1317
1318
1319
1320
1321
1322
1323
1325
1326
1328
1329
1330
1331
1332
1333
1334
1335
1337
1338
1339
1340
1341
1342
1343
1344
1345
1346
1348
1349
1350
1351
1352
1353
1355
1356
1358
1359
1361
1362
1363
1364
1365
1366
1367
1369
1370
1371
1372
1373
1375
1376
1377
1378
1379
1380
1381
1382
1383
1384
1385
1386
1388
1389
1390
1391
1392
1393
1394
1396
1397
1398
1399
1400
1401
1402
1403
1405
1406
1407
1408
1409
1410
1411
1412
1413
1414
1415
1416
1417
1418
1419
1420
1421
1422
1423
1424
1425
1426
1427
1428
1429
1430
1431
1432
1433
1434
1436
1437
1438
1439
1440
1442
1443
1444
1445
1446
1447
1448
1449
1450
1451
1454
1455
1456
1457
1458
1459
1460
1461
1463
1464
1465
1466
1467
1468
1469
1470
1471
1472
1474
1475
1476
1477
1478
1479
1480
1481
1483
1484
1485
1486
1487
1488
1489
1490
1492
1493
1494
1495
1496
1497
1498
1499
1500
1502
1503
1504
1505
1506
1508
1509
1510
1511
1512
1514
1516
1517
1518
1519
1520
1522
1523
1525
1526
1527
1528
1529
1531
1532
1534
1535
1536
1537
1538
1540
1541
1542
1544
1545
1546
1547
1548
1549
1550
1551
1553
1554
1555
1556
1557
1558
1559
1560
1561
1562
1563
1564
1565
1566
1567
1568
1569
1570
1571
1573
1574
1575
1576
1577
1578
1579
1580
1581
1582
1583
1584
1585
1586
1589
1591
1592
1593
1594
1595
1596
1597
1598
1599
1600
1601
1603
1604
1606
1607
1608
1609
1610
1611
1612
1613
1614
1615
1616
1619
1620
1621
1622
1623
1624
1625
1627
1628
1630
1631
1632
1633
1634
1635
1636
1637
1638
1639
1640
1642
1643
1644
1646
1647
1649
1650
1652
1654
1656
1657
1658
1661
1662
1663
1664
1667
1668
1669
1670
1672
1673
1675
1677
1678
1679
1681
1682
1684
1686
1688
1689
1690
1691
1694
1695
1697
1698
1699
1700
1702
1704
1705
1706
1708
1709
1711
1713
1714
1716
1717
1719
1720
1721
1723
1725
1726
1727
1730
1731
1732
1733
1736
1737
1738
1739
1742
1743
1745
1746
1747
1748
1750
1752
1753
1754
1756
1758
1759
1761
1762
1763
1766
1767
1768
1769
1772
1773
1774
1775
1777
1778
1780
1782
1783
1784
1786
1787
1789
1791
1793
1794
1795
1796
1799
1800
1801
1803
1804
1805
1807
1809
1810
1811
1813
1814
1817
1818
1820
1821
1822
1824
1825
1826
1828
1829
1832
1833
1835
1836
1837
1838
1840
1841
1844
1845
1846
1847
1850
1851
1852
1853
1855
1857
1858
1859
1861
1863
1864
1866
1867
1868
1871
1872
1873
1874
1877
1878
1879
1880
1882
1883
1885
1887
1888
1889
1892
1893
1894
1895
1898
1899
1900
1901
1903
1904
1906
1908
1909
1910
1913
1914
1915
1916
1919
1920
1921
1922
1924
1925
1928
1929
1930
1931
1934
1935
1936
1937
1940
1941
1942
1943
1945
1946
1948
1949
1951
1953
1955
1956
1957
1958
1961
1962
1963
1964
1966
1967
1970
1971
1972
1974
1975
1976
1979
1980
1982
1983
1985
1986
1987
1988
1991
1992
1993
1994
1996
1998
1999
2000
2002
2004
2005
2006
2008
2010
2012
2013
2014
2015
2018
2019
2020
2021
2023
2025
2026
2027
2029
2031
2033
2034
2035
2036
2038
2039
2041
2043
2044
2046
2047
2048
2050
2052
2053
2055
2056
2057
2059
2061
2062
2063
2066
2067
2068
2069
2072
2073
2074
2076
2077
2078
2081
2082
2083
2084
2087
2088
2089
2090
2092
2093
2096
2097
2098
2099
2102
2103
2104
2105
2107
2109
2110
2111
2113
2115
2117
2118
2119
2120
2123
2124
2125
2126
2128
2130
2131
2132
2134
2136
2137
2139
2140
2141
2143
2145
2146
2147
2149
2151
2152
2153
2156
2157
2159
2160
2161
2162
2165
2166
2167
2168
2170
2172
2173
2174
2176
2178
2179
2181
2182
2183
2186
2187
2188
2189
2192
2193
2194
2195
2197
2198
2200
2202
2203
2204
2206
2207
2209
2211
2212
2213
2216
2217
2219
2220
2221
2223
2224
2225
2228
2229
2230
2231
2234
2235
2236
2237
2239
2240
2242
2244
2245
2246
2248
2250
2251
2252
2254
2255
2258
2259
2261
2262
2263
2265
2266
2267
2270
2271
2272
2273
2276
2277
2278
2279
2281
2282
2285
2286
2287
2288
2291
2292
2293
2294
2296
2297
2299
2301
2302
2304
2305
2306
2309
2310
2311
2313
2314
2315
2317
2319
2320
2321
2323
2325
2326
2328
2329
2330
2333
2334
2335
2336
2338
2339
2342
2343
2344
2345
2347
2349
2350
2351
2353
2355
2356
2357
2359
2361
2362
2363
2366
2367
2369
2370
2371
2372
2375
2376
2377
2378
2380
2381
2383
2385
2386
2388
2390
2391
2392
2393
2395
2397
2398
2399
2401
2402
2404
2406
2407
2409
2410
2412
2413
2414
2416
2418
2419
2420
2423
2424
2425
2426
2429
2430
2431
2432
2435
2436
2438
2439
2440
2441
2444
2445
2446
2447
2449
2450
2452
2454
2455
2456
2459
2460
2461
2462
2465
2466
2467
2468
2470
2471
2474
2475
2476
2477
2479
2481
2482
2483
2485
2487
2488
2489
2491
2493
2494
2496
2497
2498
2501
2502
2503
2504
2507
2508
2509
2510
2512
2513
2515
2517
2518
2519
2522
2523
2524
2525
2528
2529
2530
2531
2533
2534
2536
2537
2540
2541
2543
2544
2545
2546
2548
2549
2551
2553
2554
2556
2557
2559
2560
2561
2563
2564
2566
2568
2570
2571
2572
2573
2576
2577
2579
2580
2581
2582
2585
2586
2587
2588
2590
2591
2593
2595
2596
2598
2600
2601
2602
2603
2606
2607
2608
2609
2611
2613
2614
2615
2617
2619
2620
2622
2623
2624
2626
2628
2629
2630
2633
2634
2635
2636
2639
2640
2641
2642
2644
2646
2647
2649
2650
2651
2653
2655
2656
2657
2660
2661
2663
2664
2665
2666
2668
2670
2671
2672
2674
2676
2677
2679
2680
2682
2683
2685
2686
2687
2690
2691
2692
2693
2695
2696
2699
2700
2701
2702
2704
2706
2707
2708
2710
2712
2713
2714
2717
2718
2719
2720
2723
2724
2726
2727
2728
2729
2731
2733
2734
2735
2737
2739
2740
2741
2743
2745
2746
2748
2749
2750
2752
2754
2755
2756
2758
2759
2762
2763
2765
2766
2767
2769
2770
2771
2774
2775
2776
2777
2779
2780
2783
2784
2785
2786
2789
2790
2791
2792
2795
2796
2797
2798
2800
2802
2803
2804
2806
2808
2809
2811
2812
2813
2815
2817
2818
2819
2822
2823
2824
2825
2828
2829
2830
2831
2833
2835
2836
2837
2839
2841
2843
2844
2845
2846
2849
2850
2851
2853
2854
2855
2857
2859
2860
2861
2864
2865
2866
2867
2870
2871
2873
2874
2875
2876
2879
2880
2881
2882
2884
2885
2887
2889
2890
2892
2893
2895
2896
2897
2899
2901
2902
2903
2905
2907
2908
2909
2912
2913
2914
2915
2918
2919
2921
2922
2923
2924
2927
2928
2929
2930
2932
2933
2936
2937
2938
2939
2941
2943
2944
2946
2947
2949
2950
2951
2953
2955
2956
2958
2959
2960
2962
2964
2965
2966
2969
2970
2971
2972
2975
2976
2977
2978
2981
2982
2984
2985
2986
2987
2990
2991
2992
2993
2995
2996
2999
3000
3001
3002
3005
3006
3007
3008
3010
3012
3013
3014
3016
3018
3019
3021
3022
3023
3025
3026
3029
3030
3032
3033
3034
3035
3037
3038
3040
3042
3043
3044
3046
3048
3049
3050
3053
3054
3055
3056
3059
3060
3062
3063
3064
3065
3068
3069
3070
3071
3073
3074
3076
3078
3079
3081
3083
3084
3085
3086
3089
3090
3091
3092
3094
3096
3097
3098
3100
3102
3103
3104
3106
3108
3110
3111
3113
3114
3116
3117
3118
3119
3121
3122
3125
3126
3127
3128
3131
3132
3134
3135
3136
3138
3139
3140
3142
3144
3146
3147
3148
3149
3152
3153
3154
3155
3158
3159
3160
3161
3163
3164
3166
3168
3169
3170
3172
3174
3175
3176
3179
3180
3181
3182
3185
3186
3187
3189
3190
3191
3193
3195
3196
3197
3200
3201
3202
3203
3206
3207
3209
3210
3211
3212
3215
3216
3217
3218
3220
3222
3223
3224
3226
3228
3230
3231
3232
3233
3236
3237
3238
3239
3242
3243
3244
3245
3247
3248
3251
3252
3253
3254
3257
3258
3259
3260
3262
3263
3265
3267
3268
3270
3271
3273
3274
3275
3277
3279
3280
3281
3283
3284
3287
3288
3290
3291
3293
3294
3295
3296
3298
3300
3301
3302
3304
3306
3307
3308
3310
3312
3314
3315
3316
3317
3319
3321
3322
3323
3325
3327
3328
3329
3331
3333
3334
3336
3337
3338
3340
3342
3343
3344
3346
3348
3349
3350
3353
3354
3356
3357
3358
3359
3362
3363
3364
3365
3367
3369
3370
3371
3373
3375
3376
3378
3379
3380
3382
3384
3385
3386
3389
3390
3391
3392
3395
3396
3397
3398
3401
3402
3403
3404
3407
3408
3410
3411
3412
3413
3415
3416
3418
3420
3421
3422
3425
3426
3427
3428
3431
3432
3433
3434
3436
3437
3439
3440
3442
3444
3445
3446
3449
3450
3451
3452
3455
3456
3457
3458
3460
3462
3463
3464
3466
3468
3469
3470
3472
3474
3475
3476
3479
3480
3481
3483
3484
3485
3487
3489
3490
3491
3493
3495
3496
3497
3500
3501
3502
3503
3505
3507
3508
3510
3511
3512
3515
3516
3517
3518
3521
3522
3524
3525
3526
3527
3529
3530
3532
3534
3535
3537
3538
3539
3541
3543
3544
3546
3547
3548
3551
3552
3553
3554
3557
3558
3559
3560
3562
3563
3565
3567
3568
3569
3572
3573
3574
3575
3578
3579
3580
3581
3583
3584
3586
3588
3589
3590
3592
3594
3595
3596
3599
3600
3601
3602
3605
3606
3607
3609
3610
3611
3613
3615
3616
3617
3620
3621
3622
3623
3626
3627
3628
3630
3631
3632
3634
3635
3638
3639
3641
3642
3643
3644
3646
3647
3649
3650
3652
3654
3655
3656
3658
3660
3661
3663
3664
3665
3668
3669
3671
3672
3673
3674
3676
3678
3679
3680
3682
3684
3685
3686
3688
3690
3692
3693
3694
3695
3698
3699
3700
3701
3703
3705
3706
3707
3709
3711
3712
3714
3715
3716
3719
3720
3721
3722
3725
3726
3727
3728
3730
3731
3733
3735
3736
3737
3740
3741
3742
3743
3746
3747
3748
3749
3751
3752
3755
3756
3757
3758
3760
3761
3764
3765
3766
3768
3769
3770
3772
3774
3776
3777
3778
3779
3782
3783
3784
3785
3787
3789
3790
3791
3793
3795
3796
3798
3799
3800
3802
3804
3805
3806
3809
3810
3811
3812
3815
3816
3817
3818
3821
3822
3823
3825
3826
3827
3829
3831
3832
3833
3835
3837
3838
3839
3841
3843
3845
3846
3847
3848
3851
3852
3853
3854
3856
3857
3859
3860
3863
3864
3865
3866
3869
3870
3872
3873
3874
3875
3877
3878
3880
3881
3884
3885
3887
3888
3889
3890
3892
3894
3895
3896
3898
3900
3901
3903
3904
3905
3907
3909
3910
3911
3914
3915
3916
3917
3920
3921
3923
3924
3925
3926
3929
3930
3931
3932
3934
3936
3937
3938
3940
3942
3944
3945
3946
3947
3949
3951
3952
3953
3955
3956
3958
3960
3961
3963
3964
3966
3967
3968
3970
3971
3974
3975
3977
3978
3979
3980
3982
3983
3985
3987
3988
3989
3991
3993
3994
3995
3997
3999
4000
4001
4004
4005
4006
4008
4009
4010
4013
4014
4015
4016
4018
4019
4022
4023
4024
4025
4027
4029
4030
4031
4033
4034
4036
4038
4040
4041
4042
4043
4046
4047
4048
4050
4051
4052
4055
4056
4057
4058
4061
4062
4063
4064
4066
4067
4069
4071
4072
4073
4076
4077
4078
4079
4082
4083
4084
4085
4087
4088
4090
4092
4093
4094
4097
4098
4099
4100
4103
4104
4105
4106
4108
4109
4111
4113
4114
4115
4118
4119
4120
4121
4123
4124
4127
4128
4129
4130
4132
4134
4135
4136
4138
4139
4141
4143
4144
4146
4147
4148
4151
4152
4153
4155
4156
4157
4159
4161
4162
4163
4166
4167
4168
4169
4172
4173
4174
4176
4177
4178
4181
4182
4183
4184
4187
4188
4189
4190
4192
4193
4195
4197
4198
4199
4201
4202
4205
4206
4208
4209
4210
4211
4213
4214
4216
4218
4219
4220
4222
4223
4225
4227
4228
4230
4231
4232
4235
4236
4237
4238
4241
4242
4243
4245
4246
4247
4249
4251
4252
4253
4255
4257
4259
4260
4261
4262
4265
4266
4267
4268
4270
4272
4273
4274
4276
4278
4280
4281
4282
4283
4285
4287
4288
4289
4292
4293
4295
4296
4297
4299
4300
4301
4304
4305
4306
4307
4310
4311
4312
4313
4315
4317
4318
4319
4322
4323
4324
4325
4328
4329
4330
4331
4334
4335
4337
4338
4340
4341
4342
4343
4345
4347
4348
4349
4352
4353
4354
4355
4358
4359
4360
4361
4363
4365
4366
4368
4370
4371
4372
4373
4375
4377
4378
4379
4382
4383
4384
4385
4388
4389
4390
4391
4393
4395
4396
4397
4399
4400
4402
4404
4406
4407
4409
4410
4412
4413
4414
4415
4417
4419
4420
4422
4423
4424
4426
4428
4430
4431
4432
4433
4435
4437
4438
4439
4441
4443
4444
4445
4448
4449
4450
4451
4453
4454
4456
4458
4460
4461
4462
4463
4465
4467
4468
4470
4472
4473
4475
4476
4478
4479
4481
4482
4483
4485
4486
4487
4489
4491
4492
4493
4496
4497
4498
4499
4501
4503
4504
4505
4507
4509
4510
4512
4514
4515
4517
4518
4519
4521
4522
4523
4525
4527
4528
4530
4532
4533
4534
4535
4537
4539
4540
4541
4544
4545
4546
4547
4549
4550
4553
4554
4555
4557
4558
4559
4562
4563
4564
4566
4567
4569
4570
4572
4574
4575
4576
4577
4579
4581
4582
4584
4585
4587
4588
4590
4592
4593
4594
4595
4597
4598
4600
4602
4603
4605
4606
4607
4610
4611
4612
4613
4616
4617
4619
4620
4622
4623
4624
4625
4627
4629
4630
4631
4634
4635
4636
4637
4639
4641
4642
4643
4646
4647
4649
4650
4652
4653
4655
4656
4657
4658
4661
4662
4663
4665
4666
4667
4670
4671
4672
4673
4675
4676
4678
4680
4681
4683
4684
4685
4688
4689
4690
4691
4693
4695
4696
4698
4700
4701
4702
4703
4706
4707
4709
4710
4712
4713
4714
4715
4717
4719
4720
4721
4724
4725
4726
4727
4729
4730
4733
4734
4735
4737
4738
4739
4742
4743
4744
4745
4748
4749
4751
4752
4754
4755
4756
4757
4759
4761
4762
4763
4766
4767
4768
4769
4771
4773
4774
4775
4777
4778
4781
4782
4784
4785
4787
4788
4789
4791
4792
4793
4795
4796
4798
4800
4802
4803
4805
4806
4807
4809
4810
4811
4813
4814
4816
4818
4820
4821
4822
4823
4825
4827
4828
4829
4832
4833
4834
4835
4838
4839
4841
4842
4843
4845
4846
4847
4849
4851
4852
4853
4856
4857
4858
4859
4862
4863
4864
4865
4867
4869
4870
4872
4874
4875
4876
4877
4879
4881
4882
4884
4885
4887
4888
4889
4892
4893
4894
4895
4897
4899
4900
4902
4904
4905
4906
4907
4910
4911
4912
4913
4915
4917
4918
4919
4921
4923
4924
4926
4928
4929
4930
4931
4933
4935
4936
4937
4939
4940
4942
4944
4946
4947
4949
4950
4951
4953
4954
4955
4958
4959
4960
4961
4963
4965
4966
4967
4970
4971
4972
4973
4976
4977
4978
4979
4981
4983
4984
4985
4987
4989
4990
4991
4994
4995
4997
4998
5000
5001
5002
5003
5005
5007
5008
5009
5012
5013
5014
5015
5017
5018
5021
5022
5023
5025
5026
5027
5030
5031
5033
5034
5035
5037
5038
5039
5041
5043
5044
5045
5048
5049
5050
5051
5053
5055
5056
5057
5059
5061
5062
5063
5066
5067
5068
5069
5071
5073
5074
5075
5078
5079
5081
5082
5083
5085
5086
5087
5089
5091
5092
5093
5096
5097
5098
5099
5101
5103
5104
5106
5107
5109
5110
5111
5114
5115
5116
5117
5119
5121
5122
5123
5126
5127
5128
5129
5132
5133
5135
5136
5137
5139
5140
5142
5143
5145
5146
5147
5150
5151
5152
5153
5156
5157
5158
5159
5162
5163
5164
5166
5167
5169
5170
5171
5174
5175
5176
5177
5180
5181
5182
5183
5185
5187
5188
5189
5192
5193
5194
5195
5197
5199
5200
5202
5204
5205
5206
5207
5210
5211
5213
5214
5215
5217
5218
5220
5221
5223
5224
5226
5228
5229
5231
5232
5233
5235
5237
5238
5239
5241
5242
5244
5246
5247
5248
5249
5251
5253
5254
5255
5257
5259
5260
5261
5264
5265
5266
5267
5269
5271
5272
5274
5276
5277
5278
5279
5282
5283
5284
5285
5288
5289
5290
5291
5293
5295
5296
5297
5300
5301
5303
5304
5306
5307
5308
5309
5311
5313
5314
5315
5318
5319
5320
5321
5323
5325
5326
5328
5329
5331
5332
5333
5335
5336
5339
5340
5341
5343
5344
5345
5347
5349
5350
5351
5354
5355
5356
5357
5359
5360
5363
5364
5365
5367
5368
5370
5372
5373
5374
5375
5377
5379
5380
5381
5383
5385
5386
5387
5390
5391
5392
5393
5395
5397
5398
5399
5401
5403
5404
5405
5408
5409
5410
5411
5413
5415
5416
5417
5420
5421
5422
5423
5426
5427
5429
5430
5431
5432
5435
5436
5438
5439
5440
5441
5443
5445
5446
5447
5449
5451
5452
5453
5456
5457
5458
5459
5461
5463
5464
5465
5467
5469
5470
5471
5474
5475
5476
5477
5479
5481
5482
5483
5485
5486
5489
5490
5492
5493
5494
5495
5497
5499
5500
5501
5503
5505
5506
5507
5510
5511
5512
5513
5515
5516
5518
5520
5521
5523
5524
5525
5528
5529
5530
5531
5533
5535
5536
5538
5539
5541
5542
5544
5546
5547
5548
5549
5552
5553
5554
5555
5557
5559
5560
5561
5564
5565
5566
5567
5570
5571
5572
5573
5576
5577
5578
5579
5582
5583
5584
5585
5587
5589
5590
5591
5593
5594
5597
5598
5600
5601
5602
5603
5605
5607
5608
5609
5611
5612
5615
5616
5618
5619
5620
5621
5623
5625
5626
5628
5629
5631
5632
5634
5636
5637
5638
5639
5642
5643
5644
5645
5647
5649
5650
5651
5654
5655
5656
5657
5659
5661
5662
5663
5665
5667
5668
5669
5672
5673
5674
5675
5677
5679
5680
5681
5684
5685
5686
5687
5689
5691
5692
5693
5695
5697
5698
5700
5701
5703
5704
5705
5708
5709
5710
5711
5714
5715
5716
5717
5719
5720
5723
5724
5725
5727
5728
5729
5732
5733
5735
5736
5737
5739
5740
5741
5743
5745
5746
5748
5750
5751
5752
5753
5755
5757
5758
5759
5761
5763
5764
5765
5767
5768
5771
5772
5773
5775
5777
5778
5779
5781
5782
5783
5785
5786
5789
5790
5791
5793
5794
5795
5798
5799
5800
5801
5803
5805
5806
5807
5809
5811
5812
5813
5816
5817
5818
5819
5821
5823
5824
5825
5827
5829
5830
5831
5834
5835
5836
5837
5839
5841
5842
5844
5845
5847
5848
5849
5852
5853
5855
5856
5857
5859
5860
5861
5863
5865
5866
5867
5870
5871
5873
5874
5875
5877
5878
5879
5881
5883
5884
5885
5888
5889
5891
5892
5893
5895
5896
5897
5899
5901
5902
5903
5906
5907
5908
5909
5912
5913
5914
5915
5918
5919
5920
5921
5924
5925
5926
5927
5929
5931
5932
5933
5935
5937
5938
5939
5942
5943
5944
5945
5948
5949
5950
5951
5954
5955
5957
5958
5959
5961
5962
5963
5965
5967
5968
5970
5972
5973
5974
5975
5977
5979
5980
5981
5984
5985
5986
5987
5990
5991
5992
5993
5996
5997
5998
5999
6001
6003
6004
6005
6008
6009
6010
6011
6013
6015
6016
6017
6019
6021
6022
6024
6025
6027
6028
6029
6032
6033
6034
6035
6037
6039
6040
6041
6043
6045
6046
6047
6050
6051
6052
6053
6055
6056
6058
6060
6061
6063
6064
6065
6068
6069
6070
6071
6073
6075
6076
6078
6080
6081
6082
6083
6086
6087
6089
6090
6091
6093
6094
6095
6097
6099
6100
6101
6104
6105
6107
6108
6109
6111
6112
6113
6115
6117
6118
6119
6121
6123
6124
6125
6128
6129
6130
6131
6133
6135
6136
6137
6139
6141
6142
6143
6146
6147
6148
6149
6151
6153
6154
6155
6157
6159
6160
6161
6164
6165
6166
6167
6169
6171
6172
6173
6176
6177
6178
6179
6182
6183
6184
6185
6187
6189
6190
6191
6193
6195
6196
6197
6200
6201
6202
6203
6206
6207
6208
6209
6211
6213
6214
6216
6218
6219
6220
6221
6224
6225
6226
6227
6229
6231
6232
6234
6236
6237
6238
6239
6242
6243
6244
6245
6247
6249
6250
6251
6253
6255
6256
6257
6260
6261
6263
6264
6265
6267
6268
6269
6271
6273
6274
6276
6278
6279
6280
6281
6283
6285
6286
6287
6290
6291
6292
6293
6295
6297
6298
6299
6301
6303
6304
6305
6308
6309
6310
6311
6314
6315
6316
6317
6319
6321
6322
6323
6325
6327
6328
6329
6332
6333
6334
6335
6338
6339
6341
6342
6343
6345
6346
6348
6350
6351
6352
6353
6355
6357
6358
6359
6362
6363
6364
6365
6368
6369
6370
6371
6373
6375
6376
6378
6379
6380
6382
6384
6386
6387
6388
6389
6391
6393
6394
6395
6397
6398
6400
6402
6404
6405
6406
6408
6409
6411
6412
6414
6416
6417
6418
6419
6422
6423
6424
6425
6427
6429
6430
6431
6434
6435
6436
6437
6439
6441
6442
6443
6446
6447
6448
6449
6451
6452
6455
6456
6457
6459
6460
6461
6464
6465
6466
6467
6469
6471
6472
6473
6475
6477
6478
6479
6482
6483
6484
6485
6487
6489
6490
6491
6493
6495
6496
6497
6500
6501
6502
6503
6506
6507
6509
6510
6511
6513
6514
6515
6518
6519
6520
6521
6523
6525
6526
6528
6529
6530
6532
6534
6536
6537
6538
6539
6541
6543
6544
6545
6547
6549
6550
6552
6554
6555
6556
6557
6560
6561
6562
6563
6565
6567
6568
6569
6572
6573
6574
6575
6578
6579
6580
6581
6583
6584
6587
6588
6589
6591
6592
6593
6595
6596
6599
6600
6601
6602
6605
6606
6608
6609
6611
6612
6613
6615
6616
6617
6619
6620
6623
6624
6626
6627
6629
6630
6631
6633
6634
6636
6638
6639
6641
6642
6644
6645
6646
6647
6649
6651
6652
6653
6655
6657
6658
6659
6662
6663
6664
6665
6668
6669
6670
6671
6673
6675
6676
6677
6680
6681
6682
6683
6685
6686
6688
6690
6691
6693
6694
6695
6698
6699
6700
6701
6704
6705
6706
6707
6709
6711
6712
6713
6716
6717
6718
6719
6721
6723
6724
6725
6727
6729
6730
6731
6734
6735
6736
6737
6739
6741
6742
6744
6745
6747
6748
6749
6752
6753
6754
6755
6757
6759
6760
6761
6763
6765
6766
6767
6770
6771
6772
6773
6775
6777
6778
6779
6781
6783
6784
6786
6788
6789
6790
6791
6793
6795
6796
6797
6799
6800
6802
6804
6806
6807
6808
6809
6811
6813
6814
6816
6818
6819
6820
6821
6824
6825
6826
6827
6829
6831
6832
6833
6835
6836
6838
6840
6842
6843
6844
6845
6847
6848
6851
6852
6853
6855
6856
6857
6860
6861
6862
6863
6865
6866
6869
6870
6871
6872
6875
6876
6877
6879
6880
6882
6884
6885
6886
6887
6890
6891
6893
6894
6895
6897
6898
6900
6901
6903
6904
6906
6908
6909
6911
6912
6913
6915
6916
6917
6920
6921
6922
6924
6926
6927
6928
6929
6932
6933
6934
6935
6937
6938
6940
6942
6943
6944
6946
6948
6949
6951
6952
6953
6956
6957
6959
6960
6961
6963
6964
6965
6968
6969
6970
6971
6974
6975
6976
6977
6979
6981
6982
6983
6985
6987
6988
6989
6992
6993
6994
6995
6998
6999
7000
7001
7003
7005
7006
7007
7010
7011
7013
7014
7015
7017
7018
7019
7021
7023
7024
7025
7028
7029
7031
7032
7034
7035
7036
7037
7040
7041
7042
7043
7045
7047
7048
7049
7051
7053
7054
7055
7058
7059
7060
7061
7063
7065
7066
7068
7069
7071
7072
7073
7076
7077
7078
7079
7081
7083
7084
7085
7087
7089
7090
7092
7094
7095
7096
7097
7099
7101
7102
7104
7105
7107
7108
7109
7112
7113
7114
7115
7118
7119
7121
7122
7124
7125
7126
7128
7129
7131
7132
7133
7135
7136
7139
7140
7141
7142
7145
7146
7147
7149
7150
7151
7154
7155
7156
7157
7160
7161
7162
7163
7165
7167
7168
7169
7172
7173
7174
7175
7178
7179
7180
7181
7183
7185
7186
7187
7190
7191
7193
7194
7195
7197
7198
7199
7201
7203
7204
7205
7207
7208
7211
7212
7213
7215
7216
7218
7219
7221
7222
7223
7226
7227
7228
7229
7232
7233
7234
7235
7238
7239
7240
7241
7243
7245
7246
7247
7249
7251
7252
7253
7256
7257
7258
7259
7262
7263
7264
7265
7267
7269
7271
7272
7274
7275
7276
7277
7279
7281
7282
7284
7285
7286
7288
7290
7292
7293
7294
7295
7297
7299
7300
7302
7304
7305
7306
7307
7310
7311
7312
7313
7315
7317
7318
7319
7321
7322
7325
7326
7327
7329
7330
7331
7333
7335
7337
7338
7339
7341
7342
7343
7346
7347
7348
7349
7351
7352
7354
7356
7357
7358
7360
7362
7364
7365
7366
7367
7369
7371
7372
7373
7375
7377
7378
7379
7382
7383
7384
7385
7387
7389
7390
7391
7393
7395
7396
7397
7400
7401
7402
7403
7405
7407
7408
7410
7411
7413
7414
7415
7418
7419
7420
7421
7423
7425
7426
7427
7429
7431
7432
7433
7436
7437
7438
7439
7441
7443
7444
7445
7447
7449
7450
7451
7454
7455
7456
7457
7459
7461
7463
7464
7466
7467
7469
7470
7471
7473
7474
7475
7478
7479
7481
7482
7484
7485
7487
7488
7489
7491
7492
7493
7496
7497
7498
7499
7501
7502
7505
7506
7507
7509
7510
7511
7514
7515
7516
7517
7520
7521
7522
7523
7525
7527
7528
7529
7531
7532
7534
7536
7538
7539
7540
7541
7543
7545
7546
7547
7549
7551
7552
7553
7556
7557
7559
7560
7561
7563
7564
7565
7567
7569
7570
7571
7573
7575
7576
7577
7580
7581
7582
7583
7585
7587
7588
7589
7591
7593
7594
7596
7598
7599
7600
7601
7603
7605
7606
7607
7609
7610
7613
7614
7616
7617
7618
7619
7621
7623
7624
7625
7627
7629
7630
7631
7633
7635
7636
7637
7640
7641
7643
7644
7645
7647
7648
7650
7652
7653
7654
7655
7658
7659
7660
7661
7664
7665
7666
7667
7669
7671
7672
7673
7676
7677
7679
7680
7682
7683
7684
7685
7687
7689
7690
7691
7693
7695
7696
7697
7700
7701
7702
7703
7705
7707
7708
7709
7712
7713
7714
7715
7718
7719
7721
7722
7723
7725
7726
7727
7729
7731
7732
7733
7736
7737
7739
7740
7741
7743
7744
7745
7748
7749
7750
7751
7753
7755
7756
7757
7760
7761
7762
7763
7766
7767
7768
7769
7771
7773
7774
7775
7778
7779
7780
7781
7784
7785
7786
7787
7789
7791
7792
7794
7796
7797
7798
7799
7801
7803
7804
7805
7807
7809
7810
7811
7814
7815
7816
7817
7819
7821
7822
7823
7826
7827
7828
7829
7831
7833
7834
7835
7837
7839
7841
7842
7844
7845
7846
7847
7849
7851
7852
7853
7855
7856
7859
7860
7862
7863
7865
7866
7868
7869
7870
7871
7873
7875
7876
7877
7880
7881
7882
7883
7885
7887
7888
7890
7892
7893
7894
7895
7897
7898
7901
7902
7904
7905
7906
7907
7909
7911
7912
7914
7915
7916
7919
7920
7921
7923
7924
7925
7928
7929
7930
7932
7933
7934
7936
7938
7939
7941
7942
7943
7946
7947
7948
7949
7951
7953
7954
7956
7958
7959
7960
7961
7963
7965
7966
7967
7970
7971
7972
7973
7976
7977
7978
7979
7981
7982
7984
7986
7987
7989
7990
7991
7994
7995
7996
7997
8000
8001
8002
8003
8005
8007
8008
8010
8012
8013
8014
8015
8017
8018
8021
8022
8023
8025
8026
8027
8030
8031
8032
8033
8035
8037
8038
8040
8042
8043
8045
8046
8048
8049
8050
8051
8053
8055
8056
8057
8060
8061
8062
8063
8065
8067
8068
8069
8072
8073
8074
8075
8078
8079
8080
8081
8083
8085
8086
8087
8090
8091
8092
8093
8095
8096
8099
8100
8101
8103
8104
8105
8107
8109
8110
8112
8114
8115
8116
8117
8119
8121
8122
8123
8126
8127
8128
8129
8132
8133
8134
8135
8137
8139
8140
8141
8143
8145
8146
8148
8149
8151
8152
8154
8156
8157
8158
8159
8162
8163
8165
8166
8167
8169
8170
8171
8174
8175
8176
8177
8180
8181
8182
8183
8185
8187
8188
8190
8192
8193
8194
8195
8197
8198
8200
8202
8203
8205
8206
8207
8210
8211
8212
8213
8215
8217
8218
8220
8222
8223
8224
8225
8227
8229
8230
8231
8233
8235
8236
8237
8239
8241
8242
8243
8246
8247
8248
8249
8252
8253
8255
8256
8257
8259
8260
8261
8263
8265
8266
8267
8270
8271
8273
8274
8275
8277
8278
8279
8281
8283
8284
8285
8288
8289
8290
8291
8293
8295
8296
8297
8300
8301
8302
8303
8305
8307
8308
8309
8312
8313
8314
8315
8317
8319
8320
8322
8324
8325
8326
8327
8330
8331
8333
8334
8335
8337
8338
8339
8341
8343
8344
8346
8348
8349
8350
8351
8354
8355
8356
8357
8359
8361
8362
8364
8365
8367
8368
8369
8371
8373
8374
8376
8378
8379
8380
8381
8384
8385
8387
8388
8389
8391
8392
8393
8396
8397
8398
8399
8402
8403
8404
8405
8407
8409
8410
8411
8414
8415
8416
8417
8419
8420
8423
8424
8425
8427
8428
8429
8432
8433
8434
8435
8437
8439
8440
8442
8444
8445
8446
8447
8450
8451
8452
8453
8455
8457
8459
8460
8462
8463
8464
8465
8467
8469
8470
8472
8473
8475
8476
8477
8480
8481
8482
8483
8485
8486
8488
8490
8491
8492
8495
8496
8498
8499
8500
8501
8503
8505
8506
8507
8510
8511
8512
8513
8516
8517
8518
8519
8521
8523
8524
8526
8527
8529
8530
8532
8533
8535
8536
8537
8540
8541
8542
8543
8545
8546
8548
8550
8551
8553
8554
8555
8558
8559
8560
8561
8563
8565
8566
8567
8569
8571
8572
8574
8576
8577
8578
8579
8582
8583
8584
8585
8587
8589
8590
8592
8594
8595
8596
8597
8600
8601
8602
8603
8605
8607
8608
8609
8611
8612
8615
8616
8618
8619
8620
8621
8623
8625
8626
8627
8630
8631
8632
8633
8635
8637
8638
8639
8642
8643
8644
8645
8647
8649
8650
8652
8653
8655
8656
8657
8660
8661
8662
8663
8665
8666
8668
8670
8671
8673
8674
8675
8677
8679
8680
8681
8684
8685
8686
8687
8689
8691
8692
8694
8696
8697
8698
8699
8702
8703
8705
8706
8708
8709
8710
8711
8713
8715
8716
8717
8719
8721
8722
8724
8726
8727
8729
8730
8731
8733
8734
8735
8738
8739
8741
8742
8743
8745
8746
8747
8750
8751
8752
8753
8756
8757
8758
8760
8761
8763
8764
8765
8768
8769
8770
8771
8774
8775
8776
8777
8779
8780
8783
8784
8785
8787
8788
8789
8792
8793
8794
8795
8798
8799
8800
8801
8804
8805
8806
8807
8809
8811
8812
8813
8815
8816
8819
8820
8822
8823
8824
8825
8827
8829
8830
8832
8833
8835
8836
8837
8840
8841
8843
8844
8845
8847
8848
8849
8851
8853
8854
8856
8858
8859
8861
8862
8863
8865
8866
8868
8870
8871
8872
8873
8876
8877
8878
8879
8881
8883
8884
8885
8888
8889
8890
8891
8893
8895
8896
8897
8899
8900
8902
8904
8906
8907
8908
8909
8911
8913
8914
8915
8917
8918
8920
8922
8923
8925
8926
8927
8930
8931
8932
8933
8935
8937
8938
8939
8941
8943
8944
8945
8947
8949
8950
8951
8953
8954
8957
8958
8959
8961
8962
8963
8965
8967
8968
8969
8972
8973
8975
8976
8977
8979
8980
8981
8983
8985
8986
8987
8990
8991
8992
8993
8995
8997
8998
8999
9001
9003
9004
9005
9007
9008
9011
9012
9014
9015
9016
9017
9020
9021
9022
9024
9025
9027
9028
9029
9031
9032
9035
9036
9038
9039
9040
9041
9043
9045
9046
9047
9050
9051
9052
9053
9055
9057
9058
9059
9061
9063
9064
9065
9068
9069
9070
9071
9074
9075
9076
9077
9079
9081
9082
9083
9086
9087
9089
9090
9092
9093
9095
9096
9097
9099
9100
9101
9103
9105
9106
9108
9109
9111
9112
9113
9116
9117
9118
9119
9122
9123
9124
9125
9127
9129
9130
9131
9134
9135
9136
9137
9139
9141
9142
9144
9145
9147
9148
9149
9152
9153
9155
9156
9158
9159
9161
9162
9163
9165
9166
9167
9169
9171
9172
9173
9176
9177
9178
9179
9181
9183
9184
9185
9188
9189
9190
9191
9194
9195
9196
9197
9199
9201
9202
9203
9205
9207
9209
9210
9212
9213
9214
9215
9217
9219
9220
9221
9223
9225
9226
9227
9229
9231
9232
9233
9235
9237
9238
9239
9242
9243
9244
9245
9247
9249
9250
9251
9253
9255
9256
9258
9260
9261
9262
9263
9266
9267
9268
9269
9272
9273
9274
9275
9277
9279
9280
9281
9284
9285
9287
9288
9290
9291
9292
9293
9295
9297
9298
9300
9301
9302
9304
9306
9308
9309
9311
9312
9313
9314
9316
9318
9319
9321
9322
9323
9326
9327
9328
9329
9332
9333
9334
9335
9337
9339
9340
9341
9344
9345
9346
9347
9350
9351
9352
9353
9355
9357
9358
9359
9362
9363
9364
9365
9367
9369
9370
9371
9374
9375
9376
9378
9379
9381
9382
9383
9385
9386
9389
9390
9391
9393
9394
9396
9397
9399
9400
9401
9403
9404
9407
9408
9409
9411
9412
9413
9416
9417
9418
9419
9421
9423
9424
9425
9427
9429
9430
9432
9434
9435
9436
9437
9439
9441
9442
9444
9445
9447
9448
9449
9452
9453
9454
9455
9458
9459
9460
9461
9464
9465
9466
9467
9469
9471
9472
9473
9476
9477
9479
9480
9481
9482
9484
9486
9487
9489
9490
9491
9494
9495
9496
9497
9500
9501
9502
9503
9505
9507
9508
9509
9512
9513
9514
9515
9517
9519
9520
9522
9523
9525
9526
9527
9529
9530
9533
9534
9535
9537
9538
9539
9541
9543
9544
9545
9547
9548
9551
9552
9554
9555
9556
9557
9560
9561
9562
9563
9565
9567
9568
9569
9572
9573
9574
9575
9577
9579
9580
9581
9583
9585
9586
9588
9589
9591
9592
9593
9596
9597
9598
9599
9602
9603
9604
9605
9608
9609
9610
9611
9613
9615
9616
9617
9619
9620
9622
9624
9626
9627
9628
9629
9631
9633
9634
9636
9638
9639
9640
9641
9643
9645
9646
9648
9649
9651
9652
9653
9656
9657
9659
9660
9661
9662
9665
9666
9668
9669
9670
9671
9673
9675
9676
9677
9679
9681
9682
9684
9685
9687
9688
9689
9692
9693
9695
9696
9697
9698
9701
9702
9703
9705
9707
9708
9709
9711
9712
9713
9716
9717
9719
9720
9721
9722
9724
9726
9727
9728
9730
9731
9733
9734
9736
9737
9739
9740
9742
9743
9745
9747
9748
9750
9751
9753
9755
9756
9757
9758
9760
9762
9763
9765
9767
9768
9769
9771
9772
9773
9776
9777
9778
9779
9782
9783
9784
9785
9787
9789
9790
9792
9793
9794
9797
9798
9799
9801
9802
9804
9806
9807
9808
9809
9811
9812
9814
9816
9817
9818
9820
9821
9823
9825
9827
9828
9829
9831
9832
9834
9836
9837
9839
9840
9841
9843
9844
9845
9848
9849
9850
9852
9854
9855
9856
9857
9859
9861
9863
9864
9866
9867
9869
9870
9871
9873
9875
9876
9877
9878
9880
9882
9884
9885
9886
9887
9889
9891
9892
9893
9896
9897
9898
9900
9901
9903
9904
9905
9907
9909
9910
9911
9914
9915
9917
9918
9919
9921
9922
9923
9925
9927
9929
9930
9931
9933
9934
9936
9938
9939
9940
9942
9944
9945
9946
9947
9949
9950
9952
9953
9956
9957
9959
9960
9962
9963
9964
9966
9967
9968
9970
9971
9974
9975
9977
9978
9979
9980
9983
9984
9985
9987
9988
9990
9991
9992
9994
9995
9997
9999
10000
10002
10004
10005
10006
10008
10009
10010
10012
10013
10015
10017
10019
10020
10021
10023
10024
10026
10027
10028
10031
10032
10033
10034
10037
10038
10039
10040
10042
10043
10045
10046
10048
10049
10052
10053
10055
10056
10057
10058
10060
10061
10064
10065
10066
10068
10069
10071
10076
10080
10084
10091
10095
10097
10114
10118
10127
10151
10152
10158
10164
10165
10170
10176
10179
10183
10198
10200
10202
10206
10213
10221
10230
10233
10240
10241
10248
10252
10261
10268
10275
10279
10302
10305
10321
10322
10327
10328
10329
10336
10340
10355
10357
10358
10373
10381
10384
10387
10388
10390
10401
10403
10410
10412
10425
10427
10436
10439
10441
10467
10471
10476
10485
10492
10497
10500
10509
10510
10513
10516
10522
10530
10531
10533
10536
10554
10557
10570
10623
10627
10639
10648
10653
10666
10669
10687
10695
10696
10698
10743
10797
10800
10801
10809
10821
10822
10831
10833
10834
10837
10848
10867
10869
10873
10875
10878
10879
10890
10891
10923
10924
10935
10947
10948
10954
10956
10959
10960
10984
10989
11002
11020
11023
11032
11043
11050
11053
11056
11064
11070
11083
11091
11100
11131
11137
11148
11149
11158
11169
11178
11187
11197
11203
11209
11211
11217
11220
11226
11229
11235
11239
11248
11268
11283
11284
11286
11298
11301
11313
11314
11322
11325
11337
11341
11344
11347
11349
