s vc 4025 2615
2
4
6
10
11
15
18
19
20
21
22
24
25
28
30
32
36
38
43
50
51
54
55
56
58
60
62
65
66
71
72
74
76
77
78
81
83
84
85
86
91
94
97
98
99
106
107
109
110
113
116
118
120
121
122
124
125
127
128
135
136
137
138
139
144
145
146
148
153
156
157
158
159
160
161
162
164
167
171
172
177
179
180
182
185
186
187
189
192
193
195
196
197
198
201
202
203
204
205
206
207
209
210
212
213
215
217
218
219
221
222
224
225
227
228
230
232
233
234
236
238
240
241
243
244
246
247
249
250
251
252
254
256
258
259
261
262
263
264
266
268
269
271
273
274
275
276
278
279
281
282
285
286
288
289
290
292
294
295
296
297
300
301
303
304
306
307
308
310
311
312
315
316
318
319
321
322
323
324
326
327
329
330
332
333
336
337
339
340
341
342
345
346
347
349
350
352
353
354
356
357
359
360
362
363
366
367
368
370
371
372
374
376
377
378
380
382
383
385
386
387
389
391
392
393
395
396
398
400
401
402
404
405
407
408
410
412
413
414
416
417
419
421
422
424
426
427
429
430
432
433
434
435
438
439
440
441
443
444
447
448
449
451
452
454
456
457
458
460
461
462
464
465
467
468
470
471
473
475
476
477
479
481
482
483
486
487
488
489
492
493
495
496
497
499
501
502
504
505
506
507
509
511
512
514
515
517
519
520
521
523
524
526
527
529
530
532
533
535
536
538
539
540
542
543
546
547
549
550
551
553
555
556
558
559
560
561
563
565
567
568
569
571
572
574
576
577
578
579
581
583
584
585
588
589
591
592
593
595
596
598
599
600
602
603
605
606
609
610
611
613
614
615
618
619
620
622
623
625
627
628
630
631
632
634
635
636
639
640
641
643
644
646
647
649
651
652
653
654
656
657
660
661
663
664
666
667
668
669
672
673
674
676
677
678
680
682
683
685
686
687
690
691
692
694
695
697
699
700
701
703
704
705
707
708
710
711
713
715
716
718
719
720
723
724
725
726
728
729
731
733
734
736
737
739
741
742
743
744
746
747
749
750
752
754
755
757
758
760
761
763
764
765
767
769
770
772
774
775
777
778
780
781
782
783
785
786
788
789
792
793
794
795
798
799
801
802
803
804
806
807
809
810
812
814
815
816
819
820
822
823
825
826
827
828
830
831
833
835
836
837
840
841
842
843
845
847
849
850
851
852
854
856
858
859
860
862
863
864
866
867
869
870
872
874
875
876
878
880
882
883
884
886
887
888
891
892
894
895
896
897
899
900
902
903
905
907
909
910
912
913
914
915
917
919
920
922
924
925
926
927
929
930
932
933
935
936
938
940
941
943
944
946
948
949
951
952
953
954
956
958
959
961
963
964
965
967
968
970
972
973
974
976
978
979
981
982
984
985
986
987
989
991
992
994
995
997
998
999
1001
1002
1004
1005
1007
1009
1011
1012
1014
1015
1017
1018
1020
1021
1022
1023
1025
1027
1028
1029
1031
1032
1034
1035
1037
1038
1041
1042
1044
1045
1047
1048
1049
1050
1052
1053
1056
1057
1058
1060
1061
1062
1064
1065
1068
1069
1071
1072
1073
1074
1076
1077
1079
1081
1082
1084
1085
1087
1088
1090
1091
1093
1094
1095
1097
1099
1101
1102
1104
1105
1106
1108
1109
1110
1112
1114
1115
1117
1118
1120
1121
1122
1125
1126
1128
1129
1130
1131
1133
1135
1137
1138
1139
1141
1143
1144
1146
1147
1148
1149
1151
1153
1154
1156
1158
1159
1160
1162
1164
1165
1166
1168
1170
1171
1173
1174
1175
1176
1178
1180
1181
1183
1184
1186
1187
1189
1191
1192
1194
1195
1197
1198
1199
1200
1202
1204
1205
1207
1209
1210
1212
1213
1214
1215
1218
1219
1220
1222
1223
1225
1227
1228
1229
1230
1233
1234
1236
1237
1238
1240
1241
1243
1244
1245
1247
1249
1250
1252
1253
1254
1256
1258
1259
1260
1263
1264
1265
1266
1268
1269
1271
1273
1275
1276
1277
1278
1280
1281
1283
1285
1286
1288
1290
1291
1293
1294
1296
1297
1298
1299
1301
1302
1304
1305
1307
1308
1310
1311
1313
1314
1316
1318
1319
1321
1322
1323
1325
1326
1329
1330
1332
1333
1334
1335
1338
1339
1340
1342
1343
1344
1347
1348
1349
1350
1352
1354
1355
1357
1358
1359
1361
1363
1364
1365
1367
1368
1371
1372
1373
1375
1376
1378
1379
1380
1382
1384
1386
1387
1389
1390
1391
1392
1394
1396
1397
1399
1400
1402
1403
1405
1406
1407
1409
1411
1412
1414
1415
1416
1418
1420
1422
1423
1424
1425
1427
1428
1431
1432
1433
1434
1437
1438
1439
1440
1443
1444
1445
1447
1448
1449
1451
1452
1455
1456
1457
1458
1461
1462
1463
1465
1466
1467
1469
1470
1473
1474
1475
1477
1478
1479
1481
1482
1485
1486
1488
1489
1490
1492
1493
1495
1497
1498
1500
1501
1502
1504
1505
1507
1508
1509
1512
1513
1514
1516
1517
1518
1520
1522
1524
1525
1526
1527
1529
1531
1532
1534
1535
1537
1538
1539
1541
1543
1544
1546
1547
1549
1551
1552
1554
1555
1556
1557
1560
1561
1563
1564
1566
1567
1569
1570
1571
1573
1575
1576
1577
1579
1580
1581
1584
1585
1587
1588
1589
1591
1593
1594
1595
1597
1598
1599
1602
1603
1604
1606
1608
1609
1610
1612
1613
1615
1617
1618
1619
1620
1623
1624
1625
1627
1628
1630
1631
1632
1635
1636
1637
1639
1641
1642
1644
1645
1646
1648
1649
1651
1653
1654
1655
1656
1658
1659
1661
1663
1664
1666
1668
1669
1671
1672
1673
1675
1676
1677
1679
1680
1683
1684
1685
1686
1688
1689
1692
1693
1694
1695
1698
1699
1701
1702
1704
1705
1707
1708
1710
1711
1712
1714
1715
1717
1719
1720
1721
1722
1724
1726
1727
1728
1730
1731
1733
1734
1736
1737
1740
1741
1743
1744
1746
1747
1749
1750
1751
1753
1754
1756
1758
1759
1760
1762
1763
1764
1766
1768
1769
1770
1772
1774
1776
1777
1778
1780
1781
1783
1784
1786
1787
1789
1790
1791
1793
1795
1796
1797
1800
1801
1802
1803
1805
1806
1808
1809
1812
1813
1814
1815
1818
1819
1821
1822
1823
1824
1827
1828
1829
1830
1832
1834
1835
1836
1838
1840
1841
1843
1845
1846
1847
1848
1850
1852
1853
1855
1856
1858
1859
1861
1862
1863
1866
1867
1868
1870
1871
1872
1875
1876
1877
1879
1881
1882
1884
1885
1886
1887
1889
1891
1892
1893
1896
1897
1898
1900
1901
1903
1905
1906
1907
1908
1911
1912
1913
1914
1917
1918
1919
1920
1923
1924
1925
1926
1929
1930
1932
1933
1935
1936
1937
1939
1941
1942
1943
1944
1946
1947
1949
1950
1952
1953
1956
1957
1958
1960
1961
1962
1965
1966
1968
1969
1970
1971
1973
1975
1976
1978
1979
1980
1983
1984
1985
1986
1988
1990
1992
1993
1994
1996
1997
1998
2000
2002
2003
2004
2007
2008
2010
2011
2013
2014
2016
2017
2018
2020
2021
2023
2024
2026
2027
2029
2030
2032
2034
2035
2036
2037
2039
2041
2042
2044
2045
2047
2049
2050
2051
2053
2054
2056
2057
2058
2061
2062
2064
2065
2067
2068
2069
2070
2073
2074
2075
2076
2078
2079
2081
2082
2084
2085
2088
2089
2090
2092
2093
2094
2097
2098
2099
2101
2102
2104
2105
2106
2109
2110
2111
2112
2114
2115
2118
2119
2121
2122
2123
2125
2126
2127
2129
2131
2132
2133
2135
2136
2138
2139
2141
2142
2145
2146
2147
2149
2150
2152
2153
2155
2156
2158
2159
2161
2162
2164
2165
2166
2168
2169
2171
2172
2174
2175
2178
2179
2180
2181
2184
2185
2186
2187
2189
2190
2193
2194
2196
2197
2198
2199
2202
2203
2204
2205
2207
2208
2210
2212
2214
2215
2217
2218
2219
2220
2222
2224
2226
2227
2228
2230
2231
2233
2235
2236
2237
2239
2241
2242
2243
2245
2247
2248
2249
2251
2253
2254
2255
2257
2259
2260
2262
2263
2264
2266
2268
2269
2270
2272
2273
2275
2276
2277
2280
2281
2283
2284
2285
2287
2289
2290
2292
2293
2295
2296
2297
2298
2300
2301
2303
2304
2306
2307
2309
2310
2312
2314
2316
2317
2318
2320
2321
2322
2325
2326
2328
2329
2331
2332
2333
2335
2336
2337
2340
2341
2342
2343
2345
2347
2349
2350
2351
2352
2355
2356
2358
2359
2360
2361
2364
2365
2366
2367
2370
2371
2373
2374
2375
2377
2378
2380
2381
2382
2385
2386
2388
2389
2390
2392
2394
2395
2396
2398
2399
2401
2403
2404
2405
2406
2408
2410
2412
2413
2414
2416
2417
2418
2420
2422
2423
2424
2426
2427
2430
2431
2433
2434
2435
2436
2438
2439
2441
2442
2444
2446
2447
2449
2450
2451
2454
2455
2457
2458
2459
2460
2462
2464
2465
2466
2468
2469
2471
2472
2475
2476
2477
2478
2480
2481
2483
2485
2487
2488
2490
2491
2492
2493
2495
2496
2499
2500
2501
2503
2505
2506
2508
2509
2510
2512
2513
2514
2517
2518
2520
2521
2523
2524
2525
2526
2529
2530
2531
2533
2534
2536
2537
2539
2541
2542
2544
2545
2546
2547
2549
2550
2552
2553
2555
2557
2558
2559
2561
2563
2564
2565
2568
2569
2571
2572
2573
2574
2577
2578
2580
2581
2582
2584
2586
2587
2589
2590
2591
2593
2594
2595
2598
2599
2601
2602
2604
2605
2606
2608
2610
2611
2613
2614
2616
2617
2619
2620
2622
2623
2624
2625
2627
2629
2630
2631
2634
2635
2636
2637
2639
2640
2642
2644
2645
2647
2648
2650
2651
2653
2655
2656
2657
2658
2661
2662
2663
2664
2666
2668
2669
2670
2673
2674
2676
2677
2678
2679
2681
2683
2684
2686
2687
2689
2691
2692
2693
2695
2697
2698
2699
2701
2702
2703
2705
2706
2709
2710
2711
2712
2714
2716
2717
2719
2721
2722
2723
2725
2727
2728
2729
2731
2732
2733
2735
2736
2738
2740
2741
2742
2745
2746
2747
2749
2750
2752
2754
2755
2756
2757
2759
2760
2763
2764
2765
2767
2768
2769
2772
2773
2774
2776
2777
2778
2780
2781
2783
2784
2787
2788
2789
2790
2793
2794
2795
2797
2798
2799
2801
2802
2805
2806
2808
2809
2810
2811
2813
2814
2816
2817
2820
2821
2822
2824
2825
2826
2828
2829
2831
2833
2835
2836
2837
2839
2841
2842
2844
2845
2846
2848
2850
2851
2852
2853
2855
2856
2859
2860
2862
2863
2865
2866
2868
2869
2870
2872
2873
2874
2876
2877
2879
2880
2882
2884
2885
2886
2888
2890
2891
2892
2895
2896
2897
2898
2900
2901
2903
2905
2906
2907
2909
2911
2913
2914
2915
2916
2918
2920
2921
2922
2924
2926
2928
2929
2930
2931
2933
2935
2937
2938
2940
2941
2943
2944
2946
2947
2948
2950
2952
2953
2954
2955
2957
2958
2960
2961
2963
2965
2966
2968
2970
2971
2973
2974
2975
2977
2978
2979
2981
2982
2984
2986
2987
2989
2990
2991
2993
2994
2996
2998
2999
3001
3003
3004
3005
3006
3009
3010
3011
3013
3014
3016
3018
3019
3020
3021
3023
3024
3026
3027
3030
3031
3032
3033
3035
3037
3038
3040
3042
3043
3044
3045
3048
3049
3051
3052
3053
3055
3057
3058
3059
3060
3062
3064
3065
3066
3068
3069
3071
3073
3075
3076
3078
3079
3080
3081
3084
3085
3086
3087
3090
3091
3093
3094
3096
3097
3098
3100
3101
3103
3104
3106
3107
3108
3110
3112
3114
3115
3116
3117
3119
3120
3123
3124
3125
3126
3129
3130
3132
3133
3135
3136
3137
3138
3140
3141
3143
3145
3146
3148
3150
3151
3153
3154
3155
3156
3158
3159
3161
3163
3165
3166
3167
3169
3171
3172
3174
3175
3176
3178
3179
3180
3182
3184
3185
3186
3188
3189
3191
3193
3195
3196
3197
3199
3201
3202
3204
3205
3207
3208
3210
3211
3212
3213
3215
3217
3218
3220
3221
3223
3224
3226
3227
3229
3230
3232
3233
3234
3237
3238
3239
3240
3243
3244
3246
3247
3248
3249
3251
3252
3254
3256
3258
3259
3261
3262
3263
3264
3267
3268
3269
3270
3272
3273
3275
3277
3278
3280
3281
3283
3285
3286
3287
3289
3291
3292
3294
3295
3296
3298
3299
3300
3302
3304
3306
3307
3309
3310
3311
3313
3315
3316
3317
3319
3320
3321
3323
3325
3326
3327
3329
3330
3333
3334
3335
3336
3339
3340
3341
3342
3344
3345
3347
3349
3350
3351
3353
3354
3357
3358
3359
3361
3362
3364
3365
3366
3368
3370
3372
3373
3375
3376
3377
3378
3381
3382
3383
3384
3386
3388
3390
3391
3392
3393
3395
3396
3398
3399
3402
3403
3404
3406
3407
3409
3411
3412
3414
3415
3416
3418
3420
3421
3422
3424
3425
3427
3428
3430
3431
3433
3434
3435
3438
3439
3440
3441
3444
3445
3447
3448
3449
3450
3452
3453
3456
3457
3458
3459
3461
3462
3464
3465
3468
3469
3470
3472
3474
3475
3476
3477
3479
3480
3483
3484
3485
3486
3488
3489
3491
3493
3495
3496
3497
3498
3501
3502
3504
3505
3506
3508
3509
3511
3512
3514
3516
3517
3518
3519
3522
3523
3525
3526
3528
3529
3531
3532
3534
3535
3536
3537
3539
3540
3543
3544
3546
3547
3548
3549
3551
3552
3555
3556
3557
3559
3560
3562
3563
3565
3567
3568
3569
3571
3572
3574
3575
3577
3579
3580
3581
3582
3585
3586
3587
3589
3590
3591
3594
3595
3597
3598
3600
3601
3602
3604
3605
3607
3608
3610
3612
3613
3615
3616
3618
3619
3620
3622
3623
3625
3627
3628
3630
3631
3633
3634
3636
3637
3639
3640
3642
3643
3644
3646
3647
3649
3651
3652
3654
3655
3657
3658
3660
3661
3663
3664
3665
3667
3668
3669
3671
3672
3674
3675
3678
3679
3680
3681
3683
3685
3687
3688
3689
3690
3693
3694
3696
3697
3698
3699
3701
3702
3705
3706
3707
3709
3710
3711
3713
3714
3717
3718
3719
3720
3723
3724
3725
3727
3729
3730
3731
3733
3734
3736
3737
3738
3740
3742
3743
3745
3746
3748
3749
3751
3752
3753
3756
3757
3758
3760
3761
3763
3765
3766
3767
3768
3771
3772
3773
3775
3776
3777
3779
3780
3782
3784
3785
3787
3788
3790
3791
3793
3794
3796
3797
3798
3800
3802
3803
3805
3807
3808
3809
3811
3812
3813
3816
3817
3818
3819
3821
3823
3825
3827
3828
3829
3832
3833
3834
3836
3837
3843
3846
3847
3849
3851
3853
3854
3855
3857
3859
3860
3861
3862
3864
3865
3866
3867
3868
3869
3872
3873
3877
3879
3881
3883
3884
3887
3888
3889
3890
3893
3895
3899
3900
3902
3907
3908
3909
3910
3912
3913
3915
3916
3920
3921
3922
3923
3924
3925
3928
3931
3932
3934
3935
3937
3939
3943
3946
3949
3950
3951
3952
3953
3954
3960
3961
3962
3963
3967
3969
3970
3971
3972
3974
3975
3983
3985
3986
3988
3989
3990
3993
3994
3995
3996
3998
4001
4003
4004
4008
4010
4011
4014
4019
4020
