s vc 7537 3345
2
3
4
5
6
7
8
9
10
11
12
13
14
15
16
17
18
19
20
21
22
23
24
25
26
27
28
29
30
31
32
33
34
35
36
37
38
39
40
41
42
43
44
45
46
47
48
49
50
52
54
55
56
57
58
59
60
61
62
63
64
65
66
67
68
69
70
71
72
73
74
75
76
77
78
80
81
82
83
84
85
86
87
88
89
90
92
93
95
96
102
103
104
106
108
112
113
114
117
123
125
130
132
134
135
136
137
138
140
141
142
143
144
145
146
147
149
150
151
152
154
155
156
157
158
159
160
161
162
164
165
170
172
180
184
189
190
194
201
202
203
205
207
208
209
210
211
213
214
217
218
219
220
221
222
224
225
226
227
228
229
230
231
232
234
235
236
237
238
239
240
241
242
243
244
245
246
249
251
252
253
254
255
256
258
259
262
266
267
276
278
282
291
296
298
301
303
309
310
312
313
314
315
318
322
324
329
334
340
346
350
351
352
355
360
361
362
372
373
374
379
388
391
393
394
403
404
407
412
416
422
423
429
430
432
438
439
450
453
454
455
456
458
459
460
462
469
472
476
480
485
491
498
502
508
520
523
527
536
539
544
547
553
559
567
570
576
588
591
595
606
609
613
619
622
623
629
636
642
646
649
661
663
665
668
670
673
674
675
677
678
680
681
682
684
685
687
688
689
690
691
692
693
694
695
696
697
698
699
700
701
702
703
705
706
710
711
712
715
716
722
725
727
730
731
732
733
734
736
737
739
740
741
744
745
746
747
748
752
753
760
763
766
768
771
773
780
792
795
799
803
807
812
817
822
826
832
844
849
861
864
868
873
877
883
887
892
895
902
913
917
925
929
932
933
936
939
941
947
950
957
968
974
985
988
992
996
1003
1005
1007
1010
1012
1017
1029
1036
1042
1044
1051
1052
1057
1059
1061
1067
1073
1080
1083
1089
1094
1102
1105
1110
1115
1116
1120
1124
1130
1135
1143
1146
1150
1163
1166
1170
1174
1176
1180
1186
1189
1190
1191
1192
1193
1194
1195
1196
1200
1205
1212
1222
1225
1229
1232
1235
1239
1240
1241
1242
1244
1246
1249
1250
1251
1252
1253
1254
1255
1256
1257
1258
1259
1260
1261
1262
1263
1264
1265
1266
1267
1268
1269
1273
1275
1277
1278
1279
1280
1281
1282
1285
1286
1290
1291
1292
1293
1294
1295
1297
1299
1300
1302
1307
1312
1315
1321
1328
1334
1337
1342
1354
1366
1367
1373
1376
1380
1383
1389
1402
1404
1409
1415
1427
1431
1435
1438
1441
1445
1448
1452
1458
1461
1467
1476
1479
1487
1498
1501
1505
1508
1517
1524
1527
1536
1546
1547
1550
1554
1560
1572
1575
1579
1585
1590
1599
1600
1607
1608
1618
1623
1626
1631
1636
1640
1646
1653
1661
1662
1675
1678
1682
1693
1696
1700
1706
1709
1715
1722
1728
1734
1746
1749
1753
1758
1761
1764
1768
1773
1780
1791
1794
1798
1801
1802
1803
1804
1805
1806
1811
1812
1822
1824
1829
1833
1843
1845
1846
1849
1851
1852
1853
1861
1862
1863
1865
1866
1867
1868
1869
1871
1872
1873
1876
1877
1878
1879
1881
1882
1883
1885
1886
1888
1889
1890
1891
1894
1895
1897
1898
1900
1902
1903
1904
1905
1906
1907
1909
1910
1912
1914
1915
1916
1917
1918
1919
1922
1923
1924
1925
1927
1928
1929
1932
1934
1935
1937
1938
1939
1941
1942
1943
1944
1945
1948
1949
1950
1952
1954
1955
1956
1957
1958
1959
1960
1961
1962
1963
1964
1965
1968
1969
1970
1971
1972
1973
1974
1975
1976
1977
1983
1985
1986
1993
1995
1997
1999
2000
2001
2002
2003
2004
2005
2006
2008
2009
2010
2011
2012
2015
2017
2018
2019
2022
2023
2024
2026
2028
2030
2032
2033
2036
2037
2040
2041
2045
2046
2048
2049
2051
2054
2056
2057
2058
2061
2062
2066
2067
2070
2072
2073
2074
2076
2079
2081
2082
2084
2086
2087
2088
2090
2091
2092
2097
2098
2099
2102
2103
2104
2105
2106
2109
2110
2111
2112
2113
2115
2117
2118
2120
2121
2122
2125
2126
2128
2130
2131
2133
2134
2137
2139
2140
2141
2142
2143
2144
2147
2148
2149
2151
2152
2153
2154
2156
2158
2159
2160
2163
2164
2165
2166
2167
2168
2170
2171
2172
2173
2174
2176
2177
2181
2184
2185
2186
2187
2195
2198
2199
2200
2202
2212
2215
2219
2224
2227
2234
2237
2238
2239
2241
2242
2244
2245
2246
2249
2251
2252
2254
2255
2256
2257
2259
2260
2261
2262
2263
2264
2267
2268
2269
2270
2273
2274
2275
2277
2278
2279
2280
2281
2283
2284
2285
2286
2290
2292
2294
2295
2296
2297
2298
2299
2300
2302
2304
2305
2306
2308
2309
2310
2312
2313
2315
2316
2319
2320
2322
2324
2325
2326
2328
2330
2331
2333
2335
2336
2337
2338
2340
2341
2342
2344
2345
2346
2349
2351
2352
2353
2356
2357
2358
2360
2361
2362
2363
2364
2366
2369
2370
2371
2372
2375
2376
2377
2380
2386
2387
2388
2389
2390
2391
2392
2393
2394
2395
2396
2399
2400
2402
2403
2405
2406
2408
2409
2411
2412
2414
2415
2417
2418
2420
2421
2423
2424
2426
2427
2429
2430
2431
2434
2435
2437
2438
2440
2441
2442
2445
2446
2447
2448
2450
2452
2453
2455
2458
2459
2464
2469
2471
2472
2473
2474
2475
2476
2477
2479
2480
2482
2483
2489
2490
2491
2492
2493
2494
2495
2496
2497
2498
2499
2500
2501
2502
2503
2505
2507
2508
2509
2510
2512
2514
2516
2518
2521
2522
2524
2526
2528
2530
2532
2534
2535
2540
2541
2546
2547
2552
2556
2557
2560
2564
2565
2566
2571
2573
2574
2575
2576
2582
2584
2585
2588
2589
2590
2592
2593
2595
2597
2598
2599
2600
2602
2603
2605
2606
2609
2610
2611
2612
2615
2616
2618
2619
2621
2622
2623
2626
2627
2629
2630
2632
2633
2635
2637
2638
2640
2641
2643
2644
2647
2648
2650
2651
2653
2654
2656
2657
2659
2660
2662
2664
2665
2666
2667
2669
2670
2671
2676
2680
2683
2685
2686
2688
2689
2692
2693
2694
2696
2698
2700
2702
2704
2705
2707
2708
2709
2710
2711
2712
2713
2715
2716
2718
2719
2721
2722
2724
2725
2727
2728
2730
2731
2733
2735
2736
2737
2739
2740
2741
2742
2743
2744
2745
2746
2747
2748
2749
2752
2753
2754
2756
2758
2759
2760
2763
2764
2765
2767
2769
2771
2775
2777
2778
2780
2781
2783
2784
2786
2787
2789
2790
2792
2793
2795
2796
2798
2800
2801
2802
2803
2804
2805
2808
2809
2810
2812
2813
2814
2816
2817
2818
2819
2821
2822
2824
2825
2827
2830
2831
2832
2833
2834
2837
2838
2840
2841
2842
2844
2845
2853
2854
2855
2857
2859
2860
2861
2863
2865
2867
2869
2870
2871
2873
2875
2876
2877
2878
2879
2880
2886
2887
2888
2889
2892
2893
2894
2896
2897
2898
2900
2901
2902
2907
2908
2909
2910
2911
2912
2913
2914
2917
2918
2919
2920
2921
2922
2923
2928
2931
2933
2934
2935
2936
2940
2941
2942
2943
2946
2947
2948
2949
2950
2952
2953
2960
2962
2966
2967
2968
2969
2974
2977
2979
2980
2981
2982
2984
2985
2988
2990
2991
2992
2993
2994
2995
2999
3001
3002
3003
3004
3005
3006
3007
3009
3010
3011
3013
3024
3025
3026
3027
3029
3033
3034
3035
3036
3037
3038
3039
3041
3043
3044
3045
3046
3047
3048
3049
3050
3051
3052
3053
3055
3056
3061
3064
3065
3073
3080
3081
3084
3093
3096
3099
3104
3105
3106
3108
3109
3110
3114
3116
3117
3119
3120
3121
3122
3124
3125
3126
3128
3129
3130
3132
3136
3137
3138
3143
3146
3147
3148
3149
3150
3153
3156
3157
3158
3159
3160
3161
3162
3163
3164
3165
3166
3167
3168
3169
3170
3177
3180
3183
3184
3185
3186
3188
3191
3194
3196
3198
3200
3201
3202
3203
3204
3205
3206
3208
3209
3212
3215
3219
3224
3229
3235
3240
3244
3246
3247
3249
3250
3258
3260
3261
3262
3265
3266
3267
3268
3271
3273
3274
3276
3277
3279
3281
3283
3285
3286
3288
3291
3295
3296
3297
3298
3299
3304
3305
3307
3308
3312
3314
3315
3316
3317
3326
3328
3331
3336
3339
3340
3341
3342
3343
3345
3346
3347
3349
3356
3360
3363
3365
3366
3367
3368
3369
3370
3371
3372
3373
3374
3375
3376
3377
3378
3379
3380
3383
3384
3387
3388
3389
3390
3391
3392
3393
3394
3395
3396
3397
3398
3399
3400
3401
3402
3403
3404
3405
3406
3407
3410
3415
3416
3417
3418
3419
3421
3424
3426
3428
3429
3431
3433
3436
3438
3442
3444
3445
3447
3452
3453
3454
3456
3460
3465
3466
3468
3476
3477
3480
3482
3483
3484
3487
3488
3491
3493
3495
3496
3500
3501
3505
3507
3511
3513
3514
3520
3521
3523
3524
3526
3527
3533
3534
3536
3539
3540
3541
3543
3547
3548
3550
3552
3554
3555
3557
3558
3560
3563
3564
3565
3567
3568
3572
3573
3574
3576
3578
3579
3582
3583
3585
3587
3595
3597
3598
3599
3601
3606
3608
3609
3610
3611
3612
3613
3614
3623
3629
3632
3633
3637
3639
3640
3641
3642
3643
3644
3648
3649
3651
3652
3656
3657
3659
3660
3662
3664
3665
3667
3671
3672
3673
3674
3675
3676
3677
3678
3679
3681
3683
3685
3687
3688
3690
3691
3693
3696
3699
3700
3701
3703
3704
3707
3708
3709
3710
3712
3715
3716
3717
3719
3722
3723
3727
3728
3729
3730
3731
3735
3736
3738
3739
3742
3743
3745
3747
3750
3751
3754
3755
3759
3761
3764
3767
3770
3771
3774
3776
3777
3781
3783
3786
3787
3788
3790
3791
3792
3793
3796
3797
3799
3801
3802
3803
3806
3807
3808
3809
3810
3812
3815
3817
3818
3819
3821
3823
3825
3826
3829
3830
3831
3832
3833
3835
3836
3839
3840
3842
3843
3845
3846
3848
3849
3851
3852
3854
3856
3858
3860
3862
3864
3866
3868
3870
3872
3874
3876
3880
3883
3887
3890
3894
3896
3898
3899
3902
3903
3905
3906
3907
3908
3909
3910
3912
3917
3918
3920
3921
3923
3924
3926
3927
3929
3930
3932
3933
3935
3936
3940
3941
3942
3944
3945
3947
3948
3950
3951
3953
3954
3955
3957
3958
3959
3960
3962
3963
3964
3967
3968
3969
3971
3974
3975
3976
3978
3979
3981
3988
3989
3992
3993
3994
3995
3997
3999
4000
4001
4006
4007
4009
4013
4016
4017
4020
4022
4024
4027
4032
4035
4038
4041
4043
4044
4046
4047
4050
4051
4052
4053
4056
4059
4060
4061
4063
4064
4068
4069
4070
4071
4072
4077
4079
4081
4082
4084
4094
4095
4096
4099
4101
4102
4105
4106
4107
4110
4112
4113
4122
4123
4124
4126
4127
4128
4129
4134
4137
4139
4140
4141
4142
4143
4145
4148
4150
4151
4154
4155
4159
4162
4164
4166
4167
4168
4171
4172
4174
4175
4176
4179
4180
4181
4182
4186
4190
4192
4193
4195
4196
4198
4200
4201
4203
4205
4206
4210
4211
4212
4213
4214
4215
4216
4217
4218
4219
4220
4221
4222
4223
4224
4225
4226
4227
4228
4230
4231
4232
4233
4234
4236
4237
4240
4243
4244
4245
4246
4256
4258
4259
4261
4264
4265
4267
4270
4272
4274
4275
4276
4277
4278
4279
4280
4285
4287
4288
4290
4291
4292
4294
4295
4296
4297
4298
4299
4300
4301
4303
4308
4309
4310
4311
4312
4317
4318
4319
4320
4322
4323
4324
4326
4327
4328
4329
4330
4331
4332
4333
4334
4335
4336
4337
4338
4339
4340
4341
4343
4344
4345
4347
4349
4350
4351
4352
4353
4354
4355
4362
4363
4367
4369
4371
4372
4373
4378
4380
4387
4389
4390
4391
4392
4393
4394
4395
4396
4397
4398
4399
4400
4401
4402
4403
4404
4405
4407
4415
4416
4420
4425
4429
4431
4433
4435
4437
4441
4444
4446
4450
4451
4452
4453
4454
4455
4456
4457
4458
4459
4460
4461
4462
4463
4464
4465
4466
4467
4468
4472
4475
4488
4490
4500
4502
4505
4507
4508
4510
4511
4515
4517
4518
4520
4522
4523
4526
4527
4529
4531
4535
4536
4538
4540
4541
4542
4543
4546
4567
4569
4570
4573
4574
4576
4580
4584
4586
4587
4588
4589
4592
4600
4603
4604
4606
4608
4611
4613
4614
4615
4616
4618
4620
4622
4624
4625
4627
4631
4634
4640
4647
4648
4649
4650
4651
4654
4659
4662
4664
4667
4669
4690
4692
4694
4695
4698
4700
4703
4705
4707
4708
4712
4718
4719
4721
4724
4726
4727
4728
4729
4732
4733
4735
4736
4737
4740
4741
4743
4744
4747
4748
4751
4752
4754
4755
4758
4761
4763
4769
4782
4783
4784
4785
4787
4788
4789
4790
4791
4792
4794
4795
4796
4797
4798
4799
4800
4801
4802
4803
4804
4805
4806
4807
4808
4809
4812
4813
4832
4845
4846
4847
4848
4849
4852
4856
4858
4859
4860
4861
4862
4865
4867
4868
4870
4872
4874
4877
4878
4880
4883
4885
4888
4889
4897
4901
4903
4905
4908
4909
4910
4912
4914
4915
4917
4918
4919
4920
4922
4923
4924
4927
4937
4938
4939
4941
4945
4946
4947
4948
4949
4950
4954
4955
4956
4958
4959
4963
4968
4972
4975
4976
4977
4978
4979
4986
4988
4992
4993
4994
4998
5000
5001
5002
5003
5004
5005
5007
5008
5009
5021
5023
5025
5028
5031
5034
5036
5037
5041
5042
5044
5045
5046
5050
5052
5054
5056
5057
5059
5061
5062
5065
5066
5068
5069
5070
5071
5073
5076
5079
5082
5083
5086
5087
5090
5094
5098
5101
5103
5106
5109
5112
5114
5115
5117
5121
5122
5124
5125
5127
5128
5129
5135
5137
5138
5139
5140
5143
5144
5153
5158
5159
5160
5162
5163
5164
5165
5166
5167
5168
5171
5172
5174
5175
5176
5178
5179
5181
5184
5193
5194
5195
5197
5199
5200
5201
5202
5203
5205
5206
5207
5208
5209
5211
5212
5213
5214
5215
5216
5218
5219
5220
5221
5222
5223
5232
5233
5234
5237
5239
5241
5242
5249
5254
5256
5257
5258
5259
5260
5261
5262
5264
5265
5267
5269
5272
5273
5274
5276
5280
5282
5283
5284
5286
5287
5300
5308
5310
5312
5314
5316
5324
5327
5329
5331
5333
5334
5336
5343
5347
5348
5351
5355
5358
5360
5361
5368
5371
5375
5382
5388
5394
5396
5397
5401
5402
5403
5404
5405
5411
5413
5414
5416
5417
5419
5420
5421
5423
5424
5425
5427
5429
5430
5436
5437
5438
5440
5444
5448
5451
5453
5455
5456
5459
5460
5464
5466
5467
5468
5475
5480
5483
5486
5488
5489
5490
5491
5492
5493
5494
5496
5497
5499
5500
5502
5503
5505
5506
5507
5509
5510
5512
5513
5515
5516
5519
5522
5523
5527
5530
5531
5533
5534
5536
5538
5542
5543
5544
5545
5547
5548
5549
5552
5553
5554
5555
5556
5557
5558
5559
5565
5567
5569
5570
5571
5572
5573
5574
5578
5585
5588
5589
5590
5591
5595
5597
5604
5605
5608
5611
5613
5614
5615
5616
5617
5618
5619
5620
5622
5624
5625
5628
5635
5637
5638
5639
5640
5642
5643
5644
5645
5646
5647
5649
5651
5654
5658
5659
5660
5663
5669
5671
5673
5675
5676
5679
5680
5689
5691
5693
5694
5699
5702
5705
5707
5716
5717
5718
5719
5721
5722
5723
5725
5730
5732
5734
5737
5738
5739
5740
5743
5747
5751
5752
5754
5758
5759
5760
5761
5762
5764
5772
5773
5774
5775
5776
5777
5778
5779
5780
5781
5782
5785
5787
5788
5789
5790
5792
5793
5803
5805
5806
5825
5828
5829
5830
5831
5833
5834
5835
5836
5837
5838
5844
5845
5846
5849
5850
5851
5855
5859
5860
5861
5864
5865
5866
5869
5870
5872
5874
5883
5884
5885
5886
5887
5889
5890
5891
5893
5895
5900
5901
5902
5903
5910
5914
5915
5916
5917
5918
5919
5921
5922
5923
5924
5925
5926
5928
5929
5930
5931
5932
5933
5934
5935
5936
5937
5938
5939
5940
5941
5945
5946
5947
5949
5950
5953
5960
5962
5963
5964
5965
5966
5968
5969
5972
5975
5977
5978
5981
5982
5983
5984
5985
5986
5993
5994
5999
6002
6005
6006
6007
6010
6018
6020
6021
6022
6023
6024
6026
6027
6028
6029
6030
6031
6032
6034
6037
6039
6041
6044
6052
6054
6055
6056
6057
6066
6069
6070
6071
6072
6073
6074
6075
6076
6077
6078
6079
6080
6081
6082
6083
6084
6085
6086
6087
6089
6092
6094
6096
6098
6100
6102
6104
6113
6114
6115
6116
6117
6119
6120
6121
6122
6123
6124
6125
6126
6127
6128
6129
6130
6132
6134
6136
6140
6144
6146
6147
6148
6149
6150
6151
6152
6155
6156
6159
6164
6166
6167
6168
6169
6170
6176
6178
6179
6181
6182
6184
6186
6189
6199
6210
6211
6212
6213
6215
6216
6217
6218
6221
6223
6227
6228
6229
6230
6231
6240
6241
6242
6243
6245
6248
6251
6253
6255
6256
6257
6258
6260
6261
6264
6266
6272
6275
6276
6277
6278
6279
6280
6281
6284
6291
6297
6299
6300
6301
6302
6303
6305
6306
6313
6315
6322
6325
6327
6329
6332
6334
6336
6338
6344
6347
6348
6352
6353
6354
6356
6358
6360
6361
6363
6365
6366
6368
6369
6370
6373
6375
6376
6378
6379
6392
6394
6395
6399
6401
6403
6404
6408
6410
6411
6413
6415
6416
6417
6419
6424
6426
6429
6430
6431
6443
6455
6456
6458
6459
6462
6466
6471
6472
6476
6480
6481
6482
6483
6484
6485
6487
6491
6492
6493
6494
6496
6497
6499
6500
6502
6503
6504
6505
6506
6507
6510
6511
6512
6529
6536
6538
6539
6541
6544
6546
6548
6550
6552
6554
6556
6565
6566
6567
6568
6570
6571
6572
6573
6574
6575
6576
6577
6578
6579
6581
6583
6584
6585
6586
6588
6590
6592
6594
6604
6605
6606
6607
6609
6610
6611
6614
6615
6616
6617
6619
6624
6633
6634
6635
6636
6638
6648
6649
6651
6652
6653
6681
6686
6687
6688
6689
6690
6698
6702
6703
6705
6710
6711
6712
6713
6714
6715
6716
6718
6723
6726
6727
6729
6752
6754
6758
6760
6762
6764
6768
6775
6778
6779
6782
6788
6790
6791
6792
6793
6794
6796
6797
6798
6803
6818
6820
6822
6823
6826
6833
6834
6835
6836
6837
6838
6839
6840
6842
6845
6846
6847
6848
6849
6886
6888
6893
6894
6897
6899
6901
6903
6905
6907
6909
6911
6921
6922
6923
6924
6926
6927
6928
6930
6933
6934
6937
6943
6944
6948
6949
6950
6951
6952
6953
6954
6956
6957
6961
6963
6964
6967
6970
6971
6972
6973
6975
6976
6977
6979
6981
6983
6992
6993
6994
6995
6997
6998
6999
7001
7002
7003
7005
7006
7010
7012
7014
7015
7016
7017
7020
7021
7023
7024
7025
7027
7028
7029
7030
7031
7037
7040
7041
7042
7043
7050
7052
7056
7058
7059
7060
7063
7066
7067
7068
7069
7070
7071
7072
7074
7075
7077
7078
7079
7087
7089
7090
7091
7093
7094
7095
7097
7098
7105
7114
7118
7125
7126
7127
7128
7130
7131
7133
7134
7138
7141
7149
7156
7158
7160
7162
7178
7182
7184
7188
7197
7202
7214
7215
7217
7218
7219
7220
7222
7225
7227
7229
7231
7232
7236
7238
7239
7247
7248
7251
7265
7266
7268
7269
7273
7282
7283
7284
7306
7307
7311
7316
7317
7321
7322
7324
7325
7326
7328
7330
7332
7333
7335
7342
7343
7344
7345
7346
7356
7357
7367
7369
7374
7375
7376
7383
7385
7386
7395
7403
7406
7409
7410
7412
7413
7417
7421
7443
7445
7447
7448
7449
7450
7462
7464
7465
7467
7469
7473
7474
7475
7481
7492
7495
7496
7497
7498
7499
7500
7511
7512
7513
7514
7515
7516
7517
7518
7520
7521
7522
7523
7527
7528
7529
7530
7531
7533
7535
7536
7537
