s vc 54991 11211
32768
2
3
32770
5
32771
7
32774
9
32776
11
32778
13
32780
15
32781
17
32784
19
32786
21
32788
23
32789
25
32792
27
32793
29
32796
31
32797
33
32800
35
32802
37
32804
39
32805
41
32808
43
32809
45
32811
47
32813
49
32816
51
32818
53
32820
55
32821
57
32823
59
32825
61
32827
63
32830
65
32832
67
32834
69
32835
71
32838
73
32839
75
32841
77
32844
79
32845
81
32848
83
32849
85
32852
87
32854
89
32855
91
32858
93
32859
95
32862
97
32863
99
32865
101
32868
103
32869
105
32872
107
32874
109
32875
111
32878
113
32880
115
32881
117
32883
119
32885
121
32888
123
32890
125
32892
127
32893
129
32895
131
32897
133
32900
135
32902
137
32904
139
32906
141
32908
143
32909
145
32911
147
32914
149
32916
151
32918
153
32919
155
32921
157
32924
159
32925
161
32928
163
32930
165
32932
167
32934
169
32935
171
32937
173
32939
32941
176
177
32943
179
32945
181
32947
183
32949
185
32952
187
32954
189
32955
191
32958
193
32959
195
32961
197
32963
199
32966
201
32968
203
32970
205
32972
207
32973
209
32975
211
32977
213
32979
215
32981
217
32983
219
32985
221
32987
32989
32991
32994
32996
32998
33000
33001
33003
33006
33008
33009
33012
33013
33016
33017
33020
33021
33023
33026
33027
33030
33031
33034
33035
33037
33040
33041
33043
33046
33047
33050
33051
33054
33056
33058
33060
33062
33064
33066
33068
33070
33071
33074
33075
33078
33079
33082
33083
33085
33087
33089
33091
33093
33095
33097
33100
33102
33103
33106
33107
33110
33111
33114
33115
33118
33119
33122
33124
33125
33128
33129
33132
33134
33135
33137
33139
33141
33143
33145
33147
33149
33151
33153
33155
33157
33159
33161
33163
33165
33167
33169
33171
33173
33175
33177
33179
33181
33183
33185
33187
33189
33191
33193
33195
33197
33199
33201
33203
33205
33207
33209
33211
33213
33216
33217
33219
33221
33223
33225
33227
33229
33231
33233
33235
33237
33239
33241
33243
33245
33247
33249
33251
33253
33255
33257
33259
33261
33263
33265
33267
33270
33271
33273
33275
33277
33279
33281
33283
33285
33287
33289
33291
33293
33295
33298
33299
33302
33303
33305
33308
33310
33312
33314
33315
33318
33320
33321
33324
33325
33328
33330
33331
33334
33335
33338
33339
33342
33344
33346
33348
33350
33351
33353
33356
33358
33359
33361
33364
33365
33368
33370
33371
33374
33375
33377
33380
33382
33383
33385
33388
33389
33392
33394
33396
33398
33399
33401
33403
33405
33407
33409
33411
33414
33415
33417
33420
33421
33423
33425
33428
33429
33431
33433
33435
33437
33439
33441
33443
33445
33447
33449
33451
33453
33455
33457
33460
33462
33464
33466
33468
33469
33471
33474
33475
33477
33480
33481
33483
33486
33488
33489
33492
33493
33496
33497
33499
33502
33503
33506
33508
33510
33511
33513
33515
33517
33519
33522
33523
33525
33527
33529
33531
33534
33536
33537
33540
33542
33543
33546
33547
33550
33551
33554
33555
33558
33559
33562
33563
33566
33568
33570
33571
33574
33575
33578
33579
33582
33583
33586
33587
33590
33591
33594
33595
33598
33599
33602
33603
33606
33607
33610
33611
33613
33615
33617
33619
33621
33624
33626
33627
33629
33631
33633
33635
33637
33639
33641
33643
33645
33647
33649
33651
33653
33655
33657
33660
33662
33663
33666
33667
33669
33672
33673
33676
33678
33679
33682
33684
33686
33687
33690
33691
33693
33695
33698
33700
33701
33704
33706
33708
33709
33712
33714
33715
33717
33720
33722
33723
33725
33728
33729
33732
33733
33736
33738
33740
33742
33743
33746
33748
33750
33751
33754
33756
33758
33759
33761
33763
33765
33767
33769
33772
33774
33776
33777
33779
33781
33783
33786
33788
33790
33791
33793
33795
33798
33800
33802
33804
33806
33807
33809
33812
33813
33815
33818
33820
33821
33824
33826
33827
33829
33832
33834
33836
33837
33839
33841
33844
33846
33848
33850
33851
33853
33855
33858
33859
33861
33863
33865
33867
33869
33872
33874
33875
33878
33880
33882
33883
33886
33888
33889
33891
33893
33896
33898
33899
33901
33903
33905
33907
33910
33912
33913
33915
33917
33919
33922
33923
33925
33928
33930
33931
33933
33935
33938
33939
33941
33943
33945
33948
33950
33951
33954
33956
33958
33960
33962
33964
33965
33967
33969
33972
33973
33975
33977
33980
33981
33983
33986
33987
33990
33992
33993
33995
33998
34000
34001
34003
34006
34008
34010
34011
34014
34015
34018
34020
34021
34023
34025
34027
34029
34031
34033
34035
34037
34039
34041
34043
34045
34047
34049
34051
34053
34055
34057
34059
34061
34063
34065
34067
34069
34071
34073
34075
34077
34079
34081
34083
34085
34087
34089
34091
34094
34095
34097
34099
34101
34103
34105
34107
34109
34111
34113
34115
34117
34119
34121
34123
34125
34127
34129
34131
34134
34135
34137
34139
34142
34144
34146
34148
34150
34152
34153
34156
34157
34159
34161
34163
34166
34168
34169
34171
34174
34175
34178
34179
34181
34184
34186
34187
34190
34191
34194
34196
34197
34200
34201
34203
34205
34208
34209
34211
34213
34215
34217
34219
34222
34224
34226
34227
34230
34231
34233
34236
34237
34240
34242
34244
34246
34248
34249
34252
34253
34255
34257
34259
34261
34263
34266
34267
34270
34271
34274
34276
34277
34280
34281
34283
34285
34287
34290
34291
34294
34295
34298
34299
34302
34304
34306
34307
34309
34311
34314
34315
34318
34319
34322
34324
34325
34328
34329
34331
34333
34335
34337
34339
34341
34343
34345
34347
34349
34351
34353
34355
34357
34359
34361
34363
34365
34367
34369
34371
34373
34375
34377
34379
34382
34383
34385
34387
34389
34392
34393
34395
34397
34399
34401
34404
34405
34408
34410
34412
34414
34415
34418
34420
34422
34423
34426
34428
34430
34432
34433
34435
34437
34439
34441
34443
34445
34447
34449
34451
34453
34455
34457
34459
34461
34463
34465
34468
34469
34472
34473
34475
34478
34480
34482
34483
34485
34488
34490
34492
34493
34496
34497
34499
34502
34504
34506
34508
34510
34511
34513
34516
34517
34519
34521
34523
34525
34527
34529
34531
34533
34535
34537
34540
34542
34543
34545
34548
34550
34552
34554
34556
34558
34559
34561
34563
34566
34567
34569
34571
34573
34576
34577
34579
34581
34583
34585
34587
34589
34592
34593
34595
34598
34600
34601
34603
34605
34608
12408
12410
12412
12414
12416
12418
12420
12422
12424
12427
12429
12430
12433
12435
12436
12439
12441
12442
12445
12447
12449
12451
12452
12455
12456
12459
12461
12463
12464
12467
12468
12471
12473
12475
12477
12479
12481
12482
12484
12487
12488
12491
12492
12494
12497
12499
12500
12503
12505
12507
12509
12511
12513
12515
12517
12518
12520
12522
12525
12526
12528
12530
12532
12535
12537
12538
12541
12542
12545
12547
12548
12551
12552
12554
12557
12559
12560
12562
12564
12567
12569
12571
12572
12574
12577
12578
12581
12582
12584
12586
12589
12590
12593
12594
12596
12599
12600
12602
12605
12607
12609
12612
12614
12615
12617
12619
12622
12623
12625
12628
12629
12632
12634
12636
12637
12640
12642
12643
12645
12648
12650
12651
12653
12656
12657
12660
12661
12664
12665
12667
12670
12672
12673
12675
12677
12680
12682
12684
12685
12688
12689
12691
12693
12695
12697
12700
12702
12704
12705
12708
12710
12711
12714
12715
12717
12720
12721
12723
12726
12728
12729
12731
12734
12735
12738
12739
12742
12743
12745
12748
12750
12752
12753
12756
12758
12759
12761
12764
12766
12767
12769
12772
12773
12775
12778
12780
12781
12784
12785
12788
12789
12792
12794
12795
12797
12799
12801
12804
12806
12807
12810
12812
12814
12816
12817
12819
12822
12824
12826
12828
12829
12832
12833
12836
12838
12840
12842
12843
12845
12847
12850
12851
12854
12855
12858
12860
12862
12863
12865
12867
12869
12871
12874
12876
12877
12880
12882
12884
12885
12888
12889
12891
12893
12896
12897
12899
12901
12904
12905
12908
12909
12911
12914
12916
12917
12920
12922
12923
12926
12927
12930
12931
12934
12936
12937
12940
12942
12944
12946
12947
12950
12951
12954
12955
12958
12960
12962
12963
12966
12968
12970
12971
12973
12976
12978
12979
12981
12983
12986
12988
12990
12991
12994
12995
12998
13000
13001
13003
13006
13008
13010
13012
13014
13015
13017
13020
13022
13024
13025
13027
13030
13032
13034
13036
13038
13040
13042
13043
13046
13048
13050
13051
13054
13056
13058
13060
13062
13063
13065
13068
13070
13072
13074
13076
13077
13079
13082
13083
13085
13087
13090
13091
13093
13096
13098
13100
13102
13103
13105
13108
13110
13112
13114
13115
13117
13120
13121
13124
13125
13128
13130
13131
13134
13135
13137
13140
13141
13143
13146
13148
13150
13151
13153
13156
13157
13160
13162
13163
13165
13167
13169
13171
13174
13175
13178
13180
13182
13184
13186
13188
13189
13192
13193
13195
13198
13199
13202
13204
13205
13207
13210
13211
13214
13215
13217
13219
13222
13224
13225
13228
13229
13232
13234
13235
13238
13240
13242
13243
13245
13247
13249
13252
13254
13256
13257
13259
13262
13264
13266
13268
13269
13272
13273
13276
13278
13279
13281
13284
13285
13287
13289
13292
13293
13296
13297
13300
13301
13303
13306
13308
13310
13312
13314
13315
13318
13320
13322
13324
13326
13327
13329
13332
13334
13335
13338
13340
13342
13344
13346
13348
13350
13351
13354
13355
13357
13360
13361
13363
13366
13368
13370
13372
13374
13375
13377
13379
13381
13383
13385
13388
13389
13391
13393
13396
13398
13400
13401
13404
13405
13407
13410
13411
13414
13415
13417
13420
13422
13423
13426
13427
13430
13432
13434
13436
13437
13439
13442
13443
13446
13447
13450
13451
13454
13455
13457
13460
13461
13464
13465
13468
13469
13472
13473
13476
13477
13480
13481
13483
13486
13487
13490
13491
13493
13496
13498
13500
13501
13504
13506
13507
13509
13512
13514
13515
13518
13520
13521
13523
13526
13527
13529
13531
13533
13536
13537
13540
13541
13544
13546
13547
13550
13552
13554
13555
13557
13559
13561
13563
13565
13567
13569
13571
13574
13576
13578
13580
13582
13583
13585
13587
13589
13591
13594
13596
13598
13599
13602
13603
13606
13608
13609
13611
13613
13615
13618
13619
13622
13624
13626
13628
13630
13632
13634
13635
13637
13640
13641
13643
13646
13647
13650
13652
13654
13656
13658
13659
13662
13663
13665
13668
13669
13671
13673
13676
13677
13680
13681
13683
13686
13688
13690
13691
13693
13695
13697
13700
13701
13703
13705
13707
13709
13712
13713
13716
13718
13719
13721
13724
13725
13727
13730
13732
13734
13736
13737
13739
13741
13743
13745
13748
13750
13752
13754
13755
13758
13759
13762
13764
13766
13768
13769
13772
13774
13776
13778
13780
13781
13783
13785
13788
13790
13792
13794
13796
13797
13799
13801
13803
13806
13807
13810
13812
13813
13815
13817
13820
13822
13824
13825
13828
13829
13832
13834
13836
13838
13840
13842
13844
13845
13847
13850
13852
13854
13855
13858
13859
13861
13863
13866
13868
13870
13872
13874
13875
13878
13879
13882
13883
13885
13887
13889
13892
13893
13895
13897
13900
13902
13903
13906
13907
13909
13912
13914
13915
13918
13919
13922
13923
13926
13928
13930
13932
13933
13936
13938
13940
13942
13943
13946
13947
13949
13952
13953
13955
13957
13959
13962
13964
13966
13968
13969
13972
13974
13976
13978
13980
13982
13983
13986
13987
13990
13992
13994
13995
13998
13999
14002
14004
14005
14007
14009
14011
14014
14015
14017
14019
14022
14024
14026
14027
14029
14032
14034
14036
14037
14040
14042
14043
14045
14047
14049
14051
14053
14056
14058
14059
14062
14063
14065
14068
14069
14071
14073
14076
14078
14079
14082
14083
14085
14087
14090
14091
14093
14096
14098
14100
14102
14104
14106
14108
14110
14112
14114
14116
14117
14119
14121
14123
14126
14128
14129
14131
14133
14135
14138
14140
14142
14143
14145
14148
14150
14151
14154
14155
14157
14159
14162
14163
14165
14167
14170
14172
14173
14175
14178
14179
14182
14184
14185
14187
14190
14192
14194
14196
14197
14200
14202
14204
14205
14207
14210
14212
14214
14216
14217
14220
14222
14224
14225
14227
14230
14232
14234
14236
14238
14239
14242
14243
14245
14247
14249
14252
14253
14255
14257
14260
14262
14264
14266
14268
14269
14272
14273
14276
14278
14279
14281
14283
14286
14288
14290
14292
14293
14296
14297
14299
14302
14303
14305
14308
14309
14312
14314
14316
14318
14319
14322
14324
14326
14327
14330
14332
14333
14336
14338
14340
14341
14344
14346
14347
14350
14352
14353
14355
14357
14360
14362
14364
14366
14368
14369
14371
14374
14376
14377
14380
14381
14383
14385
14388
14389
14391
14394
14395
14398
14400
14402
14404
14406
14407
14409
14411
14414
14416
14418
14420
14422
14424
14426
14428
14429
14431
14434
14436
14437
14439
14442
14444
14446
14448
14450
14452
14453
14455
14458
14460
14461
14464
14465
14468
14470
14471
14474
14476
14477
14479
14482
14484
14486
14488
14490
14492
14493
14495
14498
14500
14501
14503
14505
14507
14509
14512
14514
14515
14517
14520
14521
14523
14525
14527
14530
14532
14534
14536
14538
14539
14541
14543
14546
14547
14550
14552
14553
14555
14557
14559
14562
14563
14565
14567
14570
14571
14574
14575
14577
14579
14582
14583
14586
14587
14589
14592
14594
14596
14598
14600
14601
14603
14605
14608
14610
14612
14614
14616
14618
14620
14621
14623
14625
14627
14629
14632
14634
14636
14637
14639
14641
14643
14645
14647
14649
14651
14654
14656
14658
14659
14661
14664
14666
14668
14669
14671
14674
14675
14678
14680
14682
14683
14686
14687
14690
14692
14693
14695
14697
14700
14702
14704
14705
14708
14709
14711
14714
14715
14717
14719
14721
14723
14725
14727
14730
14731
14733
14735
14737
14739
14742
14744
14746
14747
14750
14751
14754
14756
14757
14760
14762
14763
14765
14767
14769
14771
14774
14775
14778
14780
14782
14783
14786
14787
14790
14792
14794
14795
14797
14800
14802
14804
14805
14807
14809
14811
14814
14815
14817
14820
14822
14823
14825
14827
14829
14832
14834
14836
14837
14840
14841
14843
14845
14848
14849
14852
14854
14855
14857
14859
14862
14864
14866
14868
14869
14871
14874
14875
14878
14880
14881
14883
14885
14888
14890
14892
14893
14895
14898
14899
14902
14904
14906
14907
14910
14912
14914
14916
14917
14919
14922
14923
14926
14927
14930
14932
14933
14935
14938
14940
14941
14944
14945
14947
14950
14951
14953
14956
14958
14960
14961
14964
14966
14967
14969
14972
14974
14976
14978
14979
14982
14983
14985
14987
14990
14992
14994
14995
14998
14999
15002
15004
15005
15008
15010
15012
15014
15016
15017
15019
15021
15023
15026
15028
15030
15031
15033
15036
15037
15039
15042
15044
15046
15048
15049
15051
15053
15055
15058
15059
15061
15063
15065
15067
15070
15071
15074
15076
15077
15080
15081
15083
15086
15088
15089
15092
15093
15096
15097
15100
15101
15103
15106
15108
15109
15112
15114
15116
15118
15119
15122
15123
15126
15127
15130
15131
15134
15136
15137
15140
15142
15144
15145
15147
15149
15151
15154
15155
15157
15160
15162
15164
15166
15167
15169
15172
15174
15176
15177
15180
15181
15183
15186
15188
15190
15192
15193
15195
15197
15199
15202
15203
15206
15207
15210
15212
15213
15216
15217
15220
15222
15223
15225
15227
15229
15232
15233
15236
15238
15239
15241
15243
15246
15247
15250
15251
15253
15255
15257
15259
15261
15263
15265
15268
15270
15272
15274
15275
15277
15279
15282
15284
15286
15288
15289
15292
15293
15296
15297
15300
15302
15304
15305
15308
15310
15312
15314
15315
15317
15320
15322
15323
15326
15328
15329
15332
15334
15336
15337
15340
15342
15343
15345
15348
15349
15351
15353
15356
15358
15360
15361
15364
15365
15368
15370
15372
15374
15375
15378
15380
15381
15383
15385
15387
15389
15391
15393
15396
15397
15400
15401
15403
15405
15408
15409
15412
15414
15415
15418
15419
15421
15423
15425
15427
15430
15432
15433
15436
15438
15439
15441
15443
15446
15448
15450
15451
15453
15456
15457
15460
15461
15464
15465
15467
15469
15472
15473
15475
15478
15479
15482
15484
15486
15488
15489
15492
15493
15496
15497
15500
15501
15503
15505
15508
15509
15511
15514
15515
15517
15519
15521
15523
15526
15527
15530
15531
15534
15536
15538
15540
15541
15544
15545
15548
15549
15551
15554
15555
15558
15560
15562
15563
15566
15568
15569
15572
15573
15575
15577
15579
15581
15584
15585
15587
15589
15592
15594
15595
15597
15599
15602
15604
15606
15607
15609
15612
15613
15615
15618
15619
15621
15624
15625
15628
15630
15631
15634
15635
15637
15639
15641
15644
15646
15647
15650
15652
15654
15656
15658
15659
15662
15663
15665
15668
15669
15672
15673
15675
15677
15680
15682
15683
15686
15687
15689
15691
15694
15696
15698
15700
15702
15704
15706
15708
15710
15711
15714
15715
15717
15720
15722
15723
15725
15727
15730
15732
15734
15735
15737
15740
15741
15743
15746
15748
15750
15752
15754
15755
15757
15759
15762
15763
15766
15768
15769
15772
15773
15776
15778
15779
15782
15784
15786
15788
15789
15791
15793
15795
15797
15800
15802
15804
15805
15808
15810
15811
15814
15816
15818
15819
15822
15824
15825
15827
15829
15832
15833
15835
15837
15840
15841
15844
15845
15848
15850
15851
15853
15855
15858
15859
15861
15864
15866
15867
15870
15872
15873
15876
15877
15879
15881
15883
15886
15888
15889
15892
15893
15896
15897
15900
15902
15904
15906
15907
15910
15912
15914
15915
15918
15920
15921
15923
15925
15928
15929
15932
15934
15935
15937
15939
15941
15944
15946
15948
15949
15951
15954
15956
15958
15960
15962
15964
15965
15967
15970
15971
15973
15976
15978
15979
15981
15984
15986
15988
15989
15992
15993
15995
15998
16000
16001
16004
16006
16008
16010
16012
16013
16015
16017
16019
16022
16024
16026
16028
16029
16031
16033
16035
16037
16040
16041
16043
16045
16048
16050
16051
16054
16056
16058
16060
16062
16063
16066
16067
16070
16072
16073
16075
16078
16080
16082
16083
16086
16088
16090
16092
16094
16096
16098
16099
16102
16104
16105
16107
16109
16111
16113
16116
16117
16120
16121
16123
16126
16128
16130
16131
16134
16136
16137
16139
16142
16143
16145
16147
16150
16152
16154
16155
16157
16159
16161
16163
16166
16167
16169
16172
16173
16175
16178
16179
16181
16184
16185
16187
16189
16191
16194
16195
16198
16200
16202
16204
16206
16207
16209
16211
16214
16216
16218
16220
16222
16223
16225
16228
16230
16231
16233
16235
16238
16239
16242
16244
16246
16248
16249
16251
16253
16256
16258
16260
16262
16263
16266
16268
16269
16271
16274
16275
16277
16280
16282
16284
16285
16287
16289
16291
16293
16296
16297
16299
16301
16303
16306
16308
16310
16311
16313
16316
16317
16319
16322
16324
16325
16327
16329
16332
16333
16336
16337
16340
16341
16344
16346
16347
16349
16351
16353
16355
16357
16359
16361
16363
16366
16368
16369
16371
16373
16375
16377
16379
16382
16383
16386
16387
16390
16391
16394
16396
16397
16399
16401
16403
16405
16408
16410
16412
16414
16416
16418
16420
16421
16423
16425
16427
16430
16431
16433
16436
16437
16439
16441
16444
16446
16447
16449
16452
16454
16455
16457
16459
16461
16463
16465
16467
16470
16472
16473
16476
16477
16479
16482
16484
16485
16487
16490
16492
16494
16495
16497
16500
16501
16503
16505
16507
16510
16511
16513
16515
16518
16520
16521
16523
16525
16528
16530
16531
16534
16536
16538
16540
16542
16544
16546
16547
16550
16551
16553
16556
16557
16560
16561
16563
16566
16568
16569
16572
16573
16575
16578
16580
16581
16583
16585
16587
16589
16592
16593
16595
16597
16599
16602
16604
16605
16608
16610
16612
16614
16615
16618
16619
16621
16624
16626
16628
16630
16631
16633
16636
16638
16640
16642
16644
16645
16647
16650
16651
16654
16656
16657
16659
16662
16664
16666
16667
16669
16672
16674
16675
16677
16680
16681
16683
16686
16688
16690
16691
16694
16696
16698
16700
16702
16704
16706
16707
16710
16712
16714
16716
16717
16719
16722
16724
16726
16727
16729
16732
16733
16736
16738
16740
16741
16744
16745
16747
16749
16751
16754
16755
16757
16760
16761
16763
16765
16768
16770
16772
16774
16776
16777
16780
16782
16783
16785
16788
16790
16792
16794
16795
16798
16799
16802
16804
16805
16808
16809
16812
16813
16815
16818
16820
16821
16824
16825
16827
16829
16831
16833
16835
16838
16840
16842
16844
16846
16847
16849
16851
16854
16855
16857
16860
16862
16863
16866
16867
16869
16872
16873
16876
16877
16879
16882
16884
16886
16887
16889
16892
16893
16895
16898
16899
16902
16904
16905
16907
16909
16912
16913
16915
16917
16919
16922
16923
16925
16927
16930
16931
16934
16936
16937
16940
16941
16944
16945
16947
16949
16951
16953
16956
16957
16960
16962
16964
16966
16967
16970
16971
16973
16975
16978
16980
16981
16983
16985
16988
16989
16992
16993
16996
16997
17000
17001
17004
17006
17008
17009
17012
17014
17015
17017
17019
17021
17024
17026
17028
17029
17032
17033
17036
17037
17040
17042
17043
17046
17048
17049
17052
17053
17056
17057
17059
17061
17063
17066
17067
17070
17071
17073
17076
17077
17079
17082
17084
17085
17087
17090
17092
17094
17095
17098
17100
17102
17104
17106
17107
17109
17111
17113
17116
17117
17119
17122
17123
17125
17127
17129
17132
17133
17136
17138
17139
17142
17143
17145
17148
17149
17152
17154
17156
17157
17159
17162
17164
17165
17167
17170
17171
17173
17175
17178
17180
17182
17184
17186
17187
17190
17191
17193
17195
17198
17200
17202
17203
17205
17208
17209
17212
17213
17215
17217
17219
17222
17223
17225
17228
17229
17232
17234
17235
17238
17239
17242
17244
17245
17248
17249
17252
17253
17256
17257
17260
17261
17264
17266
17268
17269
17272
17273
17275
17277
17279
17282
17284
17286
17287
17289
17292
17294
17296
17298
17299
17302
17304
17306
17307
17309
17312
17314
17316
17318
17320
17322
17324
17326
17327
17329
17331
17334
17335
17337
17340
17342
17343
17346
17347
17349
17352
17354
17355
17357
17360
17362
17363
17366
17368
17370
17371
17374
17376
17377
17379
17381
17383
17386
17388
17390
17392
17394
17396
17398
17400
17401
17404
17406
17408
17410
17412
17414
17415
17418
17419
17421
17424
17425
17428
17429
17431
17434
17435
17437
17439
17441
17443
17445
17448
17449
17452
17454
17455
17457
17459
17461
17463
17465
17467
17470
17471
17474
17476
17477
17479
17482
17484
17486
17487
17489
17491
17494
17495
17497
17499
17502
17504
17506
17508
17509
17511
17514
17516
17518
17519
17521
17524
17526
17527
17530
17531
17534
17535
17538
17539
17541
17543
17545
17548
17549
17552
17554
17556
17558
17559
17562
17563
17565
17568
17570
17572
17574
17575
17577
17579
17582
17583
17586
17587
17590
17591
17593
17595
17598
17600
17602
17603
17606
17608
17610
17611
17614
17615
17618
17619
17621
17623
17625
17627
17629
17631
17633
17636
17637
17639
17641
17644
17646
17648
17649
17652
17653
17656
17657
17660
17662
17663
17666
17667
17670
17672
17673
17676
17677
17679
17681
17684
17686
17687
17690
17691
17694
17695
17698
17699
17701
17704
17706
17708
17710
17712
17713
17715
17717
17719
17722
17724
17726
17727
17730
17732
17734
17735
17737
17740
17741
17744
17746
17747
17750
17752
17753
17755
17758
17760
17762
17763
17765
17768
17770
17771
17774
17775
17778
17780
17781
17783
17786
17787
17789
17792
17793
17795
17797
17800
17802
17804
17806
17807
17809
17812
17814
17816
17817
17820
17821
17823
17826
17827
17829
17832
17833
17836
17838
17839
17842
17844
17845
17847
17850
17852
17853
17855
17857
17860
17862
17863
17865
17867
17869
17872
17874
17876
17877
17879
17881
17884
17886
17887
17890
17891
17893
17896
17898
17900
17901
17904
17906
17908
17909
17911
17913
17916
17918
17919
17921
17923
17926
17927
17930
17931
17934
17936
17938
17939
17941
17944
17946
17947
17949
17951
17953
17956
17958
17959
17962
17963
17966
17968
17970
17971
17973
17976
17978
17979
17982
17984
17985
17988
17990
17992
17994
17996
17997
17999
18002
18004
18006
18007
18010
18011
18013
18015
18017
18019
18022
18024
18025
18027
18030
18032
18034
18036
18037
18039
18041
18043
18046
18048
18049
18051
18054
18056
18057
18059
18062
18063
18066
18067
18070
18071
18074
18076
18078
18080
18082
18084
18086
18087
18089
18092
18093
18096
18097
18099
18102
18104
18105
18107
18109
18112
18114
18116
18118
18120
18122
18124
18126
18128
18130
18131
18133
18135
18138
18139
18142
18143
18146
18147
18149
18151
18154
18155
18158
18160
18161
18163
18166
18168
18170
18172
18174
18176
18178
18179
18182
18184
18185
18188
18189
18192
18194
18196
18198
18199
18202
18203
18205
18207
18210
18212
18213
18216
18217
18219
18222
18224
18226
18227
18230
18231
18233
18236
18237
18240
18241
18244
18245
18248
18250
18251
18253
18256
18257
18259
18262
18263
18265
18267
18269
18272
18274
18276
18277
18280
18281
18283
18285
18288
18290
18291
18293
18296
18298
18299
18302
18304
18305
18308
18310
18312
18313
18315
18318
18320
18322
18324
18326
18327
18330
18332
18334
18335
18337
18339
18342
18343
18346
18347
18349
18352
18353
18356
18358
18360
18361
18363
18365
18368
18370
18371
18373
18375
18377
18380
18382
18384
18385
18387
18390
18391
18394
18395
18397
18400
18402
18403
18406
18407
18410
18411
18413
18416
18417
18419
18421
18423
18426
18427
18430
18432
18433
18436
18437
18440
18442
18443
18446
18447
18450
18452
18453
18455
18458
18459
18461
18463
18466
18467
18469
18471
18474
18476
18478
18480
18482
18483
18486
18487
18489
18491
18494
18495
18498
18500
18502
18503
18505
18508
18509
18512
18514
18515
18518
18520
18522
18523
18525
18528
18530
18532
18534
18535
18538
18540
18542
18544
18546
18547
18549
18552
18553
18555
18558
18560
18562
18563
18565
18568
18569
18571
18574
18575
18577
18579
18581
18583
18585
18587
18590
18592
18594
18596
18598
18599
18601
18603
18606
18607
18609
18611
18614
18616
18618
18620
18621
18624
18625
18627
18630
18632
18634
18636
18637
18639
18641
18643
18646
18648
18650
18652
18654
18656
18658
18659
18661
18663
18665
18668
18669
18672
18674
18675
18677
18680
18682
18684
18685
18687
18690
18691
18693
18695
18697
18699
18702
18704
18705
18708
18709
18712
18713
18715
18717
18720
18722
18723
18725
18728
18729
18732
18733
18735
18738
18740
18741
18744
18746
18747
18750
18751
18754
18755
18758
18760
18761
18763
18766
18768
18770
18771
18774
18776
18777
18779
18781
18784
18785
18788
18790
18791
18793
18796
18797
18799
18802
18804
18806
18808
18809
18811
18813
18816
18817
18820
18822
18823
18826
18827
18830
18832
18834
18835
18837
18840
18841
18844
18846
18847
18850
18852
18853
18856
18858
18860
18862
18863
18866
18867
18869
18872
18873
18876
18878
18880
18882
18883
18885
18888
18890
18891
18893
18896
18898
18899
18902
18903
18905
18908
18910
18912
18913
18916
18918
18920
18921
18923
18926
18928
18930
18931
18933
18936
18937
18940
18942
18943
18945
18948
18950
18951
18954
18956
18958
18959
18962
18964
18966
18968
18969
18971
18973
18975
18978
18979
18982
18984
18985
18988
18989
18992
18993
18995
18998
18999
19001
19003
19006
19008
19010
19011
19014
19015
19017
19020
19022
19024
19025
19027
19030
19032
19034
19035
19038
19039
19041
19043
19046
19048
19050
19051
19053
19055
19058
19060
19062
19064
19066
19068
19070
19072
19073
19076
19078
19080
19082
19083
19086
19087
19089
19092
19093
19095
19098
19100
19102
19103
19105
19107
19109
19111
19114
19116
19118
19119
19121
19123
19126
19127
19130
19132
19134
19136
19138
19139
19142
19144
19146
19147
19150
19151
19153
19155
19158
19160
19161
19164
19166
19168
19170
19171
19173
19176
19177
19180
19181
19184
19185
19188
19189
19192
19193
19195
19197
19199
19202
19203
19206
19207
19209
19211
19214
19215
19218
19220
19221
19223
19225
19228
19229
19232
19234
19236
19237
19240
19242
19244
19245
19248
19250
19252
19254
19256
19257
19259
19261
19263
19265
19268
19270
19272
19273
19275
19278
19280
19281
19283
19285
19288
19290
19292
19293
19295
19298
19300
19302
19304
19306
19307
19309
19311
19314
19316
19318
19320
19321
19324
19326
19327
19330
19331
19334
19336
19338
19339
19341
19344
19345
19347
19349
19352
19354
19356
19357
19359
19362
19363
19366
19367
19370
19371
19374
19376
19378
19380
19382
19383
19386
19388
19390
19392
19394
19395
19398
19400
19402
19403
19406
19407
19410
19412
19413
19416
19417
19420
19421
19424
19426
19427
19430
19431
19434
19436
19438
19440
19441
19443
19446
19447
19450
19452
19453
19456
19458
19460
19461
19464
19466
19468
19469
19472
19473
19475
19478
19480
19482
19484
19485
19488
19489
19492
19494
19496
19498
19499
19501
19504
19505
19508
19509
19512
19513
19515
19517
19520
19522
19524
19525
19528
19530
19532
19533
19535
19537
19539
19541
19543
19546
19547
19549
19552
19554
19556
19558
19560
19562
19564
19566
19568
19570
19571
19574
19576
19577
19580
19582
19583
19586
19587
19590
19592
19594
19595
19598
19599
19602
19604
19605
19607
19609
19611
19613
19615
19618
19620
19621
19624
19626
19627
19629
19631
19634
19635
19637
19639
19641
19644
19645
19647
19650
19652
19654
19656
19658
19659
19662
19663
19665
19667
19670
19671
19673
19676
19678
19679
19682
19684
19685
19688
19690
19691
19693
19696
19698
19700
19702
19703
19705
19708
19710
19712
19714
19716
19718
19720
19722
19723
19726
19727
19729
19732
19734
19736
19738
19739
19741
19744
19746
19747
19750
19752
19753
19755
19758
19760
19762
19764
19765
19768
19770
19771
19774
19776
19778
19779
19782
19783
19786
19787
19790
19791
19794
19796
19798
19799
19801
19804
19806
19807
19810
19812
19814
19815
19818
19820
19822
19824
19826
19828
19829
19832
19834
19835
19837
19840
19841
19843
19846
19848
19850
19851
19854
19855
19858
19860
19861
19864
19866
19867
19869
19872
19874
19875
19878
19879
19882
19884
19886
19888
19890
19891
19894
19895
19897
19899
19902
19904
19905
19908
19909
19911
19913
19915
19917
19920
19922
19924
19925
19928
19929
19932
19934
19936
19938
19939
19942
19943
19945
19948
19949
19952
19953
19956
19957
19959
19961
19963
19965
19967
19969
19971
19974
19976
19977
19979
19982
19984
19986
19987
19990
19991
19994
19996
19998
20000
20002
20004
20006
20008
20009
20012
20014
20016
20018
20019
20022
20024
20025
20027
20030
20031
20033
20036
20037
20039
20042
20044
20045
20047
20050
20052
20054
20055
20057
20059
20061
20063
20066
20068
20070
20071
20074
20076
20078
20080
20082
20084
20085
20087
20089
20091
20094
20096
20098
20099
20101
20103
20106
20107
20110
20112
20114
20115
20117
20119
20122
20124
20126
20128
20129
20131
20134
20136
20138
20140
20142
20143
20146
20148
20149
20151
20154
20155
20157
20160
20161
20163
20166
20168
20170
20171
20174
20175
20178
20180
20181
20183
20185
20187
20189
20192
20193
20196
20198
20200
20202
20203
20206
20208
20209
20212
20213
20215
20217
20219
20221
20223
20226
20227
20230
20232
20233
20236
20238
20240
20242
20244
20246
20247
20249
20252
20254
20256
20257
20260
20262
20263
20265
20268
20269
20271
20273
20276
20277
20280
20281
20283
20286
20287
20289
20291
20294
20295
20297
20299
20301
20303
20305
20308
20309
20311
20314
20316
20318
20319
20321
20324
20325
20327
20329
20332
20334
20335
20338
20339
20341
20343
20345
20348
20350
20351
20354
20356
20357
20359
20361
20364
20365
20367
20370
20371
20374
20376
20378
20379
20382
20384
20385
20387
20390
20392
20393
20395
20397
20400
20401
20403
20405
20407
20410
20412
20414
20415
20418
20420
20421
20424
20425
20428
20430
20432
20434
20435
20437
20440
20441
20443
20446
20447
20449
20451
20453
20456
20458
20459
20462
20464
20465
20468
20469
20472
20474
20475
20477
20480
20481
20483
20485
20488
20490
20492
20494
20496
20497
20500
20501
20503
20505
20508
20510
20512
20513
20516
20518
20519
20522
20524
20525
20528
20529
20532
20533
20535
20538
20540
20541
20543
20545
20548
20550
20552
20553
20555
20557
20559
20561
20563
20565
20568
20570
20572
20574
20576
20578
20579
20582
20583
20585
20588
20589
20592
20593
20596
20598
20599
20602
20603
20605
20608
20610
20612
20614
20615
20617
20619
20622
20624
20626
20627
20629
20632
20633
20636
20638
20639
20642
20644
20646
20648
20649
20651
20653
20655
20657
20659
20662
20663
20666
20667
20669
20671
20674
20675
20677
20680
20682
20683
20686
20687
20689
20691
20694
20696
20697
20699
20702
20703
20706
20708
20709
20712
20713
20715
20717
20719
20722
20724
20726
20727
20729
20731
20733
20735
20737
20740
20741
20744
20745
20747
20750
20752
20753
20755
20757
20759
20761
20763
20766
20768
20770
20772
20773
20776
20777
20779
20781
20783
20785
20788
20789
20792
20794
20796
20798
20800
20802
20803
20806
20808
20810
20812
20814
20815
20818
20820
20822
20823
20825
20828
20830
20832
20833
20836
20837
20840
20842
20844
20845
20848
20850
20851
20854
20856
20858
20859
20861
20864
20865
20867
20869
20872
20874
20876
20877
20879
20882
20883
20886
20887
20889
20892
20894
20896
20897
20899
20901
20903
20906
20908
20909
20912
20914
20916
20918
20920
20921
20923
20926
20928
20930
20932
20934
20936
20937
20939
20941
20944
20946
20947
20949
20952
20953
20955
20957
20960
20961
20963
20966
20968
20969
20971
20974
20976
20978
20979
20982
20983
20986
20988
20990
20992
20993
20995
20997
21000
21002
21003
21006
21007
21010
21011
21014
21015
21018
21020
21021
21023
21026
21027
21029
21032
21033
21035
21037
21039
21042
21043
21045
21047
21050
21052
21054
21055
21057
21060
21062
21063
21065
21068
21070
21072
21074
21076
21077
21080
21081
21083
21085
21087
21089
21091
21094
21095
21097
21099
21101
21103
21106
21108
21110
21111
21114
21116
21118
21120
21122
21123
21126
21127
21129
21132
21134
21135
21137
21140
21142
21143
21145
21147
21149
21152
21154
21155
21157
21159
21162
21164
21165
21168
21169
21171
21173
21175
21178
21179
21182
21184
21186
21187
21190
21191
21193
21196
21197
21200
21202
21203
21205
21208
21209
21211
21213
21216
21217
21219
21221
21223
21226
21227
21229
21231
21233
21235
21237
21240
21241
21243
21246
21247
21249
21252
21253
21255
21258
21260
21261
21264
21265
21267
21269
21272
21273
21275
21278
21279
21282
21283
21285
21288
21290
21291
21293
21295
21297
21300
21301
21304
21305
21307
21309
21312
21314
21315
21318
21319
21321
21324
21326
21328
21330
21332
21333
21336
21337
21339
21342
21344
21345
21348
21350
21351
21353
21356
21358
21359
21362
21363
21366
21368
21369
21371
21373
21375
21378
21379
21381
21383
21385
21387
21390
21392
21393
21395
21398
21400
21401
21403
21406
21407
21409
21411
21414
21416
21417
21420
21421
21424
21425
21428
21430
21431
21434
21435
21438
21439
21441
21444
21445
21447
21449
21451
21453
21456
21458
21459
21462
21464
21466
21468
21470
21471
21473
21475
21477
21480
21482
21483
21486
21488
21489
21491
21494
21495
21498
21500
21501
21504
21505
21508
21509
21512
21513
21515
21518
21519
21522
21523
21525
21527
21530
21531
21533
21536
21537
21540
21542
21544
21546
21548
21549
21551
21554
21556
21557
21560
21561
21563
21566
21568
21569
21571
21574
21576
21578
21579
21582
21584
21586
21588
21589
21591
21594
21596
21598
21599
21601
21604
21606
21607
21609
21612
21613
21616
21617
21620
21621
21624
21626
21627
21629
21631
21633
21635
21638
21639
21642
21643
21645
21648
21650
21652
21653
21656
21657
21659
21661
21664
21666
21667
21670
21671
21674
21676
21677
21680
21681
21684
21685
21687
21690
21691
21693
21696
21698
21699
21702
21704
21706
21707
21709
21711
21714
21715
21717
21720
21721
21723
21725
21727
21729
21732
21734
21735
21738
21740
21742
21744
21746
21747
21749
21751
21753
21756
21757
21759
21762
21763
21766
21767
21770
21772
21774
21775
21777
21779
21782
21783
21785
21787
21789
21791
21794
21796
21798
21800
21801
21804
21805
21807
21809
21811
21814
21815
21817
21819
21821
21824
21826
21828
21830
21832
21834
21836
21838
21840
21841
21843
21846
21847
21850
21851
21854
21855
21858
21859
21862
21863
21865
21868
21869
21871
21873
21875
21877
21880
21882
21884
21886
21887
21889
21892
21894
21896
21897
21900
21901
21903
21906
21907
21910
21912
21914
21915
21917
21920
21921
21924
21926
21927
21929
21931
21934
21936
21937
21940
21942
21944
21945
21948
21950
21952
21954
21955
21958
21960
21961
21963
21965
21967
21969
21971
21973
21976
21978
21979
21981
21983
21986
21988
21989
21992
21993
21996
21998
21999
22002
22003
22005
22007
22009
22011
22014
22015
22017
22019
22021
22023
22026
22027
22029
22032
22033
22035
22038
22040
22041
22043
22045
22047
22050
22052
22054
22055
22058
22060
22062
22064
22066
22067
22069
22072
22073
22076
22077
22080
22081
22083
22086
22087
22089
22091
22094
22096
22097
22099
22102
22104
22105
22108
22110
22112
22113
22115
22118
22120
22122
22124
22125
22128
22129
22131
22133
22135
22138
22139
22141
22143
22146
22147
22150
22152
22153
22155
22157
22159
22161
22164
22166
22168
22170
22172
22174
22176
22178
22180
22182
22184
22186
22188
22190
22191
22194
22196
22197
22199
22201
22204
22205
22207
22210
22211
22213
22215
22217
22220
22222
22223
22225
22227
22230
22231
22234
22235
22238
22239
22242
22244
22245
22247
22249
22252
22254
22255
22258
22259
22261
22263
22265
22267
22269
22272
22274
22276
22278
22280
22282
22283
22285
22288
22289
22291
22294
22295
22298
22299
22301
22304
22306
22307
22309
22312
22313
22315
22317
22320
22322
22324
22325
22327
22330
22332
22334
22336
22337
22339
22342
22344
22346
22347
22350
22351
22354
22356
22357
22360
22362
22364
22365
22368
22369
22372
22373
22375
22377
22379
22382
22383
22385
22388
22390
22391
22394
22396
22398
22399
22401
22404
22406
22408
22409
22411
22414
22416
22418
22419
22422
22424
22426
22428
22430
22432
22433
22436
22437
22440
22441
22444
22445
22447
22450
22452
22453
22456
22458
22460
22461
22464
22466
22468
22469
22472
22474
22476
22478
22480
22482
22483
22486
22488
22490
22492
22494
22495
22498
22500
22502
22504
22505
22508
22510
22512
22514
22515
22517
22519
22522
22523
22525
22527
22529
22532
22534
22536
22538
22539
22541
22543
22545
22547
22549
22552
22554
22555
22558
22559
22562
22563
22565
22568
22569
22572
22573
22576
22577
22579
22581
22583
22585
22588
22590
22591
22594
22596
22598
22600
22602
22604
22606
22608
22609
22612
22614
22615
22618
22619
22622
22624
22626
22628
22630
22632
22633
22636
22638
22640
22642
22643
22646
22648
22649
22652
22654
22656
22657
22660
22662
22664
22666
22667
22669
22672
22673
22675
22678
22680
22682
22684
22686
22687
22690
22691
22694
22696
22698
22700
22702
22704
22705
22707
22709
22711
22714
22715
22717
22720
22721
22723
22726
22727
22730
22732
22734
22736
22737
22739
22742
22743
22746
22748
22749
22751
22754
22756
22758
22760
22761
22763
22766
22767
22770
22771
22774
22776
22777
22780
22781
22784
22785
22787
22790
22791
22794
22796
22798
22799
22801
22804
22806
22808
22810
22812
22814
22816
22818
22819
22821
22824
22826
22828
22829
22832
22833
22835
22837
22839
22841
22843
22845
22847
22850
22852
22853
22855
22858
22860
22861
22864
22866
22868
22870
22871
22873
22875
22878
22880
22881
22883
22885
22888
22890
22892
22893
22896
22898
22899
22902
22903
22906
22908
22909
22912
22914
22915
22918
22919
22922
22923
22926
22927
22930
22931
22933
22935
22937
22940
22942
22943
22945
22947
22950
22952
22953
22955
22958
22959
22962
22963
22965
22967
22970
22971
22974
22976
22978
22980
22982
22983
22985
22987
22990
22992
22994
22995
22998
22999
23002
23003
23006
23007
23010
23012
23013
23016
23018
23020
23021
23024
23026
23028
23029
23031
23033
23035
23038
23040
23041
23044
23045
23048
23050
23051
23054
23056
23057
23059
23062
23064
23066
23067
23069
23072
23073
23076
23078
23079
23082
23084
23085
23087
23090
23092
23093
23096
23097
23099
23101
23103
23106
23108
23109
23111
23113
23116
23117
23119
23121
23124
23125
23127
23129
23131
23133
23135
23138
23140
23142
23143
23146
23147
23149
23151
23154
23156
23158
23159
23162
23164
23166
23167
23169
23171
23173
23175
23177
23179
23181
23184
23186
23187
23190
23192
23194
23196
23198
23200
23201
23204
23205
23207
23210
23211
23213
23216
23217
23220
23222
23223
23225
23227
23230
23232
23233
23235
23238
23240
23241
23243
23246
23248
23250
23252
23253
23255
23257
23259
23262
23264
23265
23268
23269
23271
23273
23275
23277
23280
23281
23284
23285
23288
23290
23292
23294
23296
23298
23300
23301
23303
23306
23308
23309
23312
23314
23315
23317
23320
23322
23323
23325
23328
23329
23332
23333
23335
23338
23339
23341
23344
23345
23347
23350
23352
23354
23356
23358
23360
23361
23363
23366
23367
23370
23372
23373
23375
23377
23379
23382
23384
23385
23387
23389
23392
23394
23395
23397
23400
23402
23403
23406
23408
23409
23412
23413
23415
23418
23419
23421
23424
23426
23428
23429
23432
23433
23435
23437
23439
23441
23444
23445
23448
23449
23451
23454
23455
23458
23459
23461
23464
23465
23468
23470
23472
23473
23475
23477
23480
23482
23483
23485
23487
23490
23492
23494
23495
23498
23500
23502
23503
23506
23507
23510
23511
23514
23515
23518
23519
23522
23524
23526
23528
23529
23531
23533
23536
23538
23539
23542
23544
23546
23547
23550
23552
23554
23556
23557
23560
23561
23564
23565
23567
23570
23571
23574
23576
23578
23580
23582
23583
23585
23588
23589
23592
23594
23595
23597
23600
23601
23604
23605
23608
23609
23611
23614
23615
23618
23619
23622
23623
23625
23628
23630
23631
23634
23636
23638
23639
23641
23643
23646
23648
23650
23652
23653
23655
23658
23659
23661
23664
23666
23668
23669
23671
23674
23675
23678
23680
23682
23684
23686
23688
23690
23691
23694
23696
23698
23700
23702
23704
23705
23707
23709
23711
23713
23715
23717
23720
23721
23724
23726
23727
23729
23731
23734
23735
23737
23739
23741
23743
23745
23747
23749
23751
23754
23756
23758
23760
23762
23764
23766
23767
23769
23771
23773
23775
23777
23779
23782
23784
23785
23788
23789
23791
23793
23795
23797
23800
23801
23804
23805
23807
23809
23811
23813
23816
23818
23819
23821
23823
23825
23828
23830
23832
23833
23836
23837
23840
23841
23843
23846
23848
23849
23852
23853
23856
23857
23860
23862
23863
23865
23867
23869
23872
23873
23875
23877
23880
23882
23884
23886
23888
23890
23891
23894
23896
23898
23900
23901
23903
23905
23908
23909
23912
23913
23916
23918
23920
23922
23923
23926
23928
23929
23932
23934
23936
23938
23940
23941
23944
23945
23947
23950
23952
23954
23956
23957
23959
23962
23963
23965
23968
23969
23971
23974
23976
23978
23979
23981
23983
23985
23987
23990
23992
23993
23996
23998
24000
24001
24004
24005
24007
24010
24012
24014
24015
24018
24019
24022
24024
24026
24027
24029
24032
24033
24035
24037
24039
24042
24044
24045
24048
24049
24052
24054
24056
24057
24059
24062
24064
24065
24067
24070
24071
24073
24076
24077
24080
24081
24084
24086
24087
24089
24092
24093
24095
24098
24100
24102
24103
24105
24107
24110
24111
24114
24116
24118
24119
24121
24123
24126
24127
24130
24131
24134
24135
24138
24139
24142
24144
24145
24147
24150
24151
24154
24156
24157
24160
24161
24163
24166
24167
24169
24171
24174
24176
24177
24180
24182
24183
24185
24188
24190
24192
24193
24195
24197
24200
24201
24203
24205
24208
24209
24212
24213
24216
24218
24220
24222
24223
24225
24227
24230
24231
24234
24235
24238
24240
24241
24243
24245
24248
24249
24252
24254
24255
24257
24259
24261
24263
24265
24267
24269
24272
24274
24276
24278
24280
24282
24284
24285
24288
24289
24292
24293
24295
24298
24300
24302
24304
24306
24308
24309
24311
24313
24316
24318
24320
24322
24324
24325
24328
24330
24331
24333
24335
24337
24340
24342
24343
24345
24347
24350
24352
24354
24355
24358
24360
24361
24363
24365
24368
24370
24372
24374
24375
24378
24380
24381
24384
24385
24387
24389
24391
24393
24396
24397
24400
24401
24404
24405
24407
24409
24412
24414
24416
24418
24419
24421
24423
24426
24428
24430
24431
24433
24436
24438
24439
24442
24444
24446
24448
24449
24451
24454
24456
24458
24459
24461
24463
24466
24467
24470
24472
24473
24475
24477
24480
24481
24484
24485
24487
24490
24492
24494
24496
24497
24500
24501
24504
24506
24508
24510
24512
24513
24515
24517
24520
24521
24523
24525
24528
24529
24532
24533
24535
24538
24539
24542
24543
24546
24547
24550
24551
24553
24555
24558
24560
24561
24563
24565
24567
24569
24572
24574
24576
24577
24580
24581
24584
24585
24588
24590
24592
24594
24596
24597
24600
24601
24604
24605
24607
24609
24611
24613
24615
24617
24619
24621
24624
24625
24627
24630
24632
24634
24636
24637
24640
24641
24644
24645
24648
24649
24652
24654
24655
24658
24660
24661
24664
24666
24668
24670
24672
24673
24675
24677
24680
24682
24683
24685
24687
24689
24691
24694
24695
24697
24699
24701
24704
24706
24708
24709
24711
24714
24715
24718
24720
24721
24723
24726
24727
24729
24731
24733
24735
24737
24740
24741
24744
24746
24748
24749
24751
24753
24756
24758
24759
24762
24764
24766
24767
24769
24771
24774
24775
24777
24779
24781
24783
24786
24787
24790
24792
24793
24796
24797
24799
24802
24803
24805
24807
24810
24811
24813
24815
24818
24820
24822
24824
24825
24827
24830
24831
24833
24836
24837
24839
24841
24843
24845
24848
24849
24851
24854
24855
24857
24859
24861
24864
24865
24868
24870
24872
24874
24876
24878
24879
24881
24884
24885
24888
24889
24892
24894
24896
24898
24900
24901
24903
24905
24907
24909
24912
24914
24916
24917
24920
24921
24923
24925
24927
24929
24932
24933
24936
24937
24939
24942
24943
24946
24947
24949
24952
24954
24956
24958
24960
24962
24963
24966
24967
24970
24972
24974
24975
24978
24979
24982
24984
24985
24987
24990
24991
24994
24996
24998
24999
25001
25004
25006
25007
25010
25011
25013
25016
25017
25020
25021
25023
25026
25028
25029
25031
25033
25036
25037
25039
25042
25044
25046
25048
25049
25052
25053
25056
25058
25060
25062
25064
25066
25067
25069
25071
25074
25075
25077
25079
25081
25084
25086
25088
25089
25092
25093
25096
25098
25100
25102
25104
25106
25107
25109
25111
25113
25115
25117
25119
25122
25124
25125
25128
25129
25131
25134
25136
25138
25139
25142
25144
25145
25148
25149
25151
25154
25156
25157
25159
25162
25163
25166
25168
25170
25172
25173
25175
25178
25180
25182
25184
25186
25187
25189
25191
25193
25195
25198
25199
25202
25204
25205
25208
25210
25211
25214
25216
25218
25220
25222
25223
25226
25228
25230
25232
25234
25235
25237
25240
25242
25243
25246
25247
25249
25251
25253
25256
25257
25260
25262
25264
25265
25267
25269
25272
25274
25276
25277
25279
25281
25283
25286
25288
25290
25292
25294
25295
25297
25300
25301
25303
25305
25308
25310
25312
25313
25315
25317
25319
25321
25323
25326
25328
25329
25331
25333
25336
25337
25340
25342
25344
25346
25347
25349
25351
25354
25356
25358
25359
25362
25364
25365
25367
25369
25372
25373
25375
25378
25379
25381
25383
25385
25387
25390
25391
25393
25396
25397
25399
25401
25404
25406
25407
25409
25412
25413
25416
25417
25419
25421
25423
25426
25428
25429
25432
25433
25436
25438
25439
25441
25444
25446
25448
25450
25451
25454
25455
25458
25459
25462
25464
25466
25467
25469
25472
25474
25475
25477
25480
25481
25484
25485
25488
25489
25491
25493
25495
25497
25500
25501
25504
25506
25507
25509
25511
25514
25515
25518
25520
25521
25523
25526
25528
25529
25531
25534
25536
25537
25539
25542
25544
25545
25547
25550
25551
25553
25555
25557
25560
25561
25563
25566
25568
25569
25572
25574
25575
25577
25579
25581
25583
25586
25587
25589
25592
25594
25595
25598
25599
25602
25603
25606
25607
25609
25611
25614
25616
25618
25620
25621
25623
25625
25628
25629
25632
25634
25635
25637
25640
25642
25644
25646
25647
25650
25652
25654
25655
25658
25660
25662
25663
25665
25667
25669
25671
25673
25676
25678
25679
25681
25684
25686
25687
25689
25692
25694
25695
25698
25700
25701
25704
25706
25707
25709
25711
25713
25716
25717
25720
25721
25723
25726
25727
25729
25732
25733
25736
25738
25739
25741
25743
25745
25748
25749
25752
25754
25755
25757
25759
25761
25763
25765
25767
25770
25771
25773
25776
25778
25779
25781
25784
25786
25788
25790
25792
25794
25796
25798
25799
25802
25803
25805
25807
25810
25811
25814
25815
25817
25820
25822
25824
25826
25828
25830
25832
25834
25835
25837
25839
25842
25843
25846
25848
25850
25852
25853
25855
25858
25860
25861
25863
25865
25867
25870
25872
25874
25875
25877
25880
25881
25883
25885
25887
25889
25892
25893
25895
25897
25899
25902
25904
25906
25908
25909
25911
25913
25916
25917
25920
25921
25924
25925
25927
25929
25931
25934
25935
25938
25939
25942
25943
25946
25947
25950
25952
25954
25955
25957
25960
25961
25963
25965
25967
25969
25972
25973
25976
25977
25979
25982
25983
25985
25988
25990
25991
25994
25995
25998
26000
26001
26003
26005
26007
26010
26012
26013
26015
26017
26019
26022
26023
26026
26027
26030
26031
26034
26036
26038
26040
26042
26043
26045
26047
26050
26052
26053
26055
26057
26060
26062
26063
26065
26067
26070
26071
26073
26075
26078
26080
26082
26084
26085
26088
26090
26091
26094
26095
26097
26099
26101
26104
26105
26108
26109
26111
26113
26115
26118
26119
26122
26124
26125
26127
26129
26131
26133
26135
26138
26139
26141
26143
26145
26148
26150
26152
26154
26156
26157
26159
26161
26164
26166
26168
26170
26171
26173
26175
26178
26180
26182
26184
26186
26187
26190
26191
26194
26195
26197
26200
26202
26204
26205
26207
26210
26212
26214
26216
26217
26219
26221
26224
26225
26228
26229
26231
26234
26235
26238
26240
26241
26244
26245
26248
26249
26251
26254
26255
26257
26259
26261
26264
26265
26268
26270
26272
26274
26275
26278
26279
26282
26284
26286
26288
26290
26292
26294
26295
26297
26300
26302
26304
26305
26308
26309
26312
26314
26315
26318
26319
26322
26324
26326
26328
26330
26331
26334
26335
26338
26339
26341
26343
26346
26348
26349
26351
26354
26355
26358
26359
26361
26363
26366
26367
26369
26372
26373
26375
26378
26379
26382
26384
26385
26388
26390
26391
26393
26396
26397
26400
26402
26404
26406
26408
26409
26412
26414
26416
26417
26419
26421
26424
26426
26427
26430
26431
26433
26435
26438
26439
26441
26443
26446
26447
26449
26452
26453
26456
26458
26459
26461
26463
26465
26468
26470
26471
26474
26476
26478
26480
26482
26484
26485
26488
26489
26491
26493
26496
26497
26500
26502
26503
26506
26508
26509
26512
26513
26516
26518
26520
26521
26523
26526
26527
26530
26531
26533
26535
26538
26539
26542
26543
26545
26548
26549
26552
26554
26556
26557
26559
26561
26564
26566
26568
26569
26571
26573
26575
26578
26579
26582
26584
26586
26588
26590
26591
26593
26596
26597
26599
26602
26603
26606
26608
26609
26611
26614
26616
26618
26620
26622
26623
26626
26627
26630
26631
26634
26636
26638
26639
26642
26644
26645
26648
26650
26652
26654
26655
26658
26659
26662
26663
26666
26668
26669
26671
26674
26675
26677
26680
26681
26683
26686
26687
26689
26692
26694
26696
26697
26700
26701
26704
26705
26708
26709
26712
26714
26716
26717
26719
26722
26724
26725
26727
26729
26732
26733
26735
26737
26740
26742
26744
26745
26748
26750
26751
26753
26756
26758
26760
26761
26763
26766
26768
26769
26771
26774
26775
26777
26780
26782
26783
26786
26788
26790
26792
26793
26795
26798
26800
26801
26804
26805
26808
26809
26812
26813
26815
26817
26820
26821
26823
26826
26828
26829
26832
26834
26836
26837
26839
26841
26844
26846
26848
26849
26851
26853
26855
26858
26859
26862
26864
26866
26868
26869
26872
26873
26875
26877
26880
26882
26883
26885
26888
26889
26892
26894
26896
26898
26900
26902
26903
26906
26907
26909
26911
26913
26915
26917
26920
26922
26923
26925
26928
26930
26931
26933
26936
26937
26940
26942
26943
26946
26948
26949
26952
26953
26956
26958
26960
26961
26964
26965
26968
26970
26971
26974
26975
26977
26979
26981
26984
26986
26987
26989
26991
26993
26995
26997
26999
27002
27003
27005
27008
27009
27012
27013
27015
27018
27020
27021
27024
27026
27028
27029
27032
27033
27035
27038
27040
27042
27044
27045
27047
27050
27052
27054
27055
27058
27059
27061
27063
27065
27068
27070
27071
27073
27076
27078
27080
27081
27084
27085
27087
27090
27092
27094
27095
27097
27100
27102
27103
27106
27107
27110
27112
27113
27116
27117
27120
27122
27123
27126
27127
27129
27132
27133
27135
27138
27140
27142
27144
27146
27148
27150
27151
27153
27155
27158
27159
27161
27164
27166
27168
27170
27172
27173
27175
27178
27180
27182
27184
27186
27187
27190
27191
27193
27195
27197
27200
27201
27203
27205
27207
27210
27212
27214
27216
27217
27219
27221
27224
27226
27227
27230
27232
27233
27236
27238
27239
27242
27243
27246
27248
27249
27252
27253
27255
27257
27259
27262
27263
27265
27268
27270
27272
27274
27275
27278
27280
27281
27283
27286
27287
27290
27291
27294
27295
27298
27300
27302
27304
27305
27307
27310
27311
27313
27316
27318
27319
27322
27323
27326
27327
27329
27332
27334
27335
27337
27339
27341
27343
27345
27348
27350
27351
27353
27356
27357
27360
27362
27364
27365
27368
27369
27372
27373
27375
27377
27379
27381
27384
27386
27387
27389
27391
27394
27396
27398
27400
27401
27403
27405
27407
27409
27411
27413
27415
27418
27420
27422
27424
27425
27427
27430
27431
27433
27436
27438
27440
27442
27444
27446
27447
27449
27451
27453
27456
27457
27460
27462
27464
27466
27467
27469
27471
27473
27475
27478
27479
27482
27484
27486
27487
27490
27492
27494
27496
27498
27499
27501
27504
27506
27508
27509
27511
27514
27515
27517
27520
27521
27524
27525
27527
27529
27531
27534
27536
27538
27539
27542
27543
27546
27547
27550
27552
27554
27556
27558
27560
27561
27563
27566
27567
27569
27572
27573
27575
27577
27579
27581
27584
27586
27588
27590
27592
27593
27595
27597
27600
27601
27604
27605
27608
27610
27611
27613
27615
27618
27620
27621
27624
27625
27628
27629
27631
27634
27636
27637
27640
27642
27644
27646
27647
27650
27652
27654
27656
27657
27660
27662
27664
27666
27667
27670
27671
27674
27675
27677
27680
27681
27684
27685
27688
27690
27691
27693
27696
27697
27699
27701
27704
27705
27707
27710
27711
27714
27716
27717
27719
27722
27724
27725
27727
27730
27732
27733
27735
27737
27740
27741
27744
27745
27747
27749
27751
27754
27756
27757
27760
27761
27763
27766
27768
27770
27771
27774
27776
27777
27779
27782
27783
27786
27787
27789
27792
27793
27796
27797
27800
27802
27803
27805
27808
27810
27812
27814
27816
27818
27820
27821
27823
27826
27827
27830
27832
27834
27835
27837
27840
27841
27844
27846
27848
27849
27852
27854
27856
27857
27859
27861
27863
27866
27867
27870
27871
27874
27876
27878
27879
27881
27884
27886
27888
27889
27892
27894
27895
27897
27900
27901
27903
27906
27907
27910
27911
27913
27915
27917
27920
27922
27924
27926
27928
27930
27931
27933
27936
27937
27939
27941
27944
27945
27948
27949
27951
27953
27955
27957
27959
27962
27964
27966
27968
27969
27972
27974
27975
27977
27979
27981
27984
27985
27987
27989
27991
27994
27995
27997
27999
28002
28004
28006
28007
28009
28011
28014
28016
28017
28019
28021
28023
28025
28028
28030
28032
28034
28035
28037
28039
28041
28043
28045
28048
28050
28051
28054
28056
28057
28060
28062
28063
28066
28068
28070
28071
28074
28075
28077
28080
28082
28083
28086
28088
28089
28092
28094
28095
28098
28099
28101
28104
28106
28108
28110
28112
28113
28116
28117
28119
28121
28123
28125
28128
28129
28132
28134
28135
28138
28139
28141
28144
28145
28148
28150
28151
28154
28155
28157
28160
28161
28164
28166
28167
28169
28172
28174
28176
28177
28180
28182
28183
28186
28188
28190
28191
28194
28195
28198
28200
28202
28204
28206
28208
28210
28212
28213
28215
28217
28220
28221
28223
28225
28228
28229
28231
28234
28235
28238
28240
28241
28243
28246
28248
28249
28251
28254
28255
28257
28259
28261
28264
28265
28267
28269
28272
28274
28276
28277
28279
28282
28283
28286
28288
28289
28291
28293
28296
28298
28300
28301
28304
28306
28307
28310
28312
28313
28316
28318
28320
28321
28323
28326
28327
28330
28332
28334
28335
28337
28339
28341
28344
28345
28347
28349
28351
28354
28356
28358
28359
28362
28363
28365
28368
28369
28371
28374
28375
28378
28379
28382
28384
28386
28388
28390
28391
28393
28396
28398
28399
28402
28404
28406
28407
28410
28412
28413
28415
28418
28419
28421
28423
28425
28427
28430
28431
28434
28435
28438
28440
28441
28444
28445
28448
28449
28452
28454
28456
28458
28460
28461
28464
28466
28468
28470
28471
28473
28475
28477
28480
28481
28484
28485
28488
28489
28492
28493
28496
28498
28500
28502
28504
28505
28508
28509
28512
28514
28515
28518
28520
28521
28524
28526
28527
28530
28532
28534
28536
28537
28539
28541
28544
28546
28548
28549
28551
28553
28556
28557
28559
28562
28563
28565
28567
28570
28572
28573
28575
28578
28580
28581
28583
28586
28587
28590
28591
28593
28595
28597
28599
28602
28603
28605
28607
28610
28611
28613
28615
28618
28619
28621
28624
28625
28628
28629
28632
28633
28636
28638
28640
28641
28643
28646
28647
28650
28651
28653
28655
28657
28659
28662
28663
28665
28668
28670
28672
28674
28675
28677
28680
28681
28683
28686
28688
28689
28691
28693
28696
28698
28699
28701
28704
28706
28707
28709
28712
28714
28716
28718
28719
28722
28723
28726
28728
28729
28732
28733
28736
28738
28740
28742
28744
28745
28748
28750
28752
28754
28756
28758
28760
28762
28764
28766
28767
28769
28771
28774
28776
28778
28779
28781
28783
28786
28788
28790
28792
28794
28795
28798
28800
28801
28804
28805
28807
28810
28811
28813
28816
28817
28819
28821
28823
28826
28828
28830
28832
28834
28835
28837
28840
28841
28843
28846
28847
28849
28851
28853
28856
28857
28859
28862
28864
28866
28867
28869
28872
28874
28875
28877
28879
28882
28884
28886
28887
28889
28891
28893
28895
28898
28900
28902
28904
28906
28907
28910
28911
28913
28916
28918
28919
28922
28923
28925
28928
28930
28932
28933
28936
28937
28939
28942
28944
28945
28947
28950
28951
28953
28955
28958
28959
28961
28964
28965
28968
28970
28972
28973
28975
28978
28979
28982
28984
28986
28987
28990
28991
28993
28995
28997
28999
29001
29004
29006
29008
29009
29012
29013
29015
29018
29020
29021
29024
29026
29027
29029
29031
29033
29035
29037
29040
29041
29044
29046
29048
29050
29051
29053
29056
29057
29059
29061
29063
29066
29068
29070
29071
29074
29075
29078
29079
29082
29084
29085
29087
29090
29092
29094
29095
29098
29099
29102
29104
29105
29107
29110
29111
29113
29115
29117
29119
29122
29124
29125
29128
29130
29131
29134
29136
29138
29139
29142
29143
29146
29147
29149
29151
29154
29155
29157
29159
29161
29163
29166
29167
29170
29172
29173
29175
29178
29180
29181
29184
29186
29188
29190
29191
29193
29196
29197
29199
29201
29203
29206
29207
29210
29212
29214
29215
29217
29220
29222
29224
29225
29228
29229
29232
29234
29236
29238
29239
29242
29243
29246
29248
29250
29251
29253
29255
29258
29260
29262
29263
29265
29268
29269
29271
29274
29276
29277
29280
29282
29283
29285
29288
29289
29291
29293
29296
29297
29299
29301
29303
29306
29308
29310
29311
29313
29316
29318
29320
29322
29323
29326
29327
29330
29331
29333
29335
29337
29340
29342
29343
29346
29348
29349
29351
29353
29355
29357
29360
29362
29363
29366
29368
29370
29371
29373
29375
29378
29379
29382
29383
29385
29387
29389
29391
29394
29395
29398
29400
29402
29404
29406
29408
29409
29411
29413
29415
29418
29420
29421
29423
29426
29427
29430
29431
29434
29436
29437
29439
29441
29444
29446
29447
29450
29452
29453
29455
29457
29459
29462
29464
29466
29467
29469
29471
29474
29475
29477
29480
29481
29484
29486
29487
29490
29492
29494
29495
29497
29499
29501
29504
29506
29508
29510
29511
29514
29515
29517
29519
29522
29524
29525
29527
29529
29532
29533
29536
29538
29540
29541
29544
29546
29548
29550
29552
29553
29556
29557
29559
29562
29564
29565
29567
29569
29572
29574
29576
29578
29579
29582
29583
29586
29587
29589
29592
29594
29595
29598
29599
29602
29604
29606
29607
29610
29612
29613
29615
29617
29619
29621
29623
29625
29627
29629
29632
29633
29636
29638
29639
29642
29644
29646
29648
29649
29651
29654
29656
29657
29659
29661
29663
29665
29667
29669
29672
29674
29675
29677
29680
29682
29684
29686
29688
29690
29692
29693
29696
29697
29700
29701
29703
29706
29708
29710
29711
29714
29716
29717
29720
29722
29723
29726
29728
29729
29731
29734
29735
29737
29739
29742
29744
29745
29748
29750
29751
29754
29755
29757
29760
29762
29763
29766
29768
29770
29772
29774
29775
29777
29780
29782
29783
29786
29787
29790
29792
29794
29796
29798
29800
29801
29804
29806
29808
29809
29811
29814
29816
29818
29820
29822
29824
29826
29827
29830
29832
29834
29836
29838
29840
29841
29843
29846
29848
29850
29851
29853
29855
29857
29860
29862
29863
29865
29868
29870
29872
29873
29875
29877
29880
29881
29884
29886
29887
29890
29892
29894
29895
29898
29900
29902
29904
29905
29907
29909
29911
29914
29916
29917
29920
29921
29923
29926
29927
29930
29932
29933
29935
29938
29939
29942
29944
29946
29947
29950
29951
29954
29955
29957
29959
29961
29964
29965
29968
29969
29971
29974
29975
29977
29979
29982
29983
29986
29988
29989
29991
29994
29996
29997
29999
30002
30004
30006
30008
30009
30012
30013
30015
30017
30019
30022
30023
30026
30027
30030
30031
30033
30036
30037
30039
30041
30044
30046
30048
30050
30052
30053
30055
30058
30060
30061
30064
30066
30068
30069
30071
30073
30075
30078
30079
30082
30084
30086
30088
30090
30092
30093
30096
30097
30100
30102
30104
30106
30108
30110
30112
30113
30115
30117
30119
30121
30124
30126
30128
30130
30132
30134
30136
30138
30139
30141
30143
30146
30147
30149
30151
30154
30156
30158
30159
30161
30163
30166
30167
30170
30171
30173
30175
30178
30180
30182
30184
30186
30187
30189
30191
30194
30195
30197
30200
30201
30203
30205
30208
30210
30211
30214
30216
30218
30220
30222
30224
30226
30227
30230
30231
30233
30236
30238
30240
30241
30243
30246
30247
30250
30252
30253
30256
30257
30260
30261
30264
30266
30267
30269
30271
30274
30276
30278
30279
30282
30283
30285
30287
30289
30292
30293
30295
30297
30300
30301
30303
30306
30307
30310
30312
30314
30315
30318
30319
30321
30324
30326
30328
30330
30332
30333
30335
30338
30340
30341
30344
30346
30348
30350
30352
30354
30356
30358
30359
30362
30363
30366
30367
30370
30371
30374
30375
30377
30379
30381
30383
30385
30387
30389
30392
30393
30396
30398
30400
30402
30403
30406
30408
30409
30411
30414
30416
30418
30420
30422
30423
30426
30428
30430
30432
30433
30435
30438
30440
30441
30444
30446
30447
30450
30452
30453
30456
30457
30460
30461
30464
30465
30467
30470
30472
30474
30476
30477
30480
30481
30483
30485
30487
30489
30491
30493
30495
30498
30499
30502
30504
30505
30507
30509
30512
30513
30516
30518
30519
30521
30523
30526
30528
30530
30532
30533
30536
30538
30540
30542
30543
30545
30548
30550
30551
30553
30555
30557
30560
30562
30563
30566
30567
30569
30572
30574
30576
30578
30580
30581
30584
30586
30588
30590
30591
30594
30596
30598
30599
30602
30604
30605
30607
30609
30612
30613
30615
30617
30619
30621
30623
30625
30627
30629
30632
30633
30636
30637
30640
30642
30643
30646
30648
30650
30652
30654
30656
30657
30659
30661
30663
30665
30668
30669
30671
30673
30676
30678
30680
30682
30684
30686
30688
30689
30692
30693
30695
30698
30699
30702
30704
30706
30708
30710
30711
30714
30716
30718
30720
30722
30724
30725
30727
30729
30732
30733
30736
30737
30739
30741
30743
30746
30747
30749
30751
30753
30755
30757
30759
30761
30763
30766
30768
30770
30772
30773
30775
30777
30779
30782
30784
30785
30788
30790
30791
30794
30795
30798
30800
30802
30804
30806
30808
30809
30811
30814
30815
30818
30819
30822
30823
30825
30827
30829
30832
30833
30835
30838
30840
30841
30843
30846
30847
30850
30851
30854
30856
30857
30859
30862
30864
30866
30868
30870
30872
30874
30875
30877
30880
30882
30883
30885
30887
30889
30892
30894
30896
30897
30900
30901
30903
30906
30908
30909
30911
30914
30916
30917
30919
30921
30924
30925
30927
30930
30931
30933
30936
30938
30939
30941
30944
30946
30948
30949
30951
30953
30955
30957
30960
30962
30963
30966
30967
30969
30971
30973
30975
30978
30979
30981
30983
30985
30987
30989
30991
30993
30996
30998
30999
31002
31003
31005
31008
31010
31012
31013
31015
31018
31020
31021
31023
31026
31027
31029
31031
31034
31036
31037
31040
31042
31044
31045
31047
31050
31051
31053
31055
31057
31060
31062
31064
31065
31067
31069
31072
31073
31075
31078
31080
31082
31083
31086
31088
31090
31092
31093
31096
31097
31099
31102
31103
31105
31107
31110
31112
31114
31116
31118
31120
31122
31124
31125
31127
31129
31131
31134
31135
31137
31140
31141
31143
31146
31148
31149
31152
31153
31155
31157
31159
31161
31163
31165
31167
31169
31171
31173
31176
31178
31179
31181
31184
31186
31188
31189
31192
31193
31195
31198
31200
31202
31203
31205
31208
31210
31211
31213
31216
31217
31219
31222
31223
31226
31227
31230
31232
31233
31235
31237
31239
31241
31243
31245
31247
31250
31252
31253
31256
31257
31259
31262
31263
31265
31267
31269
31271
31273
31276
31278
31280
31282
31284
31286
31288
31289
31291
31294
31295
31297
31299
31301
31303
31306
31308
31310
31312
31313
31315
31317
31320
31321
31324
31326
31327
31329
31331
31333
31336
31338
31339
31342
31343
31346
31347
31350
31351
31353
31356
31357
31359
31362
31363
31365
31368
31369
31372
31373
31375
31377
31379
31381
31383
31385
31387
31389
31391
31393
31395
31397
31399
31401
31403
31405
31407
31409
31411
31413
31415
31417
31419
31421
31423
31425
31427
31429
31432
31434
31436
31438
31440
31442
31443
31445
31447
31449
31452
31453
31455
31458
31460
31462
31463
31466
31468
31470
31471
31473
31475
31478
31480
31482
31484
31485
31487
31489
31491
31493
31495
31498
31500
31501
31503
31506
31507
31510
31512
31513
31516
31518
31519
31521
31524
31526
31528
31529
31531
31533
31536
31538
31539
31541
31544
31545
31547
31549
31552
31554
31555
31558
31560
31561
31563
31566
31567
31569
31571
31573
31575
31578
31580
31581
31584
31585
31587
31590
31591
31594
31595
31597
31599
31601
31604
31606
31607
31610
31611
31614
31615
31618
31620
31622
31624
31626
31628
31630
31631
31633
31636
31638
31639
31642
31643
31646
31647
31650
31651
31653
31655
31658
31660
31662
31663
31666
31668
31670
31672
31674
31676
31678
31680
31682
31683
31686
31688
31689
31692
31693
31695
31698
31700
31701
31703
31705
31707
31709
31712
31714
31715
31718
31720
31721
31723
31725
31728
31729
31731
31734
31735
31738
31739
31741
31743
31745
31747
31749
31751
31753
31755
31758
31759
31761
31764
31766
31768
31770
31772
31773
31776
31778
31780
31782
31783
31785
31787
31790
31791
31793
31795
31798
31800
31802
31803
31805
31808
31809
31812
31814
31815
31817
31819
31821
31824
31825
31827
31830
31831
31834
31836
31838
31840
31842
31843
31845
31847
31849
31851
31854
31856
31858
31860
31862
31863
31866
31867
31869
31872
31874
31875
31877
31879
31881
31884
31886
31888
31890
31892
31893
31896
31897
31900
31901
31903
31906
31907
31910
31911
31914
31916
31917
31919
31921
31924
31925
31928
31929
31932
31933
31936
31938
31940
31942
31944
31945
31947
31949
31952
31954
31955
31957
31960
31961
31963
31966
31968
31969
31971
31973
31976
31977
31980
31982
31983
31985
31988
31989
31992
31993
31996
31998
32000
32001
32003
32005
32007
32009
32012
32014
32015
32017
32020
32021
32024
32025
32028
32030
32031
32034
32035
32038
32040
32042
32044
32046
32047
32050
32051
32054
32056
32058
32059
32062
32063
32066
32068
32069
32071
32074
32076
32078
32080
32082
32084
32086
32088
32090
32091
32094
32095
32098
32099
32101
32104
32105
32107
32109
32111
32113
32116
32118
32120
32122
32124
32126
32127
32129
32132
32134
32135
32137
32139
32141
32143
32146
32147
32149
32152
32153
32155
32157
32160
32162
32163
32165
32168
32170
32172
32173
32175
32177
32179
32182
32183
32185
32187
32189
32191
32194
32195
32198
32199
32202
32203
32206
32207
32209
32212
32214
32215
32218
32220
32221
32223
32225
32227
32229
32231
32234
32235
32238
32239
32241
32244
32245
32247
32250
32251
32253
32255
32258
32260
32262
32263
32265
32267
32270
32271
32273
32275
32278
32280
32282
32284
32286
32287
32290
32291
32294
32295
32298
32299
32302
32304
32306
32307
32310
32311
32313
32315
32318
32320
32321
32323
32325
32328
32329
32332
32333
32336
32338
32339
32341
32344
32346
32348
32350
32352
32354
32356
32357
32360
32362
32364
32366
32367
32369
32371
32374
32375
32377
32380
32382
32384
32386
32387
32390
32391
32394
32396
32397
32400
32401
32404
32405
32408
32410
32411
32414
32416
32417
32419
32422
32423
32425
32427
32429
32431
32434
32436
32437
32440
32441
32444
32445
32447
32449
32451
32454
32455
32457
32459
32461
32463
32466
32468
32470
32472
32473
32475
32478
32479
32481
32483
32485
32488
32490
32492
32494
32496
32498
32499
32502
32504
32505
32508
32509
32511
32513
32515
32517
32519
32521
32524
32526
32528
32529
32531
32534
32535
32537
32540
32541
32543
32546
32548
32549
32551
32553
32556
32558
32560
32561
32564
32566
32567
32570
32571
32574
32575
32577
32579
32582
32583
32586
32587
32589
32591
32593
32595
32598
32600
32601
32603
32605
32608
32609
32611
32613
32615
32617
32619
32621
32623
32625
32627
32629
32631
32633
32635
32637
32639
32641
32643
32645
32647
32649
32651
32653
32655
32657
32659
32662
32663
32665
32668
32670
32672
32673
32676
32678
32680
32682
32683
32686
32688
32690
32692
32694
32695
32697
32700
32702
32704
32705
32708
32709
32711
32714
32716
32718
32719
32721
32723
32726
32727
32729
32731
32734
32736
32737
32739
32741
32743
32745
32748
32749
32751
32753
32755
32758
32760
32761
32764
32765
