s vc 8114 2574
1
4
8
11
12
13
14
15
16
17
18
19
20
21
22
23
24
25
26
27
29
30
31
34
35
36
37
38
39
40
41
43
44
45
46
47
48
49
50
51
54
55
56
57
58
60
62
63
64
65
66
67
68
69
70
71
72
73
74
75
76
77
78
80
87
90
91
93
96
97
101
102
103
104
105
106
107
110
111
114
115
116
117
118
120
121
122
123
124
125
126
127
128
129
130
135
138
139
141
142
143
144
145
146
150
151
152
153
154
155
156
160
166
167
168
169
170
172
173
174
177
178
179
180
181
182
183
184
185
186
187
188
189
190
191
192
193
194
195
196
197
198
199
200
202
205
206
208
209
211
212
213
220
221
224
225
226
227
228
229
230
231
232
233
234
235
236
237
238
239
240
241
242
243
244
245
246
247
248
249
250
251
252
255
256
263
264
266
268
269
270
271
273
274
275
276
277
280
285
287
288
289
290
291
292
293
294
295
298
299
301
303
306
307
309
310
315
317
323
324
325
327
328
329
330
331
332
333
334
336
337
338
339
340
341
344
347
348
349
351
360
362
363
369
373
374
376
383
384
388
391
394
399
408
417
421
424
425
427
429
430
431
432
433
434
435
436
437
438
439
440
441
443
448
453
456
457
458
459
461
463
468
469
470
472
475
476
478
479
480
481
482
483
484
485
486
487
488
490
492
494
495
497
498
499
500
501
502
505
514
515
517
518
519
520
524
525
529
530
531
532
533
534
535
536
538
539
540
545
546
547
548
549
550
551
552
553
554
557
558
560
561
564
565
566
567
568
569
570
571
572
573
574
575
576
577
578
581
582
584
587
588
589
590
591
592
593
594
595
596
597
598
599
600
601
602
603
605
608
609
610
612
613
614
615
616
620
621
622
623
624
630
632
633
639
645
661
664
672
674
676
694
699
703
715
716
721
725
727
729
731
735
736
737
738
739
740
741
742
743
744
745
746
747
748
749
750
751
752
753
754
755
756
757
758
759
760
763
764
770
773
779
780
788
789
807
809
810
815
816
817
819
823
824
826
829
833
836
839
844
850
851
852
853
854
856
857
863
865
867
869
871
873
875
877
879
882
887
888
890
891
894
896
899
904
905
906
909
916
917
918
920
922
923
925
926
927
932
933
937
940
944
947
948
950
951
953
956
957
959
961
963
964
974
975
976
977
978
979
980
981
982
983
984
985
986
987
988
989
990
991
992
993
994
995
996
997
998
1001
1002
1005
1006
1007
1008
1009
1010
1011
1014
1016
1018
1020
1021
1023
1025
1026
1027
1028
1029
1037
1038
1039
1040
1041
1042
1043
1044
1046
1047
1048
1050
1051
1052
1053
1056
1058
1059
1062
1064
1065
1066
1068
1070
1071
1072
1073
1074
1079
1080
1081
1083
1084
1085
1086
1087
1088
1089
1091
1092
1093
1094
1095
1098
1099
1100
1101
1102
1103
1104
1107
1113
1114
1115
1116
1117
1124
1125
1127
1128
1129
1130
1131
1132
1135
1136
1138
1139
1140
1141
1142
1143
1144
1149
1153
1154
1155
1156
1158
1159
1160
1161
1162
1163
1164
1165
1166
1167
1168
1170
1171
1180
1184
1189
1191
1196
1197
1198
1199
1200
1201
1202
1205
1206
1207
1208
1209
1210
1211
1212
1214
1216
1217
1218
1221
1222
1223
1225
1226
1227
1229
1233
1234
1235
1236
1237
1242
1243
1245
1246
1247
1248
1249
1250
1251
1252
1253
1254
1255
1256
1257
1258
1259
1260
1261
1262
1263
1264
1265
1266
1267
1268
1269
1270
1271
1273
1274
1275
1276
1277
1278
1279
1280
1281
1282
1283
1284
1285
1286
1287
1288
1289
1290
1291
1292
1294
1296
1297
1298
1299
1300
1301
1302
1304
1305
1306
1307
1312
1313
1314
1320
1321
1322
1324
1325
1326
1327
1328
1329
1330
1331
1332
1333
1334
1335
1336
1339
1341
1342
1343
1348
1351
1352
1356
1357
1358
1359
1360
1361
1363
1370
1371
1376
1380
1382
1386
1387
1388
1391
1394
1395
1400
1401
1403
1406
1409
1410
1411
1412
1413
1415
1416
1422
1425
1426
1431
1432
1433
1434
1435
1436
1437
1438
1439
1440
1441
1443
1448
1451
1452
1455
1456
1457
1458
1459
1460
1461
1465
1466
1467
1468
1470
1471
1472
1474
1475
1476
1477
1478
1479
1485
1487
1489
1492
1493
1494
1495
1496
1497
1498
1500
1501
1503
1504
1507
1508
1509
1513
1517
1519
1520
1521
1522
1524
1525
1526
1529
1532
1534
1535
1536
1537
1538
1539
1540
1541
1542
1543
1544
1545
1546
1547
1548
1549
1550
1551
1552
1554
1558
1560
1561
1562
1563
1564
1565
1566
1567
1568
1569
1570
1573
1575
1578
1580
1586
1587
1589
1592
1594
1595
1597
1598
1601
1602
1604
1605
1606
1607
1608
1609
1610
1611
1612
1614
1615
1616
1617
1621
1622
1623
1624
1625
1626
1627
1628
1629
1630
1631
1632
1633
1634
1637
1638
1642
1643
1648
1649
1655
1656
1657
1658
1659
1660
1661
1662
1663
1664
1665
1666
1667
1668
1669
1670
1679
1681
1682
1684
1691
1698
1700
1701
1704
1705
1706
1707
1708
1709
1710
1711
1712
1713
1718
1720
1721
1723
1724
1725
1726
1727
1728
1729
1730
1732
1733
1736
1737
1739
1740
1741
1742
1743
1744
1745
1746
1747
1749
1751
1752
1753
1754
1755
1759
1762
1763
1764
1765
1766
1770
1771
1774
1775
1776
1777
1778
1779
1780
1781
1782
1783
1784
1785
1786
1787
1788
1789
1790
1791
1793
1796
1799
1800
1801
1802
1804
1805
1806
1807
1809
1810
1811
1814
1815
1816
1817
1821
1822
1823
1824
1825
1826
1827
1828
1829
1830
1831
1834
1835
1837
1838
1840
1841
1844
1848
1850
1851
1852
1853
1854
1855
1856
1857
1859
1860
1861
1862
1863
1864
1865
1866
1867
1868
1869
1870
1871
1872
1873
1882
1883
1884
1885
1886
1888
1892
1894
1896
1897
1898
1899
1900
1901
1902
1903
1904
1911
1912
1915
1916
1917
1918
1919
1920
1921
1922
1923
1924
1928
1929
1930
1935
1937
1938
1939
1940
1941
1944
1949
1955
1957
1958
1959
1960
1961
1962
1963
1964
1965
1966
1967
1968
1970
1974
1976
1977
1978
1979
1980
1981
1982
1984
1985
1986
1987
1991
1995
1996
1997
1998
1999
2000
2001
2002
2003
2004
2005
2010
2011
2013
2014
2015
2017
2018
2021
2025
2026
2027
2028
2029
2030
2031
2032
2033
2045
2046
2047
2048
2049
2050
2054
2061
2064
2065
2066
2067
2068
2071
2075
2076
2083
2084
2087
2091
2092
2093
2095
2096
2099
2100
2101
2103
2106
2107
2108
2111
2113
2114
2115
2117
2118
2119
2126
2127
2128
2129
2131
2134
2137
2144
2145
2146
2147
2148
2149
2150
2151
2152
2153
2154
2155
2156
2157
2161
2162
2163
2164
2175
2187
2189
2190
2192
2193
2194
2195
2203
2204
2205
2206
2208
2209
2211
2218
2219
2220
2221
2222
2223
2224
2225
2226
2227
2228
2229
2231
2233
2235
2236
2237
2238
2239
2240
2242
2243
2244
2245
2246
2249
2250
2251
2252
2253
2256
2257
2259
2260
2261
2262
2263
2264
2265
2266
2267
2268
2269
2270
2271
2272
2273
2274
2275
2276
2277
2284
2285
2286
2287
2288
2289
2290
2291
2294
2295
2299
2300
2301
2302
2303
2308
2309
2310
2311
2312
2313
2314
2315
2317
2318
2325
2326
2327
2328
2329
2330
2334
2335
2336
2337
2338
2339
2340
2341
2342
2343
2344
2345
2346
2347
2348
2349
2350
2351
2354
2355
2356
2357
2359
2360
2361
2366
2367
2368
2369
2370
2371
2374
2375
2379
2381
2383
2384
2389
2390
2391
2392
2393
2394
2397
2399
2400
2405
2406
2408
2410
2413
2415
2416
2418
2423
2424
2425
2426
2427
2433
2434
2435
2436
2437
2438
2439
2440
2444
2445
2446
2447
2448
2449
2451
2453
2455
2456
2457
2458
2464
2466
2467
2469
2471
2473
2474
2475
2477
2484
2486
2487
2490
2491
2492
2493
2494
2495
2496
2497
2498
2499
2500
2503
2504
2508
2509
2511
2512
2513
2515
2521
2522
2523
2524
2530
2531
2532
2533
2534
2537
2542
2543
2549
2551
2552
2553
2554
2555
2556
2557
2562
2568
2570
2571
2572
2575
2581
2582
2583
2584
2585
2587
2588
2589
2590
2592
2595
2600
2601
2602
2606
2607
2608
2609
2610
2611
2612
2613
2614
2615
2616
2617
2620
2621
2624
2625
2626
2627
2628
2629
2630
2631
2632
2634
2635
2644
2645
2646
2647
2653
2658
2660
2661
2662
2663
2664
2665
2668
2669
2670
2677
2683
2684
2689
2690
2691
2692
2693
2694
2695
2696
2702
2703
2704
2705
2706
2707
2708
2709
2710
2711
2713
2715
2718
2719
2720
2721
2724
2732
2733
2735
2739
2740
2741
2742
2745
2746
2747
2748
2749
2750
2753
2756
2758
2765
2766
2769
2781
2782
2783
2784
2785
2787
2788
2789
2790
2795
2796
2797
2798
2799
2800
2801
2802
2803
2804
2805
2806
2807
2808
2810
2811
2815
2818
2821
2822
2830
2831
2832
2833
2835
2836
2839
2840
2841
2842
2843
2844
2845
2846
2848
2849
2852
2854
2855
2859
2860
2862
2864
2866
2867
2872
2873
2874
2875
2876
2877
2878
2879
2881
2885
2886
2887
2894
2895
2899
2901
2902
2903
2905
2906
2907
2908
2909
2910
2911
2919
2924
2927
2928
2929
2930
2931
2932
2934
2939
2946
2949
2950
2952
2954
2955
2959
2961
2962
2969
2971
2972
2974
2975
2976
2978
2983
2984
2985
2986
2987
2988
2990
2991
2994
2998
3000
3002
3006
3007
3008
3009
3010
3011
3012
3013
3019
3020
3022
3023
3024
3025
3027
3030
3031
3036
3037
3038
3039
3040
3041
3042
3048
3049
3052
3054
3061
3062
3065
3067
3068
3069
3070
3071
3072
3075
3076
3077
3078
3086
3090
3091
3093
3096
3097
3099
3100
3101
3102
3103
3117
3119
3120
3121
3128
3129
3131
3132
3133
3136
3139
3140
3146
3147
3148
3149
3154
3156
3157
3160
3164
3165
3166
3167
3168
3169
3170
3171
3172
3175
3177
3178
3179
3183
3184
3185
3186
3187
3188
3198
3199
3202
3203
3208
3212
3219
3220
3222
3230
3231
3233
3235
3240
3241
3243
3244
3245
3247
3248
3253
3257
3258
3259
3265
3266
3272
3274
3275
3277
3278
3279
3282
3287
3288
3289
3290
3291
3297
3308
3309
3310
3311
3313
3316
3325
3326
3327
3328
3331
3332
3333
3334
3335
3336
3337
3341
3343
3346
3347
3350
3352
3353
3362
3365
3366
3367
3370
3374
3375
3382
3383
3384
3393
3397
3399
3400
3401
3403
3409
3410
3417
3418
3419
3420
3423
3427
3433
3436
3448
3449
3450
3452
3453
3454
3455
3456
3459
3477
3479
3481
3488
3492
3493
3494
3495
3496
3497
3498
3499
3501
3502
3504
3506
3508
3510
3512
3518
3519
3520
3527
3528
3531
3532
3534
3536
3537
3538
3539
3549
3553
3558
3565
3567
3569
3571
3573
3580
3581
3582
3583
3585
3587
3588
3589
3590
3594
3595
3596
3597
3598
3599
3600
3601
3606
3611
3612
3615
3617
3618
3619
3620
3621
3624
3626
3627
3631
3632
3634
3639
3640
3641
3646
3647
3649
3651
3652
3653
3654
3658
3659
3663
3664
3665
3671
3672
3677
3679
3683
3684
3686
3687
3688
3695
3700
3705
3706
3707
3708
3709
3710
3716
3729
3730
3731
3732
3737
3738
3740
3741
3746
3747
3748
3749
3750
3751
3763
3764
3768
3769
3770
3771
3772
3773
3780
3781
3785
3786
3789
3792
3793
3794
3795
3798
3804
3806
3811
3812
3813
3825
3834
3835
3837
3838
3839
3842
3844
3852
3853
3854
3855
3856
3859
3861
3862
3863
3864
3867
3874
3875
3885
3887
3888
3893
3899
3900
3909
3911
3912
3919
3920
3921
3922
3923
3924
3935
3939
3940
3941
3944
3945
3947
3948
3953
3956
3957
3958
3959
3961
3964
3971
3974
3975
3977
3982
3985
3986
3987
3988
3989
3994
3996
3997
4002
4003
4013
4021
4022
4024
4026
4031
4037
4042
4046
4056
4058
4060
4063
4067
4073
4074
4075
4076
4077
4080
4081
4088
4094
4095
4096
4100
4101
4113
4114
4116
4119
4120
4121
4128
4129
4132
4139
4140
4142
4148
4150
4154
4155
4158
4166
4167
4168
4169
4171
4173
4181
4182
4183
4184
4185
4192
4195
4201
4202
4204
4205
4206
4216
4220
4222
4233
4235
4236
4238
4258
4266
4268
4273
4278
4282
4285
4286
4288
4290
4291
4292
4295
4296
4302
4306
4307
4308
4315
4318
4322
4325
4326
4330
4331
4336
4341
4343
4348
4350
4352
4353
4365
4374
4375
4384
4386
4388
4389
4397
4403
4407
4413
4414
4424
4433
4434
4435
4436
4437
4440
4441
4447
4455
4456
4461
4462
4465
4467
4471
4472
4473
4476
4481
4486
4496
4498
4500
4505
4507
4519
4526
4527
4538
4539
4541
4547
4549
4550
4551
4553
4554
4557
4572
4573
4574
4577
4581
4584
4586
4588
4589
4590
4591
4592
4593
4594
4595
4596
4597
4603
4604
4609
4610
4612
4614
4615
4626
4627
4628
4630
4632
4636
4650
4651
4652
4653
4654
4657
4659
4662
4665
4667
4669
4676
4679
4680
4681
4683
4684
4685
4686
4690
4700
4706
4715
4723
4724
4725
4726
4730
4731
4732
4734
4735
4738
4741
4743
4744
4747
4752
4762
4767
4768
4779
4783
4785
4787
4788
4789
4798
4799
4801
4802
4805
4808
4815
4816
4818
4824
4836
4837
4839
4847
4849
4852
4858
4859
4863
4865
4866
4869
4876
4879
4880
4881
4900
4908
4911
4922
4931
4939
4943
4944
4945
4946
4949
4953
4954
4981
4985
4986
4987
4989
4992
4997
5000
5002
5004
5010
5012
5014
5017
5022
5023
5026
5028
5041
5051
5054
5065
5069
5071
5074
5081
5085
5086
5088
5098
5100
5106
5107
5110
5112
5114
5117
5130
5131
5138
5147
5154
5171
5178
5184
5193
5205
5217
5218
5222
5224
5231
5243
5248
5253
5256
5260
5263
5276
5281
5290
5291
5293
5296
5297
5304
5305
5311
5322
5327
5339
5346
5347
5352
5363
5380
5383
5402
5404
5406
5410
5411
5422
5424
5429
5432
5433
5438
5440
5441
5456
5464
5467
5488
5512
5520
5528
5533
5542
5544
5573
5574
5575
5579
5597
5611
5617
5627
5632
5649
5651
5652
5658
5668
5669
5692
5697
5698
5699
5707
5708
5723
5741
5769
5770
5783
5817
5822
5839
5843
5853
5861
5889
5900
5920
5924
5936
5942
6003
6035
6056
6069
6079
6094
6099
6105
6116
6135
6150
6198
6199
6215
6251
6252
6262
6295
6332
6336
6349
6391
6418
6433
6444
6445
6488
6611
6661
6699
6755
6757
6775
6780
6814
6816
6838
6849
6854
6888
6923
6947
6956
6957
6962
6999
7025
7063
7135
7141
7177
7263
7264
7428
7591
7605
7702
7705
7727
7748
7783
7839
7840
7847
7863
7876
7918
7934
8003
