s vc 57287 11648
32769
2
32771
4
5
32773
32775
8
32777
10
11
32779
13
32780
15
32782
17
32784
19
32786
21
32788
23
32791
25
32793
27
32795
29
32796
31
32799
32801
34
35
32803
37
32805
39
32806
32808
42
43
32810
45
32812
32814
48
32816
50
32818
52
32820
54
32822
56
57
32824
32827
60
32829
62
32830
64
32833
66
32834
68
69
32836
71
32838
73
32840
75
32842
77
32844
79
32846
81
32848
83
32851
85
32852
87
32854
89
32857
32858
92
32860
94
95
32862
32864
98
32867
100
101
32869
103
32870
32872
106
32874
108
32877
110
111
32879
113
32880
115
32883
117
32884
119
32886
32888
122
32890
124
32893
126
32894
128
129
32897
32898
132
133
32900
32902
136
32904
138
139
32907
141
32908
143
32910
145
32913
32915
148
32917
150
32918
152
153
32920
32922
156
32924
158
159
32927
161
32928
32930
164
32932
166
32934
168
32936
170
32938
172
32940
174
32943
176
32945
178
32946
180
32949
182
32951
184
32953
186
32954
188
32956
190
191
32959
32960
194
32963
196
32964
198
32967
200
32968
202
32971
204
32972
206
32974
208
32977
210
32979
212
32980
214
32983
216
32985
218
32986
220
32989
222
223
32990
32992
32995
32996
32998
33001
33002
33005
33006
33009
33011
33012
33014
33016
33018
33020
33023
33024
33026
33029
33030
33033
33034
33036
33039
33040
33042
33044
33046
33049
33051
33052
33055
33057
33059
33060
33062
33065
33067
33068
33070
33072
33074
33077
33079
33080
33082
33085
33087
33088
33090
33093
33094
33096
33098
33101
33103
33104
33107
33108
33111
33113
33115
33117
33119
33121
33122
33124
33127
33128
33130
33133
33135
33137
33138
33141
33142
33144
33146
33148
33150
33152
33154
33156
33158
33161
33162
33165
33167
33168
33170
33173
33174
33176
33178
33180
33183
33185
33186
33189
33191
33193
33195
33197
33198
33201
33203
33204
33207
33208
33211
33212
33215
33217
33218
33221
33223
33225
33227
33228
33230
33232
33235
33236
33239
33240
33243
33244
33246
33249
33250
33253
33254
33257
33259
33261
33262
33265
33267
33268
33270
33272
33274
33277
33279
33280
33282
33284
33286
33289
33290
33292
33295
33296
33299
33301
33303
33304
33306
33309
33311
33313
33315
33317
33319
33320
33323
33325
33327
33328
33331
33332
33334
33336
33338
33341
33342
33345
33347
33349
33350
33353
33354
33356
33358
33361
33363
33364
33366
33368
33370
33372
33375
33376
33378
33380
33383
33385
33387
33388
33391
33392
33395
33397
33398
33400
33402
33404
33406
33408
33410
33412
33415
33416
33419
33420
33423
33424
33427
33428
33431
33432
33434
33437
33439
33441
33442
33445
33447
33448
33451
33452
33455
33457
33459
33460
33462
33465
33467
33469
33470
33473
33474
33477
33479
33481
33483
33485
33487
33489
33491
33492
33494
33497
33498
33501
33502
33505
33507
33508
33510
33513
33514
33517
33518
33521
33522
33524
33526
33529
33530
33532
33535
33536
33539
33540
33542
33544
33546
33548
33551
33553
33554
33556
33558
33560
33563
33565
33567
33569
33571
33572
33574
33576
33578
33580
33582
33584
33586
33588
33590
33592
33594
33596
33598
33600
33603
33605
33607
33609
33611
33612
33614
33616
33618
33620
33622
33624
33626
33628
33630
33632
33634
33636
33638
33640
33642
33644
33646
33648
33650
33652
33654
33656
33658
33660
33662
33664
33666
33668
33670
33672
33674
33677
33678
33681
33682
33685
33686
33688
33690
33692
33694
33697
33698
33701
33702
33705
33706
33708
33710
33712
33715
33716
33719
33720
33722
33724
33726
33728
33731
33732
33735
33736
33739
33740
33743
33745
33746
33748
33751
33753
33754
33756
33759
33760
33762
33764
33766
33769
33770
33773
33774
33777
33778
33780
33783
33784
33786
33788
33791
33793
33795
33796
33798
33801
33802
33804
33806
33809
33811
33812
33814
33816
33818
33820
33822
33824
33826
33828
33830
33832
33835
33837
33839
33841
33843
33845
33846
33848
33850
33853
33855
33856
33859
33861
33863
33864
33867
33869
33871
33872
33875
33877
33878
33881
33882
33885
33887
33889
33890
33892
33894
33897
33899
33901
33903
33904
33907
33909
33910
33913
33915
33916
33919
33921
33922
33924
33927
33929
33931
33933
33935
33937
33939
33941
33943
33944
33946
33949
33951
33953
33955
33956
33958
33961
33963
33965
33967
33968
33971
33972
33975
33976
33978
33980
33982
33984
33986
33988
33990
33992
33994
33996
33998
34000
34002
34004
34006
34008
34010
34012
34014
34016
34018
34020
34023
34024
34027
34028
34031
34033
34034
34037
34038
34041
34043
34044
34046
34049
34050
34053
34054
34056
34058
34061
34063
34064
34067
34069
34070
34072
34074
34077
34079
34081
34083
34084
34087
34088
34090
34093
34094
34097
34099
34100
34102
34104
34106
34108
34110
34112
34114
34116
34118
34120
34122
34124
34126
34128
34130
34132
34134
34136
34138
34140
34142
34144
34146
34148
34150
34152
34154
34157
34158
34160
34163
34164
34167
34168
34170
34172
34174
34176
34178
34180
34182
34184
34186
34188
34190
34192
34194
34196
34198
34200
34202
34204
34206
34208
34210
34213
34214
34216
34218
34220
34222
34224
34226
34228
34230
34232
34234
34236
34238
34240
34242
34244
34246
34248
34250
34252
34254
34256
34258
34260
34263
34265
34266
34268
34270
34272
34274
34276
34278
34280
34282
34284
34286
34288
34290
34292
34294
34296
34298
34300
34302
34304
34307
34309
34310
34312
34314
34316
34319
34320
34322
34324
34327
34328
34331
34332
34335
34336
34338
34341
34343
34344
34347
34349
34350
34352
34354
34357
34358
34360
34363
34365
34367
34369
34371
34372
34375
34376
34379
34381
34383
34385
34386
34389
34391
34392
34394
34396
34398
34401
34403
34404
34406
34408
34411
34413
34414
34416
34418
34420
34422
34424
34426
34429
34431
34433
34435
34437
34439
34440
34442
34444
34446
34448
34450
34452
34455
34456
34458
34460
34463
34465
34467
34469
34470
34472
34475
34476
34479
34480
34482
34484
34486
34489
34490
34492
34495
34496
34499
34500
34502
34504
34507
34509
34511
34513
34515
34517
34519
34521
34522
34524
34527
34529
34531
34532
34534
34536
34538
34541
34542
34544
34546
34548
34550
34552
34555
34557
34559
34561
34562
34564
34566
34568
34570
34572
34575
34576
34579
34581
34582
34585
34586
34589
34590
34592
34595
34597
34599
34601
34602
34604
34607
34608
34610
34612
34615
34617
34619
34621
34623
34625
34626
34629
34630
34633
34634
34636
34638
34640
34642
34644
34646
34649
34650
34653
34655
34656
34659
34661
34662
34665
34666
34669
34670
34673
34674
34676
34679
34681
34682
34684
34686
34689
34690
34693
34695
34697
34699
34700
34702
34704
34706
34709
34710
34713
34714
34717
34718
34720
34723
34725
34727
34729
34730
34732
34734
34736
34738
34741
34743
34745
34746
34748
34750
34752
34754
34756
34759
34760
34762
34764
34766
34768
34770
34772
34774
34776
34778
34781
34783
34785
34787
34789
34791
34792
34794
34796
34798
34800
34802
34804
34806
34808
34810
34813
34814
34816
34819
34820
34823
34825
34827
34829
34831
34833
34834
34837
34838
34840
34842
34844
34847
34849
34850
34853
34854
34857
34858
34861
34863
34864
34866
34869
34871
34873
34874
34876
34878
34880
34883
34884
34887
34889
34890
34893
34894
34896
34898
34900
34902
34904
34906
34908
34910
34912
34914
34916
34918
34920
34922
34924
34926
34928
34930
34932
34934
34936
34938
34940
34942
34944
34946
34948
34950
34953
34954
34956
34958
34960
34962
34964
34966
34969
34970
34972
34975
34977
34979
34980
34982
34984
34986
34989
34990
34992
34994
34997
34999
35000
35003
35004
35007
35008
35010
35012
35015
35017
35019
35021
35022
35025
35026
35028
35030
35032
35035
35037
35039
35041
35042
35045
35047
35049
35050
35052
35054
35056
35058
35060
35062
35064
35066
35069
35070
35073
35074
35077
35078
35080
35083
35084
35087
35088
35090
35093
35094
35096
35099
35101
35102
35104
35107
35108
35111
35112
35114
35117
35118
35121
35122
35125
35127
35128
35130
35133
35135
35137
35138
35141
35143
35145
35146
35149
35150
35152
35154
35156
35158
35160
35162
35164
35166
35168
35170
35172
35174
35176
35178
35180
35182
35184
35186
35188
35190
35192
35194
35196
35198
35200
35202
35204
35206
35208
35210
35212
35214
35216
35218
35220
35222
35224
35227
35228
35230
35232
35235
35237
35239
35240
35242
35244
35246
35248
35251
35253
35254
35256
35259
35261
35262
35264
35266
35269
35270
35272
35274
35276
35278
35280
35282
35284
35286
35288
35290
35292
35294
35296
35298
35300
35302
35304
35307
35309
35311
35313
35315
35317
35319
35321
35322
35324
35326
35328
35330
35332
35334
35337
35339
35341
35342
35344
35346
35349
35351
35353
35355
35357
35359
35361
35363
35365
35367
35368
35370
35372
35374
35376
35378
35380
35382
35385
35386
35388
35390
35393
35395
35396
35398
35400
35402
35405
35406
35409
35410
35412
35415
35416
35419
35420
35422
35425
35426
35428
35430
35432
35434
35436
35438
35440
35442
35444
35446
35448
35450
35452
35454
35456
35458
35460
35462
35464
35466
35468
35470
35472
35474
35476
35478
35481
35482
35484
35486
35488
35490
35492
35494
35496
35498
35500
35502
35504
35506
35508
35510
35512
35514
35516
35518
35520
35522
35524
35527
35528
35530
35532
35534
35536
35538
35540
35542
35544
35546
35548
35550
35552
35554
35556
35558
35560
35562
35564
35566
35568
35571
35573
35575
35576
35578
35580
35582
35584
35586
35588
35590
35592
35594
35596
35598
35600
35603
35604
35606
35609
35611
35613
35614
35617
12545
12548
12550
12552
12553
12556
12557
12559
12561
12563
12566
12567
12569
12571
12574
12576
12578
12580
12581
12583
12585
12588
12590
12591
12593
12596
12597
12600
12602
12604
12606
12607
12609
12611
12614
12616
12618
12619
12621
12624
12626
12627
12629
12632
12633
12636
12637
12640
12642
12643
12645
12648
12649
12652
12654
12656
12657
12659
12662
12663
12665
12668
12670
12671
12674
12676
12678
12679
12682
12683
12685
12687
12689
12692
12693
12695
12698
12700
12702
12703
12705
12708
12709
12712
12714
12716
12718
12719
12722
12724
12726
12728
12729
12731
12734
12735
12737
12739
12741
12743
12746
12748
12750
12753
12755
12756
12759
12760
12763
12765
12766
12768
12771
12772
12774
12776
12779
12781
12782
12785
12787
12788
12791
12793
12794
12797
12799
12801
12803
12804
12806
12808
12810
12812
12814
12817
12818
12820
12823
12824
12827
12828
12830
12833
12834
12836
12838
12840
12843
12845
12847
12848
12851
12852
12854
12856
12859
12861
12862
12865
12866
12869
12870
12873
12875
12876
12878
12880
12883
12885
12887
12888
12890
12892
12894
12896
12898
12901
12902
12905
12906
12908
12910
12913
12915
12916
12919
12921
12922
12924
12927
12929
12930
12932
12934
12937
12938
12941
12943
12944
12946
12949
12951
12953
12955
12957
12958
12960
12963
12965
12966
12969
12971
12973
12974
12976
12978
12980
12982
12984
12986
12989
12991
12993
12994
12997
12998
13001
13003
13005
13006
13008
13011
13012
13015
13017
13018
13020
13023
13024
13027
13029
13030
13032
13034
13036
13038
13040
13042
13045
13047
13048
13050
13052
13055
13056
13059
13060
13062
13064
13067
13068
13071
13072
13074
13076
13079
13080
13082
13084
13087
13089
13091
13092
13095
13096
13099
13101
13102
13105
13106
13108
13110
13113
13114
13116
13118
13120
13123
13125
13126
13128
13130
13133
13135
13137
13138
13140
13142
13144
13147
13148
13150
13152
13155
13156
13159
13160
13162
13165
13167
13168
13171
13173
13174
13177
13179
13180
13183
13184
13187
13188
13190
13192
13194
13196
13199
13200
13202
13205
13207
13208
13211
13213
13215
13217
13219
13220
13222
13225
13226
13229
13230
13232
13234
13237
13239
13240
13243
13244
13247
13249
13251
13253
13254
13257
13258
13260
13262
13264
13267
13268
13271
13273
13275
13276
13278
13280
13283
13285
13286
13288
13290
13293
13294
13296
13299
13301
13302
13305
13306
13309
13311
13313
13315
13316
13318
13320
13323
13324
13327
13328
13331
13332
13335
13337
13339
13340
13342
13344
13346
13349
13351
13352
13355
13356
13359
13360
13362
13365
13367
13369
13370
13373
13374
13377
13378
13380
13383
13384
13387
13388
13391
13393
13395
13397
13398
13400
13403
13404
13407
13409
13411
13413
13414
13417
13419
13420
13423
13424
13426
13428
13430
13433
13434
13437
13439
13441
13442
13444
13446
13448
13451
13453
13454
13456
13458
13461
13463
13465
13466
13469
13471
13472
13474
13477
13478
13480
13483
13485
13486
13489
13491
13492
13494
13497
13499
13500
13503
13504
13506
13509
13510
13512
13514
13516
13519
13521
13522
13525
13526
13529
13530
13532
13534
13537
13538
13541
13543
13545
13546
13548
13551
13553
13555
13557
13559
13560
13562
13565
13567
13569
13570
13573
13575
13576
13578
13580
13582
13585
13587
13588
13591
13592
13595
13596
13598
13600
13603
13604
13607
13608
13610
13613
13615
13617
13619
13620
13623
13624
13627
13629
13631
13632
13634
13636
13639
13640
13642
13645
13646
13648
13651
13652
13654
13657
13658
13661
13662
13665
13667
13669
13671
13672
13674
13676
13678
13680
13682
13685
13686
13688
13690
13693
13694
13697
13699
13700
13703
13704
13707
13709
13710
13712
13715
13717
13718
13720
13722
13725
13727
13729
13730
13732
13735
13736
13738
13741
13743
13744
13747
13748
13751
13752
13755
13756
13759
13761
13762
13764
13767
13768
13770
13773
13775
13776
13779
13780
13783
13785
13786
13789
13791
13792
13794
13796
13798
13801
13802
13805
13807
13809
13810
13813
13814
13817
13819
13820
13822
13824
13827
13828
13831
13833
13835
13837
13838
13840
13842
13844
13846
13849
13850
13852
13854
13857
13859
13861
13862
13865
13867
13868
13871
13873
13874
13876
13879
13880
13882
13884
13886
13889
13890
13893
13894
13896
13898
13901
13902
13905
13907
13908
13911
13913
13915
13916
13919
13920
13923
13925
13926
13928
13931
13932
13935
13936
13938
13940
13943
13945
13946
13948
13951
13953
13954
13956
13958
13960
13963
13965
13967
13968
13970
13973
13974
13976
13979
13981
13982
13985
13986
13988
13991
13993
13995
13997
13999
14001
14003
14004
14006
14009
14011
14012
14014
14016
14019
14021
14022
14024
14026
14029
14031
14032
14034
14037
14039
14041
14043
14044
14047
14048
14051
14052
14054
14057
14058
14060
14062
14064
14067
14069
14070
14073
14074
14077
14078
14081
14082
14085
14086
14088
14091
14093
14094
14096
14099
14101
14103
14104
14107
14108
14110
14112
14115
14117
14119
14120
14122
14124
14126
14129
14131
14133
14135
14137
14139
14140
14142
14144
14146
14149
14151
14153
14154
14156
14158
14161
14162
14165
14167
14169
14171
14172
14174
14177
14179
14180
14182
14185
14187
14189
14190
14193
14194
14197
14198
14201
14203
14204
14206
14209
14210
14212
14215
14217
14219
14220
14223
14225
14227
14228
14231
14233
14235
14237
14239
14241
14242
14245
14246
14248
14251
14253
14254
14257
14259
14260
14263
14264
14267
14269
14271
14273
14275
14276
14278
14281
14283
14285
14287
14289
14290
14292
14294
14296
14298
14300
14303
14305
14307
14309
14310
14313
14314
14317
14319
14321
14322
14324
14326
14328
14330
14333
14335
14337
14338
14341
14343
14344
14347
14348
14350
14352
14354
14357
14358
14360
14363
14364
14367
14369
14371
14372
14374
14376
14378
14380
14383
14385
14387
14388
14390
14392
14394
14396
14399
14400
14402
14405
14407
14408
14411
14413
14415
14417
14418
14420
14423
14424
14427
14429
14430
14432
14434
14436
14439
14440
14442
14444
14446
14449
14450
14452
14454
14456
14458
14461
14463
14465
14466
14468
14470
14472
14475
14477
14479
14481
14483
14484
14486
14489
14491
14492
14494
14497
14498
14501
14503
14504
14506
14509
14511
14513
14515
14517
14519
14520
14522
14524
14527
14529
14530
14533
14534
14536
14539
14540
14543
14545
14547
14549
14550
14553
14555
14556
14559
14560
14562
14565
14566
14569
14570
14572
14575
14577
14578
14581
14582
14585
14587
14588
14591
14592
14595
14596
14598
14601
14603
14605
14606
14608
14610
14613
14615
14617
14618
14620
14623
14625
14627
14628
14630
14633
14635
14637
14639
14640
14643
14644
14647
14649
14651
14653
14655
14656
14659
14660
14662
14665
14666
14669
14671
14673
14675
14676
14679
14680
14682
14685
14687
14689
14691
14692
14694
14696
14698
14701
14702
14704
14707
14708
14711
14712
14715
14717
14719
14721
14722
14725
14727
14729
14731
14732
14735
14736
14739
14740
14743
14745
14747
14748
14750
14753
14754
14756
14758
14761
14763
14765
14767
14768
14770
14773
14775
14777
14778
14781
14782
14784
14786
14789
14790
14793
14794
14797
14799
14801
14803
14804
14806
14809
14811
14812
14815
14816
14818
14821
14822
14824
14826
14828
14831
14832
14835
14836
14838
14841
14843
14844
14846
14848
14850
14852
14855
14857
14858
14861
14862
14865
14866
14869
14871
14872
14875
14876
14878
14881
14882
14884
14887
14888
14891
14893
14894
14897
14898
14900
14903
14904
14906
14909
14911
14912
14915
14916
14918
14920
14923
14924
14926
14928
14930
14933
14935
14937
14938
14941
14942
14945
14947
14948
14950
14952
14955
14956
14958
14961
14962
14965
14966
14968
14970
14972
14974
14977
14978
14981
14983
14984
14987
14988
14990
14993
14994
14996
14999
15001
15003
15005
15006
15008
15010
15012
15014
15016
15018
15021
15023
15024
15026
15028
15031
15032
15035
15036
15038
15040
15042
15044
15046
15049
15051
15053
15055
15057
15059
15061
15063
15064
15067
15068
15071
15072
15074
15077
15078
15080
15083
15084
15086
15089
15091
15093
15094
15096
15098
15100
15102
15104
15106
15108
15111
15112
15114
15116
15118
15121
15123
15125
15126
15128
15131
15132
15134
15136
15138
15140
15143
15144
15146
15149
15150
15153
15155
15157
15159
15160
15163
15165
15166
15168
15171
15173
15174
15176
15178
15181
15183
15184
15186
15188
15190
15193
15195
15196
15198
15201
15202
15205
15206
15209
15211
15212
15214
15217
15219
15220
15222
15225
15227
15228
15231
15233
15234
15236
15238
15240
15243
15244
15246
15249
15250
15252
15255
15257
15258
15261
15263
15264
15266
15269
15271
15272
15275
15276
15279
15281
15282
15285
15286
15288
15290
15292
15294
15296
15299
15301
15303
15304
15306
15308
15310
15312
15314
15317
15318
15321
15323
15324
15326
15329
15330
15333
15334
15337
15338
15341
15342
15344
15346
15348
15351
15353
15354
15356
15358
15361
15362
15364
15367
15368
15371
15373
15374
15377
15379
15381
15383
15384
15387
15388
15391
15393
15395
15397
15398
15401
15402
15404
15406
15409
15410
15412
15415
15416
15418
15420
15422
15424
15426
15428
15430
15432
15435
15436
15438
15441
15443
15445
15447
15448
15450
15453
15454
15457
15458
15460
15462
15464
15467
15468
15471
15472
15475
15477
15479
15480
15482
15484
15487
15489
15491
15493
15495
15496
15499
15501
15503
15505
15506
15509
15510
15513
15514
15517
15518
15520
15522
15525
15526
15528
15531
15532
15535
15537
15539
15540
15543
15545
15546
15549
15551
15553
15555
15557
15559
15561
15563
15564
15567
15569
15571
15573
15575
15577
15578
15580
15582
15584
15587
15589
15590
15592
15594
15596
15599
15601
15603
15605
15607
15609
15611
15613
15614
15616
15618
15620
15623
15624
15626
15628
15630
15632
15635
15636
15639
15640
15642
15645
15646
15649
15650
15652
15655
15657
15658
15660
15663
15664
15666
15669
15671
15672
15675
15676
15679
15681
15682
15684
15686
15689
15690
15692
15694
15696
15698
15700
15702
15704
15707
15709
15711
15712
15715
15716
15719
15720
15722
15724
15726
15728
15731
15733
15734
15736
15738
15740
15743
15745
15747
15749
15751
15753
15754
15756
15759
15761
15763
15764
15767
15768
15771
15773
15774
15777
15779
15781
15782
15784
15787
15788
15790
15792
15795
15796
15798
15800
15803
15805
15806
15808
15811
15813
15815
15817
15819
15820
15822
15825
15827
15829
15831
15833
15834
15836
15839
15840
15842
15844
15846
15849
15850
15853
15855
15856
15858
15861
15863
15864
15866
15868
15871
15873
15875
15876
15879
15881
15882
15885
15886
15888
15891
15893
15895
15896
15898
15901
15903
15904
15907
15909
15910
15912
15914
15916
15918
15920
15922
15924
15926
15928
15931
15933
15934
15937
15939
15941
15942
15944
15947
15949
15951
15953
15954
15956
15959
15960
15962
15964
15966
15968
15970
15973
15975
15977
15979
15980
15983
15984
15987
15988
15990
15992
15995
15997
15999
16001
16002
16005
16007
16008
16011
16012
16015
16016
16018
16021
16022
16025
16026
16028
16030
16033
16034
16036
16038
16041
16042
16045
16046
16048
16050
16053
16054
16056
16059
16060
16063
16064
16066
16068
16070
16073
16075
16077
16078
16081
16082
16084
16086
16089
16091
16092
16094
16096
16098
16100
16102
16105
16107
16109
16110
16112
16115
16116
16118
16120
16122
16124
16127
16128
16130
16133
16134
16136
16139
16140
16143
16144
16146
16149
16150
16153
16155
16157
16159
16161
16162
16165
16167
16168
16171
16172
16174
16177
16178
16181
16182
16184
16187
16189
16190
16193
16194
16197
16199
16200
16203
16205
16206
16208
16211
16213
16215
16217
16218
16221
16222
16225
16227
16228
16231
16232
16234
16236
16238
16241
16242
16245
16247
16249
16250
16253
16255
16256
16259
16260
16263
16265
16267
16268
16271
16272
16274
16277
16279
16281
16282
16284
16287
16288
16291
16293
16295
16297
16299
16301
16302
16304
16307
16309
16310
16313
16314
16317
16318
16321
16323
16325
16327
16328
16330
16332
16335
16337
16339
16341
16343
16344
16346
16349
16350
16352
16354
16357
16358
16361
16362
16365
16367
16369
16371
16372
16374
16376
16379
16381
16382
16385
16386
16388
16391
16393
16395
16396
16399
16401
16403
16404
16406
16409
16410
16413
16415
16416
16419
16421
16423
16425
16426
16429
16430
16433
16434
16437
16438
16440
16443
16445
16446
16449
16451
16453
16455
16456
16458
16461
16463
16464
16467
16468
16471
16472
16474
16477
16479
16481
16483
16485
16486
16488
16490
16493
16495
16496
16499
16500
16502
16505
16507
16509
16510
16513
16514
16517
16518
16521
16522
16524
16527
16529
16530
16532
16535
16537
16538
16540
16542
16545
16547
16548
16550
16552
16555
16556
16558
16561
16562
16565
16566
16569
16571
16573
16574
16576
16579
16581
16582
16584
16587
16589
16590
16593
16594
16597
16598
16601
16603
16604
16606
16609
16611
16613
16614
16616
16618
16621
16623
16624
16626
16629
16631
16633
16635
16637
16639
16641
16642
16645
16646
16649
16651
16652
16655
16656
16659
16660
16663
16664
16667
16668
16670
16672
16674
16676
16679
16681
16682
16684
16686
16688
16691
16693
16694
16697
16698
16701
16703
16705
16706
16708
16710
16713
16715
16717
16719
16721
16723
16725
16726
16729
16731
16732
16734
16737
16738
16741
16743
16745
16747
16749
16751
16752
16754
16757
16758
16761
16763
16764
16766
16769
16770
16773
16774
16776
16779
16781
16782
16784
16786
16789
16790
16793
16795
16796
16799
16800
16803
16804
16806
16808
16810
16812
16814
16816
16819
16821
16822
16825
16827
16828
16830
16833
16835
16837
16839
16840
16843
16844
16847
16849
16851
16852
16855
16856
16858
16860
16862
16864
16867
16869
16870
16873
16875
16876
16878
16881
16882
16885
16887
16889
16890
16892
16895
16897
16899
16900
16902
16905
16907
16909
16910
16912
16914
16917
16918
16920
16922
16924
16927
16929
16931
16933
16934
16937
16939
16940
16942
16944
16946
16948
16951
16953
16955
16956
16958
16960
16962
16965
16966
16969
16971
16972
16974
16977
16979
16981
16983
16984
16987
16989
16991
16992
16994
16996
16999
17001
17002
17004
17006
17009
17011
17012
17014
17017
17018
17020
17023
17024
17026
17029
17030
17032
17035
17036
17038
17041
17042
17044
17046
17048
17051
17052
17054
17056
17058
17060
17063
17065
17067
17068
17070
17073
17075
17076
17079
17080
17083
17084
17087
17088
17090
17092
17094
17096
17099
17100
17103
17105
17106
17109
17111
17112
17114
17116
17118
17121
17123
17124
17127
17128
17130
17133
17135
17137
17138
17140
17142
17145
17147
17148
17151
17153
17154
17156
17158
17160
17163
17164
17167
17169
17170
17172
17175
17177
17179
17180
17183
17184
17187
17188
17190
17192
17195
17196
17199
17200
17202
17204
17207
17208
17211
17212
17215
17217
17219
17221
17222
17225
17227
17228
17231
17232
17235
17237
17238
17240
17242
17245
17246
17249
17251
17253
17254
17256
17258
17260
17262
17264
17267
17268
17270
17272
17275
17276
17279
17281
17282
17284
17287
17288
17290
17293
17295
17296
17298
17301
17302
17304
17306
17308
17311
17312
17314
17317
17318
17321
17323
17325
17326
17329
17331
17332
17334
17336
17339
17341
17343
17345
17347
17349
17351
17352
17355
17356
17359
17361
17362
17364
17366
17368
17370
17373
17374
17376
17379
17380
17383
17384
17386
17389
17391
17392
17395
17397
17398
17400
17403
17404
17407
17408
17410
17412
17414
17416
17419
17420
17423
17424
17427
17429
17431
17433
17435
17437
17439
17441
17443
17444
17446
17449
17450
17452
17455
17457
17459
17460
17463
17465
17467
17469
17471
17472
17474
17476
17478
17480
17483
17485
17487
17488
17490
17493
17495
17496
17498
17501
17503
17505
17506
17509
17511
17512
17514
17516
17519
17520
17522
17524
17527
17529
17530
17533
17534
17536
17538
17540
17542
17544
17546
17548
17551
17553
17555
17557
17558
17560
17563
17564
17566
17568
17571
17572
17575
17577
17578
17580
17582
17585
17586
17589
17590
17593
17595
17596
17599
17601
17603
17605
17607
17608
17611
17613
17614
17616
17619
17621
17623
17624
17627
17629
17630
17633
17635
17636
17639
17640
17642
17644
17646
17649
17650
17652
17655
17657
17659
17661
17662
17665
17667
17668
17671
17672
17675
17676
17678
17680
17683
17685
17687
17689
17691
17692
17694
17696
17698
17701
17703
17705
17706
17708
17711
17712
17714
17717
17718
17720
17723
17724
17727
17728
17731
17733
17734
17737
17738
17741
17742
17744
17746
17748
17750
17753
17755
17756
17758
17761
17762
17765
17766
17769
17771
17773
17775
17776
17779
17780
17783
17784
17786
17789
17791
17792
17794
17797
17798
17800
17803
17805
17807
17808
17810
17812
17815
17817
17819
17820
17823
17825
17827
17829
17830
17832
17835
17837
17839
17841
17843
17844
17847
17849
17851
17853
17854
17857
17858
17860
17862
17864
17867
17869
17871
17872
17874
17876
17878
17881
17883
17884
17887
17889
17890
17893
17894
17897
17898
17901
17902
17905
17906
17908
17911
17912
17915
17916
17918
17921
17922
17924
17926
17928
17931
17932
17934
17936
17939
17940
17942
17945
17946
17949
17950
17953
17954
17957
17959
17960
17963
17965
17967
17968
17971
17972
17974
17976
17978
17980
17982
17984
17987
17989
17991
17992
17994
17996
17998
18000
18002
18005
18006
18008
18011
18012
18015
18017
18019
18021
18023
18025
18026
18029
18031
18033
18034
18036
18038
18041
18042
18044
18046
18049
18050
18052
18055
18057
18059
18060
18063
18065
18067
18068
18070
18072
18074
18077
18079
18080
18082
18084
18087
18088
18091
18093
18095
18096
18098
18101
18103
18104
18106
18109
18111
18113
18115
18116
18119
18121
18123
18125
18127
18128
18130
18132
18134
18137
18139
18141
18143
18145
18146
18149
18150
18153
18154
18157
18158
18160
18163
18164
18167
18169
18171
18172
18174
18176
18179
18181
18183
18184
18187
18189
18190
18193
18194
18196
18198
18200
18203
18205
18207
18208
18210
18212
18214
18217
18219
18220
18222
18225
18227
18229
18231
18233
18235
18237
18238
18240
18242
18244
18246
18248
18251
18252
18254
18257
18258
18260
18262
18264
18266
18269
18270
18273
18275
18276
18279
18280
18283
18285
18287
18289
18291
18293
18295
18296
18298
18301
18302
18305
18307
18309
18311
18312
18315
18316
18318
18320
18323
18325
18326
18328
18330
18332
18335
18337
18339
18341
18343
18345
18347
18349
18351
18353
18355
18357
18359
18360
18363
18364
18366
18368
18370
18372
18375
18376
18378
18381
18383
18384
18387
18388
18390
18392
18394
18396
18399
18401
18402
18404
18407
18408
18410
18412
18415
18417
18419
18420
18423
18424
18426
18428
18431
18433
18434
18437
18439
18441
18443
18445
18446
18448
18450
18452
18454
18456
18459
18460
18462
18464
18467
18469
18470
18472
18474
18476
18478
18481
18482
18485
18487
18488
18491
18492
18495
18496
18498
18501
18502
18505
18507
18509
18511
18513
18514
18516
18519
18520
18522
18525
18527
18528
18531
18533
18535
18536
18539
18540
18542
18545
18546
18549
18551
18553
18554
18557
18559
18561
18563
18565
18566
18569
18570
18572
18574
18577
18578
18580
18582
18584
18587
18589
18591
18592
18594
18597
18598
18600
18603
18605
18607
18608
18610
18612
18614
18617
18618
18621
18622
18625
18627
18629
18630
18632
18635
18636
18638
18641
18643
18644
18646
18648
18651
18652
18655
18657
18658
18660
18662
18664
18666
18668
18671
18673
18675
18677
18678
18680
18683
18684
18687
18689
18691
18692
18695
18696
18699
18701
18703
18705
18706
18709
18710
18713
18714
18716
18719
18720
18723
18725
18727
18728
18731
18732
18734
18737
18738
18740
18743
18745
18747
18749
18751
18752
18754
18756
18759
18760
18762
18764
18767
18769
18770
18772
18774
18776
18779
18780
18783
18785
18786
18788
18790
18793
18794
18797
18798
18801
18802
18805
18807
18808
18810
18813
18815
18816
18818
18821
18823
18824
18826
18829
18831
18832
18835
18836
18839
18841
18842
18845
18846
18849
18850
18853
18854
18857
18858
18861
18862
18864
18867
18868
18871
18872
18875
18876
18879
18880
18883
18884
18887
18889
18890
18893
18895
18897
18899
18900
18903
18905
18907
18908
18910
18912
18914
18916
18919
18921
18922
18925
18926
18928
18930
18933
18935
18937
18939
18941
18943
18944
18946
18949
18951
18952
18954
18956
18958
18960
18962
18964
18967
18969
18970
18972
18974
18976
18978
18981
18983
18984
18987
18988
18990
18992
18995
18996
18998
19001
19002
19005
19007
19008
19011
19013
19014
19016
19018
19020
19022
19024
19026
19029
19030
19033
19035
19037
19039
19040
19042
19044
19046
19048
19050
19053
19054
19056
19058
19061
19063
19065
19066
19069
19071
19073
19075
19077
19078
19081
19083
19084
19087
19089
19091
19092
19095
19097
19098
19101
19103
19104
19106
19109
19111
19113
19114
19116
19118
19120
19123
19124
19127
19129
19131
19132
19135
19137
19138
19141
19142
19144
19147
19148
19150
19152
19155
19156
19158
19161
19163
19164
19166
19168
19170
19172
19174
19177
19179
19180
19182
19185
19186
19188
19191
19193
19194
19196
19198
19200
19203
19204
19207
19209
19211
19212
19214
19216
19218
19221
19223
19225
19227
19228
19230
19233
19235
19237
19239
19241
19242
19244
19247
19248
19250
19253
19255
19256
19258
19261
19263
19265
19267
19269
19270
19272
19275
19276
19279
19281
19282
19285
19286
19288
19291
19293
19294
19296
19299
19301
19303
19305
19307
19309
19311
19312
19315
19316
19319
19320
19323
19325
19326
19329
19330
19333
19334
19336
19338
19340
19342
19345
19347
19348
19350
19352
19355
19357
19358
19361
19363
19365
19366
19369
19370
19372
19374
19377
19378
19380
19382
19384
19387
19388
19390
19392
19394
19397
19398
19401
19402
19404
19407
19409
19410
19412
19414
19416
19419
19420
19423
19425
19427
19428
19430
19432
19434
19436
19439
19440
19442
19444
19447
19449
19450
19452
19454
19457
19458
19460
19463
19464
19467
19469
19470
19473
19474
19477
19478
19481
19482
19484
19486
19488
19491
19493
19495
19496
19498
19501
19502
19504
19506
19508
19511
19513
19514
19517
19518
19521
19522
19525
19527
19529
19531
19533
19534
19537
19538
19541
19542
19544
19547
19548
19550
19553
19555
19557
19559
19561
19563
19564
19566
19568
19571
19573
19574
19576
19578
19581
19583
19585
19586
19588
19590
19593
19595
19597
19599
19601
19603
19604
19606
19608
19611
19613
19614
19616
19618
19621
19623
19624
19626
19628
19630
19632
19634
19637
19639
19641
19642
19644
19647
19649
19651
19652
19655
19656
19658
19660
19662
19664
19667
19669
19671
19672
19675
19676
19678
19681
19682
19684
19687
19688
19690
19693
19695
19697
19698
19700
19703
19704
19707
19708
19711
19712
19715
19717
19718
19720
19723
19724
19727
19729
19731
19732
19735
19736
19739
19741
19742
19744
19746
19748
19750
19753
19755
19757
19759
19761
19762
19765
19767
19769
19771
19772
19775
19776
19778
19781
19782
19785
19786
19789
19791
19792
19795
19796
19798
19800
19802
19805
19807
19809
19811
19813
19814
19817
19818
19820
19823
19825
19826
19828
19831
19832
19835
19837
19838
19841
19842
19844
19846
19849
19851
19853
19854
19857
19858
19861
19862
19865
19866
19868
19871
19872
19874
19876
19878
19881
19882
19884
19887
19889
19890
19892
19894
19896
19899
19900
19902
19905
19907
19909
19910
19913
19915
19916
19918
19920
19922
19924
19927
19929
19930
19933
19934
19937
19938
19940
19943
19944
19947
19949
19950
19953
19955
19956
19959
19961
19962
19965
19966
19969
19971
19972
19974
19977
19979
19980
19983
19984
19986
19988
19991
19992
19995
19997
19998
20000
20003
20004
20007
20008
20010
20013
20014
20017
20019
20021
20022
20024
20027
20028
20030
20032
20034
20036
20038
20041
20043
20044
20047
20048
20051
20053
20055
20057
20058
20061
20062
20065
20067
20068
20070
20073
20074
20076
20078
20081
20082
20084
20086
20089
20090
20092
20095
20097
20099
20100
20102
20104
20107
20108
20111
20113
20114
20117
20119
20121
20123
20124
20126
20128
20130
20133
20135
20136
20138
20140
20142
20145
20147
20148
20150
20152
20154
20156
20158
20160
20162
20164
20167
20168
20171
20172
20174
20176
20178
20180
20183
20185
20186
20189
20190
20192
20195
20197
20198
20201
20202
20204
20207
20208
20211
20213
20214
20216
20219
20221
20222
20224
20227
20229
20230
20233
20234
20236
20238
20241
20242
20245
20247
20248
20251
20252
20255
20256
20258
20260
20263
20265
20267
20269
20270
20272
20274
20276
20279
20280
20282
20285
20287
20289
20290
20293
20294
20297
20298
20300
20303
20305
20306
20308
20311
20313
20314
20317
20319
20321
20322
20325
20326
20328
20331
20333
20334
20336
20338
20340
20343
20345
20347
20349
20351
20353
20355
20357
20358
20361
20362
20364
20366
20368
20370
20373
20374
20376
20378
20380
20382
20385
20386
20388
20390
20393
20395
20397
20399
20401
20403
20404
20407
20409
20411
20412
20415
20416
20418
20420
20422
20424
20426
20428
20430
20432
20434
20437
20439
20441
20442
20444
20447
20448
20450
20452
20455
20457
20458
20461
20462
20465
20466
20469
20470
20472
20474
20477
20479
20480
20483
20485
20487
20488
20490
20493
20494
20496
20499
20500
20502
20504
20507
20508
20511
20512
20514
20516
20518
20520
20523
20525
20526
20529
20531
20533
20534
20536
20538
20540
20543
20545
20546
20549
20551
20553
20554
20556
20559
20560
20563
20565
20567
20569
20570
20573
20575
20576
20579
20581
20583
20584
20587
20589
20591
20592
20595
20597
20599
20601
20603
20605
20606
20608
20610
20612
20615
20617
20619
20620
20622
20625
20627
20628
20631
20633
20635
20637
20638
20640
20643
20644
20646
20648
20650
20652
20655
20657
20658
20660
20663
20665
20666
20668
20671
20672
20675
20677
20678
20680
20683
20684
20687
20688
20691
20692
20694
20696
20698
20701
20702
20704
20707
20708
20710
20713
20714
20716
20719
20721
20723
20725
20727
20729
20730
20732
20735
20736
20738
20740
20742
20745
20746
20749
20750
20752
20754
20757
20758
20760
20763
20765
20767
20769
20771
20773
20774
20777
20778
20780
20783
20784
20786
20789
20791
20792
20794
20797
20798
20801
20802
20804
20806
20808
20810
20812
20815
20817
20818
20820
20822
20824
20827
20829
20830
20832
20835
20836
20839
20840
20843
20845
20847
20848
20851
20852
20855
20856
20859
20860
20862
20864
20866
20869
20871
20873
20874
20877
20879
20880
20883
20885
20887
20889
20891
20893
20895
20897
20899
20901
20903
20905
20907
20908
20911
20913
20914
20916
20919
20921
20922
20924
20926
20929
20931
20933
20934
20937
20938
20940
20943
20944
20947
20948
20950
20952
20954
20956
20959
20961
20962
20965
20966
20968
20970
20972
20975
20976
20978
20981
20982
20984
20987
20988
20990
20993
20994
20996
20998
21001
21002
21005
21007
21008
21011
21013
21015
21017
21019
21021
21023
21024
21027
21028
21031
21033
21035
21037
21039
21040
21042
21044
21047
21049
21050
21052
21054
21057
21058
21061
21062
21064
21067
21068
21070
21072
21075
21077
21079
21081
21083
21085
21086
21089
21091
21092
21094
21096
21099
21100
21103
21104
21106
21108
21110
21112
21114
21116
21119
21120
21122
21125
21127
21129
21130
21133
21134
21136
21139
21141
21143
21145
21146
21148
21150
21152
21154
21156
21159
21161
21162
21165
21166
21168
21170
21172
21174
21176
21179
21180
21183
21185
21186
21188
21190
21192
21194
21197
21198
21200
21203
21204
21207
21209
21211
21213
21214
21217
21219
21220
21222
21224
21227
21229
21230
21233
21234
21236
21239
21241
21243
21244
21246
21248
21250
21253
21255
21257
21259
21260
21262
21264
21266
21269
21271
21272
21275
21276
21279
21281
21282
21284
21287
21288
21290
21293
21295
21297
21299
21300
21303
21305
21307
21309
21310
21312
21315
21317
21318
21320
21323
21324
21326
21328
21330
21333
21335
21337
21339
21341
21342
21345
21346
21349
21351
21352
21355
21356
21359
21361
21362
21364
21366
21369
21370
21372
21374
21376
21379
21380
21383
21385
21387
21389
21390
21393
21394
21397
21398
21400
21402
21404
21407
21408
21410
21413
21415
21416
21418
21420
21422
21424
21427
21428
21430
21432
21434
21437
21439
21440
21443
21445
21447
21448
21451
21453
21454
21457
21459
21460
21462
21465
21466
21468
21470
21472
21474
21476
21479
21481
21482
21484
21487
21488
21490
21492
21495
21497
21499
21501
21503
21505
21507
21508
21510
21512
21514
21516
21518
21520
21523
21525
21526
21528
21530
21532
21534
21537
21538
21540
21542
21545
21546
21549
21550
21553
21555
21556
21559
21561
21563
21564
21566
21569
21570
21572
21575
21577
21578
21581
21582
21584
21587
21588
21591
21593
21594
21597
21599
21600
21602
21605
21607
21609
21611
21613
21615
21616
21619
21621
21622
21625
21627
21628
21630
21633
21635
21636
21639
21641
21642
21644
21647
21649
21650
21652
21655
21657
21658
21661
21663
21665
21666
21668
21671
21673
21675
21677
21678
21681
21683
21685
21687
21688
21691
21692
21694
21697
21699
21701
21702
21704
21707
21708
21711
21713
21715
21717
21718
21721
21723
21725
21726
21729
21730
21732
21734
21736
21738
21741
21743
21745
21746
21748
21751
21753
21754
21757
21759
21761
21762
21764
21767
21769
21770
21772
21774
21776
21778
21781
21783
21784
21786
21789
21790
21793
21794
21796
21798
21800
21802
21805
21806
21809
21810
21812
21814
21817
21819
21820
21823
21825
21826
21828
21830
21833
21834
21836
21839
21841
21843
21844
21847
21849
21851
21853
21855
21857
21859
21860
21862
21864
21866
21868
21870
21872
21875
21877
21878
21881
21882
21884
21887
21888
21890
21892
21895
21896
21898
21901
21903
21904
21906
21908
21910
21913
21915
21917
21919
21920
21923
21924
21926
21929
21931
21933
21935
21937
21939
21940
21942
21944
21947
21948
21950
21953
21955
21956
21959
21960
21963
21964
21966
21968
21971
21973
21974
21976
21979
21981
21983
21984
21986
21989
21991
21992
21995
21997
21999
22000
22003
22005
22007
22009
22010
22013
22014
22016
22018
22020
22022
22024
22027
22029
22030
22033
22034
22037
22038
22040
22042
22044
22046
22049
22050
22053
22054
22057
22059
22060
22063
22064
22067
22069
22070
22072
22075
22076
22078
22081
22083
22085
22086
22088
22091
22092
22094
22097
22099
22101
22102
22104
22107
22108
22111
22113
22114
22117
22118
22121
22123
22125
22126
22128
22131
22132
22135
22137
22138
22140
22142
22144
22146
22148
22151
22152
22155
22156
22158
22160
22162
22164
22167
22169
22170
22172
22175
22176
22178
22180
22182
22185
22186
22188
22191
22192
22195
22197
22199
22200
22203
22204
22207
22208
22211
22212
22214
22217
22218
22220
22222
22225
22227
22229
22230
22232
22234
22237
22238
22241
22243
22245
22247
22248
22251
22253
22254
22257
22259
22261
22263
22265
22267
22268
22270
22272
22274
22276
22279
22280
22282
22285
22286
22289
22291
22293
22295
22297
22299
22301
22303
22304
22307
22308
22311
22312
22314
22317
22319
22320
22323
22325
22327
22328
22331
22333
22335
22336
22338
22340
22343
22345
22346
22349
22350
22353
22354
22356
22358
22361
22363
22364
22366
22368
22371
22372
22374
22376
22379
22381
22382
22385
22387
22388
22391
22393
22395
22396
22399
22400
22402
22405
22406
22408
22411
22413
22414
22416
22419
22420
22423
22425
22426
22429
22430
22432
22435
22437
22439
22440
22442
22445
22447
22448
22451
22453
22454
22457
22458
22461
22462
22464
22467
22469
22470
22472
22475
22476
22479
22481
22483
22485
22487
22489
22491
22492
22495
22497
22499
22500
22502
22505
22507
22508
22510
22513
22515
22517
22518
22520
22523
22524
22526
22529
22531
22533
22535
22537
22538
22540
22542
22544
22546
22548
22551
22553
22554
22556
22558
22561
22562
22565
22567
22568
22570
22572
22574
22576
22579
22580
22583
22584
22586
22588
22590
22593
22595
22597
22599
22600
22603
22605
22607
22609
22610
22613
22614
22616
22619
22620
22623
22624
22627
22629
22631
22632
22634
22637
22639
22640
22642
22644
22646
22648
22650
22653
22655
22657
22659
22661
22663
22664
22667
22668
22671
22673
22674
22676
22679
22680
22683
22685
22687
22688
22690
22692
22694
22697
22698
22701
22702
22705
22707
22708
22711
22712
22715
22717
22718
22720
22723
22724
22726
22729
22731
22733
22735
22737
22739
22740
22742
22745
22747
22748
22750
22753
22754
22757
22759
22760
22763
22765
22767
22769
22771
22773
22775
22776
22778
22781
22782
22784
22786
22788
22790
22793
22795
22797
22799
22801
22803
22805
22806
22809
22810
22813
22815
22816
22818
22820
22823
22824
22827
22829
22830
22833
22835
22837
22839
22841
22842
22845
22847
22848
22850
22853
22855
22856
22859
22861
22862
22865
22867
22868
22871
22872
22874
22876
22879
22880
22882
22884
22887
22889
22890
22893
22894
22896
22898
22901
22903
22905
22906
22908
22910
22912
22915
22917
22919
22920
22923
22925
22926
22928
22931
22933
22935
22937
22939
22941
22943
22945
22946
22948
22951
22952
22955
22956
22959
22960
22962
22964
22967
22968
22971
22973
22975
22976
22979
22980
22983
22985
22987
22988
22990
22992
22995
22996
22999
23001
23003
23005
23007
23008
23010
23012
23014
23017
23019
23020
23023
23024
23026
23029
23030
23033
23034
23037
23039
23040
23043
23044
23046
23049
23051
23053
23055
23057
23059
23061
23063
23065
23067
23068
23071
23072
23075
23076
23078
23081
23083
23084
23087
23088
23090
23092
23094
23097
23099
23101
23102
23104
23106
23109
23111
23113
23115
23117
23119
23121
23123
23124
23126
23129
23131
23132
23134
23136
23138
23140
23142
23145
23147
23148
23151
23152
23154
23156
23158
23160
23162
23165
23167
23169
23170
23172
23175
23176
23179
23180
23182
23185
23187
23189
23190
23192
23195
23196
23199
23201
23202
23205
23207
23208
23211
23212
23214
23217
23219
23220
23223
23224
23226
23229
23230
23233
23235
23236
23239
23241
23242
23245
23247
23248
23250
23253
23254
23257
23259
23261
23263
23265
23266
23268
23270
23272
23274
23277
23278
23280
23282
23284
23286
23289
23291
23293
23295
23296
23298
23301
23303
23304
23306
23309
23311
23312
23314
23316
23319
23321
23323
23324
23327
23329
23331
23333
23334
23337
23338
23340
23342
23345
23347
23349
23351
23352
23355
23357
23358
23361
23362
23364
23367
23368
23371
23372
23375
23377
23379
23381
23383
23385
23386
23389
23391
23392
23395
23396
23398
23400
23402
23405
23406
23408
23411
23412
23415
23416
23419
23420
23422
23425
23426
23428
23431
23432
23434
23437
23439
23440
23442
23445
23447
23448
23451
23453
23454
23457
23459
23460
23462
23465
23467
23469
23471
23473
23475
23476
23478
23480
23483
23484
23487
23489
23491
23492
23495
23497
23498
23501
23502
23505
23507
23508
23510
23513
23514
23516
23518
23520
23523
23524
23526
23528
23531
23532
23534
23536
23538
23541
23543
23545
23547
23549
23550
23553
23554
23556
23559
23561
23562
23564
23567
23569
23570
23573
23574
23577
23578
23580
23582
23584
23587
23589
23591
23592
23594
23596
23599
23600
23603
23605
23606
23609
23610
23613
23614
23617
23619
23621
23622
23625
23627
23629
23630
23633
23635
23636
23639
23640
23642
23645
23647
23649
23651
23653
23655
23657
23658
23661
23663
23665
23666
23669
23671
23672
23675
23676
23678
23681
23682
23685
23687
23689
23691
23693
23694
23696
23699
23700
23702
23704
23707
23709
23710
23712
23715
23717
23719
23720
23722
23725
23727
23729
23731
23733
23734
23736
23738
23740
23743
23744
23747
23749
23750
23752
23755
23756
23758
23760
23763
23765
23766
23769
23770
23773
23774
23776
23778
23781
23783
23784
23786
23788
23790
23793
23794
23797
23799
23800
23803
23804
23807
23808
23810
23812
23815
23816
23818
23821
23823
23825
23827
23829
23830
23833
23835
23837
23838
23841
23842
23844
23847
23849
23850
23852
23854
23857
23859
23861
23862
23865
23867
23869
23871
23873
23875
23877
23879
23881
23883
23884
23887
23889
23890
23892
23895
23896
23898
23900
23903
23905
23906
23908
23910
23913
23914
23917
23919
23921
23923
23924
23927
23928
23930
23933
23935
23936
23938
23941
23942
23944
23946
23948
23950
23952
23954
23956
23958
23960
23962
23964
23966
23969
23970
23973
23974
23976
23978
23980
23983
23985
23986
23989
23990
23992
23995
23996
23999
24000
24002
24005
24006
24008
24010
24012
24014
24016
24019
24021
24023
24025
24027
24029
24031
24033
24035
24037
24039
24041
24043
24045
24047
24049
24051
24053
24054
24056
24059
24060
24062
24064
24066
24069
24070
24073
24074
24077
24078
24080
24083
24084
24087
24088
24091
24092
24095
24097
24099
24101
24102
24105
24106
24108
24111
24113
24114
24117
24118
24120
24122
24124
24126
24129
24130
24132
24135
24137
24138
24140
24142
24145
24147
24149
24150
24153
24154
24157
24159
24160
24163
24165
24166
24169
24170
24172
24174
24176
24178
24180
24182
24185
24186
24189
24190
24193
24195
24196
24198
24201
24203
24204
24206
24209
24210
24212
24214
24216
24218
24220
24222
24224
24226
24229
24230
24233
24235
24236
24239
24241
24242
24245
24247
24248
24250
24252
24255
24257
24258
24261
24262
24265
24267
24269
24271
24273
24275
24277
24278
24280
24283
24285
24286
24289
24290
24293
24294
24296
24298
24300
24302
24304
24306
24309
24311
24312
24314
24316
24318
24321
24323
24324
24327
24329
24331
24333
24335
24337
24339
24341
24343
24344
24347
24349
24351
24353
24354
24356
24359
24360
24363
24364
24366
24369
24371
24372
24375
24376
24379
24380
24383
24384
24386
24388
24390
24392
24394
24397
24398
24401
24402
24404
24406
24408
24411
24412
24414
24416
24418
24421
24422
24425
24426
24429
24431
24433
24434
24436
24439
24440
24443
24444
24447
24448
24450
24453
24455
24457
24459
24461
24463
24464
24467
24469
24470
24473
24475
24476
24479
24480
24482
24484
24486
24489
24490
24492
24494
24496
24498
24500
24503
24504
24506
24508
24510
24512
24514
24517
24519
24521
24522
24524
24527
24528
24531
24533
24534
24536
24538
24540
24543
24544
24546
24549
24551
24553
24554
24557
24559
24560
24563
24565
24566
24569
24570
24572
24575
24577
24578
24580
24583
24584
24587
24588
24591
24593
24594
24597
24599
24601
24602
24605
24606
24609
24610
24613
24615
24617
24618
24621
24623
24625
24627
24629
24630
24632
24635
24636
24638
24640
24642
24645
24647
24649
24650
24652
24655
24656
24658
24660
24662
24665
24667
24669
24671
24673
24674
24677
24679
24680
24683
24684
24687
24688
24690
24692
24695
24696
24698
24701
24703
24705
24706
24709
24710
24712
24714
24716
24719
24721
24723
24724
24727
24729
24730
24732
24734
24736
24738
24741
24743
24744
24747
24749
24750
24752
24755
24757
24759
24760
24763
24764
24766
24768
24770
24773
24775
24776
24778
24781
24782
24784
24787
24788
24791
24792
24794
24796
24798
24800
24802
24804
24806
24808
24811
24812
24815
24817
24818
24820
24823
24824
24826
24828
24831
24832
24834
24837
24838
24841
24843
24845
24847
24849
24851
24853
24855
24857
24858
24860
24863
24864
24867
24868
24871
24873
24874
24876
24879
24881
24883
24884
24886
24889
24891
24892
24894
24896
24899
24901
24903
24905
24907
24908
24911
24912
24914
24917
24919
24920
24923
24925
24926
24929
24931
24932
24934
24936
24938
24940
24943
24944
24947
24948
24951
24952
24955
24957
24959
24961
24962
24965
24966
24968
24970
24972
24974
24977
24979
24981
24983
24985
24986
24988
24990
24992
24995
24997
24998
25000
25003
25004
25006
25009
25010
25013
25015
25017
25018
25020
25023
25025
25026
25028
25030
25032
25035
25036
25039
25040
25043
25045
25047
25049
25051
25052
25054
25056
25059
25060
25063
25064
25067
25069
25071
25072
25075
25076
25078
25080
25083
25084
25086
25088
25090
25092
25094
25096
25099
25101
25102
25104
25107
25109
25111
25113
25115
25117
25118
25120
25122
25125
25127
25129
25130
25132
25135
25137
25139
25140
25143
25145
25146
25148
25150
25152
25154
25156
25159
25161
25162
25164
25166
25169
25171
25173
25174
25177
25179
25180
25183
25185
25186
25188
25190
25192
25195
25197
25199
25200
25202
25204
25206
25209
25210
25212
25214
25217
25218
25220
25222
25225
25227
25228
25231
25233
25234
25237
25239
25241
25242
25244
25247
25249
25250
25252
25254
25257
25258
25261
25262
25265
25267
25268
25271
25273
25275
25276
25278
25281
25283
25284
25286
25289
25290
25292
25295
25296
25298
25300
25303
25305
25307
25309
25310
25313
25315
25316
25318
25320
25323
25324
25326
25329
25331
25333
25334
25337
25339
25340
25342
25344
25347
25348
25350
25353
25354
25357
25359
25361
25362
25365
25366
25369
25371
25372
25374
25377
25379
25381
25383
25384
25387
25389
25391
25393
25395
25397
25399
25400
25403
25405
25407
25408
25411
25413
25415
25417
25418
25421
25423
25425
25426
25429
25431
25433
25434
25436
25439
25440
25442
25444
25446
25448
25451
25453
25454
25457
25459
25460
25462
25465
25467
25468
25470
25472
25475
25476
25479
25480
25483
25484
25487
25489
25490
25493
25495
25497
25499
25501
25503
25505
25506
25508
25511
25513
25514
25517
25518
25521
25523
25524
25526
25528
25530
25533
25534
25537
25538
25541
25542
25545
25546
25549
25551
25553
25555
25556
25559
25560
25562
25565
25567
25568
25571
25573
25575
25577
25578
25580
25582
25585
25586
25588
25590
25593
25595
25597
25598
25600
25602
25604
25607
25609
25611
25612
25615
25617
25619
25620
25623
25624
25627
25628
25630
25633
25635
25637
25639
25640
25643
25644
25647
25649
25651
25653
25655
25657
25659
25660
25662
25665
25666
25668
25670
25673
25674
25676
25679
25681
25682
25685
25686
25688
25690
25693
25694
25696
25699
25700
25702
25705
25706
25709
25710
25713
25715
25717
25719
25721
25722
25724
25726
25728
25731
25732
25735
25736
25739
25741
25743
25744
25746
25748
25750
25753
25754
25756
25758
25761
25763
25765
25767
25768
25771
25773
25774
25777
25778
25781
25783
25785
25787
25789
25790
25793
25795
25797
25799
25801
25802
25804
25807
25809
25811
25813
25814
25817
25818
25820
25822
25825
25827
25828
25830
25832
25834
25837
25838
25841
25842
25844
25846
25848
25850
25853
25854
25857
25859
25860
25863
25864
25867
25868
25871
25872
25875
25876
25879
25880
25883
25885
25887
25889
25891
25892
25895
25897
25898
25901
25903
25904
25906
25909
25910
25912
25915
25917
25919
25920
25923
25924
25927
25928
25931
25932
25934
25937
25938
25940
25943
25944
25946
25948
25950
25953
25955
25956
25959
25961
25962
25964
25966
25968
25970
25972
25975
25976
25978
25981
25983
25984
25986
25989
25991
25992
25994
25996
25999
26000
26002
26004
26007
26009
26011
26013
26015
26017
26018
26020
26022
26024
26026
26029
26031
26033
26034
26036
26039
26040
26043
26044
26047
26049
26051
26052
26054
26056
26059
26061
26063
26064
26066
26069
26071
26072
26074
26077
26079
26081
26082
26084
26087
26088
26091
26093
26095
26097
26098
26100
26102
26105
26107
26108
26110
26113
26115
26116
26118
26120
26123
26125
26127
26129
26130
26133
26134
26136
26138
26141
26143
26144
26147
26148
26150
26153
26155
26157
26159
26160
26162
26165
26167
26168
26170
26172
26174
26176
26179
26181
26182
26185
26186
26188
26191
26192
26195
26197
26199
26201
26202
26204
26207
26209
26211
26212
26215
26217
26219
26220
26222
26225
26226
26229
26231
26232
26234
26237
26238
26240
26242
26244
26246
26249
26251
26253
26255
26257
26258
26261
26263
26264
26266
26269
26270
26273
26274
26276
26279
26281
26283
26284
26287
26289
26291
26292
26294
26296
26298
26301
26302
26304
26307
26309
26311
26312
26315
26316
26318
26321
26323
26325
26327
26328
26330
26332
26335
26336
26339
26341
26342
26345
26347
26349
26350
26352
26354
26356
26359
26361
26362
26365
26367
26368
26371
26372
26374
26377
26378
26381
26382
26385
26386
26388
26391
26392
26395
26397
26398
26400
26403
26405
26406
26409
26411
26412
26414
26416
26418
26421
26423
26424
26427
26429
26431
26432
26434
26436
26439
26441
26442
26444
26446
26449
26450
26452
26455
26456
26458
26461
26462
26464
26466
26468
26471
26472
26475
26477
26479
26480
26482
26485
26486
26488
26490
26493
26495
26496
26499
26501
26503
26504
26506
26509
26510
26513
26514
26516
26519
26520
26523
26525
26527
26528
26530
26533
26535
26537
26538
26540
26542
26544
26547
26549
26550
26553
26555
26556
26558
26561
26563
26565
26567
26568
26571
26572
26574
26577
26579
26580
26583
26585
26587
26589
26590
26592
26594
26597
26599
26600
26602
26605
26607
26609
26610
26613
26615
26616
26618
26621
26623
26625
26626
26629
26631
26632
26634
26637
26638
26640
26643
26645
26647
26648
26651
26653
26654
26656
26659
26660
26662
26664
26666
26669
26671
26673
26674
26676
26679
26680
26682
26685
26686
26689
26690
26693
26694
26696
26699
26700
26703
26704
26707
26708
26710
26713
26714
26717
26718
26720
26723
26725
26726
26729
26731
26732
26735
26736
26738
26741
26742
26745
26746
26748
26750
26753
26755
26757
26759
26761
26762
26765
26766
26768
26771
26772
26775
26777
26778
26780
26782
26784
26786
26788
26791
26792
26794
26796
26798
26800
26803
26805
26806
26809
26811
26812
26815
26816
26818
26820
26823
26825
26827
26829
26830
26833
26835
26836
26838
26840
26843
26845
26847
26849
26850
26853
26855
26856
26858
26861
26863
26865
26866
26868
26871
26872
26874
26876
26878
26881
26883
26885
26886
26889
26891
26892
26895
26896
26898
26900
26902
26905
26907
26908
26911
26913
26915
26916
26918
26920
26923
26924
26927
26928
26930
26933
26934
26936
26938
26940
26942
26944
26947
26949
26950
26953
26955
26956
26958
26961
26963
26965
26967
26969
26971
26973
26974
26977
26978
26981
26982
26985
26987
26988
26991
26993
26995
26997
26998
27001
27002
27004
27006
27008
27011
27012
27015
27016
27018
27020
27023
27024
27026
27029
27031
27032
27034
27036
27039
27041
27042
27045
27046
27048
27050
27052
27054
27057
27059
27060
27062
27064
27067
27069
27071
27072
27074
27077
27079
27081
27083
27084
27087
27088
27091
27092
27095
27096
27098
27101
27102
27105
27106
27108
27110
27113
27115
27116
27119
27121
27123
27124
27126
27128
27130
27133
27135
27136
27139
27140
27142
27144
27147
27148
27150
27152
27155
27156
27158
27161
27163
27164
27167
27169
27171
27173
27174
27176
27178
27181
27182
27184
27187
27189
27190
27193
27195
27197
27199
27201
27203
27205
27206
27209
27211
27213
27215
27217
27218
27220
27222
27224
27227
27229
27230
27233
27234
27237
27239
27241
27242
27245
27246
27248
27251
27253
27255
27257
27258
27261
27263
27265
27267
27269
27271
27273
27274
27277
27278
27281
27282
27285
27287
27289
27291
27293
27295
27296
27298
27301
27302
27305
27306
27308
27310
27313
27314
27317
27318
27321
27323
27324
27326
27328
27331
27332
27335
27337
27339
27340
27342
27344
27346
27348
27351
27353
27354
27357
27359
27360
27363
27364
27367
27369
27371
27373
27374
27376
27379
27380
27382
27385
27386
27389
27391
27393
27395
27396
27398
27401
27402
27404
27406
27408
27410
27412
27415
27416
27418
27420
27423
27424
27426
27429
27430
27433
27435
27437
27439
27441
27443
27444
27446
27449
27450
27453
27454
27457
27458
27460
27462
27465
27466
27469
27470
27472
27475
27477
27478
27480
27483
27485
27487
27489
27490
27492
27495
27496
27499
27501
27502
27504
27507
27509
27511
27512
27514
27517
27519
27521
27522
27525
27527
27529
27531
27532
27535
27536
27539
27540
27543
27544
27546
27549
27550
27552
27555
27557
27559
27560
27562
27565
27566
27568
27570
27573
27574
27577
27578
27580
27582
27584
27586
27589
27590
27593
27595
27596
27599
27601
27603
27605
27607
27609
27610
27612
27614
27616
27618
27621
27623
27624
27626
27628
27631
27633
27634
27637
27639
27640
27643
27645
27646
27648
27650
27653
27654
27657
27659
27660
27663
27664
27666
27669
27670
27673
27675
27676
27678
27681
27683
27685
27687
27688
27690
27692
27695
27696
27699
27700
27703
27704
27706
27709
27710
27712
27714
27717
27718
27720
27723
27724
27726
27728
27730
27733
27735
27737
27739
27741
27742
27745
27746
27748
27751
27753
27755
27757
27758
27760
27762
27765
27766
27769
27770
27773
27775
27777
27778
27781
27782
27784
27787
27788
27790
27792
27794
27797
27799
27801
27803
27805
27807
27808
27810
27813
27815
27817
27818
27820
27823
27824
27826
27828
27831
27832
27835
27836
27838
27840
27843
27844
27846
27849
27851
27853
27855
27857
27858
27860
27862
27865
27866
27869
27870
27873
27874
27877
27878
27880
27883
27885
27886
27888
27891
27893
27895
27896
27899
27900
27903
27904
27907
27908
27910
27912
27915
27917
27919
27920
27922
27925
27927
27928
27930
27932
27934
27936
27939
27941
27942
27944
27947
27949
27950
27952
27954
27956
27958
27961
27962
27965
27966
27969
27970
27973
27974
27977
27978
27980
27983
27984
27986
27988
27991
27992
27994
27997
27999
28001
28003
28004
28006
28008
28010
28013
28014
28017
28019
28020
28022
28025
28026
28028
28030
28033
28034
28037
28039
28041
28042
28045
28047
28049
28050
28052
28054
28056
28059
28061
28062
28064
28066
28068
28071
28072
28075
28076
28078
28080
28083
28084
28086
28089
28090
28093
28094
28097
28099
28101
28103
28105
28107
28108
28110
28112
28115
28117
28118
28120
28122
28124
28127
28129
28131
28132
28134
28137
28139
28140
28142
28145
28147
28149
28150
28152
28155
28156
28159
28160
28162
28164
28167
28169
28171
28172
28174
28176
28178
28180
28183
28185
28186
28188
28190
28192
28194
28197
28199
28201
28202
28205
28206
28208
28210
28213
28214
28216
28218
28221
28222
28224
28226
28229
28230
28232
28234
28236
28239
28240
28242
28245
28247
28249
28251
28252
28254
28257
28259
28261
28262
28264
28266
28268
28270
28272
28275
28276
28279
28281
28283
28284
28287
28289
28291
28292
28295
28296
28298
28300
28302
28305
28306
28309
28311
28312
28315
28316
28319
28321
28323
28325
28327
28329
28331
28332
28334
28336
28339
28341
28342
28345
28346
28348
28350
28353
28354
28357
28358
28360
28362
28365
28367
28369
28370
28373
28375
28377
28379
28380
28382
28384
28386
28389
28390
28392
28394
28396
28398
28400
28402
28405
28406
28409
28410
28413
28414
28416
28418
28421
28423
28425
28427
28428
28431
28433
28435
28436
28439
28440
28443
28445
28446
28448
28450
28452
28455
28457
28459
28460
28463
28465
28467
28468
28471
28472
28475
28477
28478
28481
28482
28485
28487
28489
28490
28492
28495
28496
28498
28501
28502
28505
28506
28508
28510
28513
28514
28516
28518
28521
28523
28525
28526
28528
28531
28532
28534
28536
28539
28540
28542
28545
28547
28549
28551
28553
28554
28556
28558
28560
28563
28565
28567
28569
28571
28572
28575
28576
28579
28581
28582
28584
28587
28589
28590
28592
28594
28596
28598
28601
28603
28605
28606
28608
28610
28612
28615
28617
28619
28620
28623
28625
28627
28629
28631
28632
28634
28636
28639
28640
28642
28644
28646
28648
28651
28652
28654
28657
28658
28661
28662
28665
28667
28669
28671
28672
28674
28676
28679
28681
28683
28684
28687
28689
28690
28692
28695
28696
28699
28700
28702
28705
28706
28708
28711
28713
28715
28717
28719
28721
28722
28724
28726
28728
28731
28733
28735
28737
28739
28740
28743
28745
28746
28749
28750
28752
28754
28756
28759
28761
28762
28765
28767
28769
28770
28772
28774
28777
28779
28780
28783
28784
28786
28789
28790
28793
28795
28796
28799
28800
28802
28805
28807
28808
28810
28812
28814
28817
28819
28820
28823
28825
28827
28828
28830
28832
28834
28836
28838
28841
28843
28845
28846
28849
28851
28852
28854
28857
28858
28861
28862
28865
28866
28869
28871
28873
28874
28876
28878
28880
28883
28885
28886
28889
28890
28893
28894
28897
28898
28901
28903
28905
28906
28908
28911
28912
28915
28917
28919
28920
28923
28925
28926
28929
28931
28933
28935
28937
28938
28941
28943
28945
28947
28949
28951
28953
28954
28957
28959
28961
28962
28964
28966
28968
28970
28973
28975
28976
28979
28981
28982
28984
28987
28988
28991
28993
28995
28996
28999
29000
29003
29005
29007
29009
29010
29013
29015
29017
29019
29020
29023
29025
29026
29028
29031
29033
29035
29037
29039
29041
29043
29045
29046
29048
29050
29052
29055
29057
29059
29061
29062
29065
29066
29068
29070
29073
29074
29076
29079
29080
29082
29085
29086
29089
29091
29092
29094
29096
29098
29101
29102
29105
29106
29108
29111
29113
29114
29117
29118
29120
29122
29125
29127
29129
29131
29133
29134
29136
29139
29140
29142
29144
29146
29148
29151
29152
29155
29157
29158
29160
29162
29164
29166
29168
29171
29173
29175
29176
29178
29181
29182
29185
29186
29188
29190
29192
29194
29196
29199
29200
29202
29205
29207
29209
29211
29212
29214
29216
29218
29220
29222
29225
29227
29229
29230
29232
29235
29237
29239
29240
29242
29245
29247
29249
29251
29252
29255
29257
29258
29260
29262
29264
29267
29269
29270
29273
29275
29276
29278
29280
29282
29285
29286
29289
29290
29293
29294
29296
29298
29301
29303
29305
29306
29309
29311
29313
29315
29317
29318
29320
29322
29325
29326
29328
29330
29332
29335
29336
29338
29341
29342
29345
29346
29349
29351
29353
29355
29356
29358
29360
29363
29364
29367
29368
29370
29373
29375
29376
29379
29380
29382
29384
29387
29388
29390
29393
29394
29396
29398
29401
29402
29404
29407
29409
29411
29413
29414
29416
29418
29420
29423
29425
29427
29428
29431
29433
29435
29436
29438
29440
29442
29445
29446
29449
29451
29453
29454
29456
29459
29461
29463
29465
29466
29469
29470
29473
29475
29476
29479
29480
29482
29485
29486
29488
29490
29492
29495
29496
29499
29501
29502
29505
29507
29509
29511
29513
29514
29517
29519
29521
29523
29524
29526
29529
29530
29533
29534
29536
29538
29541
29542
29545
29547
29549
29551
29552
29555
29556
29559
29560
29563
29565
29567
29569
29570
29573
29574
29577
29578
29581
29582
29585
29587
29588
29591
29592
29595
29597
29598
29600
29603
29605
29606
29609
29610
29613
29614
29616
29619
29620
29622
29624
29626
29628
29630
29633
29634
29637
29639
29641
29642
29644
29647
29649
29650
29652
29654
29657
29658
29660
29662
29664
29666
29669
29670
29673
29675
29677
29678
29681
29682
29684
29686
29689
29691
29693
29695
29696
29698
29701
29703
29704
29707
29708
29710
29713
29715
29717
29718
29720
29722
29724
29727
29728
29730
29732
29734
29736
29738
29741
29742
29745
29746
29748
29751
29753
29755
29757
29758
29761
29763
29765
29766
29768
29770
29773
29775
29776
29779
29780
29783
29785
29787
29788
29791
29793
29795
29797
29799
29801
29802
29805
29807
29809
29811
29813
29815
29817
29819
29820
29823
29825
29827
29829
29830
29832
29834
29837
29838
29840
29842
29844
29847
29848
29851
29853
29855
29857
29858
29860
29863
29864
29867
29869
29870
29873
29874
29876
29878
29881
29883
29884
29887
29888
29890
29892
29895
29897
29899
29901
29902
29905
29907
29909
29911
29913
29914
29916
29919
29920
29922
29925
29927
29929
29930
29932
29935
29936
29938
29941
29943
29944
29946
29949
29950
29953
29955
29957
29958
29960
29963
29964
29967
29969
29970
29972
29975
29976
29978
29981
29983
29984
29986
29988
29990
29992
29995
29997
29999
30000
30003
30005
30007
30009
30010
30013
30015
30016
30018
30021
30023
30024
30027
30029
30030
30032
30034
30037
30038
30041
30043
30044
30047
30049
30050
30053
30055
30057
30059
30060
30062
30064
30067
30069
30071
30072
30075
30076
30079
30081
30082
30085
30086
30089
30091
30092
30094
30096
30099
30101
30102
30104
30107
30109
30110
30112
30115
30117
30119
30121
30123
30125
30126
30128
30130
30132
30135
30136
30139
30140
30143
30144
30146
30149
30150
30153
30154
30157
30159
30161
30162
30165
30167
30169
30170
30172
30174
30177
30178
30180
30183
30184
30187
30189
30190
30192
30195
30196
30199
30200
30203
30205
30206
30208
30210
30213
30214
30216
30219
30220
30223
30224
30227
30228
30230
30233
30234
30236
30239
30240
30242
30244
30247
30248
30250
30252
30254
30257
30258
30261
30263
30264
30266
30268
30270
30272
30275
30276
30279
30280
30282
30284
30286
30288
30290
30292
30294
30296
30299
30301
30302
30304
30306
30308
30310
30313
30314
30317
30319
30320
30322
30324
30327
30328
30331
30333
30335
30336
30339
30340
30343
30344
30347
30348
30351
30353
30355
30357
30358
30360
30362
30365
30366
30368
30370
30372
30374
30376
30378
30381
30383
30385
30387
30389
30391
30393
30395
30397
30398
30400
30403
30405
30407
30409
30411
30413
30415
30417
30418
30420
30423
30425
30427
30428
30430
30432
30435
30437
30439
30440
30443
30444
30446
30448
30450
30453
30455
30457
30458
30460
30463
30465
30467
30468
30470
30472
30475
30477
30479
30481
30482
30484
30486
30489
30490
30492
30494
30496
30498
30500
30503
30504
30506
30508
30511
30513
30515
30517
30519
30520
30523
30524
30527
30529
30531
30533
30534
30536
30538
30541
30542
30545
30547
30548
30550
30553
30554
30557
30558
30561
30563
30564
30566
30568
30570
30572
30574
30576
30579
30581
30583
30585
30587
30589
30590
30593
30595
30596
30598
30600
30602
30604
30607
30609
30611
30613
30614
30617
30619
30621
30623
30624
30626
30628
30630
30633
30634
30637
30638
30640
30643
30645
30647
30649
30651
30653
30654
30656
30658
30661
30662
30664
30666
30669
30671
30672
30675
30676
30678
30681
30682
30684
30687
30689
30690
30692
30695
30697
30699
30701
30702
30704
30706
30709
30711
30712
30714
30717
30718
30720
30723
30725
30727
30728
30730
30733
30734
30737
30738
30740
30743
30745
30747
30749
30750
30752
30755
30757
30759
30761
30763
30765
30767
30768
30771
30773
30775
30777
30779
30781
30783
30784
30787
30789
30790
30792
30795
30796
30798
30801
30802
30804
30807
30809
30811
30812
30814
30817
30819
30820
30823
30825
30826
30828
30830
30833
30834
30837
30839
30840
30842
30845
30847
30848
30851
30853
30855
30857
30858
30861
30863
30865
30866
30869
30870
30873
30875
30877
30878
30881
30882
30884
30887
30888
30890
30893
30895
30897
30898
30900
30903
30904
30907
30909
30910
30913
30915
30917
30919
30921
30923
30925
30926
30928
30930
30932
30934
30937
30938
30940
30943
30944
30947
30949
30950
30953
30954
30956
30959
30961
30963
30965
30967
30968
30970
30972
30975
30976
30979
30981
30982
30985
30987
30989
30991
30992
30995
30996
30998
31000
31002
31004
31007
31008
31011
31012
31015
31017
31018
31021
31023
31024
31026
31029
31031
31033
31034
31037
31039
31040
31043
31045
31046
31049
31050
31052
31054
31056
31058
31060
31062
31064
31066
31068
31070
31072
31075
31076
31078
31080
31083
31084
31087
31089
31090
31093
31094
31096
31098
31100
31103
31104
31107
31108
31110
31112
31114
31117
31119
31121
31123
31125
31127
31129
31131
31133
31134
31136
31139
31140
31143
31144
31147
31149
31151
31153
31154
31157
31158
31160
31162
31165
31166
31168
31171
31173
31174
31176
31179
31181
31183
31185
31186
31189
31190
31192
31195
31197
31198
31201
31202
31204
31207
31209
31210
31213
31215
31217
31218
31220
31222
31224
31226
31229
31231
31232
31234
31236
31238
31241
31243
31244
31247
31249
31250
31253
31255
31256
31259
31261
31263
31264
31266
31268
31270
31273
31275
31277
31279
31280
31282
31285
31287
31288
31291
31293
31295
31297
31298
31301
31302
31304
31306
31308
31310
31313
31314
31316
31319
31321
31323
31324
31326
31329
31330
31333
31334
31337
31339
31341
31343
31344
31346
31349
31350
31352
31355
31357
31359
31361
31362
31364
31367
31368
31370
31372
31374
31376
31378
31380
31383
31384
31386
31389
31390
31392
31395
31396
31399
31400
31403
31404
31406
31408
31411
31413
31414
31417
31418
31420
31422
31424
31427
31428
31430
31432
31434
31436
31439
31441
31442
31445
31447
31448
31450
31452
31455
31457
31458
31461
31463
31465
31466
31469
31471
31472
31475
31477
31478
31481
31483
31484
31486
31488
31491
31493
31495
31496
31498
31500
31503
31504
31507
31509
31510
31513
31514
31516
31519
31520
31523
31525
31527
31528
31530
31533
31535
31537
31539
31541
31542
31544
31547
31548
31551
31552
31555
31557
31558
31560
31563
31565
31567
31569
31571
31573
31575
31576
31579
31581
31582
31585
31587
31588
31591
31592
31594
31596
31598
31601
31602
31604
31607
31609
31610
31612
31615
31617
31619
31620
31623
31624
31626
31628
31631
31632
31634
31637
31639
31640
31642
31645
31646
31648
31651
31653
31654
31657
31658
31661
31663
31664
31667
31669
31670
31672
31674
31677
31679
31680
31683
31684
31687
31688
31691
31692
31695
31696
31699
31700
31702
31705
31706
31709
31710
31712
31715
31717
31718
31720
31723
31725
31726
31728
31731
31733
31735
31737
31739
31741
31743
31744
31747
31749
31750
31752
31755
31757
31758
31760
31762
31764
31767
31769
31771
31773
31774
31777
31779
31781
31783
31784
31787
31788
31790
31792
31794
31797
31799
31801
31803
31805
31807
31809
31810
31813
31815
31817
31819
31820
31822
31825
31827
31828
31830
31833
31834
31836
31839
31840
31843
31845
31847
31849
31850
31852
31854
31857
31859
31860
31863
31865
31867
31869
31871
31872
31875
31877
31879
31881
31882
31885
31886
31888
31891
31892
31895
31896
31898
31901
31902
31904
31907
31908
31910
31913
31914
31916
31918
31920
31923
31925
31927
31929
31930
31933
31934
31937
31938
31940
31942
31944
31946
31948
31951
31953
31954
31956
31959
31961
31963
31965
31967
31969
31971
31972
31974
31976
31978
31980
31983
31985
31986
31988
31990
31993
31995
31997
31999
32000
32003
32005
32006
32009
32010
32012
32015
32016
32018
32021
32023
32025
32027
32029
32030
32032
32035
32036
32038
32041
32043
32044
32046
32049
32051
32053
32054
32057
32058
32060
32062
32065
32067
32068
32071
32072
32075
32076
32078
32081
32083
32084
32086
32089
32091
32092
32094
32096
32099
32100
32102
32105
32106
32109
32110
32113
32115
32116
32118
32121
32123
32125
32127
32129
32131
32133
32134
32137
32138
32141
32142
32144
32146
32148
32151
32153
32155
32156
32159
32160
32162
32164
32167
32169
32170
32172
32175
32176
32179
32180
32183
32184
32187
32189
32190
32193
32194
32196
32198
32200
32203
32205
32207
32209
32210
32213
32215
32217
32219
32221
32223
32224
32227
32228
32231
32233
32234
32236
32238
32240
32243
32244
32247
32249
32251
32252
32255
32257
32258
32260
32262
32264
32266
32268
32271
32273
32275
32276
32279
32281
32282
32285
32287
32288
32290
32292
32294
32297
32298
32300
32303
32304
32307
32308
32311
32312
32315
32317
32319
32321
32323
32325
32327
32328
32330
32333
32334
32337
32339
32341
32342
32344
32347
32349
32350
32353
32354
32357
32358
32360
32363
32365
32367
32369
32370
32372
32375
32377
32379
32381
32383
32384
32387
32389
32390
32393
32394
32396
32398
32401
32402
32404
32406
32408
32411
32413
32414
32417
32418
32421
32422
32424
32426
32429
32431
32433
32434
32436
32438
32441
32443
32445
32446
32448
32451
32452
32454
32456
32458
32460
32463
32465
32467
32468
32470
32472
32474
32476
32478
32480
32482
32484
32486
32488
32490
32492
32495
32496
32499
32500
32502
32505
32507
32508
32510
32512
32515
32516
32519
32521
32522
32524
32527
32529
32530
32532
32534
32536
32538
32541
32543
32545
32547
32548
32550
32553
32554
32556
32559
32561
32562
32564
32567
32569
32570
32573
32575
32577
32579
32580
32582
32584
32587
32588
32590
32593
32595
32596
32598
32600
32603
32604
32606
32608
32610
32613
32614
32616
32618
32620
32623
32624
32627
32628
32631
32632
32635
32636
32639
32640
32643
32645
32647
32648
32650
32653
32655
32656
32658
32660
32663
32664
32666
32668
32670
32673
32675
32677
32679
32680
32682
32684
32687
32688
32690
32693
32695
32697
32698
32700
32703
32705
32706
32708
32711
32712
32715
32716
32719
32720
32723
32724
32727
32729
32730
32733
32735
32736
32738
32740
32742
32745
32746
32748
32750
32752
32754
32756
32758
32761
32763
32764
32766
