s vc 2980 1920
1
2
3
10
14
15
16
17
19
20
21
22
24
25
26
28
32
33
35
36
38
40
41
45
46
48
51
53
54
55
57
58
61
63
64
65
66
75
77
78
79
80
81
82
84
87
89
94
95
96
97
99
100
101
102
103
104
105
108
109
110
111
112
116
117
118
119
120
121
124
134
138
140
142
143
144
145
146
148
152
155
157
158
159
160
161
162
163
164
166
167
168
170
172
173
174
175
177
178
179
180
182
185
187
188
191
192
193
195
196
202
203
204
206
207
209
210
212
213
215
217
218
219
220
223
224
225
226
228
229
232
233
234
236
237
238
241
242
243
244
246
247
249
251
252
253
255
257
258
260
261
263
264
266
268
269
270
271
274
275
277
278
280
281
283
284
285
287
288
290
291
293
294
296
298
299
300
302
304
305
306
307
309
310
313
314
316
317
318
319
322
323
325
326
327
328
330
332
333
334
336
338
339
341
342
343
345
346
348
349
351
352
354
356
357
359
360
362
364
365
367
368
369
370
372
374
375
376
379
380
382
383
384
386
387
389
390
391
393
395
396
398
400
401
402
404
405
407
409
410
411
412
414
416
418
419
421
422
423
425
426
428
429
430
432
434
435
436
439
440
441
442
444
446
447
449
451
452
454
455
456
458
459
461
462
464
465
467
469
470
472
473
474
475
477
478
480
481
483
484
486
487
490
491
492
494
495
496
498
499
501
503
504
506
507
508
510
512
513
515
516
517
519
521
522
523
526
527
528
529
531
533
534
536
537
539
540
542
543
544
547
548
549
550
552
553
556
557
558
559
561
563
564
566
567
569
570
571
574
575
577
578
580
581
582
583
585
587
588
589
591
593
594
595
597
599
600
602
603
605
607
608
609
611
612
613
615
616
618
620
621
623
624
626
628
629
630
631
634
635
636
638
639
641
642
643
645
646
648
649
651
653
655
656
658
659
660
661
664
665
667
668
669
671
672
674
676
677
679
680
682
683
684
686
687
689
690
692
693
694
697
698
700
701
702
703
705
707
708
709
712
713
714
715
717
719
721
722
723
724
726
727
730
731
732
733
735
736
738
740
741
742
744
746
747
749
750
752
753
755
757
758
759
760
762
764
765
766
768
770
772
773
775
776
777
779
780
781
784
785
786
787
789
791
792
793
795
796
798
800
801
802
804
805
808
809
811
812
813
814
817
818
819
820
823
824
826
827
828
829
831
832
835
836
837
839
840
842
844
845
846
848
850
851
853
854
855
857
859
860
861
863
865
866
867
869
870
871
873
874
877
878
879
880
882
883
885
886
888
889
891
893
894
896
897
898
900
901
904
905
906
907
910
911
912
914
915
916
918
919
921
922
924
926
927
929
931
932
933
934
936
937
940
941
943
944
945
947
948
949
952
953
954
955
957
958
960
961
963
965
966
968
970
971
972
974
975
977
978
980
981
982
984
986
987
989
990
992
993
995
996
997
999
1000
1002
1004
1006
1007
1008
1010
1011
1012
1014
1016
1017
1019
1021
1022
1023
1025
1027
1028
1029
1031
1032
1034
1035
1036
1038
1040
1041
1043
1044
1045
1047
1048
1051
1052
1053
1054
1056
1057
1059
1061
1062
1063
1066
1067
1068
1070
1071
1073
1075
1076
1077
1079
1080
1081
1083
1084
1087
1088
1089
1091
1092
1093
1096
1097
1099
1100
1102
1103
1104
1106
1108
1109
1110
1111
1113
1115
1116
1117
1119
1120
1122
1124
1125
1126
1128
1129
1132
1133
1134
1136
1137
1139
1141
1142
1143
1144
1146
1147
1149
1150
1152
1153
1156
1157
1159
1160
1161
1162
1165
1166
1168
1169
1170
1171
1174
1175
1176
1178
1180
1181
1182
1184
1185
1186
1188
1189
1191
1192
1194
1195
1197
1198
1200
1201
1203
1205
1206
1208
1210
1211
1213
1214
1216
1217
1218
1220
1221
1222
1225
1226
1228
1229
1231
1232
1233
1235
1237
1238
1240
1241
1242
1244
1245
1246
1249
1250
1251
1252
1255
1256
1258
1259
1260
1262
1263
1265
1266
1267
1269
1271
1272
1273
1275
1276
1279
1280
1281
1283
1285
1286
1288
1289
1291
1292
1293
1295
1296
1297
1300
1301
1302
1304
1306
1307
1308
1309
1311
1313
1315
1316
1318
1319
1320
1322
1324
1325
1326
1327
1330
1331
1332
1334
1335
1336
1339
1340
1341
1343
1344
1346
1347
1349
1350
1351
1353
1355
1357
1358
1359
1361
1362
1363
1365
1366
1369
1370
1372
1373
1374
1376
1377
1379
1380
1381
1384
1385
1387
1388
1389
1390
1392
1393
1395
1397
1399
1400
1402
1403
1404
1406
1408
1409
1410
1412
1413
1415
1416
1417
1419
1420
1422
1423
1425
1426
1428
1429
1431
1433
1435
1436
1437
1438
1441
1442
1443
1445
1446
1447
1449
1451
1452
1453
1455
1457
1458
1460
1461
1463
1464
1465
1467
1468
1471
1472
1473
1474
1477
1478
1480
1481
1482
1484
1485
1487
1488
1490
1492
1493
1494
1495
1497
1498
1500
1501
1504
1505
1506
1507
1509
1511
1512
1514
1516
1517
1519
1520
1521
1523
1525
1526
1528
1529
1530
1531
1533
1535
1537
1538
1539
1540
1542
1543
1545
1546
1548
1549
1551
1553
1554
1555
1557
1559
1560
1561
1564
1565
1567
1568
1569
1570
1572
1574
1576
1577
1578
1579
1581
1582
1585
1586
1587
1589
1591
1592
1594
1595
1596
1598
1599
1600
1602
1603
1606
1607
1608
1609
1611
1612
1615
1616
1617
1619
1621
1622
1623
1625
1627
1628
1629
1630
1633
1634
1635
1636
1638
1640
1642
1643
1644
1646
1647
1649
1650
1652
1653
1655
1656
1658
1659
1660
1663
1664
1665
1667
1668
1670
1671
1673
1674
1676
1677
1679
1680
1681
1684
1685
1686
1688
1689
1690
1693
1694
1695
1697
1698
1700
1701
1703
1704
1706
1707
1709
1711
1712
1713
1714
1716
1718
1720
1721
1722
1723
1726
1727
1728
1729
1732
1733
1734
1735
1737
1739
1740
1741
1744
1745
1746
1748
1750
1751
1752
1754
1755
1756
1758
1760
1761
1763
1764
1765
1768
1769
1770
1771
1773
1774
1776
1777
1779
1781
1783
1784
1785
1786
1788
1790
1791
1792
1795
1796
1797
1798
1800
1802
1804
1805
1807
1808
1809
1810
1813
1814
1815
1817
1818
1820
1821
1823
1824
1826
1827
1829
1831
1832
1833
1835
1836
1838
1839
1841
1843
1844
1846
1847
1848
1850
1851
1853
1854
1855
1857
1859
1860
1861
1863
1865
1866
1868
1869
1871
1873
1874
1876
1877
1879
1880
1881
1882
1884
1885
1888
1889
1890
1892
1893
1894
1897
1898
1900
1901
1902
1903
1905
1907
1909
1910
1911
1912
1914
1916
1917
1919
1921
1922
1924
1925
1926
1928
1929
1930
1932
1933
1936
1937
1938
1939
1941
1943
1944
1945
1947
1949
1950
1951
1954
1955
1956
1957
1959
1960
1963
1964
1966
1967
1968
1970
1972
1973
1974
1976
1977
1979
1980
1981
1983
1984
1986
1987
1989
1990
1993
1994
1995
1996
1999
2000
2001
2002
2005
2006
2007
2008
2011
2012
2013
2015
2016
2018
2019
2020
2023
2024
2026
2027
2028
2030
2032
2033
2034
2036
2038
2039
2041
2042
2043
2044
2046
2047
2049
2050
2053
2054
2055
2056
2058
2059
2062
2063
2064
2065
2067
2068
2070
2071
2073
2074
2076
2078
2080
2081
2083
2084
2085
2086
2088
2089
2091
2092
2094
2096
2097
2098
2100
2101
2104
2105
2106
2107
2109
2111
2113
2114
2115
2117
2118
2119
2121
2122
2124
2126
2127
2128
2130
2131
2133
2134
2137
2138
2139
2140
2142
2144
2146
2147
2149
2150
2151
2152
2155
2156
2158
2159
2160
2162
2163
2164
2167
2168
2169
2170
2172
2173
2175
2176
2179
2180
2181
2182
2184
2186
2188
2189
2190
2191
2193
2194
2196
2198
2199
2201
2203
2204
2205
2207
2208
2210
2212
2213
2214
2215
2217
2218
2220
2221
2223
2225
2227
2228
2229
2230
2233
2234
2235
2237
2239
2240
2242
2243
2244
2246
2247
2248
2250
2252
2254
2255
2257
2258
2259
2260
2262
2264
2265
2267
2269
2270
2271
2273
2275
2276
2277
2278
2280
2281
2283
2284
2286
2287
2289
2291
2293
2294
2295
2297
2298
2300
2301
2303
2304
2305
2307
2308
2311
2312
2314
2315
2317
2318
2319
2321
2322
2324
2325
2326
2329
2330
2332
2333
2334
2336
2337
2339
2340
2341
2343
2345
2346
2347
2349
2351
2352
2353
2355
2356
2358
2360
2361
2362
2364
2366
2368
2369
2370
2371
2373
2374
2377
2378
2379
2380
2382
2384
2386
2387
2389
2390
2392
2393
2394
2395
2397
2399
2401
2402
2403
2404
2406
2408
2409
2410
2413
2414
2416
2417
2418
2419
2421
2423
2424
2426
2427
2428
2431
2432
2433
2434
2436
2437
2439
2441
2442
2443
2446
2447
2448
2450
2451
2452
2454
2456
2458
2459
2460
2462
2464
2465
2466
2467
2469
2471
2472
2473
2475
2476
2478
2479
2481
2483
2485
2486
2488
2489
2490
2492
2493
2495
2496
2497
2500
2501
2502
2503
2505
2507
2508
2510
2511
2513
2514
2516
2517
2519
2520
2522
2523
2524
2526
2527
2529
2531
2533
2534
2536
2537
2538
2539
2542
2543
2545
2546
2547
2548
2550
2552
2554
2555
2556
2557
2559
2560
2563
2564
2565
2567
2568
2569
2572
2573
2574
2575
2577
2579
2580
2582
2584
2585
2587
2588
2590
2591
2592
2594
2596
2597
2598
2599
2602
2603
2605
2606
2607
2608
2610
2612
2614
2615
2617
2618
2619
2621
2622
2624
2625
2626
2628
2629
2631
2633
2635
2636
2638
2639
2641
2642
2643
2645
2646
2648
2650
2651
2652
2654
2656
2657
2658
2660
2661
2662
2664
2666
2668
2669
2670
2671
2674
2675
2676
2677
2679
2680
2682
2684
2686
2687
2688
2689
2691
2692
2694
2696
2697
2699
2701
2702
2704
2705
2706
2707
2710
2711
2712
2713
2715
2717
2719
2720
2721
2722
2725
2726
2727
2728
2731
2732
2734
2735
2736
2737
2739
2740
2743
2744
2745
2746
2748
2750
2752
2753
2754
2755
2758
2759
2760
2762
2763
2764
2767
2768
2770
2771
2773
2774
2775
2777
2778
2780
2784
2785
2786
2787
2788
2789
2791
2792
2793
2798
2803
2807
2809
2810
2811
2814
2817
2819
2822
2823
2824
2827
2829
2830
2832
2836
2839
2840
2842
2847
2848
2849
2850
2851
2852
2853
2854
2856
2863
2865
2866
2868
2870
2871
2872
2873
2878
2886
2887
2893
2894
2895
2902
2903
2905
2906
2907
2908
2909
2910
2911
2912
2913
2915
2916
2917
2919
2921
2927
2929
2930
2931
2933
2934
2936
2945
2949
2951
2956
2961
2963
2964
2966
2969
2970
2974
2977
2978
2979
2980
