s vc 786 605
1
2
3
4
5
6
11
12
13
16
17
19
20
23
24
25
26
27
28
29
30
32
33
34
35
36
37
38
39
40
41
42
43
44
45
46
47
49
50
51
52
53
54
55
56
57
58
59
60
61
62
63
64
65
66
68
69
70
72
73
74
75
76
77
78
79
80
81
82
83
84
85
86
87
88
89
90
91
92
94
95
96
97
98
99
100
101
102
103
104
105
106
107
108
109
110
111
112
113
114
115
116
118
119
120
121
122
123
124
125
126
127
128
129
130
131
132
133
134
137
138
139
140
141
142
143
144
145
146
147
148
149
151
152
153
154
155
156
157
158
159
160
161
162
163
164
165
166
167
169
170
172
173
175
176
177
178
179
180
181
182
183
184
185
186
187
188
189
190
191
192
193
195
196
197
198
199
200
201
202
203
204
205
206
207
208
209
210
213
214
215
216
217
218
219
220
221
223
224
225
226
227
228
229
230
231
233
234
235
236
237
238
240
241
242
243
244
245
246
247
248
249
250
251
252
253
254
256
257
258
259
260
261
263
264
267
268
269
270
271
272
273
274
276
277
278
279
280
281
282
284
285
286
287
288
289
291
292
293
294
295
298
299
300
301
302
303
304
305
306
307
310
311
313
314
315
316
317
318
319
320
322
325
326
327
328
330
331
332
333
334
335
336
337
338
340
341
342
343
344
346
347
348
350
351
352
354
355
356
357
358
359
360
361
362
363
364
365
366
367
368
369
370
371
373
374
377
378
379
380
381
384
385
386
387
388
390
391
392
393
394
395
396
397
398
399
400
401
402
403
404
405
406
407
408
409
412
413
415
416
417
418
419
421
422
423
424
425
426
427
428
429
430
431
432
433
436
437
438
440
441
442
443
444
445
446
448
450
452
453
454
455
456
457
458
459
460
461
462
463
464
465
466
467
468
469
471
472
478
479
480
481
482
483
484
485
486
487
488
490
493
494
495
496
497
498
500
501
502
503
504
505
506
507
508
509
510
511
513
514
516
517
519
520
521
522
523
524
525
527
528
531
534
535
539
540
541
542
543
544
546
548
550
552
553
554
557
558
559
561
563
564
565
567
568
569
570
571
574
575
577
580
581
582
584
585
586
587
588
589
590
591
594
595
596
597
599
601
602
603
606
608
609
610
611
612
614
615
617
618
619
620
621
623
624
625
626
628
632
634
636
638
639
641
642
643
644
645
647
648
649
650
653
655
656
658
659
660
661
663
665
667
668
670
671
675
678
680
681
682
683
684
685
687
688
689
692
694
695
698
699
702
704
705
707
709
710
712
713
714
715
716
719
720
726
727
728
729
730
732
733
734
736
737
741
742
743
744
750
755
756
759
760
761
762
763
766
767
768
770
771
774
778
780
785
