s vc 62853 13338
32768
2
3
32770
5
32772
32774
8
32776
10
32779
12
32780
14
32782
16
32785
18
32786
20
32788
22
23
32791
32792
26
32794
28
32796
30
32799
32
33
32801
35
32802
32805
38
32806
40
32808
42
32811
44
45
32812
32814
48
32817
50
51
32818
32821
54
32822
56
32824
58
32827
60
32829
62
32830
64
32832
66
32834
68
32837
70
32839
72
32840
74
75
32842
77
32844
79
32847
32849
82
83
32851
32852
86
87
32855
89
32856
91
32859
32861
94
32863
96
97
32865
99
32867
101
32869
32871
104
32873
106
107
32875
109
32876
32878
112
32880
114
115
32883
32884
118
119
32886
121
32888
123
32890
32893
126
127
32895
129
32896
32899
132
32900
134
32902
136
137
32905
32907
140
141
32909
32910
144
32913
146
32914
148
149
32916
151
32918
32920
154
155
32923
32925
158
159
32926
161
32929
32931
164
32933
166
32935
168
32936
170
171
32938
32940
174
32943
176
32944
178
32947
180
32948
182
32951
184
185
32953
187
32954
32957
190
32959
192
32961
194
32963
196
197
32965
32966
200
32968
202
32970
204
32972
206
32974
208
32977
210
32978
212
32980
214
32983
216
32985
218
32987
220
32989
222
32990
224
225
32992
227
32995
32996
32999
33000
33003
33004
33006
33009
33011
33013
33015
33017
33018
33021
33023
33025
33026
33029
33031
33033
33035
33036
33038
33040
33043
33045
33046
33049
33050
33053
33055
33057
33059
33060
33063
33064
33067
33069
33070
33073
33075
33077
33078
33080
33082
33084
33087
33089
33091
33093
33095
33097
33098
33100
33102
33105
33106
33108
33110
33113
33115
33116
33118
33120
33122
33124
33127
33129
33131
33132
33134
33137
33138
33141
33143
33144
33147
33148
33150
33152
33155
33156
33159
33161
33163
33164
33167
33168
33170
33172
33175
33176
33178
33180
33183
33185
33186
33188
33191
33192
33194
33196
33198
33200
33202
33204
33207
33209
33211
33212
33215
33217
33219
33220
33223
33225
33227
33229
33230
33233
33235
33237
33239
33241
33243
33245
33247
33248
33251
33252
33254
33256
33259
33260
33262
33265
33267
33268
33271
33272
33275
33276
33279
33281
33283
33285
33286
33288
33291
33293
33295
33296
33298
33300
33302
33305
33307
33308
33311
33313
33315
33316
33319
33321
33323
33324
33326
33329
33330
33333
33334
33337
33339
33341
33342
33344
33347
33349
33351
33352
33355
33356
33359
33361
33362
33365
33367
33369
33370
33372
33375
33376
33379
33381
33383
33384
33386
33388
33390
33393
33395
33397
33398
33400
33402
33405
33406
33408
33411
33412
33415
33417
33418
33421
33423
33425
33426
33429
33431
33433
33435
33436
33439
33440
33442
33445
33447
33448
33450
33452
33454
33456
33459
33461
33463
33464
33467
33469
33470
33472
33474
33477
33478
33481
33482
33485
33486
33488
33490
33492
33495
33497
33499
33500
33503
33504
33506
33508
33511
33512
33514
33517
33518
33520
33523
33524
33526
33529
33530
33532
33535
33537
33539
33540
33542
33545
33547
33549
33550
33552
33555
33557
33559
33561
33562
33565
33566
33568
33570
33573
33575
33577
33579
33580
33582
33584
33586
33589
33590
33592
33595
33596
33598
33600
33602
33605
33607
33609
33611
33612
33615
33616
33619
33621
33623
33624
33627
33628
33630
33632
33634
33637
33638
33641
33642
33645
33646
33648
33650
33653
33654
33657
33659
33660
33662
33664
33667
33668
33671
33673
33674
33676
33679
33681
33683
33685
33687
33689
33691
33693
33695
33696
33698
33700
33703
33705
33706
33708
33711
33712
33714
33717
33719
33720
33722
33724
33727
33729
33730
33733
33735
33737
33738
33740
33743
33744
33746
33748
33750
33753
33754
33757
33758
33760
33762
33765
33767
33768
33770
33773
33775
33777
33779
33780
33782
33785
33786
33788
33790
33792
33795
33796
33798
33800
33803
33804
33806
33808
33810
33812
33815
33817
33818
33821
33823
33824
33827
33829
33830
33832
33834
33837
33838
33840
33842
33845
33846
33848
33851
33853
33855
33857
33858
33860
33862
33864
33866
33868
33870
33872
33874
33877
33878
33880
33882
33885
33886
33888
33891
33893
33895
33896
33899
33900
33903
33905
33906
33909
33910
33913
33915
33916
33918
33921
33923
33925
33926
33928
33930
33933
33934
33936
33939
33940
33943
33944
33946
33948
33950
33952
33955
33957
33959
33961
33963
33964
33966
33968
33970
33972
33975
33977
33978
33980
33983
33984
33987
33989
33990
33992
33995
33996
33998
34000
34002
34005
34006
34008
34010
34013
34015
34016
34018
34021
34023
34024
34027
34028
34031
34032
34035
34036
34039
34041
34042
34044
34046
34048
34050
34052
34055
34056
34058
34061
34063
34065
34066
34069
34071
34072
34074
34076
34078
34081
34083
34085
34086
34089
34091
34093
34095
34096
34098
34100
34103
34104
34107
34109
34110
34112
34115
34117
34119
34120
34122
34124
34126
34129
34130
34132
34134
34136
34139
34140
34143
34144
34146
34148
34150
34153
34155
34156
34159
34160
34162
34165
34166
34169
34171
34172
34174
34176
34178
34180
34182
34184
34187
34189
34191
34192
34195
34197
34198
34201
34203
34204
34207
34208
34211
34212
34215
34217
34218
34220
34222
34224
34227
34228
34231
34233
34235
34236
34239
34241
34242
34244
34246
34248
34251
34253
34255
34256
34258
34261
34263
34264
34266
34268
34271
34273
34275
34277
34278
34281
34283
34285
34286
34288
34291
34293
34294
34297
34299
34300
34302
34305
34307
34309
34311
34312
34315
34317
34318
34320
34322
34324
34327
34329
34331
34332
34335
34336
34338
34340
34343
34345
34347
34349
34350
34353
34354
34357
34358
34361
34363
34365
34367
34369
34371
34372
34375
34376
34379
34380
34382
34385
34386
34389
34390
34392
34395
34397
34398
34400
34402
34404
34407
34408
34410
34413
34415
34416
34418
34420
34423
34424
34427
34428
34430
34433
34435
34436
34438
34440
34442
34445
34447
34449
34451
34453
34455
34457
34459
34460
34462
34464
34467
34469
34470
34473
34475
34477
34479
34480
34482
34485
34487
34488
34490
34493
34494
34496
34498
34501
34502
34505
34507
34509
34510
34513
34514
34516
34519
34521
34523
34524
34526
34529
34531
34532
34535
34537
34538
34540
34542
34544
34547
34549
34550
34552
34554
34556
34559
34560
34562
34564
34566
34568
34571
34572
34574
34577
34579
34580
34583
34584
34586
34588
34591
34593
34595
34597
34599
34600
34603
34605
34606
34609
34611
34613
34615
34617
34618
34620
34623
34624
34626
34628
34630
34632
34635
34637
34639
34641
34642
34645
34647
34649
34651
34652
34655
34656
34659
34661
34663
34665
34666
34668
34671
34672
34674
34677
34679
34680
34683
34684
34687
34688
34691
34693
34694
34696
34698
34700
34702
34704
34706
34709
34711
34713
34715
34717
34718
34721
34723
34724
34726
34728
34731
34732
34735
34736
34738
34741
34743
34744
34747
34748
34751
34753
34754
34757
34758
34761
34763
34765
34767
34769
34771
34772
34774
34777
34779
34780
34782
34785
34786
34789
34790
34793
34795
34797
34798
34800
34803
34805
34807
34808
34810
34813
34815
34816
34818
34820
34823
34825
34827
34829
34830
34833
34834
34837
34839
34841
34842
34844
34847
34849
34850
34853
34854
34856
34858
34861
34863
34864
34867
34869
34870
34873
34874
34877
34879
34881
34882
34884
34887
34888
34891
34892
34894
34897
34899
34900
34903
34904
34906
34909
34910
34912
34914
34917
34918
34921
34922
34925
34927
34929
34930
34933
34934
34936
34938
34941
34943
34945
34947
34949
34950
34953
34954
34956
34959
34960
34963
34965
34966
34969
34971
34972
34975
34976
34979
34981
34982
34985
34986
34988
34990
34993
34995
34997
34998
35000
35002
35005
35007
35008
35010
35012
35014
35017
35018
35021
35022
35024
35026
35028
35031
35033
35035
35036
35038
35041
35042
35045
35047
35048
35050
35053
35055
35057
35059
35060
35062
35064
35066
35068
35070
35072
35074
35076
35079
35080
35082
35085
35087
35089
35090
35092
35094
35097
35098
35100
35102
35105
35106
35109
35110
35112
35115
35116
35118
35120
35122
35124
35126
35129
35131
35133
35134
35136
35139
35140
35142
35144
35147
35149
35150
35152
35154
35156
35159
35160
35162
35164
35167
35169
35171
35172
35174
35176
35179
35180
35183
35185
35186
35189
35191
35193
35194
35196
35198
35201
35203
35204
35206
35209
35210
35212
35214
35216
35218
35220
35222
35225
35226
35229
35231
35232
35234
35237
35239
35241
35242
35244
35246
35248
35251
35253
35255
35257
35258
35261
35263
35265
35266
35268
35270
35273
35275
35276
35278
35281
35283
35285
35287
35288
35291
35292
35294
35296
35298
35301
35302
35304
35306
35308
35311
35312
35315
35317
35319
35320
35322
35324
35327
35328
35331
35333
35335
35337
35338
35340
35342
35344
35347
35349
35350
35352
35354
35357
35359
35360
35363
35364
35366
35369
35371
35373
35375
35376
35378
35380
35382
35384
35386
35388
35390
35392
35395
35396
35398
35400
35403
35405
35407
35409
35411
35412
35415
35416
35419
35421
35422
35425
35427
35429
35431
35432
35435
35436
35439
35440
35443
35445
35446
35448
35451
35452
35454
35457
35458
35460
35462
35465
35466
35468
35471
35472
35475
35476
35478
35480
35482
35484
35486
35489
35491
35493
35494
35497
35499
35501
35502
35505
35506
35508
35510
35512
35515
35517
35519
35520
35523
35525
35526
35529
35531
35532
35535
35536
35538
35541
35543
35544
35547
35549
35551
35553
35555
35557
35558
35560
35562
35564
35567
35569
35571
35572
35575
35576
35579
35581
35582
35584
35586
35588
35590
35592
35594
35596
35598
35600
35603
35604
35607
35608
35610
35613
35614
35617
35618
35620
35623
35625
35626
35628
35631
35632
35635
35637
35638
35641
35642
35645
35646
35649
35651
35652
35654
35656
35658
35660
35663
35665
35666
35669
35670
35672
35675
35676
35678
35680
35683
35684
35687
35688
35690
35692
35695
35696
35698
35701
35702
35704
35707
35708
35710
35713
35714
35717
35718
35720
35723
35725
35726
35728
35731
35732
35735
35736
35738
35740
35743
35745
35746
35749
35751
35753
35754
35757
35758
35761
35762
35764
35766
35768
35770
35773
35774
35776
35779
35781
35782
35785
35787
35789
35791
35792
35794
35796
35799
35800
35802
35805
35807
35809
35810
35813
35814
35817
35818
35820
35823
35825
35827
35828
35831
35833
35835
35837
35838
35841
35843
35845
35846
35848
35851
35853
35854
35857
35858
35861
35862
35865
35867
35868
35870
35873
35874
35876
35878
35881
35883
35884
35887
35889
35890
35892
35895
35896
35899
35900
35903
35904
35907
35909
35911
35912
35915
35916
35919
35921
35923
35924
35926
35928
35930
35932
35934
35937
35939
35941
35942
35945
35947
35949
35951
35952
35955
35956
35958
35960
35962
35964
35966
35968
35971
35973
35975
35976
35979
35981
35983
35984
35986
35988
35991
35993
35995
35996
35998
36000
36002
36004
36007
36009
36011
36012
36014
36016
36019
36020
36023
36025
36026
36028
36031
36033
36035
36037
36038
36041
36043
36044
36046
36049
36050
36052
36054
36057
36058
36061
36062
36064
36067
36068
36070
36072
36074
36076
36078
36080
36083
36084
36086
36089
36090
36092
36095
36097
36099
36100
36103
36104
36106
36108
36111
36113
36115
36117
36118
36121
36123
36124
36126
36129
36131
36132
36135
36136
36139
36141
36142
36145
36146
36149
36150
36153
36155
36157
36158
36160
36163
36164
36167
36169
36171
36172
36175
36176
36178
36180
36182
36185
36187
36188
36191
36193
36195
36196
36199
36200
36203
36204
36207
36208
36210
36212
36215
36216
36219
36220
36222
36225
36227
36229
36231
36232
36234
36237
36239
36241
36243
36244
36246
36249
36250
36252
36254
36257
36259
36261
36262
36264
36267
36269
36271
36273
36274
36276
36278
36280
36283
36285
36287
36288
36291
36293
36295
36296
36299
36300
36302
36304
36307
36308
36310
36313
36314
36316
36319
36321
36322
36325
36327
36328
36331
36333
36335
36337
36338
36341
36342
36344
36346
36349
36351
36353
36355
36357
36359
36361
36363
36365
36367
36369
36371
36373
36375
36377
36379
36380
36382
36384
36387
36388
36390
36393
36394
36397
36399
36400
36403
36404
36407
36408
36410
36413
36414
36417
36418
36420
36423
36424
36427
36428
36431
36433
36435
36437
36438
36440
36442
36445
36446
36448
36451
36453
36454
36457
36458
36460
36462
36465
36466
36469
36471
36473
36474
36476
36479
36481
36483
36484
36487
36488
36490
36492
36494
36497
36499
36500
36502
36505
36506
36508
36510
36512
36515
36516
36519
36520
36523
36525
36526
36528
36530
36532
36534
36537
36538
36541
36543
36545
36547
36549
36551
36552
36555
36556
36559
36560
36562
36565
36566
36568
36571
36573
36575
36577
36578
36581
36582
36585
36586
36589
36590
36593
36594
36596
36598
36601
36603
36605
36607
36609
36611
36612
36614
36616
36618
36620
36623
36625
36627
36628
36631
36633
36635
36636
36639
36640
36642
36644
36646
36649
36650
36653
36654
36657
36659
36661
36662
36664
36666
36669
36671
36673
36674
36676
36678
36681
36682
36684
36686
36689
36690
36692
36695
36696
36698
36701
36703
36705
36706
36709
36710
36713
36714
36717
36719
36720
36722
36724
36726
36729
36731
36732
36734
36737
36738
36741
36743
36744
36746
36748
36750
36753
36755
36757
36759
36761
36762
36764
36766
36769
36770
36772
36775
36776
36779
36781
36782
36785
36787
36788
36790
36792
36794
36797
36798
36800
36803
36804
36806
36808
36810
36812
36815
36816
36818
36820
36822
36824
36826
36828
36830
36832
36834
36837
36838
36840
36843
36845
36846
36848
36851
36852
36854
36856
36858
36860
36863
36865
36867
36868
36871
36872
36874
36877
36878
36880
36883
36885
36887
36889
36891
36892
36894
36896
36899
36901
36902
36905
36907
36909
36910
36912
36914
36917
36919
36920
36922
36924
36926
36929
36930
36933
36935
36936
36939
36940
36942
36945
36946
36948
36951
36952
36954
36956
36959
36960
36963
36964
36967
36968
36971
36972
36974
36976
36978
36980
36982
36985
36987
36988
36991
36993
36994
36997
36998
37000
37003
37005
37007
37008
37011
37012
37014
37016
37019
37020
37023
37025
37027
37028
37031
37033
37035
37036
37038
37040
37042
37044
37046
37048
37050
37053
37055
37056
37058
37060
37063
37065
37066
37069
37071
37073
37074
37076
37078
37080
37082
37085
37086
37088
37090
37092
37094
37096
37098
37100
37102
37104
37106
37109
37111
37112
37115
37117
37118
37120
37122
37125
37127
37128
37131
37132
37135
37136
37138
37140
37142
37145
37147
37148
37151
37153
37155
37156
37158
37160
37162
37164
37167
37169
37171
37173
37175
37176
37178
37180
37183
37184
37186
37189
37190
37192
37195
37197
37198
37200
37203
37205
37206
37209
37210
37212
37215
37217
37219
37221
37222
37225
37227
37228
37231
37233
37234
37236
37239
37241
37242
37244
37246
37249
37251
37252
37255
37256
37258
37260
37263
37265
37267
37269
37270
37272
37275
37277
37279
37281
37282
37285
37286
37289
37290
37293
37295
37296
37299
37301
37302
37304
37307
37308
37310
37313
37314
37317
37319
37321
37323
37325
37327
37329
37330
37333
37335
37336
37339
37340
37343
37345
37346
37348
37350
37352
37354
37357
37358
37361
37362
37364
37367
37368
37371
37372
37374
37376
37378
37380
37382
37385
37386
37388
37390
37392
37394
37396
37398
37400
37402
37404
37407
37409
37411
37412
37414
37416
37418
37420
37423
37425
37427
37428
37430
37432
37434
37436
37439
37440
37443
37444
37446
37449
37451
37452
37454
37456
37459
37460
37463
37465
37466
37468
37470
37472
37474
37476
37479
37480
37482
37484
37486
37488
37490
37492
37494
37496
37499
37500
37502
37505
37507
37508
37511
37512
37514
37517
37518
37520
37523
37525
37526
37529
37530
37532
37535
37537
37538
37540
37542
37544
37547
37549
37550
37553
37555
37557
37559
37561
37563
37565
37566
37568
37571
37573
37575
37576
37578
37580
37582
37585
37587
37589
37590
37593
37594
37597
37598
37600
37602
37604
37607
37608
37610
37612
37615
37616
37618
37620
37623
37625
37626
37628
37630
37633
37634
37636
37638
37641
37642
37645
37647
37649
37651
37653
37654
37656
37659
37660
37663
37664
37667
37669
37671
37672
37674
37677
37679
37681
37683
37685
37686
37689
37690
37692
37694
37696
37698
37700
37702
37704
37706
37708
37710
37712
37714
37716
37719
37720
37723
37724
37727
37729
37730
37732
37734
37737
37739
37740
37742
37745
37747
37748
37750
37753
37754
37757
37758
37761
37762
37765
37766
37769
37771
37773
37775
37777
37778
37781
37782
37785
37786
37788
37791
37793
37795
37797
37799
37800
37803
37805
37807
37809
37811
37812
37815
37817
37818
37820
37823
37824
37826
37829
37830
37832
37835
37836
37838
37840
37843
37844
37846
37849
37850
37852
37854
37857
37858
37860
37863
37864
37867
37869
37871
37873
37875
37876
37879
37880
37882
37884
37887
37889
37891
37893
37895
37897
37898
37900
37902
37904
37907
37909
37910
37913
37914
37917
37919
37921
37923
37924
37927
37929
37930
37932
37935
37936
37938
37940
37942
37944
37946
37948
37950
37952
37955
37956
37959
37960
37963
37965
37966
37968
37970
37972
37974
37977
37978
37981
37983
37984
37987
37989
37990
37993
37994
37997
37999
38000
38003
38005
38006
38008
38011
38013
38014
38017
38018
38020
38023
38025
38027
38028
38031
38033
38034
38036
38038
38040
38042
38044
38046
38048
38050
38053
38055
38056
38058
38061
38062
38064
38067
38069
38071
38073
38075
38076
38079
38081
38082
38085
38087
38088
38091
38092
38094
38096
38098
38100
38103
38105
38106
38108
38111
38113
38114
38117
38119
38121
38122
38125
38126
38129
38130
38133
38135
38137
38139
38141
38143
38145
38147
38149
38151
38153
38155
38157
38159
38161
38163
38165
38167
38169
38171
38173
38175
38177
38179
38181
38183
38185
38187
38189
38191
38193
38195
38197
38199
38201
38203
38204
38206
38208
38211
38212
38214
38216
38219
38221
38222
38224
38227
38228
38230
38232
38234
38236
38238
38240
38242
38244
38247
38248
38250
38252
38254
38256
38259
38260
38262
38264
38267
38268
38271
38273
38275
38276
38279
38280
38282
38284
38286
38289
38291
38293
38295
38297
38299
38301
38303
38305
38307
38309
38311
38313
38314
38316
38318
38320
38322
38324
38327
38329
38331
38333
38334
38336
38338
38340
38342
38345
38346
38348
38351
38353
38354
38356
38358
38361
38362
38364
38367
38369
38370
38372
38375
38376
38379
38380
38383
38384
38386
38389
38391
38392
38394
38396
38399
38400
38402
38404
38407
38409
38411
38413
38415
38416
38418
38421
38422
38424
38427
38428
38431
38433
38435
38437
38438
38440
38442
38445
38446
38448
38450
38452
38455
38457
38458
38461
38462
38465
38466
38468
38471
38472
38475
38476
38478
38481
38483
38484
38486
38488
38490
38492
38494
38496
38499
38500
38502
38505
38506
38509
38510
38512
38515
38516
38518
38520
38523
38524
38527
38529
38530
38532
38534
38537
38538
38540
38543
38544
38546
38548
38551
38553
38554
38556
38559
38561
38563
38564
38566
38568
38570
38572
38574
38576
38579
38580
38583
38584
38587
38589
38591
38592
38595
38597
38598
38600
38602
38605
38607
38609
38611
38612
38614
38616
38619
38621
38623
38625
38627
38628
38630
38633
38634
38636
38639
38641
38643
38644
38646
38649
38651
38652
38655
38657
38658
38660
38662
38664
38666
38668
38670
38672
38675
38677
38679
38680
38682
38685
38686
38688
38691
38692
38695
38696
38699
38700
38702
38704
38707
38708
38710
38713
38714
38717
38718
38720
38722
38724
38726
38728
38731
38732
38735
38737
38738
38741
38742
38745
38746
38749
38751
38752
38754
38757
38758
38761
38762
38764
38766
38768
38770
38773
38774
38776
38779
38781
38782
38784
38786
38789
38790
38792
38794
38797
38798
38801
38803
38804
38806
38809
38810
38812
38815
38817
38819
38820
38823
38825
38827
38829
38831
38833
38834
38837
38839
38840
38843
38844
38846
38849
38850
38852
38855
38857
38859
38860
38863
38864
38867
38868
38871
38873
38874
38877
38878
38881
38883
38884
38887
38888
38891
38892
38894
38897
38899
38901
38903
38904
38907
38909
38910
38912
38915
38917
38919
38920
38922
38925
38927
38928
38930
38933
38934
38936
38938
38940
38942
38944
38946
38948
38950
38952
38954
38956
38958
38960
38962
38964
38966
38969
38971
38972
38974
38977
38978
38980
38982
38984
38986
38989
38990
38993
38994
38997
38998
39000
39002
39005
39006
39008
39010
39013
39014
39017
39018
39020
39022
39024
39026
39029
39030
39033
39034
39036
39038
39040
39042
39045
39046
39048
39050
39052
39054
39056
39058
39060
39062
39064
39066
39068
39070
39072
39074
39077
39078
39081
39082
39084
39087
39089
39090
39092
39094
39096
39098
39100
39102
39104
39106
39108
39110
39112
39114
39116
39118
39120
39122
39124
39126
39128
39130
39132
39134
39136
39138
39141
39142
39145
39146
39148
39151
39152
39155
39157
39159
39161
39163
39164
39166
39169
39170
39172
39175
39176
39179
39180
39183
39184
39187
39189
39190
39193
39194
39196
39199
39201
39203
39204
39206
39209
39210
39212
39214
39217
39218
39220
39222
39224
39226
39228
39230
39232
39234
39236
39238
39240
39242
39244
39246
39248
39250
39252
39254
39256
39258
39260
39262
39265
39266
39269
39270
39272
39274
39276
39279
39280
39282
39284
39286
39288
39291
39292
39295
39296
39299
39300
39303
39305
39307
39308
39310
39312
39314
39316
39318
39320
39322
39324
39326
39328
39330
39332
39334
39336
39338
39340
39342
39344
39346
39348
39350
39352
39354
39356
39358
39360
39362
39364
39366
39368
39371
39373
39374
39376
39378
39380
39382
39384
39386
39388
39390
39392
39394
39396
39398
39401
39402
39404
39406
39408
39410
39412
39414
39416
39419
39421
39423
39424
39426
39429
39431
39433
39434
39436
39438
39440
39442
39444
12997
12999
13002
13004
13005
13007
13009
13012
13013
13015
13018
13019
13021
13024
13025
13028
13029
13032
13033
13035
13038
13039
13042
13043
13046
13048
13049
13052
13053
13056
13057
13060
13061
13064
13066
13068
13070
13071
13073
13076
13078
13079
13082
13083
13086
13088
13089
13092
13093
13096
13097
13099
13101
13104
13105
13108
13110
13111
13114
13116
13117
13120
13121
13124
13126
13127
13129
13132
13134
13135
13137
13140
13142
13143
13145
13147
13150
13152
13153
13156
13158
13159
13162
13163
13166
13168
13170
13171
13174
13175
13178
13179
13182
13184
13185
13187
13189
13191
13193
13196
13198
13200
13201
13204
13205
13208
13209
13211
13213
13215
13218
13219
13221
13223
13225
13227
13231
13233
13235
13236
13239
13241
13242
13245
13247
13248
13251
13252
13254
13256
13259
13260
13262
13265
13266
13268
13270
13272
13275
13277
13278
13280
13282
13285
13287
13289
13291
13293
13295
13297
13298
13301
13302
13305
13307
13308
13311
13313
13315
13316
13318
13320
13323
13324
13327
13329
13330
13333
13335
13336
13339
13341
13342
13345
13347
13348
13350
13353
13355
13357
13358
13360
13363
13365
13367
13368
13370
13372
13374
13377
13378
13380
13383
13385
13386
13389
13390
13392
13394
13397
13399
13401
13402
13404
13407
13408
13411
13412
13414
13416
13418
13421
13422
13425
13427
13428
13430
13433
13435
13437
13438
13440
13442
13444
13447
13449
13450
13453
13455
13457
13458
13460
13462
13464
13466
13469
13471
13472
13474
13476
13479
13481
13483
13484
13486
13489
13490
13493
13494
13497
13499
13500
13503
13504
13506
13509
13510
13513
13514
13517
13518
13520
13522
13524
13526
13529
13530
13533
13534
13536
13539
13540
13542
13545
13547
13549
13551
13553
13554
13556
13558
13560
13562
13565
13566
13568
13571
13573
13574
13576
13579
13580
13582
13584
13587
13588
13591
13592
13595
13597
13598
13601
13603
13604
13607
13609
13610
13612
13615
13617
13618
13621
13623
13624
13627
13628
13631
13632
13635
13637
13638
13640
13642
13644
13647
13649
13651
13652
13654
13657
13658
13660
13663
13665
13667
13668
13671
13672
13675
13677
13678
13680
13683
13684
13686
13688
13690
13693
13695
13696
13699
13701
13703
13704
13707
13709
13711
13713
13714
13717
13718
13720
13722
13724
13727
13729
13730
13733
13735
13737
13739
13740
13742
13744
13747
13749
13751
13753
13754
13757
13758
13761
13762
13764
13767
13768
13771
13773
13774
13777
13779
13781
13782
13784
13787
13789
13791
13792
13795
13796
13799
13801
13802
13804
13806
13808
13811
13813
13815
13816
13819
13820
13823
13825
13827
13829
13830
13833
13834
13836
13838
13840
13842
13845
13846
13849
13850
13853
13855
13856
13859
13860
13862
13865
13867
13868
13870
13872
13874
13877
13878
13880
13882
13884
13886
13888
13890
13893
13894
13896
13898
13901
13902
13904
13906
13908
13911
13912
13915
13917
13919
13920
13922
13925
13927
13929
13930
13933
13934
13936
13938
13941
13942
13944
13946
13948
13951
13952
13955
13957
13959
13960
13962
13965
13966
13969
13971
13972
13974
13976
13978
13980
13982
13985
13986
13988
13990
13992
13994
13997
13999
14000
14003
14004
14006
14009
14011
14013
14015
14016
14018
14020
14023
14025
14027
14029
14031
14033
14034
14037
14038
14041
14043
14044
14047
14048
14050
14053
14054
14057
14058
14060
14063
14065
14066
14068
14071
14073
14074
14077
14078
14080
14083
14085
14086
14089
14091
14093
14095
14097
14098
14101
14102
14104
14106
14109
14110
14113
14114
14116
14118
14120
14122
14124
14126
14129
14130
14132
14135
14136
14139
14141
14142
14145
14146
14149
14151
14152
14155
14157
14159
14161
14163
14165
14166
14168
14171
14172
14174
14177
14178
14181
14183
14184
14187
14189
14191
14192
14194
14197
14199
14200
14202
14204
14206
14208
14210
14212
14214
14217
14218
14221
14223
14225
14227
14229
14230
14233
14234
14237
14239
14240
14242
14244
14247
14248
14251
14252
14255
14257
14259
14260
14262
14264
14267
14268
14271
14272
14275
14276
14279
14280
14282
14284
14287
14288
14291
14293
14294
14296
14298
14301
14303
14304
14307
14309
14310
14313
14315
14317
14318
14321
14322
14324
14326
14328
14330
14333
14334
14336
14338
14340
14343
14345
14346
14349
14350
14352
14354
14357
14359
14361
14362
14364
14366
14368
14370
14373
14374
14377
14379
14381
14382
14385
14386
14389
14391
14392
14394
14396
14399
14401
14403
14404
14407
14409
14411
14413
14414
14416
14418
14421
14423
14425
14426
14428
14430
14433
14434
14437
14438
14440
14442
14445
14446
14448
14450
14452
14455
14456
14459
14460
14463
14465
14466
14468
14471
14473
14474
14477
14479
14481
14483
14484
14487
14488
14490
14492
14494
14496
14499
14500
14503
14504
14506
14508
14511
14513
14514
14517
14518
14520
14522
14524
14527
14528
14531
14533
14534
14536
14539
14541
14543
14544
14546
14548
14551
14552
14555
14556
14559
14561
14562
14564
14566
14569
14570
14572
14575
14577
14578
14581
14583
14585
14586
14589
14590
14593
14594
14597
14598
14601
14602
14604
14607
14609
14610
14612
14614
14616
14618
14621
14623
14625
14626
14629
14631
14633
14634
14637
14638
14641
14642
14645
14647
14649
14650
14653
14655
14656
14658
14660
14663
14665
14667
14668
14671
14672
14674
14677
14679
14680
14682
14685
14686
14689
14690
14692
14695
14696
14698
14700
14703
14704
14707
14708
14711
14712
14715
14716
14718
14721
14723
14724
14726
14729
14731
14733
14735
14736
14738
14741
14743
14744
14747
14748
14751
14753
14755
14757
14758
14760
14763
14764
14767
14769
14770
14772
14775
14777
14778
14781
14782
14785
14787
14788
14791
14793
14795
14797
14798
14801
14802
14804
14807
14808
14811
14812
14814
14816
14819
14820
14823
14824
14827
14829
14830
14833
14834
14837
14839
14840
14843
14845
14846
14848
14851
14852
14855
14856
14858
14860
14862
14864
14866
14868
14871
14873
14874
14876
14879
14881
14883
14885
14887
14889
14891
14892
14895
14897
14899
14901
14902
14905
14907
14908
14911
14913
14915
14916
14919
14921
14922
14924
14926
14929
14930
14932
14935
14937
14938
14941
14943
14945
14947
14948
14951
14953
14955
14956
14959
14961
14963
14965
14966
14968
14971
14973
14975
14977
14979
14981
14983
14985
14987
14988
14990
14992
14994
14996
14998
15000
15003
15005
15007
15008
15010
15012
15015
15016
15018
15021
15022
15025
15027
15028
15030
15032
15035
15036
15039
15040
15043
15044
15046
15048
15051
15053
15054
15057
15058
15061
15063
15065
15066
15069
15071
15073
15074
15077
15078
15081
15083
15085
15087
15088
15091
15092
15094
15097
15099
15100
15102
15104
15106
15109
15111
15113
15115
15117
15118
15121
15123
15125
15126
15129
15130
15132
15134
15137
15139
15141
15143
15145
15147
15148
15151
15152
15155
15156
15159
15160
15162
15164
15167
15169
15171
15172
15174
15177
15179
15180
15183
15184
15187
15189
15190
15192
15195
15197
15198
15200
15202
15204
15206
15208
15210
15212
15214
15217
15218
15220
15222
15225
15227
15229
15230
15233
15234
15236
15239
15241
15243
15244
15247
15248
15251
15253
15255
15256
15259
15261
15263
15264
15266
15269
15271
15273
15274
15276
15278
15280
15283
15285
15287
15289
15291
15292
15295
15296
15299
15301
15302
15304
15306
15308
15311
15313
15314
15316
15318
15320
15323
15324
15326
15328
15330
15332
15334
15336
15338
15340
15342
15344
15346
15349
15351
15352
15354
15357
15358
15361
15363
15364
15366
15369
15371
15372
15375
15377
15379
15380
15382
15385
15386
15388
15390
15393
15395
15396
15399
15401
15403
15404
15407
15409
15410
15413
15415
15416
15419
15420
15423
15425
15427
15429
15431
15432
15434
15437
15438
15440
15442
15444
15447
15448
15451
15452
15454
15456
15458
15460
15463
15464
15467
15469
15470
15472
15474
15477
15479
15480
15482
15485
15487
15488
15491
15492
15494
15496
15499
15501
15503
15504
15506
15509
15511
15513
15514
15517
15518
15521
15522
15525
15526
15529
15531
15532
15535
15536
15538
15540
15542
15545
15547
15549
15551
15552
15554
15556
15559
15560
15562
15565
15566
15568
15570
15573
15574
15576
15578
15580
15582
15585
15586
15588
15591
15593
15594
15597
15599
15600
15603
15604
15607
15609
15610
15612
15615
15616
15618
15621
15622
15624
15626
15629
15631
15633
15635
15637
15639
15640
15643
15645
15647
15649
15651
15653
15655
15657
15658
15660
15663
15665
15666
15669
15670
15673
15674
15677
15679
15680
15683
15685
15687
15688
15690
15692
15695
15697
15698
15701
15702
15704
15706
15709
15711
15713
15714
15717
15718
15720
15722
15725
15727
15728
15730
15732
15734
15737
15738
15740
15742
15744
15747
15749
15750
15753
15754
15756
15759
15761
15762
15765
15767
15769
15771
15772
15775
15776
15779
15781
15782
15785
15787
15789
15790
15792
15794
15796
15798
15801
15803
15805
15807
15809
15811
15813
15815
15816
15818
15820
15823
15825
15827
15829
15830
15833
15835
15836
15839
15841
15843
15844
15846
15848
15850
15853
15854
15856
15858
15860
15863
15865
15866
15869
15871
15872
15875
15876
15878
15881
15883
15884
15887
15888
15890
15893
15895
15897
15898
15901
15903
15905
15907
15909
15911
15913
15915
15917
15919
15921
15923
15925
15926
15929
15931
15933
15935
15936
15938
15941
15942
15945
15946
15948
15951
15953
15954
15957
15958
15960
15963
15965
15967
15969
15970
15972
15974
15977
15978
15980
15983
15985
15986
15988
15991
15992
15995
15996
15998
16000
16003
16004
16007
16008
16010
16012
16015
16016
16019
16021
16023
16024
16026
16029
16030
16032
16034
16036
16039
16040
16042
16045
16047
16048
16051
16053
16054
16056
16059
16060
16063
16065
16066
16068
16070
16073
16075
16076
16078
16081
16082
16084
16087
16088
16091
16093
16095
16096
16098
16100
16103
16104
16107
16109
16110
16112
16114
16117
16118
16120
16123
16124
16127
16129
16131
16132
16135
16136
16139
16140
16143
16145
16147
16149
16150
16153
16155
16157
16158
16160
16162
16164
16166
16168
16170
16172
16174
16177
16178
16180
16182
16184
16186
16189
16190
16192
16195
16196
16199
16201
16202
16205
16206
16208
16210
16212
16214
16216
16218
16220
16223
16225
16226
16229
16231
16232
16235
16236
16238
16240
16243
16245
16246
16249
16250
16252
16254
16256
16259
16261
16262
16265
16266
16269
16271
16273
16274
16276
16279
16281
16283
16284
16287
16288
16291
16292
16295
16296
16299
16300
16303
16305
16306
16308
16310
16312
16315
16317
16319
16320
16322
16324
16326
16328
16330
16332
16335
16337
16339
16340
16342
16344
16347
16348
16351
16352
16355
16357
16358
16360
16362
16365
16366
16369
16370
16372
16374
16377
16378
16380
16382
16385
16386
16388
16390
16393
16395
16396
16398
16401
16402
16404
16406
16408
16410
16413
16414
16416
16418
16421
16422
16424
16427
16429
16431
16432
16434
16437
16439
16440
16442
16444
16446
16448
16450
16452
16454
16456
16458
16460
16463
16465
16466
16469
16471
16472
16474
16477
16479
16481
16483
16485
16486
16488
16490
16493
16494
16496
16499
16500
16502
16505
16507
16508
16510
16513
16515
16517
16519
16521
16522
16524
16527
16529
16531
16533
16534
16536
16538
16541
16542
16544
16546
16549
16550
16552
16554
16556
16558
16560
16563
16564
16566
16568
16571
16572
16575
16577
16579
16581
16582
16585
16587
16588
16591
16592
16595
16597
16599
16601
16602
16605
16606
16608
16610
16613
16614
16616
16618
16621
16622
16624
16627
16629
16630
16633
16635
16636
16638
16641
16642
16644
16647
16648
16650
16653
16654
16657
16658
16660
16662
16665
16667
16669
16670
16673
16674
16677
16679
16680
16683
16684
16686
16688
16690
16693
16695
16697
16698
16700
16703
16705
16706
16708
16710
16712
16714
16716
16719
16720
16722
16725
16727
16729
16730
16733
16734
16736
16739
16741
16742
16745
16746
16749
16750
16753
16755
16757
16759
16761
16763
16764
16766
16768
16770
16773
16774
16777
16779
16781
16783
16784
16786
16788
16790
16792
16795
16797
16798
16800
16803
16804
16806
16808
16810
16812
16815
16817
16818
16820
16823
16824
16826
16829
16831
16833
16835
16836
16839
16840
16842
16844
16847
16849
16850
16852
16854
16856
16858
16861
16862
16864
16866
16869
16870
16872
16875
16876
16879
16880
16882
16885
16886
16889
16890
16893
16894
16896
16898
16900
16903
16905
16907
16909
16910
16912
16915
16916
16918
16921
16923
16925
16927
16928
16931
16933
16935
16937
16938
16941
16943
16944
16946
16948
16950
16953
16955
16956
16959
16961
16962
16965
16967
16969
16970
16972
16975
16976
16979
16980
16982
16984
16986
16988
16991
16993
16994
16996
16998
17000
17003
17004
17006
17009
17010
17013
17014
17016
17018
17021
17022
17024
17027
17028
17031
17033
17034
17036
17039
17040
17043
17045
17047
17048
17051
17053
17055
17056
17059
17060
17062
17064
17067
17068
17071
17072
17074
17076
17079
17081
17083
17084
17086
17089
17091
17093
17095
17096
17099
17100
17103
17105
17106
17108
17110
17112
17115
17117
17118
17121
17123
17124
17127
17128
17130
17133
17135
17137
17138
17141
17143
17144
17146
17149
17151
17153
17155
17157
17159
17161
17162
17164
17166
17169
17170
17173
17175
17176
17178
17181
17182
17185
17187
17189
17190
17193
17195
17197
17199
17201
17203
17204
17206
17209
17211
17213
17215
17216
17218
17221
17223
17224
17226
17229
17230
17233
17235
17236
17239
17241
17242
17245
17246
17248
17251
17252
17254
17257
17259
17260
17263
17264
17266
17268
17271
17272
17275
17277
17279
17280
17282
17285
17287
17288
17290
17292
17294
17297
17298
17301
17302
17304
17306
17308
17311
17313
17315
17316
17319
17321
17322
17325
17327
17329
17331
17333
17334
17336
17339
17340
17342
17345
17347
17349
17350
17352
17355
17356
17358
17361
17362
17365
17366
17369
17371
17373
17374
17377
17378
17381
17382
17385
17387
17388
17390
17392
17394
17397
17398
17400
17402
17404
17406
17409
17411
17413
17414
17417
17418
17420
17423
17425
17427
17429
17430
17432
17434
17436
17439
17441
17443
17445
17447
17448
17450
17452
17455
17456
17459
17461
17462
17464
17466
17468
17470
17473
17475
17477
17478
17480
17483
17485
17487
17489
17491
17493
17495
17496
17499
17500
17503
17504
17507
17509
17511
17512
17514
17517
17518
17520
17523
17524
17527
17529
17530
17532
17535
17537
17538
17540
17542
17545
17546
17549
17550
17552
17555
17557
17558
17561
17562
17565
17567
17569
17571
17573
17574
17577
17578
17580
17582
17585
17586
17588
17591
17593
17595
17597
17598
17600
17603
17605
17606
17608
17610
17612
17615
17616
17618
17621
17622
17624
17627
17628
17630
17632
17635
17636
17639
17641
17643
17645
17647
17649
17651
17653
17655
17656
17659
17661
17662
17664
17667
17668
17670
17673
17674
17677
17679
17680
17683
17685
17687
17689
17691
17693
17694
17696
17698
17701
17702
17705
17707
17708
17711
17713
17715
17716
17719
17721
17722
17725
17726
17729
17731
17733
17735
17736
17739
17740
17742
17745
17747
17748
17750
17753
17755
17756
17759
17761
17763
17765
17767
17768
17770
17773
17774
17776
17779
17780
17782
17785
17786
17789
17791
17792
17794
17797
17799
17800
17802
17805
17806
17809
17810
17812
17814
17816
17819
17821
17823
17825
17827
17829
17831
17832
17834
17837
17838
17841
17843
17845
17846
17848
17850
17852
17854
17856
17859
17861
17862
17865
17867
17868
17871
17873
17875
17877
17878
17880
17882
17884
17886
17889
17890
17893
17894
17896
17898
17900
17902
17904
17906
17909
17910
17913
17915
17916
17919
17920
17923
17925
17926
17928
17931
17933
17934
17936
17938
17941
17942
17944
17947
17948
17950
17953
17955
17957
17959
17961
17963
17964
17967
17969
17971
17972
17975
17976
17979
17980
17983
17985
17986
17989
17990
17993
17995
17997
17998
18000
18002
18004
18006
18009
18010
18012
18015
18017
18018
18020
18022
18024
18027
18028
18030
18032
18034
18036
18038
18041
18042
18045
18046
18048
18050
18052
18055
18057
18059
18061
18062
18064
18067
18069
18070
18072
18075
18076
18079
18081
18083
18085
18087
18089
18090
18093
18094
18096
18098
18101
18102
18104
18107
18109
18110
18112
18115
18117
18118
18121
18123
18125
18126
18128
18131
18132
18135
18137
18139
18140
18143
18145
18146
18148
18151
18153
18155
18157
18158
18161
18163
18164
18166
18169
18170
18172
18175
18176
18178
18180
18182
18185
18186
18189
18190
18192
18195
18196
18198
18200
18203
18204
18206
18209
18211
18213
18215
18217
18219
18220
18223
18225
18227
18229
18231
18232
18235
18236
18239
18241
18243
18244
18247
18249
18250
18253
18254
18256
18259
18261
18262
18264
18267
18269
18271
18273
18274
18277
18279
18280
18282
18284
18287
18288
18291
18293
18295
18296
18299
18301
18302
18305
18306
18308
18310
18313
18314
18316
18318
18320
18323
18325
18327
18329
18331
18333
18334
18336
18339
18341
18342
18344
18347
18348
18350
18352
18354
18356
18359
18361
18362
18364
18366
18369
18370
18372
18374
18376
18378
18380
18383
18385
18386
18389
18391
18392
18395
18397
18398
18400
18402
18405
18406
18409
18410
18413
18414
18417
18418
18421
18422
18424
18427
18428
18431
18433
18434
18436
18439
18440
18442
18444
18446
18448
18450
18452
18455
18456
18458
18460
18463
18464
18466
18468
18471
18473
18474
18477
18479
18480
18483
18485
18486
18489
18490
18492
18495
18497
18499
18500
18503
18504
18507
18508
18511
18512
18515
18516
18519
18520
18523
18524
18527
18529
18530
18533
18534
18537
18538
18540
18543
18545
18546
18548
18551
18552
18554
18556
18559
18560
18563
18565
18567
18569
18571
18572
18575
18577
18578
18580
18582
18585
18586
18588
18590
18592
18594
18597
18598
18600
18602
18604
18607
18608
18611
18613
18615
18616
18619
18620
18623
18625
18627
18629
18631
18633
18634
18636
18639
18641
18642
18645
18647
18649
18650
18652
18655
18657
18659
18661
18662
18664
18667
18668
18670
18673
18674
18677
18679
18680
18682
18684
18686
18688
18690
18692
18695
18696
18699
18700
18703
18705
18707
18709
18710
18712
18715
18716
18718
18720
18722
18725
18727
18729
18730
18733
18735
18736
18738
18741
18742
18744
18747
18749
18751
18752
18754
18757
18759
18760
18763
18765
18766
18769
18771
18772
18774
18777
18779
18780
18783
18785
18787
18789
18791
18792
18795
18797
18798
18801
18803
18804
18807
18808
18810
18812
18814
18817
18819
18821
18822
18825
18826
18828
18831
18833
18834
18837
18838
18840
18842
18844
18846
18848
18850
18853
18855
18856
18858
18860
18863
18864
18866
18868
18870
18873
18874
18876
18878
18881
18883
18885
18886
18889
18891
18893
18895
18896
18898
18901
18903
18905
18906
18909
18910
18912
18914
18917
18919
18920
18922
18925
18926
18929
18931
18932
18934
18936
18939
18941
18943
18945
18947
18948
18951
18953
18954
18957
18958
18961
18962
18964
18966
18968
18970
18973
18975
18976
18978
18980
18983
18985
18986
18988
18990
18993
18994
18996
18998
19000
19002
19004
19006
19009
19010
19012
19015
19017
19019
19020
19023
19024
19027
19029
19030
19032
19035
19036
19038
19041
19042
19045
19047
19049
19050
19052
19054
19056
19059
19061
19062
19065
19067
19068
19070
19073
19075
19077
19078
19081
19082
19084
19086
19089
19090
19092
19095
19096
19098
19101
19103
19104
19107
19109
19111
19113
19115
19116
19118
19121
19122
19124
19126
19128
19131
19133
19134
19137
19139
19140
19143
19144
19147
19149
19150
19153
19155
19156
19159
19161
19162
19165
19167
19168
19170
19173
19175
19176
19178
19181
19183
19184
19186
19189
19191
19192
19195
19196
19198
19201
19202
19204
19207
19208
19210
19213
19215
19216
19219
19220
19223
19225
19226
19229
19231
19232
19235
19236
19238
19240
19242
19245
19246
19249
19250
19253
19255
19257
19258
19261
19262
19265
19267
19268
19270
19272
19275
19276
19278
19281
19283
19285
19286
19289
19290
19292
19295
19297
19298
19301
19303
19304
19306
19308
19310
19312
19315
19316
19318
19321
19322
19325
19326
19329
19331
19333
19335
19337
19339
19340
19342
19344
19347
19349
19351
19352
19354
19356
19358
19360
19363
19364
19367
19369
19370
19372
19374
19377
19378
19380
19383
19384
19387
19388
19391
19392
19394
19396
19399
19400
19403
19405
19407
19408
19411
19412
19415
19416
19418
19421
19423
19424
19426
19428
19430
19432
19435
19436
19439
19441
19442
19445
19447
19449
19451
19452
19455
19457
19458
19461
19463
19465
19467
19469
19471
19472
19475
19476
19479
19481
19482
19485
19486
19489
19491
19492
19495
19496
19498
19501
19503
19505
19507
19508
19510
19512
19514
19517
19518
19520
19522
19524
19527
19529
19531
19532
19535
19536
19538
19541
19543
19545
19547
19549
19551
19552
19555
19556
19558
19561
19562
19564
19566
19568
19570
19572
19574
19576
19579
19580
19583
19585
19586
19589
19591
19593
19595
19596
19599
19601
19603
19605
19607
19609
19611
19613
19615
19617
19619
19621
19622
19624
19627
19629
19630
19633
19635
19636
19639
19640
19642
19644
19646
19649
19650
19652
19655
19657
19658
19661
19662
19665
19666
19668
19671
19673
19675
19677
19678
19681
19683
19684
19687
19688
19691
19692
19695
19696
19699
19701
19702
19704
19706
19708
19710
19713
19715
19716
19718
19721
19722
19725
19726
19728
19730
19732
19734
19736
19739
19741
19742
19744
19747
19748
19750
19752
19755
19756
19758
19761
19762
19764
19767
19768
19771
19773
19774
19776
19778
19781
19783
19784
19786
19788
19790
19793
19795
19796
19798
19800
19803
19805
19806
19808
19811
19812
19814
19816
19819
19821
19823
19825
19826
19829
19830
19833
19834
19837
19839
19841
19842
19845
19846
19848
19851
19852
19854
19856
19858
19860
19862
19865
19866
19869
19871
19873
19874
19876
19879
19881
19882
19884
19887
19888
19890
19893
19894
19897
19898
19900
19902
19905
19906
19908
19910
19913
19914
19916
19918
19921
19923
19925
19926
19928
19930
19932
19935
19937
19939
19941
19942
19945
19946
19949
19951
19952
19955
19956
19958
19961
19963
19965
19966
19968
19970
19973
19974
19977
19979
19981
19982
19985
19986
19989
19991
19992
19994
19997
19999
20000
20002
20005
20007
20009
20011
20013
20014
20016
20019
20021
20022
20025
20027
20028
20031
20032
20034
20037
20039
20041
20043
20044
20046
20048
20050
20052
20055
20056
20058
20060
20062
20065
20067
20068
20070
20073
20075
20077
20078
20080
20082
20085
20087
20088
20090
20093
20094
20097
20099
20101
20103
20104
20107
20108
20110
20113
20115
20116
20118
20121
20123
20125
20127
20129
20130
20132
20135
20136
20138
20141
20142
20144
20147
20149
20150
20152
20155
20157
20159
20161
20163
20164
20166
20169
20170
20173
20174
20176
20179
20180
20183
20185
20186
20188
20191
20192
20194
20197
20199
20201
20202
20204
20206
20208
20210
20212
20214
20216
20218
20221
20222
20225
20226
20229
20231
20232
20234
20236
20239
20240
20242
20245
20246
20248
20250
20253
20255
20257
20258
20260
20262
20264
20267
20269
20271
20273
20275
20277
20279
20280
20283
20285
20287
20288
20290
20293
20294
20296
20299
20301
20302
20305
20307
20309
20311
20313
20314
20317
20318
20321
20322
20325
20326
20329
20331
20332
20335
20336
20339
20341
20343
20345
20346
20348
20350
20353
20355
20357
20358
20360
20362
20364
20366
20368
20371
20373
20375
20377
20379
20380
20382
20384
20387
20389
20391
20392
20394
20397
20399
20400
20403
20404
20407
20409
20410
20412
20414
20417
20418
20420
20422
20424
20427
20428
20430
20432
20434
20437
20438
20440
20442
20444
20447
20448
20450
20453
20454
20456
20458
20461
20462
20464
20466
20468
20470
20472
20474
20476
20478
20481
20483
20485
20487
20489
20491
20492
20495
20496
20498
20500
20502
20504
20506
20509
20510
20513
20515
20517
20519
20521
20523
20524
20526
20528
20531
20532
20535
20537
20539
20541
20542
20544
20546
20549
20550
20552
20555
20556
20558
20560
20562
20564
20566
20568
20571
20573
20574
20577
20579
20581
20582
20584
20587
20589
20591
20592
20595
20597
20598
20600
20603
20605
20606
20608
20610
20612
20614
20616
20618
20621
20622
20624
20627
20629
20631
20633
20634
20636
20638
20641
20643
20644
20646
20648
20650
20652
20655
20656
20658
20661
20663
20664
20666
20669
20670
20672
20674
20676
20679
20681
20682
20685
20686
20689
20691
20693
20694
20697
20698
20700
20702
20704
20706
20709
20710
20713
20714
20716
20718
20721
20723
20725
20727
20728
20731
20733
20734
20736
20738
20740
20743
20744
20746
20748
20751
20752
20754
20756
20759
20760
20762
20764
20767
20769
20770
20773
20774
20777
20779
20780
20782
20785
20786
20789
20790
20793
20795
20797
20798
20801
20803
20805
20806
20809
20810
20812
20814
20816
20819
20821
20823
20824
20826
20828
20831
20832
20835
20836
20839
20841
20842
20845
20847
20848
20850
20852
20854
20856
20858
20860
20863
20865
20867
20868
20871
20873
20874
20877
20878
20880
20882
20884
20887
20889
20890
20892
20894
20897
20898
20901
20903
20904
20906
20909
20910
20912
20915
20917
20919
20920
20922
20924
20927
20928
20930
20933
20934
20936
20939
20941
20943
20944
20947
20948
20951
20953
20955
20957
20958
20960
20962
20965
20967
20968
20971
20972
20974
20977
20978
20981
20983
20985
20986
20988
20991
20993
20995
20996
20998
21000
21003
21005
21007
21008
21010
21013
21014
21016
21019
21020
21023
21024
21026
21028
21030
21032
21034
21037
21039
21040
21043
21045
21046
21049
21051
21052
21054
21056
21058
21061
21062
21065
21067
21068
21070
21073
21074
21077
21078
21081
21083
21085
21086
21088
21090
21093
21095
21097
21099
21100
21103
21104
21106
21109
21111
21113
21115
21117
21119
21121
21122
21124
21126
21129
21130
21133
21135
21137
21139
21140
21142
21145
21146
21149
21150
21153
21154
21156
21159
21160
21162
21164
21167
21169
21171
21173
21175
21176
21178
21181
21183
21185
21186
21188
21191
21192
21195
21196
21198
21201
21202
21205
21207
21209
21210
21213
21214
21216
21218
21220
21223
21224
21227
21228
21231
21233
21234
21236
21238
21241
21243
21245
21247
21249
21250
21252
21255
21257
21258
21260
21262
21264
21266
21268
21270
21272
21275
21276
21278
21280
21283
21285
21286
21288
21290
21292
21295
21297
21298
21300
21302
21304
21307
21308
21311
21312
21314
21317
21318
21321
21323
21324
21326
21328
21331
21333
21334
21336
21339
21341
21342
21345
21346
21348
21351
21352
21355
21357
21358
21361
21362
21364
21366
21369
21371
21372
21374
21377
21378
21381
21382
21385
21386
21389
21391
21392
21395
21396
21398
21400
21402
21404
21407
21409
21411
21412
21415
21416
21418
21421
21423
21424
21427
21429
21430
21432
21434
21436
21439
21440
21443
21444
21447
21449
21450
21453
21454
21456
21458
21461
21463
21465
21466
21468
21471
21472
21474
21477
21479
21481
21483
21485
21487
21489
21491
21492
21494
21497
21498
21501
21502
21504
21507
21509
21511
21512
21515
21516
21518
21520
21522
21524
21526
21529
21531
21532
21535
21537
21539
21541
21542
21545
21547
21549
21550
21553
21555
21556
21558
21560
21562
21564
21566
21568
21570
21572
21575
21577
21579
21580
21583
21585
21587
21588
21590
21593
21595
21597
21599
21600
21602
21604
21607
21609
21610
21612
21615
21617
21618
21620
21622
21625
21626
21629
21630
21633
21635
21637
21639
21641
21643
21645
21646
21649
21650
21652
21655
21657
21659
21660
21663
21664
21666
21669
21671
21673
21674
21676
21679
21681
21683
21685
21686
21689
21690
21693
21694
21697
21699
21700
21703
21705
21707
21709
21710
21712
21714
21716
21718
21721
21722
21724
21726
21729
21730
21733
21734
21736
21738
21741
21742
21744
21746
21749
21751
21752
21755
21757
21759
21761
21762
21764
21767
21769
21770
21773
21775
21777
21779
21780
21782
21784
21786
21788
21791
21793
21795
21796
21799
21800
21803
21804
21806
21809
21811
21813
21815
21816
21818
21820
21823
21824
21827
21828
21831
21833
21834
21837
21838
21841
21842
21845
21847
21848
21851
21852
21854
21857
21859
21861
21863
21865
21866
21869
21871
21873
21875
21877
21878
21881
21882
21884
21886
21889
21891
21893
21894
21896
21899
21900
21902
21904
21906
21909
21910
21913
21914
21916
21918
21920
21922
21924
21927
21928
21930
21933
21934
21937
21938
21941
21943
21944
21946
21948
21950
21953
21955
21957
21959
21960
21963
21964
21966
21968
21970
21972
21974
21977
21978
21980
21982
21984
21987
21989
21991
21993
21994
21997
21998
22001
22002
22005
22006
22008
22011
22013
22014
22017
22019
22020
22022
22025
22026
22028
22031
22032
22035
22037
22038
22041
22043
22045
22047
22048
22051
22053
22054
22056
22058
22060
22062
22064
22067
22068
22070
22073
22074
22076
22079
22081
22083
22084
22086
22089
22091
22092
22094
22096
22099
22100
22103
22105
22107
22108
22110
22112
22114
22116
22118
22121
22123
22125
22126
22129
22130
22132
22135
22137
22139
22140
22142
22145
22146
22148
22151
22152
22155
22156
22158
22161
22163
22164
22166
22168
22171
22172
22174
22176
22179
22181
22182
22185
22186
22189
22190
22192
22194
22197
22198
22201
22203
22204
22207
22208
22211
22212
22215
22217
22218
22220
22222
22225
22226
22229
22230
22233
22234
22237
22239
22240
22242
22244
22247
22248
22250
22252
22254
22257
22258
22260
22262
22264
22266
22269
22271
22272
22275
22276
22278
22281
22282
22285
22287
22288
22290
22293
22295
22296
22298
22300
22303
22304
22306
22308
22311
22312
22315
22317
22319
22320
22323
22324
22326
22329
22331
22332
22335
22336
22339
22341
22342
22345
22347
22348
22351
22352
22354
22356
22359
22361
22363
22365
22366
22368
22371
22373
22375
22377
22379
22381
22383
22384
22387
22388
22390
22392
22394
22396
22399
22400
22403
22404
22407
22408
22410
22413
22414
22417
22418
22421
22422
22424
22426
22428
22430
22433
22435
22436
22439
22440
22443
22444
22447
22448
22450
22452
22454
22457
22458
22461
22462
22465
22467
22469
22471
22472
22474
22476
22479
22480
22483
22484
22487
22488
22490
22492
22494
22496
22499
22501
22503
22505
22506
22509
22510
22513
22514
22517
22519
22520
22522
22525
22526
22529
22531
22532
22535
22536
22538
22541
22542
22545
22547
22549
22550
22553
22555
22557
22559
22560
22562
22564
22567
22569
22571
22572
22574
22577
22578
22581
22582
22585
22586
22589
22590
22592
22595
22596
22598
22601
22602
22604
22606
22608
22611
22612
22614
22617
22618
22621
22623
22624
22627
22629
22630
22632
22635
22637
22638
22640
22643
22644
22646
22649
22651
22652
22654
22656
22658
22661
22663
22665
22667
22668
22671
22673
22675
22676
22679
22681
22683
22684
22687
22689
22691
22693
22694
22696
22698
22701
22702
22705
22707
22709
22711
22712
22714
22717
22718
22721
22722
22725
22727
22729
22730
22732
22735
22736
22739
22741
22743
22745
22747
22749
22750
22753
22754
22757
22759
22760
22763
22764
22766
22769
22770
22772
22775
22776
22778
22780
22782
22785
22787
22789
22791
22792
22795
22797
22798
22800
22803
22805
22806
22808
22811
22813
22814
22817
22819
22821
22822
22825
22827
22828
22830
22832
22835
22836
22839
22840
22843
22844
22847
22848
22851
22853
22855
22857
22858
22860
22863
22864
22867
22869
22870
22872
22875
22876
22879
22881
22883
22884
22886
22888
22890
22892
22894
22897
22899
22900
22902
22905
22907
22908
22910
22913
22915
22917
22919
22921
22923
22925
22926
22928
22930
22933
22935
22937
22938
22940
22943
22944
22947
22948
22951
22952
22955
22956
22958
22960
22962
22964
22966
22969
22970
22973
22974
22976
22979
22981
22983
22984
22987
22988
22991
22993
22994
22996
22999
23000
23002
23005
23007
23008
23010
23012
23015
23016
23019
23021
23022
23024
23026
23029
23030
23033
23035
23037
23038
23041
23042
23045
23046
23049
23051
23053
23055
23056
23059
23061
23063
23065
23066
23068
23070
23072
23074
23076
23078
23080
23083
23085
23086
23089
23091
23093
23094
23097
23099
23101
23103
23104
23106
23108
23111
23113
23115
23116
23119
23120
23122
23125
23127
23129
23131
23132
23134
23136
23138
23140
23143
23145
23146
23148
23150
23152
23155
23156
23159
23160
23162
23164
23167
23169
23170
23173
23174
23177
23178
23181
23182
23184
23187
23188
23191
23193
23195
23196
23199
23200
23203
23205
23206
23209
23210
23213
23214
23216
23218
23220
23222
23225
23227
23228
23231
23233
23235
23237
23239
23240
23243
23245
23247
23249
23250
23253
23255
23257
23258
23261
23263
23265
23266
23269
23271
23272
23275
23277
23279
23281
23282
23285
23286
23289
23290
23293
23294
23297
23298
23301
23303
23304
23307
23308
23310
23312
23315
23316
23319
23321
23322
23325
23326
23329
23330
23333
23334
23337
23339
23340
23342
23345
23347
23348
23351
23352
23355
23357
23359
23361
23363
23365
23367
23369
23370
23373
23375
23377
23379
23380
23382
23384
23387
23389
23391
23392
23394
23397
23399
23400
23403
23405
23407
23408
23411
23413
23415
23417
23419
23420
23423
23425
23427
23428
23431
23432
23435
23436
23439
23440
23442
23444
23447
23449
23450
23453
23454
23456
23459
23461
23463
23465
23466
23469
23471
23472
23474
23477
23478
23480
23482
23484
23487
23488
23491
23493
23494
23497
23498
23500
23503
23505
23506
23508
23511
23512
23515
23517
23518
23521
23522
23524
23527
23528
23531
23533
23535
23537
23538
23541
23542
23544
23546
23549
23550
23553
23554
23556
23559
23561
23562
23564
23567
23568
23571
23573
23574
23576
23579
23580
23583
23585
23586
23588
23590
23592
23594
23596
23599
23600
23603
23604
23606
23608
23610
23613
23614
23617
23619
23620
23623
23624
23627
23628
23631
23632
23634
23636
23638
23641
23642
23645
23646
23648
23650
23653
23655
23657
23659
23661
23662
23664
23666
23668
23670
23672
23674
23676
23679
23680
23682
23684
23686
23688
23691
23693
23695
23697
23699
23701
23702
23704
23706
23709
23710
23712
23715
23716
23719
23721
23723
23725
23727
23728
23730
23732
23734
23736
23738
23741
23742
23744
23747
23749
23750
23753
23755
23756
23758
23761
23763
23765
23767
23768
23771
23773
23775
23777
23779
23780
23782
23785
23787
23789
23791
23792
23795
23796
23799
23801
23803
23804
23807
23809
23810
23812
23814
23816
23819
23821
23823
23824
23826
23828
23831
23833
23835
23837
23838
23841
23842
23844
23847
23849
23851
23853
23855
23857
23859
23861
23863
23865
23866
23869
23870
23873
23874
23876
23879
23880
23883
23884
23887
23889
23890
23893
23895
23896
23898
23900
23902
23904
23907
23909
23911
23913
23914
23917
23919
23921
23923
23924
23926
23929
23930
23932
23935
23936
23938
23941
23942
23944
23947
23948
23950
23953
23954
23956
23959
23960
23963
23964
23967
23969
23970
23972
23975
23976
23979
23980
23982
23985
23987
23988
23990
23993
23994
23997
23999
24000
24002
24004
24006
24008
24010
24013
24014
24017
24018
24021
24023
24024
24027
24028
24031
24033
24034
24037
24039
24040
24043
24045
24046
24049
24050
24053
24055
24057
24058
24060
24062
24065
24067
24068
24070
24073
24075
24077
24078
24081
24082
24084
24086
24089
24090
24092
24095
24097
24098
24101
24103
24104
24107
24109
24110
24112
24115
24116
24118
24121
24123
24125
24127
24129
24131
24133
24134
24137
24139
24140
24143
24145
24146
24148
24151
24153
24154
24157
24158
24161
24162
24165
24166
24168
24171
24172
24175
24176
24178
24180
24183
24184
24186
24189
24190
24193
24195
24197
24198
24201
24203
24204
24206
24209
24211
24213
24214
24217
24219
24221
24222
24224
24227
24228
24230
24233
24234
24237
24239
24240
24243
24245
24246
24249
24251
24253
24255
24256
24259
24261
24262
24265
24266
24268
24270
24273
24275
24277
24279
24281
24282
24285
24286
24289
24291
24292
24294
24296
24298
24301
24303
24305
24307
24309
24310
24313
24315
24316
24319
24320
24322
24324
24326
24328
24330
24332
24334
24337
24339
24341
24343
24345
24347
24349
24350
24353
24354
24357
24358
24360
24363
24365
24367
24368
24370
24372
24375
24377
24378
24380
24383
24385
24386
24389
24391
24393
24394
24397
24398
24400
24403
24404
24407
24409
24411
24412
24415
24417
24419
24421
24423
24424
24426
24428
24431
24432
24434
24436
24438
24441
24443
24444
24447
24448
24450
24452
24455
24457
24458
24461
24463
24465
24467
24468
24471
24472
24474
24477
24479
24481
24482
24484
24486
24489
24490
24492
24495
24496
24499
24500
24502
24505
24506
24508
24510
24512
24514
24516
24519
24521
24522
24525
24526
24528
24530
24533
24535
24536
24538
24540
24543
24544
24547
24549
24550
24552
24555
24556
24558
24560
24563
24565
24566
24569
24571
24573
24575
24576
24579
24580
24583
24584
24586
24589
24591
24592
24594
24596
24598
24601
24603
24605
24606
24609
24611
24612
24614
24616
24619
24620
24623
24625
24626
24628
24630
24632
24634
24636
24638
24641
24643
24645
24646
24649
24651
24652
24654
24657
24658
24660
24662
24664
24666
24669
24671
24672
24675
24677
24678
24681
24682
24685
24686
24689
24691
24692
24694
24696
24698
24701
24703
24704
24707
24708
24710
24713
24714
24716
24718
24720
24723
24725
24727
24729
24731
24732
24734
24737
24739
24741
24743
24745
24747
24748
24751
24753
24755
24757
24758
24760
24762
24765
24766
24769
24771
24773
24774
24776
24778
24781
24782
24784
24787
24788
24791
24792
24794
24797
24798
24801
24802
24805
24806
24808
24810
24813
24815
24816
24818
24821
24822
24824
24826
24828
24830
24832
24835
24836
24839
24840
24842
24845
24846
24848
24850
24852
24855
24856
24859
24860
24862
24864
24867
24868
24871
24873
24875
24877
24878
24881
24882
24884
24886
24888
24890
24893
24895
24897
24899
24901
24902
24904
24907
24908
24910
24913
24915
24916
24919
24920
24923
24924
24927
24929
24930
24933
24935
24937
24939
24940
24943
24944
24947
24949
24950
24952
24954
24957
24958
24960
24962
24965
24966
24968
24970
24973
24974
24977
24979
24980
24982
24984
24987
24988
24990
24992
24994
24997
24998
25000
25003
25004
25006
25009
25011
25013
25015
25016
25018
25020
25022
25024
25026
25029
25030
25033
25034
25037
25039
25040
25042
25044
25047
25048
25050
25052
25054
25056
25059
25060
25062
25064
25066
25069
25071
25073
25075
25076
25079
25080
25083
25084
25087
25089
25091
25092
25094
25097
25099
25101
25103
25105
25107
25108
25111
25113
25115
25117
25119
25120
25123
25124
25127
25128
25131
25133
25134
25137
25139
25140
25142
25144
25146
25148
25150
25152
25154
25156
25158
25160
25163
25165
25167
25169
25171
25173
25175
25177
25178
25181
25182
25185
25187
25189
25190
25192
25195
25196
25198
25200
25203
25204
25207
25208
25210
25212
25214
25217
25219
25220
25222
25225
25226
25229
25230
25232
25235
25237
25239
25240
25243
25245
25246
25249
25250
25253
25255
25256
25259
25261
25263
25265
25267
25269
25271
25272
25274
25276
25279
25280
25282
25284
25286
25289
25291
25292
25294
25297
25298
25301
25303
25304
25306
25308
25310
25312
25314
25316
25319
25320
25323
25325
25327
25329
25330
25332
25334
25337
25338
25340
25343
25345
25347
25348
25351
25352
25354
25356
25359
25361
25363
25365
25367
25369
25371
25373
25374
25377
25379
25381
25383
25384
25386
25389
25391
25392
25394
25397
25399
25401
25403
25404
25407
25409
25411
25413
25415
25417
25419
25420
25422
25424
25427
25428
25430
25433
25434
25437
25439
25440
25443
25444
25447
25449
25450
25452
25454
25456
25458
25460
25463
25465
25466
25469
25471
25472
25475
25476
25478
25481
25482
25484
25486
25489
25490
25492
25494
25496
25498
25501
25503
25504
25506
25508
25510
25513
25514
25516
25518
25520
25522
25524
25527
25529
25531
25533
25534
25536
25539
25540
25543
25544
25547
25549
25550
25552
25555
25557
25559
25560
25562
25565
25566
25569
25571
25572
25575
25577
25578
25581
25582
25585
25587
25589
25591
25593
25594
25596
25599
25600
25603
25605
25606
25609
25610
25612
25615
25617
25618
25621
25623
25625
25627
25628
25631
25633
25635
25637
25639
25640
25642
25645
25647
25649
25650
25652
25655
25657
25658
25660
25663
25664
25666
25668
25671
25672
25674
25677
25679
25680
25682
25684
25687
25689
25691
25693
25695
25697
25698
25701
25703
25705
25707
25708
25711
25713
25715
25716
25719
25720
25722
25724
25727
25728
25731
25732
25735
25737
25739
25740
25743
25745
25746
25748
25750
25753
25755
25757
25758
25760
25762
25765
25767
25768
25770
25773
25775
25776
25778
25780
25783
25785
25786
25789
25791
25793
25795
25796
25798
25800
25803
25804
25807
25808
25810
25813
25814
25816
25818
25821
25822
25824
25827
25828
25830
25833
25835
25837
25838
25840
25842
25845
25846
25849
25850
25852
25855
25857
25858
25861
25862
25865
25867
25868
25871
25872
25875
25876
25879
25881
25882
25885
25887
25888
25890
25892
25894
25897
25899
25900
25903
25905
25906
25908
25911
25912
25915
25917
25919
25920
25922
25924
25927
25928
25930
25933
25934
25937
25939
25940
25942
25944
25946
25948
25951
25952
25954
25956
25959
25961
25963
25965
25967
25968
25970
25972
25975
25977
25979
25980
25982
25984
25987
25989
25991
25993
25994
25996
25998
26000
26002
26004
26006
26009
26011
26013
26015
26017
26018
26020
26023
26025
26026
26028
26031
26032
26035
26036
26038
26040
26042
26045
26046
26048
26050
26052
26055
26057
26058
26060
26063
26064
26066
26068
26070
26072
26074
26077
26078
26081
26082
26084
26087
26089
26091
26092
26095
26096
26099
26100
26103
26105
26106
26109
26111
26112
26114
26116
26119
26120
26123
26124
26126
26128
26130
26133
26135
26136
26138
26140
26143
26145
26147
26148
26150
26153
26154
26157
26159
26160
26163
26164
26167
26169
26171
26173
26174
26176
26179
26180
26182
26185
26186
26189
26190
26192
26195
26196
26198
26201
26203
26204
26207
26209
26210
26213
26214
26216
26219
26220
26222
26225
26227
26229
26231
26232
26235
26236
26238
26241
26243
26244
26247
26248
26250
26253
26255
26256
26258
26260
26262
26264
26267
26269
26271
26273
26274
26276
26279
26280
26282
26284
26287
26289
26291
26293
26295
26297
26298
26300
26303
26305
26306
26309
26311
26312
26314
26316
26319
26321
26323
26324
26327
26329
26330
26333
26334
26336
26338
26341
26343
26344
26346
26349
26351
26353
26355
26356
26359
26361
26362
26365
26367
26369
26371
26372
26374
26377
26379
26381
26383
26385
26387
26388
26390
26393
26395
26396
26399
26400
26403
26404
26406
26408
26410
26412
26415
26417
26418
26420
26422
26424
26426
26428
26431
26433
26435
26436
26438
26441
26443
26444
26446
26448
26450
26453
26455
26457
26459
26461
26462
26465
26466
26469
26471
26473
26474
26476
26478
26481
26483
26484
26487
26489
26491
26492
26495
26497
26499
26500
26502
26504
26507
26508
26510
26513
26515
26516
26518
26521
26522
26525
26526
26528
26530
26532
26535
26536
26538
26541
26542
26544
26547
26549
26550
26553
26555
26556
26558
26560
26563
26565
26566
26568
26571
26572
26575
26577
26579
26580
26582
26584
26586
26588
26590
26592
26594
26597
26598
26600
26603
26604
26607
26609
26610
26612
26615
26616
26618
26621
26622
26625
26626
26628
26630
26633
26634
26636
26638
26640
26643
26645
26647
26649
26650
26652
26655
26657
26659
26660
26663
26664
26667
26669
26671
26673
26674
26676
26679
26680
26683
26684
26687
26688
26691
26692
26694
26696
26699
26701
26702
26705
26706
26708
26711
26712
26714
26717
26719
26720
26722
26724
26727
26729
26731
26732
26734
26736
26738
26741
26742
26745
26747
26748
26750
26753
26754
26757
26759
26761
26762
26765
26767
26769
26770
26773
26775
26776
26778
26781
26782
26785
26786
26789
26790
26792
26795
26797
26798
26801
26803
26804
26807
26809
26811
26812
26814
26816
26819
26821
26822
26825
26826
26829
26831
26832
26834
26836
26838
26841
26843
26845
26846
26848
26851
26853
26854
26856
26859
26860
26863
26865
26866
26868
26871
26873
26874
26877
26879
26880
26882
26885
26887
26888
26890
26893
26895
26897
26898
26900
26903
26904
26907
26908
26911
26912
26915
26916
26918
26920
26922
26924
26927
26929
26930
26932
26934
26937
26938
26941
26943
26945
26946
26948
26951
26952
26955
26956
26958
26960
26963
26965
26966
26968
26970
26973
26975
26976
26978
26980
26982
26984
26986
26988
26991
26992
26994
26996
26999
27000
27003
27005
27007
27009
27011
27012
27014
27016
27019
27021
27022
27025
27026
27028
27030
27032
27034
27036
27038
27040
27043
27045
27047
27048
27051
27053
27054
27057
27059
27061
27062
27065
27066
27068
27071
27073
27075
27076
27078
27080
27082
27085
27087
27089
27090
27092
27095
27097
27098
27100
27102
27105
27107
27109
27110
27112
27114
27116
27119
27121
27123
27124
27126
27128
27131
27133
27135
27137
27139
27140
27143
27144
27146
27149
27150
27153
27154
27157
27159
27161
27162
27165
27166
27169
27171
27173
27175
27176
27178
27181
27182
27184
27186
27189
27191
27192
27195
27197
27199
27200
27202
27205
27206
27208
27210
27213
27214
27216
27219
27221
27222
27225
27226
27228
27231
27233
27235
27236
27238
27241
27243
27245
27247
27249
27251
27252
27254
27256
27259
27261
27263
27265
27267
27269
27271
27272
27274
27277
27279
27280
27282
27284
27287
27288
27290
27293
27294
27296
27298
27301
27302
27305
27306
27308
27311
27313
27314
27317
27318
27320
27322
27325
27327
27328
27331
27332
27334
27336
27338
27341
27343
27344
27346
27348
27350
27352
27355
27356
27358
27361
27362
27364
27367
27369
27371
27372
27375
27377
27379
27381
27382
27384
27387
27388
27390
27393
27395
27397
27399
27400
27402
27404
27406
27409
27411
27412
27415
27416
27418
27420
27422
27424
27426
27429
27431
27432
27435
27436
27438
27441
27443
27445
27447
27449
27451
27453
27454
27456
27459
27460
27463
27465
27466
27468
27470
27472
27475
27477
27479
27480
27483
27485
27487
27488
27490
27493
27495
27497
27499
27500
27502
27504
27507
27509
27511
27512
27514
27517
27518
27520
27523
27525
27527
27529
27531
27532
27534
27536
27538
27540
27543
27544
27546
27548
27550
27552
27555
27556
27558
27561
27563
27565
27566
27569
27570
27572
27575
27577
27579
27581
27582
27584
27586
27588
27591
27592
27595
27596
27598
27601
27603
27605
27607
27609
27610
27612
27615
27616
27618
27621
27622
27624
27627
27629
27630
27633
27635
27636
27639
27641
27643
27645
27646
27649
27650
27652
27654
27656
27658
27660
27662
27665
27667
27669
27671
27672
27675
27677
27678
27680
27682
27685
27687
27688
27690
27693
27695
27697
27699
27700
27703
27705
27706
27708
27711
27712
27714
27717
27719
27720
27722
27724
27726
27729
27730
27732
27735
27736
27739
27740
27742
27745
27747
27748
27751
27753
27754
27756
27759
27760
27762
27765
27766
27768
27771
27772
27775
27777
27779
27781
27782
27784
27787
27789
27791
27792
27795
27797
27798
27801
27802
27805
27806
27809
27810
27812
27814
27817
27818
27820
27823
27824
27826
27829
27831
27833
27834
27837
27839
27841
27842
27845
27847
27849
27850
27853
27854
27856
27859
27860
27862
27864
27866
27868
27871
27872
27875
27876
27878
27880
27883
27885
27887
27889
27891
27892
27895
27896
27898
27900
27903
27904
27907
27908
27911
27913
27915
27917
27918
27921
27923
27924
27926
27928
27931
27933
27935
27937
27939
27940
27943
27944
27946
27949
27951
27952
27954
27956
27958
27960
27963
27965
27967
27969
27971
27972
27975
27977
27978
27980
27982
27985
27986
27989
27991
27993
27995
27997
27999
28000
28002
28004
28007
28009
28010
28012
28015
28016
28019
28020
28023
28025
28027
28029
28030
28032
28035
28036
28038
28041
28042
28044
28047
28049
28051
28053
28055
28057
28059
28061
28063
28064
28066
28068
28071
28072
28074
28077
28079
28080
28083
28085
28087
28089
28090
28093
28094
28097
28099
28101
28103
28104
28106
28108
28111
28113
28115
28116
28118
28121
28123
28124
28127
28129
28131
28133
28135
28136
28138
28141
28143
28144
28146
28148
28151
28152
28154
28156
28158
28161
28163
28164
28167
28168
28170
28173
28174
28176
28178
28180
28182
28185
28186
28189
28190
28193
28194
28196
28199
28200
28203
28204
28207
28209
28211
28213
28214
28216
28218
28221
28222
28224
28227
28229
28230
28233
28234
28236
28238
28241
28242
28245
28246
28249
28250
28252
28254
28256
28259
28261
28262
28265
28266
28268
28270
28273
28274
28277
28278
28281
28282
28285
28286
28289
28290
28292
28294
28297
28299
28301
28303
28304
28307
28308
28310
28313
28315
28316
28319
28320
28322
28324
28327
28328
28331
28332
28335
28337
28338
28340
28342
28345
28346
28349
28350
28353
28355
28356
28358
28361
28363
28365
28367
28368
28370
28373
28375
28377
28379
28380
28382
28385
28387
28388
28391
28393
28395
28396
28399
28401
28402
28405
28407
28408
28411
28413
28415
28417
28418
28420
28423
28425
28426
28428
28431
28433
28434
28437
28438
28440
28443
28444
28447
28448
28451
28453
28455
28457
28459
28460
28463
28465
28466
28469
28471
28473
28475
28477
28478
28481
28482
28484
28487
28489
28491
28493
28495
28496
28499
28501
28502
28504
28506
28508
28510
28513
28515
28517
28518
28520
28522
28525
28527
28529
28531
28533
28535
28537
28538
28540
28543
28544
28546
28548
28550
28552
28554
28557
28558
28561
28562
28564
28566
28569
28571
28572
28574
28577
28579
28581
28582
28585
28587
28589
28591
28593
28595
28597
28598
28601
28602
28604
28606
28609
28610
28612
28614
28617
28619
28620
28623
28625
28626
28629
28631
28632
28634
28636
28638
28641
28642
28644
28647
28649
28650
28653
28654
28656
28659
28660
28663
28664
28666
28669
28670
28673
28675
28677
28679
28680
28682
28684
28687
28689
28691
28692
28694
28696
28698
28700
28702
28705
28706
28708
28711
28712
28714
28716
28719
28720
28723
28725
28726
28728
28731
28732
28734
28736
28738
28740
28742
28744
28746
28748
28751
28753
28754
28756
28759
28761
28763
28764
28766
28769
28771
28772
28774
28776
28778
28780
28782
28785
28787
28788
28790
28792
28795
28797
28798
28801
28802
28805
28806
28809
28810
28813
28815
28816
28818
28820
28822
28824
28826
28829
28831
28832
28834
28837
28838
28841
28843
28845
28846
28848
28850
28853
28854
28856
28858
28861
28863
28865
28867
28868
28870
28873
28875
28877
28879
28880
28882
28884
28887
28889
28890
28892
28895
28897
28899
28900
28902
28905
28907
28908
28911
28912
28914
28916
28918
28921
28922
28925
28927
28929
28930
28933
28935
28937
28939
28941
28942
28945
28946
28948
28951
28953
28954
28956
28958
28960
28963
28964
28966
28969
28970
28972
28974
28977
28978
28981
28983
28985
28986
28988
28990
28992
28995
28996
28998
29001
29002
29004
29007
29008
29011
29013
29014
29017
29018
29020
29022
29024
29026
29029
29031
29033
29034
29036
29039
29040
29042
29044
29046
29048
29051
29052
29055
29056
29058
29061
29062
29065
29066
29069
29070
29072
29074
29076
29078
29080
29083
29084
29087
29089
29091
29093
29094
29096
29098
29100
29102
29104
29107
29109
29111
29112
29114
29117
29119
29121
29122
29124
29126
29129
29131
29133
29134
29137
29139
29141
29142
29144
29146
29149
29150
29153
29155
29156
29158
29160
29162
29164
29166
29169
29171
29173
29175
29176
29178
29180
29182
29185
29186
29189
29190
29192
29195
29196
29198
29200
29202
29205
29206
29209
29210
29212
29214
29217
29219
29221
29222
29225
29226
29228
29231
29232
29235
29237
29238
29241
29242
29245
29247
29248
29250
29252
29255
29256
29258
29261
29262
29265
29266
29268
29271
29272
29274
29276
29278
29280
29283
29285
29286
29288
29291
29292
29295
29297
29299
29300
29302
29305
29307
29308
29310
29313
29315
29317
29318
29321
29323
29325
29327
29329
29331
29332
29335
29336
29338
29341
29343
29344
29346
29348
29350
29352
29355
29357
29359
29361
29362
29364
29366
29369
29371
29373
29375
29376
29378
29381
29383
29385
29387
29388
29391
29393
29395
29396
29398
29401
29402
29404
29407
29408
29410
29413
29415
29416
29418
29421
29422
29424
29427
29429
29431
29432
29435
29437
29438
29441
29443
29444
29446
29448
29450
29452
29455
29456
29459
29461
29462
29465
29466
29469
29470
29473
29475
29477
29478
29481
29483
29484
29487
29489
29490
29492
29495
29496
29498
29501
29502
29504
29506
29508
29511
29512
29514
29516
29519
29520
29522
29525
29526
29529
29530
29532
29534
29537
29538
29541
29542
29545
29546
29548
29550
29552
29554
29557
29558
29560
29562
29565
29566
29569
29570
29573
29574
29577
29578
29581
29582
29584
29586
29589
29590
29593
29594
29597
29598
29601
29602
29605
29607
29609
29611
29613
29615
29617
29619
29621
29622
29625
29626
29628
29630
29633
29634
29636
29639
29640
29642
29645
29647
29648
29650
29653
29654
29656
29659
29660
29663
29665
29667
29668
29671
29672
29674
29676
29679
29681
29682
29685
29686
29688
29691
29693
29694
29696
29698
29700
29703
29705
29707
29709
29710
29713
29714
29717
29718
29720
29722
29724
29726
29728
29731
29732
29735
29737
29739
29741
29742
29745
29746
29748
29750
29752
29755
29756
29758
29760
29762
29765
29767
29769
29771
29772
29775
29777
29779
29780
29783
29785
29786
29788
29791
29793
29794
29797
29799
29800
29802
29805
29806
29808
29810
29813
29815
29817
29818
29821
29822
29824
29827
29829
29831
29832
29835
29837
29838
29840
29843
29845
29847
29849
29850
29852
29855
29856
29858
29860
29862
29864
29867
29869
29870
29872
29874
29877
29879
29880
29882
29884
29887
29889
29891
29893
29894
29897
29898
29901
29902
29905
29906
29908
29911
29913
29914
29917
29918
29920
29923
29925
29927
29929
29930
29933
29934
29936
29938
29940
29942
29945
29947
29949
29950
29953
29954
29957
29958
29960
29963
29964
29967
29968
29970
29972
29975
29976
29979
29980
29983
29985
29986
29988
29990
29992
29995
29997
29998
30000
30002
30004
30006
30009
30011
30012
30014
30016
30018
30020
30022
30025
30027
30028
30030
30032
30035
30036
30038
30041
30042
30045
30047
30048
30051
30052
30054
30057
30059
30061
30062
30064
30066
30068
30070
30072
30075
30076
30079
30080
30082
30084
30086
30089
30091
30093
30095
30097
30099
30100
30102
30104
30106
30108
30110
30113
30115
30117
30119
30121
30123
30124
30126
30129
30131
30133
30134
30137
30138
30141
30142
30144
30147
30148
30151
30153
30155
30156
30158
30160
30163
30165
30166
30168
30170
30173
30174
30176
30178
30180
30182
30185
30187
30188
30191
30193
30194
30196
30198
30201
30202
30205
30206
30208
30210
30213
30215
30217
30219
30220
30222
30224
30226
30229
30230
30232
30235
30236
30238
30240
30243
30245
30247
30249
30250
30253
30254
30256
30259
30260
30263
30265
30266
30269
30271
30273
30274
30277
30278
30280
30283
30285
30287
30289
30291
30293
30295
30296
30298
30301
30302
30304
30306
30309
30311
30312
30315
30317
30319
30321
30323
30324
30327
30328
30330
30332
30335
30337
30338
30340
30342
30344
30347
30348
30351
30353
30354
30357
30359
30361
30362
30364
30367
30368
30371
30372
30374
30377
30378
30381
30383
30385
30386
30389
30390
30392
30394
30397
30399
30400
30403
30404
30407
30409
30411
30413
30415
30417
30418
30421
30423
30425
30426
30429
30430
30433
30435
30437
30438
30441
30442
30445
30447
30448
30451
30453
30455
30457
30459
30461
30462
30464
30466
30468
30470
30473
30475
30477
30478
30480
30482
30484
30487
30489
30491
30493
30494
30496
30499
30500
30502
30505
30506
30509
30511
30512
30515
30517
30518
30521
30523
30524
30527
30529
30531
30533
30534
30537
30539
30541
30542
30545
30546
30549
30551
30553
30555
30556
30558
30561
30562
30565
30566
30568
30571
30572
30575
30576
30578
30580
30582
30584
30587
30588
30590
30593
30594
30596
30599
30600
30602
30605
30607
30609
30611
30613
30615
30616
30619
30621
30623
30625
30626
30629
30630
30633
30634
30637
30639
30641
30643
30645
30646
30648
30651
30652
30655
30657
30658
30660
30663
30665
30666
30668
30670
30672
30675
30677
30679
30680
30682
30684
30686
30688
30691
30692
30695
30696
30699
30700
30703
30705
30706
30708
30711
30712
30715
30717
30718
30721
30722
30724
30726
30729
30731
30733
30735
30737
30738
30740
30743
30745
30746
30749
30750
30752
30754
30756
30758
30760
30762
30764
30767
30768
30770
30773
30774
30776
30778
30780
30782
30784
30786
30789
30791
30793
30795
30797
30798
30801
30803
30804
30806
30808
30810
30812
30814
30816
30819
30821
30823
30825
30827
30828
30831
30832
30835
30836
30838
30840
30843
30845
30847
30848
30850
30852
30854
30857
30858
30860
30863
30865
30866
30869
30870
30872
30875
30877
30879
30880
30882
30885
30887
30889
30890
30893
30894
30897
30899
30900
30903
30905
30907
30909
30910
30912
30914
30917
30918
30920
30922
30925
30927
30929
30930
30933
30935
30936
30938
30940
30942
30944
30947
30948
30950
30953
30955
30957
30958
30960
30962
30965
30967
30969
30971
30973
30974
30976
30979
30980
30983
30984
30987
30989
30991
30992
30994
30997
30999
31000
31002
31004
31006
31009
31011
31013
31015
31017
31019
31020
31022
31024
31027
31028
31031
31033
31034
31036
31038
31041
31043
31045
31046
31048
31051
31053
31055
31056
31058
31060
31063
31064
31067
31069
31070
31073
31075
31077
31079
31081
31082
31084
31086
31089
31091
31093
31095
31096
31099
31101
31103
31104
31106
31109
31111
31113
31115
31117
31118
31120
31122
31125
31127
31129
31130
31132
31134
31137
31139
31140
31143
31144
31146
31149
31150
31153
31154
31156
31159
31161
31162
31164
31167
31169
31170
31173
31174
31176
31179
31180
31183
31185
31186
31189
31190
31193
31194
31196
31199
31201
31202
31204
31206
31208
31210
31212
31215
31216
31218
31221
31222
31225
31227
31229
31231
31232
31234
31236
31239
31240
31242
31244
31246
31249
31250
31253
31254
31256
31258
31260
31262
31264
31267
31268
31271
31272
31274
31276
31279
31280
31282
31284
31287
31288
31290
31292
31294
31297
31298
31300
31303
31304
31306
31308
31311
31312
31315
31316
31319
31321
31323
31324
31326
31329
31331
31332
31334
31337
31339
31341
31343
31344
31347
31348
31350
31352
31355
31356
31359
31360
31363
31364
31366
31369
31371
31373
31375
31376
31379
31380
31382
31385
31387
31389
31390
31392
31395
31396
31399
31401
31402
31404
31407
31409
31410
31413
31414
31417
31419
31420
31423
31425
31426
31428
31430
31433
31435
31437
31438
31440
31442
31444
31447
31449
31450
31452
31455
31457
31459
31461
31463
31465
31467
31469
31471
31472
31474
31477
31478
31480
31483
31484
31487
31489
31490
31493
31495
31496
31499
31500
31503
31505
31506
31508
31511
31512
31515
31517
31518
31521
31522
31525
31527
31529
31531
31532
31534
31536
31539
31541
31542
31544
31547
31549
31551
31553
31555
31557
31559
31560
31563
31564
31567
31568
31570
31573
31574
31577
31578
31580
31582
31584
31587
31589
31590
31593
31595
31596
31599
31600
31603
31605
31607
31609
31610
31612
31614
31617
31618
31621
31622
31624
31626
31628
31631
31633
31634
31637
31638
31641
31642
31645
31647
31649
31650
31653
31654
31656
31659
31660
31663
31665
31666
31669
31670
31673
31675
31677
31679
31681
31683
31684
31687
31688
31691
31692
31694
31696
31698
31700
31702
31705
31706
31709
31710
31713
31715
31717
31718
31720
31722
31724
31726
31728
31731
31733
31734
31737
31738
31740
31743
31744
31747
31748
31751
31753
31755
31757
31758
31761
31762
31764
31767
31768
31771
31773
31775
31777
31779
31780
31782
31785
31786
31788
31791
31792
31795
31797
31798
31800
31803
31805
31806
31808
31811
31813
31814
31817
31818
31820
31822
31825
31826
31829
31830
31833
31834
31836
31838
31841
31843
31844
31846
31848
31850
31853
31854
31856
31859
31860
31863
31865
31867
31869
31870
31873
31874
31877
31878
31881
31882
31885
31886
31888
31890
31893
31894
31897
31899
31901
31903
31905
31907
31908
31911
31913
31914
31917
31919
31920
31922
31924
31926
31928
31930
31932
31935
31937
31939
31940
31943
31944
31946
31948
31951
31952
31955
31957
31959
31961
31962
31964
31967
31968
31971
31972
31975
31977
31978
31981
31983
31985
31986
31989
31990
31993
31994
31997
31998
32001
32002
32004
32007
32009
32010
32012
32014
32017
32019
32020
32022
32025
32027
32028
32031
32032
32034
32036
32038
32040
32042
32044
32047
32048
32051
32052
32055
32056
32059
32060
32063
32065
32067
32069
32071
32072
32074
32076
32079
32081
32082
32084
32086
32088
32090
32093
32095
32097
32099
32100
32103
32105
32107
32109
32110
32113
32114
32116
32119
32121
32123
32124
32126
32128
32130
32133
32134
32136
32139
32141
32143
32144
32147
32149
32151
32153
32154
32156
32159
32160
32162
32164
32166
32168
32170
32172
32174
32177
32179
32181
32182
32185
32187
32188
32190
32192
32194
32197
32198
32200
32202
32204
32207
32208
32210
32212
32214
32216
32219
32221
32223
32224
32227
32229
32231
32233
32235
32236
32239
32241
32243
32244
32246
32248
32251
32253
32255
32257
32258
32261
32262
32264
32266
32268
32270
32273
32275
32277
32279
32280
32282
32285
32287
32288
32291
32292
32295
32296
32299
32300
32303
32305
32307
32309
32310
32312
32314
32317
32319
32321
32323
32325
32327
32328
32331
32333
32335
32337
32339
32341
32342
32344
32347
32348
32351
32353
32354
32357
32359
32360
32363
32364
32367
32369
32371
32373
32374
32376
32378
32380
32382
32384
32386
32388
32390
32393
32394
32396
32398
32400
32403
32404
32407
32408
32411
32412
32415
32416
32419
32421
32423
32424
32426
32429
32431
32433
32434
32436
32438
32440
32442
32445
32446
32448
32450
32452
32454
32457
32458
32460
32463
32464
32466
32469
32470
32472
32475
32477
32478
32481
32483
32484
32487
32488
32491
32492
32494
32497
32499
32500
32502
32504
32506
32508
32510
32513
32514
32516
32518
32520
32522
32525
32527
32529
32530
32532
32534
32536
32538
32541
32542
32544
32546
32549
32550
32553
32555
32557
32558
32560
32562
32564
32567
32568
32570
32573
32575
32576
32579
32580
32583
32585
32587
32588
32590
32593
32595
32596
32598
32600
32603
32604
32607
32609
32611
32613
32615
32617
32618
32621
32622
32624
32626
32629
32630
32633
32635
32636
32638
32641
32642
32645
32647
32648
32651
32653
32654
32656
32659
32660
32662
32664
32667
32668
32670
32672
32674
32677
32678
32681
32682
32685
32686
32689
32690
32692
32694
32696
32698
32701
32703
32705
32707
32709
32710
32713
32715
32717
32719
32721
32722
32725
32726
32729
32730
32732
32735
32736
32739
32741
32742
32744
32746
32749
32751
32753
32754
32756
32758
32761
32762
32765
32767
