s vc 51795 10605
32768
1
32770
32773
32775
32777
32779
32780
32783
32785
32787
32788
32790
32793
32794
32796
32798
32800
32802
32804
32806
32808
32810
32813
32815
32816
32819
32820
32822
32824
32827
32829
32830
32832
32834
32837
32839
32841
32842
32845
32846
32849
32851
32853
32854
32857
32859
32860
32862
32865
32867
32868
32870
32872
32875
32877
32878
32881
32883
32884
32886
32889
32890
32893
32895
32896
32899
32900
32902
32905
32907
32909
32910
32912
32915
32916
32918
32920
32923
32924
32926
32928
32930
32932
32934
32937
32939
32941
32942
32944
32946
32949
32951
32953
32954
32957
32959
32960
32962
32965
32967
32968
32971
32973
32974
32976
32979
32980
32982
32984
32987
32988
32991
32993
32995
32996
32998
33000
33003
33004
33006
33008
33010
33012
33014
33017
33019
33021
33022
33025
33027
33029
33030
33032
33035
33037
33039
33040
33043
33044
33046
33049
33051
33053
33055
33057
33058
33061
33063
33065
33067
33068
33070
33073
33074
33076
33078
33081
33082
33084
33086
33089
33091
33092
33094
33097
33098
33100
33102
33104
33107
33109
33111
33112
33114
33117
33118
33120
33123
33125
33127
33129
33130
33133
33135
33136
33139
33140
33142
33144
33147
33149
33150
33152
33154
33157
33158
33161
33162
33165
33167
33168
33171
33173
33174
33176
33178
33180
33183
33185
33186
33188
33191
33193
33195
33197
33199
33201
33203
33204
33207
33208
33210
33212
33215
33217
33218
33220
33223
33224
33226
33228
33231
33232
33234
33237
33238
33240
33243
33245
33247
33248
33250
33253
33255
33257
33259
33261
33263
33264
33267
33268
33271
33273
33275
33277
33279
33281
33283
33284
33286
33289
33291
33292
33294
33296
33299
33300
33302
33304
33307
33308
33311
33313
33315
33316
33319
33320
33323
33325
33326
33328
33331
33333
33335
33337
33338
33340
33342
33344
33347
33348
33351
33353
33355
33357
33359
33361
33363
33364
33367
33369
33371
33373
33375
33377
33378
33380
33383
33384
33386
33389
33390
33393
33395
33397
33399
33400
33403
33405
33407
33409
33410
33412
33414
33416
33418
33420
33422
33424
33426
33429
33430
33432
33435
33437
33438
33440
33443
33444
33447
33449
33451
33453
33455
33457
33459
33460
33462
33464
33466
33469
33470
33472
33475
33476
33478
33480
33482
33485
33487
33488
33491
33493
33495
33496
33499
33501
33503
33505
33507
33509
33511
33513
33514
33516
33518
33520
33523
33525
33526
33529
33530
33532
33535
33536
33539
33540
33543
33544
33546
33549
33551
33552
33554
33557
33559
33560
33563
33564
33567
33568
33571
33572
33574
33577
33579
33580
33583
33585
33587
33588
33590
33593
33594
33596
33598
33601
33603
33604
33606
33608
33611
33613
33615
33617
33618
33620
33623
33624
33626
33628
33630
33632
33635
33636
33638
33640
33643
33644
33647
33649
33650
33653
33655
33656
33659
33660
33663
33665
33666
33668
33671
33672
33675
33676
33678
33681
33682
33684
33686
33688
33691
33692
33694
33696
33698
33700
33702
33704
33706
33708
33710
33713
33715
33717
33719
33720
33722
33725
33726
33728
33730
33733
33735
33737
33738
33740
33742
33745
33746
33748
33751
33752
33755
33757
33758
33761
33762
33765
33767
33768
33770
33773
33775
33777
33779
33781
33783
33784
33786
33788
33791
33793
33795
33797
33799
33801
33803
33804
33806
33809
33811
33813
33815
33817
33818
33821
33822
33825
33827
33829
33830
33833
33835
33837
33838
33840
33843
33845
33847
33849
33851
33852
33854
33856
33858
33860
33863
33864
33867
33868
33870
33872
33875
33876
33878
33881
33882
33884
33886
33889
33891
33893
33894
33896
33898
33900
33903
33905
33906
33909
33911
33912
33915
33917
33918
33921
33923
33925
33927
33928
33930
33932
33934
33937
33939
33941
33943
33944
33946
33948
33950
33953
33955
33956
33958
33961
33963
33965
33966
33968
33970
33972
33974
33976
33979
33980
33983
33985
33987
33988
33991
33992
33994
33996
33999
34000
34002
34004
34007
34008
34011
34013
34015
34017
34019
34020
34022
34025
34027
34028
34031
34032
34035
34037
34039
34041
34042
34045
34046
34049
34050
34053
34055
34057
34059
34060
34062
34065
34066
34069
34070
34073
34075
34077
34079
34080
34082
34085
34087
34089
34090
34093
34095
34097
34099
34101
34102
34105
34106
34109
34110
34113
34115
34117
34118
34121
34123
34125
34127
34128
34130
34132
34135
34137
34138
34141
34143
34145
34146
34149
34151
34153
34155
34157
34159
34160
34163
34164
34167
34169
34171
34172
34174
34176
34178
34180
34182
34184
34186
34188
34190
34192
34194
34197
34198
34201
34202
34204
34206
34208
34211
34212
34214
34216
34219
34221
34223
34225
34226
34229
34230
34232
34235
34236
34238
34240
34243
34245
34247
34249
34250
34252
34255
34257
34259
34260
34263
34264
34267
34268
34270
34273
34274
34277
34279
34280
34283
34284
34286
34288
34290
34293
34294
34296
34299
34300
34302
34304
34306
34308
34311
34312
34314
34317
34318
34320
34322
34325
34326
34329
34331
34332
34334
34337
34338
34341
34342
34344
34346
34348
34350
34353
34354
34356
34358
34361
34362
34364
34367
34369
34370
34372
34374
34376
34378
34380
34383
34385
34386
34388
34390
34393
34395
34396
34398
34401
34403
34404
34406
34408
34411
34413
34415
34416
34419
34420
34423
34424
34427
34429
34431
34432
34435
34436
34438
34441
34443
34445
34446
34448
34450
34452
34454
34456
34459
34460
34463
34465
34467
34469
34470
34472
34475
34477
34479
34480
34483
34485
34487
34488
34490
34493
34494
34496
34498
34500
34503
34505
34507
34508
34511
34513
34514
34516
34518
34521
34522
34525
34526
34528
34531
34532
34534
34536
34538
34540
34543
34544
34547
34548
34551
34552
34554
34556
34559
34561
34563
34564
34566
34569
34570
34573
34575
34577
34579
34581
34583
34585
34587
34588
34590
34592
34595
34597
34599
34600
34603
34604
34607
34609
34611
34612
34614
34617
34619
34620
34622
34625
34627
34628
34631
34633
34635
34637
34638
34640
34642
34644
34647
34649
34650
34652
34655
34657
34659
34661
34662
34664
34666
34669
34671
34673
34675
34676
34678
34681
34683
34685
34686
34688
34691
34693
34695
34696
34698
34701
34703
34705
34707
34709
34711
34713
34715
34717
34719
34721
34723
34724
34727
34729
34730
34733
34735
34736
34738
34741
34742
34745
34747
34748
34751
34752
34754
34757
34758
34761
34763
34765
34767
34768
34770
34773
34775
34777
34778
34781
34782
34784
34787
34788
34790
34792
34795
34797
34798
34801
34803
34805
34807
34809
34810
34812
34814
34816
34819
34821
34822
34825
34826
34828
34831
34833
34835
34837
34839
34841
34843
34844
34847
34849
34851
34852
34854
34856
34859
34860
34863
34864
34867
34869
34870
34873
34875
34877
34879
34880
34883
34885
34887
34888
34890
34892
34894
34897
34899
34901
34903
34905
34906
34909
34910
34912
34915
34917
34918
34920
34922
34924
34927
34929
34931
34932
34934
34936
34939
34941
34942
34945
34947
34949
34951
34952
34954
34956
34958
34960
34963
34964
34966
34969
34970
34973
34975
34976
34978
34980
34982
34984
34987
34988
34990
34993
34994
34997
34999
35000
35002
35005
35007
35008
35010
35012
35015
35017
35019
35021
35023
35025
35027
35028
35031
35033
35035
35036
35039
35041
35043
35045
35047
35048
35050
35052
35054
35056
35059
35061
35063
35065
35067
35069
35070
35073
35074
35076
35078
35080
35082
35084
35087
35088
35090
35092
35094
35096
35099
35101
35103
35105
35107
35108
35111
35112
35115
35116
35118
35121
35122
35124
35127
35128
35131
35133
35135
35136
35138
35141
35142
35145
35146
35149
35150
35153
35155
35157
35158
35160
35163
35165
35166
35169
35170
35173
35175
35176
35179
35180
35182
35185
35187
35189
35191
35192
35195
35197
35198
35201
35203
35204
35206
35208
35210
35213
35214
35216
35218
35221
35222
35224
35226
35229
35231
35233
35234
35237
35239
35240
35242
35245
35247
35248
35251
35253
35254
35257
35259
35261
35262
35264
35267
35268
35271
35273
35274
35277
35279
35280
35282
35284
35287
35288
35291
35293
35295
35297
35298
35301
35303
35305
35306
35308
35310
35313
35315
35317
35319
35320
35323
35324
35326
35328
35331
35332
35334
35336
35338
35341
35342
35344
35347
35349
35351
35353
35355
35356
35359
35360
35362
35364
35367
35368
35370
35373
35375
35377
35378
35381
35383
35384
35387
35388
35390
35393
35395
35397
35399
35400
35403
35404
35407
35408
35411
35413
35415
35416
35418
35421
35423
35424
35427
35429
35431
35433
35435
35437
35439
35440
35443
35444
35447
35448
35451
35452
35454
35456
35458
35460
35463
35465
35466
35468
35470
35473
35475
35477
35478
35480
35483
35484
35487
35489
35490
35492
35494
35497
35498
35501
35502
35504
35507
35508
35511
35512
35515
35517
35518
35521
35523
35524
35526
35528
35531
35533
35535
35536
35539
35541
35542
35544
35546
35549
35551
35553
35554
35556
35559
35561
35563
35565
35567
35569
35571
35572
35574
35576
35578
35581
35582
35584
35587
35588
35591
35592
35594
35597
35598
35600
35602
35604
35607
35608
35610
35612
35615
35617
35618
35621
35622
35625
35627
35629
35631
35632
35635
35636
35639
35641
35643
35644
35646
35648
35650
35652
35655
35657
35659
35660
35662
35665
35666
35668
35670
35672
35675
35676
35678
35681
35683
35684
35686
35689
35690
35693
35694
35696
35698
35700
35703
35704
35706
35709
35711
35712
35714
35717
35719
35721
35723
35725
35726
35729
35730
35732
35734
35736
35738
35740
35742
35745
35747
35748
35750
35753
35755
35757
35759
35761
35763
35765
35766
35768
35770
35772
35775
35776
35778
35781
35783
35784
35786
35788
35791
35792
35795
35797
35799
35800
35802
35804
35806
35809
35811
35813
35814
35817
35819
35820
35823
35825
35827
35828
35830
35833
35835
35837
35839
35841
35842
35845
35847
35849
35851
35852
35855
35857
35859
35860
35863
35864
35866
35868
35870
35873
35874
35877
35878
35880
35882
35884
35887
35888
35890
35892
35894
35897
35899
35900
35902
35904
35906
35908
35910
35913
35915
35916
35919
35921
35922
35924
35926
35928
35930
35932
35935
35937
35938
35941
35942
35944
35946
35949
35951
35953
35954
35956
35958
35961
35963
35964
35966
35969
35970
35972
35974
35976
35979
35980
35983
35985
35986
35988
35990
35993
35995
35997
35998
36000
36003
36004
36006
36009
36011
36012
36014
36017
36018
36021
36022
36024
36027
36028
36030
36032
36035
36036
36039
36041
36043
36044
36047
36049
36051
36053
36055
36056
36059
36061
36063
36064
36066
36068
36071
36073
36074
36076
36079
36081
36083
36084
36086
36089
36091
36092
36094
36096
36099
36101
36102
36104
36106
36108
36110
36113
36115
36116
36119
36120
36123
36124
36126
36129
36131
36132
36134
36137
36139
36141
36142
36144
36146
36148
36150
36153
36155
36157
36159
36161
36163
36164
36166
36169
36170
36173
36175
36177
36178
36181
36182
36185
36186
36188
36190
36192
36194
36197
36198
36200
36203
36204
36206
36209
36210
36213
36214
36216
36219
36221
36223
36225
36227
36229
36230
36233
36235
36237
36239
36241
36242
36245
36246
36248
36250
36253
36254
36256
36258
36260
36263
36264
36267
36268
36270
36273
36274
36276
36279
36280
36283
36285
36286
36289
36290
36293
36295
36297
36299
36300
36302
36304
36306
36308
36310
36312
36314
36316
36318
36320
36322
36325
36327
36328
36330
36333
36334
36337
36338
36340
36342
36345
36346
36349
36351
36353
36354
36356
36359
36361
36362
36364
36367
36369
36370
36372
36375
36376
36378
36380
36383
36385
36387
36388
36391
36392
36394
36397
36399
36401
36402
36404
36407
36408
36411
36413
36415
36416
36419
36420
36422
36424
36427
36428
36431
36433
36435
36436
36438
36440
36443
36445
36446
36448
36451
36453
36455
36457
36458
36461
36463
36465
36466
36468
36471
36473
36474
36477
36479
36481
36482
36485
36486
36489
36490
36493
36494
36497
36498
36500
36503
36504
36506
36509
36510
36512
36514
36516
36518
36521
36523
36525
36526
36528
36531
36532
36535
36536
36538
36541
36543
36545
36547
36549
36550
36553
36555
36556
36558
36560
36563
36565
36567
36568
36570
36573
36574
36577
36579
36581
36582
36584
36586
36589
36591
36592
36594
36596
36598
36601
36603
36605
36606
36609
36611
36612
36615
36616
36619
36621
36622
36625
36627
36628
36630
36633
36635
36636
36638
36641
36642
36644
36646
36649
36650
36652
36654
36656
36659
36661
36663
36664
36667
36669
36671
36673
36674
36676
36679
36681
36683
36684
36686
36689
36691
36693
36694
36696
36698
36700
36703
36705
36706
36708
36710
36712
36715
36717
36719
36721
36722
36725
36726
36729
36731
36733
36734
36737
36739
36741
36743
36745
36747
36748
36751
36753
36755
36757
36758
36761
36763
36765
36767
36769
36770
36773
36775
36777
36778
36780
36782
36784
36787
36789
36791
36793
36795
36797
36799
36800
36803
36804
36806
36808
36810
36812
36815
36817
36819
36821
36823
36825
36826
36829
36830
36833
36835
36837
36839
36840
36842
36844
36846
36848
36851
36853
36854
36856
36858
36860
36862
36864
36867
36869
36870
36873
36874
36877
36879
36880
36882
36884
36886
36889
36890
36893
36895
36897
36898
36901
36903
36904
36907
36908
36910
36913
36914
36917
36918
36920
36923
36925
36927
36929
36931
36933
36934
36936
36938
36941
36942
36944
36947
36949
36950
36952
36954
36956
36959
36961
36962
36964
36967
36969
36971
36972
36974
36977
36979
36981
36982
36985
36986
36989
36991
36993
36994
36996
36999
37000
37003
37005
37006
37008
37011
37012
37015
37017
37018
37020
37023
37024
37027
37028
37031
37032
37035
37036
37039
37040
37042
37044
37046
37049
37051
37052
37054
37056
37059
37060
37062
37065
37066
37068
37070
37072
37074
37076
37079
37080
37082
37084
37086
37088
37091
37092
37094
37096
37098
37101
37103
37104
37106
37108
37111
37113
37115
37116
37119
37120
37122
37124
37126
37128
37131
37133
37134
37136
37139
37141
37143
37144
37146
37148
37151
37153
37155
37156
37158
37160
37163
37164
37166
37169
37171
37173
37175
37176
37179
37181
37183
37185
37187
37189
37190
37192
37194
37197
37199
37200
37202
37205
37206
37208
37210
37213
37214
37216
37218
37220
37222
37224
37227
37228
37231
37232
37235
37236
37239
37240
37243
37245
37246
37249
37251
37253
37254
37256
37258
37260
37263
37265
37266
37269
37270
37273
37274
37277
37278
37280
37283
37284
37286
37288
37291
37292
37295
37296
37298
37300
37303
37304
37306
37308
37310
37313
37314
37316
37319
37321
37322
37325
37327
37329
37331
37333
37335
37336
37339
37341
37342
37345
37347
37349
37350
37352
37354
37357
37359
37361
37362
37364
37366
37368
37370
37373
37375
37376
37379
37381
37382
37384
37386
37388
37391
37393
37394
37397
37399
37401
37403
37405
37407
37409
37411
37412
37415
37416
37419
37420
37423
37425
37426
37428
37430
37432
37434
37436
37438
37440
37442
37445
37446
37448
37451
37452
37454
37457
37459
37461
37463
37464
37467
37468
37471
37473
37475
37477
37479
37480
37483
37485
37486
37488
37491
37492
37494
37497
37498
37501
37503
37505
37506
37508
37511
37513
37514
37517
37519
37520
37523
37525
37527
37528
37531
37532
37534
37536
37538
37540
37542
37545
37546
37549
37550
37553
37555
37556
37558
37560
37562
37565
37567
37569
37571
37573
37575
37576
37579
37581
37582
37584
37587
37588
37590
37593
37595
37597
37598
37600
37602
37604
37606
37608
37611
37613
37614
37616
37619
37621
37622
37624
37627
37629
37631
37633
37635
37636
37638
37640
37642
37645
37646
37648
37651
37652
37654
37656
37659
37660
37662
37664
37667
37669
37671
37672
37674
37676
37678
37681
37683
37684
37687
37688
37691
37692
37694
37697
37699
37700
37702
37704
37706
37709
37711
37712
37714
37716
37718
37720
37723
37725
37726
37729
37730
37733
37734
37737
37739
37740
37742
37744
37746
37749
37751
37752
37754
37757
37759
37761
37763
37764
37767
37769
37771
37773
37775
37776
37778
37780
37783
37784
37787
37789
37790
37793
37794
37797
37799
37801
37803
37805
37806
37809
37811
37812
37815
37817
37819
37821
37823
37825
37826
37828
37831
37832
37834
37836
37838
37841
37842
37844
37847
37849
37850
37853
37855
37857
37858
37860
37863
37865
37866
37869
37871
37873
37874
37876
37878
37881
37882
37885
37887
37889
37890
37893
37895
37896
37899
37900
37903
37905
37906
37909
37910
37912
37914
37916
37919
37921
37922
37924
37926
37928
37931
37933
37934
37936
37939
37940
37942
37945
37946
37949
37950
37952
37954
37957
37959
37960
37963
37965
37966
37968
37970
37972
37974
37976
37978
37981
37983
37985
37987
37988
37990
37993
37995
37996
37998
38001
38002
38005
38007
38009
38011
38013
38014
38016
38018
38020
38023
38025
38027
38028
38031
38032
38035
38036
38038
38041
38043
38044
38047
38049
38050
38053
38055
38057
38059
38060
38063
38065
38067
38069
38071
38073
38075
38076
38078
38081
38082
38085
38086
38089
38091
38093
38095
38097
38098
38101
38103
38105
38106
38108
38111
38112
38114
38117
38119
38120
38122
38125
38127
38128
38130
38133
38134
38136
38138
38141
38143
38145
38147
38149
38150
38152
38155
38156
38158
38161
38162
38165
38166
38168
38170
38172
38174
38176
38178
38181
38183
38185
38186
38189
38191
38192
38194
38197
38199
38201
38202
38205
38206
38208
38211
38213
38214
38217
38219
38221
38222
38225
38226
38228
38231
38233
38235
38237
38239
38241
38242
38244
38246
38248
38250
38252
38255
38256
38259
38260
38263
38264
38267
38269
38270
38272
38274
38277
38279
38281
38283
38285
38286
38288
38291
38292
38294
38297
38299
38300
38303
38304
38307
38309
38311
38312
38315
38316
38319
38321
38323
38325
38327
38329
38331
38333
38335
38337
38338
38341
38342
38345
38346
38348
38351
38353
38355
38357
38358
38360
38362
38364
38366
38369
38370
38373
38374
38377
38379
38381
38382
38384
38386
38388
38390
38392
38395
38397
38398
38401
38403
38405
38406
38409
38411
38412
38415
38416
38419
38421
38423
38424
38426
38429
38431
38433
38435
38437
38439
38440
38442
38444
38446
38448
38450
38453
38454
38456
38459
38461
38463
38464
38467
38468
38470
38472
38475
38477
38478
38481
38483
38485
38487
38488
38490
38492
38494
38497
38499
38501
38503
38505
38507
38509
38510
38513
38514
38516
38518
38521
38522
38524
38526
38528
38531
38533
38534
38536
38538
38541
38543
38544
38546
38549
38551
38552
38554
38556
38558
38561
38563
38564
38567
38569
38571
38572
38575
38577
38579
38580
38583
38585
38586
38588
38591
38593
38594
38597
38599
38600
38602
38604
38607
38609
38611
38613
38614
38617
38618
38620
38622
38624
38627
38628
38631
38632
38634
38636
38639
38641
38642
38644
38647
38648
38651
38652
38654
38657
38658
38660
38662
38664
38666
38668
38671
38673
38675
38676
38678
38681
38683
38685
38687
38689
38690
38692
38694
38697
38698
38700
38703
38705
38707
38708
38710
38713
38714
38716
38719
38720
38723
38725
38727
38729
38730
38733
38735
38737
38739
38741
38742
38745
38747
38748
38751
38753
38755
38757
38759
38760
38762
38765
38767
38768
38771
38772
38774
38776
38779
38781
38782
38785
38787
38789
38790
38793
38795
38797
38799
38801
38803
38804
38806
38809
38811
38812
38814
38817
38819
38820
38822
38824
38827
38829
38831
38832
38834
38837
38838
38840
38843
38845
38846
38849
38850
38853
38855
38856
38859
38860
38862
38865
38867
38868
38870
38872
38874
38877
38879
38880
38882
38885
38886
38888
38891
38892
38895
38897
38898
38901
38903
38904
38907
38908
38911
38913
38914
38917
38918
38921
38922
38925
38927
38929
38931
38933
38935
38937
38939
38941
38943
38944
38947
38949
38950
38953
38955
38956
38958
38960
38963
38965
38966
38968
38971
38973
38974
38976
38978
38980
38983
38984
38987
38988
38990
38992
38994
38996
38998
39000
39003
39005
39006
39008
39010
39012
39015
39016
39018
39020
39022
39024
39026
39029
39031
39033
39035
39036
39039
39040
39043
39044
39046
39049
39051
39053
39054
39057
39058
39060
39062
39065
39066
39068
39071
39072
39075
39077
39078
39081
39083
39085
39086
39089
39091
39092
39095
39096
39098
39101
39103
39105
39107
39109
39111
39112
39114
39117
39119
39120
39122
39125
39127
39129
39131
39133
39135
39136
39139
39141
39142
39145
39146
39149
39150
39152
39154
39157
39158
39161
39162
39164
39167
39168
39171
39173
39174
39176
39178
39181
39183
39184
39187
39188
39190
39193
39195
39196
39199
39200
39202
39205
39207
39208
39211
39213
39214
39217
39219
39220
39222
39224
39226
39228
39230
39233
39235
39236
39238
39240
39242
39245
39246
39249
39251
39253
39255
39257
39259
39261
39262
39265
39267
39268
39271
39272
39274
39276
39278
39281
39283
39285
39287
39288
39290
39292
39294
39296
39299
39300
39302
39304
39307
39309
39310
39312
39314
39317
39319
39321
39323
39324
39326
39329
39331
39332
39334
39337
39339
39340
39342
39345
39346
39349
39350
39352
39354
39357
39359
39361
39362
39365
39366
39368
39370
39373
39375
39377
39378
39380
39383
39384
39386
39388
39391
39393
39394
39397
39399
39400
39403
39405
39407
39408
39411
39413
39415
39417
39419
39421
39423
39425
39426
39429
39430
39432
39434
39437
39438
39440
39442
39444
39446
39449
39451
39453
39454
39457
39458
39461
39462
39465
39467
39468
39471
39473
39475
39476
39478
39480
39483
39485
39486
39489
39491
39493
39494
39496
39498
39501
39502
39504
39506
39509
39510
39512
39515
39516
39518
39520
39523
39524
39526
39529
39530
39532
39535
39536
39538
39541
39543
39544
39546
39548
39550
39552
39555
39556
39559
39560
39563
39565
39566
39568
39571
39572
39574
39577
39579
39581
39583
39585
39586
39589
39591
39592
39595
39597
39598
39600
39603
39605
39606
39609
39610
39613
39614
39617
39618
39620
39622
39625
39627
39628
39630
39633
39635
39636
39638
39640
39642
39644
39646
39648
39651
39653
39655
39657
39659
39661
39662
39665
39666
39668
39670
39673
39675
39677
39679
39681
39683
39684
39686
39689
39691
39693
39694
39697
39699
39700
39702
39705
39707
39708
39711
39712
39715
39717
39718
39720
39723
39725
39727
39728
39730
39733
39734
39737
39739
39741
39743
39744
39746
39749
39751
39753
39755
39756
39758
39760
39762
39764
39767
39769
39770
39773
39775
39776
39778
39781
39783
39785
39787
39788
39791
39792
39794
39796
39798
39800
39803
39804
39807
39808
39810
39812
39814
39816
39819
39821
39823
39824
39826
39829
39830
39833
39835
39837
39838
39840
39842
39844
39847
39849
39851
39852
39854
39856
39858
39860
39862
39865
39867
39868
39871
39872
39874
39877
39878
39880
39883
39884
39886
39888
39890
39893
39895
39896
39899
39901
39903
39904
39906
39909
39910
39912
39915
39916
39918
39921
39923
39924
39927
39928
39930
39933
39934
39937
39939
39941
39942
39945
39947
39949
39950
39952
39955
39956
39958
39961
39963
39965
39966
39969
39970
39972
39975
39977
39979
39981
39983
39985
39986
39988
39990
39993
39995
39997
39999
40000
40003
40004
40007
40009
40010
40012
40014
40016
40019
40020
40023
40025
40026
40028
40031
40032
40034
40037
40039
40041
40042
40044
40047
40049
40051
40053
40055
40056
40058
40060
40062
40064
40067
40068
40070
40072
40075
40077
40079
40081
40083
40085
40087
40088
40091
40093
40095
40097
40099
40101
40103
40105
40106
40109
40110
40113
40114
40117
40118
40120
40122
40124
40126
40128
40130
40133
40134
40136
40139
40140
40143
40144
40146
40148
40151
40152
40154
40156
40158
40160
40163
40164
40166
40169
40170
40172
40174
40177
40179
40181
40182
40185
40187
40188
40190
40192
40195
40196
40198
40201
40202
40205
40207
40208
40210
40213
40214
40217
40219
40220
40223
40225
40227
40229
40231
40232
40234
40236
40238
40241
40242
40244
40247
40248
40250
40252
40255
40257
40258
40260
40263
40265
40267
40268
40270
40273
40275
40276
40278
40280
40283
40285
40287
40288
40290
40293
40294
40297
40298
40301
40302
40304
40306
40308
40311
40312
40315
40317
40318
40321
40323
40324
40326
40329
40331
40332
40335
40337
40339
40340
40342
40344
40346
40348
40351
40353
40354
40356
40358
40361
40362
40364
40366
40369
40371
40372
40374
40377
40379
40381
40382
40384
40386
40388
40391
40392
40395
40397
40398
40400
40402
40404
40406
40408
40411
40413
40414
40416
40418
40421
40423
40425
40426
40429
40430
40432
40435
40437
40439
40441
40442
40445
40446
40449
40451
40453
40454
40456
40459
40460
40463
40464
40467
40469
40471
40473
40474
40477
40478
40480
40483
40484
40486
40488
40491
40493
40495
40497
40499
40500
40503
40504
40507
40509
40510
40513
40515
40516
40518
40520
40522
40525
40527
40529
40530
40533
40534
40537
40538
40540
40542
40544
40547
40548
40550
40552
40554
40557
40559
40560
40562
40564
40567
40569
40571
40573
40574
40577
40578
40580
40582
40584
40586
40588
40590
40593
40595
40597
40599
40600
40603
40605
40606
40609
40611
40612
40614
40616
40618
40620
40623
40624
40627
40629
40631
40632
40635
40636
40638
40640
40642
40644
40647
40649
40650
40653
40655
40657
40658
40661
40662
40664
40667
40669
40670
40673
40674
40676
40679
40680
40683
40685
40686
40689
40691
40692
40694
40696
40699
40700
40702
40705
40707
40708
40710
40712
40715
40716
40719
40721
40722
40725
40727
40729
40731
40732
40735
40737
40738
40741
40742
40745
40746
40749
40751
40753
40755
40757
40758
40761
40763
40764
40767
40768
40770
40773
40775
40777
40779
40780
40782
40784
40786
40788
40790
40792
40795
40797
40798
40800
40803
40804
40807
40809
40810
40812
40815
40816
40818
40821
40822
40825
40827
40829
40830
40832
40834
40836
40839
40840
40842
40845
40847
40849
40850
40852
40854
40857
40858
40861
40862
40865
40867
40869
40871
40873
40875
40876
40879
40881
40882
40885
40887
40889
40891
40893
40895
40896
40898
40901
40902
40905
40907
40908
40911
40913
40914
40916
40918
40921
40923
40925
40926
40928
40930
40932
40935
40937
40939
40940
40943
40945
40947
40948
40950
40952
40954
40956
40959
40960
40962
40964
40966
40968
40971
40973
40974
40977
40978
40980
40982
40984
40986
40988
40991
40992
40994
40997
40999
41001
41002
41004
41006
41009
41010
41013
41014
41016
41019
41021
41022
41024
41027
41028
41031
41032
41034
41036
41039
41041
41042
41044
41046
41048
41051
41052
41054
41057
41059
41061
41063
41064
41067
41068
41070
41072
41074
41077
41078
41080
41083
41085
41086
41089
41090
41093
41095
41096
41099
41100
41103
41105
41106
41108
41111
41112
41114
41117
41118
41120
41122
41124
41126
41128
41131
41133
41134
41137
41139
41141
41143
41144
41147
41149
41151
41152
41155
41157
41159
41160
41162
41165
41166
41169
41170
41173
41174
41176
41178
41180
41183
41185
41186
41189
41190
41192
41195
41197
41199
41200
41203
41204
41206
41208
41210
41212
41215
41216
41218
41221
41223
41225
41226
41228
41230
41233
41235
41237
41238
41240
41243
41245
41247
41248
41251
41252
41254
41256
41259
41260
41263
41264
41267
41269
41270
41272
41274
41277
41279
41281
41282
41284
41286
41289
41290
41292
41295
41296
41299
41301
41303
41304
41307
41309
41310
41313
41315
41317
41318
41320
41323
41325
41326
41329
41330
41332
41335
41336
41338
41341
41343
41345
41347
41349
41350
41352
41354
41356
41358
41361
41363
41365
41367
41368
41370
41372
41374
41376
41378
41381
41383
41384
41386
41389
41390
41392
41395
41396
41399
41401
41403
41405
41407
41409
41411
41413
41415
41417
41418
41420
41423
41424
41426
41429
41431
41432
41435
41437
41439
41441
41442
41445
41447
41449
41450
41453
41454
41457
41459
41460
41462
41465
41467
41468
41470
41473
41475
41476
41479
41481
41483
41485
41487
41488
41490
41493
41494
41497
41498
41500
41503
41504
41506
41508
41510
41512
41515
41516
41519
41521
41523
41525
41526
41529
41531
41533
41534
41537
41539
41541
41542
41544
41546
41549
41551
41552
41555
41556
41558
41561
41562
41565
41567
41568
41570
41572
41574
41576
41579
41580
41583
41585
41586
41589
41590
41593
41595
41596
41599
41600
41603
41605
41606
41609
41610
41613
41615
41617
41619
41620
41623
41625
41626
41628
41631
41632
41635
41636
41638
41640
41643
41644
41646
41648
41650
41652
41655
41657
41658
41660
41663
41665
41667
41668
41670
41673
41674
41676
41678
41680
41682
41685
41687
41688
41691
41692
41695
41697
41698
41700
41703
41704
41707
41708
41711
41713
41715
41716
41718
41720
41722
41724
41727
41729
41730
41733
41735
41736
41739
41741
41742
41744
41746
41749
41751
41752
41755
41756
41758
41761
41763
41765
41767
41768
41770
41773
41775
41776
41779
41780
41783
41784
41787
41788
41790
41793
41795
41797
41799
41801
41803
41804
41806
41808
41811
41813
41814
41816
41819
41821
41822
41824
41826
41829
41831
41833
41834
41836
41839
41840
41843
41844
41847
41849
41850
41853
41855
41857
41858
41860
41863
41864
41866
41868
41870
41873
41874
41876
41879
41880
41883
41885
41886
41888
41890
41892
41894
41897
41899
41900
41903
41904
41907
41908
41910
41913
41915
41917
41918
41920
41922
41924
41926
41928
41930
41933
41935
41936
41938
41940
41943
41945
41947
41948
41951
41952
41954
41957
41958
41961
41962
41965
41967
41969
41971
41973
41974
41976
41978
41980
41982
41985
41986
41988
41990
41993
41995
41997
41999
42001
42002
42004
42006
42009
42010
42013
42014
42017
42018
42020
42022
42024
42027
42029
42030
42033
42035
42036
42039
42040
42042
42044
42047
42049
42051
42053
42054
42057
42059
42061
42063
42064
42066
42068
42071
42072
42074
42077
42079
42081
42082
42085
42086
42088
42090
42092
42094
42096
42098
42100
42102
42104
42106
42109
42111
42113
42114
42116
42119
42121
42122
42125
42127
42129
42130
42133
42134
42136
42139
42141
42143
42145
42146
42149
42151
42153
42155
42157
42158
42161
42162
42165
42166
42168
42171
42172
42174
42176
42178
42180
42182
42185
42187
42189
42190
42192
42194
42196
42198
42201
42203
42205
42207
42208
42211
42213
42215
42217
42219
42221
42223
42225
42227
42228
42230
42232
42235
42236
42238
42240
42242
42245
42247
42248
42251
42253
42254
42257
42259
42261
42263
42264
42267
42269
42271
42272
42274
42277
42279
42280
42283
42284
42286
42288
42290
42293
42294
42297
42299
42301
42302
42304
42307
42308
42310
42313
42315
42317
42318
42320
42323
42325
42327
42329
42331
42332
42335
42336
42339
42341
42343
42344
42346
42348
42351
42353
42355
42357
42358
42360
42362
42364
42367
42369
42371
42372
42374
42376
42379
42380
42382
42385
42387
42389
42391
42392
42394
42396
42398
42401
42403
42405
42407
42409
42410
42412
42415
42416
42419
42420
42423
42425
42427
42429
42430
42432
42435
42436
42439
42441
42443
42445
42446
42448
42450
42453
42454
42456
42458
42460
42463
42465
42467
42469
42470
42472
42474
42476
42478
42481
42483
42484
42486
42488
42490
42492
42495
42496
42499
42500
42503
42505
42507
42509
42510
42513
42514
42516
42519
42520
42523
42525
42526
42529
42531
42532
42534
42537
42539
42540
42543
42544
42547
42549
42551
42552
42555
42556
42558
42561
42562
42564
42567
42568
42570
42573
42574
42577
42578
42581
42583
42584
42586
42588
42590
42592
42594
42597
42598
42601
42602
42605
42607
42608
42611
42612
42615
42617
42619
42620
42623
42625
42627
42629
42630
42632
42635
42637
42639
42641
42643
42644
42647
42648
42651
42653
42655
42656
42659
42660
42662
42665
42666
42668
42671
42673
42675
42677
42679
42681
42683
42684
42686
42689
42691
42693
42694
42696
42699
42700
42703
42705
42706
42709
42710
42712
42714
42716
42719
42721
42722
42725
42726
42729
42730
42732
42735
42737
42739
42741
42742
42745
42747
42748
42751
42752
42754
42757
42758
42761
42762
42765
42766
42769
42771
42773
42774
42777
42778
42780
42782
42785
42787
42788
42790
42793
42795
42797
42799
42801
42802
42805
42806
42809
42810
42812
42814
42816
42819
42821
42822
42825
42827
42829
42831
42833
42834
42836
42838
42840
42843
42845
42846
42848
42851
42853
42854
42857
42859
42861
42863
42865
42867
42868
42871
42873
42875
42877
42878
42880
42883
42885
42886
42889
42891
42893
42894
42896
42899
42901
42902
42904
42906
42908
42910
42912
42914
42916
42918
42920
42922
42925
42927
42928
42931
42932
42934
42936
42938
42941
42942
42945
42946
42949
42951
42953
42954
42956
42959
42960
42962
42965
42966
42969
42970
42972
42975
42976
42978
42981
42983
42985
42986
42989
42991
42992
42995
42997
42998
43001
43003
43005
43006
43008
43011
43013
43015
43016
43018
43020
43022
43024
43026
43029
43030
43032
43034
43037
43039
43041
43042
43045
43047
43049
43050
43052
43054
43057
43058
43060
43063
43064
43066
43068
43071
43072
43075
43077
43078
43081
43083
43085
43086
43088
43091
43093
43094
43097
43098
43101
43102
43104
43106
43109
43111
43112
43114
43117
43119
43120
43122
43124
43126
43128
43130
43132
43134
43136
43138
43140
43143
43144
43146
43149
43151
43153
43154
43157
43158
43160
43163
43164
43167
43169
43170
43173
43174
43177
43178
43181
43183
43184
43186
43189
43190
43192
43195
43196
43199
43201
43203
43205
43206
43209
43211
43213
43214
43217
43219
43220
43222
43225
43226
43229
43231
43233
43234
43237
43239
43240
43242
43244
43246
43249
43251
43253
43254
43257
43258
43260
43262
43265
43267
43269
43270
43272
43274
43277
43278
43281
43282
43284
43287
43288
43290
43292
43294
43296
43299
43301
43302
43304
43306
43309
43311
43313
43314
43317
43319
43321
43323
43325
43326
43329
43330
43333
43335
43336
43338
43340
43343
43345
43347
43349
43350
43352
43354
43356
43358
43360
43362
43365
43366
43369
43370
43373
43375
43376
43378
43380
43383
43384
43386
43389
43391
43393
43394
43396
43399
43400
43402
43405
43407
43408
43410
43413
43415
43417
43418
43421
43422
43425
43427
43428
43431
43433
43434
43436
43438
43441
43443
43445
43446
43448
43451
43453
43455
43457
43458
43460
43462
43464
43467
43468
43471
43472
43475
43476
43478
43481
43483
43484
43487
43489
43490
43492
43495
43496
43498
43500
43503
43505
43506
43509
43511
43512
43514
43516
43519
43520
43523
43525
43526
43528
43530
43532
43535
43536
43539
43541
43543
43545
43546
43548
43551
43553
43555
43556
43559
43560
43563
43564
43566
43569
43571
43572
43574
43576
43579
43580
43583
43584
43587
43589
43591
43593
43594
43596
43598
43600
43602
43605
43606
43609
43610
43613
43614
43617
43619
43620
43623
43625
43626
43628
43631
43633
43635
43637
43639
43640
43642
43644
43647
43649
43651
43652
43655
43657
43658
43661
43663
43664
43667
43668
43671
43673
43674
43677
43678
43680
43683
43684
43686
43689
43691
43693
43694
43696
43699
43700
43702
43704
43707
43709
43710
43712
43715
43716
43718
43720
43723
43725
43727
43729
43730
43732
43735
43736
43739
43741
43743
43744
43746
43749
43751
43753
43754
43756
43758
43760
43762
43765
43767
43768
43770
43772
43775
43776
43779
43781
43783
43784
43786
43789
43791
43792
43794
43797
43799
43800
43802
43804
43807
43809
43810
43812
43814
43816
43818
43820
43823
43825
43826
43829
43830
43833
43835
43837
43839
43840
43843
43845
43846
43848
43851
43853
43854
43857
43859
43861
43862
43864
43867
43869
43870
43873
43875
43876
43879
43881
43883
43884
43886
43888
43890
43893
43895
43897
43898
43900
43903
43904
43907
43908
43910
43912
43914
43916
43919
43921
43922
43924
43926
43928
43931
43932
43935
43936
43938
43940
43943
43945
43946
43948
43951
43953
43954
43956
43959
43960
43962
43964
43966
43968
43971
43973
43974
43977
43978
43981
43982
43984
43986
43989
43990
43993
43994
43997
43998
44000
44003
44005
44006
44008
11241
11242
11243
11244
11245
11246
11247
11248
11249
11250
11251
11252
11253
11254
11255
11256
11257
11258
11259
11260
11261
11262
11263
11264
11265
11266
11267
11268
11269
11270
11271
11272
11273
11274
11275
11276
11277
11278
11279
11280
11281
11282
11283
11284
11285
11286
11287
11288
11289
11290
11291
11292
11293
11294
11295
11296
11297
11298
11299
11300
11301
11302
11303
44065
44067
44068
44070
44073
44075
44077
44079
44081
44083
44084
44087
44089
44091
44093
44095
44096
44099
44100
44103
44104
44107
44109
44110
44112
44115
44117
44118
44121
44123
44125
44126
44129
44130
44133
44134
44137
44138
44141
44142
44145
44147
44148
44151
44152
44155
44156
44159
44161
44163
44165
44166
44169
44171
44172
44174
44177
44179
44180
44182
44185
44187
44189
44190
44193
44195
44197
44199
44200
44203
44205
44206
44209
44211
44213
44214
44216
44219
44221
44222
44225
44226
44228
44230
44233
44234
44236
44238
44240
44242
44244
44246
44249
44251
44253
44254
44256
44258
44260
44263
44264
44266
44269
44271
44272
44275
44277
44279
44281
44282
44284
44287
44289
44291
44293
44294
44297
44299
44300
44303
44305
44307
44309
44310
44313
44314
44317
44318
44320
44323
44325
44326
44328
44330
44332
44335
44337
44339
44341
44343
44344
44346
44348
44350
44352
44355
44356
44358
44361
44363
44365
44366
44369
44370
44373
44375
44376
44379
44381
44382
44385
44386
44389
44391
44393
44395
44396
44399
44401
44403
44404
44406
44408
44411
44412
44414
44417
44419
44421
44422
44425
44427
44428
44430
44432
44434
44436
44439
44440
44442
44444
44446
44449
44451
44453
44454
44456
44458
44460
44463
44465
44466
44469
44470
44472
44475
44477
44478
44480
44483
44485
44487
44489
44490
44492
44494
44497
44499
44500
44503
44504
44507
44508
44510
44513
44515
44516
44519
44521
44522
44525
44526
44529
44531
44532
44534
44536
44539
44541
44542
44544
44546
44549
44551
44552
44555
44556
44559
44560
44563
44565
44567
44569
44571
44573
44575
44576
44578
44580
44583
44584
44586
44588
44591
44592
44595
44597
44599
44600
44603
44605
44607
44609
44611
44613
44615
44617
44619
44621
44623
44625
44626
44629
44631
44632
44635
44636
44638
44641
44643
44645
44646
44648
44650
44653
44654
44657
44658
44661
44663
44664
44666
44668
44671
44673
44675
44677
44678
44681
44682
44685
44686
44689
44691
44692
44694
44697
44698
44700
44703
44705
44706
44708
44710
44712
44715
44716
44718
44721
44723
44724
44726
44728
44730
44733
44735
44736
44739
44740
44742
44744
44747
44749
44751
44753
44754
44756
44758
44761
44762
44765
44766
44768
44770
44772
44775
44776
44778
44780
44783
44785
44786
44789
44790
44792
44795
44796
44799
44800
44803
44805
44806
44809
44810
44813
44815
44817
44818
44821
44823
44824
44827
44828
44831
44832
44835
44836
44839
44840
44843
44844
44847
44848
44850
44852
44855
44856
44859
44861
44863
44865
44867
44868
44871
44873
44875
44877
44879
44880
44882
44884
44886
44888
44891
44892
44895
44896
44899
44900
44903
44904
44906
44909
44910
44912
44914
44916
44918
44920
44922
44924
44927
44928
44931
44933
44935
44936
44938
44940
44942
44945
44947
44948
44951
44952
44955
44957
44959
44960
44963
44965
44967
44968
44970
44973
44975
44977
44978
44981
44982
44985
44987
44988
44991
44993
44994
44996
44999
45000
45003
45004
45007
45009
45011
45012
45014
45016
45019
45020
45022
45025
45027
45029
45030
45032
45034
45036
45038
45040
45042
45044
45046
45048
45051
45053
45055
45057
45059
45060
45062
45064
45067
45069
45071
45073
45074
45077
45079
45080
45082
45084
45087
45089
45091
45093
45095
45096
45099
45101
45102
45105
45106
45108
45111
45113
45114
45116
45118
45121
45123
45124
45126
45128
45130
45132
45134
45136
45138
45140
45143
45145
45146
45148
45150
45153
45154
45156
45158
45160
45162
45165
45167
45169
45171
45172
45175
45176
45179
45180
45182
45184
45186
45189
45190
45192
45194
45197
45199
45201
45202
45204
45207
45208
45210
45213
45215
45216
45218
45221
45223
45225
45227
45229
45230
45233
45235
45237
45239
45240
45242
45244
45246
45248
45251
45252
45255
45257
45259
45261
45262
45265
45266
45268
45270
45272
45275
45276
45279
45281
45282
45284
45287
45289
45290
45292
45295
45296
45299
45300
45302
45304
45306
45308
45311
45313
45314
45317
45318
45321
45322
45325
45327
45328
45331
45332
45334
45336
45339
45341
45342
45345
45346
45348
45351
45353
45355
45357
45359
45361
45362
45364
45366
45368
45370
45373
45375
45376
45378
45381
45382
45384
45386
45388
45390
45392
45395
45396
45399
45401
45403
45404
45407
45409
45410
45413
45414
45417
45418
45421
45423
45424
45427
45428
45430
45432
45434
45436
45439
45440
45442
45444
45447
45448
45450
45452
45454
45456
45458
45461
45462
45464
45467
45468
45470
45472
45474
45476
45479
45480
45482
45484
45487
45489
45491
45493
45495
45496
45499
45500
45503
45504
45507
45509
45510
45513
45514
45516
45518
45520
45522
45524
45527
45529
45530
45532
45534
45536
45539
45540
45542
45545
45546
45549
45551
45552
45554
45557
45558
45561
45562
45565
45567
45569
45571
45572
45574
45577
45579
45581
45583
45584
45587
45588
45590
45592
45594
45596
45598
45601
45603
45605
45607
45608
45611
45612
45614
45617
45619
45621
45622
45625
45626
45629
45631
45632
45635
45636
45638
45640
45642
45644
45647
45649
45651
45653
45655
45657
45659
45660
45662
45664
45667
45668
45670
45673
45675
45676
45678
45680
45683
45685
45687
45688
45691
45692
45695
45696
45698
45700
45703
45704
45706
45709
45711
45712
45715
45717
45719
45721
45723
45725
45726
45728
45730
45732
45734
45736
45739
45740
45742
45744
45746
45749
45751
45752
45755
45756
45759
45761
45763
45764
45767
45769
45770
45772
45774
45776
45779
45780
45782
45785
45786
45788
45790
45792
45794
45797
45799
45801
45802
45804
45806
45809
45811
45813
45814
45816
45819
45821
45822
45825
45826
45828
45830
45832
45834
45836
45839
45841
45842
45845
45847
45848
45850
45852
45855
45856
45858
45860
45863
45865
45866
45869
45871
45872
45875
45877
45879
45880
45883
45885
45887
45889
45890
45893
45895
45897
45899
45901
45902
45905
45907
45908
45911
45913
45915
45916
45919
45920
45923
45925
45927
45928
45931
45932
45934
45937
45938
45941
45942
45945
45946
45948
45950
45953
45955
45956
45959
45960
45963
45964
45967
45969
45970
45973
45974
45976
45978
45981
45983
45984
45987
45989
45990
45992
45994
45996
45998
46000
46003
46005
46006
46008
46010
46012
46015
46016
46018
46021
46023
46025
46027
46029
46030
46032
46035
46037
46039
46041
46042
46045
46047
46048
46050
46052
46055
46057
46059
46061
46062
46065
46067
46068
46070
46073
46075
46077
46079
46080
46083
46084
46086
46089
46090
46092
46094
46097
46098
46101
46102
46105
46106
46109
46110
46113
46114
46116
46118
46121
46123
46125
46127
46128
46131
46132
46135
46137
46139
46141
46143
46145
46146
46149
46150
46153
46154
46157
46159
46161
46162
46164
46166
46168
46170
46173
46175
46176
46178
46180
46182
46184
46187
46188
46190
46192
46195
46197
46198
46201
46202
46205
46206
46208
46210
46213
46215
46217
46218
46220
46222
46224
46226
46229
46230
46232
46235
46237
46239
46241
46242
46244
46246
46248
46250
46253
46254
46256
46259
46260
46263
46264
46266
46269
46270
46273
46275
46277
46278
46281
46282
46284
46287
46288
46290
46292
46295
46296
46299
46300
46303
46304
46307
46308
46311
46312
46315
46317
46318
46320
46323
46325
46326
46328
46330
46332
46335
46336
46338
46340
46343
46344
46346
46348
46350
46353
46354
46357
46359
46361
46363
46364
46367
46369
46371
46372
46374
46376
46378
46381
46382
46384
46386
46389
46390
46392
46395
46396
46399
46401
46402
46404
46407
46409
46410
46412
46414
46417
46419
46420
46422
46424
46427
46428
46430
46432
46435
46436
46438
46440
46442
46445
46446
46448
46451
46453
46454
46457
46458
46460
46462
46464
46467
46469
46471
46472
46474
46477
46478
46480
46482
46484
46486
46488
46491
46492
46495
46496
46499
46501
46502
46504
46507
46508
46511
46512
46514
46516
46519
46521
46522
46525
46527
46528
46530
46532
46534
46537
46539
46541
46542
46545
46546
46548
46550
46553
46554
46557
46558
46560
46563
46565
46567
46569
46571
46573
46575
46576
46579
46581
46583
46584
46586
46589
46590
46593
46594
46597
46598
46601
46602
46605
46606
46609
46610
46612
46615
46617
46618
46620
46623
46625
46626
46628
46630
46632
46634
46636
46638
46641
46643
46644
46646
46649
46650
46652
46655
46657
46659
46661
46663
46665
46666
46669
46671
46673
46674
46676
46678
46681
46683
46685
46687
46688
46690
46693
46694
46697
46699
46700
46703
46705
46706
46708
46710
46713
46715
46716
46718
46721
46722
46725
46726
46729
46730
46733
46735
46736
46739
46740
46743
46744
46747
46749
46751
46753
46754
46757
46759
46760
46763
46764
46766
46768
46770
46773
46775
46777
46779
46781
46783
46784
46786
46789
46791
46792
46795
46797
46798
46801
46803
46805
46806
46808
46810
46813
46815
46816
46818
46820
46822
46825
46827
46828
46831
46832
46834
46837
46839
46840
46842
46844
46847
46849
46851
46853
46855
46856
46859
46861
46863
46864
46866
46868
46870
46872
46874
46877
46878
46880
46882
46885
46886
46889
46891
46892
46894
46896
46898
46901
46903
46904
46906
46909
46910
46913
46915
46917
46919
46921
46923
46924
46927
46928
46931
46932
46935
46937
46938
46941
46942
46945
46947
46948
46950
46952
46954
46957
46959
46960
46963
46965
46967
46968
46970
46973
46975
46977
46978
46981
46983
46985
46987
46988
46990
46993
46995
46996
46998
47001
47003
47005
47007
47008
47011
47012
47015
47017
47019
47021
47022
47024
47026
47028
47030
47033
47035
47036
47038
47040
47043
47045
47047
47049
47051
47052
47054
47057
47059
47061
47063
47064
47066
47069
47071
47073
47075
47077
47079
47081
47083
47084
47087
47088
47090
47092
47095
47096
47099
47101
47102
47104
47107
47109
47110
47113
47115
47116
47119
47121
47123
47124
47126
47129
47131
47132
47134
47137
47139
47140
47143
47145
47147
47149
47151
47152
47154
47157
47158
47161
47163
47165
47167
47168
47170
47172
47174
47177
47179
47180
47182
47185
47187
47189
47191
47192
47194
47197
47199
47201
47203
47205
47207
47208
47210
47212
47214
47216
47218
47221
47222
47225
47226
47229
47230
47233
47234
47237
47239
47240
47243
47244
47246
47248
47251
47253
47254
47257
47259
47261
47263
47265
47266
47269
47270
47273
47274
47276
47279
47280
47283
47285
47287
47288
47291
47293
47294
47296
47298
47300
47303
47305
47307
47309
47311
47312
47314
47317
47318
47321
47322
47324
47327
47328
47331
47333
47335
47336
47339
47340
47342
47344
47347
47348
47350
47352
47355
47357
47358
47361
47363
47365
47367
47368
47371
47372
47374
47377
47378
47381
47383
47385
47387
47389
47391
47393
47395
47397
47398
47401
47403
47404
47407
47409
47410
47412
47415
47417
47418
47420
47423
47425
47426
47429
47430
47433
47435
47436
47438
47441
47443
47445
47446
47448
47450
47453
47454
47456
47459
47460
47463
47464
47466
47468
47471
47472
47474
47476
47478
47480
47483
47484
47486
47488
47491
47493
47494
47496
47498
47500
47502
47505
47506
47508
47511
47512
47514
47517
47519
47521
47523
47524
47526
47529
47531
47533
47534
47537
47538
47540
47542
47545
47547
47549
47550
47553
47554
47557
47558
47560
47562
47564
47566
47568
47570
47572
47575
47576
47578
47581
47583
47585
47587
47588
47590
47592
47595
47597
47599
47600
47603
47605
47606
47609
47611
47613
47614
47616
47618
47620
47623
47624
47627
47629
47630
47632
47634
47636
47638
47641
47642
47645
47646
47649
47650
47652
47654
47657
47658
47660
47663
47664
47667
47669
47670
47673
47675
47676
47678
47681
47683
47684
47687
47688
47691
47693
47695
47696
47699
47700
47702
47704
47707
47708
47710
47712
47715
47717
47719
47720
47722
47724
47726
47729
47730
47733
47735
47737
47739
47741
47743
47745
47747
47748
47750
47752
47755
47757
47759
47760
47763
47765
47767
47769
47770
47773
47774
47776
47778
47780
47783
47785
47787
47789
47790
47793
47794
47797
47799
47800
47803
47805
47806
47809
47810
47813
47814
47817
47818
47820
47822
47824
47827
47829
47831
47832
47835
47836
47838
47840
47843
47844
47847
47848
47851
47853
47855
47857
47859
47860
47862
47865
47866
47868
47871
47873
47875
47877
47878
47880
47882
47885
47886
47888
47891
47892
47895
47896
47898
47901
47903
47904
47906
47908
47910
47912
47915
47916
47918
47920
47923
47925
47926
47929
47930
47932
47935
47936
47939
47940
47943
47945
47946
47949
47951
47953
47955
47956
47959
47961
47963
47964
47967
47969
47970
47972
47975
47977
47978
47980
47983
47985
47986
47989
47990
47993
47994
47997
47999
48001
48002
48005
48007
48008
48011
48013
48014
48016
48019
48021
48023
48025
48026
48028
48031
48033
48035
48037
48039
48041
48043
48045
48046
48049
48051
48053
48055
48057
48059
48061
48062
48064
48066
48068
48071
48073
48075
48077
48078
48080
48082
48084
48087
48089
48090
48093
48094
48097
48099
48100
48102
48104
48106
48109
48111
48112
48115
48116
48119
48120
48123
48124
48126
48129
48131
48132
48134
48136
48139
48140
48142
48144
48146
48148
48150
48152
48154
48157
48158
48161
48162
48164
48166
48168
48171
48172
48175
48176
48178
48180
48183
48184
48186
48189
48190
48192
48195
48197
48198
48201
48202
48204
48206
48208
48210
48212
48215
48216
48218
48221
48222
48225
48227
48228
48231
48232
48235
48237
48238
48240
48243
48244
48246
48249
48251
48253
48255
48256
48258
48260
48262
48264
48266
48268
48270
48273
48274
48277
48279
48281
48282
48284
48287
48289
48291
48292
48295
48296
48298
48300
48303
48304
48306
48308
48311
48313
48314
48317
48318
48320
48323
48324
48327
48328
48330
48333
48334
48337
48338
48340
48342
48345
48347
48349
48351
48353
48354
48356
48358
48361
48362
48364
48366
48368
48371
48373
48375
48377
48378
48380
48382
48385
48386
48388
48390
48393
48394
48396
48399
48401
48403
48404
48407
48408
48411
48413
48415
48417
48418
48420
48422
48424
48427
48428
48431
48432
48435
48437
48439
48440
48442
48445
48447
48448
48451
48453
48455
48457
48459
48460
48463
48464
48466
48469
48471
48472
48475
48477
48479
48480
48483
48485
48487
48488
48491
48493
48494
48497
48498
48500
48503
48504
48507
48508
48510
48512
48514
48517
48518
48521
48523
48525
48527
48529
48530
48533
48534
48536
48538
48540
48543
48544
48547
48548
48551
48552
48555
48557
48558
48561
48562
48564
48567
48568
48571
48573
48575
48577
48578
48580
48583
48585
48587
48588
48590
48592
48594
48597
48598
48600
48602
48604
48607
48609
48610
48613
48614
48616
48618
48620
48622
48625
48627
48628
48630
48633
48634
48637
48638
48640
48642
48645
48646
48648
48651
48653
48655
48657
48658
48660
48663
48664
48667
48669
48670
48673
48674
48677
48679
48681
48682
48684
48686
48689
48691
48693
48695
48696
48698
48700
48702
48704
48706
48708
48710
48713
48715
48717
48719
48721
48722
48724
48727
48728
48730
48733
48735
48736
48738
48740
48743
48745
48747
48749
48750
48752
48754
48756
48759
48761
48762
48765
48767
48768
48771
48772
48775
48776
48778
48780
48783
48784
48787
48789
48790
48792
48794
48796
48799
48800
48802
48805
48807
48809
48811
48812
48815
48816
48819
48820
48822
48825
48827
48828
48831
48832
48834
48837
48839
48840
48842
48844
48847
48848
48850
48853
48855
48857
48858
48861
48863
48864
48867
48868
48870
48872
48875
48876
48878
48880
48882
48884
48886
48889
48890
48892
48894
48896
48898
48900
48903
48904
48907
48908
48911
48913
48915
48916
48919
48920
48923
48924
48926
48928
48931
48932
48935
48936
48938
48941
48942
48945
48946
48948
48950
48952
48955
48957
48958
48960
48963
48965
48967
48968
48971
48972
48974
48976
48979
48980
48983
48984
48987
48989
48990
48993
48995
48996
48999
49001
49002
49005
49007
49008
49010
49013
49015
49016
49018
49021
49022
49024
49026
49028
49031
49033
49035
49036
49038
49041
49042
49045
49047
49048
49051
49052
49055
49056
49059
49060
49063
49064
49066
49069
49070
49072
49075
49076
49079
49080
49083
49085
49087
49088
49091
49092
49094
49097
49098
49101
49103
49105
49106
49108
49110
49113
49115
49117
49119
49120
49122
49124
49127
49128
49131
49132
49135
49136
49139
49140
49142
49144
49147
49149
49150
49153
49154
49157
49158
49160
49162
49164
49166
49169
49170
49172
49175
49177
49179
49180
49183
49184
49187
49188
49190
49192
49194
49196
49199
49201
49202
49204
49207
49208
49211
49212
49214
49216
49219
49220
49223
49224
49227
49229
49230
49233
49234
49236
49238
49240
49242
49244
49246
49248
49250
49252
49255
49257
49259
49261
49263
49264
49266
49269
49270
49272
49274
49276
49278
49280
49282
49284
49287
49288
49291
49293
49295
49297
49299
49300
49302
49305
49306
49308
49310
49313
49314
49317
49318
49321
49322
49325
49326
49328
49330
49333
49334
49337
49339
49340
49342
49345
49347
49348
49350
49352
49354
49357
49358
49361
49363
49364
49367
49369
49370
49372
49375
49376
49378
49381
49383
49384
49386
49389
49390
49393
49395
49396
49398
49400
49402
49404
49407
49409
49411
49412
49414
49416
49418
49421
49423
49424
49426
49428
49430
49432
49435
49436
49439
49441
49443
49445
49446
49449
49450
49452
49455
49457
49459
49461
49462
49465
49466
49469
49470
49473
49475
49476
49479
49481
49482
49484
49486
49488
49491
49492
49495
49497
49498
49500
49502
49504
49507
49509
49510
49512
49515
49517
49518
49520
49522
49525
49526
49528
49531
49532
49535
49536
49538
49540
49543
49545
49546
49549
49551
49553
49554
49557
49559
49560
49562
49565
49566
49568
49571
49572
49574
49576
49578
49580
49583
49584
49587
49588
49591
49593
49595
49597
49598
49600
49603
49604
49606
49609
49611
49613
49615
49616
49618
49621
49623
49624
49627
49629
49631
49633
49634
49636
49639
49641
49643
49644
49647
49649
49651
49652
49655
49657
49659
49661
49662
49664
49667
49669
49670
49673
49675
49677
49679
49680
49682
49685
49687
49689
49690
49693
49695
49697
49698
49701
49702
49705
49707
49708
49710
49712
49714
49716
49719
49720
49722
49724
49727
49729
49730
49733
49735
49736
49738
49740
49743
49745
49746
49748
49750
49753
49754
49756
49759
49761
49763
49765
49766
49769
49770
49773
49774
49776
49778
49781
49782
49784
49787
49789
49791
49793
49795
49796
49798
49801
49803
49805
49806
49809
49810
49812
49814
49816
49818
49821
49823
49824
49826
49829
49830
49832
49835
49837
49839
49840
49843
49844
49846
49849
49850
49853
49854
49857
49859
49861
49862
49865
49866
49869
49870
49872
49875
49876
49879
49881
49882
49884
49887
49889
49890
49893
49894
49896
49898
49900
49903
49904
49906
49909
49911
49912
49915
49917
49919
49920
49922
49925
49926
49928
49931
49933
49934
49936
49938
49940
49942
49945
49947
49948
49950
49953
49955
49957
49959
49961
49963
49964
49967
49968
49970
49973
49974
49976
49979
49980
49982
49985
49987
49988
49991
49992
49995
49996
49999
50000
50002
50004
50007
50008
50010
50013
50014
50016
50019
50021
50022
50024
50026
50029
50030
50033
50034
50037
50039
50041
50042
50045
50046
50048
50050
50052
50055
50056
50058
50061
50062
50064
50067
50068
50070
50072
50075
50076
50078
50081
50082
50085
50087
50088
50090
50092
50095
50097
50098
50100
50103
50105
50106
50108
50111
50113
50114
50116
50119
50121
50122
50124
50127
50129
50130
50132
50135
50137
50138
50140
50142
50144
50146
50149
50150
50152
50154
50157
50159
50160
50162
50164
50166
50169
50171
50172
50175
50176
50178
50181
50183
50184
50186
50188
50190
50192
50195
50196
50198
50200
50203
50205
50206
50208
50211
50212
50215
50216
50218
50220
50222
50224
50227
50229
50230
50232
50234
50237
50238
50240
50242
50245
50247
50248
50251
50253
50255
50256
50258
50260
50262
50264
50266
50269
50271
50273
50275
50276
50278
50280
50283
50285
50286
50288
50290
50292
50294
50296
50298
50301
50302
50305
50306
50309
50310
50313
50315
50316
50319
50320
50323
50324
50327
50328
50330
50332
50335
50336
50339
50341
50342
50345
50347
50349
50351
50352
50355
50357
50358
50361
50362
50364
50367
50368
50370
50372
50375
50377
50378
50380
50382
50385
50387
50388
50390
50392
50394
50396
50398
50400
50403
50404
50406
50408
50410
50413
50414
50416
50419
50421
50423
50425
50426
50428
50430
50433
50435
50436
50438
50440
50442
50444
50446
50449
50451
50452
50455
50457
50459
50460
50462
50464
50467
50469
50470
50472
50474
50476
50479
50481
50482
50484
50486
50488
50490
50492
50495
50497
50498
50501
50503
50504
50507
50508
50510
50513
50515
50516
50519
50521
50523
50525
50527
50529
50531
50533
50535
50537
50539
50541
50543
50544
50546
50548
50551
50553
50554
50556
50558
50560
50562
50564
50566
50569
50570
50572
50575
50576
50578
50580
50582
50584
50587
50588
50591
50592
50594
50596
50598
50600
50603
50604
50607
50608
50611
50612
50615
50616
50619
50621
50622
50625
50627
50628
50630
50633
50634
50637
50638
50641
50643
50645
50647
50649
50650
50652
50655
50656
50658
50661
50662
50664
50666
50669
50670
50672
50675
50677
50678
50681
50683
50685
50686
50689
50690
50693
50695
50696
50699
50700
50703
50705
50707
50708
50710
50713
50715
50716
50719
50721
50722
50725
50726
50729
50731
50732
50735
50736
50739
50741
50743
50745
50747
50749
50750
50752
50755
50757
50759
50761
50763
50765
50767
50768
50770
50772
50775
50777
50778
50780
50783
50784
50786
50789
50790
50793
50795
50797
50798
50801
50802
50805
50807
50808
50810
50813
50815
50817
50818
50820
50823
50824
50826
50829
50831
50832
50835
50836
50839
50840
50843
50845
50847
50849
50851
50853
50855
50857
50859
50861
50862
50864
50867
50869
50871
50873
50874
50876
50878
50880
50882
50884
50886
50888
50890
50892
50894
50896
50898
50900
50903
50905
50907
50908
50910
50912
50915
50917
50919
50920
50922
50924
50926
50928
50930
50932
50934
50936
50939
50941
50943
50944
50946
50948
50950
50952
50954
50956
50958
50960
50962
50965
50967
50968
50970
50972
50974
50976
50979
50980
50983
50984
50987
50988
50990
50993
50995
50996
50999
51001
51002
51004
51006
51008
51011
51012
51015
51016
51018
51021
51022
51024
51027
51028
51030
51032
51035
51036
51039
51041
51042
51045
51047
51049
51050
51053
51054
51056
51059
51060
51063
51065
51066
51069
51071
51072
51075
51076
51078
51080
51083
51085
51087
51089
51090
51093
51094
51096
51098
51100
51103
51105
51106
51108
51110
51113
51114
51117
51118
51120
51123
51125
51126
51129
51130
51133
51135
51137
51138
51141
51142
51145
51146
51149
51151
51153
51154
51156
51159
51161
51163
51164
51167
51168
51170
51173
51175
51176
51178
51180
51182
51184
51187
51189
51190
51193
51195
51197
51199
51200
51203
51204
51206
51208
51211
51212
51215
51216
51218
51221
51222
51224
51227
51228
51230
51232
51235
51237
51239
51240
51242
51245
51247
51249
51250
51253
51255
51256
51259
51260
51262
51264
51266
51268
51270
51273
51274
51277
51278
51280
51283
51284
51287
51288
51290
51292
51295
51296
51298
51301
51302
51304
51307
51308
51310
51312
51314
51316
51319
51320
51322
51325
51327
51328
51331
51332
51334
51337
51338
51340
51342
51345
51346
51349
51350
51352
51354
51357
51358
51361
51362
51364
51366
51369
51370
51373
51374
51376
51378
51381
51382
51385
51387
51388
51390
51393
51394
51396
51399
51401
51402
51405
51407
51409
51410
51413
51414
51416
51418
51420
51422
51425
51427
51428
51430
51432
51434
51436
51439
51440
51442
51445
51446
51449
51450
51453
51454
51456
51458
51460
51462
51464
51466
51468
51471
51472
51474
51477
51478
51480
51483
51484
51486
51488
51490
51493
51495
51496
51498
51501
51503
51504
51506
51508
51510
51512
51514
51516
51518
51520
51522
51524
51526
51528
51530
51533
51534
51536
51538
51540
51543
51545
51546
51549
51550
51553
51555
51557
51558
51560
51562
51565
51566
51569
51571
51572
51574
51576
51578
51580
51583
51584
51587
51588
51591
51592
51594
51597
51599
51601
51603
51604
51606
51608
51610
51613
51615
51616
51619
51620
51622
51624
51626
51628
51630
51632
51634
51636
51638
51640
51642
51644
51646
51648
51650
51652
51654
51656
51658
51660
51662
51664
51666
51668
51670
51672
51674
51676
51678
51680
51682
51684
51686
51688
51690
51692
51694
51697
51698
51700
51702
51704
51706
51708
51710
51712
51714
51716
51718
51720
51722
51724
51726
51728
51730
51732
51734
51736
51738
51740
51742
51744
51746
51748
51750
51752
51754
51756
51758
51760
51762
51764
51766
51768
51770
51772
51774
51776
51778
51780
51782
51784
51786
51788
51790
51792
51794
44010
44013
44015
44017
44018
44020
44022
44025
44027
44029
44031
44032
44034
44036
44039
44040
44042
44045
44046
44048
44050
44052
44054
44056
44059
44060
44062
30653
30655
30657
30660
30661
30664
30666
30669
30672
30675
30677
30680
30681
30685
30687
30689
30692
30695
30697
30700
30701
30703
30707
30708
30711
30714
30716
30724
30728
30730
30731
30734
30735
30737
30740
30743
30749
30756
30758
30760
30766
30773
30781
30797
30803
30805
30806
30809
30811
30813
30815
30817
30818
30821
30822
30824
30826
30828
30831
30832
30835
30837
30839
30840
30842
30844
30847
30849
30851
30852
30854
30856
30859
30860
30863
30864
30867
30868
30871
30873
30875
30877
30878
30881
30883
30884
30886
30889
30890
30893
30894
30896
30899
30900
30902
30905
30907
30909
30910
30912
30915
30916
30918
30920
30923
30925
30927
30929
30930
30933
30935
30936
30939
30940
30942
30945
30947
30948
30951
30952
30954
30956
30959
30961
30962
30965
30966
30969
30971
30972
30974
30976
30979
30980
30982
30985
30987
30988
30991
30993
30995
30996
30999
31000
31002
31004
31006
31009
31010
31012
31015
31017
31018
31020
31023
31025
31027
31028
31030
31033
31034
31037
31038
31041
31043
31044
31046
31049
31050
31053
31055
31057
31059
31060
31063
31064
31067
31068
31070
31073
31075
31076
31079
31081
31083
31085
31087
31088
31090
31093
31094
31096
31098
31100
31102
31104
31106
31109
31111
31113
31114
31117
31119
31121
31123
31124
31126
31128
31131
31132
31134
31137
31138
31141
31142
31145
31146
31148
31150
31153
31155
31157
31158
31161
31163
31165
31166
31169
31171
31172
31175
31177
31178
31180
31182
31185
31187
31189
31191
31192
31195
31196
31199
31200
31202
31205
31206
31209
31211
31213
31215
31217
31219
31221
31223
31225
31226
31228
31230
31233
31234
31236
31238
31241
31242
31245
31246
31248
31250
31253
31254
31257
31258
31260
31262
31264
31266
31269
31271
31273
31275
31276
31278
31281
31283
31285
31287
31288
31291
31292
31294
31296
31298
31300
31303
31304
31307
31308
31310
31312
31315
31317
31319
31320
31323
31324
31327
31329
31331
31332
31334
31337
31339
31340
31342
31344
31347
31349
31351
31352
31355
31356
31359
31360
31362
31364
31366
31368
31370
31373
31374
31376
31378
31380
31382
31385
31387
31389
31391
31393
31395
31396
31399
31400
31402
31405
31406
31409
31410
31413
31415
31417
31418
31421
31423
31424
31427
31429
31431
31432
31434
31436
31438
31440
31442
31445
31446
31449
31451
31453
31455
31457
31459
31461
31462
31465
31467
31469
31471
31473
31475
31476
31478
31480
31483
31485
31487
31488
31490
31492
31494
31497
31499
31500
31503
31504
31506
31509
31511
31513
31515
31516
31519
31521
31522
31524
31526
31529
31530
31532
31535
31537
31538
31541
31543
31544
31547
31548
31550
31553
31554
31556
31559
31560
31562
31564
31567
31568
31570
31573
31575
31576
31579
31580
31583
31585
31587
31588
31590
31593
31594
31597
31599
31601
31603
31605
31606
31608
31611
31613
31615
31617
31619
31620
31622
31625
31627
31629
31631
31632
31634
31636
31638
31641
31642
31644
31647
31649
31650
31652
31655
31656
31658
31660
31663
31664
31667
31669
31671
31672
31675
31676
31678
31680
31683
31685
31687
31688
31690
31693
31695
31696
31698
31701
31702
31704
31707
31709
31711
31713
31715
31717
31719
31720
31722
31725
31726
31728
31730
31732
31735
31736
31739
31740
31742
31745
31747
31748
31751
31752
31755
31757
31758
31760
31763
31765
31766
31768
31771
31772
31775
31777
31779
31780
31782
31784
31786
31789
31791
31792
31795
31796
31798
31800
31803
31805
31806
31808
31810
31813
31814
31816
31819
31820
31822
31824
31826
31829
31831
31832
31834
31836
31839
31841
31842
31844
31847
31849
31851
31853
31855
31857
31859
31860
31862
31864
31866
31869
31870
31872
31875
31877
31879
31881
31883
31885
31887
31889
31890
31893
31895
31896
31899
31901
31903
31905
31907
31909
31911
31913
31915
31917
31919
31920
31922
31925
31926
31928
31931
31933
31934
31937
31939
31941
31943
31944
31946
31949
31951
31953
31955
31957
31958
31961
31963
31964
31966
31969
31970
31972
31974
31977
31979
31981
31982
31985
31987
31988
31990
31993
31995
31997
31999
32000
32002
32004
32006
32008
32010
32013
32014
32017
32018
32020
32023
32025
32026
32028
32031
32032
32034
32036
32039
32040
32042
32045
32046
32049
32051
32052
32055
32057
32058
32061
32063
32064
32067
32069
32071
32072
32075
32076
32078
32080
32082
32085
32087
32089
32090
32092
32095
32096
32098
32101
32103
32104
32106
32108
32111
32113
32114
32117
32119
32121
32123
32125
32127
32129
32130
32133
32135
32136
32138
32140
32143
32144
32146
32148
32150
32153
32154
32157
32159
32161
32163
32165
32167
32169
32171
32172
32174
32176
32178
32180
32183
32184
32186
32189
32190
32193
32195
32196
32199
32201
32202
32204
32206
32208
32210
32212
32214
32216
32219
32220
32222
32224
32227
32228
32230
32233
32234
32237
32239
32240
32242
32245
32247
32248
32251
32252
32254
32256
32258
32260
32262
32264
32266
32269
32271
32273
32274
32277
32279
32280
32282
32284
32287
32289
32290
32292
32294
32296
32299
32301
32302
32304
32307
32309
32311
32313
32315
32316
32319
32320
32322
32325
32327
32328
32330
32332
32335
32336
32339
32341
32343
32344
32347
32348
32351
32353
32354
32356
32358
32361
32362
32364
32367
32368
32370
32373
32375
32376
32378
32380
32383
32385
32386
32388
32390
32393
32395
32396
32399
32401
32403
32404
32406
32409
32410
32413
32415
32417
32418
32421
32422
32425
32426
32428
32430
32432
32434
32436
32438
32440
32442
32445
32447
32449
32450
32453
32454
32456
32459
32461
32463
32465
32467
32468
32470
32473
32475
32476
32479
32481
32483
32484
32486
32488
32490
32492
32494
32497
32499
32500
32503
32504
32507
32508
32511
32512
32514
32517
32519
32521
32522
32524
32526
32529
32530
32533
32534
32536
32539
32541
32543
32545
32546
32548
32551
32552
32555
32556
32559
32560
32562
32564
32567
32569
32571
32573
32574
32577
32579
32580
32582
32585
32587
32589
32591
32592
32594
32596
32598
32600
32603
32604
32606
32609
32610
32613
32615
32617
32619
32620
32623
32625
32626
32629
32631
32633
32635
32636
32638
32641
32643
32645
32646
32649
32650
32652
32655
32657
32658
32661
32662
32665
32667
32668
32670
32673
32675
32677
32679
32681
32683
32684
32687
32689
32691
32692
32695
32696
32698
32701
32702
32704
32707
32709
32710
32713
32714
32716
32718
32721
32722
32724
32727
32728
32731
32732
32735
32737
32738
32741
32742
32745
32747
32749
32751
32752
32755
32757
32758
32760
32763
32765
32767
