s vc 210 145
1
2
3
4
8
11
12
14
15
18
19
20
21
22
24
25
26
27
28
30
32
33
34
35
36
37
38
39
40
41
43
44
45
46
47
51
52
55
56
57
60
61
62
63
64
65
68
69
72
74
75
76
79
80
81
83
85
86
87
90
92
93
94
96
97
100
102
103
105
109
110
111
112
115
116
117
118
119
120
121
122
123
124
125
127
128
129
132
133
134
135
136
137
138
139
141
143
144
146
147
149
150
151
152
154
155
156
160
161
163
165
166
167
169
170
171
172
173
174
175
176
177
178
179
180
181
182
183
184
185
186
190
193
194
196
199
200
201
203
204
206
207
208
209
210
