s vc 2980 1920
4
5
12
13
14
15
17
18
22
24
26
27
28
30
32
35
36
37
38
39
41
43
44
45
49
50
53
54
55
61
63
64
65
67
69
71
72
73
74
75
76
78
81
82
83
86
92
94
96
98
99
101
102
105
113
114
118
120
122
123
124
126
129
130
131
133
134
139
141
142
146
148
153
154
157
159
160
162
165
167
168
169
170
173
174
175
176
179
180
183
186
189
191
192
193
195
196
199
202
203
204
205
207
208
210
211
214
215
216
218
219
221
222
223
226
227
229
230
231
233
235
236
238
239
240
241
243
244
247
248
249
251
252
254
255
257
258
260
261
263
264
265
267
268
270
272
274
275
276
277
279
281
283
284
285
286
289
290
291
293
294
296
297
298
300
302
303
305
306
307
310
311
312
313
315
316
319
320
321
322
325
326
328
329
330
331
333
334
336
337
340
341
342
343
345
346
348
349
352
353
354
356
357
359
361
362
363
365
367
368
370
371
372
373
376
377
379
380
382
383
384
386
387
389
390
392
393
394
396
397
400
401
402
404
405
407
408
409
411
413
415
416
417
419
420
421
423
425
426
428
430
431
432
433
435
436
438
440
441
443
444
445
447
449
451
452
453
454
456
457
460
461
463
464
465
466
468
470
471
472
474
475
477
478
480
482
483
484
486
488
489
491
493
494
495
496
498
499
501
503
505
506
508
509
510
511
514
515
516
518
519
520
523
524
525
527
529
530
531
532
535
536
537
539
541
542
543
545
546
548
550
551
552
553
555
556
558
560
562
563
564
566
567
569
570
571
573
574
576
578
579
581
582
584
585
586
588
590
591
593
594
595
597
598
601
602
603
605
606
607
609
611
612
614
615
616
618
619
622
623
624
626
627
629
630
631
633
635
636
638
639
640
642
644
645
647
648
649
651
652
654
656
657
659
660
662
663
665
667
668
669
670
673
674
675
676
678
679
681
683
684
685
687
689
691
692
694
695
697
698
699
700
702
704
705
706
709
710
712
713
714
715
717
718
721
722
723
724
727
728
730
731
733
734
735
736
738
739
741
742
745
746
748
749
750
751
753
755
756
757
759
761
762
763
766
767
769
770
771
773
774
775
777
778
780
782
783
785
786
787
790
791
792
794
795
796
798
800
801
802
804
806
808
809
810
812
814
815
817
818
819
820
822
823
826
827
828
829
831
832
834
835
838
839
840
841
844
845
846
848
849
851
853
854
855
857
859
860
861
862
865
866
867
868
870
871
873
875
876
877
879
881
882
884
886
887
888
889
891
893
895
896
898
899
901
902
903
905
906
907
909
911
913
914
915
916
919
920
921
922
924
926
928
929
930
932
933
934
936
937
939
941
943
944
945
946
948
949
951
952
954
955
958
959
960
961
963
964
966
967
970
971
972
973
976
977
978
980
982
983
984
985
987
989
990
991
993
994
996
998
999
1001
1002
1003
1005
1006
1008
1010
1012
1013
1014
1016
1018
1019
1020
1021
1024
1025
1027
1028
1029
1030
1033
1034
1035
1036
1039
1040
1041
1043
1044
1046
1047
1049
1050
1051
1054
1055
1056
1057
1059
1061
1062
1063
1065
1066
1068
1069
1071
1072
1074
1075
1077
1078
1080
1082
1083
1084
1086
1088
1089
1091
1092
1093
1095
1096
1099
1100
1102
1103
1104
1105
1108
1109
1110
1111
1113
1114
1116
1118
1120
1121
1123
1124
1125
1127
1128
1130
1131
1133
1135
1136
1138
1139
1140
1142
1143
1144
1146
1148
1150
1151
1152
1153
1155
1156
1158
1159
1162
1163
1165
1166
1168
1169
1170
1171
1173
1175
1177
1178
1179
1180
1183
1184
1186
1187
1188
1190
1191
1193
1195
1196
1197
1199
1200
1202
1204
1205
1206
1208
1209
1210
1213
1214
1215
1216
1218
1219
1221
1222
1224
1226
1228
1229
1231
1232
1233
1234
1236
1238
1239
1240
1243
1244
1245
1247
1248
1250
1251
1252
1254
1256
1258
1259
1260
1261
1263
1265
1266
1268
1270
1271
1272
1274
1275
1276
1278
1279
1281
1283
1284
1286
1287
1289
1290
1292
1294
1295
1297
1298
1300
1301
1302
1303
1305
1307
1308
1310
1311
1312
1315
1316
1317
1318
1320
1322
1323
1325
1327
1328
1329
1330
1333
1334
1335
1336
1338
1340
1342
1343
1345
1346
1347
1348
1351
1352
1353
1355
1356
1358
1360
1361
1362
1364
1365
1366
1369
1370
1372
1373
1374
1375
1378
1379
1380
1381
1383
1385
1386
1388
1389
1390
1392
1394
1396
1397
1398
1399
1401
1403
1404
1406
1407
1408
1410
1411
1413
1415
1416
1417
1419
1420
1423
1424
1425
1426
1429
1430
1432
1433
1435
1436
1437
1439
1440
1441
1444
1445
1447
1448
1449
1450
1453
1454
1455
1457
1458
1459
1461
1463
1465
1466
1467
1468
1470
1471
1474
1475
1476
1477
1480
1481
1483
1484
1486
1487
1488
1489
1492
1493
1494
1495
1497
1499
1500
1501
1503
1504
1506
1508
1509
1511
1512
1513
1516
1517
1518
1519
1521
1523
1525
1526
1527
1528
1531
1532
1533
1534
1537
1538
1540
1541
1543
1544
1545
1546
1548
1550
1551
1552
1554
1556
1558
1559
1560
1562
1564
1565
1566
1568
1569
1570
1572
1574
1576
1577
1579
1580
1581
1583
1584
1585
1587
1589
1590
1591
1593
1594
1596
1598
1599
1600
1602
1604
1606
1607
1608
1609
1612
1613
1614
1615
1617
1618
1620
1622
1624
1625
1627
1628
1630
1631
1632
1634
1636
1637
1638
1640
1641
1642
1644
1646
1648
1649
1650
1652
1653
1654
1656
1658
1659
1661
1662
1664
1665
1666
1669
1670
1671
1673
1674
1675
1677
1678
1680
1681
1683
1684
1686
1687
1689
1691
1692
1694
1695
1696
1699
1700
1701
1703
1704
1705
1707
1709
1710
1711
1714
1715
1716
1718
1720
1721
1722
1723
1725
1727
1728
1730
1731
1733
1734
1735
1738
1739
1741
1742
1743
1744
1746
1748
1750
1751
1752
1754
1755
1757
1758
1759
1762
1763
1764
1766
1768
1769
1770
1771
1774
1775
1777
1778
1780
1781
1782
1784
1785
1787
1788
1789
1791
1792
1795
1796
1797
1799
1800
1802
1804
1805
1806
1807
1809
1810
1812
1813
1815
1817
1818
1820
1821
1823
1824
1825
1827
1828
1830
1832
1833
1834
1836
1837
1839
1840
1842
1844
1845
1847
1848
1850
1851
1852
1854
1856
1857
1858
1860
1861
1863
1865
1867
1868
1870
1871
1872
1874
1875
1877
1878
1880
1881
1883
1885
1886
1888
1889
1890
1892
1894
1895
1897
1898
1900
1901
1902
1903
1906
1907
1908
1910
1911
1913
1915
1916
1917
1919
1920
1921
1924
1925
1926
1928
1930
1931
1932
1933
1935
1937
1938
1939
1941
1942
1944
1946
1948
1949
1951
1952
1954
1955
1956
1957
1959
1960
1963
1964
1966
1967
1969
1970
1971
1973
1975
1976
1978
1979
1980
1982
1983
1984
1986
1988
1989
1991
1992
1994
1996
1997
1999
2000
2001
2002
2005
2006
2008
2009
2010
2011
2013
2015
2016
2018
2019
2020
2022
2024
2025
2026
2028
2029
2031
2033
2034
2035
2037
2038
2040
2041
2043
2044
2047
2048
2050
2051
2052
2054
2055
2056
2058
2060
2061
2062
2064
2066
2067
2069
2071
2072
2074
2075
2077
2078
2079
2080
2083
2084
2086
2087
2089
2090
2091
2093
2095
2096
2098
2099
2101
2102
2103
2105
2106
2108
2109
2110
2112
2114
2116
2117
2119
2120
2121
2123
2124
2126
2127
2129
2130
2132
2134
2135
2137
2138
2139
2141
2142
2143
2145
2146
2148
2149
2151
2152
2154
2155
2157
2158
2161
2162
2163
2165
2166
2168
2169
2170
2172
2174
2175
2176
2178
2179
2182
2183
2185
2186
2188
2189
2190
2192
2193
2194
2196
2197
2200
2201
2202
2203
2206
2207
2208
2209
2211
2212
2214
2215
2217
2219
2220
2221
2223
2224
2226
2228
2230
2231
2233
2234
2235
2236
2238
2240
2241
2242
2244
2245
2248
2249
2251
2252
2253
2254
2257
2258
2260
2261
2262
2264
2265
2266
2268
2269
2271
2272
2275
2276
2277
2278
2280
2281
2283
2285
2286
2287
2289
2290
2292
2294
2295
2297
2298
2300
2301
2303
2304
2305
2307
2308
2310
2312
2314
2315
2316
2318
2319
2320
2322
2323
2325
2327
2329
2330
2332
2333
2334
2336
2337
2338
2340
2342
2344
2345
2346
2347
2349
2351
2352
2353
2356
2357
2358
2359
2362
2363
2364
2366
2368
2369
2371
2372
2373
2374
2376
2378
2379
2381
2382
2383
2386
2387
2388
2390
2391
2393
2394
2396
2397
2399
2401
2402
2404
2405
2406
2408
2409
2410
2412
2413
2415
2416
2418
2420
2421
2422
2424
2425
2428
2429
2430
2432
2433
2434
2436
2438
2440
2441
2442
2443
2446
2447
2449
2450
2452
2453
2455
2456
2458
2459
2461
2462
2464
2465
2466
2468
2469
2470
2472
2474
2476
2477
2478
2480
2481
2483
2484
2485
2487
2488
2491
2492
2493
2494
2496
2498
2499
2500
2503
2504
2506
2507
2508
2510
2511
2512
2514
2516
2517
2518
2521
2522
2524
2525
2526
2528
2529
2531
2533
2534
2535
2537
2538
2539
2541
2542
2544
2545
2547
2549
2551
2552
2553
2554
2556
2558
2559
2560
2563
2564
2565
2567
2568
2569
2571
2572
2574
2576
2577
2579
2581
2582
2583
2585
2587
2588
2590
2591
2592
2594
2596
2597
2599
2600
2601
2603
2605
2606
2607
2609
2610
2612
2613
2614
2617
2618
2620
2621
2623
2624
2625
2626
2628
2629
2632
2633
2634
2636
2637
2639
2640
2641
2644
2645
2646
2648
2649
2650
2652
2654
2655
2657
2658
2660
2661
2663
2664
2665
2667
2668
2671
2672
2673
2675
2676
2678
2679
2681
2682
2683
2686
2687
2689
2690
2691
2693
2694
2695
2697
2699
2700
2702
2704
2705
2706
2707
2710
2711
2712
2714
2715
2717
2718
2720
2721
2723
2725
2726
2727
2728
2730
2731
2733
2734
2736
2738
2739
2741
2742
2743
2745
2747
2748
2749
2751
2752
2755
2756
2757
2759
2760
2761
2764
2765
2767
2768
2769
2771
2772
2773
2776
2777
2778
2779
2781
2782
2783
2786
2787
2788
2789
2790
2791
2796
2799
2800
2801
2803
2805
2809
2811
2813
2814
2820
2822
2826
2827
2828
2831
2832
2836
2837
2838
2839
2840
2842
2846
2848
2850
2857
2859
2860
2864
2865
2867
2868
2869
2870
2871
2873
2875
2877
2880
2883
2884
2886
2887
2888
2889
2890
2891
2892
2895
2896
2897
2899
2901
2905
2907
2908
2912
2915
2916
2917
2918
2920
2923
2924
2925
2927
2929
2930
2931
2932
2935
2936
2938
2941
2943
2944
2946
2951
2952
2957
2958
2961
2962
2964
2965
2967
2968
2970
2974
2977
2978
2980
