s vc 3875 2510
1
3
5
7
8
9
10
12
15
16
19
24
26
30
32
37
39
41
44
47
48
50
51
52
55
60
62
64
65
67
71
72
74
75
76
77
79
82
84
87
89
92
93
95
96
97
101
104
107
108
109
110
112
114
116
118
120
121
123
124
125
126
129
130
133
134
136
140
141
142
143
144
146
148
151
152
157
158
160
166
167
168
169
172
173
174
176
178
183
185
188
190
192
200
201
207
208
213
219
220
221
223
224
225
227
229
230
232
233
235
236
238
239
240
242
244
246
247
248
249
252
253
255
256
258
259
260
262
264
265
266
268
269
271
272
273
275
277
278
279
281
282
285
286
287
289
291
292
293
295
296
298
300
301
302
304
306
307
308
309
312
313
315
316
317
319
321
322
324
325
327
328
329
331
332
333
335
336
338
339
342
343
345
346
347
348
351
352
354
355
356
357
359
361
362
364
366
367
368
370
372
373
374
376
378
379
380
382
384
385
387
388
390
391
393
394
396
397
398
400
402
403
405
406
407
408
411
412
413
414
416
417
419
421
423
424
425
427
428
429
431
432
434
436
437
439
441
442
444
445
447
448
449
451
452
454
456
457
458
459
462
463
464
466
468
469
471
472
474
475
477
478
479
480
482
484
485
487
488
489
492
493
494
495
498
499
500
502
504
505
507
508
510
511
513
514
516
517
518
519
521
523
524
526
527
529
530
532
533
535
536
538
539
541
542
544
545
547
549
550
552
553
555
556
558
559
561
562
563
565
567
568
570
571
572
574
575
577
579
580
582
583
585
586
587
589
591
592
594
595
596
597
599
600
603
604
605
607
608
610
612
613
614
615
617
618
621
622
624
625
626
628
629
631
633
634
635
636
638
639
641
643
644
646
648
649
650
652
654
655
657
658
659
661
662
663
666
667
669
670
671
673
675
676
677
678
681
682
683
684
686
688
690
691
692
694
695
697
699
700
701
703
704
705
707
709
710
711
713
714
716
717
719
721
722
723
725
727
728
729
732
733
734
736
738
739
740
742
744
745
747
748
749
751
752
754
755
756
759
760
762
763
765
766
767
769
771
772
774
775
776
778
780
781
782
784
785
787
789
790
792
793
795
796
797
798
800
802
803
805
806
807
810
811
812
813
816
817
818
819
821
823
824
826
827
828
830
832
834
835
836
837
840
841
842
843
846
847
848
849
852
853
855
856
857
859
861
862
864
865
866
868
870
871
872
873
876
877
879
880
881
883
884
885
887
889
890
892
893
895
897
898
900
901
903
904
905
906
908
910
912
913
915
916
918
919
920
922
923
925
926
928
930
931
932
934
936
937
939
940
941
943
944
946
947
949
951
952
953
954
957
958
959
960
962
963
966
967
968
970
971
973
975
976
978
979
981
982
983
984
986
988
990
991
993
994
996
997
998
1000
1001
1002
1004
1005
1008
1009
1011
1012
1013
1015
1017
1018
1019
1021
1022
1023
1025
1027
1029
1030
1032
1033
1035
1036
1037
1039
1041
1042
1044
1045
1047
1048
1050
1051
1053
1054
1056
1057
1059
1060
1061
1062
1064
1065
1067
1069
1071
1072
1073
1074
1076
1077
1079
1080
1083
1084
1085
1087
1088
1090
1091
1093
1095
1096
1098
1099
1101
1102
1103
1105
1107
1108
1110
1111
1113
1114
1116
1117
1118
1120
1121
1123
1124
1126
1128
1129
1130
1132
1133
1135
1137
1138
1140
1141
1142
1144
1145
1147
1148
1150
1151
1153
1154
1156
1158
1159
1160
1162
1163
1165
1167
1168
1169
1171
1173
1174
1176
1177
1179
1180
1181
1182
1185
1186
1188
1189
1190
1192
1194
1195
1196
1197
1199
1201
1203
1204
1205
1206
1208
1209
1211
1213
1214
1216
1218
1219
1220
1222
1224
1225
1227
1228
1230
1231
1232
1234
1236
1237
1239
1240
1242
1243
1245
1246
1247
1249
1250
1252
1253
1255
1257
1258
1259
1260
1262
1263
1266
1267
1268
1270
1272
1273
1275
1276
1277
1278
1280
1281
1284
1285
1287
1288
1290
1291
1293
1294
1296
1297
1299
1300
1302
1303
1305
1306
1307
1308
1310
1312
1313
1315
1317
1318
1319
1321
1322
1323
1325
1326
1328
1330
1331
1333
1334
1335
1337
1338
1340
1342
1343
1345
1346
1348
1350
1351
1352
1354
1355
1357
1358
1359
1361
1362
1364
1366
1367
1369
1371
1372
1373
1374
1377
1378
1379
1380
1383
1384
1386
1387
1388
1390
1392
1393
1394
1395
1398
1399
1400
1402
1403
1405
1406
1408
1410
1411
1412
1414
1415
1416
1418
1420
1422
1423
1425
1426
1427
1429
1431
1432
1433
1435
1436
1438
1439
1441
1443
1444
1446
1447
1448
1449
1451
1453
1454
1455
1458
1459
1460
1462
1464
1465
1466
1467
1469
1471
1472
1474
1476
1477
1479
1480
1481
1482
1485
1486
1487
1489
1490
1492
1493
1495
1496
1498
1499
1501
1502
1504
1506
1507
1508
1509
1512
1513
1514
1516
1518
1519
1520
1522
1524
1525
1527
1528
1529
1530
1532
1534
1536
1537
1539
1540
1542
1543
1545
1546
1548
1549
1551
1552
1553
1555
1557
1558
1560
1561
1562
1563
1565
1567
1568
1569
1572
1573
1574
1575
1577
1578
1580
1582
1583
1585
1586
1588
1590
1591
1592
1594
1595
1597
1598
1600
1602
1603
1604
1605
1608
1609
1611
1612
1614
1615
1616
1617
1619
1621
1623
1624
1626
1627
1629
1630
1632
1633
1635
1636
1638
1639
1640
1642
1644
1645
1646
1648
1649
1651
1653
1654
1656
1657
1658
1660
1662
1663
1664
1666
1668
1669
1670
1672
1673
1675
1677
1678
1679
1681
1682
1683
1685
1686
1689
1690
1692
1693
1695
1696
1697
1699
1701
1702
1704
1705
1707
1708
1709
1711
1713
1714
1715
1716
1718
1719
1721
1723
1724
1726
1728
1729
1730
1731
1734
1735
1736
1737
1740
1741
1742
1744
1745
1746
1748
1749
1751
1753
1754
1756
1757
1758
1760
1762
1763
1764
1766
1768
1769
1770
1772
1773
1775
1777
1778
1780
1781
1783
1785
1786
1787
1789
1790
1792
1793
1795
1797
1798
1800
1801
1803
1804
1805
1806
1808
1809
1812
1813
1814
1816
1817
1819
1821
1822
1823
1824
1827
1828
1829
1830
1833
1834
1836
1837
1838
1840
1841
1843
1844
1846
1847
1848
1850
1851
1853
1854
1857
1858
1860
1861
1863
1864
1865
1867
1868
1870
1871
1873
1875
1876
1877
1878
1880
1881
1884
1885
1887
1888
1890
1891
1892
1894
1895
1896
1899
1900
1901
1903
1904
1906
1907
1909
1910
1912
1914
1915
1917
1918
1920
1921
1923
1924
1925
1927
1928
1930
1931
1933
1934
1936
1938
1939
1940
1941
1944
1945
1946
1947
1949
1950
1952
1953
1956
1957
1959
1960
1962
1963
1964
1965
1967
1969
1970
1972
1974
1975
1976
1977
1979
1980
1982
1984
1985
1987
1989
1990
1991
1993
1995
1996
1998
1999
2001
2002
2004
2005
2006
2007
2010
2011
2012
2014
2015
2016
2018
2019
2022
2023
2025
2026
2028
2029
2031
2032
2033
2035
2037
2038
2039
2041
2043
2044
2046
2047
2048
2049
2051
2053
2054
2055
2058
2059
2061
2062
2063
2065
2067
2068
2070
2071
2072
2074
2075
2076
2078
2079
2081
2082
2084
2086
2088
2089
2091
2092
2094
2095
2096
2098
2100
2101
2103
2104
2106
2107
2109
2110
2112
2113
2114
2115
2118
2119
2120
2122
2123
2125
2127
2128
2129
2130
2132
2134
2136
2137
2139
2140
2141
2142
2145
2146
2148
2149
2151
2152
2153
2154
2157
2158
2160
2161
2162
2164
2166
2167
2169
2170
2172
2173
2174
2176
2177
2179
2180
2181
2183
2184
2187
2188
2190
2191
2193
2194
2195
2197
2199
2200
2202
2203
2204
2206
2208
2209
2211
2212
2213
2214
2216
2218
2219
2221
2222
2223
2226
2227
2229
2230
2232
2233
2234
2236
2238
2239
2240
2242
2243
2245
2247
2248
2250
2251
2253
2254
2255
2257
2259
2260
2262
2263
2264
2266
2267
2269
2271
2272
2274
2275
2277
2278
2280
2281
2282
2283
2285
2286
2289
2290
2291
2293
2294
2296
2298
2299
2301
2302
2304
2305
2306
2308
2310
2311
2313
2314
2315
2317
2319
2320
2322
2323
2324
2326
2328
2329
2330
2331
2334
2335
2336
2338
2340
2341
2342
2344
2345
2346
2349
2350
2351
2353
2354
2355
2357
2358
2360
2362
2363
2365
2367
2368
2369
2371
2372
2374
2375
2377
2378
2380
2381
2383
2385
2386
2388
2389
2390
2391
2393
2395
2397
2398
2399
2400
2403
2404
2405
2406
2409
2410
2412
2413
2414
2415
2417
2419
2420
2422
2424
2425
2426
2427
2429
2431
2432
2434
2436
2437
2439
2440
2441
2442
2444
2446
2448
2449
2450
2452
2453
2455
2456
2458
2459
2461
2463
2464
2466
2467
2469
2470
2472
2473
2474
2476
2477
2478
2480
2482
2484
2485
2487
2488
2489
2491
2492
2493
2496
2497
2499
2500
2502
2503
2505
2506
2508
2509
2510
2512
2514
2515
2516
2518
2519
2521
2523
2524
2525
2527
2529
2530
2531
2532
2534
2535
2537
2539
2540
2541
2544
2545
2546
2548
2549
2551
2552
2554
2555
2556
2559
2560
2561
2562
2564
2566
2568
2569
2570
2572
2573
2575
2577
2578
2579
2581
2583
2584
2585
2587
2589
2590
2591
2592
2595
2596
2597
2598
2600
2602
2604
2605
2606
2607
2609
2610
2612
2614
2615
2616
2618
2620
2621
2622
2625
2626
2627
2629
2630
2632
2633
2634
2636
2637
2639
2640
2643
2644
2645
2647
2649
2650
2652
2653
2654
2656
2658
2659
2661
2662
2663
2665
2666
2667
2669
2671
2673
2674
2676
2677
2679
2680
2682
2683
2685
2686
2687
2689
2691
2692
2694
2695
2696
2697
2700
2701
2703
2704
2706
2707
2709
2710
2712
2713
2714
2716
2717
2718
2720
2721
2724
2725
2727
2728
2730
2731
2733
2734
2735
2737
2738
2739
2741
2743
2745
2746
2747
2748
2750
2752
2754
2755
2757
2758
2760
2761
2762
2763
2765
2767
2768
2769
2772
2773
2774
2775
2778
2779
2780
2781
2784
2785
2786
2787
2790
2791
2793
2794
2795
2797
2798
2800
2801
2802
2805
2806
2807
2808
2811
2812
2814
2815
2816
2818
2819
2820
2823
2824
2825
2826
2828
2830
2832
2833
2834
2835
2838
2839
2841
2842
2844
2845
2847
2848
2850
2851
2852
2853
2855
2856
2859
2860
2862
2863
2865
2866
2868
2869
2871
2872
2873
2875
2877
2878
2879
2881
2882
2884
2885
2887
2889
2890
2892
2893
2894
2896
2897
2899
2901
2902
2904
2905
2907
2908
2909
2911
2912
2914
2916
2917
2918
2920
2922
2923
2925
2926
2928
2929
2931
2932
2934
2935
2936
2938
2939
2941
2943
2944
2945
2947
2948
2950
2951
2952
2954
2956
2957
2958
2961
2962
2964
2965
2966
2968
2970
2971
2972
2973
2976
2977
2978
2979
2982
2983
2984
2986
2988
2989
2991
2992
2994
2995
2996
2997
3000
3001
3002
3004
3006
3007
3009
3010
3011
3013
3014
3015
3017
3019
3020
3022
3024
3025
3027
3028
3029
3031
3033
3034
3036
3037
3038
3040
3042
3043
3045
3046
3048
3049
3050
3052
3053
3054
3056
3057
3059
3061
3062
3063
3065
3066
3069
3070
3072
3073
3075
3076
3078
3079
3081
3082
3084
3085
3087
3088
3089
3091
3092
3093
3095
3097
3099
3100
3101
3103
3105
3106
3108
3109
3111
3112
3113
3114
3116
3118
3119
3121
3123
3124
3125
3126
3129
3130
3132
3133
3134
3136
3137
3139
3141
3142
3144
3145
3146
3147
3150
3151
3152
3153
3156
3157
3158
3160
3162
3163
3165
3166
3167
3169
3170
3172
3174
3175
3176
3178
3180
3181
3182
3184
3186
3187
3189
3190
3192
3193
3195
3196
3198
3199
3200
3201
3204
3205
3207
3208
3210
3211
3213
3214
3216
3217
3218
3220
3221
3223
3225
3226
3227
3228
3230
3231
3233
3235
3236
3237
3239
3241
3243
3244
3246
3247
3249
3250
3252
3253
3255
3256
3257
3258
3260
3261
3263
3265
3267
3268
3270
3271
3273
3274
3276
3277
3278
3280
3282
3283
3285
3286
3287
3288
3290
3292
3294
3295
3297
3298
3299
3300
3302
3304
3305
3307
3308
3310
3311
3313
3315
3316
3318
3319
3320
3322
3323
3324
3327
3328
3329
3331
3332
3334
3336
3337
3339
3340
3341
3342
3345
3346
3347
3349
3351
3352
3353
3355
3357
3358
3359
3361
3363
3364
3365
3366
3369
3370
3372
3373
3374
3376
3377
3378
3380
3382
3384
3385
3387
3388
3390
3391
3392
3394
3396
3397
3399
3400
3402
3403
3404
3405
3407
3408
3410
3411
3414
3415
3416
3418
3419
3420
3423
3424
3425
3426
3429
3430
3432
3433
3435
3436
3437
3438
3440
3442
3444
3445
3446
3447
3450
3451
3453
3454
3456
3457
3459
3460
3462
3463
3464
3466
3467
3469
3470
3472
3473
3475
3476
3477
3480
3481
3483
3484
3485
3487
3489
3490
3491
3492
3495
3496
3497
3498
3501
3502
3504
3505
3507
3508
3510
3511
3513
3514
3515
3517
3519
3520
3521
3523
3524
3525
3527
3528
3530
3531
3533
3535
3537
3538
3539
3540
3542
3544
3545
3547
3548
3550
3551
3553
3555
3556
3557
3559
3560
3561
3563
3565
3566
3568
3569
3571
3573
3574
3575
3576
3579
3580
3581
3583
3584
3586
3588
3589
3590
3592
3593
3594
3597
3598
3600
3601
3603
3604
3605
3607
3608
3609
3612
3613
3614
3616
3617
3619
3620
3622
3623
3624
3626
3628
3629
3630
3632
3633
3635
3637
3638
3639
3642
3643
3645
3646
3647
3648
3651
3652
3653
3655
3657
3659
3661
3666
3668
3669
3672
3673
3675
3676
3677
3678
3680
3682
3683
3684
3686
3688
3689
3690
3691
3693
3695
3697
3698
3700
3701
3704
3708
3709
3711
3712
3713
3714
3716
3718
3721
3723
3724
3725
3728
3733
3735
3736
3738
3740
3741
3743
3745
3746
3749
3753
3754
3755
3757
3758
3760
3761
3766
3768
3770
3772
3774
3777
3782
3783
3786
3787
3790
3792
3793
3794
3800
3802
3804
3805
3808
3809
3810
3811
3814
3816
3817
3818
3819
3820
3825
3826
3830
3832
3834
3835
3836
3837
3839
3841
3842
3844
3846
3848
3849
3850
3851
3852
3853
3854
3857
3858
3859
3860
3861
3864
3865
3866
3867
3869
3870
3871
3872
3873
