s vc 1490 960
1
2
6
7
10
11
12
16
20
21
22
23
24
25
27
30
31
34
38
39
41
42
46
49
53
55
56
57
63
64
66
68
69
72
75
76
77
78
79
80
83
84
85
87
89
91
93
94
98
99
100
101
103
104
105
107
108
111
112
113
115
117
118
119
121
123
124
125
127
128
130
132
133
134
136
137
139
141
142
144
145
146
147
150
151
153
154
155
157
158
159
161
163
165
166
167
169
171
172
173
174
176
177
180
181
182
184
185
186
188
190
191
192
195
196
197
198
201
202
203
204
207
208
210
211
213
214
215
217
218
219
221
223
224
226
227
229
230
232
233
234
236
238
239
241
242
244
245
247
248
249
251
252
255
256
258
259
261
262
264
265
266
267
269
271
272
274
276
277
279
280
282
283
284
286
288
289
291
292
294
295
296
298
299
301
302
303
305
307
309
310
311
313
314
316
318
319
320
321
324
325
326
327
329
331
332
333
335
337
338
339
341
342
344
345
347
348
350
351
353
354
357
358
359
361
363
364
365
366
369
370
372
373
374
376
378
379
380
382
384
385
386
387
389
391
393
394
396
397
399
400
401
402
404
405
407
409
410
412
414
415
416
417
419
421
423
424
425
427
428
430
431
432
435
436
437
439
441
442
443
445
447
448
449
450
452
453
455
456
458
460
462
463
465
466
467
469
471
472
473
475
477
478
479
480
482
484
486
487
488
490
491
493
494
495
497
498
500
501
504
505
506
507
509
510
512
513
516
517
519
520
521
522
525
526
527
528
531
532
533
535
537
538
539
540
542
543
546
547
548
549
552
553
554
555
557
558
560
561
564
565
567
568
569
571
572
573
576
577
579
580
581
582
584
586
587
589
590
591
593
594
596
597
599
600
603
604
605
606
609
610
612
613
614
615
618
619
620
622
623
625
626
628
630
631
632
634
635
636
638
640
641
643
644
646
647
649
650
651
654
655
656
657
660
661
662
663
665
666
668
670
672
673
674
675
677
678
680
681
683
685
686
688
689
691
692
693
695
697
698
699
702
703
704
705
707
708
710
711
713
714
716
718
719
721
722
723
726
727
728
729
731
733
734
736
737
739
741
742
743
744
746
748
749
751
752
753
756
757
758
760
761
763
765
766
767
768
770
771
773
774
776
778
779
780
782
783
785
787
789
790
791
792
795
796
797
799
800
801
804
805
807
808
809
811
812
813
816
817
818
820
822
823
825
826
827
828
830
832
833
835
836
838
840
841
843
844
845
847
849
850
851
852
855
856
858
859
860
861
863
864
866
867
869
871
872
874
875
876
878
880
881
883
885
886
888
889
891
892
894
895
896
898
900
901
902
904
905
907
908
910
911
913
914
916
918
919
921
922
923
924
926
928
930
931
933
934
935
936
938
940
941
943
944
945
947
949
951
952
953
955
956
958
959
961
963
964
965
967
968
969
971
973
974
976
977
979
980
982
983
984
986
988
989
990
993
994
996
997
999
1000
1001
1002
1005
1006
1007
1009
1010
1012
1014
1015
1017
1018
1019
1021
1022
1024
1026
1027
1028
1030
1032
1033
1035
1036
1038
1039
1040
1041
1043
1045
1047
1048
1049
1050
1053
1054
1055
1056
1058
1060
1061
1062
1064
1065
1067
1069
1071
1072
1073
1074
1077
1078
1079
1080
1083
1084
1085
1087
1088
1090
1091
1093
1094
1096
1097
1099
1101
1102
1103
1104
1107
1108
1110
1111
1113
1114
1115
1116
1118
1119
1121
1123
1124
1125
1128
1129
1130
1131
1133
1134
1136
1138
1139
1140
1143
1144
1145
1147
1148
1149
1151
1153
1155
1156
1157
1158
1161
1162
1163
1164
1166
1167
1169
1171
1172
1174
1175
1177
1178
1180
1181
1183
1184
1186
1187
1188
1191
1192
1194
1195
1196
1197
1200
1201
1202
1203
1205
1207
1209
1210
1211
1212
1215
1216
1217
1218
1220
1221
1223
1224
1227
1228
1229
1230
1232
1234
1235
1236
1239
1240
1242
1243
1244
1246
1247
1248
1251
1252
1253
1254
1256
1258
1260
1261
1262
1263
1265
1266
1268
1269
1271
1273
1274
1275
1277
1279
1280
1281
1283
1285
1286
1287
1290
1291
1292
1294
1296
1297
1299
1300
1302
1303
1305
1306
1308
1309
1310
1311
1313
1314
1316
1318
1319
1321
1322
1323
1325
1327
1329
1330
1331
1332
1335
1336
1338
1339
1340
1341
1343
1344
1346
1347
1349
1351
1352
1353
1355
1356
1359
1360
1361
1363
1365
1366
1367
1369
1371
1372
1373
1375
1376
1377
1379
1380
1382
1384
1386
1387
1388
1390
1393
1394
1395
1398
1399
1403
1404
1405
1407
1408
1409
1416
1418
1419
1422
1423
1425
1426
1427
1430
1433
1434
1435
1437
1438
1440
1441
1442
1444
1448
1449
1450
1451
1452
1455
1457
1460
1461
1463
1464
1471
1472
1476
1478
1480
1482
1485
1486
1487
