s vc 11349 7015
1
6
7
10
13
16
20
23
25
30
32
36
38
40
44
48
50
53
57
59
61
64
69
71
74
76
80
83
87
89
93
96
99
101
104
107
109
112
115
119
123
124
127
130
135
138
141
143
146
148
151
156
158
160
164
167
171
173
175
178
182
184
187
191
194
196
201
204
205
210
211
216
217
222
225
228
229
234
236
238
241
244
247
252
253
258
261
262
267
270
272
276
278
281
283
288
290
292
295
300
302
304
309
310
315
318
321
322
327
329
331
336
339
342
345
348
350
353
357
358
362
364
368
371
374
376
377
378
379
380
381
382
383
384
385
386
387
389
390
391
392
393
394
396
397
398
399
400
401
402
403
404
405
406
407
408
409
410
411
412
413
414
415
416
418
419
420
421
422
423
424
425
426
427
428
429
430
433
434
435
436
437
438
440
441
442
443
444
445
447
449
450
451
452
454
455
457
458
459
460
462
463
464
465
466
467
468
469
470
471
473
474
476
477
478
479
480
481
482
483
485
486
487
488
489
491
492
493
494
495
497
498
499
500
501
503
504
505
507
508
509
511
512
513
514
515
516
517
519
521
522
523
525
529
531
532
533
534
535
536
537
539
540
542
543
544
545
546
549
550
551
553
554
555
556
557
558
559
561
562
564
566
567
569
570
571
572
573
574
575
576
577
578
580
581
582
583
584
585
587
588
589
590
591
593
594
595
596
597
598
599
600
601
602
603
604
606
608
610
611
612
614
615
616
617
618
619
620
622
623
624
625
626
627
628
629
630
631
632
633
634
635
636
637
638
639
640
643
644
645
646
647
648
650
651
652
653
654
656
657
658
659
660
661
662
663
664
665
667
668
670
671
672
674
675
676
679
680
681
682
683
684
686
687
688
689
690
691
692
693
694
695
696
697
698
699
700
701
702
703
704
708
709
710
711
712
713
714
715
716
717
718
719
720
721
722
723
724
725
726
728
729
730
732
733
734
735
736
737
738
740
741
742
744
746
747
748
749
751
753
754
756
757
758
759
760
761
763
764
765
766
767
768
769
770
771
772
773
774
775
776
777
778
779
781
782
783
784
786
787
789
790
791
793
795
796
797
798
799
800
801
802
803
804
805
806
807
808
809
810
811
813
814
815
816
817
818
819
820
821
822
823
825
826
828
829
830
831
832
833
834
835
836
837
838
839
840
841
843
844
845
846
847
848
849
850
851
852
853
854
856
858
859
860
861
862
863
864
865
866
867
868
869
870
871
872
873
874
875
876
877
878
879
880
881
882
883
884
885
886
887
888
889
891
892
893
895
897
898
899
900
901
902
904
905
906
907
908
909
910
911
912
913
914
916
917
918
919
921
922
923
924
925
926
928
929
930
931
932
933
934
935
936
937
938
939
940
941
942
943
944
945
946
947
948
949
951
952
953
954
955
956
957
958
959
960
961
964
965
966
967
969
970
971
972
973
974
975
976
977
978
979
980
981
982
983
984
985
988
989
990
991
992
993
994
995
996
997
998
1000
1001
1003
1004
1006
1007
1008
1009
1010
1011
1012
1013
1015
1016
1017
1018
1019
1020
1021
1022
1023
1024
1025
1026
1027
1028
1029
1030
1031
1032
1033
1034
1035
1036
1037
1038
1039
1040
1041
1042
1043
1044
1045
1046
1048
1049
1050
1051
1052
1053
1054
1055
1056
1057
1058
1059
1060
1061
1062
1063
1064
1065
1066
1067
1068
1069
1070
1071
1072
1073
1074
1075
1076
1077
1078
1079
1080
1081
1082
1083
1084
1085
1086
1087
1088
1089
1090
1091
1092
1093
1095
1096
1097
1098
1099
1100
1101
1102
1103
1105
1106
1108
1109
1110
1111
1113
1114
1116
1117
1118
1119
1120
1121
1122
1123
1125
1126
1127
1129
1130
1131
1132
1133
1134
1135
1136
1137
1138
1139
1140
1141
1142
1144
1146
1147
1148
1149
1150
1151
1152
1153
1155
1156
1157
1158
1159
1160
1162
1163
1165
1166
1167
1168
1169
1170
1171
1173
1174
1175
1176
1177
1178
1179
1180
1181
1182
1183
1185
1186
1188
1189
1190
1191
1192
1193
1194
1195
1196
1197
1198
1199
1200
1201
1202
1203
1204
1205
1206
1207
1209
1210
1211
1212
1213
1215
1216
1217
1218
1219
1220
1221
1222
1223
1224
1225
1226
1228
1231
1232
1234
1235
1236
1237
1238
1239
1240
1241
1242
1243
1244
1246
1247
1248
1249
1250
1251
1252
1253
1254
1255
1256
1258
1260
1261
1262
1263
1264
1265
1266
1267
1269
1270
1271
1272
1273
1274
1275
1276
1277
1278
1279
1280
1281
1282
1283
1285
1287
1288
1290
1291
1292
1293
1294
1295
1297
1298
1299
1300
1301
1302
1303
1304
1305
1306
1307
1308
1309
1310
1311
1312
1313
1314
1315
1316
1318
1320
1321
1322
1323
1324
1325
1326
1327
1328
1330
1333
1335
1336
1338
1339
1342
1344
1345
1346
1347
1348
1349
1350
1351
1354
1356
1357
1358
1359
1360
1361
1362
1363
1364
1366
1367
1368
1369
1370
1371
1372
1373
1374
1375
1376
1377
1378
1379
1380
1381
1382
1383
1384
1385
1386
1387
1388
1389
1390
1391
1393
1394
1396
1397
1398
1399
1400
1401
1402
1403
1404
1405
1406
1407
1408
1410
1411
1412
1413
1414
1415
1416
1417
1418
1419
1420
1421
1422
1423
1425
1426
1427
1428
1429
1430
1431
1432
1433
1435
1436
1437
1438
1440
1441
1443
1444
1445
1446
1447
1448
1449
1450
1451
1452
1453
1454
1455
1456
1457
1459
1460
1462
1463
1465
1466
1467
1468
1469
1471
1472
1473
1474
1475
1476
1477
1478
1479
1480
1482
1483
1484
1486
1488
1489
1490
1491
1492
1493
1494
1495
1496
1497
1498
1500
1501
1502
1503
1504
1507
1508
1509
1510
1511
1512
1513
1514
1515
1516
1517
1518
1519
1522
1523
1524
1525
1528
1529
1530
1531
1532
1533
1534
1535
1536
1537
1538
1539
1540
1541
1543
1546
1547
1548
1549
1550
1551
1552
1553
1554
1555
1557
1558
1559
1560
1561
1562
1564
1565
1566
1567
1568
1569
1570
1572
1573
1574
1575
1576
1577
1578
1579
1580
1581
1582
1583
1584
1585
1586
1588
1589
1590
1591
1592
1593
1594
1595
1596
1597
1598
1599
1600
1601
1602
1603
1605
1606
1608
1609
1610
1611
1612
1613
1614
1615
1618
1619
1620
1621
1622
1623
1624
1625
1626
1627
1629
1630
1631
1632
1633
1634
1635
1636
1637
1638
1639
1640
1641
1642
1643
1645
1646
1647
1648
1649
1650
1651
1652
1654
1656
1657
1658
1660
1662
1663
1664
1666
1668
1669
1670
1673
1674
1676
1677
1678
1679
1682
1683
1684
1685
1688
1689
1690
1691
1693
1694
1696
1698
1699
1700
1702
1704
1705
1706
1709
1710
1711
1712
1715
1716
1717
1719
1720
1721
1723
1725
1726
1727
1730
1731
1732
1733
1736
1737
1738
1739
1741
1743
1744
1746
1747
1748
1751
1752
1753
1754
1757
1758
1759
1761
1762
1763
1765
1767
1768
1769
1772
1773
1774
1775
1778
1779
1781
1782
1783
1784
1786
1787
1790
1791
1792
1794
1795
1796
1798
1800
1802
1803
1804
1805
1807
1809
1810
1811
1813
1815
1816
1817
1819
1821
1822
1824
1825
1826
1828
1830
1831
1832
1834
1836
1837
1838
1841
1842
1844
1845
1846
1847
1850
1851
1852
1853
1856
1857
1858
1859
1861
1862
1865
1866
1867
1868
1871
1872
1873
1874
1876
1878
1879
1880
1882
1884
1885
1887
1888
1889
1892
1893
1894
1895
1898
1899
1900
1901
1903
1904
1907
1908
1909
1910
1913
1914
1915
1916
1918
1920
1921
1922
1924
1926
1927
1929
1930
1931
1933
1935
1936
1937
1939
1940
1943
1944
1946
1947
1949
1950
1951
1952
1955
1956
1957
1958
1960
1962
1963
1964
1966
1968
1970
1971
1972
1973
1976
1977
1978
1979
1982
1983
1984
1985
1987
1988
1991
1992
1993
1994
1996
1998
1999
2000
2002
2004
2005
2006
2008
2010
2012
2013
2014
2015
2017
2019
2020
2021
2023
2025
2026
2027
2029
2031
2033
2034
2035
2036
2038
2039
2042
2043
2044
2045
2048
2049
2050
2051
2054
2055
2056
2057
2059
2061
2062
2063
2065
2067
2068
2069
2071
2073
2074
2076
2077
2078
2080
2082
2083
2084
2087
2088
2089
2090
2093
2094
2095
2096
2098
2100
2101
2103
2104
2105
2108
2109
2110
2111
2114
2115
2116
2118
2119
2120
2123
2124
2125
2126
2129
2130
2131
2132
2134
2135
2138
2139
2140
2141
2143
2144
2146
2148
2149
2151
2152
2153
2155
2157
2158
2159
2162
2163
2164
2166
2167
2168
2170
2172
2173
2174
2176
2178
2179
2181
2182
2183
2185
2187
2188
2189
2191
2192
2195
2196
2198
2199
2201
2202
2203
2204
2207
2208
2209
2210
2212
2213
2215
2217
2218
2220
2222
2223
2224
2225
2228
2229
2230
2231
2233
2235
2236
2237
2239
2241
2242
2244
2245
2246
2248
2249
2252
2253
2255
2256
2257
2258
2260
2261
2264
2265
2266
2267
2269
2271
2272
2273
2275
2277
2278
2279
2281
2283
2285
2286
2287
2288
2291
2292
2293
2294
2297
2298
2299
2300
2302
2303
2306
2307
2308
2309
2312
2313
2314
2315
2318
2319
2320
2321
2323
2324
2326
2327
2329
2331
2333
2334
2335
2336
2339
2340
2341
2342
2344
2345
2347
2348
2351
2352
2354
2355
2356
2357
2359
2361
2362
2363
2365
2367
2369
2370
2371
2372
2375
2376
2377
2378
2380
2382
2383
2384
2386
2388
2390
2391
2392
2393
2395
2397
2398
2399
2401
2403
2404
2405
2407
2409
2410
2411
2413
2415
2416
2418
2419
2420
2423
2424
2425
2426
2429
2430
2431
2433
2434
2435
2437
2439
2440
2441
2443
2445
2446
2447
2450
2451
2452
2453
2455
2457
2458
2460
2461
2462
2464
2466
2467
2468
2471
2472
2474
2475
2476
2477
2480
2481
2482
2483
2485
2487
2488
2489
2491
2493
2494
2495
2498
2499
2501
2502
2503
2504
2507
2508
2509
2510
2512
2513
2515
2517
2518
2519
2521
2523
2524
2525
2527
2529
2530
2531
2534
2535
2536
2537
2539
2541
2542
2544
2545
2546
2548
2550
2551
2552
2555
2556
2557
2559
2560
2561
2563
2564
2566
2568
2570
2571
2572
2573
2576
2577
2579
2580
2581
2582
2585
2586
2587
2588
2590
2591
2594
2595
2596
2597
2600
2601
2602
2603
2606
2607
2608
2609
2612
2613
2614
2615
2617
2618
2621
2622
2623
2624
2627
2628
2629
2630
2633
2634
2635
2636
2638
2639
2642
2643
2644
2645
2647
2648
2650
2652
2653
2655
2656
2657
2659
2661
2662
2663
2666
2667
2668
2670
2671
2672
2674
2676
2677
2678
2680
2682
2683
2685
2686
2687
2689
2690
2692
2694
2696
2697
2698
2699
2702
2703
2704
2705
2707
2709
2710
2711
2713
2715
2716
2717
2720
2721
2723
2724
2725
2727
2728
2729
2731
2732
2735
2736
2738
2739
2740
2741
2743
2744
2747
2748
2749
2750
2753
2754
2755
2756
2758
2760
2761
2762
2764
2766
2767
2769
2770
2771
2773
2775
2776
2777
2779
2781
2782
2783
2786
2787
2788
2789
2792
2793
2795
2796
2797
2798
2800
2802
2803
2804
2806
2808
2809
2810
2813
2814
2815
2817
2818
2819
2821
2823
2824
2825
2827
2829
2830
2832
2833
2834
2837
2838
2839
2840
2843
2844
2845
2846
2848
2849
2851
2852
2855
2856
2857
2858
2860
2862
2863
2865
2866
2867
2869
2871
2872
2874
2875
2876
2878
2880
2881
2882
2884
2885
2887
2889
2891
2892
2893
2895
2896
2897
2899
2901
2902
2903
2905
2907
2908
2909
2912
2913
2915
2916
2917
2918
2920
2922
2923
2924
2926
2928
2929
2930
2932
2934
2935
2937
2938
2939
2941
2942
2944
2946
2948
2949
2950
2951
2954
2955
2956
2958
2959
2960
2962
2963
2965
2967
2969
2970
2971
2972
2975
2976
2977
2978
2981
2982
2983
2985
2986
2987
2989
2991
2992
2993
2995
2997
2998
2999
3002
3003
3004
3006
3007
3008
3010
3012
3013
3014
3016
3018
3019
3021
3022
3023
3025
3027
3028
3029
3032
3033
3034
3035
3038
3039
3041
3042
3043
3044
3047
3048
3049
3050
3053
3054
3055
3056
3058
3059
3062
3063
3064
3065
3068
3069
3070
3071
3073
3074
3077
3078
3079
3080
3082
3084
3085
3086
3088
3090
3091
3092
3095
3096
3097
3098
3101
3102
3103
3105
3106
3107
3110
3111
3112
3113
3116
3117
3118
3119
3121
3122
3124
3125
3127
3129
3130
3132
3133
3134
3137
3138
3139
3140
3143
3144
3146
3147
3148
3149
3152
3153
3154
3155
3158
3159
3160
3161
3163
3164
3166
3167
3169
3171
3172
3174
3175
3176
3178
3180
3181
3182
3185
3186
3188
3189
3190
3191
3194
3195
3196
3197
3200
3201
3202
3203
3205
3206
3209
3210
3211
3212
3215
3216
3217
3218
3221
3222
3223
3224
3226
3227
3230
3231
3232
3233
3236
3237
3238
3239
3242
3243
3244
3245
3247
3248
3250
3252
3253
3254
3256
3257
3259
3261
3262
3264
3265
3266
3269
3270
3271
3272
3274
3276
3278
3279
3280
3281
3283
3284
3287
3288
3289
3290
3293
3294
3295
3296
3298
3300
3301
3302
3304
3306
3307
3308
3310
3312
3313
3314
3316
3318
3319
3321
3322
3323
3325
3327
3328
3329
3332
3333
3334
3336
3337
3338
3340
3342
3343
3344
3347
3348
3349
3350
3353
3354
3355
3357
3358
3359
3361
3363
3364
3365
3367
3368
3371
3372
3374
3375
3376
3378
3379
3380
3382
3384
3385
3386
3389
3390
3391
3392
3395
3396
3398
3399
3400
3401
3404
3405
3406
3407
3410
3411
3412
3413
3415
3416
3418
3420
3421
3422
3424
3426
3427
3428
3431
3432
3433
3434
3437
3438
3439
3441
3442
3443
3446
3447
3448
3449
3452
3453
3454
3455
3457
3458
3460
3462
3463
3464
3467
3468
3469
3470
3473
3474
3475
3476
3478
3479
3481
3483
3484
3485
3487
3489
3490
3491
3494
3495
3496
3497
3500
3501
3503
3504
3505
3506
3508
3509
3512
3513
3514
3515
3518
3519
3520
3521
3523
3525
3526
3527
3530
3531
3532
3533
3536
3537
3538
3539
3541
3542
3545
3546
3547
3548
3551
3552
3553
3554
3556
3558
3559
3560
3562
3564
3565
3566
3569
3570
3572
3573
3574
3575
3578
3579
3580
3581
3583
3584
3587
3588
3589
3590
3592
3594
3595
3596
3598
3600
3601
3602
3604
3606
3607
3608
3611
3612
3614
3615
3616
3617
3619
3621
3622
3623
3625
3627
3628
3630
3631
3632
3634
3636
3637
3638
3641
3642
3643
3644
3647
3648
3650
3651
3652
3653
3656
3657
3658
3659
3662
3663
3664
3665
3667
3668
3671
3672
3673
3674
3676
3678
3679
3680
3682
3683
3685
3687
3688
3690
3691
3693
3694
3695
3697
3699
3700
3701
3703
3704
3707
3708
3710
3711
3712
3714
3715
3716
3718
3720
3721
3722
3724
3726
3727
3728
3731
3732
3733
3734
3736
3738
3740
3741
3742
3743
3746
3747
3748
3749
3751
3752
3755
3756
3757
3758
3760
3761
3764
3765
3766
3767
3769
3771
3772
3774
3775
3777
3778
3779
3781
3783
3784
3785
3787
3789
3790
3791
3794
3795
3797
3798
3799
3800
3803
3804
3805
3806
3809
3810
3811
3812
3814
3815
3817
3818
3820
3822
3823
3825
3826
3827
3829
3831
3832
3833
3836
3837
3838
3840
3841
3842
3845
3846
3847
3848
3851
3852
3853
3854
3856
3857
3860
3861
3862
3863
3866
3867
3868
3869
3872
3873
3874
3875
3877
3878
3881
3882
3883
3884
3887
3888
3889
3890
3893
3894
3895
3896
3898
3899
3901
3903
3904
3905
3907
3909
3910
3911
3913
3915
3916
3917
3920
3921
3923
3924
3925
3926
3929
3930
3931
3932
3935
3936
3937
3938
3940
3941
3944
3945
3946
3947
3950
3951
3952
3953
3955
3956
3958
3960
3961
3963
3964
3965
3967
3969
3970
3971
3973
3975
3977
3978
3979
3980
3983
3984
3986
3987
3988
3989
3992
3993
3994
3995
3998
3999
4001
4002
4003
4004
4007
4008
4009
4010
4013
4014
4015
4016
4019
4020
4021
4022
4024
4025
4027
4029
4030
4031
4034
4035
4036
4037
4040
4041
4042
4043
4045
4046
4049
4050
4051
4052
4055
4056
4057
4058
4061
4062
4063
4064
4066
4067
4070
4071
4072
4073
4076
4077
4078
4079
4082
4083
4084
4085
4087
4088
4091
4092
4093
4094
4097
4098
4099
4100
4102
4104
4105
4106
4108
4110
4111
4112
4115
4116
4118
4119
4120
4121
4123
4125
4126
4127
4129
4131
4133
4134
4135
4137
4138
4139
4142
4143
4145
4146
4148
4149
4150
4151
4153
4155
4156
4157
4159
4161
4162
4163
4166
4167
4168
4169
4172
4173
4175
4176
4177
4178
4181
4182
4183
4184
4186
4188
4189
4190
4192
4194
4195
4196
4198
4200
4201
4203
4204
4205
4207
4209
4210
4211
4214
4215
4217
4218
4219
4220
4222
4223
4226
4227
4228
4230
4231
4232
4234
4236
4237
4238
4241
4242
4244
4245
4246
4247
4249
4251
4252
4253
4255
4257
4259
4260
4261
4262
4265
4266
4267
4268
4270
4271
4273
4275
4276
4278
4280
4281
4282
4283
4285
4286
4288
4290
4291
4293
4294
4295
4298
4299
4300
4301
4303
4304
4306
4308
4309
4311
4312
4313
4316
4317
4319
4320
4322
4323
4324
4325
4327
4329
4330
4332
4334
4335
4336
4337
4339
4341
4342
4343
4346
4347
4349
4350
4352
4353
4355
4356
4358
4359
4360
4361
4363
4365
4366
4367
4369
4371
4372
4373
4375
4377
4378
4379
4382
4383
4384
4385
4387
4389
4390
4391
4393
4395
4396
4397
4400
4401
4402
4403
4405
4407
4408
4409
4412
4413
4414
4415
4418
4419
4420
4421
4423
4425
4426
4427
4430
4431
4432
4433
4436
4437
4438
4439
4441
4443
4444
4445
4448
4449
4450
4451
4453
4454
4457
4458
4459
4461
4462
4463
4465
4467
4468
4469
4472
4473
4474
4475
4478
4479
4480
4481
4483
4484
4486
4488
4490
4491
4492
4493
4496
4497
4498
4499
4501
4502
4504
4506
4507
4509
4510
4511
4514
4515
4516
4517
4520
4521
4522
4523
4525
4526
4528
4530
4532
4533
4534
4535
4537
4538
4540
4542
4543
4545
4546
4547
4550
4551
4552
4553
4556
4557
4558
4559
4561
4563
4564
4565
4568
4569
4571
4572
4574
4575
4576
4577
4579
4581
4582
4583
4586
4587
4589
4590
4591
4593
4594
4595
4597
4599
4600
4601
4604
4605
4606
4607
4609
4611
4612
4613
4615
4617
4618
4619
4622
4623
4624
4625
4627
4629
4630
4631
4633
4635
4636
4637
4640
4641
4642
4643
4645
4646
4648
4650
4651
4653
4654
4655
4658
4659
4660
4661
4663
4665
4666
4667
4669
4671
4672
4673
4676
4677
4678
4679
4681
4683
4684
4686
4687
4689
4690
4691
4694
4695
4696
4697
4700
4701
4702
4703
4705
4707
4708
4709
4712
4713
4714
4715
4717
4718
4721
4722
4723
4725
4726
4727
4730
4731
4732
4733
4735
4736
4738
4740
4742
4743
4744
4745
4748
4749
4750
4751
4753
4755
4756
4757
4759
4761
4762
4763
4766
4767
4768
4769
4771
4773
4774
4775
4777
4779
4780
4781
4783
4785
4786
4787
4790
4791
4792
4793
4795
4797
4798
4799
4801
4803
4804
4805
4808
4809
4810
4811
4813
4815
4816
4817
4819
4821
4822
4823
4825
4826
4829
4830
4832
4833
4834
4835
4838
4839
4840
4841
4844
4845
4846
4847
4849
4851
4852
4853
4855
4857
4858
4859
4862
4863
4864
4865
4868
4869
4870
4871
4873
4875
4876
4877
4880
4881
4882
4883
4886
4887
4888
4889
4892
4893
4894
4895
4898
4899
4900
4901
4903
4904
4906
4908
4910
4911
4912
4913
4915
4916
4919
4920
4921
4923
4924
4925
4928
4929
4930
4931
4934
4935
4936
4937
4939
4941
4942
4943
4946
4947
4948
4949
4951
4953
4954
4955
4957
4959
4960
4961
4964
4965
4966
4967
4969
4971
4972
4973
4975
4977
4978
4979
4982
4983
4984
4985
4987
4989
4990
4992
4993
4995
4996
4997
5000
5001
5002
5003
5005
5007
5008
5009
5012
5013
5014
5015
5018
5019
5021
5022
5023
5025
5026
5027
5029
5031
5032
5033
5035
5037
5038
5039
5042
5043
5044
5045
5048
5049
5051
5052
5053
5055
5056
5057
5060
5061
5062
5063
5066
5067
5068
5069
5072
5073
5074
5075
5077
5079
5080
5081
5084
5085
5086
5087
5089
5091
5092
5093
5096
5097
5098
5099
5101
5103
5104
5105
5107
5109
5110
5111
5113
5114
5117
5118
5119
5121
5122
5123
5126
5127
5128
5129
5131
5133
5134
5136
5137
5138
5141
5142
5143
5145
5146
5147
5149
5150
5152
5154
5156
5157
5159
5160
5161
5163
5164
5165
5168
5169
5170
5171
5174
5175
5176
5177
5179
5181
5182
5183
5186
5187
5188
5189
5191
5192
5195
5196
5197
5199
5200
5201
5204
5205
5207
5208
5210
5211
5212
5213
5215
5217
5218
5219
5222
5223
5224
5225
5227
5229
5230
5231
5233
5235
5236
5237
5240
5241
5243
5244
5245
5247
5248
5249
5252
5253
5254
5255
5257
5259
5260
5261
5263
5264
5266
5268
5269
5271
5272
5273
5276
5277
5279
5280
5281
5283
5284
5286
5287
5289
5290
5291
5293
5294
5297
5298
5299
5301
5302
5304
5305
5307
5308
5309
5312
5313
5314
5315
5317
5319
5320
5321
5323
5325
5326
5327
5330
5331
5332
5333
5335
5336
5338
5340
5341
5343
5344
5345
5348
5349
5350
5351
5353
5355
5356
5358
5359
5361
5362
5363
5366
5367
5368
5369
5371
5373
5374
5375
5378
5379
5380
5381
5384
5385
5387
5388
5389
5391
5392
5393
5395
5397
5398
5399
5401
5403
5404
5405
5408
5409
5410
5411
5413
5415
5416
5417
5420
5421
5422
5423
5425
5427
5428
5429
5431
5433
5434
5435
5438
5439
5440
5441
5443
5445
5446
5447
5449
5451
5452
5453
5456
5457
5458
5459
5461
5463
5464
5466
5467
5469
5470
5471
5473
5474
5477
5478
5479
5481
5482
5483
5486
5487
5489
5490
5492
5493
5494
5495
5497
5499
5500
5501
5504
5505
5506
5507
5510
5511
5512
5513
5515
5517
5518
5519
5521
5523
5524
5525
5528
5529
5530
5531
5534
5535
5536
5537
5539
5541
5542
5543
5545
5546
5548
5550
5551
5552
5555
5556
5557
5559
5560
5561
5564
5565
5567
5568
5570
5571
5572
5573
5575
5577
5578
5579
5582
5583
5585
5586
5588
5589
5590
5591
5594
5595
5596
5597
5600
5601
5603
5604
5605
5607
5608
5609
5611
5613
5614
5615
5618
5619
5620
5621
5624
5625
5626
5627
5630
5631
5632
5633
5635
5637
5638
5639
5641
5643
5644
5645
5648
5649
5650
5651
5653
5655
5656
5657
5660
5661
5663
5664
5666
5667
5668
5669
5671
5673
5674
5675
5678
5679
5680
5681
5684
5685
5686
5687
5689
5690
5692
5694
5695
5696
5699
5700
5702
5703
5704
5705
5708
5709
5710
5711
5713
5715
5716
5717
5720
5721
5722
5723
5725
5727
5728
5729
5732
5733
5734
5735
5738
5739
5740
5741
5743
5745
5746
5747
5750
5751
5752
5753
5755
5757
5758
5759
5761
5763
5764
5765
5767
5768
5771
5772
5773
5775
5776
5777
5779
5781
5782
5783
5785
5786
5789
5790
5791
5793
5794
5795
5797
5799
5800
5802
5803
5804
5807
5808
5809
5811
5812
5813
5815
5817
5818
5819
5822
5823
5824
5825
5827
5829
5830
5831
5834
5835
5836
5838
5840
5841
5842
5843
5845
5847
5848
5849
5852
5853
5854
5855
5857
5858
5861
5862
5863
5865
5866
5867
5870
5871
5872
5873
5875
5877
5878
5880
5882
5883
5884
5885
5888
5889
5890
5891
5893
5895
5896
5897
5900
5901
5902
5903
5906
5907
5908
5909
5911
5913
5914
5915
5918
5919
5920
5921
5924
5925
5926
5927
5929
5931
5932
5933
5935
5937
5938
5939
5942
5943
5945
5946
5948
5949
5950
5951
5953
5955
5956
5957
5960
5961
5962
5963
5965
5967
5969
5970
5972
5973
5974
5975
5977
5979
5980
5982
5984
5985
5986
5987
5990
5991
5992
5993
5995
5997
5998
5999
6001
6003
6004
6005
6008
6009
6010
6011
6014
6015
6016
6017
6019
6021
6022
6023
6026
6027
6028
6029
6032
6033
6034
6035
6037
6039
6040
6041
6043
6045
6046
6047
6050
6051
6053
6054
6055
6056
6059
6060
6061
6063
6064
6065
6068
6069
6070
6071
6074
6075
6076
6077
6080
6081
6082
6083
6086
6087
6088
6089
6091
6093
6094
6095
6097
6099
6100
6101
6104
6105
6106
6107
6110
6111
6112
6113
6115
6117
6118
6119
6122
6123
6124
6125
6128
6129
6130
6131
6133
6135
6136
6137
6140
6141
6142
6143
6146
6147
6148
6149
6152
6153
6154
6155
6158
6159
6160
6161
6163
6165
6166
6167
6169
6171
6172
6173
6176
6177
6179
6180
6181
6183
6184
6185
6188
6189
6190
6191
6194
6195
6196
6197
6199
6201
6202
6203
6205
6207
6208
6209
6212
6213
6214
6215
6218
6219
6220
6221
6224
6225
6226
6227
6229
6231
6232
6233
6236
6237
6238
6239
6241
6243
6244
6245
6248
6249
6250
6251
6254
6255
6256
6257
6260
6261
6262
6263
6265
6267
6268
6269
6272
6273
6274
6275
6278
6279
6280
6281
6283
6285
6286
6287
6290
6291
6292
6293
6296
6297
6298
6299
6302
6303
6305
6306
6307
6309
6310
6311
6313
6315
6316
6317
6320
6321
6323
6324
6325
6327
6328
6330
6331
6333
6334
6335
6338
6339
6341
6342
6343
6345
6346
6347
6350
6351
6352
6353
6356
6357
6358
6359
6361
6363
6364
6365
6367
6369
6370
6371
6374
6375
6377
6378
6379
6381
6382
6384
6385
6387
6388
6389
6391
6393
6394
6395
6397
6398
6401
6402
6403
6405
6406
6407
6409
6411
6412
6413
6415
6416
6419
6420
6421
6423
6424
6425
6427
6429
6430
6431
6434
6435
6436
6437
6439
6441
6442
6443
6445
6446
6448
6450
6452
6453
6454
6455
6457
6459
6460
6461
6463
6465
6466
6468
6470
6471
6473
6474
6475
6477
6478
6479
6482
6483
6484
6485
6488
6489
6490
6491
6493
6495
6496
6497
6500
6501
6502
6503
6506
6507
6508
6509
6511
6513
6514
6515
6517
6519
6520
6522
6524
6525
6526
6527
6529
6531
6532
6533
6536
6537
6538
6539
6541
6542
6544
6546
6547
6549
6550
6551
6554
6555
6557
6558
6559
6561
6562
6563
6566
6567
6568
6569
6572
6573
6574
6575
6577
6579
6580
6581
6583
6585
6586
6587
6590
6591
6592
6593
6596
6597
6598
6599
6601
6603
6604
6605
6608
6609
6610
6611
6614
6615
6616
6617
6619
6621
6622
6623
6626
6627
6628
6629
6631
6632
6634
6636
6637
6639
6640
6641
6643
6644
6647
6648
6649
6651
6652
6653
6655
6657
6658
6659
6662
6663
6664
6665
6668
6669
6670
6671
6674
6675
6677
6678
6680
6681
6683
6684
6685
6687
6688
6689
6691
6693
6694
6695
6697
6698
6701
6702
6703
6705
6706
6707
6710
6711
6712
6713
6716
6717
6719
6720
6721
6723
6724
6725
6728
6729
6730
6731
6734
6735
6736
6737
6739
6741
6742
6744
6746
6747
6748
6749
6752
6753
6754
6755
6757
6758
6760
6762
6764
6765
6767
6768
6769
6771
6772
6773
6775
6777
6778
6779
6782
6783
6784
6785
6787
6789
6790
6792
6793
6795
6796
6797
6800
6801
6802
6803
6805
6807
6808
6810
6811
6813
6814
6815
6818
6819
6820
6821
6823
6825
6826
6828
6829
6831
6832
6833
6836
6837
6838
6839
6842
6843
6844
6845
6847
6849
6850
6851
6854
6855
6856
6857
6859
6861
6862
6863
6866
6867
6868
6869
6872
6873
6875
6876
6877
6878
6880
6882
6883
6885
6886
6887
6890
6891
6892
6893
6895
6896
6898
6900
6902
6903
6904
6905
6908
6909
6910
6911
6913
6915
6916
6917
6920
6921
6922
6923
6926
6927
6928
6929
6932
6933
6934
6935
6937
6939
6940
6941
6944
6945
6946
6947
6949
6951
6952
6953
6955
6957
6958
6959
6961
6963
6964
6965
6968
6969
6970
6971
6974
6975
6976
6977
6979
6981
6982
6983
6986
6987
6989
6990
6991
6993
6994
6996
6997
6999
7000
7001
7004
7005
7006
7007
7009
7011
7012
7013
7015
7017
7018
7019
7021
7022
7024
7026
7028
7029
7030
7031
7033
7035
7036
7037
7039
7041
7042
7044
7046
7047
7048
7049
7051
7053
7054
7056
7057
7058
7061
7062
7064
7065
7066
7067
7070
7071
7072
7073
7076
7077
7078
7079
7081
7083
7084
7085
7088
7089
7090
7091
7093
7095
7096
7097
7099
7101
7102
7103
7106
7107
7108
7109
7111
7113
7114
7115
7117
7119
7120
7121
7124
7125
7126
7127
7129
7131
7132
7133
7135
7136
7139
7140
7142
7143
7144
7145
7147
7148
7150
7152
7153
7155
7156
7158
7160
7161
7162
7163
7165
7167
7168
7169
7171
7173
7174
7176
7178
7179
7180
7181
7183
7185
7186
7187
7189
7191
7192
7193
7196
7197
7198
7199
7201
7203
7204
7205
7207
7209
7210
7211
7214
7215
7216
7217
7219
7221
7222
7224
7226
7227
7228
7229
7231
7233
7234
7235
7237
7239
7240
7241
7243
7244
7247
7248
7249
7251
7252
7253
7255
7257
7258
7259
7262
7263
7264
7265
7267
7269
7270
7272
7273
7275
7276
7277
7280
7281
7282
7283
7285
7287
7288
7289
7292
7293
7294
7295
7298
7299
7300
7301
7304
7305
7306
7307
7309
7311
7312
7314
7316
7317
7319
7320
7321
7323
7324
7325
7327
7328
7330
7332
7334
7335
7336
7337
7339
7341
7342
7343
7345
7347
7348
7349
7352
7353
7355
7356
7357
7359
7360
7362
7363
7365
7366
7367
7370
7371
7372
7373
7375
7377
7378
7379
7381
7382
7384
7386
7388
7389
7391
7392
7394
7395
7396
7397
7400
7401
7402
7403
7405
7407
7408
7410
7411
7413
7414
7415
7418
7419
7420
7421
7423
7425
7426
7428
7430
7431
7432
7433
7436
7437
7438
7439
7441
7443
7444
7445
7447
7449
7450
7451
7454
7455
7456
7457
7459
7461
7462
7463
7465
7467
7468
7469
7472
7473
7474
7475
7477
7478
7480
7482
7483
7485
7486
7487
7489
7490
7493
7494
7495
7497
7498
7499
7502
7503
7504
7505
7507
7508
7510
7512
7514
7515
7516
7517
7520
7521
7522
7523
7525
7527
7528
7529
7531
7533
7534
7535
7538
7539
7540
7541
7543
7545
7546
7547
7549
7550
7553
7554
7556
7557
7559
7560
7561
7563
7564
7565
7568
7569
7570
7571
7574
7575
7576
7577
7579
7581
7582
7583
7585
7587
7588
7589
7592
7593
7594
7595
7597
7599
7601
7602
7603
7605
7606
7608
7610
7611
7612
7613
7615
7617
7618
7619
7621
7623
7624
7625
7627
7629
7630
7631
7633
7635
7636
7637
7640
7641
7642
7643
7645
7647
7648
7649
7651
7653
7654
7655
7658
7659
7660
7661
7664
7665
7666
7668
7669
7671
7672
7673
7675
7676
7679
7680
7681
7683
7684
7685
7687
7688
7691
7692
7693
7695
7696
7697
7699
7701
7702
7703
7706
7707
7708
7709
7711
7713
7714
7715
7718
7719
7720
7721
7724
7725
7726
7727
7729
7731
7732
7733
7736
7737
7738
7739
7741
7743
7744
7745
7747
7748
7750
7752
7754
7755
7756
7757
7759
7760
7763
7764
7765
7766
7768
7770
7772
7773
7774
7775
7777
7778
7781
7782
7783
7785
7786
7787
7790
7791
7792
7793
7795
7796
7799
7800
7801
7803
7804
7806
7807
7809
7810
7811
7813
7814
7817
7818
7819
7821
7822
7824
7825
7827
7828
7829
7831
7832
7835
7836
7838
7839
7840
7841
7843
7845
7846
7847
7850
7851
7852
7853
7855
7857
7858
7859
7861
7863
7864
7865
7868
7869
7870
7871
7873
7875
7876
7877
7879
7881
7882
7883
7885
7886
7889
7890
7891
7893
7894
7896
7897
7899
7900
7901
7904
7905
7907
7908
7909
7911
7912
7913
7915
7917
7918
7919
7922
7923
7924
7925
7927
7929
7930
7931
7933
7935
7936
7937
7939
7941
7942
7943
7946
7947
7948
7949
7951
7953
7954
7955
7957
7959
7960
7961
7963
7964
7967
7968
7970
7971
7972
7973
7976
7977
7978
7979
7981
7983
7984
7985
7988
7989
7990
7991
7993
7995
7996
7997
7999
8001
8002
8003
8006
8007
8009
8010
8012
8013
8014
8015
8017
8019
8020
8021
8024
8025
8026
8027
8029
8031
8032
8033
8035
8037
8038
8039
8042
8043
8044
8045
8047
8049
8050
8052
8053
8055
8056
8057
8060
8061
8062
8063
8065
8067
8068
8069
8071
8073
8074
8075
8077
8079
8080
8081
8084
8085
8086
8087
8089
8091
8092
8094
8095
8097
8098
8099
8102
8103
8105
8106
8108
8109
8110
8111
8114
8115
8116
8117
8119
8121
8122
8123
8125
8126
8129
8130
8132
8133
8134
8135
8137
8139
8140
8141
8143
8144
8146
8148
8150
8151
8152
8153
8155
8157
8158
8159
8161
8163
8164
8165
8168
8169
8171
8172
8173
8175
8176
8177
8179
8181
8182
8183
8186
8187
8188
8189
8192
8193
8194
8195
8197
8199
8200
8201
8204
8205
8206
8207
8209
8211
8212
8213
8216
8217
8218
8219
8222
8223
8224
8225
8227
8228
8231
8232
8233
8235
8236
8237
8240
8241
8243
8244
8245
8247
8248
8249
8251
8253
8254
8255
8258
8259
8261
8262
8263
8265
8266
8267
8269
8271
8272
8273
8276
8277
8278
8279
8282
8283
8284
8285
8287
8289
8290
8291
8294
8295
8296
8297
8300
8301
8302
8303
8305
8307
8308
8310
8311
8313
8314
8315
8317
8318
8321
8322
8323
8325
8326
8327
8330
8331
8332
8333
8335
8337
8338
8339
8341
8343
8344
8345
8347
8349
8350
8351
8353
8355
8356
8357
8360
8361
8362
8363
8365
8367
8368
8369
8372
8373
8374
8375
8377
8378
8381
8382
8383
8385
8386
8387
8389
8391
8392
8394
8396
8397
8398
8399
8401
8403
8404
8405
8408
8409
8411
8412
8414
8415
8416
8417
8419
8421
8422
8424
8425
8426
8428
8430
8432
8433
8434
8435
8438
8439
8440
8441
8443
8445
8446
8447
8449
8451
8452
8453
8456
8457
8458
8459
8461
8463
8464
8465
8468
8469
8470
8471
8474
8475
8477
8478
8479
8481
8482
8483
8486
8487
8488
8489
8492
8493
8495
8496
8497
8499
8500
8501
8504
8505
8506
8507
8510
8511
8512
8513
8515
8517
8518
8519
8521
8522
8525
8526
8528
8529
8530
8531
8533
8535
8536
8537
8539
8540
8542
8544
8546
8547
8548
8549
8551
8553
8554
8555
8557
8558
8560
8562
8564
8565
8566
8567
8569
8571
8572
8574
8575
8577
8578
8579
8582
8583
8585
8586
8587
8589
8590
8591
8593
8594
8597
8598
8600
8601
8602
8603
8605
8607
8608
8609
8611
8613
8614
8615
8618
8619
8620
8621
8623
8625
8626
8627
8629
8631
8632
8633
8636
8637
8639
8640
8641
8643
8644
8645
8647
8649
8650
8651
8653
8655
8656
8657
8659
8660
8663
8664
8666
8667
8669
8670
8671
8673
8674
8675
8678
8679
8680
8681
8683
8684
8687
8688
8689
8691
8692
8693
8695
8696
8698
8700
8702
8703
8704
8705
8707
8709
8710
8711
8713
8715
8716
8717
8720
8721
8722
8723
8726
8727
8728
8729
8731
8733
8734
8735
8738
8739
8740
8741
8743
8745
8746
8747
8750
8751
8753
8754
8756
8757
8758
8759
8762
8763
8764
8765
8767
8768
8770
8772
8774
8775
8776
8777
8780
8781
8782
8783
8786
8787
8788
8789
8791
8793
8794
8795
8798
8799
8800
8801
8803
8804
8807
8808
8809
8810
8812
8814
8815
8817
8818
8819
8822
8823
8824
8825
8828
8829
8830
8831
8834
8835
8836
8837
8839
8841
8842
8844
8846
8847
8848
8849
8852
8853
8854
8855
8857
8859
8860
8861
8864
8865
8866
8867
8869
8871
8872
8873
8876
8877
8878
8879
8881
8883
8884
8885
8888
8889
8890
8891
8894
8895
8897
8898
8899
8900
8902
8904
8906
8907
8908
8909
8912
8913
8914
8915
8917
8919
8920
8922
8924
8925
8926
8927
8930
8931
8933
8934
8935
8936
8938
8940
8942
8943
8944
8945
8947
8949
8950
8952
8953
8955
8956
8957
8960
8961
8962
8963
8965
8967
8968
8969
8971
8973
8974
8975
8978
8979
8980
8981
8983
8985
8986
8987
8989
8991
8992
8993
8996
8997
8998
8999
9001
9003
9004
9005
9007
9009
9010
9012
9014
9015
9016
9017
9019
9021
9022
9023
9025
9026
9029
9030
9032
9033
9034
9035
9037
9038
9040
9042
9043
9044
9046
9048
9049
9051
9052
9053
9056
9057
9058
9059
9062
9063
9064
9065
9068
9069
9070
9071
9073
9075
9076
9077
9080
9081
9083
9084
9086
9087
9088
9089
9091
9093
9094
9095
9097
9099
9100
9101
9103
9105
9106
9107
9109
9110
9113
9114
9116
9117
9118
9119
9122
9123
9124
9125
9127
9129
9130
9132
9134
9135
9136
9137
9140
9141
9142
9143
9145
9147
9148
9149
9151
9152
9155
9156
9158
9159
9160
9161
9164
9165
9166
9167
9169
9171
9172
9174
9175
9177
9178
9179
9182
9183
9184
9185
9187
9189
9190
9192
9194
9195
9196
9197
9200
9201
9203
9204
9205
9207
9208
9209
9211
9213
9214
9215
9218
9219
9220
9221
9223
9225
9226
9227
9229
9231
9232
9233
9236
9237
9238
9239
9242
9243
9244
9245
9248
9249
9250
9251
9253
9255
9256
9257
9259
9261
9262
9263
9265
9267
9268
9269
9271
9273
9274
9276
9278
9279
9280
9281
9284
9285
9286
9287
9290
9291
9293
9294
9295
9296
9298
9300
9302
9303
9304
9305
9307
9309
9310
9311
9314
9315
9316
9317
9320
9321
9322
9323
9325
9327
9328
9329
9332
9333
9335
9336
9338
9339
9340
9341
9344
9345
9347
9348
9349
9351
9352
9353
9356
9357
9358
9359
9361
9363
9364
9365
9368
9369
9370
9371
9374
9375
9376
9377
9379
9381
9382
9383
9385
9387
9388
9389
9392
9393
9394
9395
9397
9399
9400
9402
9403
9405
9406
9408
9410
9411
9412
9413
9415
9417
9418
9420
9421
9423
9424
9425
9428
9429
9430
9431
9433
9435
9436
9437
9439
9441
9442
9443
9445
9447
9448
9450
9451
9453
9454
9455
9458
9459
9460
9461
9464
9465
9466
9467
9470
9471
9473
9474
9475
9476
9478
9480
9482
9483
9484
9485
9487
9489
9490
9491
9493
9495
9496
9497
9500
9501
9502
9503
9505
9507
9508
9509
9511
9513
9514
9515
9517
9519
9520
9521
9523
9525
9526
9528
9530
9531
9532
9533
9535
9537
9538
9539
9541
9542
9544
9546
9548
9549
9550
9551
9553
9555
9556
9557
9559
9561
9562
9563
9566
9567
9568
9569
9571
9573
9574
9575
9577
9579
9580
9581
9584
9585
9586
9587
9590
9591
9592
9593
9595
9597
9598
9599
9601
9603
9604
9605
9608
9609
9610
9611
9614
9615
9616
9617
9619
9621
9622
9623
9626
9627
9628
9629
9631
9633
9634
9635
9637
9638
9641
9642
9643
9645
9646
9647
9649
9651
9652
9653
9656
9657
9658
9659
9661
9663
9664
9665
9668
9669
9671
9672
9674
9675
9676
9677
9679
9681
9682
9683
9685
9687
9688
9689
9691
9692
9695
9696
9698
9699
9700
9701
9704
9705
9707
9708
9710
9711
9713
9714
9715
9717
9718
9720
9722
9723
9724
9725
9727
9729
9730
9731
9733
9735
9737
9738
9739
9741
9742
9743
9745
9747
9748
9750
9751
9752
9754
9756
9758
9759
9761
9762
9763
9764
9766
9768
9769
9771
9773
9774
9775
9777
9778
9780
9781
9782
9784
9786
9787
9788
9790
9791
9793
9794
9796
9798
9799
9801
9802
9804
9806
9807
9809
9810
9812
9813
9814
9816
9817
9818
9821
9822
9824
9825
9827
9828
9829
9830
9832
9833
9835
9836
9838
9840
9841
9843
9845
9846
9848
9849
9850
9851
9853
9855
9857
9858
9859
9861
9862
9864
9865
9866
9868
9870
9872
9873
9875
9876
9877
9879
9881
9882
9884
9885
9886
9888
9889
9891
9893
9894
9895
9896
9898
9899
9902
9903
9904
9905
9908
9909
9910
9911
9914
9915
9916
9917
9919
9920
9922
9923
9926
9927
9928
9929
9931
9933
9935
9936
9938
9939
9941
9942
9944
9945
9946
9947
9950
9951
9952
9953
9955
9956
9959
9960
9961
9962
9964
9965
9967
9969
9970
9971
9973
9975
9976
9978
9980
9981
9982
9983
9985
9987
9989
9990
9992
9993
9994
9995
9997
9999
10001
10002
10003
10004
10007
10008
10009
10010
10012
10013
10015
10016
10019
10020
10021
10022
10024
10026
10028
10029
10030
10031
10033
10034
10036
10037
10039
10040
10042
10043
10045
10047
10048
10050
10051
10052
10055
10056
10057
10059
10061
10062
10063
10065
10066
10068
10069
10071
10084
10091
10113
10127
10128
10135
10142
10144
10149
10152
10157
10168
10171
10180
10186
10192
10198
10202
10206
10214
10216
10220
10222
10223
10224
10226
10234
10237
10243
10244
10248
10256
10259
10261
10264
10275
10282
10288
10301
10303
10305
10309
10317
10337
10338
10345
10351
10362
10365
10369
10373
10374
10381
10401
10402
10403
10423
10427
10435
10439
10441
10446
10448
10451
10458
10476
10481
10484
10488
10490
10508
10520
10523
10538
10551
10553
10586
10590
10592
10599
10611
10616
10623
10646
10658
10659
10664
10682
10683
10695
10698
10701
10710
10743
10790
10800
10803
10808
10811
10820
10824
10839
10841
10850
10857
10860
10868
10880
10883
10904
10910
10923
10925
10926
10929
10941
10953
10955
10964
10980
10982
10985
10992
11013
11015
11025
11027
11028
11030
11033
11036
11037
11039
11048
11049
11051
11061
11088
11091
11105
11120
11130
11135
11138
11154
11157
11160
11166
11177
11181
11183
11195
11201
11202
11216
11217
11222
11223
11238
11240
11241
11252
11259
11267
11283
11300
11303
11312
11313
11324
11340
11349
