s vc 49212 10201
1
32770
32772
32773
32775
32778
32779
32782
32784
32786
32788
32790
32791
32793
32796
32797
32800
32801
32804
32806
32808
32810
32812
32814
32815
32818
32819
32822
32824
32826
32828
32829
32831
32834
32835
32837
32839
32841
32843
32845
32847
32849
32852
32854
32855
32857
32860
32862
32863
32865
32868
32869
32872
32874
32875
32878
32880
32882
32883
32885
32888
32889
32891
32894
32896
32897
32899
32901
32903
32905
32907
32909
32911
32914
32916
32917
32920
32921
32923
32926
32927
32930
32931
32934
32935
32937
32940
32941
32944
32945
32947
32949
32951
32953
32956
32957
32960
32962
32964
32966
32967
32970
32972
32973
32975
32978
32980
32981
32984
32985
32987
32990
32991
32993
32996
32998
32999
33002
33004
33005
33007
33010
33011
33013
33015
33017
33020
33022
33023
33025
33027
33030
33032
33034
33035
33038
33039
33042
33043
33045
33047
33050
33051
33054
33055
33058
33060
33061
33063
33065
33067
33069
33072
33073
33076
33078
33079
33081
33083
33086
33087
33090
33092
33093
33095
33097
33099
33101
33104
33105
33108
33109
33111
33114
33115
33118
33120
33121
33124
33125
33128
33130
33132
33134
33136
33137
33139
33142
33143
33145
33147
33149
33151
33154
33156
33158
33160
33161
33164
33165
33167
33170
33172
33174
33176
33177
33179
33181
33184
33185
33187
33189
33191
33194
33196
33197
33199
33201
33203
33206
33208
33210
33211
33214
33216
33217
33220
33222
33223
33226
33228
33229
33232
33234
33236
33237
33239
33242
33244
33245
33248
33249
33251
33254
33255
33258
33259
33262
33263
33266
33268
33269
33271
33273
33276
33278
33280
33281
33283
33286
33288
33289
33291
33293
33295
33297
33300
33302
33303
33305
33307
33309
33312
33313
33316
33318
33320
33322
33324
33325
33327
33330
33332
33334
33336
33338
33340
33341
33343
33346
33347
33349
33351
33353
33356
33358
33360
33362
33363
33366
33367
33370
33371
33373
33376
33378
33380
33381
33384
33386
33388
33390
33391
33394
33396
33398
33400
33402
33404
33406
33408
33410
33411
33414
33416
33417
33420
33421
33423
33426
33428
33429
33432
33434
33436
33437
33439
33441
33444
33446
33447
33449
33451
33454
33456
33458
33460
33461
33463
33465
33467
33469
33472
33473
33475
33477
33480
33481
33484
33486
33487
33489
33492
33494
33495
33497
33500
33501
33504
33506
33507
33510
33511
33513
33516
33518
33520
33522
33523
33525
33528
33529
33532
33534
33536
33538
33540
33541
33544
33546
33547
33550
33551
33553
33556
33558
33559
33561
33564
33565
33567
33570
33572
33573
33576
33577
33579
33582
33583
33585
33588
33590
33591
33593
33595
33597
33599
33602
33604
33606
33608
33610
33611
33613
33615
33618
33619
33622
33624
33625
33627
33630
33632
33633
33635
33638
33639
33642
33644
33645
33647
33650
33652
33654
33655
33657
33660
33662
33664
33665
33667
33670
33671
33674
33675
33677
33679
33682
33684
33686
33687
33689
33692
33693
33696
33697
33700
33701
33703
33706
33708
33710
33711
33713
33716
33718
33720
33722
33723
33725
33728
33730
33731
33734
33735
33738
33739
33741
33744
33745
33748
33750
33752
33754
33755
33758
33759
33762
33764
33766
33767
33769
33771
33773
33776
33778
33780
33782
33784
33786
33788
33790
33791
33793
33795
33797
33799
33802
33803
33805
33807
33809
33811
33814
33815
33818
33819
33822
33824
33826
33827
33830
33832
33834
33836
33837
33840
33842
33844
33845
33847
33850
33852
33854
33856
33857
33859
33862
33863
33866
33867
33869
33871
33873
33875
33878
33880
33881
33883
33886
33887
33890
33892
33894
33896
33897
33899
33902
33903
33905
33907
33910
33912
33913
33915
33917
33920
33922
33923
33925
33927
33930
33931
33933
33935
33938
33939
33942
33944
33946
33948
33950
33951
33953
33955
33958
33960
33961
33964
33965
33967
33970
33971
33974
33975
33978
33979
33981
33984
33985
33988
33990
33991
33993
33995
33997
33999
34001
34004
34005
34008
34010
34011
34013
34015
34017
34019
34022
34023
34026
34027
34030
34031
34034
34035
34038
34040
34041
34044
34046
34047
34050
34052
34053
34055
34058
34059
34061
34064
34066
34068
34070
34071
34074
34076
34077
34080
34082
34084
34086
34088
34089
34092
34093
34096
34098
34100
34101
34103
34105
34108
34110
34111
34113
34115
34118
34120
34121
34123
34125
34127
34129
34132
34134
34135
34138
34139
34142
34144
34145
34147
34150
34152
34153
34156
34157
34159
34161
34164
34165
34167
34169
34172
34174
34176
34178
34180
34182
34184
34186
34187
34189
34191
34193
34195
34198
34199
34202
34203
34206
34208
34209
34212
34214
34216
34218
34219
34222
34223
34225
34228
34229
34231
34234
34235
34238
34240
34241
34243
34245
34247
34249
34251
34253
34256
34257
34259
34262
34264
34266
34267
34270
34272
34274
34276
34277
34280
34282
34283
34286
34287
34289
34291
34293
34295
34297
34300
34302
34304
34306
34307
34310
34311
34313
34315
34318
34319
34322
34324
34325
34327
34329
34332
34334
34336
34338
34340
34342
34344
34345
34347
34350
34352
34353
34356
34358
34360
34362
34363
34366
34368
34369
34371
34373
34375
34377
34379
34382
34383
34386
34388
34389
34392
34394
34396
34398
34400
34401
34403
34406
34408
34409
34411
34414
34416
34418
34420
34422
34424
34426
34428
34430
34431
34433
34436
34437
34439
34441
34444
34446
34447
34450
34452
34454
34456
34457
34459
34462
34463
34465
34467
34470
34471
34473
34476
34477
34479
34482
34484
34485
34487
34490
34492
34494
34495
34498
34500
34502
34504
34505
34507
34509
34511
34514
34515
34517
34520
34521
34524
34526
34528
34530
34532
34534
34536
34537
34540
34541
34543
34545
34547
34550
34551
34554
34556
34557
34560
34562
34563
34565
34568
34569
34572
34573
34575
34578
34579
34581
34583
34586
34588
34590
34591
34594
34595
34598
34599
34602
34604
34606
34608
34609
34612
34614
34616
34618
34620
34622
34624
34626
34627
34630
34631
34633
34636
34637
34639
34642
34643
34645
34648
34650
34652
34654
34655
34658
34660
34661
34664
34665
34668
34670
34672
34674
34675
34678
34680
34682
34684
34686
34688
34690
34692
34693
34695
34697
34700
34702
34704
34705
34708
34709
34711
34713
34716
34718
34719
34721
34723
34726
34728
34729
34731
34733
34735
34738
34740
34741
34743
34746
34747
34750
34752
34754
34756
34757
34759
34762
34764
34766
34767
34769
34771
34774
34775
34778
34779
34782
34783
34786
34788
34789
34791
34793
34795
34797
34799
34802
34803
34805
34808
34809
34811
34814
34815
34817
34819
34822
34824
34826
34827
34829
34831
34834
34836
34838
34840
34841
34844
34845
34847
34849
34852
34853
34856
34857
34859
34861
34863
34866
34867
34870
34872
34873
34876
34877
34880
34882
34883
34886
34887
34890
34892
34894
34895
34897
34900
34902
34903
34905
34907
34910
34912
34913
34915
34918
34920
34921
34924
34926
34928
34930
34932
34933
34935
34938
34939
34942
34944
34946
34948
34950
34952
34953
34955
34958
34959
34962
34964
34966
34967
34970
34971
34973
34976
34977
34979
34981
34983
34986
34988
34990
34992
34994
34996
34998
34999
35002
35003
35005
35007
35009
35011
35013
35016
35018
35019
35022
35024
35025
35027
35030
35032
35034
35036
35037
35039
35042
35043
35045
35047
35050
35051
35053
35055
35057
35059
35061
35064
35065
35067
35070
35071
35073
35075
35077
35079
35082
35083
35085
35087
35089
35092
35093
35095
35097
35100
35101
35104
35105
35107
35110
35112
35113
35116
35117
35120
35121
35123
35126
35127
35129
35132
35134
35136
35137
35139
35141
35144
35146
35147
35149
35151
35154
35156
35158
35160
35161
35164
35166
35167
35170
35171
35173
35176
35177
35179
35181
35184
35186
35188
35190
35192
35193
35195
35197
35199
35202
35204
35206
35207
35210
35211
35214
35216
35218
35219
35221
35223
35226
35228
35230
35232
35234
35235
35238
35239
35242
35244
35246
35247
35249
35251
35253
35256
35257
35260
35261
35263
35266
35267
35270
35272
35274
35275
35277
35280
35282
35284
35285
35288
35290
35291
35293
35295
35297
35299
35302
35304
35306
35307
35310
35311
35314
35315
35317
35320
35322
35324
35325
35327
35330
35331
35334
35335
35337
35340
35341
35343
35346
35347
35349
35351
35354
35355
35357
35359
35361
35363
35365
35367
35369
35371
35374
35375
35378
35379
35381
35383
35385
35387
35389
35392
35394
35395
35397
35400
35402
35404
35405
35408
35409
35412
35413
35415
35417
35420
35421
35424
35425
35427
35430
35431
35433
35435
35438
35439
35441
35443
35446
35448
35449
35451
35454
35456
35458
35459
35462
35463
35465
35468
35470
35472
35474
35475
35477
35479
35481
35483
35486
35487
35489
35492
35493
35496
35497
35499
35502
35503
35506
35508
35510
35511
35513
35515
35518
35519
35522
35524
35526
35528
35530
35532
35534
35536
35538
35540
35541
35543
35546
35548
35549
35552
35553
35555
35558
35560
35561
35564
35566
35567
35569
35571
35573
35575
35577
35580
35582
35584
35585
35588
35589
35591
35594
35596
35598
35599
35601
35603
35606
35607
35609
35612
35614
35615
35618
35619
35621
35624
35625
35628
35630
35631
35633
35636
35638
35639
35642
35643
35645
35648
35650
35651
35654
35656
35657
35659
35661
35664
35666
35668
35669
35672
35673
35676
35677
35680
35681
35684
35685
35688
35690
35692
35694
35695
35698
35700
35701
35704
35706
35708
35709
35711
35713
35716
35718
35720
35721
35724
35726
35727
35729
35731
35733
35736
35738
35739
35742
35744
35746
35747
35750
35752
35754
35755
35757
35759
35761
35764
35766
35767
35769
35771
35774
35776
35778
35779
35781
35784
35786
35788
35789
35792
35794
35796
35798
35799
35801
35804
35805
35808
35810
35812
35814
35816
35818
35820
35822
35824
35826
35827
35829
35831
35834
35836
35837
35840
35842
35843
35846
35847
35849
35851
35854
35856
35857
35860
35862
35863
35866
35867
35870
35872
35873
35876
35877
35879
35882
35884
35885
35888
35890
35891
35893
35895
35897
35900
35902
35903
35905
35908
35909
35912
35913
35915
35917
35920
35922
35924
35925
35928
35929
35932
35934
35935
35937
35939
35941
35944
35945
35948
35950
35951
35954
35955
35958
35959
35961
35963
35965
35967
35969
35971
35973
35976
35977
35979
35982
35983
35985
35987
35990
35992
35994
35995
35997
36000
36001
36004
36005
36008
36009
36011
36013
36015
36017
36020
36022
36024
36025
36028
36030
36031
36033
36035
36037
36039
36041
36043
36045
36048
36050
36051
36054
36055
36057
36059
36061
36064
36065
36068
36070
36071
36073
36075
36077
36079
36081
36084
36086
36088
36089
36092
36094
36096
36097
36100
36101
36104
36106
36108
36110
36111
36113
36115
36117
36119
36122
36124
36125
36128
36129
36131
36133
36135
36137
36140
36142
36143
36145
36148
36149
36151
36153
36156
36157
36159
36162
36164
36165
36168
36169
36172
36173
36175
36178
36179
36181
36184
36186
36187
36190
36191
36193
36196
36198
36199
36202
36204
36206
36208
36210
36212
36213
36216
36218
36220
36222
36224
36226
36228
36230
36231
36234
36236
36237
36239
36242
36243
36245
36248
36249
36251
36254
36255
36257
36259
36261
36263
36265
36268
36269
36272
36273
36276
36277
36280
36282
36284
36285
36287
36290
36291
36293
36296
36298
36299
36302
36303
36305
36307
36310
36311
36314
36316
36318
36319
36321
36324
36326
36327
36330
36331
36334
36336
36338
36340
36341
36343
36345
36347
36350
36351
36353
36356
36358
36359
36361
36364
36365
36368
36370
36372
36373
36375
36377
36380
36381
36383
36386
36388
36390
36391
36393
36395
36398
36400
36402
36403
36405
36408
36409
36412
36413
36415
36417
36420
36421
36424
36425
36427
36429
36432
36434
36435
36438
36440
36441
36444
36446
36447
36450
36451
36454
36456
36458
36460
36461
36464
36466
36467
36469
36471
36473
36475
36477
36479
36481
36484
36485
36487
36490
36492
36494
36495
36497
36500
36502
36504
36505
36508
36510
36512
36513
36516
36518
36520
36521
36523
36525
36527
36530
36531
36533
36535
36537
36540
36542
36543
36546
36548
36549
36552
36553
36555
36558
36560
36562
36563
36565
36567
36570
36571
36574
36575
36577
36580
36581
36584
36585
36587
36590
36591
36594
36596
36597
36599
36602
36604
36606
36608
36609
36611
36613
36615
36618
36620
36622
36623
36626
36627
36629
36631
36634
36636
36638
36640
36642
36644
36646
36647
36649
36651
36653
36656
36657
36659
36661
36663
36665
36667
36670
36672
36673
36676
36678
36679
36682
36684
36686
36687
36689
36692
36693
36695
36697
36699
36701
36704
36705
36707
36710
36712
36713
36715
36717
36720
36721
36723
36725
36727
36730
36732
36734
36736
36737
36740
36741
36743
36745
36747
36750
36752
36753
36755
36758
36760
36762
36763
36766
36768
36770
36772
36773
36775
36778
36779
36781
36783
36785
36787
36790
36791
36794
36796
36798
36800
36802
36804
36806
36807
36809
36811
36813
36815
36818
36819
36822
36824
36825
36827
36829
36831
36834
36836
36838
36840
36841
36843
36845
36847
36850
36851
36853
36856
36858
36859
36862
36863
36866
36867
36869
36871
36873
36875
36877
36880
36882
36883
36885
36887
36890
36892
36893
36895
36897
36899
36901
36903
36905
36908
36909
36912
36914
36915
36918
36919
36921
36924
36925
36927
36929
36932
36933
36936
36938
36940
36942
36944
36946
36948
36949
36952
36953
36956
36958
36960
36961
36963
36965
36968
36970
36972
36974
36976
36977
36980
36982
36984
36986
36988
36989
36991
36994
36996
36997
36999
37002
37003
37006
37008
37009
37012
37014
37016
37017
37019
37022
37023
37025
37028
37030
37031
37034
37036
37038
37040
37041
37044
37045
37047
37049
37051
37053
37055
37057
37059
37061
37063
37065
37068
37070
37072
37073
37076
37077
37080
37081
37083
37085
37088
37089
37092
37093
37095
37097
37100
37101
37104
37106
37107
37109
37111
37113
37116
37118
37119
37122
37124
37125
37127
37129
37132
37133
37136
37137
37140
37141
37144
37146
37148
37149
37152
37154
37155
37158
37159
37161
37163
37165
37168
37169
37171
37174
37176
37177
37180
37181
37184
37186
37187
37189
37191
37193
37196
37197
37200
37202
37203
37205
37207
37210
37211
37214
37216
37217
37220
37222
37223
37225
37227
37229
37231
37233
37236
37238
37239
37241
37243
37245
37247
37249
37252
37253
37256
37257
37259
37262
37263
37266
37268
37269
37272
37273
37276
37278
37279
37282
37284
37285
37287
37290
37292
37293
37296
37297
37300
37301
37304
37306
37308
37310
37311
37313
37315
37317
37319
37322
37323
37325
37327
37330
37332
37333
37335
37338
37340
37342
37343
37345
37348
37349
37351
37353
37356
37357
37360
37362
37364
37366
37368
37370
37372
37374
37376
37378
37380
37381
37383
37386
37388
37389
37392
37394
37395
37397
37400
37402
37403
37405
37408
37410
37411
37413
37416
37418
37420
37422
37424
37425
37427
37430
37432
37433
37435
37437
37439
37442
37443
37446
37447
37450
37451
37453
37455
37458
37460
37462
37464
37466
37467
37470
37472
37474
37476
37477
37479
37482
37484
37485
37487
37490
37492
37493
37496
37498
37500
37501
37503
37506
37507
37509
37512
37513
37516
37517
37520
37522
37524
37526
37527
37529
37532
37533
37536
37538
37539
37541
37543
37546
37548
37550
37552
37554
37555
37558
37560
37561
37564
37565
37567
37570
37571
37573
37575
37577
37580
37581
37584
37585
37587
37590
37591
37594
37595
37598
37599
37602
37603
37605
37608
37609
37611
37614
37615
37617
37619
37622
37624
37625
37628
37630
37632
37634
37636
37637
37640
37642
37644
37646
37648
37649
37651
37653
37656
37658
37660
37662
37664
37666
37667
37669
37671
37674
37675
37678
37679
37681
37683
37685
37687
37689
37691
37693
37695
37697
37699
37701
37704
37706
37707
37710
37711
37714
37716
37718
37719
37721
37724
37725
37728
37730
37732
37733
37735
37738
37739
37741
37743
37745
37747
37749
37751
37754
37756
37758
37760
37761
37763
37765
37768
37770
37772
37773
37776
37778
37779
37782
37784
37786
37787
37789
37792
37793
37795
37798
37800
37801
37803
37806
37807
37809
37812
37813
37816
37818
37819
37822
37824
37826
37828
37830
37832
37833
37836
37837
37840
37842
37844
37846
37847
37849
37852
37853
37856
37857
37860
37861
37863
37866
37868
37869
37872
37873
37876
37877
37879
37881
37883
37886
37887
37890
37892
37894
37896
37897
37900
37902
37904
37905
37908
37909
37912
37913
37915
37918
37919
37921
37923
37926
37928
37929
37932
37933
37936
37938
37939
37941
37943
37945
37947
37950
37952
37954
37955
37958
37959
37961
37963
37966
37968
37970
37972
37974
37976
37978
37979
37981
37984
37986
37988
37989
37991
37993
37995
37997
38000
38002
38004
38005
38007
38009
38012
38013
38015
38018
38019
38021
38024
38026
38028
38030
38031
38033
38035
38038
38040
38041
38044
38045
38048
38049
38051
38054
38056
38057
38059
38062
38063
38066
38067
38069
38072
38074
38075
38077
38080
38081
38084
38086
38087
38090
38092
38093
38095
38098
38100
38101
38103
38106
38107
38109
38111
38114
38115
38118
38120
38122
38124
38126
38127
38130
38132
38134
38136
38137
38140
38142
38143
38146
38148
38149
38152
38153
38156
38157
38160
38161
38164
38166
38167
38170
38171
38174
38176
38177
38180
38181
38183
38185
38187
38189
38192
38193
38195
38198
38199
38201
38203
38205
38207
38210
38211
38213
38215
38217
38220
38222
38223
38226
38227
38229
38231
38234
38236
38238
38240
38241
38243
38246
38247
38249
38252
38253
38255
38257
38260
38261
38264
38265
38268
38270
38271
38274
38276
38277
38280
38281
38283
38286
38287
38290
38291
38293
38295
38297
38300
38302
38303
38305
38308
38309
38312
38313
38315
38317
38319
38321
38323
38326
38328
38329
38332
38334
38335
38338
38340
38342
38343
38346
38348
38350
38352
38353
38355
38357
38360
38361
38363
38366
38367
38369
38371
38374
38375
38377
38380
38382
38384
38385
38388
38390
38391
38394
38395
38397
38399
38402
38404
38405
38408
38409
38412
38413
38416
38417
38419
38421
38424
38425
38427
38429
38432
38433
38436
38437
38439
38441
38443
38445
38447
38449
38452
38454
38455
38458
38460
38461
38463
38465
38468
38469
38471
38474
38475
38477
38479
38482
38484
38486
38488
38489
38491
38493
38496
38498
38499
38501
38503
38505
38508
38509
38512
38513
38515
38517
38520
38521
38523
38525
38527
38529
38532
38534
38536
38538
38540
38541
38543
38546
38548
38549
38551
38554
38556
38558
38560
38561
38563
38566
38568
38569
38571
38573
38576
38578
38580
38582
38584
38585
38587
38590
38591
38594
38596
38598
38599
38602
38603
38606
38607
38609
38611
38613
38615
38618
38620
38622
38623
38625
38627
38630
38631
38634
38635
38637
38640
38641
38644
38646
38647
38649
38652
38653
38655
38657
38659
38662
38663
38666
38667
38670
38672
38674
38675
38678
38679
38682
38683
38686
38688
38690
38691
38693
38695
38697
38699
38702
38703
38706
38707
38710
38712
38714
38715
38717
38720
38722
38723
38725
38727
38729
38732
38733
38735
38737
38740
38741
38744
38746
38747
38750
38752
38753
38755
38757
38759
38762
38764
38766
38767
38769
38771
38773
38775
38777
38780
38782
38783
38785
38788
38790
38791
38793
38795
38797
38800
38802
38803
38805
38808
38809
38811
38813
38816
38818
38819
38822
38823
38825
38828
38830
38832
38834
38836
38838
38840
38842
38843
38845
38848
38850
38851
38853
38855
38858
38859
38862
38864
38865
38867
38870
38872
38874
38876
38878
38880
38882
38884
38886
38887
38889
38892
38893
38895
38897
38899
38901
38903
38905
38908
38909
38912
38913
38915
38917
38920
38921
38924
38926
38927
38930
38932
38933
38936
38937
38940
38942
38944
38946
38947
38950
38951
38954
38955
38958
38959
38961
38964
38966
38968
38970
38971
38974
38976
38978
38979
38981
38984
38985
38988
38989
38992
38994
38995
38997
38999
39001
39003
39005
39008
39010
39012
39013
39016
39017
39019
39022
39024
39025
39028
39030
39031
39033
39036
39037
39040
39041
39043
39045
39047
39050
39052
39054
39055
39057
39059
39062
39064
39065
39068
39069
39071
39073
39075
39077
39080
39081
39084
39086
39087
39090
39092
39093
39096
39098
39099
39102
39104
39105
39107
39110
39111
39114
39115
39117
39120
39121
39124
39126
39128
39130
39132
39133
39136
39137
39140
39141
39143
39146
39147
39150
39151
39153
39156
39157
39160
39161
39164
39165
39167
39170
39172
39173
39175
39178
39180
39181
39184
39185
39188
39189
39192
39194
39195
39198
39199
39202
39203
39205
39208
39210
39211
39213
39215
39218
39219
39221
39223
39226
39228
39229
39232
39233
39236
39238
39239
39241
39244
39246
39247
39250
39252
39254
39255
39258
39259
39262
39263
39265
39268
39270
39272
39274
39275
39277
39280
39282
39284
39286
39288
39290
39292
39293
39296
39297
39299
39302
39303
39305
39308
39310
39312
39313
39315
39317
39319
39321
39324
39326
39327
39329
39331
39334
39335
39337
39340
39341
39343
39346
39348
39350
39351
39353
39355
39358
39359
39361
39364
39365
39367
39369
39371
39374
39376
39378
39379
39382
39383
39386
39387
39390
39391
39394
39395
39397
39399
39401
39403
39405
39408
39410
39412
39413
39415
39418
39420
39421
39424
39426
39427
39429
39431
39433
39435
39438
39439
39441
39443
39446
39448
39450
39452
39453
39455
39457
39459
39461
39463
39466
39468
39469
39472
39473
39476
39478
39479
39481
39483
39485
39488
39490
39492
39494
39495
39498
39499
39501
39503
39506
39507
39509
39512
39514
39516
39518
39520
39522
39523
39526
39528
39529
39531
39533
39536
39537
39539
39542
39544
39546
39548
39549
39551
39554
39555
39558
39559
39562
39563
39566
39567
39569
39571
39573
39575
39578
39579
39581
39584
39585
39588
39589
39592
39594
39595
39598
39599
39602
39603
39605
39607
39610
39612
39613
39615
39618
39619
39622
39624
39625
39627
39629
39632
39633
39635
39637
39639
39641
39644
39645
39647
39649
39652
39653
39655
39657
39660
39662
39663
39665
39668
39670
39672
39673
39676
39678
39680
39682
39683
39685
39688
39690
39692
39694
39696
39697
39699
39702
39703
39706
39708
39710
39712
39713
39715
39718
39719
39722
39723
39725
39727
39729
39731
39734
39735
39738
39740
39742
39743
39746
39748
39749
39751
39753
39756
39758
39759
39762
39764
39766
39767
39770
39772
39773
39775
39777
39780
39782
39783
39786
39788
39790
39792
39794
39796
39797
39799
39801
39804
39806
39808
39810
39812
39813
39816
39818
39819
39822
39823
39826
39827
39830
39832
39833
39835
39838
39839
39841
39843
39845
39848
39850
39851
39854
39856
39858
39860
39861
39863
39866
39868
39870
39872
39873
39876
39878
39879
39881
39884
39885
39887
39889
39891
39893
39896
39898
39899
39901
39903
39905
39907
39910
39912
39914
39915
39917
39919
39922
39924
39925
39927
39929
39931
39933
39936
39938
39939
39941
39944
39945
39947
39950
39951
39953
39955
39957
39959
39961
39963
39965
39968
39970
39971
39974
39975
39977
39980
39982
39983
39985
39988
39989
39992
39994
39996
39997
39999
40001
40004
40006
40008
40010
40011
40013
40015
40018
40019
40022
40024
40025
40028
40029
40031
40034
40036
40037
40039
40042
40043
40046
40048
40050
40051
40054
40056
40057
40060
40062
40063
40065
40067
40070
40072
40074
40076
40077
40079
40081
40084
40086
40088
40090
40092
40093
40095
40098
40100
40102
40103
40105
40107
40110
40112
40114
40116
40117
40119
40121
40124
40125
40128
40129
40132
40134
40135
40137
40139
40141
40144
40146
40147
40149
40152
40153
40155
40158
40159
40161
40164
40166
40167
40170
40172
40174
40176
40177
40179
40182
40183
40186
40187
40189
40191
40193
40195
40197
40199
40201
40203
40206
40208
40209
40211
40213
40216
40217
40220
40221
40223
40226
40228
40229
40232
40234
40236
40238
40239
40242
40244
40245
40247
40249
40252
40253
40255
40258
40259
40261
40264
40266
40267
40270
40272
40274
40276
40278
40280
40282
40284
40286
40287
40290
40292
40293
40295
40297
40299
40302
40303
40306
40308
40309
40311
40313
40316
40317
40320
40321
40324
40326
40327
40330
40332
40334
40335
40337
40340
40342
40343
40346
40348
40349
40352
40353
40355
40358
40359
40362
40364
40365
40368
40369
40372
40374
40376
40378
40379
40381
40384
40385
40388
40390
40391
40393
40396
40397
40400
40402
40403
40405
40408
40409
40412
40413
40415
40417
40419
40422
40423
40426
40428
40429
40431
40433
40436
40437
40439
40442
40443
40446
40447
40450
40452
40453
40456
40458
40460
40461
40464
40466
40467
40469
40471
40474
40475
40477
40480
40481
40483
40485
40488
40490
40492
40494
40495
40498
40499
40501
40503
40505
40508
40509
40511
40513
40516
40517
40519
40521
40523
40525
40527
40529
40531
40534
40536
40538
40540
40541
40543
40545
40548
40549
40552
40554
40555
40558
40560
40561
40564
40565
40568
40569
40571
40574
40576
40578
40580
40581
40584
40585
40588
40590
40592
40593
40596
40597
40599
40602
40604
40605
40607
40609
40612
40614
40615
40617
40619
40621
40623
40626
40628
40629
40631
40634
40635
40638
40639
40642
40644
40645
40648
40650
40651
40654
40656
40657
40659
40661
40664
40666
40668
40670
40671
40674
40675
40678
40679
40682
40684
40686
40687
40689
40691
40694
40696
40698
40700
40702
40704
40706
40708
40710
40711
40714
40716
40717
40720
40722
40724
40725
40728
40729
40732
40734
40735
40738
40740
40741
40743
40745
40747
40750
40751
40753
40756
40758
40760
40762
40764
40766
40767
40769
40771
40774
40776
40777
40780
40781
40784
40786
40787
40789
40791
40794
40796
40798
40800
40801
40803
40805
40807
40809
40812
40814
40815
40818
40819
40821
40823
40826
40828
40829
40832
40833
40836
40837
40840
40842
40844
40845
40847
40850
40852
40853
40855
40857
40860
40862
40863
40866
40868
40869
40872
40873
40875
40877
40879
40881
40884
40886
40887
40889
40892
40894
40896
40897
40900
40902
40903
40906
40908
40910
40911
40914
40916
40917
40920
40921
40923
40925
40927
40930
40932
40933
40935
40937
40940
40942
40944
40945
40948
40949
40951
40953
40955
40958
40959
40962
40963
40966
40967
40969
40971
40973
40975
40977
40980
40982
40983
40986
40987
40990
40991
40994
40996
40998
40999
41001
41003
41006
41007
41010
41012
41014
41016
41018
41020
41021
41024
41026
41027
41029
41032
41033
41035
41037
41039
41041
41043
41046
41047
41050
41051
41053
41055
41058
41059
41062
41063
41065
41067
41069
41071
41074
41076
41077
41080
41082
41084
41086
41088
41089
41091
41094
41096
41098
41100
41102
41103
41106
41107
41109
41111
41113
41115
41117
41120
41121
41123
41126
41128
41129
41131
41134
41135
41137
41139
41141
41144
41146
41148
41149
41152
41154
41156
41157
41159
41162
41163
41165
41168
41169
41172
41173
41176
41177
41179
41181
41184
41186
41188
41190
41192
41194
41196
41198
41199
41201
41203
41205
41208
41209
41212
41213
41216
41217
41220
41221
41224
41225
41227
41230
41232
41233
41236
41238
41239
41241
41244
41245
41248
41250
41252
41253
41256
41258
41260
41262
41264
41265
41267
41269
41272
41273
41275
41278
41280
41281
41284
41285
41287
41290
41292
41293
41295
41298
41299
41301
41304
41305
41308
41309
41311
41313
41315
41318
41319
41322
41323
41326
41328
41329
41332
41334
41335
41338
41340
41342
41343
41346
41348
41349
41351
41353
41355
41357
41360
41361
41364
41365
41367
41370
41371
41374
41375
41378
41379
41382
41384
41385
41388
41389
41392
41393
41395
41398
41399
41402
41403
41405
41407
41409
41411
41413
41416
41417
41420
41422
41423
41426
41427
41429
41432
41433
41436
41437
41439
41441
41444
41446
41447
41449
41451
41454
41455
41458
41459
41462
41464
41466
41467
41469
41471
41473
41476
41477
41480
41481
41483
41486
41488
41490
41491
41493
41495
41497
41499
41501
41503
41505
41508
41509
41511
41514
41515
41517
41520
41521
41524
41526
41527
41529
41532
41534
41535
41538
41539
41541
41543
41546
41547
41549
41551
41554
41556
41557
41559
41561
41563
41565
41567
41570
41571
41574
41576
41577
41579
41582
41584
41585
41588
41590
41592
41593
41596
41597
41599
41601
41603
41605
41608
41609
41611
41613
41615
41617
41619
41622
41624
41626
41628
41629
41631
41634
41636
41637
41640
41642
41644
41645
41648
41650
41651
41654
41655
41658
41660
41661
41664
41665
41668
41669
41672
41674
41676
41677
41680
41681
41684
41686
41687
41689
41692
41694
41696
41698
41700
41702
41703
41706
41708
41709
41712
41714
41715
41718
41719
41722
41723
41726
41727
41729
41731
41733
41736
41737
41740
41741
41744
41746
41748
41749
41752
41753
41755
41757
41759
41762
41764
41765
41768
41770
41771
41774
41776
41778
41780
41781
41784
41786
41788
41789
41791
41793
41795
41797
41799
41801
41804
41806
41808
41810
41812
41813
41815
41817
41819
41822
41824
41826
41827
41830
41832
41834
41836
41838
41840
41841
41843
41846
41847
41849
41851
41854
41856
41858
41859
41862
41863
41866
41868
41869
41871
41874
41875
41878
41879
41882
41884
41885
41887
41890
41892
41894
41895
41897
41900
41901
41904
41905
41908
41910
41911
41914
41915
41917
41919
41922
41924
41925
41928
41929
41932
41934
41936
41937
41940
41941
41943
41945
41947
41950
41952
41954
41956
41958
41960
41961
41964
41965
41967
41970
41972
41974
41975
41977
41980
41982
41983
41985
41987
41990
41991
41994
41996
41998
42000
42002
42004
42006
42008
42009
42012
42014
42016
42018
42020
42021
42023
42026
42027
42030
42032
42033
42035
42038
42039
42041
42043
42046
42047
42050
42052
42054
42056
42057
42060
42062
42064
42066
42068
42069
42071
42074
42075
42077
42079
42081
42083
42085
42088
42089
42092
42093
42096
42097
42100
42101
42103
42106
42108
42109
42111
42113
42116
42117
42120
42121
42123
42125
42127
42130
42131
42133
42136
42138
42140
42142
42143
42146
42147
42150
42152
42153
42155
42157
42159
42162
42163
42165
42167
42169
42171
42174
42176
42177
42180
42182
42183
42186
42187
42190
42192
42194
42195
42198
42199
42201
42204
42206
42207
42209
42211
42214
42216
42218
42220
42222
42223
42225
42227
42230
42232
42233
42236
42238
42240
42242
42243
42246
42247
42250
42251
42253
42256
42258
42259
42261
42264
42265
42268
42270
42272
42274
42275
42278
42279
42282
42284
42285
42288
42289
42292
42293
42295
42298
42299
42302
42304
42305
42308
42309
42311
42313
42316
42317
42319
42322
42323
42325
42327
42329
42331
42334
42335
42337
42339
42342
42344
42346
42347
42350
42351
42353
42355
42358
42360
42362
42363
42366
42367
42370
42371
42374
42375
42378
42379
42381
42383
42386
42387
42389
42391
42393
42396
42397
42400
42402
42404
42405
42407
42409
42411
42413
42416
42417
42419
42421
42423
42425
42427
42429
42432
42433
42435
42437
42439
42442
42443
42445
42448
42450
42451
42454
42455
42458
42459
42461
42464
42465
42468
42470
42472
42473
42476
42477
42480
42481
42483
42485
42487
42489
42492
42494
42496
42498
42499
42502
42504
42505
42508
42509
42511
42513
42515
42518
42520
42521
42524
42526
42527
42530
42532
42533
42536
42537
42540
42541
42544
42545
42548
42550
42551
42553
42555
42557
42559
42562
42563
42566
42567
42569
42572
42574
42576
42578
42579
42582
42583
42585
42587
42590
42591
42593
42595
42598
42600
42602
42603
42606
42608
42610
42612
42614
42615
42618
42620
42622
42623
42626
42628
42629
42632
42633
42635
42637
42639
42642
42644
42646
42648
42650
42651
42653
42656
42657
42659
42662
42663
42666
42668
42669
42672
42674
42676
42678
42680
42681
42684
42686
42688
42690
42692
42694
42695
42698
42699
42702
42703
42706
42707
42710
42712
42713
42715
42718
42720
42721
42724
42726
42727
42729
42732
42733
42735
42738
42739
42741
42744
42745
42748
42750
42751
42753
42755
42758
42759
42762
42764
42766
42768
42769
10002
10003
10004
10005
10006
10007
10008
10009
10010
10011
10012
10013
10014
10015
10016
10017
10018
10019
10020
10021
10022
10023
10024
10025
10026
10027
10028
10029
10030
10031
10032
10033
10034
10035
10036
10037
10038
10039
10040
10041
10042
10043
10044
10045
10046
10047
10048
10049
10050
10051
10052
10053
42814
42816
42817
42820
42822
42823
42825
42827
42829
42831
42833
42835
42838
42840
42842
42843
42845
42848
42850
42851
42853
42855
42858
42859
42861
42864
42866
42868
42869
42872
42874
42875
42877
42879
42881
42884
42885
42888
42890
42891
42894
42895
42898
42900
42901
42903
42906
42908
42910
42911
42913
42915
42918
42919
42922
42924
42926
42927
42930
42932
42934
42935
42938
42939
42942
42943
42946
42947
42949
42951
42953
42956
42957
42960
42961
42963
42965
42968
42969
42971
42973
42975
42977
42979
42981
42984
42985
42988
42989
42991
42993
42996
42998
42999
43002
43003
43005
43008
43009
43012
43014
43016
43018
43020
43021
43024
43025
43028
43029
43031
43034
43036
43038
43039
43041
43043
43045
43047
43050
43052
43053
43055
43057
43060
43061
43063
43065
43067
43070
43072
43074
43075
43078
43080
43081
43083
43086
43087
43090
43091
43094
43095
43097
43100
43102
43104
43105
43107
43110
43111
43113
43115
43118
43120
43122
43124
43126
43127
43129
43132
43134
43136
43138
43139
43142
43143
43145
43148
43149
43152
43154
43155
43158
43160
43162
43164
43166
43167
43169
43172
43174
43176
43177
43180
43181
43183
43186
43187
43190
43192
43194
43196
43197
43199
43202
43204
43205
43208
43209
43212
43213
43215
43217
43219
43221
43223
43225
43227
43230
43231
43234
43235
43237
43240
43242
43244
43246
43248
43249
43252
43254
43255
43258
43259
43261
43264
43266
43268
43269
43271
43273
43276
43278
43279
43281
43283
43286
43288
43290
43291
43294
43296
43297
43299
43301
43304
43306
43308
43309
43311
43314
43316
43318
43320
43322
43324
43326
43328
43330
43332
43334
43336
43337
43339
43342
43343
43346
43347
43350
43351
43353
43355
43358
43359
43361
43363
43366
43367
43369
43371
43373
43375
43377
43379
43381
43383
43386
43387
43390
43392
43393
43395
43397
43400
43402
43403
43405
43407
43409
43412
43413
43415
43418
43420
43421
43423
43425
43428
43430
43431
43433
43435
43438
43439
43441
43444
43445
43448
43449
43452
43454
43455
43458
43459
43462
43464
43466
43468
43470
43472
43473
43476
43478
43479
43482
43484
43486
43488
43489
43491
43493
43495
43497
43500
43502
43503
43506
43507
43510
43512
43514
43515
43517
43520
43521
43524
43526
43528
43530
43531
43533
43535
43538
43540
43542
43543
43545
43547
43550
43551
43553
43556
43557
43559
43561
43563
43566
43567
43569
43571
43574
43575
43578
43579
43581
43584
43586
43587
43589
43592
43594
43595
43597
43599
43601
43604
43605
43608
43609
43611
43613
43615
43618
43620
43621
43623
43625
43628
43629
43632
43633
43636
43637
43639
43642
43644
43645
43648
43649
43652
43654
43656
43657
43660
43661
43663
43666
43668
43669
43672
43673
43676
43677
43679
43682
43683
43686
43687
43690
43692
43693
43696
43698
43699
43702
43704
43706
43707
43709
43711
43713
43716
43717
43720
43722
43723
43726
43727
43730
43731
43733
43736
43737
43740
43742
43744
43745
43747
43750
43751
43753
43755
43757
43759
43762
43763
43766
43768
43770
43772
43773
43776
43777
43779
43782
43784
43785
43787
43789
43791
43794
43796
43798
43800
43801
43804
43805
43807
43809
43812
43813
43816
43817
43820
43822
43824
43825
43828
43830
43832
43833
43835
43837
43840
43842
43843
43845
43848
43849
43851
43854
43855
43857
43860
43862
43864
43866
43867
43870
43872
43873
43876
43878
43880
43881
43883
43886
43887
43890
43891
43893
43896
43898
43899
43902
43903
43906
43907
43909
43912
43914
43915
43917
43920
43921
43923
43925
43927
43930
43931
43934
43936
43937
43940
43941
43943
43946
43947
43950
43951
43953
43955
43957
43960
43962
43963
43966
43968
43970
43971
43974
43976
43977
43980
43981
43984
43986
43988
43989
43992
43994
43995
43997
43999
44001
44004
44006
44008
44009
44012
44014
44016
44018
44020
44022
44023
44026
44028
44029
44032
44033
44035
44037
44040
44041
44044
44046
44048
44050
44052
44053
44055
44058
44059
44061
44064
44066
44068
44070
44071
44074
44075
44078
44080
44081
44084
44085
44088
44089
44091
44093
44096
44097
44099
44102
44104
44105
44108
44109
44111
44113
44116
44117
44119
44122
44124
44126
44128
44130
44131
44133
44135
44138
44140
44142
44143
44145
44147
44150
44152
44154
44155
44157
44159
44162
44163
44166
44167
44170
44171
44173
44175
44177
44180
44182
44183
44185
44187
44190
44191
44193
44196
44197
44200
44201
44203
44205
44208
44209
44211
44213
44215
44218
44219
44222
44223
44226
44227
44229
44232
44234
44236
44238
44239
44242
44243
44245
44247
44249
44252
44253
44256
44257
44260
44262
44264
44265
44268
44269
44271
44273
44276
44278
44280
44282
44283
44285
44287
44289
44292
44294
44295
44298
44300
44301
44303
44306
44307
44310
44312
44314
44316
44318
44320
44321
44324
44325
44327
44330
44332
44334
44336
44338
44339
44341
44343
44345
44347
44350
44351
44354
44355
44357
44359
44362
44363
44366
44368
44369
44372
44373
44376
44378
44379
44381
44383
44385
44387
44390
44391
44393
44395
44397
44400
44402
44404
44406
44407
44409
44411
44414
44416
44418
44419
44422
44423
44425
44428
44429
44431
44433
44435
44437
44439
44442
44444
44446
44448
44449
44451
44453
44456
44458
44460
44462
44464
44466
44467
44470
44472
44473
44476
44478
44480
44481
44483
44486
44488
44490
44492
44494
44496
44498
44499
44501
44504
44505
44507
44509
44512
44514
44515
44518
44519
44521
44523
44525
44528
44529
44532
44534
44536
44538
44540
44541
44544
44546
44548
44549
44551
44554
44555
44557
44560
44561
44564
44565
44567
44569
44572
44574
44575
44577
44579
44582
44583
44585
44588
44590
44591
44593
44595
44597
44599
44601
44604
44606
44608
44609
44612
44613
44616
44617
44619
44622
44624
44625
44627
44629
44632
44633
44636
44638
44639
44641
44643
44646
44648
44649
44652
44653
44656
44658
44659
44662
44664
44665
44668
44669
44671
44674
44676
44677
44680
44681
44683
44685
44688
44689
44692
44693
44696
44697
44699
44701
44703
44706
44707
44709
44712
44713
44715
44717
44720
44722
44723
44725
44728
44730
44732
44734
44735
44737
44739
44741
44743
44746
44748
44750
44751
44754
44755
44757
44759
44761
44764
44765
44767
44769
44771
44774
44776
44777
44779
44782
44784
44785
44787
44789
44791
44794
44796
44797
44799
44801
44803
44805
44808
44810
44812
44814
44816
44818
44820
44821
44823
44825
44828
44830
44832
44834
44835
44838
44840
44841
44843
44845
44848
44849
44851
44854
44855
44858
44859
44862
44864
44865
44868
44870
44872
44873
44875
44878
44880
44882
44884
44885
44888
44890
44891
44893
44895
44898
44900
44902
44904
44906
44907
44909
44911
44913
44915
44917
44920
44922
44924
44925
44927
44929
44931
44934
44935
44938
44940
44942
44943
44946
44948
44950
44951
44953
44956
44957
44960
44962
44963
44965
44967
44970
44972
44974
44975
44978
44979
44982
44983
44986
44988
44990
44991
44993
44995
44998
45000
45002
45004
45005
45007
45010
45012
45013
45016
45017
45019
45021
45023
45026
45028
45029
45032
45033
45036
45038
45039
45042
45044
45046
45048
45050
45051
45054
45055
45058
45060
45061
45064
45066
45068
45070
45072
45073
45076
45078
45079
45081
45083
45086
45088
45090
45091
45094
45095
45098
45100
45101
45104
45105
45108
45110
45111
45113
45116
45118
45119
45121
45123
45125
45128
45130
45132
45134
45135
45137
45140
45141
45144
45145
45148
45149
45151
45153
45155
45157
45159
45162
45164
45166
45167
45170
45171
45173
45175
45177
45179
45182
45183
45185
45187
45190
45192
45194
45196
45197
45199
45202
45204
45205
45208
45210
45211
45214
45215
45218
45219
45222
45223
45225
45227
45230
45232
45233
45235
45237
45240
45242
45243
45245
45248
45250
45252
45254
45255
45257
45259
45261
45264
45266
45267
45269
45272
45273
45276
45277
45280
45282
45284
45285
45288
45289
45291
45293
45296
45298
45300
45302
45304
45306
45308
45310
45311
45313
45315
45318
45320
45322
45323
45326
45328
45330
45331
45334
45335
45338
45340
45342
45344
45346
45348
45349
45351
45354
45356
45358
45360
45362
45364
45365
45368
45370
45371
45373
45375
45377
45379
45381
45384
45385
45388
45389
45391
45393
45396
45397
45400
45401
45404
45405
45408
45409
45411
45414
45416
45418
45419
45422
45423
45426
45427
45430
45431
45433
45435
45438
45440
45442
45443
45446
45447
45449
45451
45454
45455
45458
45460
45461
45464
45465
45467
45469
45471
45473
45475
45478
45479
45481
45483
45486
45488
45490
45491
45494
45496
45498
45500
45502
45504
45506
45507
45509
45511
45514
45516
45518
45520
45522
45524
45525
45527
45529
45532
45534
45536
45538
45540
45542
45544
45545
45547
45549
45551
45553
45555
45557
45559
45562
45563
45566
45567
45569
45571
45573
45576
45578
45579
45581
45584
45586
45587
45589
45592
45594
45595
45598
45600
45602
45604
45606
45607
45609
45611
45614
45615
45617
45619
45621
45624
45625
45628
45629
45631
45634
45636
45638
45640
45641
45643
45646
45648
45650
45652
45653
45655
45658
45660
45661
45663
45666
45667
45669
45672
45674
45676
45677
45679
45682
45683
45685
45688
45690
45691
45693
45695
45697
45699
45702
45704
45705
45707
45709
45712
45714
45716
45718
45719
45721
45724
45726
45727
45729
45732
45733
45736
45737
45739
45742
45743
45746
45748
45750
45751
45754
45755
45758
45760
45761
45764
45765
45767
45770
45772
45774
45775
45778
45779
45781
45783
45786
45788
45790
45791
45793
45796
45797
45800
45802
45804
45806
45807
45810
45812
45813
45815
45818
45820
45822
45823
45825
45827
45829
45831
45834
45835
45837
45839
45841
45843
45845
45847
45850
45852
45854
45856
45858
45859
45861
45864
45866
45868
45870
45872
45874
45875
45878
45879
45881
45883
45885
45888
45890
45891
45894
45896
45897
45900
45901
45903
45905
45908
45910
45911
45914
45915
45918
45920
45922
45923
45926
45927
45930
45932
45933
45935
45937
45939
45942
45944
45946
45947
45950
45952
45954
45955
45958
45960
45961
45963
45966
45967
45969
45972
45973
45976
45978
45979
45981
45984
45986
45988
45989
45992
45994
45996
45998
45999
46002
46003
46006
46007
46009
46012
46013
46015
46018
46020
46021
46024
46025
46028
46030
46032
46034
46036
46038
46040
46041
46044
46045
46047
46050
46052
46053
46055
46058
46059
46061
46063
46066
46068
46069
46071
46073
46076
46077
46080
46081
46083
46085
46088
46089
46092
46093
46095
46098
46099
46102
46104
46105
46108
46110
46111
46114
46115
46117
46120
46122
46124
46126
46127
46129
46132
46134
46136
46137
46139
46141
46144
46146
46148
46149
46152
46154
46155
46157
46160
46162
46163
46166
46167
46169
46171
46174
46175
46177
46180
46181
46184
46186
46187
46190
46192
46194
46195
46197
46200
46201
46203
46205
46207
46210
46211
46213
46215
46217
46220
46221
46224
46226
46227
46230
46232
46234
46235
46237
46239
46242
46244
46246
46247
46249
46252
46254
46255
46257
46260
46261
46263
46265
46267
46270
46271
46273
46275
46278
46279
46282
46284
46286
46288
46290
46291
46294
46296
46298
46300
46301
46303
46306
46308
46310
46312
46313
46315
46318
46320
46322
46323
46325
46328
46330
46331
46334
46335
46337
46340
46341
46343
46346
46347
46349
46351
46353
46356
46358
46360
46362
46363
46365
46367
46369
46371
46373
46375
46378
46380
46382
46384
46385
46388
46390
46392
46393
46396
46398
46400
46401
46403
46406
46408
46409
46411
46414
46415
46418
46420
46421
46424
46426
46427
46430
46432
46434
46435
46437
46439
46442
46444
46446
46448
46450
46452
46454
46455
46457
46459
46461
46463
46465
46467
46469
46472
46473
46476
46478
46480
46482
46483
46486
46487
46489
46492
46494
46496
46498
46500
46502
46503
46505
46508
46509
46511
46513
46515
46518
46519
46521
46524
46526
46527
46529
46532
46534
46536
46537
46539
46542
46544
46545
46547
46550
46552
46553
46555
46557
46559
46561
46564
46565
46567
46570
46571
46573
46575
46578
46580
46581
46583
46586
46587
46590
46592
46594
46596
46597
46600
46601
46603
46606
46608
46610
46612
46613
46616
46617
46620
46622
46623
46625
46627
46629
46631
46634
46635
46638
46639
46642
46643
46645
46648
46650
46652
46654
46655
46658
46659
46661
46663
46666
46667
46670
46672
46673
46675
46677
46679
46681
46684
46686
46688
46690
46691
46693
46695
46698
46700
46701
46704
46705
46707
46709
46712
46714
46715
46717
46719
46721
46723
46725
46728
46729
46731
46733
46735
46738
46739
46742
46743
46745
46748
46750
46751
46753
46755
46757
46759
46762
46763
46766
46767
46769
46771
46773
46776
46777
46779
46782
46784
46785
46787
46790
46792
46793
46796
46797
46799
46802
46804
46805
46808
46809
46811
46814
46815
46817
46820
46821
46824
46826
46827
46830
46831
46833
46836
46838
46839
46842
46844
46845
46847
46850
46852
46853
46855
46857
46860
46862
46863
46866
46868
46870
46871
46873
46876
46878
46879
46881
46884
46885
46887
46889
46892
46894
46896
46898
46900
46901
46904
46905
46907
46910
46911
46913
46915
46918
46919
46921
46924
46925
46927
46929
46931
46933
46935
46937
46939
46942
46943
46945
46948
46950
46952
46953
46955
46958
46959
46962
46964
46965
46968
46969
46972
46974
46976
46977
46979
46981
46983
46985
46988
46989
46992
46994
46995
46997
47000
47001
47004
47005
47007
47010
47011
47014
47015
47018
47019
47022
47023
47026
47027
47030
47032
47033
47036
47037
47040
47041
47043
47046
47047
47049
47051
47054
47055
47058
47060
47061
47063
47066
47068
47070
47071
47073
47075
47078
47079
47081
47083
47085
47088
47090
47091
47093
47096
47098
47099
47102
47103
47105
47108
47110
47112
47113
47115
47117
47120
47121
47124
47126
47128
47130
47132
47133
47135
47138
47140
47142
47144
47146
47148
47150
47152
47154
47156
47157
47159
47161
47163
47165
47167
47170
47172
47173
47175
47178
47180
47182
47183
47185
47187
47189
47192
47193
47196
47198
47200
47202
47204
47206
47208
47210
47212
47213
47215
47217
47219
47222
47224
47225
47227
47230
47232
47234
47235
47237
47239
47242
47244
47245
47248
47249
47252
47253
47255
47258
47259
47261
47264
47265
47268
47269
47272
47273
47276
47278
47279
47282
47283
47285
47287
47290
47292
47294
47295
47298
47299
47302
47304
47305
47307
47309
47311
47313
47315
47317
47320
47322
47324
47326
47328
47329
47331
47333
47336
47337
47339
47341
47344
47346
47348
47350
47351
47353
47355
47357
47359
47362
47363
47365
47368
47369
47371
47373
47375
47378
47379
47381
47383
47386
47388
47389
47391
47393
47395
47397
47399
47401
47403
47405
47407
47409
47411
47414
47415
47418
47420
47421
47423
47426
47427
47429
47432
47433
47436
47437
47440
47441
47444
47446
47447
47449
47452
47453
47456
47457
47459
47461
47463
47465
47468
47470
47471
47474
47476
47478
47480
47482
47483
47485
47488
47489
47491
47493
47495
47497
47500
47501
47503
47505
47508
47510
47511
47513
47516
47517
47519
47521
47523
47525
47527
47529
47532
47533
47535
47537
47540
47541
47544
47546
47548
47550
47551
47553
47555
47558
47559
47561
47564
47566
47567
47570
47571
47573
47575
47578
47579
47581
47584
47586
47588
47589
47592
47593
47595
47598
47599
47602
47603
47606
47607
47610
47612
47614
47615
47618
47619
47621
47623
47626
47627
47630
47631
47634
47636
47638
47639
47641
47643
47646
47647
47649
47651
47653
47655
47658
47660
47661
47664
47666
47667
47670
47671
47674
47675
47677
47679
47682
47684
47686
47688
47689
47691
47693
47696
47697
47699
47702
47704
47706
47708
47710
47712
47713
47715
47717
47719
47722
47723
47726
47727
47730
47731
47734
47736
47738
47739
47742
47743
47745
47748
47749
47751
47753
47755
47757
47759
47762
47763
47765
47768
47769
47771
47774
47775
47777
47780
47781
47783
47785
47788
47790
47791
47793
47796
47797
47799
47802
47803
47805
47808
47810
47812
47814
47815
47817
47820
47821
47824
47826
47828
47830
47832
47834
47836
47837
47840
47841
47844
47846
47848
47850
47852
47853
47855
47857
47859
47862
47864
47866
47868
47870
47872
47874
47875
47877
47879
47882
47884
47886
47887
47890
47891
47893
47895
47898
47899
47901
47903
47905
47908
47910
47911
47914
47916
47918
47919
47921
47924
47926
47927
47930
47931
47933
47936
47938
47939
47941
47943
47946
47948
47950
47952
47953
47955
47957
47959
47962
47964
47965
47967
47969
47972
47974
47976
47977
47980
47981
47984
47985
47988
47989
47992
47993
47995
47998
47999
48001
48004
48006
48007
48010
48012
48014
48016
48018
48019
48022
48023
48025
48027
48029
48031
48033
48036
48037
48039
48042
48044
48045
48047
48050
48051
48053
48055
48058
48059
48061
48064
48065
48068
48069
48072
48074
48076
48077
48079
48081
48083
48085
48088
48090
48092
48094
48096
48098
48100
48102
48103
48106
48107
48109
48111
48114
48116
48117
48120
48121
48123
48126
48128
48129
48131
48133
48136
48137
48140
48141
48144
48145
48147
48150
48152
48153
48155
48157
48159
48161
48164
48165
48168
48169
48171
48173
48175
48178
48179
48182
48184
48185
48187
48189
48191
48193
48195
48197
48199
48201
48203
48205
48208
48209
48211
48213
48215
48217
48219
48221
48223
48225
48227
48229
48231
48233
48235
48237
48240
48242
48244
48245
48248
48249
48251
48254
48255
48258
48260
48261
48264
48266
48267
48269
48271
48273
48275
48277
48279
48281
48284
48286
48287
48289
48292
48294
48295
48297
48300
48302
48303
48305
48308
48310
48311
48313
48316
48318
48319
48321
48324
48326
48327
48329
48331
48333
48336
48338
48339
48341
48343
48345
48348
48349
48351
48353
48355
48357
48360
48361
48364
48366
48368
48370
48371
48373
48375
48378
48379
48381
48384
48385
48387
48390
48391
48393
48395
48397
48399
48401
48404
48405
48407
48410
48411
48413
48416
48417
48420
48422
48423
48425
48427
48430
48432
48434
48435
48438
48440
48442
48443
48446
48448
48450
48452
48454
48455
48458
48460
48461
48464
48466
48467
48469
48471
48474
48475
48477
48480
48481
48483
48486
48487
48490
48492
48494
48495
48497
48499
48502
48504
48506
48507
48509
48512
48514
48515
48517
48519
48521
48523
48526
48528
48529
48531
48534
48536
48538
48540
48542
48544
48546
48547
48549
48551
48554
48556
48558
48560
48561
48563
48566
48567
48569
48571
48573
48576
48577
48580
48581
48583
48586
48588
48590
48591
48594
48596
48597
48599
48602
48603
48606
48607
48610
48612
48614
48615
48617
48619
48622
48623
48626
48628
48629
48632
48634
48636
48638
48640
48641
48644
48646
48647
48650
48651
48654
48656
48657
48660
48662
48664
48665
48668
48670
48671
48673
48676
48677
48679
48681
48684
48686
48687
48689
48691
48693
48695
48697
48700
48701
48703
48706
48708
48710
48711
48714
48716
48717
48719
48721
48723
48725
48728
48729
48731
48734
48735
48738
48740
48741
48744
48746
48747
48749
48752
48753
48755
48757
48760
48761
48763
48765
48768
48769
48772
48774
48776
48777
48779
48781
48783
48786
48787
48790
48792
48793
48796
48798
48800
48802
48803
48806
48807
48809
48811
48813
48815
48818
48819
48821
48823
48825
48828
48829
48831
48834
48836
48837
48840
48842
48843
48846
48848
48849
48852
48854
48855
48857
48859
48862
48863
48865
48867
48869
48871
48874
48876
48878
48879
48881
48884
48885
48888
48889
48891
48893
48895
48897
48900
48901
48903
48905
48907
48909
48912
48913
48915
48917
48919
48921
48923
48925
48927
48930
48931
48933
48935
48938
48939
48942
48943
48945
48947
48950
48952
48953
48956
48957
48959
48961
48963
48965
48967
48970
48972
48974
48976
48978
48980
48981
48983
48985
48987
48989
48991
48993
48995
48997
48999
49001
49003
49005
49007
49009
49012
49013
49015
49017
49019
49021
49023
49025
49027
49030
49031
49033
49035
49037
49040
49042
49044
49045
49047
49050
49052
49053
49055
49057
49060
49062
49064
49066
49068
49070
49072
49074
49076
49078
49080
49082
49084
49086
49088
49090
49092
49093
49095
49097
49099
49101
49103
49105
49107
49109
49111
49113
49115
49117
49119
49121
49123
49125
49127
49129
49131
49133
49136
49137
49139
49141
49143
49145
49147
49149
49151
49153
49155
49157
49159
49161
49163
49165
49167
49169
49171
49173
49175
49177
49179
49181
49183
49185
49187
49189
49191
49193
49195
49197
49199
49201
49203
49205
49207
49209
49212
42772
42773
42775
42778
42779
42781
42784
42785
42787
42790
42791
42793
42796
42798
42799
42801
42803
42805
42807
42809
42811
28867
28868
28871
28872
28875
28876
28878
28880
28882
28886
28887
28889
28892
28894
28896
28898
28901
28903
28904
28907
28909
28913
28915
28917
28919
28922
28926
28930
28932
28933
28936
28939
28940
28942
28944
28947
28949
28950
28953
28955
28958
28961
28964
28968
28971
28978
28989
29003
29013
29016
29017
29019
29022
29024
29026
29028
29030
29032
29034
29035
29037
29039
29042
29043
29046
29047
29050
29051
29053
29056
29057
29059
29061
29063
29065
29068
29070
29071
29073
29075
29078
29079
29082
29084
29086
29088
29089
29092
29093
29095
29098
29100
29102
29104
29106
29108
29109
29111
29114
29115
29118
29120
29122
29124
29125
29128
29129
29131
29134
29136
29138
29140
29142
29143
29146
29147
29149
29152
29154
29155
29157
29159
29161
29163
29165
29167
29169
29171
29173
29175
29178
29180
29181
29183
29185
29187
29190
29191
29193
29196
29197
29199
29202
29204
29205
29208
29209
29211
29213
29216
29218
29219
29222
29223
29225
29227
29229
29231
29234
29235
29237
29240
29241
29244
29246
29248
29249
29252
29254
29256
29258
29260
29262
29264
29265
29268
29269
29272
29274
29276
29278
29279
29281
29283
29286
29287
29289
29292
29293
29295
29298
29299
29301
29303
29306
29307
29310
29312
29313
29316
29318
29320
29321
29324
29326
29327
29329
29332
29334
29335
29337
29339
29341
29343
29345
29347
29349
29352
29354
29355
29358
29359
29362
29363
29365
29368
29370
29372
29373
29375
29377
29380
29382
29383
29385
29388
29390
29391
29394
29396
29397
29400
29401
29403
29405
29408
29409
29411
29414
29415
29417
29420
29422
29423
29426
29427
29430
29431
29433
29435
29437
29439
29442
29444
29445
29447
29449
29452
29454
29456
29458
29459
29461
29463
29466
29467
29469
29472
29473
29476
29477
29480
29481
29483
29485
29487
29489
29491
29494
29496
29498
29499
29501
29504
29506
29508
29510
29511
29514
29516
29517
29520
29522
29524
29525
29528
29529
29532
29533
29536
29537
29540
29541
29544
29545
29548
29549
29552
29553
29555
29557
29560
29562
29564
29565
29567
29569
29571
29573
29576
29578
29580
29582
29584
29586
29588
29590
29591
29594
29596
29597
29599
29602
29603
29606
29607
29609
29611
29614
29616
29617
29620
29621
29623
29625
29627
29630
29632
29633
29635
29638
29640
29641
29644
29645
29647
29649
29651
29654
29656
29658
29660
29661
29663
29665
29668
29670
29671
29673
29675
29677
29679
29681
29684
29686
29687
29690
29691
29694
29696
29697
29700
29702
29704
29706
29707
29710
29711
29713
29716
29718
29720
29722
29723
29726
29728
29729
29732
29734
29736
29738
29740
29741
29743
29745
29747
29749
29751
29753
29755
29757
29759
29762
29764
29765
29767
29769
29771
29774
29776
29777
29779
29781
29784
29785
29788
29789
29792
29793
29796
29797
29800
29801
29804
29806
29808
29810
29811
29813
29816
29818
29819
29822
29824
29826
29827
29830
29832
29834
29836
29838
29839
29841
29844
29846
29848
29850
29852
29854
29856
29858
29859
29861
29863
29865
29868
29869
29872
29873
29876
29877
29879
29882
29884
29886
29887
29890
29891
29894
29895
29897
29899
29901
29903
29905
29908
29909
29912
29914
29916
29917
29919
29921
29924
29925
29927
29930
29932
29934
29935
29938
29940
29941
29944
29946
29948
29950
29952
29954
29955
29958
29959
29962
29963
29965
29968
29970
29971
29973
29975
29978
29980
29981
29984
29986
29987
29989
29991
29993
29996
29998
30000
30002
30004
30006
30007
30010
30012
30013
30015
30018
30019
30021
30023
30026
30027
30030
30031
30034
30036
30037
30039
30042
30044
30045
30048
30050
30052
30053
30056
30058
30059
30061
30064
30066
30068
30069
30071
30074
30076
30078
30080
30082
30083
30086
30087
30089
30091
30094
30096
30098
30100
30102
30103
30105
30107
30110
30111
30113
30115
30117
30119
30121
30123
30125
30128
30130
30132
30133
30135
30138
30140
30142
30144
30145
30148
30150
30152
30153
30155
30157
30160
30162
30163
30166
30168
30170
30171
30174
30175
30178
30180
30181
30184
30186
30188
30189
30192
30193
30196
30197
30200
30202
30203
30206
30207
30209
30211
30214
30216
30217
30220
30222
30224
30225
30227
30230
30232
30233
30235
30238
30239
30241
30243
30246
30248
30249
30251
30254
30256
30257
30259
30261
30264
30266
30267
30269
30271
30273
30275
30277
30280
30281
30283
30286
30287
30290
30291
30293
30295
30298
30300
30301
30303
30305
30308
30310
30312
30313
30316
30318
30319
30321
30324
30325
30327
30330
30332
30333
30336
30337
30339
30341
30344
30346
30347
30349
30351
30354
30356
30358
30359
30362
30363
30365
30368
30369
30371
30374
30375
30377
30379
30382
30383
30386
30387
30389
30391
30393
30396
30398
30400
30401
30404
30405
30408
30410
30412
30413
30416
30417
30420
30422
30423
30426
30427
30429
30431
30434
30435
30438
30439
30441
30444
30446
30448
30449
30451
30454
30456
30457
30460
30462
30463
30465
30467
30470
30472
30473
30475
30477
30480
30481
30484
30486
30487
30489
30491
30493
30496
30498
30499
30502
30503
30506
30507
30510
30512
30513
30516
30517
30519
30522
30524
30525
30527
30530
30531
30533
30535
30537
30540
30542
30544
30546
30548
30549
30551
30554
30556
30557
30559
30561
30564
30565
30568
30570
30572
30574
30576
30578
30579
30582
30583
30586
30588
30590
30591
30593
30595
30597
30599
30602
30603
30606
30608
30609
30612
30613
30615
30618
30620
30622
30623
30625
30628
30630
30631
30634
30635
30638
30639
30642
30644
30645
30648
30649
30652
30654
30655
30658
30660
30662
30663
30665
30667
30670
30672
30674
30675
30678
30680
30682
30684
30686
30687
30689
30691
30693
30695
30698
30700
30702
30703
30706
30708
30710
30712
30714
30715
30717
30719
30721
30723
30726
30728
30730
30732
30733
30736
30738
30739
30742
30744
30745
30747
30749
30751
30753
30755
30757
30759
30762
30764
30766
30768
30770
30771
30774
30776
30778
30780
30782
30784
30786
30787
30789
30792
30793
30796
30797
30799
30802
30803
30806
30808
30810
30811
30813
30816
30818
30820
30822
30824
30825
30828
30829
30831
30833
30835
30838
30839
30841
30844
30846
30847
30850
30852
30853
30855
30857
30859
30862
30864
30866
30867
30869
30871
30874
30875
30878
30880
30881
30883
30886
30888
30889
30892
30894
30896
30897
30899
30902
30903
30905
30908
30909
30912
30913
30916
30918
30919
30922
30923
30926
30927
30930
30932
30933
30935
30937
30939
30941
30943
30946
30947
30950
30951
30953
30955
30958
30959
30962
30963
30965
30967
30969
30972
30974
30976
30977
30979
30982
30983
30985
30988
30990
30991
30993
30995
30997
31000
31002
31004
31005
31008
31009
31011
31013
31015
31018
31020
31021
31024
31025
31027
31029
31031
31034
31035
31038
31039
31042
31044
31046
31047
31049
31051
31054
31055
31058
31060
31062
31064
31065
31068
31069
31072
31073
31076
31077
31080
31082
31083
31085
31088
31089
31091
31093
31095
31097
31100
31102
31103
31105
31108
31110
31111
31114
31115
31117
31120
31122
31124
31125
31127
31129
31132
31134
31135
31138
31139
31141
31144
31146
31147
31150
31152
31154
31156
31157
31159
31162
31164
31166
31167
31169
31171
31173
31175
31178
31180
31181
31183
31185
31187
31189
31191
31194
31195
31198
31200
31202
31204
31205
31208
31210
31212
31214
31216
31218
31220
31222
31223
31226
31227
31230
31231
31233
31235
31238
31240
31241
31244
31245
31248
31250
31251
31253
31255
31258
31259
31262
31264
31265
31268
31269
31271
31274
31275
31277
31279
31281
31284
31285
31287
31290
31291
31293
31296
31298
31300
31301
31304
31305
31308
31310
31312
31313
31316
31317
31320
31322
31324
31325
31327
31330
31332
31333
31336
31337
31339
31342
31344
31345
31347
31350
31352
31353
31356
31357
31360
31362
31363
31365
31368
31369
31371
31373
31375
31377
31379
31382
31384
31385
31388
31390
31392
31394
31396
31398
31399
31402
31404
31405
31408
31410
31411
31413
31415
31418
31420
31421
31423
31425
31428
31430
31432
31433
31435
31437
31439
31442
31443
31445
31447
31449
31451
31453
31455
31457
31460
31462
31463
31465
31467
31470
31472
31474
31475
31477
31479
31482
31484
31485
31487
31489
31492
31494
31496
31498
31499
31501
31504
31505
31507
31509
31512
31514
31515
31517
31520
31521
31523
31525
31528
31529
31531
31533
31536
31538
31539
31541
31544
31545
31547
31549
31551
31554
31556
31558
31559
31561
31564
31566
31567
31570
31571
31574
31575
31577
31579
31581
31583
31585
31587
31589
31592
31594
31596
31598
31599
31602
31603
31605
31607
31609
31612
31614
31615
31618
31620
31621
31623
31625
31627
31630
31632
31634
31636
31637
31639
31642
31644
31645
31648
31650
31651
31654
31656
31657
31659
31662
31663
31666
31667
31669
31671
31674
31676
31678
31679
31681
31684
31686
31688
31689
31692
31693
31696
31698
31700
31702
31704
31705
31708
31709
31712
31713
31715
31718
31720
31722
31723
31725
31728
31730
31732
31734
31735
31738
31740
31742
31743
31745
31747
31750
31751
31754
31755
31757
31759
31762
31764
31766
31768
31769
31771
31774
31775
31778
31780
31782
31783
31785
31787
31790
31791
31793
31795
31797
31799
31802
31804
31806
31807
31810
31812
31813
31816
31818
31819
31821
31824
31826
31828
31829
31831
31833
31835
31838
31839
31842
31844
31845
31848
31849
31852
31853
31855
31857
31859
31862
31863
31866
31868
31870
31872
31873
31876
31877
31880
31881
31884
31885
31887
31889
31891
31894
31895
31897
31899
31901
31904
31905
31908
31910
31911
31913
31915
31918
31919
31922
31923
31926
31928
31929
31931
31933
31935
31937
31939
31941
31943
31945
31947
31949
31951
31954
31955
31958
31959
31961
31963
31965
31967
31970
31971
31974
31976
31977
31979
31981
31983
31986
31988
31990
31991
31994
31995
31998
32000
32002
32003
32005
32008
32009
32012
32013
32016
32017
32019
32021
32023
32026
32027
32029
32031
32033
32035
32038
32039
32041
32044
32045
32048
32050
32051
32053
32055
32058
32059
32062
32064
32066
32068
32070
32071
32074
32075
32077
32079
32082
32083
32085
32088
32090
32091
32093
32096
32097
32100
32102
32104
32105
32108
32110
32111
32114
32115
32118
32119
32121
32124
32126
32127
32130
32132
32133
32136
32137
32139
32141
32144
32145
32147
32150
32152
32154
32155
32158
32159
32162
32164
32165
32167
32170
32172
32173
32175
32177
32180
32182
32183
32185
32188
32189
32191
32193
32195
32197
32199
32201
32203
32206
32207
32210
32211
32213
32215
32217
32220
32221
32224
32225
32228
32229
32232
32234
32236
32237
32240
32242
32243
32245
32247
32249
32251
32254
32256
32258
32259
32262
32264
32266
32267
32269
32271
32274
32276
32278
32280
32282
32284
32286
32287
32289
32292
32293
32295
32298
32300
32301
32303
32305
32307
32310
32311
32313
32316
32317
32319
32322
32323
32325
32328
32330
32331
32334
32336
32338
32340
32342
32343
32346
32348
32349
32351
32354
32356
32357
32360
32361
32363
32365
32367
32370
32371
32374
32376
32378
32380
32382
32384
32386
32388
32390
32391
32393
32395
32397
32399
32402
32403
32405
32407
32410
32412
32414
32415
32417
32420
32421
32423
32425
32427
32430
32431
32434
32435
32437
32439
32442
32443
32445
32447
32450
32452
32454
32456
32457
32459
32462
32464
32466
32468
32470
32471
32473
32475
32477
32480
32482
32484
32486
32487
32489
32492
32493
32496
32498
32499
32502
32503
32506
32507
32509
32512
32513
32516
32517
32520
32521
32524
32526
32528
32530
32532
32534
32535
32537
32539
32542
32544
32545
32547
32550
32551
32554
32556
32557
32560
32561
32563
32565
32568
32570
32571
32574
32576
32578
32580
32582
32583
32585
32588
32589
32591
32593
32596
32597
32600
32601
32604
32605
32607
32610
32611
32613
32616
32617
32620
32621
32624
32626
32628
32630
32632
32633
32635
32637
32640
32641
32643
32646
32647
32649
32652
32653
32655
32658
32659
32662
32663
32665
32668
32669
32672
32674
32675
32677
32679
32681
32684
32685
32688
32689
32692
32693
32696
32697
32699
32702
32703
32706
32707
32710
32712
32714
32716
32717
32720
32721
32724
32725
32727
32730
32732
32733
32736
32737
32740
32742
32743
32745
32747
32749
32751
32754
32755
32757
32759
32761
32763
32766
32767
