s vc 200 142
2
4
5
6
7
8
11
12
13
14
15
17
19
21
23
24
25
26
28
29
30
31
33
35
36
37
38
39
40
41
43
44
45
47
49
50
51
52
53
54
56
57
58
60
61
62
63
65
66
67
68
69
70
71
72
73
76
77
78
79
80
82
84
86
88
89
90
91
92
93
95
97
98
101
102
103
104
105
106
107
108
109
112
113
115
116
118
119
120
121
122
126
127
128
130
131
133
134
137
138
140
142
143
144
145
148
150
152
153
154
155
157
159
161
163
164
165
166
167
168
173
174
175
176
177
178
181
183
184
185
187
188
189
190
191
192
194
195
196
197
199
200
