s vc 25123 5111
1
16385
16387
16388
24577
24579
16391
16392
24580
24582
16395
16396
24584
16398
24586
16400
24588
24591
16403
24593
16405
16406
24595
16408
24597
16410
24599
24601
16413
16414
24603
24605
16417
16418
24607
16420
24608
16422
24611
24613
16425
16426
24614
24616
16429
24619
16431
24621
16433
16434
24623
24624
16437
16438
24626
16440
24628
24630
16443
16444
24632
16446
24634
24636
16449
24638
16451
24640
16453
16454
24642
16456
24645
24646
16459
24648
16461
16462
24650
24653
16465
24655
16467
16468
24657
24659
16471
24661
16473
24663
16475
24664
16477
24667
16479
16480
24668
24670
16483
24673
16485
16486
24675
24676
16489
16490
24678
16492
24680
24682
16495
16496
24684
16498
24686
24688
16501
16502
24690
16504
24693
24695
16507
16508
24696
24698
16511
24701
16513
16514
24703
16516
24705
24707
16519
16520
24708
24710
16523
24713
16525
24715
16527
16528
24716
16530
24718
24720
16533
24722
16535
24725
16537
24726
16539
24729
16541
16542
24730
16544
24733
16546
24735
24737
16549
24739
16551
24741
16553
24742
16555
16556
24744
24747
16559
16560
24748
16562
24750
24752
16565
24754
16567
24756
16569
24758
16571
16572
24760
16574
24763
16576
24764
24767
16579
16580
24768
24771
16583
24772
16585
24774
16587
24776
16589
16590
24778
16592
24781
16594
24782
24784
16597
16598
24787
16600
24788
24791
16603
16604
24793
16606
24794
24796
16609
24798
16611
24800
16613
24803
16615
16616
24804
24807
16619
16620
24808
24811
16623
16624
24813
24815
16627
16628
24817
24819
16631
24821
16633
24823
16635
24824
16637
16638
24827
24829
16641
16642
24830
24832
16645
24835
16647
16648
24837
16650
24839
24841
16653
24842
16655
24844
16657
24846
16659
16660
24848
24851
16663
16664
24853
16666
24855
16668
24857
24858
16671
16672
24860
16674
24862
16676
24864
16678
24867
24868
16681
16682
24870
16684
24872
24874
16687
24877
16689
16690
24878
24880
16693
16694
24882
24884
16697
16698
24887
24889
16701
24890
16703
16704
24893
16706
24894
24896
16709
24898
16711
16712
24900
24903
16715
24905
16717
24906
16719
24908
16721
16722
24911
24912
16725
16726
24915
24916
16729
16730
24919
24920
16733
24922
16735
24924
16737
16738
24927
24928
16741
24931
16743
16744
24932
16746
24935
24937
16749
24938
16751
24941
16753
24942
16755
24945
16757
16758
24946
24949
16761
16762
24951
16764
24953
16766
24954
24957
16769
16770
24959
16772
24960
24963
16775
24965
16777
16778
24967
16780
24968
16782
24971
24973
16785
16786
24974
16788
24976
24978
16791
16792
24980
16794
24982
16796
24985
16798
24986
24989
16801
16802
24991
24993
16805
16806
24994
24996
16809
16810
24998
16812
25001
16814
25003
25004
16817
25006
16819
25009
16821
25011
16823
25012
16825
16826
25014
25016
16829
25019
16831
25021
16833
16834
25022
16836
25025
16838
25027
16840
25029
25030
16843
16844
25032
25035
16847
25036
16849
16850
25038
25040
16853
16854
25042
25044
16857
16858
25046
16860
25049
25050
16863
25053
16865
16866
25054
16868
25056
16870
25058
16872
25060
16874
25062
25064
16877
25066
16879
25068
16881
25070
16883
25072
16885
16886
25074
25077
16889
25078
16891
25080
16893
25082
16895
25084
16897
16898
25086
25088
16901
16902
25090
25092
16905
16906
25094
16908
25096
16910
25098
25100
16913
16914
25102
16916
25104
25106
16919
25108
16921
16922
25110
16924
25112
16926
25114
16928
25116
25118
16931
16932
25121
25122
16935
16937
16938
16940
16943
16945
16947
16949
16950
16952
16954
16956
16958
16961
16963
16965
16966
16969
16970
16973
16974
16976
16979
16980
16983
16985
16986
16988
16991
16993
16995
16997
16999
17000
17002
17005
17007
17009
17010
17012
17015
17017
17019
17020
17022
17025
17026
17029
17031
17032
17034
17036
17039
17040
17042
17045
17046
17049
17050
17053
17054
17057
17058
17060
17062
17065
17066
17069
17070
17073
17074
17076
17078
17080
17082
17084
17087
17088
17091
17093
17094
17097
17098
17101
17102
17105
17106
24567
17108
17111
17112
17115
17117
24569
17119
17121
17122
17124
17126
24571
17128
17130
24572
17133
17134
17136
17139
17141
17142
17144
17146
24575
17148
17151
17152
17155
17156
17159
17161
17163
17164
17167
17168
17171
17173
17174
17177
17179
17180
17183
17184
17187
17189
17191
17192
17195
17197
17199
17201
17202
17204
17206
17208
17210
17212
17215
17216
17218
17220
17223
17224
17227
17229
17230
17233
17235
17236
17238
17240
17243
17244
17246
17248
17250
17252
17255
17256
17259
17261
17262
17265
17267
17268
17271
17273
17275
17276
17278
17281
17282
17285
17287
17288
17290
17292
17294
17296
17298
17301
17303
17304
17307
17308
17310
17313
17315
17316
17319
17320
17322
17325
17326
17328
17331
17332
17334
17336
17339
17340
17343
17344
17347
17349
17351
17352
17355
17356
17359
17361
17363
17364
17366
17369
17371
17373
17375
17376
17379
17380
17383
17384
17387
17389
17390
17393
17395
17397
17399
17400
17403
17404
17406
17409
17411
17413
17415
17416
17418
17420
17422
17425
17427
17428
17431
17432
17435
17436
17439
17440
17443
17445
17446
17448
17450
17452
17454
17457
17458
17460
17463
17464
17466
17468
17471
17472
17475
17477
17479
17480
17482
17485
17487
17488
17490
17493
17494
17497
17498
17500
17503
17505
17507
17509
17511
17513
17514
17517
17519
17521
17523
17524
17526
17529
17530
17532
17535
17537
17539
17540
17543
17545
17546
17549
17551
17552
17554
17556
17559
17560
17562
17565
17567
17569
17571
17573
17574
17576
17579
17581
17582
17584
17587
17589
17590
17592
17594
17597
17599
17601
17602
17605
17607
17609
17610
17612
17615
17616
17618
17620
17623
17625
17627
17629
17631
17633
17635
17637
17639
17640
17642
17644
17647
17648
17650
17652
17654
17657
17659
17660
17663
17665
17667
17668
17670
17673
17674
17677
17679
17681
17683
17685
17686
17688
17690
17692
17695
17696
17698
17701
17702
17705
17706
17709
17710
17712
17715
17717
17718
17721
17722
17725
17726
17729
17730
17732
17735
17737
17739
17740
17743
17745
17746
17749
17751
17753
17755
17757
17758
17760
17763
17765
17767
17768
17771
17773
17775
17777
17779
17780
17782
17785
17786
17788
17790
17793
17795
17797
17799
17800
17803
17805
17806
17808
17810
17812
17814
17817
17818
17821
17823
17825
17827
17828
17830
17832
17834
17836
17838
17840
17842
17845
17847
17848
17851
17853
17854
17857
17859
17860
17862
17864
17867
17869
17871
17873
17875
17876
17879
17880
17882
17885
17886
17888
17890
17893
17895
17897
17899
17901
17902
17904
17906
17908
17911
17912
17915
17916
17919
17921
17922
17924
17926
17928
17930
17933
17935
17937
17939
17940
17942
17944
17947
17948
17950
17952
17955
17956
17959
17960
17962
17964
17966
17968
17970
17973
17974
17977
17979
17981
17982
17984
17986
17989
17990
17992
17994
17996
17999
18001
18002
18004
18006
18009
18010
18013
18014
18016
18019
18020
18022
18025
18027
18029
18031
18033
18034
18036
18038
18041
18042
18045
18047
18049
18051
18053
18054
18057
18058
18061
18062
18065
18066
18069
18071
18072
18074
18076
18078
18080
18083
18085
18086
18089
18091
18093
18095
18097
18099
18101
18102
18104
18107
18108
18110
18113
18114
18117
18118
18121
18122
18124
18127
18129
18131
18132
18135
18137
18138
18140
18143
18144
18147
18149
18151
18153
18154
18157
18158
18161
18162
18165
18167
18168
18171
18172
18174
18176
18178
18180
18183
18185
18186
18188
18191
18193
18195
18197
18199
18201
18203
18205
18206
18209
18210
18212
18214
18217
18218
18221
18223
18225
18226
18228
18231
18233
18234
18236
18239
18241
18243
18244
18247
18249
18251
18252
18255
18256
18259
18261
18262
18264
18266
18268
18270
18273
18275
18277
18279
18280
18283
18285
18286
18288
18291
18292
18295
18296
18299
18301
18303
18305
18307
18309
18311
18313
18315
18317
18318
18320
18322
18324
18327
18329
18330
18333
18334
18337
18338
18341
18343
18345
18346
18349
18351
18352
18354
18357
18359
18360
18362
18365
18366
18368
18371
18373
18375
18377
18378
18380
18383
18384
18386
18388
18391
18392
18395
18397
18399
18400
18402
18405
18406
18408
18410
18412
18415
18417
18418
18421
18422
18425
18427
18428
18431
18433
18435
18436
18438
18440
18443
18445
18446
18449
18450
18453
18455
18457
18459
18460
18463
18464
18467
18469
18470
18473
18474
18477
18478
18480
18483
18484
18486
18488
18490
18493
18495
18496
18498
18501
18502
18505
18507
18509
18510
18512
18514
18517
18518
18521
18522
18525
18527
18529
18530
18533
18534
18536
18538
18541
18543
18545
18546
18549
18550
18553
18555
18557
18558
18560
18562
18565
18567
18568
18571
18572
18574
18576
18578
18580
18582
18584
18586
18588
18591
18592
18594
18597
18599
18601
18603
18605
18607
18608
18611
18612
18614
18616
18619
18620
18622
18625
18627
18629
18631
18632
18635
18637
18639
18641
18642
18645
18647
18648
18650
18652
18655
18657
18659
18661
18663
18665
18666
18668
18671
18672
18675
18676
18679
18681
18682
18684
18687
18689
18690
18693
18695
18697
18698
18701
18703
18705
18706
18708
18710
18712
18714
18716
18719
18720
18723
18724
18727
18729
18730
18732
18734
18736
18738
18741
18742
18745
18746
18748
18751
18753
18754
18756
18759
18760
18763
18764
18766
18769
18770
18773
18774
18776
18778
18780
18782
18784
18786
18789
18791
18793
18794
18797
18798
18801
18802
18805
18807
18809
18811
18812
18814
18816
18819
18820
18822
18824
18826
18828
18831
18833
18834
18837
18838
18840
18843
18845
18846
18849
18851
18852
18855
18857
18859
18861
18863
18865
18867
18868
18870
18872
18875
18877
18879
18881
18882
18885
18887
18889
18891
18892
18895
18897
18898
18900
18903
18904
18907
18908
18911
18913
18914
18917
18918
18921
18923
18924
18927
18928
18930
18932
18935
18936
18939
18941
18943
18945
18947
18948
18950
18953
18955
18956
18958
18961
18963
18964
18967
18969
18971
18973
18974
18976
18979
18981
18982
18985
18986
18989
18991
18993
18994
18997
18998
19001
19002
19005
19007
19008
19010
19013
19014
19016
19018
19020
19022
19024
19027
19028
19030
19032
19035
19037
19039
19040
19042
19044
19047
19049
19051
19052
19055
19056
19058
19060
19063
19064
19067
19068
19071
19072
19075
19077
19078
19081
19083
19085
19086
19088
19091
19092
19095
19097
19098
19100
19102
19104
19106
19109
19110
19112
19114
19117
19119
19121
19122
19124
19126
19128
19131
19132
19134
19137
19139
19141
19142
19144
19146
19149
19151
19153
19155
19157
19158
19161
19163
19164
19167
19168
19171
19173
19175
19176
19178
19180
19183
19185
19187
19189
19190
19192
19195
19197
19198
19201
19203
19205
19207
19209
19210
19212
19214
19217
19218
19220
19223
19225
19227
19228
19230
19232
19235
19236
19238
19240
19243
19245
19247
19248
19251
19253
19254
19257
19259
19260
19262
19265
19267
19269
19270
19272
19275
19276
19278
19280
19282
19284
19286
19288
19291
19292
19295
19297
19299
19301
19302
19305
19306
19309
19311
19312
19315
19316
19318
19321
19323
19325
19326
19328
19330
19332
19334
19336
19338
19341
19342
19345
19346
19349
19351
19352
19354
19356
19358
19361
19363
19364
19367
19369
19371
19372
19374
19377
19378
19381
19382
19385
19386
19388
19390
19393
19394
19397
19399
19400
19402
19404
19406
19408
19410
19412
19415
19417
19419
19421
19423
19424
19427
19429
19431
19433
19434
19437
19438
19440
19442
19445
19446
19448
19450
19452
19455
19456
19459
19460
19462
19465
19467
19468
19471
19472
19475
19476
19479
19481
19483
19485
19486
19489
19491
19493
19494
19496
19499
19500
19502
19505
19507
19509
19510
19512
19514
19516
19519
19520
19523
19525
19526
19528
19530
19533
19535
19537
19539
19541
19543
19544
19546
19549
19551
19552
19555
19556
19558
19561
19563
19565
19566
19568
19571
19573
19575
19577
19579
19581
19583
19585
19587
19589
19590
19593
19594
19596
19599
19600
19603
19604
19606
19609
19611
19613
19615
19617
19619
19620
19622
19624
19626
19629
19630
19633
19635
19637
19638
19641
19643
19645
19647
19649
19650
19652
19654
19656
19659
19661
19663
19665
19666
19669
19670
19672
19675
19676
19678
19680
19682
19684
19686
19688
19691
19692
19694
19696
19699
19700
19702
19705
19706
19708
19711
19713
19714
19716
19719
19721
19723
19724
19727
19729
19731
19733
19735
19736
19739
19740
19743
19744
19747
19749
19751
19753
19754
19756
19758
19761
19762
19765
19767
19769
19771
19772
19774
19776
19779
19780
19783
19784
19786
19789
19791
19793
19794
19796
19799
19801
19802
19804
19806
19808
19811
19813
19814
19816
19819
19821
19823
19824
19827
19829
19830
19832
19835
19836
19838
19840
19843
19844
19847
19848
19850
19853
19855
19856
19858
19861
19862
19865
19866
19869
19870
19872
19874
19877
19878
19880
19883
19884
19886
19888
19891
19893
19894
19897
19899
19900
19902
19904
19907
19909
19911
19913
19914
19917
19918
19921
19922
19925
19926
19928
19931
19933
19935
19937
19938
19941
19942
19944
19946
19949
19950
19952
19954
19956
19958
19961
19963
19965
19966
19969
19970
19973
19974
19977
19978
19981
19983
19984
19986
19988
19991
19993
19994
19997
19999
20001
20002
20005
20007
20009
20011
20012
20014
20017
20018
20020
20023
20025
20027
20028
20030
20033
20035
20036
20038
20041
20042
20044
20046
20048
20050
20053
20055
20057
20059
20061
20062
20064
20066
20069
20070
20073
20075
20077
20078
20080
20082
20084
20087
20088
20090
20092
20094
20096
20099
20101
20102
20105
20107
20108
20110
20112
20114
20117
20118
20120
20123
20124
20126
20129
20131
20132
20135
20137
20139
20140
20143
20145
20146
20149
20150
20152
20154
20156
20159
20161
20163
20164
20166
20168
20170
20172
20175
20177
20179
20181
20183
20184
20186
20189
20191
20192
20194
20196
20199
20201
20202
20205
20207
20208
20210
20213
20215
20216
20219
20221
20222
20224
20226
20228
20230
20232
20235
20237
20239
20241
20242
20245
20246
20249
20250
20252
20255
20256
20258
20260
20262
20264
20267
20268
20270
20272
20275
20277
20278
20281
20282
20284
20286
20288
20290
20293
20295
20296
20298
20301
20302
20304
20306
20309
20311
20312
20314
20316
20319
20320
20323
20324
20327
20328
20331
20333
20334
20337
20339
20340
20342
20344
20346
20348
20350
20353
20354
20357
20359
20360
20363
20364
20366
20368
20371
20372
20375
20376
20378
20380
20383
20384
20387
20389
20390
20393
20395
20397
20398
20400
20403
20404
20407
20408
20411
20412
20415
20417
20418
20421
20423
20424
20426
20428
20431
20432
20435
20437
20439
20440
20443
20444
20447
20449
20451
20452
20454
20456
20459
20460
20462
20464
20467
20469
20470
20473
20475
20476
20478
20480
20482
20484
20486
20488
20490
20493
20495
20497
20499
20500
20503
20505
20507
20508
20511
20513
20514
20517
20519
20521
20522
20524
20526
20528
20530
20532
20534
20537
20539
20541
20542
20545
20546
20548
20551
20553
20555
20557
20559
20560
20562
20564
20567
20569
20570
20573
20574
20576
20578
20580
20582
20584
20586
20588
20590
20592
20594
20596
20599
20601
20602
20605
20606
20609
20610
20613
20614
20617
20619
20621
20623
20625
20627
20629
20631
20633
20634
20637
20639
20641
20642
20644
20647
20648
20651
20653
20654
20656
20659
20661
20663
20664
20666
20669
20670
20673
20674
20677
20678
20680
20682
20684
20687
20688
20690
20692
20694
20696
20699
20700
20703
20704
20706
20708
20710
20712
20715
20717
20719
20720
20722
20724
20726
20728
20731
20732
20734
20736
20738
20740
20742
20744
20746
20749
20751
20753
20755
20757
20759
20760
20762
20765
20767
20769
20770
20773
20774
20776
20779
20781
20782
20785
20787
20789
20790
20792
20794
20797
20799
20801
20803
20805
20807
20808
20811
20812
20815
20816
20819
20821
20823
20824
20826
20829
20831
20833
20835
20837
20839
20841
20842
20844
20846
20848
20851
20853
20854
20857
20859
20860
20863
20864
20866
20869
20871
20873
20875
20877
20878
20880
20882
20885
20886
20889
20891
20893
20894
20896
20898
20900
20903
20905
20907
20909
20911
20913
20914
20917
20919
20921
20923
20925
20927
20929
20930
20932
20934
20936
20938
20940
20943
20944
20946
20948
20951
20952
20955
20956
20958
20960
20963
20965
20966
20968
20970
20972
20974
20977
20979
20981
20983
20985
20987
20989
20991
20992
20994
20997
20999
21000
21002
21004
21007
21008
21011
21012
21015
21017
21018
21021
21023
21024
21026
21028
21031
21033
21034
21036
21039
21040
21043
21045
21047
21048
21050
21053
21054
21057
21058
21061
21063
21064
21066
21068
21070
21072
21074
21077
21079
21080
21083
21085
21087
21089
21090
21093
21095
21097
21098
21101
21103
21105
21106
21108
21110
21113
21115
21117
21118
21120
21123
21124
21127
21128
21131
21133
21135
21136
21138
21140
21142
21145
21147
21149
21151
21152
21155
21156
21158
21161
21163
21165
21167
21168
21171
21173
21174
21176
21179
21181
21182
21184
21187
21188
21191
21193
21195
21196
21199
21200
21202
21204
21206
21209
21210
21213
21214
21217
21219
21220
21223
21225
21226
21228
21231
21232
21235
21237
21239
21241
21242
21245
21247
21249
21251
21253
21254
21256
21258
21260
21262
21264
21267
21269
21270
21272
21274
21276
21278
21281
21282
21285
21286
21289
21290
21293
21295
21297
21299
21301
21303
21305
21306
21309
21310
21312
21315
21317
21319
21320
21322
21324
21326
21329
21331
21333
21334
21337
21339
21341
21342
21345
21347
21348
21350
21353
21354
21356
21358
21360
21362
21364
21367
21369
21371
21372
21375
21376
21379
21381
21383
21384
21386
21389
21391
21393
21395
21396
21399
21401
21402
21404
21407
21409
21411
21413
21414
21417
21418
21420
21423
21424
21427
21428
21430
21432
21434
21436
21438
21440
21442
21445
21447
21449
21451
21453
21455
21457
21458
21460
21463
21465
21466
21468
21470
21472
21474
21476
21478
21480
21483
21485
21486
21488
21490
21493
21495
21496
21499
21501
21502
21505
21506
21508
21511
21512
21514
21517
21519
21520
21523
21524
21527
21528
21530
21533
21535
21537
21538
21541
21542
21545
21546
21548
21551
21552
21555
21556
21559
21561
21562
21564
21567
21569
21570
21572
21574
21577
21579
21581
21582
21585
21587
21588
21591
21593
21595
21596
21599
21601
21602
21604
21606
21609
21610
21612
21615
21617
21619
21621
21622
21624
21627
21629
21631
21633
21635
21637
21639
21640
21642
21645
21646
21648
21650
21652
21655
21657
21658
21661
21663
21665
21666
21669
21670
21672
21674
21677
21678
21680
21683
21685
21687
21688
21690
21693
21695
21697
21699
21700
21703
21705
21706
21708
21711
21713
21715
21717
21719
21721
21722
21725
21726
21729
21730
21733
21735
21737
21739
21741
21743
21744
21746
21748
21751
21753
21754
21756
21759
21761
21762
21764
21766
21769
21771
21773
21775
21777
21779
21780
21782
21785
21786
21789
21790
21793
21795
21797
21798
21800
21803
21804
21807
21809
21810
21812
21815
21816
21818
21821
21822
21825
21826
21829
21831
21832
21834
21837
21838
21841
21843
21844
21846
21848
21850
21853
21855
21857
21859
21861
21863
21864
21867
21868
21871
21872
21875
21876
21878
21881
21883
21884
21887
21888
21891
21892
21895
21896
21899
21900
21903
21905
21907
21908
21910
21913
21915
21916
21918
21920
21922
21924
21926
21929
21930
21932
21935
21937
21938
21940
21943
21944
21946
21949
21951
21952
21954
21956
21959
21961
21963
21965
21967
21969
21970
21972
21974
21976
21979
21980
21982
21984
21986
21989
21991
21993
21994
21997
21999
22000
22002
22004
22006
22009
22011
22013
22015
22016
22019
22021
22022
22024
22027
22029
22031
22033
22035
22036
22038
22041
22043
22044
22046
22048
22050
22052
22054
22056
22058
22060
22063
22065
22066
22069
22071
22073
22074
22077
22079
22081
22082
22084
22087
22088
22091
22092
22095
22097
22098
22101
22103
22104
22106
22108
22111
22113
22114
22116
22119
22121
22122
22124
22126
22128
22131
22132
22134
22137
22138
22141
22143
22145
22147
22148
22151
22153
22154
22157
22158
22161
22163
22165
22166
22168
22170
22172
22174
22176
22179
22181
22183
22184
22186
22188
22190
22193
22194
22197
22198
22201
22202
22205
22207
22209
22211
22213
22215
22216
22218
22220
22222
22224
22226
22229
22231
22232
22235
22236
22238
22240
22242
22244
22246
22248
22251
22252
22254
22257
22259
22261
22263
22264
22266
22268
22271
22273
22274
22277
22278
22280
22283
22285
22287
22288
22291
22292
22295
22297
22298
22301
22302
22305
22307
22309
22311
22313
22315
22317
22318
22320
22322
22324
22326
22328
22330
22333
22335
22336
22338
22340
22342
22345
22347
22348
22351
22352
22355
22356
22358
22360
22363
22365
22366
22368
22370
22373
22374
22377
22379
22380
22382
22384
22386
22388
22390
22392
22394
22396
22399
22400
22403
22404
22407
22409
22411
22412
22415
22416
22419
22421
22423
22425
22427
22428
22431
22432
22434
22437
22439
22440
22442
22445
22447
22449
22450
22453
22454
22456
22458
22460
22462
22465
22467
22469
22471
22473
22475
22477
22478
22480
22483
22485
22486
22489
22491
22492
22495
22496
22499
22500
22503
22505
22507
22508
22510
22512
22515
22516
22518
22520
22522
22525
22527
22529
22531
22533
22535
22537
22539
22541
22543
22545
22547
22548
22551
22553
22554
22556
22559
22561
22563
22564
22566
22569
22570
22573
22574
22576
22578
22580
22583
22584
22587
22589
22590
22593
22594
22596
22598
22600
22603
22605
22607
22608
22610
22612
22615
22616
22619
22621
22623
22625
22626
22628
22630
22633
22635
22636
22639
22641
22643
22644
22647
22649
22650
22652
22655
22657
22659
22661
22663
22665
22667
22669
22670
22672
22674
22676
22679
22681
22682
22685
22687
22688
22691
22692
22695
22696
22699
22701
22703
22704
22707
22708
22710
22712
22714
22717
22718
22720
22723
22725
22726
22728
22731
22733
22735
22737
22738
22740
22742
22744
22746
22748
22751
22753
22754
22757
22758
22760
22763
22765
22766
22768
22771
22773
22774
22777
22778
22780
22783
22784
22787
22788
22791
22792
22795
22796
22798
22801
22803
22804
22807
22809
22810
22813
22815
22817
22819
22821
22822
22825
22827
22828
22831
22833
22834
22837
22839
22841
22842
22845
22847
22849
22850
22853
22855
22857
22858
22861
22862
22865
22866
22869
22870
22872
22875
22877
22878
22880
22883
22884
22887
22889
22890
22892
22895
22897
22898
22900
22903
22904
22907
22908
22910
22913
22915
22917
22919
22920
22923
22925
22927
22928
22930
22932
22935
22936
22938
22941
22943
22944
22946
22948
22951
22953
22955
22957
22959
22961
22963
22965
22966
22969
22970
22973
22974
22977
22978
22981
22982
22984
22986
22988
22991
22993
22995
22996
22998
23001
23003
23005
23006
23008
23010
23013
23014
23016
23019
23021
23022
23025
23027
23028
23030
23032
23035
23036
23039
23040
23043
23045
23047
23048
23050
23052
23054
23056
23058
23061
23062
23064
23067
23068
23071
23073
23075
23076
23079
23081
23082
23084
23086
23088
23090
23093
23094
14904
23097
14906
23098
14908
23100
14910
23103
14912
23105
14914
23106
14916
23108
14918
23110
14920
23113
23114
14923
14924
23117
14926
23119
14928
23120
14930
23123
14932
23125
14934
23126
14936
23129
14938
23130
14940
23133
14942
23135
14944
23137
14946
23139
14948
23141
14950
23142
14952
23144
14954
23147
14956
23148
14958
23151
14960
23152
14962
23154
14964
23156
14966
23159
14968
23160
14970
23162
14972
23165
14974
23167
14976
23169
14978
23170
14981
14982
23173
14984
23175
14986
23177
14988
23178
14990
23181
14992
23182
14994
23185
14996
23186
14998
23188
15000
23190
15002
23192
15004
23195
15006
23197
15008
23199
15010
23200
15012
23202
15014
23205
15016
23207
15018
23208
15020
23210
15022
23212
15024
23215
15026
23217
15028
23218
15030
23221
15032
23222
15034
23224
15036
23227
23228
15039
15040
23231
15042
23232
23234
15045
15046
23236
15048
23239
23241
15051
15052
23243
23245
15055
15056
23246
15058
23248
23250
15061
15062
23252
23254
15065
15066
23256
15068
23259
15070
23260
15072
23263
15074
23265
15076
23266
23269
15079
15080
23271
23272
15083
15084
23275
15086
23277
15088
23278
15090
23281
23282
15093
15094
23285
23287
15097
15098
23288
23291
15101
15102
23293
15104
23295
23296
15107
23298
15109
15110
23300
15112
23302
23305
15115
15116
23307
15118
23308
15120
23310
15122
23312
23315
15125
15126
23317
15128
23318
23321
15131
15132
23323
15134
23324
23326
15137
23328
15139
15140
23331
15142
23332
15144
23335
23336
15147
23339
15149
23341
15151
15152
23342
15154
23345
15156
23346
23349
15159
15160
23351
23352
15163
15164
23354
23357
15167
15168
23358
23360
15171
15172
23362
15174
23364
15176
23367
23369
15179
15180
23370
23373
15183
15184
23375
15186
23376
23379
15189
15190
23381
23382
15193
15194
23384
15196
23387
15198
23388
23391
15201
15202
23393
15204
23394
23397
15207
23399
15209
15210
23400
15212
23402
23404
15215
23406
15217
23409
15219
23410
15221
23412
15223
15224
23415
15226
23417
23419
15229
23420
15231
15232
23423
23424
15235
23427
15237
23428
15239
23431
15241
15242
23432
15244
23435
23437
15247
23439
15249
23440
15251
15252
23443
15254
23445
15256
23446
23448
15259
15260
23450
15262
23452
15264
23455
23456
15267
23459
15269
23460
15271
23462
15273
23464
15275
23467
15277
15278
23469
23471
15281
15282
23473
15284
23474
23476
15287
23478
15289
15290
23480
15292
23483
15294
23484
23486
15297
15298
23489
23490
15301
23493
15303
23495
15305
23496
15307
15308
23498
15310
23500
23502
15313
15314
23504
15316
23506
15318
23509
23511
15321
23513
15323
23514
15325
23517
15327
23518
15329
23521
15331
23522
15333
15334
23525
23526
15337
15338
23529
15340
23530
15342
23533
15344
23534
23537
15347
23538
15349
23540
15351
23543
15353
15354
23544
23547
15357
23548
15359
15360
23551
23553
15363
15364
23554
15366
23557
23559
15369
23560
15371
15372
23563
15374
23565
15376
23566
15378
23568
15380
23570
15382
23573
23574
15385
23577
15387
15388
23578
23581
15391
23582
15393
15394
23585
23587
15397
23589
15399
23591
15401
23593
15403
15404
23595
23597
15407
23598
15409
23600
15411
23603
15413
15414
23605
15416
23607
23608
15419
15420
23610
15422
23613
15424
23615
23617
15427
15428
23618
23621
15431
23623
15433
23624
15435
15436
23627
23629
15439
15440
23630
15442
23632
23635
15445
23636
15447
23639
15449
15450
23641
23642
15453
23645
15455
23647
15457
15458
23648
15460
23651
23652
15463
23654
15465
15466
23657
15468
23659
15470
23660
23662
15473
15474
23664
15476
23667
23668
15479
23670
15481
23673
15483
23674
15485
15486
23676
23678
15489
15490
23680
15492
23682
23684
15495
23687
15497
15498
23689
15500
23691
15502
23692
15504
23695
15506
23697
15508
23698
23700
15511
15512
23703
15514
23704
23707
15517
15518
23709
15520
23711
15522
23712
23714
15525
15526
23717
23718
15529
23721
15531
15532
23723
23724
15535
23727
15537
15538
23728
23731
15541
23732
15543
23735
15545
15546
23737
23738
15549
23740
15551
23742
15553
15554
23744
23746
15557
15558
23749
23751
15561
15562
23753
23754
15565
15566
23756
23758
15569
15570
23760
23763
15573
15574
23764
23767
15577
15578
23769
23771
15581
15582
23772
23774
15585
15586
23776
23779
15589
15590
23781
23783
15593
23784
15595
23787
15597
15598
23788
15600
23791
15602
23793
23794
15605
15606
23796
15608
23798
23800
15611
15612
23802
15614
23804
23806
15617
23809
15619
23811
15621
23812
15623
23815
15625
15626
23817
15628
23819
15630
23820
23822
15633
15634
23824
15636
23827
23829
15639
23831
15641
23833
15643
23834
15645
15646
23837
23838
15649
23840
15651
23843
15653
15654
23844
23847
15657
23849
15659
23851
15661
15662
23853
23854
15665
23856
15667
23858
15669
23861
15671
15672
23863
15674
23864
15676
23867
23868
15679
15680
23870
15682
23873
15684
23874
15686
23877
23879
15689
23880
15691
23882
15693
15694
23884
15696
23886
23888
15699
15700
23891
15702
23892
15704
23895
15706
23896
15708
23898
23900
15711
15712
23903
15714
23905
15716
23907
23908
15719
23911
15721
15722
23913
15724
23914
15726
23916
23919
15729
23921
15731
23922
15733
23924
15735
23927
15737
15738
23929
15740
23931
23932
15743
15744
23934
23936
15747
23939
15749
15750
23941
23942
15753
15754
23945
23946
15757
23949
15759
23951
15761
15762
23952
23954
15765
15766
23957
23958
15769
15770
23961
23962
15773
23964
15775
15776
23966
23969
15779
15780
23970
15782
23973
15784
23975
15786
23977
23978
15789
23981
15791
23983
15793
15794
23984
15796
23986
23989
15799
23991
15801
15802
23993
15804
23995
23997
15807
23999
15809
24000
15811
15812
24002
15814
24005
15816
24007
24009
15819
24010
15821
15822
24013
24015
15825
24017
15827
24019
15829
24021
15831
24022
15833
15834
24025
15836
24026
15838
24028
24031
15841
24032
15843
24034
15845
24037
15847
15848
24039
24041
15851
15852
24042
24044
15855
24046
15857
24049
15859
24050
15861
24052
15863
24055
15865
24057
15867
24059
15869
15870
24061
15872
24062
24065
15875
24067
15877
24068
15879
24070
15881
24072
15883
24074
15885
15886
24077
24079
15889
24081
15891
24082
15893
24084
15895
15896
24087
24089
15899
24090
15901
24093
15903
15904
24094
15906
24096
24099
15909
15910
24100
24102
15913
24105
15915
24106
15917
15918
24108
15920
24111
15922
24113
24114
15925
24117
15927
15928
24119
24121
15931
15932
24123
15934
24125
24127
15937
24129
15939
24131
15941
15942
24132
24135
15945
15946
24136
24138
15949
15950
24140
15952
24143
24144
15955
15956
24146
15958
24148
24151
15961
24152
15963
15964
24154
24157
15967
24158
15969
24160
15971
15972
24162
15974
24165
24167
15977
15978
24168
15980
24170
24173
15983
15984
24175
24176
15987
15988
24178
15990
24181
15992
24183
15994
24185
24186
15997
15998
24189
16000
24191
24193
16003
24194
16005
24196
16007
24198
16009
24200
16011
24202
16013
24204
16015
24206
16017
24208
16019
24211
16021
24213
16023
24214
16025
24217
16027
24218
16029
24221
16031
24222
16033
24225
16035
16036
24226
16038
24228
16040
24231
16042
24232
16044
24234
16046
24237
16048
24238
24241
16051
24242
16053
24245
16055
16056
24247
16058
24249
24250
16061
24253
16063
16064
24254
24256
16067
24259
16069
16070
24260
16072
24262
16074
24264
16076
24266
16078
24268
24271
16081
24272
16083
24274
16085
24276
16087
24279
16089
16090
24280
24283
16093
16094
24284
16096
24286
16098
24288
16100
24291
16102
24293
24294
16105
24296
16107
16108
24298
16110
24301
16112
24302
16114
24304
16116
24306
16118
24309
16120
24311
24312
16123
16124
24315
16126
24316
24319
16129
24321
16131
16132
24323
16134
24324
24326
16137
16138
24329
24331
16141
24332
16143
24335
16145
16146
24336
16148
24339
24340
16151
24343
16153
24344
16155
16156
24347
16158
24349
24351
16161
24352
16163
24355
16165
24356
16167
16168
24359
16170
24360
16172
24362
24364
16175
16176
24366
24368
16179
16180
24370
24373
16183
24374
16185
16186
24376
24379
16189
16190
24381
16192
24382
24385
16195
24386
16197
24388
16199
16200
24390
24392
16203
24395
16205
16206
24397
16208
24398
24401
16211
16212
24403
16214
24404
24406
16217
24408
16219
16220
24411
16222
24412
16224
24415
16226
24416
24418
16229
24420
16231
16232
24422
16234
24424
24427
16237
16238
24429
24430
16241
24433
16243
24435
16245
24437
16247
24439
16249
24440
16251
24443
16253
24444
16255
24446
16257
16258
24449
24451
16261
24452
16263
16264
24454
16266
24457
16268
24458
24460
16271
16272
24463
24464
16275
16276
24467
16278
24469
16280
24470
24473
16283
16284
24475
24476
16287
16288
24478
16290
24480
16292
24482
16294
24485
16296
24487
24489
16299
24491
16301
16302
24493
16304
24495
24496
16307
24498
16309
24500
16311
16312
24503
16314
24504
16316
24507
24508
16319
16320
24511
16322
24513
24514
16325
16326
24516
16328
24519
16330
24521
16332
24523
16334
24525
24527
16337
24529
16339
16340
24530
24532
16343
24535
16345
16346
24536
24538
16349
24541
16351
16352
24543
16354
24545
24546
16357
24548
16359
16360
24550
24553
16363
24554
16365
24556
16367
16368
24559
16370
24561
24562
16373
16374
24565
16377
16379
16380
16383
