s vc 2980 1920
1
2
3
4
6
9
10
13
21
25
29
33
35
37
38
39
42
43
44
47
48
50
52
53
54
55
56
57
62
65
67
68
69
71
73
75
77
79
80
81
82
83
84
85
88
92
96
97
99
100
104
107
109
110
111
112
113
115
117
119
120
121
122
123
125
128
133
135
136
137
138
146
147
150
151
153
156
158
159
162
163
164
167
168
169
170
173
174
175
178
182
183
187
191
193
197
199
201
202
204
206
207
208
211
212
214
215
216
218
219
220
223
224
225
226
228
230
231
233
235
236
237
238
241
242
243
244
246
248
249
250
252
253
255
257
259
260
261
263
264
266
267
268
271
272
273
274
276
278
280
281
283
284
285
286
288
289
292
293
294
296
297
298
300
302
304
305
307
308
309
310
313
314
315
316
318
320
321
322
324
325
328
329
330
331
334
335
336
338
339
340
343
344
345
347
348
349
351
353
354
356
358
359
360
361
363
364
366
367
370
371
372
374
375
376
378
379
381
382
384
385
388
389
391
392
394
395
396
398
399
400
402
403
405
407
408
410
411
413
414
415
417
419
421
422
423
425
426
428
430
431
432
434
436
437
439
440
441
442
444
445
447
449
450
451
454
455
456
457
459
460
463
464
465
467
469
470
472
473
474
475
478
479
480
482
483
484
486
487
489
490
492
494
496
497
498
500
501
503
504
506
507
509
510
512
513
515
516
517
519
520
522
523
525
526
528
530
531
532
534
535
537
538
540
541
544
545
547
548
550
551
552
554
556
557
558
559
561
563
564
566
567
568
570
572
573
574
577
578
580
581
583
584
585
587
588
590
592
593
594
596
598
599
600
602
603
605
606
608
610
611
613
614
615
616
618
620
621
622
624
625
627
629
630
632
633
635
636
637
639
640
642
644
645
647
649
650
651
653
654
656
658
659
660
661
663
664
667
668
669
670
672
673
675
676
678
680
681
682
685
686
687
689
691
692
693
695
696
698
699
700
702
704
706
707
708
710
711
712
714
715
718
719
720
722
723
725
727
728
729
730
732
733
736
737
738
739
742
743
745
746
747
748
751
752
753
755
757
758
760
761
762
763
765
766
769
770
772
773
775
776
778
779
780
781
783
784
787
788
790
791
792
794
795
796
799
800
801
802
805
806
807
808
810
812
813
814
816
818
820
821
822
824
825
826
828
829
832
833
834
835
838
839
840
841
843
845
847
848
849
850
852
854
856
857
858
859
861
862
864
865
867
868
870
871
874
875
877
878
879
880
882
883
886
887
889
890
892
893
894
895
898
899
900
901
903
905
907
908
910
911
913
914
915
916
918
919
922
923
924
925
928
929
930
932
933
935
936
938
939
941
942
943
946
947
949
950
951
952
955
956
957
958
960
961
963
965
966
967
970
971
973
974
975
976
979
980
982
983
984
985
988
989
990
991
994
995
996
998
999
1000
1002
1004
1005
1006
1008
1010
1011
1012
1014
1015
1017
1018
1020
1021
1023
1024
1026
1027
1029
1030
1033
1034
1035
1036
1038
1039
1041
1042
1044
1046
1047
1048
1050
1052
1054
1055
1057
1058
1059
1060
1063
1064
1065
1066
1068
1069
1072
1073
1075
1076
1077
1078
1080
1082
1084
1085
1086
1087
1090
1091
1092
1093
1095
1097
1098
1099
1102
1103
1104
1106
1107
1108
1110
1112
1113
1114
1116
1117
1119
1120
1122
1123
1125
1126
1128
1129
1131
1133
1135
1136
1137
1139
1140
1141
1143
1145
1146
1147
1149
1151
1153
1154
1155
1156
1158
1159
1162
1163
1164
1165
1168
1169
1171
1172
1174
1175
1176
1178
1179
1181
1182
1183
1185
1187
1189
1190
1192
1193
1194
1195
1197
1198
1200
1201
1203
1204
1206
1208
1209
1211
1213
1214
1216
1217
1218
1220
1221
1223
1224
1226
1227
1228
1231
1232
1233
1234
1236
1237
1240
1241
1243
1244
1246
1247
1248
1250
1251
1252
1254
1255
1257
1259
1260
1261
1263
1265
1266
1268
1269
1270
1272
1273
1275
1276
1278
1280
1281
1282
1284
1285
1287
1289
1291
1292
1293
1294
1296
1297
1299
1301
1302
1304
1305
1306
1309
1310
1311
1313
1314
1315
1317
1318
1320
1322
1323
1325
1326
1328
1330
1331
1332
1334
1335
1336
1338
1340
1341
1342
1344
1345
1347
1349
1350
1351
1354
1355
1356
1357
1359
1360
1362
1364
1366
1367
1368
1369
1372
1373
1374
1376
1377
1379
1381
1382
1384
1385
1386
1388
1390
1391
1393
1394
1395
1396
1398
1400
1402
1403
1405
1406
1408
1409
1410
1411
1413
1415
1417
1418
1419
1420
1422
1423
1425
1426
1428
1430
1431
1432
1434
1436
1438
1439
1440
1441
1443
1445
1447
1448
1450
1451
1452
1453
1456
1457
1458
1459
1461
1463
1464
1465
1467
1468
1470
1471
1473
1474
1477
1478
1480
1481
1482
1483
1485
1486
1488
1490
1492
1493
1494
1495
1497
1499
1500
1502
1503
1505
1506
1507
1510
1511
1512
1513
1515
1517
1519
1520
1521
1522
1524
1525
1527
1529
1530
1531
1533
1535
1536
1537
1540
1541
1542
1544
1546
1547
1548
1549
1551
1552
1554
1556
1557
1559
1560
1561
1563
1564
1566
1567
1570
1571
1573
1574
1575
1576
1578
1580
1582
1583
1584
1585
1587
1588
1590
1591
1593
1594
1596
1598
1599
1600
1603
1604
1605
1606
1609
1610
1611
1613
1614
1615
1617
1618
1620
1622
1624
1625
1627
1628
1629
1630
1632
1634
1635
1637
1638
1640
1642
1643
1644
1645
1648
1649
1650
1652
1654
1655
1656
1658
1659
1661
1663
1664
1665
1666
1668
1669
1671
1673
1675
1676
1677
1678
1680
1681
1683
1685
1687
1688
1690
1691
1693
1694
1696
1697
1698
1700
1701
1703
1704
1705
1707
1708
1710
1712
1713
1714
1716
1718
1719
1721
1722
1724
1726
1727
1729
1730
1731
1733
1734
1736
1737
1739
1741
1742
1744
1745
1747
1748
1749
1751
1753
1754
1755
1757
1758
1760
1761
1763
1764
1766
1767
1768
1770
1771
1773
1774
1776
1778
1779
1781
1783
1784
1785
1787
1788
1789
1792
1793
1794
1795
1797
1799
1800
1801
1803
1804
1806
1808
1809
1811
1812
1814
1815
1817
1818
1819
1821
1822
1824
1825
1828
1829
1830
1831
1834
1835
1837
1838
1839
1840
1843
1844
1846
1847
1848
1849
1852
1853
1855
1856
1858
1859
1860
1862
1863
1865
1867
1868
1869
1871
1873
1874
1875
1876
1878
1880
1881
1883
1884
1885
1887
1888
1890
1892
1894
1895
1896
1897
1900
1901
1902
1903
1905
1906
1909
1910
1912
1913
1914
1915
1917
1919
1920
1921
1923
1925
1926
1928
1929
1930
1933
1934
1936
1937
1938
1940
1941
1942
1945
1946
1948
1949
1951
1952
1953
1955
1956
1958
1959
1961
1962
1963
1965
1966
1969
1970
1972
1973
1974
1976
1977
1978
1980
1981
1983
1984
1987
1988
1990
1991
1993
1994
1995
1996
1998
2000
2001
2003
2005
2006
2007
2009
2010
2011
2014
2015
2017
2018
2020
2021
2022
2023
2025
2027
2028
2029
2031
2033
2035
2036
2037
2039
2040
2042
2044
2045
2046
2048
2050
2051
2052
2054
2055
2057
2059
2060
2062
2063
2064
2066
2067
2069
2070
2071
2074
2075
2076
2077
2079
2080
2083
2084
2086
2087
2088
2089
2091
2092
2094
2095
2097
2098
2100
2102
2103
2105
2106
2107
2109
2111
2112
2114
2115
2116
2118
2119
2121
2122
2125
2126
2128
2129
2130
2131
2133
2135
2136
2137
2140
2141
2143
2144
2146
2147
2148
2149
2151
2153
2154
2156
2157
2158
2160
2162
2164
2165
2167
2168
2170
2171
2172
2173
2176
2177
2179
2180
2181
2183
2184
2186
2187
2188
2190
2192
2194
2195
2196
2198
2199
2201
2202
2204
2205
2206
2209
2210
2211
2213
2215
2216
2218
2219
2220
2222
2223
2225
2227
2228
2230
2231
2232
2233
2235
2236
2238
2239
2241
2242
2244
2246
2247
2249
2251
2252
2253
2254
2256
2258
2259
2261
2263
2264
2265
2266
2268
2269
2272
2273
2275
2276
2277
2278
2281
2282
2283
2284
2286
2288
2290
2291
2292
2293
2295
2297
2298
2299
2301
2303
2305
2306
2307
2309
2311
2312
2314
2315
2316
2317
2319
2321
2323
2324
2325
2326
2328
2329
2331
2332
2334
2336
2337
2338
2340
2342
2343
2344
2347
2348
2350
2351
2352
2354
2356
2357
2358
2360
2361
2362
2364
2366
2367
2369
2370
2371
2373
2374
2376
2377
2380
2381
2382
2383
2386
2387
2389
2390
2392
2393
2394
2396
2398
2399
2400
2401
2404
2405
2406
2408
2409
2410
2413
2414
2416
2417
2418
2420
2422
2423
2425
2426
2427
2428
2431
2432
2433
2435
2437
2438
2439
2441
2443
2444
2445
2447
2449
2450
2451
2452
2454
2456
2457
2458
2460
2462
2463
2465
2467
2468
2469
2470
2472
2473
2476
2477
2478
2479
2481
2483
2484
2486
2488
2489
2490
2492
2493
2494
2497
2498
2499
2500
2503
2504
2505
2507
2509
2510
2511
2513
2514
2515
2517
2519
2520
2521
2524
2525
2526
2527
2529
2531
2532
2533
2536
2537
2538
2540
2542
2543
2544
2546
2547
2548
2550
2551
2553
2554
2557
2558
2559
2561
2562
2564
2565
2566
2568
2569
2571
2572
2575
2576
2578
2579
2580
2582
2583
2585
2587
2588
2590
2591
2593
2594
2595
2596
2598
2600
2601
2603
2605
2606
2608
2609
2610
2612
2613
2614
2616
2617
2619
2620
2623
2624
2625
2626
2628
2629
2631
2633
2634
2636
2638
2639
2641
2642
2644
2645
2646
2648
2650
2651
2653
2654
2655
2656
2658
2659
2662
2663
2664
2665
2667
2668
2670
2671
2673
2675
2677
2678
2679
2680
2682
2684
2685
2686
2689
2690
2692
2693
2694
2696
2697
2699
2700
2702
2704
2705
2707
2708
2709
2710
2712
2714
2716
2717
2718
2719
2722
2723
2724
2726
2727
2728
2730
2732
2733
2734
2736
2738
2739
2740
2743
2744
2745
2747
2748
2749
2751
2753
2755
2756
2758
2759
2761
2762
2763
2765
2766
2767
2770
2771
2772
2774
2775
2776
2778
2779
2785
2787
2788
2791
2792
2794
2795
2796
2797
2798
2799
2800
2802
2803
2804
2806
2807
2808
2810
2811
2812
2814
2816
2820
2821
2825
2826
2829
2831
2838
2839
2840
2841
2843
2844
2846
2850
2852
2854
2856
2858
2866
2867
2869
2870
2871
2873
2874
2875
2878
2881
2882
2883
2885
2886
2888
2894
2896
2898
2904
2906
2907
2909
2910
2911
2912
2914
2919
2920
2921
2922
2923
2924
2925
2928
2929
2932
2934
2935
2937
2940
2941
2945
2946
2951
2952
2956
2957
2959
2960
2961
2964
2965
2966
2968
2969
2970
2972
2974
2975
2976
2978
2980
