s vc 12589 6749
1
4
6
8
9
10
11
13
15
18
19
21
23
24
25
26
27
29
30
31
33
35
36
38
39
40
41
42
44
46
48
49
50
51
52
54
55
57
58
60
61
63
65
66
69
71
73
75
77
79
81
82
84
85
86
87
89
90
92
93
94
96
97
98
101
102
104
106
107
108
110
112
113
114
115
116
117
118
120
121
123
124
127
128
131
132
134
135
136
138
139
141
142
143
145
147
148
150
151
152
153
154
157
159
160
161
163
165
166
168
170
171
172
174
175
177
178
180
181
182
183
185
187
188
189
191
193
194
196
198
200
201
203
206
207
210
212
213
215
216
217
218
220
221
224
225
226
227
229
230
231
232
234
236
238
239
241
242
243
244
245
246
247
249
250
251
253
254
256
257
259
261
264
266
267
269
271
273
275
277
280
281
283
285
288
289
290
291
292
293
295
298
299
301
304
306
307
309
311
312
313
315
316
318
320
321
323
324
325
327
330
332
334
336
338
339
340
341
344
346
347
348
350
351
352
353
354
355
356
357
359
361
362
363
364
366
367
368
369
370
371
373
374
375
376
379
380
381
382
384
386
387
389
391
393
394
395
396
398
399
402
403
404
405
409
410
412
413
414
415
417
418
419
421
423
425
426
428
429
431
433
435
437
438
439
440
441
442
443
446
447
449
451
453
455
457
460
461
463
466
467
470
471
474
475
476
477
478
480
481
484
485
488
489
490
492
493
495
496
497
498
499
501
502
503
504
505
506
508
510
511
512
514
515
517
519
520
522
523
524
525
526
527
529
530
531
532
533
535
538
540
541
542
544
545
548
549
551
553
554
555
557
558
560
563
564
567
569
570
573
575
576
579
581
582
583
584
586
588
590
593
594
595
596
599
600
601
602
603
604
606
607
609
610
611
613
614
616
617
619
621
622
624
629
631
633
635
636
637
638
641
642
643
645
647
648
651
653
655
658
659
660
661
663
665
666
667
669
670
671
674
675
677
678
680
682
683
685
687
688
689
691
692
693
694
697
698
699
701
702
703
704
705
706
708
709
710
711
713
716
717
718
721
723
724
725
727
729
731
733
735
736
738
741
743
744
745
748
749
752
754
755
756
759
761
763
765
767
768
769
770
772
775
777
778
779
782
783
786
787
789
792
793
795
797
798
799
800
801
802
804
805
806
809
810
813
815
816
817
819
820
822
825
826
829
830
833
834
835
837
838
840
841
843
844
846
848
850
851
852
854
856
859
861
862
863
865
866
868
869
870
872
874
875
877
878
881
882
883
884
887
888
891
892
895
897
899
900
901
902
904
906
907
908
909
911
913
914
915
918
919
920
923
925
927
928
929
930
932
933
935
936
939
940
941
942
943
944
946
948
949
950
953
954
956
957
958
962
963
964
965
966
968
969
970
972
974
976
977
979
980
983
985
987
989
990
992
993
994
996
997
998
999
1000
1001
1003
1005
1006
1008
1009
1010
1012
1013
1014
1016
1017
1018
1019
1020
1022
1024
1027
1029
1030
1031
1032
1034
1036
1037
1038
1040
1041
1043
1046
1047
1049
1051
1052
1053
1054
1055
1057
1059
1061
1063
1064
1065
1067
1068
1069
1071
1072
1074
1076
1077
1080
1081
1083
1086
1087
1089
1091
1092
1094
1095
1096
1098
1101
1102
1104
1106
1108
1111
1112
1114
1115
1116
1119
1120
1123
1125
1126
1128
1130
1132
1133
1135
1136
1139
1140
1142
1144
1145
1146
1148
1149
1150
1153
1155
1156
1157
1159
1160
1161
1162
1163
1164
1166
1168
1169
1171
1172
1173
1174
1175
1176
1178
1179
1180
1182
1184
1185
1186
1187
1189
1190
1192
1194
1195
1196
1198
1199
1200
1201
1203
1206
1208
1211
1213
1215
1217
1220
1222
1224
1225
1226
1227
1228
1230
1231
1232
1233
1235
1236
1238
1239
1240
1242
1245
1246
1249
1250
1252
1255
1256
1257
1258
1259
1260
1262
1263
1265
1266
1268
1270
1271
1272
1274
1275
1276
1277
1278
1279
1282
1283
1285
1286
1287
1289
1290
1294
1296
1298
1300
1301
1303
1304
1305
1306
1307
1308
1310
1311
1313
1314
1317
1319
1321
1323
1324
1325
1326
1329
1331
1333
1334
1335
1336
1338
1340
1341
1342
1343
1345
1346
1349
1350
1353
1355
1358
1360
1361
1362
1364
1365
1366
1368
1370
1372
1375
1378
1379
1380
1381
1382
1384
1385
1387
1389
1390
1392
1395
1397
1399
1401
1403
1405
1406
1409
1411
1412
1414
1415
1416
1418
1419
1420
1422
1423
1425
1427
1428
1429
1430
1431
1434
1435
1436
1438
1440
1442
1444
1446
1448
1449
1453
1455
1457
1459
1462
1463
1464
1467
1468
1470
1472
1473
1474
1475
1478
1480
1481
1483
1485
1486
1487
1488
1489
1490
1492
1493
1494
1496
1499
1500
1502
1503
1504
1506
1508
1510
1513
1515
1516
1519
1520
1521
1522
1523
1525
1526
1528
1529
1530
1532
1533
1535
1536
1539
1540
1541
1543
1544
1546
1549
1551
1552
1554
1557
1558
1560
1561
1564
1566
1567
1569
1570
1571
1574
1576
1578
1579
1582
1583
1585
1588
1590
1591
1592
1593
1595
1598
1600
1601
1602
1603
1605
1606
1607
1608
1609
1610
1611
1612
1615
1619
1621
1624
1626
1627
1628
1629
1630
1631
1633
1636
1637
1639
1642
1644
1646
1648
1649
1652
1653
1655
1658
1660
1662
1663
1665
1667
1669
1670
1672
1675
1677
1678
1680
1681
1683
1684
1686
1688
1689
1691
1693
1694
1697
1699
1701
1703
1704
1706
1707
1709
1710
1713
1716
1717
1718
1719
1721
1722
1724
1727
1729
1730
1731
1733
1736
1738
1739
1742
1743
1744
1745
1746
1747
1749
1752
1753
1755
1756
1758
1760
1761
1763
1766
1767
1770
1771
1772
1773
1775
1776
1778
1779
1781
1784
1786
1787
1788
1789
1790
1791
1792
1794
1796
1797
1799
1801
1802
1803
1804
1805
1806
1807
1808
1809
1810
1811
1812
1815
1816
1818
1820
1822
1823
1826
1827
1830
1832
1833
1836
1837
1838
1839
1840
1843
1844
1845
1846
1848
1849
1850
1853
1854
1856
1857
1858
1859
1860
1861
1862
1865
1866
1869
1870
1871
1873
1875
1877
1882
1883
1885
1886
1888
1889
1890
1891
1894
1896
1897
1898
1900
1901
1903
1904
1905
1906
1908
1911
1912
1914
1916
1918
1920
1922
1924
1926
1928
1930
1931
1932
1933
1934
1935
1936
1938
1939
1940
1941
1942
1944
1945
1947
1948
1951
1952
1955
1958
1960
1961
1962
1963
1964
1966
1967
1969
1971
1974
1975
1977
1980
1981
1982
1985
1986
1988
1989
1992
1993
1995
1996
1997
1999
2000
2003
2008
2009
2011
2012
2014
2015
2017
2020
2021
2023
2024
2026
2027
2028
2029
2031
2034
2035
2038
2040
2041
2042
2043
2046
2047
2049
2050
2052
2053
2054
2055
2056
2059
2060
2061
2062
2064
2066
2068
2069
2070
2071
2073
2075
2077
2078
2079
2080
2081
2083
2084
2087
2089
2090
2092
2094
2096
2097
2098
2099
2100
2101
2102
2103
2104
2105
2106
2108
2111
2112
2115
2118
2120
2122
2124
2126
2127
2129
2131
2133
2134
2137
2138
2139
2140
2141
2142
2145
2146
2149
2151
2153
2154
2155
2157
2158
2159
2160
2162
2164
2166
2168
2169
2172
2175
2176
2177
2180
2182
2184
2186
2188
2190
2193
2195
2197
2199
2200
2202
2203
2206
2208
2210
2212
2213
2215
2217
2218
2219
2221
2222
2225
2227
2231
2234
2235
2237
2238
2239
2240
2241
2244
2246
2247
2249
2251
2252
2253
2255
2256
2257
2258
2260
2261
2264
2265
2267
2268
2269
2270
2271
2272
2275
2276
2277
2278
2280
2282
2284
2286
2287
2288
2290
2291
2293
2294
2295
2298
2300
2301
2304
2305
2307
2308
2310
2311
2312
2313
2315
2317
2320
2322
2324
2325
2327
2328
2329
2332
2334
2335
2336
2337
2338
2340
2341
2342
2344
2346
2349
2351
2354
2355
2357
2359
2362
2363
2366
2367
2369
2370
2372
2373
2374
2375
2377
2378
2382
2383
2386
2389
2390
2392
2395
2397
2399
2401
2403
2404
2405
2406
2407
2409
2410
2411
2413
2415
2416
2419
2420
2421
2422
2425
2426
2427
2428
2429
2432
2434
2436
2437
2439
2442
2443
2444
2446
2447
2448
2449
2452
2453
2454
2455
2457
2458
2460
2461
2462
2464
2467
2468
2469
2470
2471
2474
2475
2477
2479
2481
2483
2484
2487
2488
2489
2490
2492
2493
2495
2497
2498
2499
2500
2501
2504
2507
2509
2510
2511
2512
2514
2516
2518
2519
2520
2522
2523
2526
2528
2529
2530
2532
2533
2534
2536
2537
2539
2542
2545
2546
2548
2550
2551
2552
2556
2558
2559
2562
2564
2565
2566
2567
2570
2572
2573
2575
2576
2578
2579
2581
2584
2585
2586
2588
2589
2592
2593
2595
2596
2598
2601
2602
2603
2606
2607
2608
2610
2611
2614
2615
2616
2618
2619
2621
2622
2623
2624
2626
2627
2628
2630
2632
2633
2634
2638
2639
2640
2641
2642
2644
2645
2646
2647
2648
2651
2653
2657
2658
2659
2660
2661
2663
2667
2668
2669
2672
2673
2674
2677
2679
2681
2682
2683
2686
2688
2689
2692
2693
2694
2698
2699
2700
2703
2704
2707
2708
2710
2711
2713
2714
2715
2717
2719
2720
2722
2724
2729
2731
2732
2733
2735
2737
2739
2741
2742
2744
2745
2746
2747
2749
2750
2752
2754
2757
2758
2762
2764
2765
2768
2769
2771
2773
2775
2776
2779
2782
2783
2785
2786
2788
2789
2793
2795
2797
2799
2801
2803
2804
2807
2809
2811
2813
2815
2816
2818
2821
2822
2823
2825
2828
2830
2831
2832
2833
2834
2835
2836
2837
2838
2840
2841
2843
2844
2845
2846
2847
2848
2849
2851
2853
2855
2857
2858
2860
2861
2863
2865
2866
2869
2871
2872
2873
2875
2877
2878
2879
2881
2883
2885
2886
2888
2889
2891
2893
2895
2899
2900
2902
2903
2905
2906
2908
2910
2912
2915
2917
2918
2919
2920
2921
2922
2924
2925
2926
2927
2928
2929
2930
2931
2933
2935
2938
2939
2940
2942
2945
2946
2948
2949
2950
2953
2954
2955
2956
2958
2960
2961
2962
2966
2968
2970
2972
2974
2976
2977
2978
2980
2981
2984
2985
2986
2990
2992
2994
2996
2997
2998
2999
3002
3004
3005
3006
3008
3011
3012
3014
3015
3017
3019
3021
3023
3027
3028
3031
3033
3034
3035
3037
3039
3040
3041
3042
3044
3045
3046
3048
3050
3053
3054
3057
3059
3060
3062
3063
3064
3065
3066
3068
3070
3072
3074
3076
3078
3079
3080
3081
3083
3084
3085
3086
3089
3092
3093
3096
3098
3101
3102
3103
3104
3106
3108
3113
3115
3117
3119
3120
3122
3123
3124
3125
3127
3128
3129
3131
3133
3134
3136
3138
3139
3141
3143
3144
3145
3146
3148
3151
3152
3154
3157
3159
3161
3163
3164
3166
3169
3170
3172
3173
3176
3177
3179
3180
3182
3183
3184
3185
3187
3189
3190
3192
3193
3195
3198
3199
3201
3204
3206
3207
3209
3210
3213
3215
3217
3220
3223
3226
3228
3229
3231
3234
3236
3237
3238
3239
3241
3243
3244
3246
3247
3248
3250
3252
3255
3257
3258
3259
3260
3262
3263
3265
3269
3271
3272
3275
3277
3280
3281
3282
3286
3289
3291
3292
3294
3296
3298
3301
3305
3306
3307
3310
3311
3313
3314
3315
3316
3318
3321
3322
3323
3325
3326
3327
3328
3331
3333
3334
3335
3336
3338
3340
3341
3343
3346
3349
3350
3352
3353
3355
3359
3361
3362
3363
3365
3366
3367
3369
3372
3374
3377
3378
3379
3380
3381
3385
3387
3389
3390
3391
3392
3394
3395
3398
3401
3403
3405
3406
3408
3409
3410
3412
3414
3415
3418
3419
3420
3421
3423
3425
3426
3429
3431
3433
3434
3436
3439
3440
3441
3442
3443
3444
3445
3447
3449
3450
3451
3452
3453
3456
3458
3460
3461
3463
3466
3467
3469
3470
3471
3473
3475
3476
3477
3480
3481
3485
3487
3489
3490
3493
3494
3495
3496
3498
3499
3500
3501
3502
3503
3506
3507
3509
3510
3511
3513
3515
3517
3519
3520
3522
3526
3528
3531
3533
3535
3538
3539
3540
3541
3544
3545
3546
3549
3550
3552
3555
3556
3557
3558
3559
3560
3561
3562
3563
3565
3566
3567
3568
3569
3572
3573
3576
3578
3579
3580
3582
3587
3588
3591
3593
3594
3597
3599
3601
3604
3605
3606
3607
3608
3609
3610
3611
3612
3616
3618
3619
3621
3624
3625
3627
3630
3631
3634
3636
3637
3639
3643
3645
3646
3648
3651
3652
3653
3654
3655
3658
3659
3661
3664
3665
3666
3667
3668
3669
3670
3672
3675
3676
3677
3678
3680
3681
3683
3684
3685
3686
3688
3690
3692
3695
3697
3699
3701
3702
3703
3705
3706
3708
3709
3710
3711
3712
3714
3716
3718
3719
3720
3722
3725
3726
3728
3729
3730
3731
3732
3734
3735
3736
3737
3738
3740
3742
3743
3745
3746
3749
3751
3752
3754
3756
3757
3758
3759
3761
3762
3763
3765
3768
3770
3772
3773
3774
3776
3778
3781
3783
3786
3787
3788
3791
3793
3794
3795
3796
3799
3800
3801
3805
3807
3809
3810
3811
3814
3815
3818
3819
3821
3822
3824
3827
3828
3830
3832
3834
3836
3838
3839
3841
3843
3844
3846
3847
3849
3852
3853
3854
3856
3857
3858
3859
3861
3862
3863
3864
3866
3867
3869
3871
3873
3875
3876
3878
3879
3882
3883
3885
3886
3887
3889
3891
3892
3893
3894
3897
3900
3901
3903
3907
3911
3913
3916
3917
3918
3920
3921
3924
3925
3926
3928
3930
3931
3932
3934
3935
3936
3937
3939
3940
3943
3944
3945
3947
3948
3949
3950
3951
3952
3954
3957
3958
3961
3963
3966
3968
3969
3971
3972
3974
3976
3979
3982
3983
3984
3986
3988
3989
3991
3993
3996
3998
3999
4000
4001
4003
4004
4006
4011
4012
4014
4015
4018
4020
4021
4022
4025
4027
4028
4029
4030
4031
4033
4034
4035
4037
4039
4041
4043
4044
4046
4047
4048
4049
4050
4051
4053
4054
4057
4059
4060
4063
4064
4066
4067
4069
4074
4075
4077
4078
4079
4080
4083
4086
4088
4090
4093
4095
4097
4098
4101
4102
4103
4104
4106
4108
4110
4113
4114
4116
4117
4118
4119
4121
4122
4123
4125
4126
4127
4128
4129
4132
4133
4134
4135
4136
4138
4140
4142
4144
4145
4147
4149
4150
4151
4155
4156
4158
4159
4161
4162
4165
4166
4169
4171
4173
4174
4175
4176
4177
4179
4180
4183
4184
4185
4187
4189
4191
4192
4193
4194
4196
4199
4200
4201
4202
4204
4207
4209
4210
4211
4215
4216
4217
4220
4222
4224
4225
4228
4229
4230
4231
4232
4234
4237
4238
4239
4241
4242
4246
4247
4250
4251
4253
4254
4255
4256
4258
4259
4262
4263
4265
4266
4267
4270
4271
4272
4273
4275
4276
4278
4279
4281
4284
4285
4287
4289
4290
4291
4292
4293
4295
4297
4300
4303
4304
4305
4307
4310
4311
4314
4316
4317
4319
4321
4323
4325
4327
4328
4330
4334
4335
4338
4339
4340
4341
4344
4347
4349
4351
4354
4356
4358
4359
4362
4363
4365
4367
4368
4372
4373
4374
4375
4376
4377
4378
4379
4381
4382
4383
4386
4387
4388
4389
4390
4392
4393
4394
4395
4397
4398
4401
4402
4404
4406
4408
4410
4411
4412
4414
4416
4417
4419
4422
4423
4424
4426
4428
4430
4432
4433
4434
4437
4438
4443
4446
4447
4449
4450
4451
4453
4454
4455
4457
4458
4463
4466
4468
4469
4473
4474
4475
4476
4480
4482
4484
4486
4488
4489
4490
4491
4493
4494
4497
4501
4502
4503
4505
4507
4510
4511
4513
4514
4516
4519
4520
4521
4522
4523
4524
4527
4528
4529
4530
4532
4533
4534
4536
4539
4541
4543
4546
4550
4552
4553
4554
4558
4559
4560
4561
4565
4568
4569
4573
4574
4576
4577
4579
4581
4583
4584
4588
4589
4592
4594
4598
4600
4602
4603
4604
4605
4606
4607
4610
4611
4612
4613
4614
4617
4618
4619
4622
4623
4624
4625
4627
4629
4630
4631
4633
4634
4635
4637
4638
4640
4643
4644
4647
4649
4652
4654
4655
4657
4659
4660
4662
4663
4664
4666
4667
4670
4672
4674
4675
4677
4679
4682
4683
4685
4687
4689
4692
4695
4698
4699
4701
4703
4704
4706
4707
4708
4709
4711
4712
4714
4716
4718
4720
4723
4724
4725
4728
4729
4730
4731
4734
4736
4741
4742
4744
4746
4748
4750
4751
4753
4754
4755
4756
4757
4759
4761
4763
4764
4765
4766
4768
4770
4771
4772
4773
4774
4775
4776
4777
4779
4781
4782
4785
4789
4791
4792
4794
4795
4796
4799
4800
4801
4802
4803
4806
4807
4809
4812
4814
4817
4819
4820
4821
4822
4823
4824
4825
4826
4828
4829
4832
4833
4836
4837
4838
4840
4841
4843
4844
4846
4847
4848
4849
4851
4853
4854
4855
4858
4859
4862
4863
4864
4866
4868
4870
4871
4872
4873
4874
4876
4877
4878
4879
4880
4883
4884
4885
4887
4888
4890
4891
4894
4895
4897
4898
4899
4903
4905
4907
4908
4910
4912
4915
4917
4918
4919
4920
4921
4923
4926
4927
4930
4931
4933
4934
4937
4940
4943
4945
4947
4948
4950
4951
4952
4955
4956
4958
4959
4961
4962
4964
4966
4967
4971
4972
4974
4976
4979
4981
4984
4985
4988
4990
4991
4993
4994
4995
4997
5000
5003
5005
5006
5008
5009
5011
5012
5015
5016
5019
5021
5022
5023
5024
5026
5027
5030
5032
5033
5034
5035
5036
5037
5039
5041
5042
5044
5046
5048
5049
5050
5051
5055
5058
5059
5061
5063
5064
5065
5068
5070
5071
5072
5073
5075
5077
5078
5079
5080
5082
5083
5087
5089
5092
5093
5096
5098
5099
5101
5102
5107
5109
5110
5111
5113
5115
5116
5117
5120
5124
5125
5126
5128
5129
5130
5131
5132
5133
5134
5135
5136
5138
5140
5141
5143
5146
5148
5149
5153
5155
5157
5159
5161
5164
5167
5169
5172
5174
5175
5176
5178
5181
5182
5185
5186
5188
5190
5192
5194
5195
5197
5198
5199
5201
5203
5204
5205
5208
5210
5212
5214
5216
5217
5219
5221
5222
5223
5226
5227
5229
5230
5231
5233
5235
5238
5239
5240
5241
5243
5245
5247
5251
5254
5255
5256
5258
5259
5260
5262
5263
5265
5266
5267
5269
5272
5273
5275
5277
5280
5281
5283
5284
5286
5288
5289
5290
5292
5293
5294
5295
5298
5300
5302
5304
5306
5309
5311
5312
5313
5317
5319
5321
5322
5324
5326
5327
5328
5329
5332
5333
5334
5335
5337
5340
5341
5343
5346
5350
5351
5354
5356
5358
5360
5363
5364
5365
5366
5368
5370
5371
5373
5374
5377
5379
5382
5385
5387
5389
5392
5393
5395
5396
5398
5399
5401
5402
5403
5405
5408
5410
5413
5416
5418
5420
5424
5426
5427
5428
5429
5432
5433
5435
5439
5440
5441
5443
5444
5445
5447
5448
5451
5452
5454
5456
5457
5458
5460
5461
5462
5464
5465
5466
5468
5471
5473
5474
5477
5478
5479
5482
5484
5485
5486
5487
5488
5490
5492
5493
5494
5495
5496
5498
5499
5503
5506
5509
5510
5511
5513
5516
5518
5519
5521
5522
5524
5525
5526
5528
5531
5532
5533
5534
5535
5538
5541
5542
5545
5546
5548
5549
5553
5555
5557
5558
5559
5563
5564
5565
5566
5567
5569
5571
5573
5574
5575
5576
5581
5582
5584
5587
5588
5591
5594
5596
5598
5602
5605
5607
5608
5610
5611
5613
5615
5617
5618
5620
5621
5623
5624
5625
5626
5628
5629
5630
5632
5633
5635
5636
5639
5640
5641
5642
5643
5644
5645
5646
5648
5650
5652
5653
5654
5655
5658
5659
5660
5661
5663
5665
5666
5667
5669
5671
5674
5675
5677
5680
5681
5684
5686
5687
5690
5691
5693
5694
5695
5698
5699
5701
5703
5704
5705
5706
5707
5708
5711
5713
5714
5716
5719
5720
5723
5724
5725
5726
5727
5728
5729
5731
5732
5734
5737
5738
5740
5743
5744
5745
5747
5749
5750
5753
5754
5758
5759
5762
5763
5764
5766
5769
5772
5773
5775
5776
5777
5779
5780
5781
5783
5784
5785
5787
5788
5790
5792
5794
5795
5796
5798
5800
5802
5805
5806
5807
5809
5810
5811
5813
5814
5818
5820
5824
5827
5829
5830
5833
5835
5837
5839
5840
5841
5842
5843
5844
5845
5846
5847
5848
5850
5852
5853
5855
5856
5859
5861
5862
5864
5866
5868
5870
5872
5873
5874
5875
5877
5879
5880
5882
5883
5886
5890
5891
5894
5895
5896
5898
5899
5903
5907
5908
5909
5911
5912
5913
5914
5917
5918
5920
5922
5923
5925
5928
5930
5931
5934
5936
5937
5939
5941
5947
5949
5950
5951
5953
5955
5959
5961
5962
5964
5967
5968
5970
5978
5980
5981
5984
5985
5986
5989
5990
5991
5993
5995
5996
5998
5999
6003
6005
6009
6010
6012
6015
6019
6020
6021
6023
6025
6029
6031
6032
6033
6034
6035
6038
6040
6043
6045
6046
6050
6051
6053
6054
6055
6057
6058
6062
6063
6064
6066
6069
6072
6074
6075
6078
6079
6080
6083
6085
6087
6088
6089
6091
6093
6094
6095
6096
6097
6098
6100
6101
6102
6103
6104
6107
6108
6109
6111
6113
6116
6118
6119
6120
6121
6124
6125
6126
6128
6130
6132
6134
6135
6137
6138
6139
6142
6143
6144
6145
6147
6148
6150
6154
6157
6158
6160
6161
6162
6163
6164
6165
6166
6168
6170
6171
6172
6174
6176
6177
6179
6180
6181
6184
6189
6192
6193
6195
6197
6200
6204
6205
6206
6208
6209
6210
6212
6214
6216
6217
6218
6219
6220
6221
6222
6223
6225
6226
6228
6229
6230
6232
6233
6235
6236
6237
6241
6243
6245
6246
6247
6248
6251
6252
6254
6255
6257
6258
6260
6261
6263
6267
6268
6270
6273
6274
6277
6279
6280
6282
6283
6284
6285
6286
6288
6290
6292
6295
6297
6298
6302
6303
6304
6306
6307
6310
6312
6313
6316
6317
6318
6319
6321
6324
6326
6328
6329
6330
6331
6332
6334
6335
6337
6339
6341
6342
6343
6345
6347
6349
6350
6352
6353
6355
6356
6357
6358
6360
6361
6362
6363
6364
6367
6369
6372
6373
6374
6376
6377
6378
6380
6382
6383
6385
6386
6387
6388
6389
6392
6393
6396
6397
6398
6400
6402
6403
6404
6406
6407
6408
6409
6410
6412
6414
6415
6418
6419
6420
6424
6425
6427
6429
6431
6432
6433
6434
6437
6438
6439
6440
6441
6442
6444
6445
6446
6447
6450
6451
6453
6456
6459
6460
6463
6464
6465
6466
6467
6468
6471
6472
6477
6479
6480
6482
6483
6484
6486
6487
6489
6490
6491
6492
6498
6501
6504
6506
6508
6510
6512
6513
6514
6515
6518
6519
6521
6523
6524
6525
6526
6530
6534
6536
6541
6542
6544
6545
6546
6547
6550
6552
6553
6556
6557
6559
6561
6562
6564
6566
6569
6570
6572
6573
6574
6575
6576
6577
6580
6581
6583
6587
6588
6589
6592
6596
6600
6601
6602
6603
6605
6606
6608
6610
6611
6612
6613
6615
6617
6618
6620
6624
6627
6628
6630
6631
6633
6634
6635
6637
6638
6640
6646
6647
6651
6653
6656
6657
6660
6661
6663
6665
6666
6667
6668
6669
6670
6675
6679
6681
6684
6685
6686
6687
6688
6691
6692
6693
6695
6696
6699
6700
6702
6703
6705
6706
6709
6712
6713
6715
6716
6717
6718
6719
6722
6723
6724
6725
6727
6731
6732
6735
6738
6741
6742
6745
6746
6749
6751
6753
6754
6756
6758
6759
6762
6764
6766
6767
6768
6769
6770
6772
6774
6777
6778
6780
6782
6783
6786
6787
6789
6790
6792
6795
6796
6799
6801
6802
6803
6804
6807
6808
6809
6810
6812
6814
6815
6816
6818
6821
6824
6827
6830
6832
6833
6834
6835
6838
6840
6843
6845
6846
6849
6850
6851
6852
6853
6856
6858
6859
6863
6865
6866
6871
6874
6876
6878
6880
6881
6883
6885
6886
6888
6890
6891
6894
6895
6896
6898
6901
6903
6905
6907
6908
6909
6911
6912
6914
6915
6916
6918
6920
6923
6924
6925
6928
6929
6931
6933
6934
6935
6936
6938
6941
6944
6950
6952
6955
6956
6960
6961
6962
6965
6966
6968
6969
6971
6972
6974
6976
6978
6979
6980
6981
6983
6984
6986
6987
6989
6990
6992
6994
6995
6996
6999
7000
7001
7002
7004
7005
7007
7010
7012
7013
7015
7017
7020
7021
7024
7026
7032
7035
7036
7038
7039
7043
7046
7049
7050
7051
7052
7054
7056
7057
7060
7061
7063
7067
7068
7071
7073
7075
7076
7079
7081
7082
7083
7085
7086
7089
7090
7092
7093
7094
7096
7100
7101
7102
7104
7106
7108
7110
7111
7113
7117
7119
7120
7121
7125
7127
7128
7129
7130
7132
7134
7136
7138
7140
7141
7143
7145
7149
7150
7151
7152
7154
7155
7158
7159
7160
7162
7163
7164
7168
7169
7171
7172
7174
7177
7178
7179
7182
7184
7187
7189
7190
7191
7194
7198
7199
7202
7203
7209
7211
7215
7217
7218
7220
7221
7222
7224
7227
7229
7230
7233
7234
7237
7238
7239
7240
7241
7244
7245
7246
7248
7250
7252
7254
7256
7262
7263
7267
7268
7269
7271
7272
7273
7276
7279
7283
7285
7287
7289
7291
7292
7293
7294
7296
7298
7299
7302
7305
7306
7307
7309
7310
7312
7317
7318
7319
7321
7324
7326
7328
7333
7334
7336
7338
7342
7344
7345
7347
7349
7351
7352
7354
7355
7358
7359
7360
7363
7365
7368
7370
7372
7374
7377
7383
7384
7385
7386
7387
7388
7389
7391
7392
7396
7398
7399
7401
7403
7404
7405
7407
7409
7411
7414
7419
7421
7422
7424
7425
7427
7430
7431
7432
7434
7436
7438
7440
7443
7444
7447
7448
7450
7452
7453
7455
7458
7460
7461
7464
7465
7467
7470
7471
7473
7477
7478
7480
7482
7483
7484
7485
7486
7487
7489
7491
7493
7495
7497
7499
7500
7501
7502
7505
7509
7511
7514
7515
7517
7520
7524
7526
7528
7530
7532
7534
7535
7537
7538
7539
7542
7544
7547
7551
7554
7556
7557
7560
7561
7562
7563
7565
7566
7568
7572
7574
7575
7579
7581
7582
7583
7585
7587
7588
7589
7591
7592
7594
7596
7597
7600
7601
7605
7609
7612
7613
7615
7616
7618
7621
7622
7629
7630
7632
7634
7636
7640
7641
7643
7645
7646
7647
7651
7654
7655
7657
7659
7662
7663
7666
7669
7670
7671
7673
7675
7676
7678
7680
7681
7686
7688
7691
7693
7695
7697
7698
7700
7701
7702
7706
7709
7715
7716
7717
7723
7724
7726
7729
7731
7734
7735
7738
7740
7741
7743
7744
7746
7747
7750
7751
7753
7754
7757
7758
7759
7760
7762
7763
7765
7766
7767
7768
7770
7772
7775
7778
7780
7782
7783
7784
7789
7792
7793
7794
7797
7799
7801
7804
7805
7807
7809
7810
7811
7813
7814
7816
7818
7822
7823
7824
7825
7828
7832
7833
7834
7836
7839
7840
7841
7843
7847
7849
7851
7853
7855
7859
7860
7861
7863
7864
7866
7867
7868
7870
7872
7876
7880
7882
7883
7885
7888
7889
7890
7897
7899
7900
7902
7903
7904
7905
7906
7909
7912
7915
7918
7921
7922
7923
7925
7926
7927
7929
7930
7931
7932
7933
7935
7936
7938
7939
7941
7942
7944
7945
7946
7948
7949
7951
7953
7955
7957
7959
7962
7963
7964
7965
7967
7968
7969
7971
7975
7976
7979
7980
7982
7985
7987
7989
7990
7991
7993
7995
7996
8000
8001
8003
8004
8006
8007
8009
8011
8014
8016
8018
8019
8021
8022
8023
8025
8026
8027
8031
8034
8035
8036
8037
8038
8039
8040
8041
8042
8046
8047
8049
8053
8055
8058
8060
8062
8064
8065
8066
8067
8069
8071
8074
8075
8076
8078
8079
8082
8088
8091
8092
8093
8095
8100
8101
8102
8103
8105
8107
8109
8110
8113
8115
8116
8120
8122
8124
8127
8129
8130
8132
8133
8134
8137
8138
8144
8145
8147
8148
8151
8153
8154
8156
8158
8159
8160
8163
8164
8166
8169
8170
8173
8174
8175
8176
8178
8180
8181
8184
8186
8187
8193
8194
8199
8201
8202
8203
8205
8208
8211
8214
8215
8216
8219
8220
8221
8222
8223
8228
8232
8233
8234
8236
8239
8240
8242
8244
8246
8248
8249
8250
8251
8254
8257
8259
8261
8263
8267
8268
8269
8271
8272
8274
8277
8280
8281
8283
8284
8285
8291
8293
8294
8295
8296
8298
8300
8301
8303
8304
8307
8308
8311
8314
8316
8318
8321
8322
8326
8328
8329
8332
8334
8336
8337
8338
8340
8343
8344
8345
8348
8350
8352
8353
8355
8357
8358
8364
8367
8372
8374
8375
8376
8377
8379
8382
8384
8385
8387
8390
8392
8394
8396
8397
8399
8400
8402
8405
8407
8410
8411
8414
8415
8417
8419
8423
8426
8428
8433
8435
8438
8440
8441
8442
8443
8445
8449
8450
8451
8453
8454
8455
8456
8457
8459
8460
8462
8463
8465
8468
8469
8470
8471
8472
8474
8478
8480
8481
8482
8483
8487
8488
8489
8492
8493
8494
8497
8498
8499
8501
8502
8504
8506
8508
8509
8511
8517
8519
8520
8521
8523
8527
8532
8534
8538
8539
8542
8543
8544
8551
8552
8555
8557
8558
8559
8560
8561
8563
8564
8566
8567
8570
8573
8575
8576
8578
8580
8581
8584
8585
8587
8589
8592
8593
8595
8596
8597
8599
8601
8603
8605
8607
8608
8609
8610
8612
8613
8614
8619
8621
8622
8623
8624
8625
8627
8628
8630
8631
8632
8633
8634
8636
8637
8639
8642
8644
8646
8647
8648
8649
8650
8651
8652
8654
8655
8658
8660
8664
8667
8670
8675
8678
8679
8680
8682
8683
8686
8687
8688
8692
8693
8695
8697
8699
8701
8702
8703
8704
8705
8710
8713
8715
8717
8720
8724
8726
8727
8731
8732
8734
8736
8737
8738
8739
8741
8744
8746
8748
8749
8750
8752
8754
8757
8758
8760
8763
8765
8766
8767
8769
8770
8772
8774
8775
8778
8784
8786
8788
8789
8790
8792
8794
8797
8804
8808
8812
8814
8816
8819
8820
8821
8823
8825
8826
8829
8830
8831
8834
8835
8838
8844
8845
8848
8850
8853
8854
8855
8856
8859
8860
8862
8863
8864
8867
8869
8872
8874
8876
8877
8879
8882
8883
8885
8888
8890
8891
8892
8895
8897
8899
8901
8903
8905
8907
8908
8909
8910
8912
8914
8915
8918
8921
8924
8925
8927
8928
8929
8931
8932
8933
8936
8938
8940
8941
8943
8947
8950
8954
8955
8959
8960
8963
8966
8968
8969
8972
8973
8974
8977
8980
8981
8983
8984
8985
8989
8991
8993
8995
8997
9002
9004
9008
9009
9011
9012
9013
9014
9015
9016
9017
9018
9019
9020
9021
9024
9026
9029
9031
9033
9035
9039
9041
9042
9043
9046
9048
9050
9053
9054
9055
9056
9059
9060
9061
9064
9068
9076
9079
9082
9084
9085
9088
9090
9092
9093
9095
9096
9097
9099
9100
9101
9106
9107
9110
9115
9117
9119
9122
9123
9124
9127
9128
9129
9130
9132
9133
9134
9137
9142
9143
9145
9146
9148
9149
9151
9152
9155
9157
9161
9162
9164
9166
9168
9170
9172
9174
9176
9177
9182
9184
9186
9189
9191
9198
9200
9201
9203
9205
9207
9213
9215
9217
9219
9221
9222
9225
9230
9234
9235
9236
9238
9239
9240
9242
9243
9244
9246
9247
9249
9250
9254
9255
9256
9259
9261
9262
9264
9268
9270
9272
9273
9276
9278
9280
9281
9283
9284
9287
9289
9290
9293
9297
9300
9301
9306
9310
9313
9317
9319
9320
9321
9324
9326
9327
9328
9330
9333
9335
9336
9339
9342
9343
9345
9346
9348
9349
9350
9353
9354
9358
9360
9364
9365
9368
9369
9372
9374
9376
9377
9379
9382
9383
9385
9387
9390
9392
9393
9395
9397
9399
9400
9403
9407
9409
9410
9411
9413
9416
9417
9418
9420
9422
9424
9428
9432
9436
9438
9439
9440
9443
9448
9449
9450
9451
9452
9454
9456
9458
9459
9461
9462
9464
9466
9468
9470
9472
9473
9474
9477
9479
9482
9483
9485
9486
9487
9488
9490
9491
9493
9495
9496
9498
9501
9505
9508
9512
9514
9516
9517
9518
9519
9520
9522
9523
9524
9525
9527
9529
9534
9535
9536
9539
9541
9542
9544
9545
9546
9547
9549
9550
9552
9555
9556
9558
9560
9563
9565
9566
9567
9576
9579
9581
9582
9583
9584
9585
9586
9587
9588
9590
9592
9593
9594
9595
9596
9598
9600
9601
9602
9605
9606
9607
9608
9609
9610
9612
9613
9616
9618
9620
9622
9623
9625
9627
9629
9630
9631
9633
9635
9636
9638
9643
9644
9645
9646
9648
9651
9653
9655
9656
9658
9661
9664
9666
9667
9669
9674
9675
9678
9679
9681
9683
9685
9688
9690
9691
9695
9697
9699
9701
9703
9704
9705
9707
9709
9712
9713
9715
9718
9722
9724
9726
9727
9728
9729
9740
9741
9743
9744
9745
9747
9748
9749
9755
9757
9759
9763
9766
9769
9770
9771
9772
9773
9774
9782
9783
9784
9788
9789
9791
9793
9796
9797
9798
9800
9802
9803
9804
9805
9808
9809
9814
9816
9820
9821
9822
9823
9825
9827
9829
9831
9832
9834
9836
9842
9843
9844
9845
9847
9849
9851
9852
9853
9855
9857
9858
9862
9864
9865
9867
9870
9872
9874
9876
9877
9880
9881
9885
9886
9887
9888
9891
9893
9894
9895
9898
9900
9901
9902
9903
9904
9910
9911
9914
9917
9918
9919
9921
9923
9924
9928
9931
9932
9933
9934
9935
9937
9941
9942
9944
9946
9949
9950
9951
9953
9957
9959
9961
9963
9965
9967
9970
9971
9976
9979
9981
9985
9986
9988
9991
9997
10000
10001
10004
10005
10009
10012
10013
10014
10016
10018
10019
10020
10022
10023
10024
10026
10028
10031
10033
10037
10038
10042
10043
10044
10046
10049
10050
10051
10052
10057
10059
10061
10063
10065
10066
10070
10072
10074
10076
10078
10079
10080
10081
10083
10084
10085
10088
10091
10092
10093
10096
10099
10101
10102
10105
10106
10109
10110
10115
10117
10118
10119
10124
10128
10129
10130
10132
10133
10135
10137
10141
10143
10147
10151
10152
10154
10155
10159
10160
10162
10163
10168
10170
10171
10173
10174
10177
10178
10180
10183
10185
10189
10191
10192
10193
10198
10200
10201
10202
10207
10208
10214
10216
10217
10221
10222
10223
10225
10226
10227
10232
10234
10235
10236
10237
10239
10241
10243
10247
10249
10250
10254
10255
10256
10257
10258
10259
10260
10261
10264
10268
10271
10276
10279
10280
10283
10286
10288
10292
10295
10298
10301
10303
10304
10305
10306
10307
10308
10311
10314
10317
10318
10321
10322
10323
10324
10325
10326
10327
10328
10329
10330
10331
10332
10335
10337
10338
10340
10341
10346
10351
10352
10353
10360
10365
10368
10369
10371
10372
10373
10378
10381
10382
10385
10388
10390
10391
10392
10398
10400
10401
10404
10406
10408
10410
10415
10417
10419
10421
10423
10428
10431
10437
10438
10443
10444
10445
10448
10451
10452
10453
10456
10461
10462
10464
10465
10467
10470
10471
10472
10473
10475
10478
10480
10481
10483
10484
10486
10487
10488
10490
10494
10496
10497
10499
10500
10501
10502
10503
10509
10511
10515
10518
10521
10523
10524
10525
10527
10529
10536
10538
10539
10541
10542
10544
10546
10548
10549
10551
10554
10555
10557
10560
10561
10564
10565
10566
10568
10569
10570
10571
10573
10574
10577
10579
10583
10587
10589
10592
10593
10594
10596
10599
10602
10604
10606
10609
10612
10615
10619
10620
10623
10624
10625
10628
10629
10630
10631
10632
10634
10638
10639
10644
10645
10646
10647
10648
10650
10651
10653
10654
10655
10657
10659
10660
10662
10663
10665
10666
10667
10670
10673
10675
10681
10682
10685
10687
10690
10692
10697
10699
10700
10703
10704
10707
10708
10711
10712
10714
10715
10717
10718
10720
10721
10724
10725
10726
10727
10729
10730
10731
10733
10735
10736
10738
10739
10742
10745
10746
10748
10749
10752
10754
10757
10758
10759
10760
10762
10764
10766
10769
10771
10773
10775
10777
10778
10781
10782
10783
10784
10790
10796
10797
10799
10801
10803
10807
10808
10810
10811
10813
10814
10816
10818
10821
10822
10823
10824
10826
10827
10833
10835
10837
10839
10845
10846
10847
10848
10851
10852
10855
10856
10863
10865
10866
10868
10869
10874
10875
10877
10878
10879
10880
10882
10885
10886
10889
10893
10894
10896
10902
10903
10905
10906
10907
10908
10913
10915
10917
10920
10922
10923
10924
10926
10930
10931
10933
10934
10935
10937
10938
10942
10943
10945
10946
10952
10959
10962
10963
10967
10968
10972
10974
10979
10981
10985
10987
10988
10990
10991
10992
10994
10995
10996
10998
10999
11000
11002
11005
11010
11012
11015
11018
11021
11023
11026
11029
11031
11033
11035
11037
11038
11039
11044
11046
11048
11050
11051
11053
11054
11055
11058
11060
11062
11063
11067
11068
11070
11076
11077
11080
11086
11090
11092
11093
11095
11096
11097
11098
11099
11100
11103
11105
11106
11107
11108
11109
11110
11111
11112
11116
11117
11118
11119
11121
11122
11123
11125
11126
11130
11132
11133
11134
11138
11142
11145
11146
11149
11150
11151
11153
11155
11159
11160
11161
11164
11166
11168
11169
11172
11175
11177
11179
11182
11184
11185
11186
11187
11188
11189
11194
11195
11197
11199
11200
11201
11203
11204
11206
11210
11211
11216
11220
11225
11226
11228
11231
11233
11234
11238
11240
11245
11246
11247
11250
11254
11258
11261
11265
11267
11271
11272
11276
11277
11280
11283
11287
11288
11291
11293
11295
11296
11297
11299
11302
11308
11309
11315
11317
11319
11320
11323
11324
11325
11326
11328
11331
11334
11335
11339
11341
11343
11347
11348
11350
11352
11353
11357
11358
11359
11361
11365
11366
11367
11369
11370
11372
11379
11382
11383
11384
11385
11386
11389
11392
11393
11395
11397
11399
11400
11402
11404
11407
11413
11415
11417
11423
11428
11431
11432
11434
11436
11439
11441
11451
11455
11458
11460
11461
11469
11470
11471
11473
11474
11476
11479
11480
11481
11484
11486
11490
11491
11492
11495
11499
11500
11502
11503
11508
11511
11513
11515
11516
11517
11518
11520
11521
11522
11531
11532
11537
11540
11541
11542
11547
11548
11549
11551
11552
11553
11556
11558
11560
11561
11562
11565
11571
11573
11574
11576
11577
11578
11580
11582
11586
11590
11592
11593
11594
11596
11598
11601
11603
11604
11606
11609
11611
11614
11615
11617
11622
11624
11625
11627
11629
11630
11634
11635
11640
11642
11645
11652
11653
11655
11656
11658
11661
11663
11664
11667
11670
11671
11672
11673
11675
11677
11681
11682
11684
11690
11694
11695
11696
11697
11700
11702
11704
11706
11708
11710
11712
11713
11715
11717
11718
11720
11722
11724
11725
11726
11728
11731
11735
11740
11741
11744
11746
11747
11748
11749
11752
11756
11761
11762
11765
11767
11771
11772
11777
11779
11781
11784
11786
11790
11793
11800
11801
11803
11805
11807
11812
11815
11818
11819
11820
11824
11828
11829
11833
11835
11836
11837
11840
11843
11844
11848
11849
11850
11852
11854
11855
11856
11859
11861
11864
11868
11869
11870
11872
11874
11875
11876
11878
11879
11883
11884
11886
11888
11890
11894
11897
11898
11899
11900
11902
11907
11908
11910
11911
11913
11918
11919
11926
11932
11933
11934
11937
11938
11939
11942
11947
11950
11952
11953
11955
11956
11959
11962
11973
11977
11978
11979
11980
11981
11982
11983
11987
11990
11991
11995
11999
12005
12008
12010
12011
12012
12014
12015
12017
12022
12023
12025
12029
12031
12036
12042
12043
12044
12045
12052
12055
12062
12064
12066
12068
12069
12071
12072
12073
12075
12077
12080
12081
12083
12087
12088
12091
12093
12094
12096
12100
12102
12104
12109
12113
12117
12118
12122
12127
12129
12130
12132
12134
12137
12139
12141
12143
12145
12158
12160
12164
12167
12168
12172
12174
12176
12183
12184
12186
12188
12190
12191
12196
12199
12202
12203
12204
12206
12207
12208
12213
12217
12230
12233
12234
12237
12241
12245
12249
12250
12251
12254
12256
12257
12260
12263
12268
12270
12273
12274
12275
12277
12280
12287
12293
12294
12296
12302
12303
12306
12308
12309
12313
12315
12317
12318
12322
12329
12331
12336
12338
12341
12342
12345
12346
12347
12349
12362
12370
12372
12375
12377
12379
12381
12382
12390
12397
12401
12404
12418
12419
12422
12423
12424
12425
12426
12427
12428
12429
12432
12434
12437
12438
12439
12441
12449
12452
12462
12467
12468
12470
12472
12474
12477
12482
12483
12484
12485
12488
12489
12492
12500
12510
12512
12514
12518
12522
12529
12531
12532
12535
12548
12557
12559
12560
12564
12569
12576
12578
12582
12584
12585
12588
