c s SATISFIABLE
s vc 5960 3840
2
3
4
6
7
9
10
12
13
14
17
18
19
22
27
29
30
31
33
37
38
39
40
43
44
45
46
47
51
54
56
57
58
63
64
72
73
75
76
80
81
82
84
87
88
90
93
94
95
97
98
100
101
103
105
108
110
112
113
114
115
116
119
122
124
126
129
132
136
137
141
143
144
147
151
154
156
158
166
167
168
169
171
172
173
174
175
177
179
180
181
182
185
186
187
188
189
192
195
196
198
199
206
207
210
212
213
214
215
217
219
220
221
226
228
230
231
233
235
236
240
241
242
243
244
245
249
251
254
255
259
260
262
264
265
268
270
271
272
273
275
277
278
280
282
284
285
288
290
291
293
296
303
305
306
307
310
311
316
317
318
319
320
321
322
331
332
333
335
336
337
340
345
349
351
352
354
355
358
364
365
366
367
368
370
371
373
375
376
377
380
382
384
386
388
389
391
392
395
396
397
398
399
402
403
404
405
407
408
411
412
413
414
416
418
420
421
422
423
426
427
429
430
432
433
435
436
438
439
441
442
444
445
446
448
450
451
452
453
455
456
458
459
462
463
465
466
467
468
471
472
473
475
477
478
479
480
482
484
485
486
488
490
492
493
494
495
497
498
500
502
504
505
506
508
509
511
512
514
515
516
519
520
522
523
524
526
527
528
531
532
533
535
536
537
540
541
542
544
546
547
549
550
552
553
555
556
557
558
560
562
563
564
566
567
570
571
572
574
575
577
579
580
581
582
584
586
587
589
590
591
594
595
596
598
600
601
602
603
606
607
608
609
612
613
614
615
617
619
620
622
623
624
627
628
629
630
632
634
636
637
639
640
641
642
644
645
647
648
651
652
653
654
656
658
659
660
662
663
665
666
668
669
672
673
674
675
678
679
680
681
684
685
686
688
689
691
692
694
696
697
699
700
701
702
704
706
707
708
710
711
713
714
717
718
720
721
722
724
726
727
728
730
732
733
734
736
737
738
740
741
744
745
747
748
749
750
753
754
756
757
758
760
761
763
765
766
767
768
770
771
773
774
777
778
779
780
783
784
786
787
788
790
792
793
795
796
797
798
801
802
804
805
806
807
809
811
812
814
815
816
818
820
821
822
824
825
828
829
830
831
833
834
836
837
839
841
843
844
846
847
849
850
851
853
855
856
858
859
860
861
864
865
867
868
869
870
872
874
875
876
879
880
882
883
884
886
888
889
891
892
893
895
896
897
899
901
902
904
905
907
908
910
912
913
915
916
917
918
920
922
923
925
927
928
929
931
933
934
935
937
938
939
941
943
945
946
947
948
951
952
954
955
957
958
959
961
962
964
965
967
969
970
971
972
974
975
977
978
980
982
984
985
986
987
989
990
992
994
995
996
998
1000
1002
1003
1005
1006
1007
1009
1010
1011
1014
1015
1016
1018
1019
1020
1022
1023
1025
1027
1028
1029
1032
1033
1034
1036
1038
1039
1040
1042
1043
1044
1046
1047
1049
1051
1052
1054
1055
1057
1058
1060
1061
1063
1065
1066
1067
1069
1070
1071
1074
1075
1077
1078
1079
1081
1082
1084
1085
1086
1088
1089
1092
1093
1094
1096
1097
1099
1100
1102
1104
1105
1107
1108
1109
1110
1112
1114
1115
1116
1119
1120
1121
1123
1124
1126
1127
1129
1130
1131
1133
1135
1136
1137
1139
1141
1143
1144
1145
1147
1149
1150
1151
1152
1155
1156
1157
1158
1160
1162
1163
1165
1166
1168
1169
1170
1173
1174
1176
1177
1178
1179
1182
1183
1185
1186
1187
1189
1191
1192
1193
1194
1196
1198
1199
1200
1202
1203
1205
1206
1208
1210
1212
1213
1214
1216
1217
1218
1221
1222
1224
1225
1227
1228
1229
1230
1232
1233
1236
1237
1239
1240
1241
1242
1244
1246
1247
1249
1250
1251
1253
1254
1256
1257
1259
1261
1263
1264
1265
1267
1269
1270
1271
1273
1274
1276
1278
1279
1281
1282
1283
1284
1287
1288
1289
1290
1292
1293
1295
1296
1298
1299
1302
1303
1304
1306
1307
1308
1310
1312
1314
1315
1316
1317
1319
1321
1323
1324
1325
1327
1328
1330
1331
1333
1334
1336
1338
1339
1340
1342
1343
1344
1347
1348
1349
1351
1353
1354
1356
1357
1359
1360
1361
1362
1365
1366
1368
1369
1370
1371
1374
1375
1376
1377
1380
1381
1383
1384
1385
1387
1388
1389
1392
1393
1394
1395
1397
1398
1400
1402
1403
1404
1406
1408
1409
1410
1413
1414
1415
1417
1418
1420
1422
1423
1425
1426
1427
1428
1431
1432
1433
1434
1436
1438
1439
1440
1442
1444
1445
1446
1449
1450
1451
1453
1454
1455
1458
1459
1460
1462
1463
1465
1466
1468
1470
1471
1472
1473
1476
1477
1479
1480
1481
1482
1484
1485
1487
1488
1491
1492
1493
1495
1496
1497
1499
1501
1503
1504
1505
1507
1509
1510
1511
1512
1514
1515
1517
1518
1520
1522
1523
1525
1526
1528
1530
1531
1532
1534
1535
1537
1538
1540
1541
1543
1544
1546
1547
1548
1550
1552
1554
1555
1557
1558
1559
1561
1562
1564
1565
1566
1568
1570
1571
1573
1574
1576
1577
1579
1580
1582
1583
1584
1587
1588
1590
1591
1593
1594
1595
1596
1598
1600
1602
1603
1605
1606
1607
1608
1610
1611
1614
1615
1616
1617
1620
1621
1623
1624
1625
1627
1628
1629
1631
1632
1634
1635
1637
1639
1640
1642
1644
1645
1646
1647
1649
1650
1652
1653
1656
1657
1659
1660
1661
1662
1664
1666
1667
1668
1670
1671
1674
1675
1676
1677
1680
1681
1683
1684
1685
1686
1688
1689
1692
1693
1695
1696
1698
1699
1700
1701
1703
1705
1706
1708
1709
1711
1712
1714
1716
1717
1719
1720
1722
1723
1724
1726
1727
1728
1730
1732
1734
1735
1737
1738
1739
1741
1742
1743
1746
1747
1749
1750
1752
1753
1755
1756
1757
1759
1760
1761
1763
1765
1767
1768
1769
1771
1772
1773
1776
1777
1778
1780
1781
1782
1784
1786
1787
1789
1791
1792
1793
1794
1796
1797
1799
1801
1802
1803
1805
1807
1808
1810
1811
1813
1814
1815
1817
1819
1821
1822
1823
1825
1826
1828
1829
1830
1832
1833
1835
1836
1838
1840
1842
1843
1845
1846
1847
1848
1851
1852
1854
1855
1856
1857
1859
1860
1862
1864
1866
1867
1869
1870
1872
1873
1874
1876
1877
1878
1880
1881
1883
1885
1886
1887
1889
1891
1892
1893
1895
1897
1898
1900
1902
1903
1904
1906
1907
1909
1910
1911
1914
1915
1916
1918
1920
1921
1923
1924
1926
1927
1928
1929
1931
1933
1934
1935
1938
1939
1941
1942
1944
1945
1946
1947
1950
1951
1952
1954
1955
1957
1958
1960
1961
1962
1964
1966
1967
1968
1970
1972
1973
1975
1976
1977
1979
1980
1983
1984
1985
1987
1988
1989
1992
1993
1995
1996
1998
1999
2001
2002
2003
2004
2007
2008
2010
2011
2012
2013
2016
2017
2018
2020
2021
2022
2025
2026
2027
2028
2031
2032
2033
2034
2037
2038
2039
2040
2042
2043
2045
2047
2049
2050
2051
2053
2054
2056
2057
2058
2060
2062
2063
2064
2066
2067
2069
2071
2072
2073
2075
2077
2079
2080
2081
2082
2084
2086
2087
2089
2091
2092
2093
2095
2096
2097
2100
2101
2102
2104
2106
2107
2109
2110
2111
2113
2115
2116
2117
2118
2121
2122
2124
2125
2126
2127
2130
2131
2132
2134
2135
2137
2139
2140
2142
2143
2144
2145
2147
2148
2151
2152
2153
2155
2156
2157
2159
2160
2162
2163
2165
2167
2168
2169
2171
2172
2174
2175
2178
2179
2180
2181
2183
2184
2186
2187
2190
2191
2192
2193
2196
2197
2198
2199
2201
2202
2204
2205
2207
2209
2210
2211
2213
2214
2217
2218
2219
2220
2222
2223
2226
2227
2229
2230
2231
2233
2234
2236
2238
2239
2240
2242
2243
2244
2247
2248
2249
2251
2252
2254
2255
2257
2259
2260
2261
2263
2265
2266
2267
2269
2271
2272
2274
2275
2276
2277
2279
2280
2282
2283
2286
2287
2289
2290
2291
2292
2294
2296
2297
2299
2301
2302
2303
2304
2307
2308
2309
2311
2313
2314
2316
2317
2318
2320
2321
2322
2324
2326
2327
2329
2331
2332
2333
2335
2337
2338
2340
2341
2342
2343
2345
2346
2349
2350
2351
2353
2354
2356
2357
2359
2361
2362
2363
2365
2367
2368
2369
2371
2372
2374
2375
2376
2378
2380
2381
2383
2384
2386
2388
2389
2390
2391
2393
2394
2396
2397
2399
2401
2402
2403
2406
2407
2408
2409
2411
2413
2415
2416
2417
2419
2421
2422
2423
2424
2426
2427
2429
2430
2432
2433
2436
2437
2438
2439
2441
2443
2444
2445
2447
2449
2450
2452
2454
2455
2456
2457
2460
2461
2462
2464
2465
2466
2469
2470
2471
2472
2474
2475
2478
2479
2480
2482
2484
2485
2486
2487
2489
2491
2492
2494
2495
2497
2498
2499
2501
2502
2504
2505
2507
2509
2511
2512
2513
2515
2516
2517
2519
2520
2522
2524
2525
2527
2528
2530
2531
2533
2535
2536
2537
2538
2541
2542
2543
2544
2546
2548
2549
2550
2552
2554
2555
2557
2558
2559
2561
2562
2564
2565
2568
2569
2570
2572
2573
2575
2576
2578
2579
2580
2582
2584
2585
2587
2589
2590
2592
2593
2595
2596
2597
2598
2600
2601
2603
2605
2606
2608
2610
2611
2612
2613
2616
2617
2619
2620
2621
2622
2624
2625
2628
2629
2631
2632
2633
2635
2637
2638
2640
2641
2643
2644
2645
2647
2648
2649
2651
2652
2654
2655
2657
2659
2661
2662
2663
2665
2666
2667
2670
2671
2673
2674
2675
2676
2679
2680
2681
2683
2685
2686
2688
2689
2690
2692
2694
2695
2696
2697
2699
2700
2702
2703
2705
2706
2708
2710
2711
2713
2715
2716
2717
2718
2720
2721
2724
2725
2727
2728
2730
2731
2732
2734
2736
2737
2738
2740
2741
2742
2744
2745
2747
2748
2750
2751
2753
2754
2756
2758
2759
2760
2762
2764
2765
2767
2768
2770
2771
2773
2774
2776
2778
2779
2780
2781
2783
2785
2786
2788
2789
2791
2793
2794
2795
2797
2798
2800
2802
2803
2804
2806
2807
2809
2810
2812
2813
2814
2816
2817
2819
2820
2822
2823
2825
2827
2828
2829
2832
2833
2835
2836
2837
2839
2840
2841
2844
2845
2846
2848
2850
2851
2852
2853
2856
2857
2858
2859
2861
2862
2864
2865
2867
2868
2870
2871
2873
2874
2877
2878
2879
2881
2883
2884
2885
2886
2889
2890
2891
2892
2894
2896
2897
2899
2900
2902
2903
2904
2906
2907
2909
2910
2912
2914
2916
2917
2918
2919
2922
2923
2925
2926
2928
2929
2931
2932
2933
2935
2936
2938
2940
2941
2943
2944
2945
2946
2948
2949
2951
2953
2954
2955
2958
2959
2960
2961
2963
2965
2966
2967
2970
2971
2972
2973
2975
2977
2978
2980
2981
2982
2984
2985
2987
2988
2990
2992
2994
2995
2997
2998
2999
3000
3002
3004
3006
3007
3008
3009
3011
3013
3015
3016
3017
3018
3020
3022
3023
3025
3026
3028
3029
3030
3032
3033
3035
3037
3039
3040
3041
3043
3045
3046
3047
3049
3050
3051
3054
3055
3056
3057
3060
3061
3062
3064
3065
3066
3068
3069
3071
3073
3074
3075
3077
3078
3080
3081
3083
3084
3086
3087
3090
3091
3093
3094
3096
3097
3098
3099
3101
3102
3105
3106
3107
3109
3110
3112
3113
3114
3117
3118
3119
3120
3122
3123
3125
3127
3129
3130
3132
3133
3134
3135
3138
3139
3141
3142
3143
3144
3147
3148
3150
3151
3153
3154
3156
3157
3159
3160
3161
3162
3164
3166
3167
3169
3170
3172
3173
3175
3176
3177
3179
3181
3182
3184
3185
3186
3188
3190
3191
3192
3194
3196
3197
3198
3200
3202
3203
3204
3206
3208
3209
3210
3212
3213
3215
3216
3219
3220
3222
3223
3224
3226
3227
3228
3230
3232
3233
3235
3236
3237
3239
3240
3242
3243
3245
3246
3249
3250
3251
3253
3254
3255
3257
3259
3261
3262
3264
3265
3266
3267
3269
3271
3272
3273
3275
3276
3278
3280
3281
3283
3285
3286
3287
3289
3291
3292
3294
3295
3296
3297
3300
3301
3303
3304
3305
3306
3308
3310
3312
3313
3314
3315
3317
3319
3320
3322
3323
3325
3326
3327
3330
3331
3333
3334
3335
3336
3339
3340
3342
3343
3344
3345
3347
3348
3350
3351
3354
3355
3356
3358
3360
3361
3363
3364
3365
3367
3369
3370
3371
3373
3374
3376
3377
3378
3380
3382
3383
3384
3386
3387
3389
3390
3392
3394
3396
3397
3399
3400
3402
3403
3404
3405
3408
3409
3410
3411
3413
3415
3416
3418
3420
3421
3422
3423
3426
3427
3429
3430
3432
3433
3434
3435
3438
3439
3440
3442
3443
3444
3446
3448
3449
3450
3452
3454
3455
3456
3458
3459
3462
3463
3464
3466
3467
3469
3470
3471
3473
3474
3476
3477
3479
3481
3482
3484
3485
3486
3489
3490
3492
3493
3494
3495
3498
3499
3500
3501
3503
3504
3506
3508
3509
3510
3512
3514
3515
3516
3518
3519
3521
3523
3524
3525
3527
3529
3530
3531
3534
3535
3536
3537
3540
3541
3542
3544
3545
3547
3549
3550
3551
3553
3554
3555
3558
3559
3560
3562
3563
3564
3566
3568
3569
3570
3572
3574
3575
3576
3578
3579
3581
3582
3584
3585
3587
3589
3590
3591
3593
3594
3596
3598
3599
3601
3602
3604
3605
3607
3608
3610
3611
3613
3614
3616
3617
3618
3620
3621
3623
3625
3626
3628
3629
3631
3632
3634
3635
3636
3638
3640
3641
3642
3644
3646
3647
3648
3651
3652
3653
3654
3656
3657
3660
3661
3663
3664
3666
3667
3668
3670
3672
3673
3674
3676
3677
3679
3680
3682
3683
3684
3687
3688
3690
3691
3693
3694
3695
3696
3698
3700
3702
3703
3704
3705
3708
3709
3711
3712
3713
3715
3717
3718
3719
3720
3722
3724
3725
3726
3728
3729
3731
3733
3734
3736
3737
3738
3740
3741
3743
3745
3746
3748
3749
3750
3753
3754
3755
3756
3758
3759
3762
3763
3764
3766
3767
3769
3770
3771
3774
3775
3776
3777
3780
3781
3783
3784
3785
3787
3788
3790
3791
3792
3794
3796
3797
3798
3800
3801
3803
3804
3806
3808
3809
3811
3812
3814
3816
3817
3818
3819
3821
3822
3824
3825
3827
3828
3831
3832
3833
3835
3836
3838
3839
3840
3842
3843
3845
3847
3848
3850
3851
3852
3855
3856
3857
3859
3860
3861
3863
3865
3867
3868
3869
3870
3872
3874
3875
3877
3879
3880
3881
3882
3884
3886
3887
3888
3890
3891
3893
3894
3896
3897
3900
3901
3902
3904
3905
3907
3909
3910
3911
3913
3915
3916
3917
3918
3921
3922
3923
3925
3926
3927
3929
3931
3932
3933
3936
3937
3939
3940
3942
3943
3945
3946
3947
3948
3950
3951
3953
3955
3956
3957
3960
3961
3962
3963
3965
3966
3968
3969
3971
3973
3975
3976
3977
3978
3981
3982
3983
3984
3986
3988
3989
3991
3992
3993
3995
3997
3999
4000
4002
4003
4004
4006
4008
4009
4010
4011
4014
4015
4016
4017
4019
4020
4022
4024
4026
4027
4029
4030
4032
4033
4034
4036
4037
4038
4040
4042
4043
4044
4047
4048
4049
4050
4053
4054
4056
4057
4058
4059
4061
4062
4064
4066
4067
4068
4071
4072
4073
4075
4076
4077
4079
4080
4082
4083
4085
4086
4089
4090
4092
4093
4095
4096
4097
4099
4100
4102
4103
4105
4106
4107
4109
4110
4112
4113
4115
4116
4118
4119
4122
4123
4124
4125
4128
4129
4131
4132
4134
4135
4136
4138
4139
4140
4142
4143
4145
4146
4148
4150
4151
4152
4155
4156
4157
4158
4160
4161
4163
4165
4166
4168
4169
4171
4173
4174
4175
4176
4179
4180
4182
4183
4185
4186
4188
4189
4190
4192
4194
4195
4196
4197
4200
4201
4203
4204
4205
4206
4209
4210
4211
4213
4214
4215
4217
4219
4220
4222
4223
4224
4226
4228
4230
4231
4232
4234
4236
4237
4238
4239
4241
4242
4245
4246
4247
4249
4250
4252
4254
4255
4257
4258
4259
4261
4262
4264
4265
4267
4268
4270
4271
4273
4274
4276
4278
4279
4281
4282
4283
4285
4287
4288
4289
4290
4292
4294
4296
4297
4298
4300
4301
4302
4304
4305
4308
4309
4310
4311
4313
4314
4316
4317
4320
4321
4322
4324
4325
4327
4329
4330
4331
4332
4334
4336
4338
4339
4340
4342
4344
4345
4346
4348
4349
4350
4352
4354
4355
4356
4358
4359
4361
4362
4365
4366
4367
4368
4371
4372
4374
4375
4377
4378
4379
4381
4383
4384
4385
4387
4388
4390
4391
4393
4394
4395
4397
4398
4400
4402
4403
4404
4406
4407
4410
4411
4412
4414
4415
4417
4418
4419
4421
4423
4425
4426
4428
4429
4430
4432
4434
4435
4436
4438
4439
4440
4442
4443
4445
4447
4448
4450
4451
4452
4454
4456
4457
4458
4461
4462
4463
4465
4467
4468
4470
4471
4473
4474
4476
4477
4478
4479
4482
4483
4484
4485
4488
4489
4490
4492
4493
4495
4496
4497
4500
4501
4503
4504
4506
4507
4509
4510
4512
4513
4514
4516
4518
4519
4520
4522
4524
4525
4526
4528
4529
4531
4533
4534
4536
4537
4538
4539
4542
4543
4544
4545
4547
4549
4550
4552
4553
4554
4556
4557
4559
4560
4562
4564
4566
4567
4568
4569
4572
4573
4574
4575
4577
4579
4580
4581
4584
4585
4586
4587
4589
4590
4593
4594
4595
4597
4598
4599
4601
4602
4604
4605
4608
4609
4610
4612
4613
4614
4617
4618
4620
4621
4622
4624
4625
4627
4628
4629
4631
4632
4634
4636
4637
4638
4640
4642
4643
4645
4646
4647
4650
4651
4652
4653
4655
4656
4658
4659
4662
4663
4664
4666
4668
4669
4670
4672
4673
4675
4676
4677
4680
4681
4682
4683
4685
4686
4688
4689
4691
4693
4694
4695
4697
4698
4701
4702
4703
4704
4707
4708
4709
4710
4713
4714
4716
4717
4718
4719
4721
4722
4724
4725
4728
4729
4731
4732
4733
4734
4737
4738
4740
4741
4742
4743
4745
4746
4749
4750
4751
4752
4755
4756
4757
4759
4761
4762
4763
4764
4766
4768
4769
4770
4772
4773
4775
4776
4779
4780
4781
4782
4785
4786
4787
4789
4790
4791
4794
4795
4797
4798
4800
4801
4802
4803
4806
4807
4808
4810
4811
4813
4814
4815
4817
4818
4821
4822
4823
4824
4827
4828
4829
4830
4832
4833
4835
4836
4839
4840
4841
4843
4844
4846
4847
4849
4851
4852
4854
4855
4856
4858
4859
4860
4862
4864
4866
4867
4868
4870
4871
4873
4875
4876
4878
4879
4881
4882
4883
4884
4886
4887
4889
4890
4892
4893
4895
4896
4899
4900
4902
4903
4905
4906
4907
4909
4911
4912
4913
4915
4916
4917
4919
4921
4923
4924
4926
4927
4929
4930
4931
4932
4934
4936
4937
4938
4941
4942
4943
4945
4946
4948
4949
4950
4953
4954
4955
4956
4959
4960
4961
4962
4964
4966
4968
4969
4971
4972
4973
4974
4976
4978
4979
4981
4982
4983
4985
4987
4989
4990
4991
4992
4995
4996
4997
4998
5000
5001
5003
5004
5006
5008
5009
5011
5012
5013
5015
5017
5019
5020
5021
5022
5024
5026
5027
5029
5030
5031
5034
5035
5037
5038
5039
5041
5042
5043
5045
5046
5048
5049
5052
5053
5054
5056
5057
5059
5060
5061
5064
5065
5067
5068
5069
5071
5072
5074
5075
5077
5078
5080
5082
5083
5084
5086
5087
5089
5091
5092
5093
5094
5097
5098
5100
5101
5102
5103
5106
5107
5108
5109
5112
5113
5114
5115
5117
5118
5120
5122
5123
5124
5126
5127
5130
5131
5132
5134
5135
5137
5139
5140
5141
5143
5144
5146
5147
5148
5150
5152
5154
5155
5156
5158
5159
5161
5162
5163
5166
5167
5168
5170
5172
5173
5174
5176
5177
5178
5181
5182
5183
5184
5186
5187
5189
5190
5192
5193
5195
5196
5199
5200
5201
5203
5204
5205
5207
5209
5210
5212
5213
5215
5216
5217
5219
5221
5223
5224
5225
5226
5228
5229
5231
5232
5235
5236
5238
5239
5240
5242
5244
5245
5246
5247
5249
5251
5253
5254
5255
5257
5258
5260
5261
5263
5264
5265
5267
5268
5270
5272
5273
5275
5276
5277
5280
5281
5283
5284
5285
5287
5289
5290
5291
5292
5294
5295
5298
5299
5300
5302
5303
5305
5306
5308
5309
5310
5313
5314
5315
5316
5318
5320
5322
5323
5324
5325
5327
5329
5330
5331
5333
5335
5337
5338
5339
5340
5343
5344
5345
5347
5349
5350
5351
5352
5354
5356
5358
5359
5361
5362
5363
5364
5366
5367
5370
5371
5372
5374
5375
5376
5379
5380
5381
5382
5384
5386
5387
5388
5391
5392
5394
5395
5396
5398
5400
5401
5402
5403
5406
5407
5408
5410
5411
5413
5415
5416
5417
5419
5420
5421
5423
5424
5426
5427
5429
5431
5433
5434
5435
5436
5438
5440
5442
5443
5444
5445
5448
5449
5450
5451
5454
5455
5456
5457
5460
5461
5462
5463
5465
5466
5468
5470
5472
5473
5474
5476
5477
5479
5481
5482
5483
5484
5486
5487
5489
5490
5492
5494
5495
5496
5498
5500
5501
5503
5504
5506
5507
5508
5511
5512
5513
5515
5516
5518
5519
5520
5522
5523
5525
5526
5528
5530
5531
5533
5534
5535
5537
5538
5540
5541
5543
5545
5546
5548
5549
5550
5553
5554
5555
5557
5558
5559
5561
5565
5568
5571
5575
5576
5580
5581
5583
5584
5585
5586
5588
5592
5594
5595
5596
5601
5602
5608
5609
5610
5612
5613
5615
5619
5620
5621
5622
5625
5626
5627
5628
5629
5630
5631
5634
5637
5638
5639
5643
5645
5646
5649
5651
5652
5656
5659
5662
5664
5666
5667
5669
5671
5677
5678
5680
5681
5683
5685
5687
5688
5690
5691
5693
5694
5695
5698
5699
5700
5702
5705
5706
5708
5709
5710
5712
5713
5715
5717
5719
5720
5721
5722
5723
5724
5725
5730
5736
5738
5743
5744
5750
5751
5753
5754
5757
5760
5761
5762
5763
5764
5765
5768
5769
5771
5776
5778
5782
5783
5784
5785
5787
5789
5792
5794
5797
5798
5799
5806
5807
5808
5810
5812
5813
5816
5817
5818
5821
5823
5826
5827
5829
5834
5836
5839
5841
5843
5846
5847
5849
5852
5854
5855
5857
5858
5859
5860
5861
5862
5864
5868
5869
5872
5873
5874
5875
5883
5884
5885
5886
5887
5888
5889
5890
5894
5898
5899
5901
5902
5903
5904
5906
5907
5908
5910
5913
5916
5917
5919
5920
5921
5922
5923
5929
5932
5934
5938
5939
5941
5943
5945
5947
5950
5953
5954
5960
