s vc 1490 960
1
2
3
4
5
8
10
11
12
13
14
16
17
19
20
21
22
28
29
32
33
34
36
38
39
40
41
46
48
51
52
54
56
59
61
62
64
66
67
69
73
74
76
78
81
83
89
91
99
100
101
103
104
106
107
108
110
111
114
115
116
118
119
120
123
124
126
127
129
130
131
133
134
135
138
139
140
142
143
145
146
147
150
151
153
154
156
157
159
160
162
163
165
166
167
169
170
172
173
175
176
177
179
180
182
184
185
186
188
189
191
192
195
196
197
198
200
201
203
205
206
208
209
210
212
214
215
217
219
220
221
223
224
225
228
229
230
231
233
234
237
238
239
241
243
244
245
247
249
250
252
253
254
255
258
259
260
261
263
265
266
267
269
270
272
273
276
277
278
279
281
283
285
286
287
289
291
292
293
294
297
298
299
300
302
303
305
307
308
309
311
313
314
315
317
318
320
322
323
325
326
327
330
331
333
334
335
336
338
339
341
342
344
346
347
349
350
352
353
355
356
357
360
361
362
363
365
367
368
370
371
373
374
376
377
379
381
382
384
385
386
387
390
391
392
394
395
397
399
400
401
402
404
406
407
409
410
411
413
415
416
417
419
421
422
423
425
426
429
430
432
433
434
435
438
439
441
442
443
445
446
447
449
451
452
454
455
456
458
460
461
463
464
465
467
469
471
472
473
475
477
478
479
480
482
484
486
487
488
490
491
492
495
496
498
499
500
502
503
505
506
507
509
510
513
514
515
517
519
520
521
522
524
526
527
528
531
532
534
535
536
538
540
541
542
544
545
546
548
549
552
553
554
556
557
558
560
561
563
565
566
568
569
570
572
573
575
576
578
579
582
583
585
586
587
588
590
591
593
595
597
598
600
601
603
604
605
607
608
609
612
613
614
616
617
618
620
622
624
625
627
628
629
630
632
633
635
636
638
639
641
642
644
645
647
649
651
652
654
655
657
658
659
660
663
664
665
667
668
670
671
673
674
676
678
679
681
682
684
685
687
688
689
690
693
694
695
697
698
700
702
703
704
705
707
708
711
712
713
714
717
718
719
721
722
724
725
727
728
730
732
733
734
735
737
739
741
742
743
745
746
747
750
751
752
754
756
757
759
760
761
763
764
766
768
769
770
771
773
774
776
777
779
781
782
784
786
787
789
790
792
793
795
796
797
798
800
802
804
805
807
808
809
810
812
814
815
817
818
819
821
822
824
825
827
829
831
832
833
834
837
838
839
840
843
844
845
847
849
850
851
852
855
856
857
858
861
862
863
864
867
868
869
871
873
874
875
876
878
880
881
882
884
885
888
889
890
891
893
894
896
898
899
901
902
904
905
907
908
909
911
912
914
916
918
919
920
921
923
924
926
927
929
930
932
934
935
937
938
939
941
943
944
945
948
949
950
951
953
955
956
957
959
961
962
964
965
966
969
970
971
972
975
976
978
979
980
981
984
985
987
988
989
990
992
994
995
997
998
1000
1001
1003
1004
1005
1008
1009
1010
1012
1013
1014
1016
1018
1019
1021
1023
1024
1025
1026
1029
1030
1031
1033
1035
1036
1038
1039
1040
1042
1044
1045
1047
1048
1049
1051
1053
1054
1055
1057
1058
1059
1062
1063
1064
1065
1067
1069
1070
1072
1073
1075
1076
1078
1079
1081
1082
1083
1085
1087
1089
1090
1091
1092
1094
1096
1098
1099
1100
1102
1103
1104
1106
1108
1110
1111
1112
1113
1116
1117
1118
1120
1121
1123
1124
1125
1127
1129
1131
1132
1134
1135
1136
1137
1139
1140
1142
1144
1146
1147
1148
1150
1151
1152
1154
1155
1158
1159
1160
1162
1163
1164
1166
1167
1169
1170
1173
1174
1175
1176
1179
1180
1181
1183
1184
1185
1188
1189
1190
1192
1193
1194
1196
1198
1200
1201
1203
1204
1205
1207
1208
1209
1211
1213
1215
1216
1217
1218
1220
1222
1223
1224
1226
1228
1229
1230
1232
1233
1236
1237
1239
1240
1241
1242
1244
1245
1247
1249
1251
1252
1254
1255
1256
1257
1259
1260
1262
1264
1265
1266
1269
1270
1272
1273
1274
1276
1278
1279
1280
1281
1284
1285
1286
1288
1289
1291
1292
1294
1296
1297
1298
1300
1302
1303
1304
1305
1307
1309
1310
1311
1313
1315
1316
1318
1319
1320
1322
1324
1325
1327
1328
1330
1332
1333
1334
1336
1337
1338
1340
1341
1343
1344
1346
1347
1350
1351
1352
1353
1355
1356
1359
1360
1362
1363
1365
1366
1367
1369
1371
1372
1373
1374
1377
1378
1379
1381
1383
1384
1386
1387
1388
1389
1396
1397
1399
1405
1408
1413
1414
1415
1416
1417
1420
1421
1425
1427
1432
1433
1434
1435
1437
1439
1440
1443
1445
1447
1448
1450
1453
1455
1458
1460
1461
1462
1465
1467
1469
1470
1472
1474
1475
1476
1477
1478
1480
1482
1483
1484
1485
1486
1487
1488
