s vc 6140 2506
2
3
4
6
7
8
9
10
11
12
13
14
16
17
18
20
21
22
23
24
26
27
29
30
31
33
34
35
36
37
44
46
48
50
51
54
55
57
59
65
66
68
70
72
75
76
78
80
81
82
83
89
91
93
97
99
101
102
104
110
111
117
120
121
122
123
124
126
127
128
129
130
131
133
134
135
136
137
138
139
140
143
144
149
152
156
161
162
163
171
180
184
185
186
187
191
197
198
199
206
208
209
210
211
212
213
214
215
216
227
228
230
231
232
233
234
238
239
240
243
244
245
246
247
250
251
252
253
254
255
256
257
258
259
260
261
262
263
264
265
266
267
268
269
270
271
278
280
284
288
291
300
307
310
314
318
319
321
326
330
331
332
333
334
335
336
347
348
350
351
353
356
357
358
359
360
364
370
380
381
387
389
390
394
402
403
405
412
414
419
422
424
428
429
437
440
442
443
444
446
447
448
449
450
451
452
455
456
458
459
460
461
462
463
465
466
467
468
470
471
472
473
475
476
477
479
480
482
484
485
487
488
489
490
491
492
494
495
497
498
499
500
501
502
504
506
508
509
511
512
513
514
515
517
518
519
522
523
525
526
527
528
531
532
533
534
535
536
538
540
541
544
545
547
550
552
553
554
556
557
559
560
561
562
563
564
566
568
569
570
571
572
574
577
578
579
580
581
582
583
584
586
588
589
590
591
593
594
595
596
598
600
602
603
605
606
607
609
613
614
615
618
621
623
627
628
631
633
634
636
637
638
639
646
648
651
652
655
658
659
662
663
665
666
670
673
677
681
682
685
687
689
690
694
695
696
698
699
702
705
706
709
716
717
722
723
725
726
728
729
731
732
734
735
737
738
740
741
743
744
746
747
749
750
752
753
755
756
759
760
763
765
766
767
768
769
771
772
773
776
777
780
781
782
783
784
785
786
788
789
791
792
793
794
795
796
798
799
801
802
803
804
805
806
807
809
811
812
813
814
815
816
817
819
820
823
826
827
828
830
832
833
834
835
836
839
841
844
845
846
847
848
849
850
853
854
856
857
858
859
862
865
866
868
869
871
872
875
878
879
881
882
884
885
887
888
891
900
902
905
909
912
913
914
915
918
919
920
922
924
925
926
927
928
930
931
934
935
936
937
938
939
940
942
943
945
946
948
950
951
952
953
954
955
956
957
959
960
961
962
964
965
966
967
968
969
970
971
975
979
980
985
996
1000
1001
1003
1007
1015
1016
1020
1024
1025
1026
1030
1031
1032
1035
1038
1039
1040
1041
1044
1047
1051
1054
1055
1056
1058
1059
1060
1061
1062
1063
1064
1066
1067
1068
1071
1072
1079
1080
1081
1084
1094
1095
1096
1098
1099
1100
1103
1104
1106
1107
1109
1110
1111
1114
1117
1118
1120
1125
1127
1128
1130
1139
1146
1147
1148
1149
1150
1152
1153
1154
1155
1161
1162
1164
1165
1167
1168
1169
1172
1174
1178
1180
1182
1184
1186
1187
1190
1191
1193
1194
1195
1196
1197
1198
1199
1200
1202
1204
1206
1209
1211
1214
1215
1217
1219
1221
1222
1224
1226
1228
1229
1230
1233
1235
1236
1237
1238
1241
1242
1243
1245
1247
1248
1249
1250
1251
1252
1253
1255
1256
1257
1258
1259
1260
1261
1263
1265
1267
1269
1271
1273
1275
1276
1285
1289
1290
1291
1292
1294
1299
1300
1303
1304
1305
1306
1308
1309
1313
1314
1316
1317
1319
1320
1321
1322
1324
1325
1327
1328
1329
1330
1331
1332
1333
1334
1336
1337
1347
1361
1362
1365
1366
1369
1370
1372
1374
1377
1381
1385
1388
1394
1395
1400
1401
1402
1403
1406
1407
1408
1409
1411
1412
1419
1422
1423
1426
1427
1429
1434
1435
1440
1443
1444
1446
1447
1448
1449
1450
1451
1452
1454
1455
1456
1463
1464
1467
1468
1469
1470
1471
1472
1473
1474
1475
1476
1477
1478
1479
1480
1481
1482
1483
1484
1485
1486
1487
1488
1490
1492
1493
1495
1497
1501
1502
1505
1506
1511
1514
1515
1516
1517
1518
1519
1520
1521
1522
1525
1527
1529
1532
1533
1534
1536
1537
1538
1540
1542
1543
1547
1548
1553
1555
1557
1560
1561
1562
1563
1564
1565
1566
1571
1578
1581
1584
1585
1587
1588
1589
1590
1594
1595
1597
1598
1601
1602
1607
1609
1618
1620
1621
1622
1631
1634
1638
1639
1640
1641
1642
1644
1645
1648
1649
1652
1653
1655
1656
1658
1661
1665
1668
1669
1671
1672
1673
1674
1675
1678
1679
1680
1681
1682
1683
1684
1685
1686
1687
1688
1689
1690
1691
1692
1693
1694
1696
1698
1699
1700
1701
1705
1706
1717
1718
1719
1723
1727
1729
1730
1732
1733
1734
1737
1738
1739
1742
1744
1748
1749
1750
1751
1753
1755
1759
1761
1762
1764
1765
1767
1768
1770
1771
1773
1776
1778
1779
1781
1782
1784
1786
1787
1789
1790
1792
1794
1796
1797
1799
1801
1802
1804
1806
1808
1809
1810
1811
1813
1815
1816
1818
1822
1823
1825
1827
1829
1830
1831
1833
1836
1837
1839
1840
1841
1843
1844
1846
1848
1849
1850
1851
1852
1853
1854
1855
1856
1857
1858
1860
1862
1863
1864
1866
1867
1868
1869
1872
1873
1882
1883
1884
1888
1889
1890
1892
1897
1899
1900
1902
1903
1904
1905
1908
1909
1910
1913
1915
1916
1917
1918
1919
1920
1921
1922
1923
1924
1925
1926
1927
1929
1930
1931
1932
1933
1934
1935
1936
1937
1938
1939
1940
1941
1942
1950
1953
1957
1958
1964
1965
1966
1967
1968
1971
1972
1983
1984
1992
1995
2001
2008
2009
2011
2012
2013
2018
2022
2023
2029
2030
2031
2032
2034
2035
2036
2037
2039
2042
2045
2049
2051
2053
2057
2059
2061
2063
2064
2071
2073
2074
2075
2076
2077
2078
2079
2080
2081
2082
2083
2084
2085
2086
2087
2088
2089
2090
2091
2092
2097
2098
2099
2104
2105
2106
2108
2111
2112
2114
2116
2117
2118
2120
2122
2124
2127
2129
2130
2132
2133
2135
2136
2138
2139
2141
2142
2144
2145
2147
2149
2152
2154
2156
2158
2159
2162
2164
2165
2167
2169
2170
2172
2174
2176
2177
2179
2180
2182
2183
2185
2186
2187
2190
2192
2194
2197
2198
2199
2202
2205
2206
2207
2208
2210
2211
2213
2214
2215
2216
2217
2218
2220
2221
2224
2225
2226
2227
2232
2233
2234
2235
2239
2243
2244
2251
2252
2256
2267
2270
2271
2285
2295
2296
2297
2301
2302
2310
2312
2313
2317
2319
2322
2324
2325
2330
2333
2334
2336
2339
2345
2346
2347
2350
2352
2353
2358
2361
2364
2368
2372
2374
2377
2378
2379
2380
2385
2386
2390
2391
2396
2397
2400
2401
2402
2407
2408
2412
2413
2414
2418
2419
2420
2421
2423
2425
2426
2427
2429
2430
2431
2432
2434
2435
2436
2437
2438
2439
2440
2441
2442
2443
2444
2445
2446
2447
2448
2449
2450
2451
2452
2453
2454
2455
2457
2458
2462
2465
2467
2469
2470
2471
2472
2473
2475
2476
2477
2478
2479
2480
2481
2482
2483
2484
2485
2486
2487
2488
2490
2492
2493
2495
2496
2498
2499
2501
2502
2504
2505
2507
2508
2510
2512
2515
2517
2519
2521
2523
2525
2527
2528
2529
2531
2532
2533
2535
2536
2538
2539
2541
2542
2544
2546
2547
2548
2550
2552
2553
2556
2558
2561
2563
2564
2566
2567
2571
2572
2573
2574
2575
2577
2578
2580
2581
2584
2585
2586
2587
2591
2592
2594
2595
2596
2597
2598
2599
2600
2602
2603
2604
2605
2606
2607
2609
2610
2611
2615
2616
2617
2618
2619
2625
2626
2627
2633
2635
2636
2639
2640
2641
2642
2643
2647
2648
2653
2655
2656
2657
2658
2660
2661
2662
2663
2664
2665
2667
2668
2669
2670
2671
2677
2691
2695
2697
2699
2701
2710
2715
2720
2722
2723
2724
2725
2726
2728
2729
2730
2733
2734
2736
2737
2738
2739
2746
2749
2751
2759
2760
2765
2766
2770
2772
2779
2780
2781
2783
2784
2785
2789
2790
2794
2795
2796
2797
2798
2800
2804
2805
2806
2807
2809
2810
2811
2812
2814
2817
2818
2819
2820
2821
2822
2824
2825
2826
2829
2831
2832
2836
2837
2842
2846
2849
2852
2855
2856
2858
2859
2861
2864
2866
2868
2870
2873
2875
2876
2879
2887
2889
2890
2893
2894
2897
2903
2904
2906
2907
2913
2915
2916
2917
2919
2923
2924
2926
2927
2928
2929
2930
2931
2937
2939
2941
2943
2946
2948
2957
2962
2966
2967
2968
2969
2971
2977
2978
2979
2980
2981
2982
2983
2984
2985
2986
2987
2995
3000
3001
3005
3007
3009
3011
3023
3026
3028
3030
3032
3038
3040
3048
3049
3052
3053
3054
3055
3057
3058
3060
3062
3069
3072
3074
3080
3082
3084
3087
3088
3091
3092
3094
3103
3104
3107
3109
3111
3116
3117
3119
3120
3121
3122
3123
3124
3127
3140
3142
3143
3147
3148
3151
3154
3156
3157
3159
3160
3162
3164
3167
3170
3172
3173
3175
3177
3181
3184
3187
3188
3190
3192
3193
3194
3195
3196
3197
3198
3201
3221
3225
3229
3230
3233
3235
3236
3237
3239
3241
3243
3244
3246
3247
3273
3284
3285
3286
3289
3290
3292
3299
3300
3301
3303
3304
3305
3311
3312
3318
3320
3323
3334
3337
3338
3342
3355
3356
3357
3358
3360
3361
3363
3367
3369
3372
3374
3376
3377
3378
3389
3398
3408
3411
3416
3421
3425
3434
3442
3447
3450
3453
3456
3457
3458
3462
3463
3466
3467
3468
3472
3475
3476
3492
3500
3503
3504
3506
3507
3512
3516
3521
3522
3533
3538
3539
3542
3546
3547
3549
3554
3556
3559
3562
3564
3566
3573
3574
3575
3577
3578
3584
3585
3586
3589
3590
3593
3594
3596
3599
3600
3602
3605
3618
3624
3628
3633
3637
3641
3643
3647
3648
3651
3652
3655
3656
3660
3663
3665
3668
3670
3672
3674
3675
3676
3679
3685
3686
3697
3700
3701
3702
3703
3704
3705
3709
3710
3713
3714
3715
3716
3719
3731
3732
3733
3734
3735
3736
3737
3738
3743
3746
3749
3751
3752
3758
3759
3760
3761
3770
3771
3772
3774
3776
3778
3780
3788
3789
3796
3797
3798
3799
3801
3804
3807
3808
3809
3810
3817
3819
3820
3822
3827
3828
3831
3832
3834
3835
3837
3838
3839
3857
3860
3861
3883
3889
3890
3891
3895
3898
3899
3915
3940
3941
3943
3944
3946
3948
3950
3951
3960
3962
3963
3965
3969
3970
3971
3972
3977
3978
3979
3980
3981
3990
3991
3993
3995
3996
3999
4000
4001
4005
4007
4008
4010
4011
4012
4014
4016
4018
4020
4022
4024
4026
4028
4030
4032
4035
4036
4039
4041
4042
4043
4044
4045
4047
4048
4050
4052
4054
4056
4058
4060
4063
4073
4074
4075
4078
4080
4083
4086
4087
4088
4090
4092
4093
4094
4095
4097
4098
4100
4101
4103
4105
4106
4108
4110
4111
4114
4125
4126
4127
4128
4130
4132
4134
4135
4137
4139
4141
4143
4149
4152
4155
4159
4162
4163
4169
4173
4176
4178
4179
4188
4192
4196
4202
4203
4204
4210
4211
4213
4216
4218
4220
4221
4222
4223
4224
4231
4232
4234
4237
4240
4241
4243
4244
4253
4255
4258
4259
4263
4264
4265
4266
4271
4273
4275
4276
4277
4280
4284
4285
4286
4287
4288
4294
4296
4299
4301
4303
4304
4305
4306
4308
4309
4310
4311
4318
4321
4323
4325
4326
4327
4328
4331
4332
4341
4342
4344
4346
4348
4349
4350
4352
4353
4354
4356
4359
4362
4369
4371
4373
4374
4376
4381
4384
4385
4386
4387
4388
4389
4390
4391
4398
4402
4409
4410
4411
4414
4415
4416
4417
4418
4419
4431
4444
4446
4447
4448
4451
4456
4458
4459
4460
4461
4462
4464
4468
4472
4474
4478
4479
4485
4487
4488
4490
4492
4497
4501
4504
4510
4512
4513
4514
4515
4518
4520
4529
4530
4531
4533
4535
4538
4540
4543
4544
4545
4547
4548
4553
4555
4556
4557
4577
4584
4585
4589
4590
4593
4597
4602
4606
4613
4614
4615
4617
4619
4620
4627
4629
4632
4636
4637
4642
4644
4650
4654
4655
4659
4660
4662
4666
4667
4673
4674
4675
4676
4679
4680
4682
4698
4702
4703
4704
4705
4706
4707
4708
4709
4711
4712
4713
4715
4716
4717
4718
4719
4721
4723
4724
4731
4742
4747
4748
4753
4759
4760
4761
4765
4766
4767
4768
4784
4785
4786
4835
4837
4846
4856
4862
4863
4869
4871
4872
4874
4883
4884
4894
4895
4900
4902
4904
4907
4910
4911
4912
4915
4916
4920
4922
4927
4929
4931
4932
4935
4936
4937
4941
4944
4949
4953
4955
4968
4969
4972
4987
4989
4991
4993
4994
4995
4996
4997
4998
5000
5003
5006
5007
5013
5030
5032
5033
5034
5048
5049
5050
5052
5053
5054
5055
5058
5059
5062
5063
5073
5075
5076
5078
5080
5083
5120
5122
5124
5125
5127
5131
5134
5146
5153
5154
5156
5160
5164
5168
5170
5174
5175
5176
5177
5186
5190
5195
5198
5199
5200
5201
5202
5203
5204
5210
5211
5212
5213
5214
5215
5216
5223
5225
5263
5269
5273
5274
5280
5301
5302
5303
5306
5309
5313
5320
5321
5323
5324
5330
5331
5332
5334
5337
5338
5339
5347
5348
5350
5356
5358
5362
5365
5367
5368
5369
5373
5374
5375
5376
5391
5394
5395
5404
5411
5412
5414
5421
5428
5430
5433
5438
5440
5446
5452
5455
5456
5458
5460
5462
5464
5466
5472
5473
5474
5475
5493
5495
5504
5513
5514
5517
5520
5521
5522
5526
5527
5530
5541
5544
5546
5553
5562
5564
5566
5570
5572
5573
5576
5586
5591
5592
5593
5595
5599
5603
5604
5606
5608
5609
5610
5614
5615
5616
5617
5618
5619
5627
5628
5629
5630
5631
5635
5636
5639
5641
5642
5647
5648
5649
5650
5652
5661
5662
5664
5667
5674
5678
5686
5687
5689
5690
5692
5694
5695
5702
5703
5705
5708
5709
5715
5718
5721
5722
5723
5724
5725
5729
5730
5732
5742
5743
5747
5748
5749
5763
5775
5780
5781
5783
5784
5788
5790
5791
5795
5799
5800
5804
5816
5817
5837
5864
5877
5904
5905
5907
5915
5922
5923
5926
5927
5933
5944
5947
5953
5961
5968
5969
5970
5971
5972
5978
5981
5986
5992
5998
6000
6013
6015
6017
6018
6023
6024
6031
6033
6034
6042
6044
6050
6057
6059
6060
6074
6075
6081
6086
6087
6090
6091
6096
6098
6105
6107
6108
6112
6116
6119
6124
6129
6134
6138
