s vc 6660 4320
1
2
5
8
15
19
20
21
25
28
29
32
33
34
35
37
38
39
41
44
45
48
50
51
54
55
56
57
59
62
64
68
72
73
74
75
79
80
81
87
89
90
91
92
94
98
99
103
104
106
108
110
112
116
117
119
121
123
127
128
129
130
131
132
136
139
142
143
149
150
152
155
156
157
162
163
164
165
166
170
171
173
174
175
176
177
178
179
182
183
185
188
190
191
193
194
198
203
204
208
209
210
212
213
214
215
218
220
224
225
228
230
232
233
235
236
238
239
241
242
243
245
246
247
248
249
250
254
256
257
259
262
263
264
265
267
268
269
270
272
273
276
277
280
282
284
286
287
288
289
290
292
293
294
301
306
307
308
312
313
314
315
317
318
320
322
327
329
330
331
332
334
335
336
338
339
340
342
345
346
350
352
354
355
357
359
360
362
363
365
366
367
369
370
372
373
374
377
378
380
381
382
384
385
387
389
390
392
393
395
396
398
399
401
402
404
405
407
408
409
410
413
414
415
417
419
420
421
422
425
426
428
429
431
432
433
435
436
438
440
441
443
444
446
447
448
450
451
453
454
456
458
459
461
462
463
464
466
467
470
471
472
474
476
477
478
480
482
483
484
486
487
489
490
491
493
495
497
498
500
501
502
503
506
507
508
509
511
512
514
516
517
519
520
522
524
525
527
528
529
530
533
534
535
537
538
539
542
543
544
545
547
549
550
551
554
555
556
558
559
560
563
564
566
567
569
570
571
573
574
576
577
579
581
582
583
584
586
588
590
591
592
593
596
597
599
600
601
603
605
606
608
609
610
612
614
615
616
618
619
621
623
624
625
626
628
629
632
633
635
636
637
639
640
642
643
645
646
647
649
650
652
653
656
657
659
660
661
662
665
666
667
668
670
671
673
675
677
678
679
681
682
683
685
687
688
689
691
693
694
696
698
699
701
702
703
704
707
708
710
711
713
714
715
717
718
720
721
722
725
726
728
729
730
732
734
735
737
738
740
741
743
744
746
747
749
750
751
753
755
756
758
759
760
762
764
765
767
768
769
770
772
774
775
776
779
780
781
783
785
786
787
789
790
792
794
795
796
798
800
801
802
804
805
806
808
810
811
812
815
816
818
819
820
821
824
825
826
827
829
831
833
834
836
837
839
840
841
843
845
846
848
849
850
852
853
855
857
858
859
861
862
864
866
867
868
870
871
872
874
876
877
878
880
882
884
885
887
888
889
890
892
893
896
897
899
900
902
903
904
905
907
909
910
912
913
915
916
918
919
921
922
923
925
926
928
929
932
933
934
936
938
939
941
942
943
944
947
948
950
951
952
954
955
957
958
959
962
963
964
965
967
969
971
972
974
975
976
978
979
980
983
984
986
987
989
990
992
993
995
996
998
999
1001
1002
1004
1005
1007
1008
1010
1011
1012
1013
1015
1017
1018
1020
1022
1023
1024
1025
1028
1029
1030
1032
1034
1035
1036
1038
1039
1040
1042
1044
1045
1046
1049
1050
1051
1053
1054
1056
1058
1059
1060
1062
1063
1064
1067
1068
1069
1070
1073
1074
1075
1076
1079
1080
1081
1082
1085
1086
1088
1089
1090
1092
1093
1094
1096
1098
1100
1101
1102
1104
1105
1107
1108
1110
1111
1112
1115
1116
1118
1119
1121
1122
1123
1124
1127
1128
1129
1130
1132
1133
1136
1137
1138
1139
1142
1143
1144
1145
1147
1149
1151
1152
1153
1155
1156
1157
1160
1161
1162
1164
1166
1167
1169
1170
1171
1172
1174
1176
1177
1178
1181
1182
1183
1184
1187
1188
1189
1191
1192
1194
1196
1197
1198
1199
1201
1203
1205
1206
1208
1209
1211
1212
1213
1215
1216
1218
1220
1221
1223
1224
1226
1227
1229
1230
1231
1232
1234
1236
1237
1239
1241
1242
1244
1245
1246
1248
1249
1250
1253
1254
1255
1256
1259
1260
1261
1263
1264
1266
1267
1268
1271
1272
1274
1275
1276
1278
1279
1281
1283
1284
1285
1286
1289
1290
1291
1292
1294
1295
1297
1298
1301
1302
1303
1304
1306
1308
1309
1311
1312
1314
1315
1316
1319
1320
1321
1322
1325
1326
1328
1329
1330
1332
1334
1335
1337
1338
1339
1341
1342
1344
1345
1346
1349
1350
1351
1352
1354
1356
1358
1359
1360
1362
1364
1365
1366
1368
1369
1371
1372
1374
1375
1376
1378
1380
1382
1383
1385
1386
1388
1389
1390
1392
1393
1394
1396
1398
1400
1401
1403
1404
1406
1407
1408
1410
1411
1413
1414
1416
1417
1418
1420
1422
1423
1424
1427
1428
1430
1431
1432
1434
1436
1437
1439
1440
1442
1443
1445
1446
1447
1448
1451
1452
1453
1455
1456
1457
1460
1461
1462
1464
1465
1467
1468
1469
1472
1473
1474
1476
1478
1479
1480
1482
1483
1485
1486
1487
1489
1490
1492
1494
1496
1497
1499
1500
1502
1503
1504
1505
1508
1509
1511
1512
1514
1515
1516
1518
1519
1520
1522
1524
1526
1527
1529
1530
1531
1533
1535
1536
1537
1539
1541
1542
1544
1545
1547
1548
1549
1551
1552
1553
1556
1557
1558
1560
1561
1563
1564
1566
1568
1569
1570
1571
1573
1575
1577
1578
1579
1580
1583
1584
1586
1587
1588
1589
1591
1592
1594
1595
1597
1598
1601
1602
1603
1605
1607
1608
1609
1611
1613
1614
1615
1616
1619
1620
1621
1623
1625
1626
1627
1628
1631
1632
1633
1635
1636
1637
1639
1641
1642
1644
1645
1647
1649
1650
1652
1653
1654
1655
1657
1659
1661
1662
1664
1665
1666
1667
1669
1671
1673
1674
1675
1676
1679
1680
1681
1682
1684
1686
1688
1689
1691
1692
1693
1694
1697
1698
1700
1701
1702
1703
1706
1707
1708
1710
1711
1713
1715
1716
1717
1719
1720
1721
1723
1725
1726
1728
1730
1731
1732
1734
1735
1736
1738
1739
1742
1743
1745
1746
1747
1748
1750
1752
1753
1755
1757
1758
1760
1761
1763
1764
1765
1767
1768
1770
1772
1773
1775
1776
1778
1779
1781
1782
1783
1784
1786
1787
1789
1790
1792
1794
1795
1796
1799
1800
1801
1802
1805
1806
1807
1808
1811
1812
1813
1814
1816
1817
1819
1821
1822
1824
1825
1827
1828
1830
1831
1832
1834
1836
1837
1839
1840
1842
1844
1845
1846
1848
1849
1851
1853
1854
1855
1857
1859
1860
1861
1863
1865
1866
1867
1868
1870
1871
1874
1875
1877
1878
1879
1881
1882
1884
1885
1887
1888
1890
1891
1892
1894
1896
1898
1899
1900
1901
1904
1905
1906
1907
1910
1911
1913
1914
1916
1917
1919
1920
1921
1922
1925
1926
1927
1928
1931
1932
1934
1935
1936
1938
1940
1941
1943
1944
1946
1947
1948
1949
1952
1953
1954
1956
1957
1959
1960
1962
1963
1964
1966
1967
1970
1971
1973
1974
1976
1977
1979
1980
1982
1983
1984
1986
1987
1989
1990
1991
1994
1995
1996
1998
2000
2001
2003
2004
2005
2006
2008
2010
2011
2012
2014
2016
2017
2018
2021
2022
2023
2024
2026
2028
2030
2031
2032
2033
2036
2037
2039
2040
2041
2042
2044
2046
2048
2049
2050
2052
2053
2055
2057
2058
2059
2060
2063
2064
2065
2066
2068
2069
2072
2073
2074
2076
2077
2078
2081
2082
2084
2085
2087
2088
2090
2091
2093
2094
2096
2097
2098
2100
2101
2103
2104
2106
2108
2109
2110
2112
2113
2115
2116
2118
2119
2120
2122
2124
2125
2126
2129
2130
2132
2133
2134
2135
2137
2139
2141
2142
2143
2145
2147
2148
2150
2151
2153
2154
2156
2157
2158
2160
2161
2162
2164
2165
2167
2169
2170
2172
2174
2175
2176
2177
2179
2181
2183
2184
2185
2187
2189
2190
2191
2192
2195
2196
2197
2198
2200
2201
2204
2205
2207
2208
2210
2211
2212
2214
2216
2217
2218
2220
2221
2223
2224
2226
2227
2229
2230
2232
2234
2235
2237
2238
2239
2241
2242
2244
2245
2246
2249
2250
2251
2252
2255
2256
2257
2259
2260
2261
2264
2265
2266
2268
2270
2271
2272
2273
2275
2276
2278
2280
2282
2283
2284
2286
2287
2289
2291
2292
2294
2295
2296
2298
2300
2301
2303
2304
2306
2307
2309
2310
2311
2312
2315
2316
2318
2319
2321
2322
2323
2325
2327
2328
2330
2331
2333
2334
2335
2337
2338
2339
2342
2343
2345
2346
2348
2349
2350
2352
2354
2355
2356
2357
2359
2360
2363
2364
2365
2367
2369
2370
2371
2372
2375
2376
2378
2379
2380
2381
2384
2385
2386
2387
2389
2390
2393
2394
2396
2397
2398
2400
2401
2402
2405
2406
2407
2409
2411
2412
2413
2415
2417
2418
2420
2421
2423
2424
2425
2427
2429
2430
2432
2433
2435
2436
2437
2439
2441
2442
2444
2445
2447
2448
2450
2451
2453
2454
2456
2457
2458
2459
2462
2463
2465
2466
2467
2468
2471
2472
2473
2474
2477
2478
2479
2481
2483
2484
2486
2487
2488
2490
2492
2493
2494
2496
2498
2499
2500
2501
2503
2505
2506
2508
2510
2511
2513
2514
2515
2516
2519
2520
2522
2523
2525
2526
2528
2529
2530
2532
2533
2534
2536
2537
2540
2541
2542
2544
2546
2547
2549
2550
2552
2553
2555
2556
2557
2558
2561
2562
2563
2564
2566
2568
2570
2571
2572
2573
2575
2577
2579
2580
2582
2583
2584
2585
2588
2589
2590
2591
2594
2595
2596
2597
2600
2601
2603
2604
2606
2607
2608
2609
2611
2612
2614
2616
2617
2618
2620
2621
2624
2625
2627
2628
2629
2630
2633
2634
2635
2637
2639
2640
2642
2643
2644
2645
2648
2649
2651
2652
2653
2655
2657
2658
2660
2661
2663
2664
2665
2667
2668
2669
2671
2672
2674
2676
2677
2679
2680
2682
2684
2685
2686
2688
2689
2691
2692
2694
2695
2697
2698
2699
2702
2703
2704
2705
2707
2709
2711
2712
2713
2715
2716
2718
2719
2720
2722
2724
2725
2727
2728
2729
2732
2733
2735
2736
2738
2739
2741
2742
2744
2745
2747
2748
2750
2751
2752
2754
2756
2757
2759
2760
2761
2762
2764
2766
2768
2769
2771
2772
2774
2775
2776
2778
2779
2780
2782
2783
2786
2787
2789
2790
2791
2793
2795
2796
2797
2799
2800
2801
2803
2804
2806
2807
2809
2811
2812
2813
2816
2817
2818
2820
2822
2823
2825
2826
2828
2829
2831
2832
2834
2835
2836
2837
2840
2841
2842
2843
2846
2847
2849
2850
2851
2853
2855
2856
2857
2859
2860
2862
2863
2864
2866
2867
2870
2871
2872
2873
2876
2877
2878
2880
2881
2883
2884
2885
2887
2889
2890
2892
2894
2895
2896
2897
2900
2901
2903
2904
2906
2907
2909
2910
2912
2913
2915
2916
2917
2918
2921
2922
2923
2925
2927
2928
2929
2931
2932
2934
2935
2936
2938
2940
2942
2943
2945
2946
2948
2949
2950
2952
2953
2954
2956
2958
2959
2961
2963
2964
2966
2967
2968
2970
2971
2973
2974
2975
2977
2979
2980
2981
2984
2985
2986
2988
2989
2990
2993
2994
2995
2996
2998
2999
3002
3003
3005
3006
3008
3009
3011
3012
3014
3015
3016
3017
3019
3021
3022
3024
3025
3026
3029
3030
3031
3033
3034
3036
3037
3039
3040
3041
3043
3045
3047
3048
3049
3050
3052
3054
3055
3057
3058
3059
3062
3063
3065
3066
3067
3069
3071
3072
3074
3075
3076
3078
3079
3081
3083
3084
3085
3087
3088
3090
3092
3093
3094
3096
3097
3099
3100
3101
3104
3105
3107
3108
3109
3110
3112
3114
3115
3116
3119
3120
3121
3123
3124
3125
3127
3128
3131
3132
3134
3135
3137
3138
3139
3140
3142
3143
3146
3147
3149
3150
3151
3152
3155
3156
3158
3159
3160
3162
3164
3165
3167
3168
3170
3171
3172
3173
3175
3177
3178
3180
3182
3183
3185
3186
3188
3189
3190
3192
3193
3195
3196
3197
3200
3201
3202
3203
3206
3207
3208
3209
3212
3213
3215
3216
3218
3219
3221
3222
3224
3225
3226
3228
3229
3231
3233
3234
3236
3237
3238
3240
3241
3243
3244
3245
3248
3249
3250
3251
3254
3255
3256
3258
3259
3260
3262
3264
3265
3267
3268
3269
3272
3273
3275
3276
3278
3279
3281
3282
3283
3285
3286
3288
3290
3291
3292
3293
3295
3297
3299
3300
3302
3303
3304
3306
3307
3309
3311
3312
3313
3315
3317
3318
3319
3320
3322
3324
3325
3327
3329
3330
3332
3333
3335
3336
3338
3339
3340
3341
3343
3344
3347
3348
3350
3351
3352
3353
3356
3357
3359
3360
3361
3363
3365
3366
3368
3369
3370
3372
3373
3375
3376
3377
3380
3381
3382
3383
3385
3387
3388
3389
3392
3393
3394
3396
3397
3399
3400
3402
3404
3405
3406
3407
3410
3411
3413
3414
3415
3417
3418
3419
3421
3422
3424
3426
3428
3429
3430
3432
3433
3434
3437
3438
3439
3440
3443
3444
3445
3446
3448
3449
3451
3453
3454
3456
3457
3459
3460
3462
3463
3465
3466
3467
3469
3471
3472
3474
3475
3476
3478
3479
3482
3483
3485
3486
3488
3489
3490
3491
3494
3495
3496
3498
3499
3500
3503
3504
3505
3507
3508
3509
3511
3513
3514
3515
3518
3519
3520
3521
3524
3525
3527
3528
3530
3531
3533
3534
3536
3537
3538
3540
3541
3542
3544
3545
3548
3549
3550
3552
3554
3555
3557
3558
3560
3561
3563
3564
3565
3566
3568
3570
3571
3572
3575
3576
3577
3579
3580
3582
3583
3584
3587
3588
3589
3591
3593
3594
3596
3597
3598
3600
3601
3602
3604
3606
3607
3609
3611
3612
3613
3615
3616
3618
3619
3621
3622
3624
3626
3627
3628
3630
3631
3632
3634
3636
3638
3639
3640
3642
3644
3645
3646
3648
3649
3650
3652
3653
3655
3656
3659
3660
3661
3663
3664
3666
3667
3668
3670
3671
3673
3675
3677
3678
3679
3681
3682
3684
3686
3687
3689
3690
3691
3692
3695
3696
3697
3699
3701
3702
3703
3704
3707
3708
3710
3711
3712
3714
3715
3716
3718
3720
3722
3723
3724
3726
3727
3729
3731
3732
3734
3735
3737
3738
3740
3741
3742
3743
3745
3747
3749
3750
3751
3753
3755
3756
3757
3758
3760
3762
3764
3765
3766
3767
3769
3770
3772
3773
3775
3777
3778
3780
3781
3783
3784
3786
3787
3789
3790
3791
3794
3795
3796
3798
3799
3800
3802
3804
3806
3807
3809
3810
3812
3813
3815
3816
3817
3818
3821
3822
3823
3824
3826
3828
3830
3831
3833
3834
3835
3837
3839
3840
3841
3843
3844
3846
3848
3849
3851
3852
3854
3855
3856
3858
3859
3861
3862
3863
3865
3867
3868
3870
3871
3872
3875
3876
3878
3879
3881
3882
3884
3885
3886
3888
3889
3891
3892
3894
3895
3897
3899
3900
3902
3903
3905
3906
3907
3908
3910
3911
3913
3914
3916
3918
3919
3920
3922
3923
3926
3927
3929
3930
3931
3933
3934
3936
3938
3939
3940
3942
3944
3945
3946
3948
3949
3951
3953
3954
3955
3956
3959
3960
3962
3963
3964
3966
3968
3969
3971
3972
3973
3975
3976
3978
3979
3981
3982
3984
3985
3987
3988
3990
3991
3992
3994
3995
3997
3998
4000
4001
4003
4004
4007
4008
4009
4010
4012
4013
4016
4017
4018
4020
4021
4022
4025
4026
4027
4028
4030
4031
4033
4034
4037
4038
4039
4041
4042
4044
4046
4047
4049
4050
4052
4053
4054
4056
4058
4059
4060
4062
4064
4065
4066
4068
4070
4071
4072
4074
4076
4077
4078
4080
4082
4083
4084
4085
4088
4089
4090
4092
4093
4094
4096
4097
4100
4101
4102
4104
4106
4107
4108
4109
4111
4113
4114
4115
4117
4118
4121
4122
4123
4125
4127
4128
4129
4130
4133
4134
4136
4137
4138
4140
4142
4143
4144
4146
4148
4149
4151
4152
4154
4155
4156
4158
4160
4161
4162
4164
4166
4167
4168
4169
4172
4173
4175
4176
4177
4178
4181
4182
4183
4184
4186
4187
4189
4191
4193
4194
4195
4196
4198
4200
4202
4203
4204
4205
4207
4209
4210
4212
4213
4214
4217
4218
4219
4220
4222
4223
4226
4227
4228
4230
4231
4233
4234
4235
4237
4238
4240
4242
4244
4245
4246
4247
4249
4250
4252
4254
4256
4257
4258
4260
4262
4263
4264
4266
4268
4269
4270
4271
4273
4275
4277
4278
4279
4280
4283
4284
4286
4287
4288
4290
4292
4293
4294
4296
4298
4299
4301
4302
4303
4304
4307
4308
4309
4311
4312
4314
4315
4316
4319
4320
4322
4323
4325
4326
4328
4329
4331
4332
4334
4335
4337
4338
4339
4341
4342
4344
4345
4347
4348
4349
4351
4352
4354
4355
4358
4359
4361
4362
4363
4364
4366
4367
4370
4371
4372
4373
4376
4377
4379
4380
4381
4383
4384
4385
4387
4389
4391
4392
4393
4394
4397
4398
4400
4401
4402
4404
4406
4407
4409
4410
4411
4412
4414
4415
4418
4419
4420
4421
4423
4424
4426
4427
4429
4431
4432
4433
4436
4437
4438
4440
4441
4442
4444
4446
4447
4448
4450
4451
4454
4455
4457
4458
4459
4460
4462
4464
4465
4466
4468
4469
4472
4473
4474
4475
4477
4479
4480
4481
4484
4485
4487
4488
4489
4491
4493
4494
4496
4497
4498
4499
4502
4503
4504
4505
4507
4509
4510
4512
4514
4515
4517
4518
4519
4521
4523
4524
4525
4526
4529
4530
4532
4533
4534
4536
4537
4539
4540
4542
4544
4545
4546
4547
4550
4551
4552
4553
4556
4557
4558
4559
4561
4563
4565
4566
4568
4569
4571
4572
4573
4575
4577
4578
4580
4581
4582
4584
4585
4587
4588
4589
4591
4593
4594
4596
4598
4599
4600
4602
4603
4604
4607
4608
4609
4610
4612
4614
4616
4617
4618
4619
4621
4623
4624
4625
4628
4629
4630
4632
4633
4635
4636
4638
4640
4641
4643
4644
4646
4647
4648
4650
4652
4653
4654
4656
4657
4659
4661
4662
4664
4665
4667
4668
4669
4671
4673
4674
4676
4677
4678
4680
4681
4683
4684
4685
4688
4689
4691
4692
4693
4695
4696
4697
4700
4701
4702
4703
4706
4707
4709
4710
4712
4713
4714
4716
4717
4719
4721
4722
4724
4725
4726
4728
4729
4731
4732
4733
4735
4736
4739
4740
4741
4742
4745
4746
4747
4749
4750
4751
4753
4755
4757
4758
4759
4760
4763
4764
4766
4767
4769
4770
4771
4772
4774
4775
4778
4779
4781
4782
4784
4785
4787
4788
4789
4791
4792
4793
4795
4796
4798
4800
4801
4802
4804
4805
4807
4809
4810
4812
4814
4815
4816
4818
4819
4820
4822
4824
4826
4827
4828
4830
4831
4832
4834
4835
4837
4839
4840
4842
4843
4844
4847
4848
4849
4851
4853
4854
4855
4857
4858
4859
4861
4863
4864
4866
4868
4869
4871
4872
4873
4874
4876
4878
4880
4881
4883
4884
4885
4887
4888
4890
4891
4892
4894
4896
4897
4898
4900
4902
4903
4904
4907
4908
4909
4910
4912
4913
4915
4917
4919
4920
4921
4923
4924
4925
4927
4929
4930
4931
4934
4935
4936
4938
4939
4941
4943
4944
4945
4947
4948
4950
4951
4953
4955
4956
4958
4959
4960
4962
4963
4965
4966
4968
4969
4970
4973
4974
4976
4977
4978
4979
4982
4983
4985
4986
4987
4989
4990
4992
4993
4995
4997
4998
4999
5001
5002
5003
5006
5007
5008
5010
5012
5013
5015
5016
5018
5019
5020
5022
5023
5025
5027
5028
5029
5031
5033
5034
5036
5037
5038
5040
5041
5043
5044
5046
5047
5049
5050
5052
5053
5055
5056
5057
5059
5061
5062
5064
5066
5067
5069
5070
5071
5073
5074
5075
5077
5078
5080
5082
5083
5084
5087
5088
5089
5091
5092
5094
5095
5097
5099
5100
5101
5103
5104
5106
5108
5109
5110
5111
5113
5115
5116
5118
5120
5121
5122
5124
5126
5127
5129
5130
5131
5133
5134
5136
5137
5138
5140
5141
5144
5145
5146
5148
5150
5151
5152
5154
5155
5156
5158
5159
5161
5163
5164
5166
5168
5169
5171
5172
5173
5175
5176
5178
5179
5181
5183
5184
5186
5187
5189
5190
5192
5193
5194
5196
5198
5199
5200
5202
5203
5204
5206
5208
5209
5211
5212
5213
5216
5217
5218
5220
5222
5223
5225
5226
5228
5229
5231
5232
5234
5235
5236
5237
5240
5241
5243
5244
5246
5247
5249
5250
5251
5252
5254
5256
5257
5259
5260
5262
5263
5264
5267
5268
5269
5270
5273
5274
5276
5277
5278
5280
5282
5283
5285
5286
5287
5288
5290
5292
5294
5295
5297
5298
5299
5300
5303
5304
5305
5307
5308
5310
5311
5313
5314
5316
5317
5318
5321
5322
5323
5324
5326
5327
5329
5331
5332
5334
5335
5336
5339
5340
5341
5343
5344
5346
5348
5349
5351
5352
5353
5354
5356
5357
5359
5361
5362
5364
5366
5367
5368
5370
5372
5373
5374
5376
5377
5379
5380
5382
5383
5385
5386
5388
5389
5391
5392
5393
5395
5397
5398
5400
5401
5403
5404
5405
5408
5409
5411
5412
5414
5415
5416
5418
5419
5420
5423
5424
5425
5426
5428
5429
5431
5433
5434
5435
5437
5438
5441
5442
5443
5445
5446
5448
5449
5450
5453
5454
5456
5457
5458
5459
5462
5463
5464
5466
5467
5469
5470
5471
5474
5475
5476
5478
5479
5481
5483
5484
5485
5486
5488
5490
5492
5493
5494
5496
5498
5499
5500
5502
5504
5505
5507
5508
5509
5511
5512
5514
5515
5517
5518
5519
5521
5522
5525
5526
5527
5528
5531
5532
5533
5535
5536
5537
5539
5541
5543
5544
5546
5547
5548
5550
5552
5553
5554
5556
5557
5559
5561
5562
5564
5565
5566
5567
5570
5571
5573
5574
5576
5577
5578
5580
5581
5583
5585
5586
5587
5589
5590
5591
5593
5595
5596
5597
5600
5601
5602
5603
5606
5607
5608
5609
5611
5613
5614
5615
5617
5619
5620
5621
5624
5625
5626
5627
5629
5631
5632
5634
5635
5636
5638
5640
5642
5643
5644
5646
5648
5649
5650
5651
5653
5655
5657
5658
5660
5661
5663
5664
5665
5667
5669
5670
5672
5673
5674
5676
5677
5678
5681
5682
5683
5685
5686
5688
5689
5690
5693
5694
5696
5697
5698
5700
5701
5703
5705
5706
5707
5709
5710
5712
5714
5715
5717
5718
5720
5721
5722
5724
5725
5726
5728
5729
5732
5733
5735
5736
5737
5739
5740
5742
5744
5745
5746
5747
5750
5751
5753
5754
5755
5756
5759
5760
5761
5762
5764
5766
5768
5769
5771
5772
5774
5775
5776
5777
5779
5781
5782
5783
5785
5787
5789
5790
5791
5792
5794
5795
5798
5799
5800
5801
5804
5805
5807
5808
5810
5811
5813
5814
5815
5817
5818
5820
5821
5823
5824
5826
5827
5828
5830
5832
5833
5835
5836
5838
5839
5841
5842
5844
5845
5847
5848
5850
5852
5853
5854
5856
5858
5859
5861
5862
5863
5864
5866
5868
5869
5870
5872
5873
5875
5876
5879
5880
5881
5883
5885
5886
5887
5889
5890
5891
5893
5895
5896
5898
5900
5901
5903
5904
5905
5907
5908
5910
5911
5913
5915
5916
5917
5919
5921
5922
5923
5925
5926
5927
5929
5931
5932
5934
5936
5937
5938
5939
5941
5943
5944
5946
5948
5949
5951
5952
5953
5955
5956
5957
5960
5961
5963
5964
5965
5967
5968
5970
5971
5973
5974
5976
5978
5979
5981
5982
5983
5984
5987
5988
5990
5991
5992
5993
5995
5997
5998
5999
6002
6003
6005
6006
6008
6009
6010
6012
6013
6015
6016
6018
6020
6021
6023
6024
6025
6026
6029
6030
6032
6033
6035
6036
6037
6039
6041
6042
6043
6044
6046
6048
6049
6051
6052
6054
6055
6056
6058
6059
6062
6063
6064
6065
6067
6068
6071
6072
6073
6074
6076
6078
6079
6081
6083
6084
6086
6087
6089
6090
6091
6093
6094
6095
6097
6098
6101
6102
6104
6105
6106
6107
6110
6111
6112
6114
6115
6116
6118
6120
6122
6123
6124
6126
6127
6129
6130
6131
6133
6135
6136
6138
6139
6140
6142
6144
6145
6147
6149
6150
6151
6152
6155
6156
6158
6159
6160
6161
6164
6165
6167
6168
6169
6170
6173
6174
6175
6176
6179
6180
6182
6183
6185
6186
6187
6189
6190
6191
6194
6195
6197
6198
6200
6201
6203
6204
6205
6207
6208
6209
6212
6213
6215
6216
6218
6219
6220
6222
6223
6225
6227
6228
6229
6230
6232
6233
6236
6237
6239
6240
6242
6243
6244
6245
6247
6249
6250
6252
6253
6254
6257
6258
6259
6260
6262
6264
6266
6267
6269
6270
6271
6273
6274
6276
6277
6279
6281
6282
6283
6285
6287
6288
6290
6291
6292
6294
6295
6296
6298
6300
6303
6304
6306
6307
6309
6310
6311
6312
6313
6314
6316
6317
6318
6322
6323
6324
6326
6327
6330
6331
6336
6340
6342
6343
6346
6347
6349
6352
6353
6358
6360
6361
6363
6365
6366
6367
6369
6370
6371
6376
6377
6378
6382
6383
6384
6385
6386
6388
6393
6395
6396
6397
6400
6401
6402
6405
6407
6409
6411
6413
6414
6415
6418
6420
6422
6424
6425
6426
6433
6434
6435
6437
6438
6440
6441
6444
6445
6446
6447
6448
6451
6453
6454
6458
6459
6460
6461
6467
6468
6469
6472
6480
6481
6484
6486
6487
6489
6492
6495
6496
6497
6499
6500
6501
6502
6505
6506
6507
6511
6516
6517
6519
6521
6522
6523
6526
6527
6529
6531
6534
6537
6540
6544
6551
6552
6553
6555
6558
6560
6561
6566
6571
6574
6575
6578
6579
6581
6583
6585
6591
6595
6596
6597
6598
6599
6600
6602
6603
6604
6605
6609
6610
6611
6616
6619
6621
6623
6624
6625
6626
6628
6633
6637
6641
6643
6644
6647
6648
6649
6651
6653
6656
6658
