s vc 200 142
1
3
4
6
8
9
10
11
12
13
15
17
18
20
21
23
24
25
26
27
29
30
31
32
34
35
36
37
40
41
42
44
45
46
48
49
51
53
54
55
57
58
60
62
63
64
67
68
69
70
71
72
73
74
75
76
77
78
80
81
82
83
84
86
87
88
89
90
93
94
96
97
98
99
101
103
105
107
108
109
110
112
114
116
117
118
119
120
122
123
124
127
128
129
131
132
133
134
135
136
137
138
139
143
144
146
147
150
151
152
154
158
159
160
161
163
165
166
167
168
169
170
172
173
174
175
176
178
180
181
182
183
185
187
188
189
191
192
195
197
198
199
