s vc 2980 1920
2
3
4
5
6
9
10
14
17
22
23
24
28
29
30
31
33
34
35
37
38
40
42
44
45
46
50
51
52
53
54
56
57
63
64
65
66
69
71
72
80
82
84
86
89
90
91
93
94
96
97
98
99
101
103
104
105
106
107
108
109
110
112
113
117
118
119
120
121
122
127
130
131
133
134
135
136
137
139
141
142
143
144
147
148
151
153
154
155
157
158
159
160
161
164
165
167
168
170
171
174
175
176
178
179
183
185
187
188
189
190
192
195
196
198
199
200
201
202
205
206
207
208
210
212
213
214
216
218
219
220
222
223
225
227
229
230
231
232
234
235
237
238
240
242
243
245
246
248
249
251
253
254
255
257
258
260
261
263
265
266
268
269
270
271
274
275
277
278
279
281
282
284
285
287
288
290
292
293
294
296
298
299
300
302
303
305
306
307
309
311
313
314
316
317
318
320
321
323
325
326
327
329
330
332
333
334
336
338
340
341
342
343
346
347
348
349
352
353
355
356
357
358
360
362
363
364
366
367
369
371
372
374
375
377
378
379
381
383
384
385
387
388
390
391
394
395
397
398
400
401
402
403
405
407
408
410
412
413
414
416
418
419
420
421
424
425
426
427
429
431
432
433
435
437
438
439
441
442
445
446
448
449
451
452
454
455
456
458
459
460
462
463
465
467
469
470
471
472
474
475
478
479
480
481
484
485
486
488
489
490
492
494
495
496
498
500
502
503
504
505
507
509
510
511
513
515
516
518
519
520
523
524
525
526
528
529
531
532
534
536
538
539
540
541
544
545
546
547
549
551
552
554
555
557
559
560
561
562
564
566
568
569
571
572
573
575
577
578
579
581
582
584
585
586
588
590
591
593
595
596
597
599
600
602
604
605
606
607
609
611
613
614
615
617
618
620
621
623
625
626
627
628
630
631
633
635
636
638
639
640
642
643
645
646
648
649
652
653
654
656
657
658
660
662
663
665
666
667
670
671
673
674
675
676
679
680
681
682
685
686
687
688
691
692
693
694
696
698
699
700
702
704
705
706
708
709
712
713
714
715
718
719
720
721
723
725
726
728
729
731
733
734
735
737
739
740
741
742
744
746
747
748
751
752
753
754
756
758
759
761
763
764
766
767
768
769
771
772
774
776
778
779
780
781
783
785
787
788
789
790
792
794
795
797
799
800
801
803
805
806
808
809
811
812
813
815
816
818
819
821
823
824
825
826
829
830
831
832
834
835
837
838
840
841
844
845
846
847
849
851
853
854
856
857
858
860
861
862
864
865
867
868
870
872
874
875
876
877
879
881
882
884
885
886
888
889
891
893
894
896
898
899
900
902
903
905
907
908
910
911
913
914
915
916
918
919
922
923
924
925
928
929
930
931
933
935
937
938
939
941
942
944
945
946
949
950
951
953
955
956
957
959
960
962
963
964
966
967
969
970
972
974
975
977
978
979
981
983
984
985
988
989
991
992
994
995
996
997
1000
1001
1002
1003
1005
1006
1008
1009
1011
1013
1015
1016
1018
1019
1021
1022
1024
1025
1027
1028
1029
1030
1032
1033
1036
1037
1039
1040
1041
1043
1044
1045
1048
1049
1050
1052
1054
1055
1056
1058
1059
1061
1062
1064
1065
1066
1068
1070
1071
1073
1074
1075
1077
1079
1080
1082
1084
1085
1086
1088
1089
1090
1092
1094
1095
1097
1098
1099
1102
1103
1104
1106
1107
1109
1110
1111
1113
1114
1116
1117
1120
1121
1122
1124
1125
1126
1128
1130
1131
1133
1134
1135
1137
1139
1141
1142
1143
1144
1146
1148
1149
1150
1152
1154
1156
1157
1159
1160
1161
1163
1164
1165
1167
1169
1170
1172
1174
1175
1176
1178
1179
1180
1183
1184
1185
1187
1188
1189
1191
1193
1194
1195
1197
1198
1200
1202
1203
1205
1207
1208
1209
1210
1212
1214
1215
1217
1219
1220
1221
1222
1224
1225
1228
1229
1230
1231
1234
1235
1236
1237
1239
1241
1243
1244
1245
1247
1249
1250
1251
1252
1255
1256
1257
1259
1260
1262
1263
1264
1266
1268
1269
1271
1272
1274
1275
1277
1279
1280
1281
1282
1284
1285
1288
1289
1290
1292
1294
1295
1297
1298
1299
1300
1303
1304
1305
1307
1308
1310
1311
1313
1314
1315
1317
1319
1320
1321
1324
1325
1326
1328
1330
1331
1333
1334
1336
1337
1338
1340
1342
1343
1345
1346
1347
1348
1350
1351
1354
1355
1356
1358
1360
1361
1362
1363
1365
1366
1369
1370
1372
1373
1374
1376
1377
1379
1380
1381
1384
1385
1387
1388
1389
1391
1393
1394
1395
1396
1398
1400
1401
1403
1404
1406
1407
1408
1410
1412
1413
1414
1416
1418
1419
1420
1422
1423
1425
1426
1428
1430
1431
1432
1434
1435
1437
1438
1440
1442
1444
1445
1447
1448
1449
1451
1452
1453
1455
1456
1458
1459
1462
1463
1464
1465
1467
1468
1470
1471
1473
1474
1477
1478
1479
1480
1482
1483
1485
1486
1488
1489
1491
1493
1494
1495
1497
1499
1501
1502
1504
1505
1506
1507
1509
1511
1512
1514
1515
1516
1518
1519
1521
1523
1525
1526
1527
1529
1530
1532
1533
1535
1536
1537
1539
1541
1542
1544
1546
1547
1549
1550
1552
1553
1554
1556
1557
1558
1560
1561
1563
1565
1567
1568
1570
1571
1572
1573
1575
1577
1578
1579
1581
1582
1585
1586
1587
1588
1590
1591
1594
1595
1597
1598
1600
1601
1602
1604
1606
1607
1608
1609
1611
1613
1614
1615
1617
1619
1620
1621
1623
1624
1626
1628
1629
1630
1632
1634
1636
1637
1638
1639
1641
1642
1644
1646
1647
1649
1651
1652
1653
1655
1656
1658
1659
1661
1662
1664
1666
1667
1668
1669
1671
1672
1675
1676
1677
1678
1680
1682
1684
1685
1686
1687
1690
1691
1692
1694
1695
1696
1698
1700
1701
1703
1704
1705
1707
1708
1711
1712
1713
1714
1716
1718
1719
1720
1722
1724
1725
1726
1728
1730
1732
1733
1734
1735
1737
1739
1741
1742
1744
1745
1746
1747
1749
1751
1752
1754
1756
1757
1758
1760
1761
1763
1764
1765
1767
1768
1771
1772
1773
1774
1776
1777
1780
1781
1782
1784
1785
1786
1788
1790
1791
1793
1794
1795
1797
1798
1801
1802
1803
1805
1806
1808
1810
1811
1813
1814
1815
1816
1818
1819
1821
1822
1824
1825
1828
1829
1830
1832
1833
1834
1836
1838
1839
1840
1842
1844
1845
1847
1849
1850
1851
1852
1854
1855
1858
1859
1861
1862
1864
1865
1866
1868
1869
1870
1872
1874
1875
1877
1879
1880
1882
1883
1884
1885
1887
1888
1890
1892
1893
1894
1896
1898
1899
1900
1902
1904
1905
1906
1908
1909
1912
1913
1914
1915
1917
1919
1920
1921
1924
1925
1926
1927
1930
1931
1932
1934
1935
1936
1938
1940
1942
1943
1945
1946
1947
1949
1950
1951
1953
1954
1956
1957
1960
1961
1962
1964
1966
1967
1968
1969
1971
1972
1975
1976
1977
1979
1980
1981
1983
1984
1986
1987
1989
1990
1992
1993
1995
1997
1998
2000
2001
2003
2004
2006
2007
2008
2011
2012
2014
2015
2016
2017
2019
2021
2023
2024
2026
2027
2029
2030
2031
2033
2035
2036
2037
2039
2040
2042
2043
2045
2047
2048
2050
2051
2053
2054
2055
2057
2059
2060
2062
2063
2065
2066
2067
2069
2070
2071
2074
2075
2076
2077
2080
2081
2082
2084
2085
2086
2088
2089
2091
2093
2094
2095
2097
2099
2100
2101
2103
2104
2106
2107
2109
2111
2113
2114
2116
2117
2118
2120
2122
2123
2124
2125
2128
2129
2130
2132
2134
2135
2136
2137
2140
2141
2142
2144
2145
2147
2148
2150
2151
2152
2155
2156
2157
2159
2161
2162
2163
2165
2167
2168
2169
2170
2172
2174
2175
2176
2178
2179
2181
2183
2185
2186
2188
2189
2190
2191
2193
2194
2196
2198
2199
2200
2202
2204
2205
2206
2208
2209
2212
2213
2214
2215
2217
2219
2220
2222
2223
2224
2227
2228
2229
2230
2233
2234
2235
2236
2239
2240
2241
2243
2244
2246
2247
2249
2250
2252
2254
2255
2256
2257
2260
2261
2262
2264
2265
2266
2268
2270
2272
2273
2274
2275
2278
2279
2280
2282
2283
2284
2286
2288
2289
2290
2292
2293
2296
2297
2299
2300
2301
2302
2305
2306
2307
2309
2310
2312
2313
2314
2316
2318
2319
2321
2322
2324
2325
2327
2328
2330
2331
2333
2334
2335
2337
2338
2340
2342
2343
2345
2347
2348
2349
2350
2352
2354
2355
2356
2359
2360
2362
2363
2365
2366
2367
2369
2370
2372
2373
2375
2376
2377
2379
2381
2382
2383
2385
2387
2389
2390
2391
2392
2394
2395
2398
2399
2400
2401
2403
2404
2406
2407
2410
2411
2413
2414
2416
2417
2418
2419
2421
2422
2424
2425
2427
2429
2431
2432
2433
2434
2436
2438
2440
2441
2442
2444
2445
2447
2448
2449
2451
2452
2455
2456
2457
2459
2461
2462
2463
2465
2466
2467
2469
2471
2472
2473
2475
2477
2478
2479
2481
2483
2485
2486
2488
2489
2491
2492
2493
2494
2497
2498
2500
2501
2502
2503
2505
2506
2508
2510
2511
2512
2514
2515
2517
2518
2520
2521
2523
2524
2526
2528
2530
2531
2532
2534
2535
2537
2538
2539
2541
2542
2544
2545
2547
2549
2550
2552
2553
2555
2556
2558
2559
2561
2562
2564
2565
2566
2568
2570
2571
2572
2575
2576
2577
2579
2580
2581
2583
2584
2587
2588
2589
2590
2592
2593
2595
2597
2598
2599
2602
2603
2604
2606
2607
2609
2610
2612
2613
2614
2616
2617
2619
2620
2622
2624
2625
2626
2628
2629
2632
2633
2634
2635
2637
2639
2640
2642
2643
2644
2646
2648
2649
2651
2653
2654
2655
2657
2658
2659
2661
2662
2664
2665
2667
2668
2670
2672
2673
2674
2677
2678
2679
2681
2682
2683
2685
2686
2689
2690
2691
2692
2694
2696
2698
2699
2700
2702
2703
2705
2706
2707
2709
2710
2712
2714
2715
2716
2719
2720
2722
2723
2725
2726
2727
2728
2731
2732
2733
2735
2736
2737
2739
2740
2743
2744
2746
2747
2748
2750
2751
2753
2755
2756
2757
2759
2761
2762
2763
2764
2766
2768
2769
2770
2772
2774
2775
2777
2778
2779
2781
2787
2788
2791
2792
2793
2795
2796
2798
2799
2800
2801
2805
2806
2807
2812
2816
2819
2821
2823
2827
2828
2829
2835
2838
2839
2840
2841
2842
2847
2848
2850
2853
2854
2855
2856
2857
2858
2859
2861
2863
2865
2867
2868
2872
2875
2880
2882
2891
2894
2895
2896
2903
2904
2905
2906
2908
2909
2912
2918
2920
2925
2926
2929
2930
2932
2936
2942
2943
2946
2949
2952
2953
2957
2960
2961
2962
2964
2966
2971
2973
2974
2977
