s vc 53444 10918
32768
2
3
32770
5
32772
7
32773
9
32775
11
32778
13
32779
15
32781
17
32783
19
32785
21
32787
23
32789
25
32791
27
32794
29
32795
31
32797
33
32799
35
32801
37
32803
39
32805
41
32808
43
32810
45
32811
47
32813
49
32815
51
32817
53
32820
55
32821
57
32824
59
32825
61
32827
63
32829
65
32832
67
32833
69
32836
71
32838
73
32839
75
32841
77
32843
79
32845
81
32848
83
32849
85
32852
87
32854
89
32855
91
32857
93
32859
95
32862
97
32863
99
32865
101
32867
103
32869
105
32872
107
32874
109
32875
111
32878
113
32879
115
32882
117
32884
119
32886
121
32888
123
32890
125
32891
127
32893
32896
130
131
32897
133
32900
135
32901
137
32903
139
32906
141
32907
143
32909
145
32911
147
32913
149
32915
151
32917
153
32919
155
32922
157
32923
159
32926
161
32928
163
32930
165
32932
167
32933
169
32936
171
32937
173
32940
175
32941
177
32944
179
32945
181
32947
183
32950
185
32951
187
32953
189
32955
191
193
195
197
199
201
203
205
207
209
211
11333
11335
11337
11338
11340
11342
11345
11346
11348
11351
11352
11355
11357
11358
11360
11363
11365
11367
11368
11371
11373
11374
11376
11379
11380
11383
11385
11387
11388
11391
11392
11395
11397
11398
11401
11402
11405
11406
11409
11411
11413
11414
11416
11418
11420
11423
11425
11426
11428
11431
11433
11434
11436
11439
11440
11443
11444
11447
11449
11451
11453
11454
11457
11459
11460
11463
11465
11466
11468
11471
11472
11475
11476
11478
11480
11482
11485
11486
11488
11490
11492
11495
11497
11499
11500
11502
11505
11506
11509
11510
11512
11514
11517
11518
11521
11522
11524
11527
11529
11531
11532
11535
11537
11539
11542
11543
11546
11548
11549
11551
11554
11556
11557
11560
11561
11563
11566
11567
11570
11571
11574
11575
11577
11579
11582
11584
11586
11587
11590
11592
11593
11596
11597
11599
11601
11604
11606
11607
11610
11611
11614
11615
11618
11619
11621
11623
11626
11627
11629
11631
11633
11636
11637
11639
11641
11643
11645
11647
11649
11651
11654
11656
11658
11660
11662
11664
11666
11667
11670
11672
11673
11676
11677
11679
11682
11683
11686
11687
11689
11691
11693
11696
11698
11699
11702
11704
11706
11708
11709
11711
11713
11715
11718
11719
11722
11723
11725
11728
11729
11732
11734
11735
11737
11740
11741
11744
11746
11747
11750
11751
11753
11756
11757
11759
11762
11763
11765
11768
11769
11771
11774
11776
11777
11779
11782
11784
11786
11788
11789
11792
11793
11795
11797
11800
11802
11804
11806
11808
11809
11811
11814
11815
11818
11819
11822
11824
11825
11828
11830
11831
11833
11835
11837
11839
11841
11844
11845
11848
11849
11851
11853
11855
11857
11859
11862
11864
11866
11868
11869
11872
11873
11876
11878
11880
11881
11883
11885
11887
11889
11892
11894
11896
11898
11899
11902
11904
11905
11907
11909
11912
11914
11916
11918
11919
11921
11924
11925
11927
11930
11932
11934
11935
11938
11939
11942
11944
11945
11947
11949
11951
11953
11955
11958
11959
11962
11963
11966
11968
11970
11972
11973
11976
11977
11980
11982
11983
11985
11988
11990
11992
11994
11995
11997
12000
12001
12003
12005
12008
12009
12011
12014
12016
12017
12020
12022
12024
12025
12027
12030
12032
12033
12035
12038
12039
12041
12043
12045
12048
12050
12052
12053
12056
12057
12059
12062
12064
12066
12067
12069
12072
12074
12075
12078
12079
12082
12083
12085
12087
12089
12091
12093
12096
12098
12100
12102
12103
12105
12107
12110
12111
12113
12115
12118
12120
12121
12124
12125
12128
12129
12132
12133
12136
12137
12139
12142
12143
12145
12147
12149
12152
12153
12156
12158
12159
12162
12164
12165
12167
12170
12171
12173
12176
12177
12180
12182
12184
12186
12187
12190
12191
12193
12196
12197
12199
12201
12203
12206
12208
12210
12212
12214
12216
12217
12219
12221
12224
12226
12228
12229
12232
12233
12236
12238
12239
12241
12244
12246
12247
12250
12251
12253
12256
12257
12259
12262
12263
12265
12268
12270
12272
12274
12275
12277
12280
12282
12284
12285
12288
12290
12292
12294
12295
12298
12299
12302
12304
12306
12307
12310
12311
12313
12315
12317
12319
12322
12323
12326
12327
12330
12331
12333
12336
12337
12340
12342
12344
12346
12348
12350
12352
12353
12356
12357
12359
12361
12364
12366
12367
12369
12371
12374
12375
12377
12379
12381
12384
12385
12387
12389
12392
12394
12395
12397
12400
12402
12404
12406
12407
12409
12411
12413
12415
12417
12419
12422
12424
12426
12428
12430
12432
12433
12435
12438
12440
12442
12443
12446
12448
12450
12451
12453
12456
12457
12459
12461
12463
12465
12467
12469
12471
12473
12476
12478
12480
12481
12483
12485
12487
12489
12492
12494
12495
12498
12500
12502
12503
12506
12508
12510
12512
12513
12516
12518
12519
12522
12524
12526
12528
12529
12532
12534
12535
12538
12539
12541
12543
12545
12547
12550
12552
12553
12555
12557
12560
12561
12563
12566
12567
12569
12571
12573
12575
12577
12579
12581
12583
12586
12588
12590
12592
12594
12595
12598
12599
12601
12604
12606
12608
12610
12611
12614
12616
12618
12620
12621
12624
12626
12628
12629
12631
12633
12636
12638
12639
12641
12643
12646
12647
12649
12651
12654
12656
12658
12659
12661
12664
12666
12667
12669
12671
12674
12676
12677
12680
12681
12683
12685
12687
12690
12691
12694
12695
12698
12700
12701
12704
12706
12707
12710
12711
12714
12716
12717
12719
12722
12724
12725
12728
12729
12732
12734
12735
12738
12739
12742
12744
12745
12748
12750
12752
12753
12756
12758
12759
12762
12764
12765
12768
12770
12772
12774
12775
12778
12780
12782
12783
12785
12787
12789
12792
12793
12795
12798
12799
12801
12804
12805
12807
12809
12811
12813
12815
12818
12819
12821
12824
12825
12827
12829
12831
12834
12836
12837
12839
12842
12843
12845
12847
12850
12852
12854
12855
12858
12860
12862
12864
12865
12867
12869
12872
12873
12876
12878
12880
12881
12883
12886
12887
12890
12892
12893
12896
12897
12900
12901
12904
12905
12907
12910
12912
12914
12915
12918
12919
12922
12923
12925
12928
12930
12931
12934
12935
12937
12939
12942
12944
12946
12948
12949
12951
12953
12955
12958
12960
12961
12963
12966
12967
12970
12971
12973
12976
12977
12980
12982
12984
12985
12988
12989
12992
12993
12996
12997
12999
13002
13004
13005
13008
13009
13012
13014
13015
13017
13020
13021
13024
13025
13028
13029
13031
13034
13036
13037
13040
13041
13043
13046
13047
13049
13051
13054
13055
13058
13060
13062
13064
13066
13068
13070
13072
13073
13075
13078
13080
13082
13084
13085
13087
13090
13092
13093
13095
13097
13099
13101
13104
13105
13107
13109
13111
13114
13116
13117
13119
13122
13124
13125
13127
13130
13132
13134
13136
13137
13139
13142
13144
13145
13147
13150
13151
13154
13155
13157
13159
13162
13163
13165
13168
13170
13172
13173
13176
13177
13180
13182
13184
13185
13187
13190
13192
13194
13195
13197
13200
13202
13203
13206
13207
13209
13212
13213
13216
13218
13220
13221
13224
13225
13228
13229
13232
13233
13236
13238
13239
13242
13243
13245
13248
13250
13252
13253
13255
13257
13259
13261
13264
13266
13268
13270
13271
13273
13275
13278
13280
13282
13283
13285
13287
13289
13291
13293
13296
13297
13299
13301
13303
13305
13308
13309
13312
13313
13316
13318
13319
13322
13323
13325
13327
13329
13332
13333
13335
13337
13339
13342
13344
13345
13348
13350
13352
13353
13356
13358
13359
13361
13364
13366
13367
13370
13372
13373
13375
13378
13380
13382
13384
13386
13388
13389
13392
13394
13396
13397
13399
13402
13404
13405
13408
13409
13412
13414
13416
13418
13420
13421
13423
13426
13427
13430
13432
13433
13436
13438
13440
13442
13444
13446
13447
13449
13451
13454
13455
13458
13460
13462
13464
13465
13467
13469
13472
13474
13476
13478
13479
13481
13484
13486
13487
13490
13492
13494
13495
13497
13499
13501
13504
13505
13507
13510
13511
13514
13515
13518
13519
13522
13524
13526
13528
13530
13532
13533
13536
13537
13539
13541
13543
13545
13548
13550
13551
13554
13556
13558
13559
13561
13563
13565
13567
13570
13571
13573
13575
13578
13580
13581
13583
13585
13588
13589
13592
13594
13595
13598
13599
13602
13604
13605
13607
13610
13611
13614
13616
13617
13619
13621
13624
13625
13628
13630
13632
13633
13636
13638
13640
13642
13643
13645
13647
13649
13652
13653
13656
13657
13660
13662
13664
13666
13668
13670
13672
13674
13675
13678
13680
13682
13683
13685
13687
13690
13692
13693
13695
13697
13699
13701
13703
13706
13708
13709
13712
13713
13715
13718
13720
13722
13724
13726
13727
13730
13732
13733
13736
13737
13739
13742
13744
13745
13748
13749
13751
13754
13756
13758
13760
13762
13763
13765
13768
13770
13772
13774
13776
13777
13780
13782
13783
13786
13788
13790
13791
13793
13796
13797
13800
13802
13804
13805
13808
13810
13811
13813
13815
13817
13819
13821
13823
13825
13827
13829
13832
13833
13835
13837
13839
13841
13843
13845
13847
13850
13851
13854
13855
13858
13860
13862
13864
13866
13867
13870
13872
13874
13875
13878
13879
13882
13883
13885
13888
13889
13892
13893
13895
13898
13899
13902
13903
13906
13908
13910
13911
13913
13916
13918
13920
13922
13924
13925
13928
13929
13931
13933
13936
13938
13939
13941
13943
13946
13948
13950
13951
13953
13955
13958
13960
13961
13963
13966
13967
13969
13972
13973
13975
13978
13980
13981
13984
13986
13988
13989
13992
13994
13995
13997
13999
14002
14004
14006
14008
14010
14012
14013
14016
14017
14019
14021
14024
14025
14028
14030
14032
14033
14036
14037
14040
14041
14044
14046
14047
14050
14051
14054
14056
14058
14060
14062
14063
14065
14068
14070
14072
14073
14076
14078
14080
14082
14083
14085
14088
14089
14091
14093
14096
14098
14099
14102
14104
14105
14107
14110
14111
14114
14116
14118
14120
14122
14123
14125
14127
14130
14131
14133
14135
14138
14140
14142
14143
14145
14148
14149
14152
14153
14155
14157
14159
14162
14164
14165
14167
14169
14172
14173
14176
14178
14179
14182
14184
14186
14187
14190
14191
14193
14195
14198
14200
14201
14203
14205
14207
14210
14212
14213
14216
14218
14219
14221
14223
14225
14228
14230
14232
14234
14235
14237
14240
14241
14244
14246
14248
14250
14252
14253
14256
14258
14259
14261
14263
14266
14268
14269
14271
14273
14275
14278
14279
14282
14283
14286
14287
14289
14292
14293
14295
14297
14299
14302
14303
14306
14307
14309
14311
14313
14315
14318
14320
14322
14323
14325
14328
14330
14332
14334
14335
14337
14340
14342
14343
14346
14348
14349
14352
14354
14356
14357
14360
14361
14364
14366
14368
14369
14372
14374
14375
14378
14380
14381
14383
14385
14388
14390
14391
14393
14395
14397
14399
14402
14404
14405
14408
14409
14411
14414
14416
14418
14419
14421
14424
14426
14427
14430
14432
14433
14435
14437
14439
14442
14444
14445
14448
14450
14451
14453
14455
14458
14459
14461
14463
14465
14467
14469
14471
14474
14476
14477
14479
14482
14483
14486
14488
14489
14491
14493
14495
14497
14500
14501
14504
14505
14507
14509
14512
14514
14516
14517
14519
14521
14523
14525
14527
14530
14532
14534
14536
14538
14540
14541
14543
14546
14547
14550
14551
14554
14555
14557
14560
14561
14563
14565
14567
14570
14572
14574
14575
14578
14579
14582
14583
14586
14588
14589
14592
14593
14595
14597
14599
14601
14604
14606
14607
14610
14611
14614
14615
14617
14620
14622
14624
14626
14627
14629
14631
14634
14635
14638
14640
14642
14643
14645
14647
14649
14652
14654
14656
14657
14659
14662
14663
14665
14667
14670
14672
14674
14675
14677
14679
14681
14683
14685
14688
14690
14691
14693
14695
14697
14699
14702
14704
14705
14707
14709
14711
14713
14716
14717
14719
14722
14723
14725
14728
14729
14731
14733
14736
14738
14739
14741
14744
14745
14747
14750
14752
14754
14756
14758
14760
14762
14764
14766
14768
14769
14771
14773
14775
14777
14780
14781
14783
14786
14788
14789
14791
14793
14796
14798
14799
14802
14803
14805
14808
14810
14811
14813
14816
14817
14820
14821
14824
14825
14828
14829
14832
14833
14835
14837
14840
14841
14844
14846
14848
14849
14852
14853
14855
14857
14859
14861
14864
14866
14868
14869
14871
14873
14876
14878
14879
14881
14883
14885
14887
14889
14892
14894
14895
14897
14899
14901
14903
14905
14907
14910
14912
14913
14915
14918
14920
14921
14923
14926
14927
14929
14931
14933
14935
14938
14939
14941
14943
14945
14948
14950
14952
14954
14955
14958
14960
14961
14964
14966
14967
14969
14972
14973
14976
14978
14979
14981
14983
14986
14987
14990
14991
14994
14996
14997
14999
15001
15004
15005
15007
15010
15012
15013
15015
15017
15019
15022
15024
15026
15028
15029
15031
15034
15036
15037
15040
15041
15044
15045
15047
15050
15051
15054
15055
15057
15060
15061
15064
15065
15067
15070
15072
15074
15076
15078
15080
15081
15083
15086
15088
15090
15092
15093
15095
15097
15100
15102
15104
15105
15108
15110
15111
15113
15116
15118
15119
15121
15123
15126
15128
15130
15132
15133
15136
15137
15139
15141
15144
15145
15148
15150
15151
15153
15156
15157
15159
15161
15163
15165
15167
15170
15172
15173
15175
15177
15179
15182
15183
15185
15187
15190
15191
15194
15195
15197
15199
15202
15204
15205
15207
15210
15212
15214
15215
15217
15219
15222
15224
15226
15227
15229
15231
15234
15235
15238
15239
15242
15243
15245
15248
15250
15251
15254
15256
15257
15259
15261
15264
15266
15267
15269
15272
15273
15275
15277
15280
15282
15283
15285
15288
15289
15291
15293
15295
15298
15299
15302
15303
15306
15308
15310
15312
15314
15316
15317
15319
15321
15324
15326
15328
15329
15331
15334
15336
15338
15340
15341
15343
15345
15347
15350
15351
15353
15356
15358
15360
15361
15363
15365
15368
15369
15371
15374
15375
15377
15379
15382
15383
15386
15387
15390
15392
15393
15396
15397
15400
15402
15403
15405
15408
15409
15411
15414
15415
15418
15419
15422
15423
15426
15428
15430
15432
15433
15436
15437
15440
15441
15443
15445
15448
15449
15451
15453
15455
15457
15460
15461
15463
15466
15467
15470
15471
15474
15476
15477
15480
15482
15483
15486
15488
15489
15491
15494
15496
15497
15500
15501
15503
15506
15508
15509
15511
15513
15515
15517
15519
15522
15524
15525
15528
15529
15531
15534
15535
15538
15539
15542
15544
15546
15547
15550
15552
15554
15555
15557
15560
15561
15564
15565
15568
15570
15571
15573
15575
15577
15579
15581
15583
15586
15587
15590
15592
15594
15596
15597
15600
15602
15603
15606
15607
15609
15612
15613
15616
15618
15619
15621
15623
15625
15628
15629
15632
15634
15635
15637
15640
15641
15643
15645
15648
15649
15652
15654
15655
15657
15660
15661
15664
15665
15667
15669
15671
15673
15676
15677
15680
15682
15684
15685
15688
15689
15691
15693
15695
15697
15699
15701
15704
15705
15707
15709
15712
15713
15715
15718
15720
15722
15724
15726
15728
15730
15731
15734
15736
15738
15740
15741
15743
15745
15747
15749
15752
15754
15756
15758
15759
15761
15763
15765
15767
15769
15772
15774
15776
15778
15780
15782
15784
15786
15788
15789
15792
15793
15795
15797
15799
15802
15803
15805
15807
15809
15812
15814
15815
15818
15820
15822
15824
15825
15827
15829
15832
15834
15836
15838
15839
15842
15843
15845
15848
15849
15851
15854
15855
15858
15860
15862
15864
15866
15868
15869
15872
15874
15875
15877
15880
15881
15883
15886
15887
15890
15891
15893
15895
15898
15899
15901
15904
15905
15907
15910
15911
15914
15915
15918
15919
15922
15924
15925
15928
15929
15931
15933
15935
15937
15940
15941
15944
15945
15947
15950
15951
15954
15956
15957
15960
15961
15964
15965
15968
15969
15972
15974
15976
15977
15980
15982
15984
15986
15987
15990
15991
15994
15996
15998
16000
16002
16003
16006
16007
16009
16012
16014
16015
16018
16020
16022
16024
16025
16027
16029
16032
16034
16035
16038
16040
16041
16043
16046
16048
16050
16051
16054
16055
16058
16060
16061
16064
16066
16068
16069
16072
16074
16076
16078
16079
16081
16084
16085
16088
16089
16091
16093
16096
16097
16100
16101
16103
16106
16108
16110
16111
16113
16115
16118
16120
16121
16124
16125
16127
16130
16131
16133
16135
16137
16139
16142
16144
16145
16147
16150
16151
16153
16155
16157
16159
16161
16164
16166
16168
16170
16171
16173
16176
16177
16180
16181
16184
16185
16188
16190
16192
16193
16195
16197
16200
16201
16203
16205
16208
16209
16211
16214
16215
16218
16219
16222
16223
16225
16227
16230
16231
16234
16235
16237
16239
16241
16243
16246
16248
16250
16252
16253
16255
16258
16259
16262
16263
16265
16267
16270
16271
16273
16275
16277
16279
16281
16284
16286
16288
16290
16292
16294
16296
16298
16299
16301
16303
16306
16307
16309
16311
16313
16315
16318
16319
16322
16324
16325
16327
16329
16331
16333
16336
16338
16339
16342
16344
16345
16347
16350
16351
16354
16356
16358
16359
16361
16363
16365
16368
16370
16371
16374
16375
16378
16380
16381
16383
16386
16388
16389
16391
16393
16395
16398
16399
16402
16404
16406
16408
16409
16411
16413
16416
16418
16419
16422
16424
16425
16427
16430
16431
16434
16435
16437
16439
16442
16444
16445
16448
16450
16452
16453
16455
16458
16460
16462
16464
16466
16467
16469
16472
16474
16475
16478
16480
16481
16483
16485
16487
16490
16491
16494
16496
16498
16500
16502
16503
16505
16508
16509
16512
16513
16516
16517
16519
16522
16524
16525
16528
16530
16532
16534
16536
16538
16539
16542
16543
16546
16548
16549
16552
16554
16555
16557
16559
16562
16564
16565
16567
16570
16571
16574
16576
16578
16579
16582
16583
16585
16588
16589
16591
16593
16595
16597
16600
16601
16604
16606
16607
16610
16612
16614
16616
16617
16620
16622
16624
16626
16627
16629
16631
16634
16635
16638
16639
16641
16643
16646
16648
16649
16651
16653
16655
16657
16660
16661
16663
16665
16667
16669
16672
16674
16675
16677
16680
16681
16683
16685
16687
16690
16692
16694
16695
16698
16700
16701
16703
16706
16707
16709
16711
16713
16716
16717
16720
16722
16724
16725
16728
16729
16731
16733
16736
16737
16739
16741
16744
16745
16748
16749
16751
16754
16756
16758
16760
16762
16763
16766
16768
16770
16772
16774
16775
16777
16779
16782
16784
16786
16788
16790
16791
16794
16796
16797
16799
16801
16804
16806
16808
16810
16812
16814
16816
16818
16819
16821
16823
16825
16827
16830
16831
16834
16835
16838
16839
16841
16843
16845
16848
16849
16851
16854
16856
16858
16860
16862
16863
16866
16867
16869
16871
16873
16876
16877
16880
16882
16884
16886
16887
16889
16892
16894
16895
16898
16900
16902
16904
16905
16907
16910
16912
16913
16915
16917
16920
16922
16924
16925
16928
16930
16931
16934
16936
16937
16940
16941
16944
16946
16948
16950
16952
16954
16956
16958
16960
16961
16963
16965
16968
16970
16971
16974
16976
16978
16979
16981
16983
16985
16988
16990
16991
16994
16996
16998
16999
17002
17004
17006
17007
17009
17012
17013
17015
17017
17020
17022
17024
17025
17027
17029
17031
17034
17035
17037
17039
17042
17044
17045
17047
17049
17051
17053
17055
17058
17060
17061
17063
17066
17067
17069
17072
17073
17075
17078
17080
17081
17084
17085
17087
17089
17091
17094
17095
17097
17100
17101
17103
17106
17108
17109
17112
17113
17116
17117
17120
17122
17124
17125
17127
17129
17131
17134
17136
17137
17139
17142
17143
17145
17147
17150
17151
17153
17155
17158
17160
17161
17163
17166
17167
17169
17171
17174
17175
17178
17180
17182
17183
17186
17188
17190
17192
17194
17196
17197
17200
17202
17204
17205
17208
17210
17212
17213
17215
17218
17219
17221
17224
17225
17228
17229
17231
17234
17235
17237
17239
17241
17244
17245
17248
17250
17252
17254
17256
17258
17260
17262
17263
17265
17268
17269
17271
17274
17275
17278
17280
17281
17283
17285
17288
17290
17292
17293
17295
17297
17299
17301
17303
17305
17308
17309
17311
17313
17315
17317
17319
17321
17324
17325
17328
17330
17331
17333
17336
17338
17340
17341
17343
17345
17348
17350
17352
17354
17355
17357
17359
17362
17363
17365
17368
17369
17371
17373
17376
17377
17379
17382
17383
17386
17388
17390
17391
17394
17396
17398
17399
17401
17404
17405
17407
17410
17412
17413
17415
17417
17420
17421
17424
17425
17427
17430
17432
17434
17435
17437
17440
17441
17443
17445
17447
17449
17452
17453
17455
17457
17459
17461
17463
17465
17468
17469
17472
17474
17475
17478
17480
17481
17483
17486
17487
17489
17492
17493
17496
17497
17499
17502
17503
17506
17507
17510
17512
17514
17515
17517
17519
17521
17523
17525
17527
17529
17532
17533
17536
17537
17539
17541
17544
17546
17547
17549
17551
17553
17555
17557
17560
17562
17563
17566
17567
17570
17572
17573
17575
17578
17580
17581
17584
17585
17588
17590
17592
17594
17596
17597
17599
17601
17604
17605
17607
17610
17612
17614
17615
17618
17620
17622
17623
17626
17627
17630
17632
17634
17635
17637
17640
17642
17644
17646
17647
17650
17651
17653
17655
17658
17660
17662
17664
17666
17668
17670
17671
17673
17676
17677
17679
17682
17683
17685
17688
17690
17692
17693
17696
17698
17700
17702
17703
17706
17708
17709
17712
17713
17716
17717
17719
17722
17724
17725
17728
17729
17732
17733
17735
17738
17740
17742
17743
17746
17748
17749
17752
17754
17756
17758
17759
17762
17764
17765
17768
17769
17771
17773
17775
17777
17779
17781
17784
17785
17788
17789
17792
17793
17795
17798
17799
17802
17803
17805
17808
17810
17812
17814
17815
17817
17820
17821
17823
17826
17827
17829
17832
17833
17835
17838
17840
17841
17843
17845
17848
17849
17851
17854
17855
17857
17859
17862
17864
17866
17868
17869
17872
17873
17875
17878
17879
17881
17883
17885
17888
17890
17892
17893
17895
17897
17900
17902
17904
17906
17907
17909
17912
17914
17916
17917
17920
17921
17923
17926
17928
17930
17932
17933
17936
17937
17940
17941
17943
17945
17948
17950
17952
17953
17955
17957
17959
17961
17964
17965
17967
17969
17971
17974
17975
17977
17979
17981
17983
17985
17988
17989
17992
17993
17995
17998
17999
18002
18003
18006
18007
18009
18012
18014
18015
18017
18020
18022
18023
18026
18028
18030
18032
18033
18035
18037
18040
18041
18043
18045
18047
18049
18052
18053
18055
18057
18059
18061
18063
18065
18068
18070
18071
18073
18075
18077
18080
18082
18084
18086
18087
18089
18091
18094
18095
18097
18099
18102
18104
18106
18107
18109
18111
18113
18115
18118
18120
18121
18123
18126
18127
18130
18131
18134
18136
18137
18139
18142
18143
18146
18147
18149
18151
18154
18156
18157
18160
18162
18164
18166
18168
18170
18172
18174
18175
18177
18179
18181
18184
18186
18188
18190
18191
18194
18196
18198
18200
18201
18204
18206
18207
18209
18211
18213
18215
18217
18219
18222
18223
18225
18228
18230
18232
18234
18235
18237
18240
18242
18244
18245
18248
18249
18252
18254
18256
18257
18259
18262
18263
18266
18267
18269
18272
18274
18275
18277
18279
18281
18284
18286
18287
18290
18291
18294
18296
18297
18299
18302
18304
18305
18308
18309
18311
18314
18315
18318
18320
18321
18324
18326
18328
18330
18331
18333
18336
18337
18339
18342
18344
18346
18347
18349
18351
18354
18356
18357
18360
18362
18363
18366
18367
18369
18371
18373
18376
18377
18380
18381
18384
18386
18388
18390
18391
18393
18395
18397
18399
18401
18403
18406
18407
18409
18412
18413
18415
18418
18420
18421
18424
18425
18427
18430
18432
18434
18435
18438
18440
18441
18444
18445
18448
18450
18451
18453
18456
18458
18459
18462
18464
18466
18467
18470
18471
18474
18475
18478
18480
18481
18483
18486
18487
18490
18492
18494
18495
18497
18499
18501
18503
18505
18508
18509
18512
18513
18515
18517
18519
18521
18523
18526
18527
18530
18531
18533
18535
18537
18540
18541
18544
18546
18548
18549
18551
18554
18556
18558
18559
18562
18564
18565
18567
18569
18571
18573
18576
18578
18579
18581
18584
18585
18587
18590
18591
18594
18595
18598
18600
18601
18604
18605
18608
18610
18612
18613
18616
18617
18619
18621
18624
18625
18628
18629
18631
18633
18636
18637
18640
18642
18644
18646
18647
18649
18651
18654
18655
18657
18660
18661
18663
18666
18668
18669
18671
18673
18676
18677
18680
18682
18684
18686
18687
18690
18691
18693
18695
18698
18699
18702
18704
18706
18707
18710
18712
18713
18715
18717
18719
18722
18724
18725
18727
18729
18732
18733
18736
18738
18739
18741
18744
18745
18748
18749
18752
18753
18756
18757
18760
18761
18763
18765
18768
18770
18772
18774
18776
18777
18779
18782
18783
18786
18788
18790
18792
18794
18796
18798
18799
18802
18804
18806
18807
18809
18811
18813
18815
18818
18820
18822
18823
18825
18827
18829
18832
18834
18835
18837
18839
18841
18844
18845
18847
18849
18851
18854
18856
18858
18859
18861
18863
18865
18868
18869
18872
18874
18875
18878
18879
18881
18883
18886
18887
18890
18891
18893
18895
18898
18899
18902
18904
18905
18908
18909
18911
18913
18916
18918
18919
18921
18923
18925
18928
18930
18931
18934
18936
18937
18939
18941
18944
18946
18947
18949
18951
18954
18956
18958
18960
18962
18964
18966
18968
18969
18972
18974
18976
18978
18980
18982
18983
18986
18987
18989
18992
18993
18996
18997
19000
19001
19003
19005
19008
19010
19012
19013
19015
19017
19020
19021
19023
19025
19028
19030
19031
19033
19035
19038
19039
19041
19044
19046
19047
19049
19052
19054
19056
19058
19060
19061
19064
19066
19067
19070
19071
19074
19075
19077
19080
19082
19084
19086
19088
19089
19091
19093
19096
19098
19100
19101
19104
19105
19108
19110
19112
19114
19116
19118
19119
19122
19123
19125
19128
19130
19131
19133
19135
19138
19140
19141
19144
19145
19147
19149
19152
19153
19156
19158
19160
19162
19164
19166
19168
19170
19171
19173
19175
19177
19179
19182
19183
19186
19188
19190
19192
19193
19196
19198
19199
19201
19204
19205
19207
19210
19211
19214
19216
19217
19219
19221
19224
19225
19228
19230
19232
19233
19235
19237
19239
19242
19244
19246
19247
19250
19252
19254
19256
19258
19259
19262
19264
19265
19268
19270
19271
19274
19276
19278
19279
19281
19284
19285
19287
19289
19291
19293
19296
19298
19299
19301
19304
19305
19308
19310
19311
19313
19315
19317
19320
19322
19323
19325
19328
19330
19332
19333
19336
19338
19340
19341
19343
19345
19347
19350
19351
19353
19355
19357
19360
19362
19364
19365
19367
19369
19371
19374
19375
19378
19379
19381
19384
19386
19388
19390
19392
19393
19396
19397
19400
19402
19404
19406
19408
19409
19412
19413
19415
19418
19419
19421
19423
19426
19427
19429
19432
19433
19435
19438
19439
19441
19443
19446
19447
19449
19451
19453
19456
19457
19459
19461
19464
19465
19467
19470
19472
19474
19476
19478
19480
19481
19483
19485
19488
19489
19492
19493
19496
19497
19500
19502
19504
19505
19508
19509
19512
19514
19515
19518
19519
19522
19524
19526
19527
19529
19531
19534
19536
19538
19539
19541
19543
19545
19547
19550
19552
19554
19556
19558
19560
19562
19563
19566
19567
19569
19571
19574
19576
19578
19579
19581
19584
19585
19588
19589
19591
19593
19595
19598
19600
19601
19604
19605
19608
19609
19611
19614
19615
19617
19619
19622
19623
19625
19627
19630
19632
19633
19636
19638
19640
19642
19643
19645
19647
19650
19651
19654
19656
19658
19660
19661
19663
19666
19668
19669
19672
19673
19675
19677
19680
19682
19683
19686
19687
19690
19691
19693
19695
19698
19700
19701
19704
19706
19708
19710
19711
19713
19715
19717
19720
19721
19724
19725
19728
19729
19732
19733
19735
19737
19740
19741
19744
19746
19748
19749
19752
19753
19756
19757
19760
19762
19763
19765
19768
19770
19772
19774
19775
19777
19779
19782
19783
19786
19787
19789
19791
19794
19795
19797
19799
19801
19804
19805
19808
19809
19811
19814
19816
19818
19820
19822
19823
19826
19827
19829
19832
19833
19835
19837
19839
19842
19844
19845
19848
19849
19852
19853
19856
19858
19860
19862
19863
19865
19867
19870
19872
19873
19876
19878
19880
19882
19884
19885
19888
19889
19891
19893
19895
19897
19900
19901
19903
19905
19907
19910
19911
19913
19915
19918
19920
19921
19924
19925
19927
19929
19932
19934
19936
19938
19940
19942
19943
19946
19948
19949
19951
19954
19956
19958
19959
19962
19964
19965
19968
19969
19972
19974
19976
19977
19980
19981
19983
19985
19987
19990
19991
19993
19995
19998
20000
20002
20004
20006
20008
20009
20012
20013
20016
20017
20020
20021
20024
20026
20027
20030
20031
20033
20035
20038
20040
20041
20043
20046
20048
20050
20052
20053
20055
20057
20060
20062
20064
20066
20067
20069
20072
20074
20076
20078
20079
20081
20084
20086
20088
20090
20092
20093
20096
20098
20100
20101
20103
20106
20107
20109
20112
20113
20116
20117
20119
20122
20124
20125
20128
20130
20131
20134
20136
20137
20140
20141
20143
20146
20147
20149
20152
20154
20156
20158
20160
20161
20163
20166
20167
20169
20172
20174
20175
20177
20180
20182
20184
20185
20188
20190
20192
20194
20195
20198
20200
20201
20204
20205
20208
20209
20212
20214
20216
20217
20220
20222
20223
20226
20228
20229
20231
20234
20235
20238
20240
20241
20244
20245
20247
20249
20251
20254
20256
20258
20259
20262
20264
20266
20268
20269
20271
20274
20276
20277
20279
20281
20284
20285
20287
20290
20292
20294
20295
20298
20300
20301
20304
20305
20307
20310
20311
20313
20316
20318
20319
20321
20323
20326
20328
20330
20331
20333
20335
20338
20340
20341
20344
20346
20348
20349
20352
20354
20356
20358
20360
20361
20364
20366
20367
20370
20371
20373
20375
20377
20380
20381
20384
20385
20388
20389
20391
20393
20396
20398
20400
20402
20403
20406
20407
20409
20412
20414
20416
20417
20419
20422
20423
20426
20428
20429
20432
20434
20435
20438
20440
20441
20444
20446
20448
20449
20451
20453
20456
20458
20460
20462
20463
20466
20467
20469
20471
20474
20475
20478
20480
20481
20483
20485
20487
20490
20491
20494
20496
20497
20499
20501
20504
20506
20507
20509
20512
20514
20515
20517
20520
20522
20523
20525
20528
20530
20531
20534
20536
20537
20539
20541
20544
20546
20548
20550
20551
20553
20556
20558
20560
20561
20564
20565
20567
20570
20572
20574
20575
20577
20580
20581
20584
20585
20588
20589
20592
20594
20595
20597
20599
20602
20604
20606
20608
20610
20611
20613
20616
20618
20619
20621
20623
20625
20628
20629
20632
20634
20635
20637
20640
20642
20643
20645
20647
20650
20651
20654
20655
20657
20660
20661
20664
20666
20667
20669
20672
20674
20675
20677
20679
20681
20684
20686
20688
20690
20692
20693
20695
20697
20700
20702
20704
20706
20707
20710
20711
20714
20716
20717
20719
20721
20724
20725
20728
20730
20732
20734
20735
20737
20740
20742
20744
20746
20747
20749
20752
20753
20756
20757
20760
20761
20763
20766
20768
20769
20772
20773
20775
20777
20779
20781
20784
20786
20787
20789
20792
20793
20795
20797
20799
20801
20803
20805
20807
20809
20811
20813
20816
20818
20819
20821
20823
20825
20828
20829
20831
20834
20836
20838
20840
20841
20843
20845
20847
20850
20851
20854
20855
20857
20860
20862
20863
20865
20868
20870
20872
20874
20875
20877
20880
20881
20883
20885
20887
20889
20891
20894
20896
20897
20900
20902
20903
20906
20908
20910
20911
20913
20915
20918
20919
20922
20924
20925
20928
20929
20931
20933
20936
20937
20940
20942
20944
20945
20947
20950
20952
20953
20956
20957
20960
20961
20964
20965
20968
20969
20972
20974
20976
20978
20979
20981
20983
20985
20988
20989
20991
20993
20995
20998
20999
21002
21003
21005
21008
21010
21012
21014
21015
21017
21020
21021
21024
21026
21027
21029
21032
21033
21035
21037
21039
21041
21043
21046
21047
21050
21051
21053
21055
21058
21060
21062
21064
21066
21068
21069
21072
21073
21076
21078
21080
21081
21083
21085
21088
21090
21091
21094
21095
21097
21100
21102
21104
21105
21107
21110
21111
21114
21116
21118
21120
21121
21124
21125
21127
21129
21132
21133
21135
21137
21140
21142
21143
21146
21147
21149
21151
21153
21155
21158
21160
21161
21164
21165
21167
21170
21171
21173
21175
21178
21179
21182
21183
21185
21188
21189
21191
21194
21196
21198
21200
21202
21203
21205
21207
21210
21211
21213
21216
21218
21219
21221
21223
21226
21227
21230
21232
21233
21235
21238
21240
21241
21244
21246
21247
21250
21252
21253
21256
21257
21260
21261
21263
21266
21267
21269
21271
21274
21276
21277
21279
21282
21283
21285
21287
21290
21291
21293
21295
21298
21300
21302
21303
21305
21308
21310
21311
21313
21315
21318
21319
21321
21323
21325
21328
21330
21331
21334
21335
21337
21340
21341
21343
21346
21348
21349
21352
21353
21356
21357
21359
21361
21364
21365
21367
21369
21372
21373
21376
21377
21380
21381
21384
21385
21388
21390
21392
21394
21396
21398
21399
21401
21403
21405
21407
21409
21412
21414
21415
21418
21420
21422
21423
21425
21428
21429
21432
21434
21436
21438
21439
21442
21443
21445
21447
21450
21452
21454
21455
21458
21459
21461
21464
21465
21467
21469
21472
21474
21476
21478
21480
21481
21484
21486
21487
21489
21492
21494
21496
21498
21500
21502
21504
21505
21508
21509
21512
21513
21515
21517
21519
21522
21523
21525
21528
21529
21532
21534
21536
21538
21539
21541
21543
21545
21547
21549
21551
21553
21556
21557
21560
21561
21564
21565
21568
21569
21572
21573
21575
21577
21580
21581
21584
21586
21588
21590
21591
21593
21595
21598
21600
21602
21604
21605
21608
21610
21611
21614
21616
21618
21620
21622
21623
21626
21628
21629
21631
21633
21635
21637
21639
21641
21643
21646
21648
21650
21652
21654
21655
21657
21659
21661
21663
21665
21667
21669
21671
21673
21675
21677
21680
21682
21683
21685
21687
21689
21691
21694
21696
21698
21699
21701
21703
21706
21708
21709
21711
21714
21715
21718
21719
21722
21723
21726
21728
21730
21731
21733
21735
21737
21740
21742
21744
21746
21748
21750
21751
21754
21755
21758
21760
21761
21763
21766
21767
21769
21772
21774
21775
21777
21779
21782
21784
21786
21787
21790
21792
21793
21795
21798
21800
21801
21804
21805
21807
21810
21811
21814
21816
21818
21820
21821
21823
21825
21827
21829
21832
21833
21836
21837
21839
21841
21843
21845
21847
21850
21852
21853
21856
21858
21859
21861
21863
21866
21868
21870
21871
21873
21876
21877
21879
21881
21883
21885
21888
21889
21891
21894
21896
21898
21900
21902
21903
21906
21907
21910
21911
21913
21915
21917
21920
21921
21924
21926
21928
21930
21932
21933
21935
21938
21939
21942
21943
21946
21948
21950
21951
21953
21956
21957
21959
21962
21963
21965
21968
21970
21972
21973
21975
21977
21979
21982
21983
21986
21988
21989
21991
21994
21996
21997
21999
22002
22003
22005
22008
22010
22012
22013
22015
22017
22019
22022
22023
22026
22027
22029
22032
22033
22036
22037
22039
22042
22044
22046
22048
22050
22051
22053
22056
22057
22059
22062
22063
22066
22067
22069
22072
22074
22076
22078
22079
22082
22083
22086
22087
22090
22092
22094
22096
22098
22100
22101
22104
22105
22108
22110
22112
22113
22116
22117
22119
22121
22124
22125
22128
22130
22131
22133
22136
22137
22139
22142
22143
22145
22148
22149
22151
22154
22155
22158
22159
22162
22164
22166
22168
22170
22171
22173
22176
22178
22179
22182
22183
22185
22187
22190
22191
22193
22196
22197
22199
22201
22204
22206
22207
22209
22212
22214
22215
22217
22220
22221
22223
22225
22228
22230
22232
22234
22235
22237
22240
22241
22243
22246
22248
22249
22251
22253
22255
22258
22260
22262
22263
22266
22268
22270
22271
22274
22275
22277
22280
22282
22283
22285
22287
22290
22291
22293
22296
22297
22300
22302
22304
22306
22307
22309
22311
22314
22315
22317
22320
22322
22324
22325
22328
22330
22331
22334
22336
22337
22339
22342
22343
22346
22348
22349
22352
22354
22356
22358
22360
22361
22364
22366
22368
22369
22371
22374
22376
22378
22379
22381
22384
22385
22387
22390
22392
22393
22396
22397
22399
22401
22404
22405
22407
22410
22411
22414
22415
22418
22419
22421
22423
22426
22427
22429
22431
22433
22435
22438
22439
22442
22444
22445
22447
22450
22452
22453
22456
22458
22460
22462
22464
22466
22468
22469
22472
22473
22475
22477
22479
22481
22484
22485
22487
22489
22491
22493
22495
22497
22500
22502
22503
22506
22508
22509
22511
22514
22516
22517
22520
22521
22524
22526
22527
22529
22531
22534
22536
22538
22540
22541
22544
22546
22548
22549
22552
22553
22556
22557
22560
22562
22563
22566
22568
22569
22571
22573
22576
22578
22579
22581
22583
22585
22587
22590
22592
22593
22596
22598
22599
22602
22603
22605
22607
22609
22611
22613
22615
22618
22620
22621
22624
22625
22627
22629
22632
22634
22635
22638
22639
22642
22643
22646
22647
22649
22652
22654
22655
22658
22659
22662
22664
22665
22668
22670
22671
22673
22676
22678
22679
22682
22684
22686
22688
22690
22691
22693
22695
22697
22700
22701
22703
22705
22707
22710
22711
22713
22715
22717
22719
22722
22723
22725
22728
22729
22732
22733
22736
22737
22740
22742
22743
22746
22748
22749
22752
22754
22755
22757
22759
22762
22764
22766
22767
22770
22772
22774
22776
22777
22779
22781
22784
22786
22787
22790
22792
22794
22796
22797
22799
22801
22803
22806
22808
22810
22811
22814
22815
22818
22820
22822
22824
22825
22827
22829
22832
22833
22835
22837
22839
22842
22844
22845
22848
22850
22851
22853
22855
22858
22859
22861
22863
22865
22868
22870
22872
22873
22876
22878
22880
22882
22883
22885
22887
22889
22892
22893
22896
22898
22899
22902
22903
22906
22907
22909
22912
22913
22916
22918
22920
22922
22924
22925
22927
22930
22931
22934
22935
22938
22939
22942
22943
22945
22947
22949
22952
22953
22956
22957
22960
22962
22964
22966
22968
22970
22972
22973
22975
22977
22980
22982
22983
22985
22988
22989
22992
22993
22995
22998
22999
23001
23004
23005
23007
23010
23011
23013
23016
23018
23020
23021
23023
23025
23028
23029
23032
23034
23036
23038
23040
23041
23044
23045
23047
23049
23052
23054
23056
23057
23060
23061
23064
23065
23068
23070
23072
23074
23076
23078
23079
23081
23084
23086
23087
23090
23092
23094
23095
23098
23099
23101
23103
23105
23108
23109
23112
23114
23116
23117
23119
23121
23124
23126
23127
23129
23131
23134
23135
23137
23139
23142
23144
23146
23148
23149
23151
23153
23155
23157
23159
23161
23164
23165
23168
23170
23171
23174
23176
23177
23180
23182
23184
23185
23187
23190
23191
23193
23196
23198
23199
23202
23204
23206
23208
23210
23212
23214
23216
23218
23220
23221
23223
23226
23227
23230
23232
23233
23236
23237
23240
23242
23243
23246
23248
23249
23251
23253
23256
23257
23259
23262
23263
23265
23268
23270
23272
23273
23275
23277
23280
23282
23284
23285
23287
23290
23291
23293
23296
23297
23299
23302
23304
23306
23307
23310
23311
23314
23315
23317
23319
23321
23324
23326
23328
23330
23331
23333
23336
23337
23339
23342
23344
23346
23347
23350
23352
23354
23356
23357
23359
23362
23364
23366
23368
23370
23372
23373
23376
23378
23380
23382
23383
23385
23387
23390
23392
23393
23396
23398
23399
23402
23403
23405
23407
23409
23412
23414
23415
23417
23420
23421
23423
23426
23428
23430
23431
23434
23436
23438
23439
23441
23443
23445
23448
23449
23451
23453
23456
23457
23459
23462
23463
23465
23468
23470
23471
23474
23476
23477
23480
23481
23483
23485
23488
23489
23491
23493
23496
23498
23499
23501
23503
23505
23508
23509
23511
23514
23516
23518
23519
23521
23523
23526
23527
23530
23531
23533
23536
23538
23540
23541
23544
23545
23547
23550
23552
23554
23556
23557
23559
23561
23563
23566
23567
23570
23571
23574
23575
23578
23580
23581
23583
23586
23587
23590
23592
23594
23596
23597
23599
23601
23603
23605
23607
23609
23611
23614
23615
23618
23620
23621
23623
23625
23627
23629
23631
23634
23635
23637
23639
23641
23644
23646
23647
23649
23651
23653
23656
23657
23660
23662
23664
23665
23668
23670
23671
23674
23675
23678
23680
23682
23684
23685
23687
23690
23691
23694
23696
23697
23699
23702
23704
23706
23707
23709
23711
23714
23715
23718
23720
23722
23724
23726
23728
23730
23732
23734
23736
23737
23740
23741
23744
23745
23748
23750
23751
23754
23755
23758
23759
23762
23764
23765
23767
23769
23772
23773
23776
23777
23780
23782
23784
23785
23788
23789
23792
23794
23795
23798
23800
23801
23804
23805
23807
23809
23811
23813
23815
23818
23820
23822
23823
23825
23828
23830
23831
23833
23835
23837
23839
23842
23843
23845
23847
23849
23851
23854
23856
23858
23859
23862
23863
23866
23867
23870
23871
23873
23875
23878
23879
23882
23884
23885
23887
23890
23891
23894
23895
23898
23899
23902
23903
23906
23907
23909
23911
23913
23916
23917
23919
23921
23924
23925
23927
23930
23931
23934
23936
23938
23939
23942
23944
23946
23948
23950
23952
23953
23955
23958
23960
23961
23964
23965
23967
23970
23971
23973
23976
23977
23979
23982
23984
23985
23987
23990
23992
23994
23995
23998
23999
24002
24004
24006
24007
24009
24011
24014
24016
24018
24019
24021
24024
24025
24027
24030
24032
24034
24035
24037
24039
24042
24044
24045
24047
24050
24052
24054
24055
24058
24059
24062
24063
24066
24067
24070
24072
24073
24076
24078
24080
24081
24083
24085
24088
24090
24092
24093
24095
24097
24100
24102
24103
24105
24108
24109
24111
24113
24115
24118
24120
24121
24123
24125
24128
24129
24132
24133
24135
24138
24140
24141
24144
24146
24148
24149
24151
24153
24156
24157
24159
24162
24164
24165
24168
24170
24171
24173
24175
24177
24179
24181
24184
24185
24188
24189
24192
24194
24195
24197
24199
24202
24204
24206
24207
24209
24212
24214
24216
24218
24219
24222
24224
24225
24228
24229
24231
24233
24236
24237
24239
24242
24244
24245
24247
24250
24251
24253
24255
24258
24260
24262
24264
24266
24267
24269
24272
24274
24275
24278
24280
24281
24283
24285
24288
24290
24291
24294
24295
24297
24299
24302
24304
24305
24307
24309
24312
24313
24315
24317
24319
24322
24324
24326
24328
24329
24332
24333
24335
24338
24340
24342
24343
24345
24347
24349
24351
24354
24355
24358
24360
24361
24363
24366
24367
24369
24371
24373
24375
24378
24380
24382
24383
24386
24387
24390
24391
24393
24395
24397
24399
24401
24403
24406
24407
24410
24412
24413
24415
24418
24420
24422
24424
24425
24427
24429
24431
24434
24435
24437
24440
24442
24444
24446
24448
24449
24452
24453
24456
24458
24459
24461
24463
24466
24468
24470
24472
24474
24476
24478
24480
24481
24483
24486
24488
24490
24491
24494
24496
24497
24500
24501
24504
24505
24508
24509
24512
24513
24516
24518
24519
24522
24523
24525
24527
24529
24531
24533
24535
24537
24540
24541
24543
24546
24548
24549
24552
24553
24556
24558
24559
24561
24563
24566
24568
24569
24572
24574
24575
24577
24579
24581
24584
24585
24588
24589
24591
24593
24596
24597
24600
24602
24603
24606
24607
24610
24611
24614
24615
24618
24620
24622
24623
24626
24627
24629
24632
24634
24636
24638
24639
24642
24644
24646
24648
24650
24651
24653
24655
24657
24659
24662
24664
24665
24668
24669
24671
24673
24675
24677
24679
24682
24684
24685
24688
24690
24691
24694
24696
24698
24700
24701
24704
24705
24707
24710
24712
24714
24715
24717
24720
24721
24724
24725
24727
24730
24731
24734
24736
24738
24740
24742
24744
24745
24748
24750
24752
24754
24755
24758
24759
24762
24764
24766
24768
24770
24771
24773
24776
24777
24780
24781
24784
24785
24788
24790
24792
24794
24795
24797
24800
24802
24804
24806
24808
24810
24811
24814
24816
24818
24819
24822
24824
24826
24828
24829
24832
24834
24836
24838
24839
24841
24844
24845
24848
24849
24851
24854
24855
24857
24859
24862
24863
24866
24868
24870
24871
24873
24876
24878
24880
24882
24884
24885
24888
24890
24892
24893
24896
24897
24899
24901
24903
24906
24908
24910
24911
24913
24916
24918
24920
24921
24924
24925
24928
24929
24932
24934
24936
24938
24940
24942
24944
24945
24948
24949
24952
24954
24955
24958
24960
24962
24964
24966
24967
24969
24972
24973
24975
24978
24979
24981
24983
24985
24987
24989
24991
24993
24995
24997
24999
25002
25004
25006
25008
25009
25011
25014
25015
25018
25019
25022
25023
25025
25027
25029
25032
25033
25036
25037
25040
25041
25043
25046
25047
25050
25051
25054
25055
25058
25059
25062
25064
25065
25068
25069
25071
25073
25076
25077
25079
25082
25083
25085
25087
25090
25091
25093
25096
25097
25099
25101
25104
25105
25108
25110
25111
25114
25115
25118
25120
25122
25123
25125
25127
25130
25131
25133
25135
25138
25140
25141
25143
25145
25148
25149
25151
25153
25156
25157
25159
25161
25163
25166
25168
25170
25171
25174
25175
25177
25180
25182
25183
25186
25188
25189
25192
25193
25196
25197
25200
25201
25203
25205
25208
25209
25211
25214
25216
25217
25220
25222
25223
25225
25227
25229
25231
25233
25236
25238
25240
25242
25243
25246
25247
25249
25251
25254
25255
25258
25260
25261
25263
25266
25267
25269
25272
25273
25276
25277
25280
25282
25284
25285
25288
25289
25291
25293
25296
25298
25300
25301
25303
25306
25308
25310
25312
25313
25316
25317
25320
25321
25323
25326
25327
25330
25331
25334
25335
25338
25339
25342
25344
25346
25347
25349
25351
25354
25355
25357
25359
25361
25363
25365
25368
25370
25371
25373
25375
25378
25379
25381
25383
25386
25387
25389
25391
25394
25396
25397
25400
25401
25403
25406
25408
25410
25411
25413
25416
25417
25419
25422
25423
25425
25428
25429
25431
25434
25436
25438
25439
25442
25444
25445
25448
25449
25451
25454
25456
25458
25459
25462
25464
25466
25467
25469
25472
25474
25476
25477
25479
25482
25484
25485
25488
25490
25492
25493
25496
25497
25500
25502
25503
25505
25507
25509
25511
25514
25515
25517
25519
25521
25524
25526
25528
25530
25531
25533
25535
25538
25540
25541
25543
25546
25547
25550
25552
25554
25556
25557
25560
25561
25563
25565
25568
25569
25572
25574
25576
25577
25580
25582
25584
25585
25588
25589
25591
25593
25595
25598
25599
25601
25603
25605
25607
25609
25611
25614
25615
25618
25619
25621
25623
25626
25627
25630
25632
25633
25635
25638
25640
25642
25643
25646
25648
25650
25651
25653
25655
25658
25659
25662
25664
25665
25668
25669
25671
25674
25675
25677
25680
25681
25684
25685
25688
25689
25691
25693
25696
25698
25699
25701
25703
25705
25708
25709
25711
25714
25716
25717
25719
25721
25723
25726
25728
25730
25731
25734
25735
25737
25740
25741
25744
25745
25748
25749
25751
25753
25755
25758
25759
25762
25764
25765
25767
25770
25772
25774
25775
25778
25780
25782
25784
25786
25788
25789
25791
25794
25796
25797
25800
25801
25804
25805
25807
25810
25812
25814
25815
25818
25819
25822
25823
25826
25828
25830
25832
25834
25836
25838
25840
25842
25843
25846
25847
25849
25851
25853
25855
25858
25859
25862
25863
25866
25867
25869
25872
25873
25876
25877
25879
25882
25884
25885
25887
25890
25892
25893
25896
25897
25900
25901
25903
25906
25907
25909
25911
25913
25916
25918
25919
25922
25924
25925
25927
25929
25931
25933
25935
25938
25939
25942
25943
25945
25948
25949
25952
25953
25955
25957
25959
25962
25963
25965
25967
25969
25971
25973
25976
25977
25979
25982
25984
25985
25988
25989
25991
25994
25995
25998
26000
26001
26003
26005
26007
26009
26011
26013
26016
26018
26020
26021
26023
26026
26028
26029
26031
26034
26035
26037
26039
26041
26043
26046
26048
26050
26052
26054
26056
26058
26060
26062
26064
26066
26068
26069
26071
26074
26076
26078
26080
26082
26083
26086
26087
26089
26092
26094
26095
26098
26099
26102
26104
26105
26107
26109
26112
26113
26115
26117
26120
26122
26123
26125
26127
26129
26131
26134
26135
26138
26140
26142
26144
26145
26148
26149
26151
26154
26156
26158
26159
26161
26163
26165
26167
26169
26172
26173
26175
26178
26180
26181
26183
26185
26188
26189
26192
26194
26196
26198
26199
26202
26203
26206
26207
26209
26212
26214
26215
26217
26220
26221
26223
26225
26227
26230
26232
26233
26235
26238
26240
26241
26244
26246
26247
26250
26252
26253
26255
26258
26260
26261
26264
26266
26268
26270
26271
26273
26275
26278
26279
26281
26284
26285
26288
26290
26292
26293
26295
26298
26300
26301
26304
26306
26308
26309
26311
26314
26316
26317
26320
26321
26324
26325
26327
26329
26331
26334
26336
26337
26340
26342
26344
26346
26347
26349
26351
26354
26355
26357
26360
26362
26363
26365
26368
26370
26371
26374
26375
26378
26379
26381
26384
26386
26387
26390
26392
26394
26396
26398
26399
26402
26403
26406
26408
26410
26412
26413
26415
26417
26419
26422
26423
26426
26428
26430
26432
26434
26435
26437
26439
26442
26444
26446
26448
26450
26451
26454
26455
26457
26459
26461
26463
26466
26468
26469
26471
26473
26476
26477
26479
26481
26484
26486
26488
26489
26491
26493
26495
26498
26500
26502
26503
26506
26507
26509
26511
26513
26515
26518
26519
26522
26523
26525
26527
26529
26531
26534
26535
26537
26540
26541
26544
26546
26547
26550
26551
26553
26555
26558
26559
26562
26563
26566
26568
26569
26571
26574
26575
26578
26580
26582
26583
26586
26588
26589
26591
26594
26595
26598
26600
26602
26604
26606
26608
26609
26611
26614
26615
26617
26620
26621
26624
26626
26628
26629
26632
26633
26635
26638
26639
26641
26643
26646
26647
26649
26652
26654
26655
26658
26659
26662
26663
26666
26668
26670
26671
26673
26676
26678
26680
26682
26684
26685
26687
26689
26692
26694
26695
26697
26699
26701
26703
26705
26708
26709
26712
26714
26716
26717
26719
26721
26724
26725
26728
26729
26731
26734
26736
26737
26739
26742
26744
26746
26748
26749
26752
26753
26756
26757
26759
26762
26763
26766
26767
26770
26772
26774
26776
26777
26779
26782
26784
26786
26788
26789
26791
26794
26796
26798
26800
26801
26804
26806
26808
26810
26812
26814
26816
26818
26820
26821
26824
26825
26827
26830
26832
26833
26835
26838
26839
26841
26843
26845
26848
26850
26852
26853
26855
26858
26860
26861
26863
26865
26867
26869
26871
26873
26875
26877
26879
26881
26883
26886
26887
26889
26892
26894
26896
26898
26899
26901
26903
26905
26907
26909
26912
26913
26915
26918
26919
26922
26924
26925
26928
26929
26932
26933
26935
26938
26939
26941
26944
26945
26947
26949
26951
26954
26955
26958
26960
26962
26963
26966
26967
26969
26971
26973
26976
26978
26979
26981
26983
26985
26987
26989
26992
26994
26995
26998
27000
27002
27003
27005
27007
27010
27011
27014
27016
27018
27020
27021
27024
27026
27027
27029
27031
27034
27035
27037
27039
27041
27044
27046
27048
27049
27052
27053
27055
27057
27059
27061
27063
27065
27068
27069
27072
27074
27075
27077
27080
27082
27084
27085
27088
27090
27091
27094
27095
27098
27099
27101
27103
27105
27107
27110
27111
27113
27115
27117
27120
27122
27124
27126
27128
27129
27131
27133
27136
27138
27139
27141
27144
27146
27148
27150
27152
27153
27156
27158
27160
27161
27163
27166
27168
27170
27172
27174
27175
27178
27179
27182
27183
27186
27188
27189
27191
27193
27195
27198
27199
27202
27204
27205
27207
27209
27211
27213
27215
27217
27220
27221
27223
27226
27228
27229
27232
27233
27236
27238
27240
27242
27244
27245
27248
27250
27252
27253
27256
27257
27259
27261
27264
27265
27268
27269
27272
27273
27275
27278
27280
27282
27283
27286
27287
27289
27291
27293
27296
27298
27300
27302
27303
27306
27308
27310
27312
27314
27315
27318
27319
27322
27323
27326
27327
27330
27332
27333
27335
27337
27340
27342
27344
27345
27347
27349
27352
27354
27356
27357
27360
27361
27364
27366
27367
27370
27371
27374
27375
27377
27380
27381
27384
27385
27388
27390
27391
27393
27395
27398
27400
27402
27404
27405
27408
27410
27412
27413
27416
27418
27419
27422
27423
27426
27428
27430
27432
27434
27436
27437
27439
27442
27443
27445
27448
27449
27451
27453
27455
27457
27459
27461
27463
27465
27467
27469
27471
27474
27475
27477
27479
27481
27483
27485
27487
27489
27491
27494
27495
27497
27499
27502
27503
27506
27507
27509
27512
27513
27515
27518
27519
27521
27524
27525
27528
27529
27532
27533
27536
27537
27539
27541
27543
27546
27547
27550
27552
27554
27555
27558
27559
27561
27563
27565
27568
27570
27571
27574
27575
27578
27579
27582
27584
27585
27587
27590
27592
27594
27596
27598
27600
27601
27603
27606
27607
27609
27611
27613
27615
27617
27619
27621
27623
27626
27627
27630
27632
27633
27635
27638
27639
27642
27644
27645
27648
27650
27652
27653
27656
27657
27660
27661
27664
27666
27668
27669
27672
27673
27676
27677
27680
27682
27683
27686
27688
27690
27692
27693
27696
27698
27699
27702
27704
27705
27707
27710
27712
27713
27715
27718
27720
27722
27724
27725
27727
27730
27732
27734
27736
27737
27739
27741
27744
27746
27747
27749
27752
27754
27755
27758
27760
27761
27764
27765
27768
27770
27772
27774
27776
27778
27780
27782
27783
27785
27787
27789
27792
27793
27796
27797
27799
27802
27804
27806
27807
27810
27812
27814
27816
27817
27819
27821
27823
27826
27828
27829
27831
27834
27836
27838
27839
27841
27843
27846
27847
27850
27852
27853
27856
27858
27860
27862
27863
27865
27867
27870
27871
27873
27876
27878
27880
27881
27884
27886
27887
27890
27891
27894
27896
27897
27899
27902
27903
27906
27908
27909
27912
27913
27916
27918
27919
27921
27924
27926
27928
27930
27931
27934
27935
27938
27939
27941
27944
27945
27948
27950
27951
27954
27956
27958
27960
27962
27964
27966
27967
27969
27971
27973
27975
27977
27979
27982
27983
27985
27987
27990
27992
27993
27995
27997
27999
28002
28003
28006
28007
28009
28011
28014
28015
28018
28019
28021
28024
28025
28028
28030
28031
28034
28036
28037
28040
28042
28043
28045
28047
28050
28051
28053
28055
28057
28060
28061
28063
28065
28068
28070
28071
28074
28076
28078
28079
28081
28084
28086
28088
28089
28092
28094
28096
28097
28099
28102
28103
28105
28108
28110
28111
28113
28115
28118
28119
28121
28123
28126
28127
28129
28132
28133
28136
28138
28139
28142
28144
28146
28147
28150
28152
28153
28156
28158
28159
28161
28163
28166
28168
28170
28172
28174
28176
28178
28180
28182
28184
28186
28187
28190
28192
28194
28195
28198
28200
28202
28203
28206
28207
28210
28212
28213
28216
28217
28220
28221
28224
28225
28227
28230
28231
28233
28236
28237
28240
28242
28244
28246
28248
28250
28251
28254
28255
28258
28259
28261
28264
28266
28268
28269
28272
28274
28275
28277
28280
28282
28283
28286
28287
28289
28291
28294
28296
28298
28299
28302
28304
28305
28307
28310
28312
28313
28315
28318
28319
28321
28324
28325
28328
28329
28331
28333
28335
28337
28339
28341
28343
28345
28348
28349
28352
28353
28355
28357
28359
28361
28363
28366
28368
28369
28372
28374
28375
28377
28379
28381
28384
28386
28388
28390
28392
28393
28395
28397
28399
28402
28404
28406
28407
28409
28411
28414
28415
28417
28420
28421
28423
28425
28427
28429
28431
28433
28435
28437
28440
28442
28444
28446
28447
28450
28451
28454
28456
28458
28460
28461
28464
28465
28467
28470
28471
28474
28475
28477
28480
28482
28483
28485
28487
28490
28492
28493
28496
28498
28500
28501
28504
28505
28508
28509
28512
28513
28515
28517
28519
28521
28524
28526
28528
28530
28531
28533
28536
28537
28539
28542
28543
28546
28548
28550
28552
28554
28556
28557
28560
28561
28563
28566
28568
28569
28571
28573
28576
28578
28579
28581
28584
28585
28588
28589
28591
28594
28595
28598
28600
28601
28603
28606
28608
28610
28612
28613
28616
28617
28619
28622
28623
28626
28627
28630
28632
28634
28635
28637
28640
28642
28644
28646
28647
28649
28652
28654
28656
28657
28659
28662
28664
28666
28667
28670
28672
28673
28676
28677
28680
28682
28684
28685
28687
28689
28692
28694
28696
28697
28700
28702
28704
28706
28708
28710
28712
28714
28716
28717
28720
28722
28723
28726
28728
28729
28731
28734
28735
28738
28740
28742
28743
28745
28748
28749
28752
28753
28756
28757
28760
28762
28764
28765
28768
28770
28771
28774
28775
28777
28780
28782
28784
28785
28787
28790
28792
28793
28795
28798
28800
28801
28803
28805
28808
28810
28812
28813
28815
28818
28819
28821
28824
28826
28828
28830
28832
28833
28836
28837
28840
28841
28844
28845
28847
28850
28851
28854
28855
28857
28860
28861
28863
28866
28867
28869
28872
28874
28875
28877
28879
28881
28883
28885
28888
28889
28892
28893
28895
28898
28900
28902
28904
28906
28907
28910
28911
28914
28916
28917
28919
28921
28924
28925
28927
28929
28932
28934
28935
28937
28940
28941
28944
28946
28947
28949
28952
28954
28955
28958
28960
28961
28964
28966
28967
28969
28972
28973
28976
28978
28980
28981
28984
28985
28988
28989
28991
28994
28995
28997
28999
29001
29004
29005
29007
29009
29011
29014
29015
29017
29019
29021
29023
29025
29027
29030
29032
29033
29035
29038
29039
29041
29043
29046
29048
29050
29052
29053
29056
29057
29059
29062
29063
29065
29067
29069
29071
29074
29076
29078
29079
29082
29084
29086
29087
29089
29092
29093
29096
29097
29099
29101
29103
29105
29108
29110
29112
29113
29115
29118
29120
29121
29124
29126
29128
29130
29132
29133
29136
29138
29139
29141
29143
29146
29148
29149
29152
29154
29155
29158
29160
29161
29163
29165
29167
29169
29172
29173
29176
29178
29180
29181
29183
29185
29187
29189
29191
29194
29195
29198
29199
29201
29204
29206
29207
29210
29212
29214
29215
29217
29219
29222
29223
29226
29227
29230
29231
29233
29236
29237
29239
29242
29244
29245
29247
29249
29251
29254
29255
29257
29260
29262
29263
29265
29268
29269
29272
29274
29276
29278
29280
29282
29284
29285
29288
29289
29291
29293
29296
29298
29299
29302
29303
29305
29307
29309
29311
29313
29315
29318
29320
29322
29323
29325
29327
29330
29332
29334
29335
29337
29339
29341
29343
29345
29347
29349
29351
29353
29356
29358
29360
29362
29363
29366
29368
29370
29371
29374
29376
29377
29379
29381
29383
29385
29388
29389
29392
29393
29395
29397
29400
29402
29404
29405
29408
29410
29412
29414
29415
29418
29419
29422
29423
29425
29427
29429
29431
29433
29435
29438
29439
29441
29443
29445
29447
29450
29452
29454
29455
29458
29460
29461
29463
29465
29467
29470
29472
29474
29475
29477
29479
29481
29484
29485
29488
29489
29492
29493
29495
29497
29500
29502
29504
29506
29508
29510
29511
29513
29516
29517
29519
29521
29523
29526
29527
29530
29531
29533
29536
29537
29540
29541
29543
29545
29547
29549
29552
29554
29556
29557
29559
29561
29564
29566
29568
29569
29571
29573
29575
29577
29579
29582
29584
29586
29588
29590
29591
29594
29595
29597
29600
29602
29603
29606
29607
29610
29611
29614
29616
29617
29619
29621
29624
29625
29627
29630
29631
29634
29635
29638
29640
29641
29643
29645
29647
29649
29651
29654
29656
29658
29659
29662
29664
29666
29668
29670
29671
29673
29675
29677
29679
29682
29683
29685
29688
29689
29692
29693
29695
29697
29700
29702
29703
29705
29708
29710
29711
29714
29716
29718
29719
29721
29723
29726
29727
29730
29732
29734
29735
29737
29740
29742
29743
29746
29748
29750
29751
29753
29755
29758
29759
29762
29764
29765
29767
29770
29771
29773
29775
29777
29780
29781
29783
29785
29787
29789
29791
29793
29795
29798
29800
29802
29804
29806
29807
29809
29812
29814
29816
29817
29819
29822
29824
29826
29827
29829
29831
29834
29835
29837
29840
29842
29843
29845
29848
29849
29852
29853
29856
29857
29859
29862
29863
29865
29867
29869
29871
29873
29875
29877
29880
29882
29884
29885
29887
29890
29891
29893
29896
29897
29900
29901
29904
29906
29907
29909
29912
29914
29915
29918
29920
29922
29924
29925
29928
29929
29931
29934
29936
29938
29939
29942
29943
29945
29948
29950
29951
29954
29955
29958
29959
29962
29964
29966
29967
29969
29972
29974
29976
29978
29980
29982
29984
29985
29987
29989
29992
29994
29995
29998
30000
30001
30003
30006
30008
30009
30011
30013
30015
30018
30019
30021
30024
30026
30027
30030
30032
30033
30035
30038
30040
30042
30044
30046
30047
30050
30052
30053
30056
30057
30059
30062
30064
30066
30067
30070
30071
30074
30076
30077
30079
30082
30083
30086
30088
30089
30091
30094
30096
30097
30100
30102
30104
30106
30108
30110
30111
30113
30115
30117
30119
30122
30123
30126
30127
30129
30132
30134
30136
30138
30139
30142
30144
30145
30147
30150
30151
30154
30156
30157
30160
30162
30164
30165
30168
30169
30172
30174
30176
30178
30180
30181
30183
30185
30188
30189
30191
30193
30196
30198
30199
30202
30203
30206
30208
30209
30211
30214
30215
30218
30220
30222
30224
30226
30227
30229
30231
30234
30235
30237
30239
30242
30243
30245
30247
30249
30252
30254
30255
30258
30259
30262
30263
30266
30268
30269
30272
30273
30275
30277
30280
30281
30283
30286
30288
30289
30291
30293
30295
30297
30300
30301
30304
30305
30307
30310
30312
30313
30316
30318
30319
30321
30323
30326
30327
30330
30332
30334
30335
30338
30339
30341
30343
30346
30348
30349
30351
30354
30356
30358
30359
30361
30364
30366
30367
30369
30371
30374
30376
30378
30380
30381
30383
30385
30387
30390
30392
30393
30395
30398
30400
30401
30404
30405
30407
30410
30411
30414
30415
30418
30419
30421
30423
30425
30428
30430
30432
30433
30435
30438
30440
30441
30444
30446
30448
30450
30452
30454
30456
30458
30459
30462
30463
30466
30467
30470
30472
30474
30476
30478
30480
30482
30483
30486
30488
30489
30492
30494
30495
30497
30500
30502
30503
30505
30508
30509
30511
30514
30515
30517
30520
30522
30524
30525
30527
30530
30531
30533
30536
30537
30539
30542
30544
30545
30547
30550
30551
30553
30556
30558
30559
30561
30563
30566
30568
30569
30572
30573
30576
30578
30580
30582
30584
30585
30588
30590
30591
30594
30595
30598
30600
30601
30604
30605
30607
30609
30612
30613
30616
30618
30620
30621
30624
30625
30628
30629
30632
30633
30636
30637
30639
30641
30644
30645
30647
30650
30652
30654
30656
30658
30659
30662
30664
30665
30668
30669
30672
30674
30676
30678
30680
30682
30683
30686
30687
30690
30691
30693
30696
30697
30699
30701
30704
30706
30707
30709
30712
30713
30715
30718
30720
30722
30724
30726
30727
30730
30731
30734
30735
30737
30740
30741
30744
30745
30747
30749
30752
30754
30755
30757
30759
30761
30763
30765
30768
30769
30771
30773
30775
30777
30780
30782
30783
30786
30788
30789
30791
30793
30796
30797
30800
30802
30804
30805
30808
30809
30812
30813
30816
30818
30819
30822
30824
30825
30828
30829
30832
30834
30835
30837
30840
30842
30844
30846
30847
30850
30851
30853
30855
30858
30860
30861
30863
30866
30867
30870
30871
30874
30875
30877
30880
30882
30883
30886
30888
30890
30892
30894
30895
30897
30899
30902
30903
30905
30907
30910
30911
30914
30916
30917
30920
30922
30923
30925
30928
30929
30931
30933
30936
30937
30939
30941
30943
30945
30947
30950
30951
30954
30955
30958
30960
30961
30963
30966
30967
30970
30972
30973
30975
30978
30980
30982
30984
30985
30987
30989
30991
30993
30996
30997
31000
31002
31003
31005
31008
31009
31012
31014
31015
31017
31020
31022
31023
31025
31028
31029
31032
31033
31036
31037
31040
31041
31044
31046
31047
31049
31051
31054
31056
31057
31059
31061
31064
31065
31067
31070
31071
31074
31075
31078
31080
31082
31084
31086
31087
31089
31092
31094
31095
31098
31099
31101
31104
31106
31108
31110
31112
31113
31115
31118
31120
31121
31124
31126
31128
31129
31132
31134
31135
31138
31139
31141
31144
31146
31148
31149
31152
31153
31155
31158
31160
31161
31163
31165
31168
31170
31172
31174
31175
31178
31179
31182
31183
31185
31188
31189
31192
31193
31195
31197
31199
31201
31204
31206
31208
31209
31211
31213
31215
31217
31219
31221
31223
31226
31228
31229
31232
31233
31236
31237
31240
31242
31244
31245
31248
31249
31252
31254
31256
31257
31259
31261
31264
31265
31268
31270
31272
31273
31275
31278
31280
31281
31284
31286
31287
31290
31291
31293
31295
31297
31299
31301
31303
31306
31307
31310
31312
31313
31316
31318
31320
31322
31323
31325
31328
31330
31331
31333
31336
31338
31339
31341
31343
31345
31347
31349
31352
31353
31355
31357
31360
31361
31364
31365
31367
31370
31372
31374
31375
31378
31380
31382
31384
31385
31388
31389
31391
31394
31396
31398
31399
31401
31403
31406
31408
31410
31412
31413
31415
31417
31419
31421
31424
31425
31427
31430
31431
31434
31436
31438
31439
31442
31443
31445
31447
31449
31451
31454
31456
31458
31459
31462
31463
31466
31467
31470
31471
31474
31475
31478
31479
31481
31483
31485
31487
31490
31492
31494
31496
31498
31500
31501
31503
31506
31508
31509
31512
31514
31516
31517
31519
31522
31523
31526
31527
31529
31531
31533
31536
31537
31539
31541
31544
31546
31548
31549
31552
31553
31555
31558
31559
31561
31563
31565
31567
31570
31572
31574
31576
31578
31579
31581
31583
31585
31588
31590
31591
31594
31595
31598
31599
31601
31604
31605
31608
31610
31611
31613
31616
31617
31619
31621
31623
31626
31627
31629
31631
31634
31635
31637
31640
31642
31643
31645
31648
31649
31651
31653
31655
31657
31660
31661
31663
31666
31667
31670
31671
31673
31675
31677
31680
31681
31683
31685
31687
31690
31691
31693
31695
31697
31700
31701
31704
31706
31707
31709
31712
31714
31715
31717
31720
31722
31724
31725
31728
31729
31731
31733
31736
31738
31740
31742
31743
31746
31747
31749
31752
31753
31756
31757
31760
31761
31763
31765
31768
31770
31771
31773
31776
31777
31780
31781
31783
31786
31787
31789
31791
31793
31795
31798
31800
31801
31804
31806
31808
31810
31811
31814
31816
31818
31820
31821
31824
31826
31827
31830
31832
31833
31836
31837
31840
31841
31843
31845
31847
31849
31851
31854
31856
31858
31860
31862
31864
31866
31867
31869
31872
31874
31876
31877
31880
31881
31883
31886
31887
31889
31891
31894
31895
31897
31900
31901
31903
31905
31907
31909
31911
31914
31916
31917
31920
31922
31924
31926
31928
31930
31931
31933
31935
31937
31940
31942
31944
31945
31947
31949
31952
31954
31955
31958
31959
31962
31963
31965
31967
31970
31971
31974
31975
31977
31979
31981
31983
31986
31988
31989
31991
31994
31996
31997
31999
32002
32004
32005
32008
32009
32012
32014
32015
32017
32019
32021
32024
32026
32027
32029
32031
32034
32036
32037
32039
32041
32043
32046
32048
32050
32052
32054
32055
32058
32059
32061
32063
32065
32067
32069
32072
32074
32076
32077
32079
32082
32084
32085
32087
32089
32092
32093
32095
32097
32100
32101
32104
32106
32107
32110
32111
32113
32116
32118
32120
32122
32124
32126
32127
32130
32131
32134
32135
32137
32140
32142
32143
32145
32147
32149
32151
32154
32155
32157
32160
32161
32163
32166
32167
32170
32172
32173
32175
32178
32179
32181
32183
32185
32187
32189
32192
32194
32196
32197
32200
32201
32203
32205
32207
32209
32212
32213
32215
32217
32220
32222
32223
32225
32228
32230
32231
32233
32236
32238
32239
32241
32244
32245
32247
32250
32251
32253
32256
32258
32259
32261
32264
32266
32267
32269
32272
32274
32275
32277
32279
32282
32283
32285
32288
32289
32291
32293
32295
32297
32299
32301
32304
32305
32307
32309
32311
32313
32315
32318
32320
32322
32323
32326
32327
32329
32332
32334
32336
32337
32340
32341
32344
32346
32347
32349
32352
32354
32355
32358
32360
32362
32363
32365
32367
32370
32371
32374
32376
32377
32380
32381
32383
32385
32388
32389
32392
32393
32395
32397
32399
32401
32404
32406
32407
32410
32411
32414
32415
32417
32419
32422
32423
32425
32428
32429
32431
32433
32436
32437
32439
32441
32444
32445
32448
32449
32451
32453
32456
32457
32460
32462
32464
32466
32467
32470
32471
32473
32475
32477
32480
32482
32484
32485
32488
32489
32492
32493
32496
32497
32499
32501
32504
32506
32507
32509
32512
32514
32516
32517
32519
32522
32523
32525
32527
32530
32532
32533
32535
32537
32539
32542
32543
32545
32547
32550
32551
32553
32555
32557
32560
32562
32563
32565
32568
32570
32571
32573
32576
32578
32580
32582
32583
32586
32588
32589
32592
32593
32595
32598
32599
32602
32604
32605
32608
32610
32612
32613
32615
32617
32619
32621
32623
32626
32627
32629
32631
32634
32636
32637
32640
32642
32644
32645
32647
32649
32651
32654
32655
32657
32659
32661
32663
32666
32668
32670
32672
32674
32675
32677
32679
32682
32683
32685
32688
32690
32691
32693
32695
32698
32699
32701
32703
32706
32708
32710
32711
32713
32716
32718
32720
32721
32723
32725
32727
32729
32731
32734
32736
32737
32739
32741
32743
32745
32748
32749
32752
32754
32756
32758
32759
32761
32763
32766
