s vc 26300 16300
1
9
15
17
25
28
32
38
42
49
55
58
65
66
74
77
81
87
95
99
103
108
111
117
124
127
133
137
141
150
151
156
164
166
172
177
183
186
195
200
204
206
212
218
225
230
234
237
241
249
254
260
263
268
272
276
284
290
293
298
302
306
315
317
324
326
333
338
344
347
355
356
363
369
372
380
382
388
394
397
405
408
411
419
425
429
431
437
445
446
454
458
464
467
475
476
481
488
492
498
501
502
503
504
505
506
507
508
509
510
513
514
515
516
517
518
519
520
521
523
524
525
526
527
528
529
530
532
533
535
536
537
538
539
540
541
542
543
544
545
546
549
550
551
552
553
555
557
558
559
560
561
562
563
564
565
567
568
569
570
571
573
574
575
576
577
578
579
580
581
582
585
586
587
588
589
590
591
592
593
594
595
597
598
599
600
601
602
603
604
605
606
609
610
611
612
613
614
615
616
617
618
619
620
621
622
623
624
625
627
628
629
630
631
632
633
634
635
636
637
638
639
641
642
643
645
646
647
648
649
650
651
652
653
654
655
656
657
658
659
660
661
662
663
664
665
669
670
671
672
673
675
676
677
679
680
681
682
683
684
685
686
687
688
689
690
693
694
697
698
699
700
701
702
705
706
707
708
709
710
711
712
713
714
717
718
719
720
721
722
723
724
725
726
727
728
729
730
731
732
733
734
735
736
737
738
739
740
741
742
743
744
745
746
747
748
749
750
751
753
754
755
756
757
758
759
760
761
762
763
765
766
767
768
769
770
771
772
773
774
777
778
779
780
781
782
783
784
785
786
789
790
791
793
794
795
796
798
799
800
801
802
803
804
805
806
807
808
809
810
813
814
815
816
817
818
819
820
821
822
823
825
826
827
828
829
830
831
832
833
834
837
838
839
840
841
842
843
844
845
846
849
850
851
852
853
854
855
856
857
858
859
860
861
862
863
864
865
866
867
868
869
870
873
874
875
876
877
878
879
880
881
882
885
886
887
888
889
890
891
893
894
895
896
897
898
900
901
902
903
904
905
906
909
910
911
912
913
914
915
916
917
918
921
922
923
924
925
927
928
929
930
933
934
935
936
937
938
939
940
941
942
943
945
946
947
948
949
950
951
952
953
954
957
958
959
960
961
962
964
965
966
967
968
969
970
971
972
973
974
975
976
977
978
979
980
981
982
983
984
985
986
987
988
990
991
992
993
994
995
996
997
998
1000
1001
1002
1005
1006
1007
1008
1009
1010
1011
1012
1013
1014
1017
1018
1019
1021
1022
1023
1024
1025
1026
1027
1029
1030
1031
1032
1033
1034
1035
1038
1039
1040
1041
1042
1043
1044
1045
1046
1047
1048
1050
1051
1052
1053
1054
1055
1056
1057
1058
1059
1061
1062
1063
1064
1065
1066
1067
1068
1069
1070
1071
1072
1073
1074
1077
1078
1079
1080
1081
1082
1083
1084
1085
1086
1089
1090
1092
1093
1094
1095
1096
1097
1098
1099
1100
1101
1102
1103
1104
1105
1107
1108
1109
1110
1111
1112
1113
1114
1115
1116
1117
1118
1119
1120
1121
1123
1124
1125
1126
1127
1128
1129
1130
1131
1132
1133
1134
1135
1137
1138
1139
1140
1141
1142
1143
1145
1146
1147
1149
1150
1151
1152
1153
1154
1155
1156
1157
1158
1161
1162
1163
1164
1165
1166
1167
1168
1169
1170
1173
1174
1175
1176
1177
1178
1179
1180
1181
1182
1183
1184
1185
1186
1187
1188
1189
1190
1191
1192
1193
1194
1195
1196
1197
1198
1199
1200
1201
1202
1204
1206
1207
1209
1210
1211
1212
1213
1214
1216
1217
1218
1219
1221
1222
1223
1224
1225
1226
1227
1228
1229
1230
1233
1234
1236
1237
1238
1239
1240
1245
1246
1248
1249
1251
1252
1253
1255
1256
1257
1258
1259
1260
1261
1262
1263
1264
1265
1266
1269
1270
1273
1275
1276
1277
1278
1279
1280
1281
1282
1283
1284
1285
1286
1287
1288
1289
1290
1293
1294
1296
1297
1298
1299
1301
1302
1303
1305
1306
1307
1308
1309
1310
1311
1312
1313
1314
1315
1317
1318
1320
1321
1323
1324
1326
1327
1328
1329
1330
1331
1332
1333
1334
1335
1336
1341
1342
1343
1345
1346
1347
1348
1349
1350
1351
1352
1353
1354
1355
1356
1357
1358
1359
1360
1361
1362
1365
1366
1367
1368
1369
1370
1371
1372
1373
1374
1375
1377
1378
1379
1380
1381
1382
1383
1384
1385
1386
1387
1388
1389
1390
1391
1392
1393
1396
1397
1398
1401
1402
1405
1406
1407
1410
1411
1412
1413
1414
1416
1417
1418
1419
1421
1422
1425
1426
1427
1428
1429
1430
1432
1434
1435
1437
1438
1439
1440
1441
1444
1445
1447
1448
1449
1450
1451
1452
1453
1454
1458
1461
1462
1463
1464
1465
1466
1467
1470
1471
1472
1473
1474
1475
1476
1477
1478
1479
1481
1482
1483
1485
1486
1487
1488
1489
1490
1491
1492
1493
1494
1497
1498
1499
1500
1501
1502
1503
1504
1505
1506
1507
1508
1509
1510
1511
1512
1513
1514
1516
1517
1518
1519
1520
1521
1522
1523
1524
1525
1526
1527
1528
1529
1530
1531
1532
1533
1534
1535
1536
1537
1538
1539
1540
1541
1542
1545
1546
1548
1549
1550
1551
1553
1554
1557
1558
1559
1560
1561
1562
1563
1564
1565
1566
1567
1568
1569
1570
1571
1572
1573
1574
1575
1576
1577
1578
1581
1582
1583
1584
1585
1586
1587
1589
1591
1592
1593
1594
1595
1596
1597
1598
1599
1601
1602
1603
1605
1606
1607
1608
1609
1610
1611
1612
1613
1614
1615
1616
1617
1618
1619
1620
1621
1622
1623
1624
1625
1626
1629
1630
1631
1633
1634
1635
1636
1637
1638
1639
1640
1641
1642
1643
1644
1645
1646
1647
1648
1649
1650
1653
1654
1655
1656
1657
1658
1659
1660
1662
1665
1666
1667
1668
1669
1670
1671
1672
1673
1674
1675
1677
1678
1679
1680
1681
1682
1683
1684
1685
1686
1689
1690
1691
1692
1693
1694
1695
1698
1699
1701
1702
1703
1704
1705
1706
1707
1708
1709
1710
1711
1712
1713
1715
1716
1717
1718
1721
1722
1723
1724
1726
1727
1728
1729
1730
1731
1732
1733
1734
1735
1736
1737
1738
1739
1741
1742
1743
1744
1745
1746
1747
1748
1749
1750
1751
1752
1753
1754
1755
1756
1757
1758
1759
1760
1761
1762
1763
1764
1765
1766
1767
1768
1769
1770
1771
1772
1773
1774
1776
1777
1778
1779
1780
1781
1782
1783
1784
1785
1786
1787
1788
1789
1790
1791
1792
1793
1794
1795
1796
1797
1798
1799
1800
1801
1802
1803
1804
1805
1806
1807
1808
1809
1810
1811
1812
1813
1815
1816
1817
1818
1819
1820
1821
1822
1823
1824
1826
1827
1828
1829
1830
1831
1832
1833
1834
1835
1836
1837
1838
1839
1840
1841
1842
1843
1844
1845
1846
1847
1848
1849
1850
1851
1852
1853
1855
1856
1857
1858
1859
1860
1861
1862
1863
1865
1866
1867
1868
1869
1870
1871
1872
1873
1874
1875
1876
1877
1878
1879
1880
1881
1882
1883
1884
1886
1887
1888
1889
1890
1891
1892
1893
1894
1895
1896
1897
1898
1899
1901
1902
1903
1904
1905
1906
1907
1908
1909
1910
1911
1912
1913
1914
1915
1916
1917
1918
1919
1920
1921
1922
1923
1924
1926
1927
1928
1930
1931
1932
1933
1934
1936
1937
1938
1939
1940
1941
1942
1943
1945
1946
1947
1948
1949
1950
1951
1952
1953
1954
1955
1956
1957
1958
1960
1961
1962
1963
1964
1965
1966
1967
1968
1969
1970
1971
1972
1973
1974
1975
1976
1977
1978
1979
1980
1981
1982
1983
1985
1986
1987
1988
1989
1990
1991
1992
1993
1994
1995
1996
1997
1998
1999
2000
2001
2002
2003
2004
2005
2006
2007
2008
2009
2010
2011
2012
2013
2014
2015
2016
2017
2018
2019
2020
2021
2022
2023
2024
2025
2026
2027
2028
2029
2030
2031
2032
2033
2034
2035
2036
2037
2038
2040
2041
2042
2043
2044
2045
2046
2047
2048
2049
2050
2051
2052
2053
2054
2055
2056
2057
2058
2059
2060
2061
2062
2063
2064
2065
2066
2067
2068
2069
2071
2072
2073
2074
2075
2076
2077
2078
2079
2080
2081
2082
2083
2084
2085
2086
2087
2088
2089
2090
2091
2092
2093
2095
2096
2097
2098
2099
2100
2101
2102
2103
2105
2106
2107
2108
2109
2111
2112
2113
2115
2116
2117
2118
2119
2120
2121
2122
2123
2124
2125
2126
2127
2128
2129
2130
2131
2132
2133
2134
2135
2136
2137
2138
2139
2140
2141
2142
2143
2144
2145
2146
2147
2148
2149
2150
2151
2152
2153
2154
2156
2157
2158
2159
2160
2161
2162
2163
2164
2165
2166
2167
2168
2169
2170
2171
2172
2173
2175
2176
2177
2178
2179
2180
2181
2182
2183
2184
2186
2187
2188
2190
2191
2192
2193
2194
2195
2196
2197
2198
2199
2200
2201
2202
2203
2204
2205
2206
2207
2208
2209
2210
2211
2212
2213
2214
2215
2216
2217
2218
2219
2220
2221
2222
2223
2224
2225
2226
2227
2228
2229
2231
2232
2233
2235
2236
2237
2238
2239
2240
2241
2242
2243
2244
2245
2246
2247
2248
2249
2250
2251
2252
2253
2254
2255
2256
2257
2258
2259
2260
2261
2262
2263
2264
2266
2267
2268
2269
2270
2271
2272
2273
2274
2275
2276
2277
2278
2280
2281
2282
2283
2284
2285
2286
2287
2288
2289
2290
2291
2292
2293
2295
2296
2297
2298
2300
2301
2302
2303
2304
2305
2306
2307
2308
2309
2310
2311
2312
2313
2314
2315
2316
2317
2318
2320
2321
2322
2323
2324
2325
2326
2327
2328
2330
2331
2332
2333
2334
2335
2336
2337
2338
2339
2340
2341
2342
2343
2344
2346
2347
2348
2350
2351
2352
2353
2354
2355
2356
2357
2358
2360
2361
2362
2363
2364
2365
2366
2367
2368
2369
2371
2372
2373
2374
2376
2377
2378
2379
2380
2381
2382
2383
2384
2386
2387
2388
2389
2391
2392
2393
2395
2396
2397
2398
2399
2400
2401
2402
2403
2404
2406
2407
2408
2409
2411
2412
2413
2414
2416
2417
2418
2419
2420
2421
2422
2423
2424
2425
2426
2427
2428
2430
2431
2432
2433
2434
2435
2436
2437
2438
2439
2440
2441
2442
2443
2444
2445
2446
2447
2448
2449
2450
2451
2452
2453
2454
2455
2456
2457
2458
2459
2460
2461
2462
2463
2464
2465
2466
2467
2468
2469
2470
2471
2472
2473
2474
2475
2476
2477
2478
2479
2480
2481
2482
2483
2484
2485
2486
2487
2488
2489
2490
2491
2492
2493
2494
2496
2497
2498
2499
2500
2501
2502
2503
2504
2505
2506
2507
2508
2509
2510
2511
2512
2513
2514
2515
2516
2517
2518
2519
2520
2521
2522
2523
2524
2526
2527
2528
2529
2530
2531
2532
2533
2534
2535
2536
2537
2538
2539
2540
2541
2542
2543
2545
2546
2547
2548
2549
2550
2551
2552
2553
2556
2557
2558
2559
2560
2561
2562
2563
2564
2565
2566
2567
2568
2570
2571
2572
2573
2574
2575
2576
2577
2578
2579
2580
2581
2582
2583
2584
2585
2586
2587
2588
2591
2592
2593
2594
2595
2596
2597
2598
2599
2600
2601
2602
2603
2604
2605
2606
2607
2608
2609
2610
2611
2612
2613
2614
2615
2616
2617
2618
2619
2620
2621
2622
2623
2624
2626
2627
2628
2629
2630
2631
2632
2633
2634
2635
2636
2637
2638
2639
2640
2641
2642
2643
2644
2645
2646
2647
2648
2649
2651
2652
2653
2654
2656
2657
2658
2659
2661
2662
2663
2664
2665
2666
2667
2668
2669
2670
2671
2672
2673
2674
2675
2676
2677
2678
2679
2680
2681
2682
2683
2684
2685
2686
2687
2688
2689
2690
2691
2692
2693
2694
2695
2696
2697
2698
2699
2700
2701
2702
2703
2704
2705
2706
2707
2708
2709
2710
2711
2712
2713
2715
2716
2717
2718
2719
2720
2721
2722
2723
2724
2725
2726
2727
2728
2729
2730
2731
2732
2733
2734
2735
2736
2737
2738
2739
2740
2741
2742
2743
2744
2745
2746
2747
2748
2750
2751
2752
2753
2756
2757
2758
2760
2761
2762
2763
2765
2766
2767
2768
2769
2770
2771
2772
2773
2775
2776
2777
2778
2779
2781
2782
2783
2784
2785
2786
2787
2788
2789
2790
2791
2792
2793
2794
2795
2796
2797
2798
2799
2800
2801
2802
2803
2804
2805
2806
2807
2808
2809
2810
2811
2812
2813
2814
2815
2816
2817
2818
2819
2820
2821
2822
2823
2824
2825
2826
2827
2828
2829
2830
2831
2832
2833
2834
2836
2837
2838
2839
2840
2841
2842
2843
2844
2845
2846
2847
2848
2850
2851
2852
2853
2854
2855
2856
2857
2858
2859
2860
2861
2862
2863
2864
2865
2866
2867
2868
2869
2871
2872
2873
2874
2876
2877
2878
2879
2880
2881
2882
2883
2884
2886
2887
2888
2890
2891
2892
2893
2894
2895
2896
2897
2898
2900
2901
2902
2903
2904
2905
2906
2907
2908
2910
2911
2912
2913
2914
2916
2917
2918
2919
2920
2921
2922
2923
2924
2925
2926
2927
2928
2929
2930
2931
2932
2933
2934
2935
2936
2937
2938
2940
2941
2942
2943
2944
2945
2946
2947
2948
2949
2950
2951
2952
2953
2954
2955
2956
2957
2958
2960
2961
2962
2963
2964
2965
2966
2967
2968
2969
2970
2971
2972
2973
2974
2975
2976
2977
2978
2979
2980
2981
2982
2983
2984
2985
2986
2987
2988
2989
2991
2992
2993
2995
2996
2997
2998
2999
3000
3001
3002
3003
3004
3005
3006
3007
3008
3009
3010
3011
3012
3013
3014
3015
3016
3017
3018
3019
3020
3021
3022
3023
3024
3025
3026
3027
3028
3029
3030
3031
3032
3033
3034
3035
3036
3037
3038
3039
3040
3041
3042
3043
3044
3045
3046
3047
3048
3049
3050
3051
3052
3053
3055
3056
3057
3058
3060
3061
3062
3063
3064
3065
3066
3067
3068
3069
3070
3071
3072
3073
3074
3075
3076
3077
3078
3079
3080
3081
3082
3083
3084
3085
3086
3087
3088
3089
3090
3091
3092
3093
3094
3096
3097
3098
3100
3101
3102
3103
3104
3106
3107
3108
3110
3111
3112
3113
3114
3115
3116
3117
3118
3119
3120
3121
3122
3123
3124
3125
3126
3127
3128
3129
3130
3131
3132
3133
3135
3136
3137
3138
3139
3140
3141
3142
3143
3144
3145
3146
3147
3148
3149
3150
3151
3152
3153
3156
3157
3158
3160
3161
3162
3163
3164
3165
3166
3167
3168
3169
3171
3172
3173
3174
3175
3176
3177
3178
3179
3180
3181
3182
3183
3184
3185
3186
3187
3188
3189
3190
3191
3192
3193
3194
3195
3196
3197
3198
3199
3200
3201
3202
3203
3205
3206
3207
3208
3209
3210
3211
3212
3213
3214
3215
3216
3217
3218
3219
3220
3221
3222
3223
3226
3227
3228
3229
3230
3231
3232
3233
3234
3235
3236
3237
3238
3239
3240
3241
3242
3243
3244
3245
3246
3247
3248
3249
3250
3251
3252
3253
3254
3255
3256
3257
3258
3260
3261
3262
3263
3264
3265
3266
3267
3268
3269
3270
3271
3272
3273
3274
3275
3276
3277
3278
3280
3281
3282
3283
3284
3285
3286
3287
3288
3289
3291
3292
3293
3294
3295
3296
3297
3298
3300
3301
3302
3303
3305
3306
3307
3308
3309
3310
3311
3312
3313
3314
3316
3317
3318
3320
3321
3322
3323
3325
3326
3327
3328
3329
3330
3331
3332
3333
3334
3335
3336
3337
3338
3339
3340
3341
3342
3343
3344
3345
3346
3347
3348
3349
3351
3352
3353
3354
3355
3356
3357
3358
3359
3360
3361
3362
3363
3364
3365
3366
3367
3368
3369
3370
3371
3372
3373
3374
3375
3376
3377
3378
3379
3380
3381
3382
3383
3384
3385
3386
3387
3388
3389
3390
3391
3392
3393
3394
3395
3396
3397
3398
3400
3401
3402
3403
3404
3405
3406
3407
3408
3409
3410
3411
3412
3413
3414
3415
3416
3417
3418
3419
3420
3421
3422
3423
3424
3425
3426
3427
3428
3430
3431
3432
3433
3434
3435
3436
3437
3438
3439
3440
3441
3442
3443
3444
3445
3446
3447
3448
3449
3450
3451
3452
3453
3454
3456
3457
3458
3459
3460
3461
3462
3463
3464
3465
3466
3467
3468
3470
3471
3472
3473
3475
3476
3477
3478
3479
3480
3481
3482
3483
3484
3485
3486
3487
3488
3490
3491
3492
3493
3494
3495
3496
3497
3498
3499
3501
3502
3503
3505
3506
3507
3508
3509
3510
3511
3512
3513
3514
3515
3516
3517
3518
3519
3520
3521
3522
3523
3524
3526
3527
3528
3529
3530
3531
3532
3533
3534
3535
3536
3537
3538
3541
3542
3543
3545
3546
3547
3548
3549
3550
3551
3552
3553
3554
3555
3556
3557
3558
3559
3560
3561
3562
3563
3564
3566
3567
3568
3569
3570
3571
3572
3573
3574
3575
3576
3577
3578
3579
3580
3581
3582
3583
3584
3585
3586
3587
3588
3589
3590
3591
3592
3593
3594
3595
3596
3597
3598
3599
3600
3601
3602
3603
3604
3605
3606
3607
3608
3609
3610
3611
3612
3613
3615
3616
3617
3618
3619
3620
3621
3622
3623
3625
3626
3627
3628
3629
3630
3631
3632
3633
3634
3635
3636
3637
3638
3639
3640
3641
3642
3643
3644
3645
3646
3647
3648
3649
3650
3651
3652
3653
3654
3655
3656
3657
3658
3661
3662
3663
3664
3665
3666
3667
3668
3670
3671
3672
3673
3674
3675
3676
3677
3678
3679
3680
3681
3682
3683
3685
3686
3687
3688
3689
3690
3691
3692
3693
3694
3695
3696
3697
3698
3700
3701
3703
3704
3705
3707
3709
3710
3711
3713
3715
3716
3718
3719
3721
3722
3723
3725
3727
3728
3730
3731
3733
3734
3735
3737
3739
3740
3741
3744
3745
3746
3747
3749
3751
3752
3753
3755
3757
3758
3759
3762
3763
3765
3766
3768
3769
3771
3772
3773
3774
3776
3778
3779
3780
3783
3784
3785
3786
3789
3790
3791
3792
3795
3796
3797
3798
3801
3802
3803
3804
3807
3808
3809
3810
3813
3814
3815
3816
3819
3820
3821
3822
3824
3825
3827
3829
3830
3831
3833
3834
3836
3838
3840
3841
3842
3843
3845
3847
3848
3849
3852
3853
3854
3855
3858
3859
3860
3861
3863
3865
3866
3867
3869
3871
3872
3873
3875
3876
3879
3880
3882
3883
3884
3885
3888
3889
3890
3891
3893
3894
3897
3898
3899
3900
3902
3903
3905
3906
3909
3910
3911
3912
3914
3916
3917
3918
3920
3922
3923
3924
3926
3928
3929
3930
3932
3934
3935
3936
3938
3940
3941
3942
3944
3946
3947
3948
3950
3952
3953
3954
3956
3958
3959
3960
3962
3964
3965
3966
3968
3970
3972
3973
3975
3976
3978
3979
3980
3981
3984
3985
3986
3987
3990
3991
3992
3993
3996
3997
3998
3999
4002
4003
4005
4006
4007
4008
4011
4012
4014
4015
4016
4017
4019
4020
4023
4024
4026
4027
4028
4029
4032
4033
4034
4035
4037
4038
4040
4041
4043
4044
4047
4048
4049
4050
4053
4054
4055
4056
4059
4060
4061
4062
4065
4066
4067
4068
4071
4072
4073
4074
4076
4077
4080
4081
4082
4084
4085
4086
4088
4090
4091
4092
4094
4096
4097
4098
4100
4102
4103
4104
4106
4107
4109
4111
4113
4114
4116
4117
4118
4119
4121
4123
4124
4125
4127
4129
4130
4131
4133
4135
4136
4137
4139
4141
4142
4144
4145
4147
4148
4149
4151
4153
4154
4155
4157
4159
4160
4161
4163
4165
4166
4167
4170
4171
4172
4173
4175
4177
4179
4180
4182
4183
4185
4186
4187
4188
4191
4192
4193
4194
4197
4198
4199
4200
4203
4204
4205
4206
4209
4210
4211
4212
4215
4216
4217
4218
4220
4222
4223
4224
4226
4228
4229
4230
4232
4234
4235
4236
4238
4240
4241
4242
4244
4245
4247
4249
4251
4252
4254
4255
4256
4257
4260
4261
4262
4263
4266
4267
4268
4269
4272
4273
4274
4275
4277
4279
4280
4282
4283
4285
4286
4287
4289
4291
4292
4293
4295
4297
4298
4299
4301
4303
4304
4305
4308
4309
4310
4312
4313
4315
4317
4318
4320
4321
4322
4324
4325
4326
4328
4330
4331
4332
4335
4336
4337
4338
4341
4342
4343
4344
4346
4348
4349
4350
4353
4354
4355
4356
4359
4360
4361
4362
4365
4366
4367
4368
4371
4372
4373
4374
4376
4378
4379
4380
4382
4383
4385
4386
4388
4390
4392
4393
4394
4395
4398
4399
4400
4401
4404
4405
4406
4407
4410
4411
4412
4413
4416
4417
4418
4419
4421
4422
4425
4426
4428
4429
4430
4431
4433
4435
4436
4437
4440
4441
4442
4443
4446
4447
4448
4449
4451
4452
4454
4455
4457
4458
4461
4462
4463
4464
4467
4468
4469
4470
4473
4474
4475
4476
4479
4480
4481
4482
4485
4486
4487
4488
4491
4492
4493
4494
4497
4498
4499
4500
4502
4503
4505
4507
4508
4510
4511
4512
4514
4516
4517
4518
4520
4521
4523
4525
4527
4528
4529
4531
4532
4533
4535
4537
4538
4539
4542
4543
4544
4545
4548
4549
4550
4551
4554
4555
4556
4557
4560
4561
4562
4563
4566
4567
4568
4569
4572
4573
4574
4575
4578
4579
4580
4581
4584
4585
4586
4587
4589
4590
4592
4593
4595
4596
4598
4600
4601
4602
4604
4606
4607
4608
4610
4612
4613
4614
4616
4618
4619
4620
4623
4624
4625
4626
4629
4630
4631
4632
4635
4636
4637
4638
4641
4642
4643
4644
4647
4648
4649
4650
4652
4653
4656
4657
4659
4660
4662
4663
4665
4666
4668
4669
4670
4671
4674
4675
4676
4677
4680
4681
4682
4683
4686
4687
4688
4689
4692
4693
4695
4696
4697
4698
4701
4702
4704
4705
4706
4707
4710
4711
4712
4713
4715
4717
4718
4719
4721
4722
4724
4726
4727
4728
4730
4731
4733
4735
4737
4738
4739
4740
4742
4744
4745
4746
4749
4750
4751
4752
4754
4756
4757
4758
4760
4762
4763
4764
4766
4768
4769
4770
4772
4774
4775
4776
4779
4780
4781
4782
4785
4786
4787
4788
4790
4792
4793
4795
4796
4798
4800
4801
4803
4804
4805
4807
4808
4809
4811
4813
4814
4815
4817
4818
4820
4822
4823
4824
4826
4828
4829
4831
4832
4833
4836
4837
4838
4839
4842
4843
4844
4845
4848
4849
4850
4851
4854
4855
4856
4857
4860
4861
4862
4864
4866
4867
4869
4870
4872
4873
4875
4876
4877
4878
4881
4882
4883
4884
4887
4888
4889
4890
4893
4894
4895
4896
4898
4900
4901
4902
4904
4906
4907
4908
4910
4912
4913
4914
4916
4918
4919
4920
4923
4924
4925
4926
4929
4930
4931
4932
4934
4936
4938
4939
4941
4942
4944
4945
4946
4947
4950
4951
4952
4953
4956
4957
4958
4959
4962
4963
4964
4965
4968
4969
4970
4971
4974
4975
4976
4977
4980
4981
4982
4983
4986
4987
4988
4989
4992
4993
4994
4995
4998
4999
5000
5001
5003
5004
5006
5007
5009
5010
5013
5014
5015
5016
5019
5020
5021
5022
5025
5026
5027
5028
5031
5032
5033
5034
5037
5038
5039
5040
5043
5044
5045
5046
5049
5050
5051
5052
5055
5056
5057
5058
5061
5062
5063
5064
5066
5068
5069
5070
5072
5073
5075
5076
5078
5080
5082
5083
5084
5085
5088
5089
5090
5091
5094
5095
5096
5097
5100
5101
5102
5103
5106
5107
5108
5109
5112
5113
5114
5115
5118
5119
5120
5121
5123
5125
5126
5127
5129
5131
5132
5133
5135
5137
5138
5139
5141
5142
5144
5146
5148
5149
5150
5152
5153
5154
5157
5158
5159
5160
5163
5164
5165
5166
5169
5170
5171
5172
5175
5176
5177
5178
5181
5182
5183
5184
5187
5188
5189
5190
5192
5194
5195
5196
5198
5200
5201
5202
5205
5206
5207
5208
5210
5211
5213
5215
5217
5218
5219
5221
5222
5223
5225
5227
5228
5229
5231
5233
5234
5235
5237
5239
5240
5241
5243
5245
5246
5247
5249
5251
5252
5253
5255
5257
5258
5259
5261
5263
5264
5265
5268
5269
5270
5271
5273
5275
5276
5277
5280
5281
5283
5284
5286
5287
5289
5290
5291
5292
5294
5296
5297
5298
5300
5302
5303
5304
5307
5308
5309
5310
5312
5314
5315
5316
5318
5320
5321
5322
5324
5326
5327
5328
5330
5332
5333
5334
5336
5338
5339
5340
5343
5344
5346
5347
5348
5350
5352
5353
5355
5356
5357
5359
5360
5361
5364
5365
5366
5367
5370
5371
5372
5373
5375
5376
5379
5380
5382
5383
5384
5385
5388
5389
5390
5391
5394
5395
5396
5397
5400
5401
5402
5403
5405
5406
5409
5410
5411
5413
5414
5415
5417
5418
5420
5421
5423
5425
5427
5428
5430
5431
5432
5434
5435
5436
5438
5440
5441
5442
5444
5446
5447
5448
5450
5452
5453
5454
5456
5458
5459
5460
5462
5464
5465
5466
5469
5470
5471
5472
5474
5476
5477
5478
5480
5482
5483
5484
5486
5488
5490
5491
5493
5494
5496
5497
5498
5499
5502
5503
5504
5505
5508
5509
5510
5511
5514
5515
5516
5517
5520
5521
5523
5524
5525
5527
5528
5529
5531
5533
5534
5535
5537
5539
5540
5541
5543
5545
5546
5547
5550
5551
5552
5553
5555
5556
5558
5560
5562
5563
5565
5566
5567
5568
5571
5572
5573
5574
5577
5578
5579
5580
5583
5584
5585
5586
5588
5590
5591
5592
5594
5596
5597
5598
5600
5602
5603
5604
5607
5608
5609
5610
5612
5614
5615
5616
5618
5620
5621
5622
5624
5626
5628
5629
5631
5632
5633
5635
5636
5637
5639
5641
5642
5643
5645
5647
5648
5649
5651
5653
5654
5655
5657
5659
5660
5661
5663
5665
5666
5667
5669
5671
5672
5673
5675
5677
5678
5679
5682
5683
5684
5685
5688
5689
5690
5691
5694
5695
5697
5698
5700
5701
5702
5704
5705
5706
5708
5710
5712
5713
5715
5716
5717
5718
5721
5722
5723
5724
5727
5728
5729
5730
5733
5734
5735
5736
5739
5740
5741
5742
5745
5746
5747
5748
5751
5752
5753
5754
5757
5758
5759
5760
5762
5763
5765
5766
5768
5769
5771
5773
5774
5775
5777
5779
5780
5781
5783
5785
5786
5787
5789
5791
5792
5793
5795
5797
5798
5799
5801
5803
5804
5805
5807
5809
5810
5811
5813
5815
5816
5817
5819
5821
5822
5823
5826
5827
5828
5829
5832
5833
5835
5836
5838
5839
5840
5842
5843
5844
5846
5848
5849
5850
5852
5854
5855
5856
5858
5860
5861
5862
5865
5866
5867
5868
5871
5872
5873
5874
5876
5878
5879
5880
5883
5884
5885
5886
5888
5890
5891
5892
5894
5896
5897
5898
5901
5902
5904
5905
5907
5908
5909
5911
5912
5913
5916
5917
5918
5919
5922
5923
5924
5925
5928
5929
5930
5931
5934
5935
5936
5937
5940
5941
5942
5943
5946
5947
5948
5949
5951
5952
5955
5956
5958
5959
5960
5961
5963
5965
5966
5967
5969
5970
5972
5973
5975
5977
5978
5980
5981
5982
5984
5986
5987
5988
5990
5991
5993
5995
5996
5998
5999
6000
6002
6004
6005
6006
6009
6010
6011
6012
6014
6016
6017
6018
6021
6022
6023
6024
6027
6028
6029
6030
6032
6034
6036
6037
6039
6040
6042
6043
6045
6046
6048
6049
6051
6052
6053
6055
6056
6057
6060
6061
6062
6063
6066
6067
6068
6069
6071
6073
6074
6075
6077
6079
6080
6081
6083
6085
6086
6087
6090
6091
6092
6093
6096
6097
6098
6099
6101
6103
6104
6105
6107
6109
6111
6112
6114
6115
6117
6118
6119
6120
6123
6124
6125
6126
6129
6130
6131
6132
6134
6136
6137
6138
6140
6142
6143
6144
6146
6147
6149
6151
6152
6154
6155
6156
6159
6160
6161
6162
6164
6166
6167
6168
6170
6172
6173
6174
6176
6178
6180
6181
6183
6184
6186
6187
6188
6189
6192
6193
6195
6196
6197
6199
6200
6201
6204
6205
6206
6207
6210
6211
6213
6214
6215
6217
6218
6219
6222
6223
6224
6225
6227
6229
6230
6231
6233
6235
6236
6237
6240
6241
6242
6243
6245
6246
6248
6250
6252
6253
6254
6256
6257
6258
6260
6262
6263
6264
6266
6268
6269
6270
6272
6274
6275
6276
6278
6280
6281
6282
6284
6286
6287
6288
6290
6292
6293
6294
6296
6298
6299
6300
6303
6304
6305
6306
6308
6310
6311
6312
6315
6316
6318
6319
6321
6322
6324
6325
6326
6327
6329
6331
6332
6333
6335
6337
6338
6339
6342
6343
6344
6345
6347
6349
6350
6351
6353
6355
6356
6357
6359
6360
6363
6364
6366
6367
6368
6369
6372
6373
6374
6375
6378
6379
6380
6381
6383
6384
6386
6387
6389
6390
6392
6394
6395
6396
6398
6400
6401
6402
6404
6406
6407
6408
6411
6412
6413
6414
6416
6418
6419
6420
6422
6424
6425
6426
6429
6430
6431
6432
6434
6436
6437
6438
6441
6442
6443
6444
6447
6448
6449
6450
6452
6453
6455
6456
6458
6459
6462
6463
6464
6465
6468
6469
6470
6471
6474
6475
6476
6477
6480
6481
6482
6483
6486
6487
6488
6489
6492
6493
6494
6495
6498
6499
6500
6501
6504
6505
6506
6507
6509
6510
6513
6514
6515
6517
6518
6519
6521
6522
6524
6525
6527
6529
6530
6532
6533
6534
6536
6538
6539
6540
6542
6544
6545
6546
6548
6550
6551
6552
6554
6556
6557
6558
6560
6562
6563
6564
6566
6567
6569
6571
6573
6574
6575
6576
6579
6580
6581
6582
6585
6586
6587
6588
6591
6592
6594
6595
6597
6598
6600
6601
6602
6603
6605
6607
6608
6609
6611
6613
6614
6615
6617
6619
6620
6621
6623
6625
6626
6627
6629
6631
6632
6633
6635
6637
6638
6639
6641
6643
6644
6645
6647
6649
6650
6651
6653
6655
6656
6657
6659
6661
6663
6664
6666
6667
6668
6670
6671
6672
6675
6676
6677
6678
6680
6682
6683
6684
6686
6687
6690
6691
6693
6694
6695
6696
6699
6700
6701
6702
6705
6706
6707
6708
6710
6712
6713
6714
6716
6718
6719
6720
6723
6724
6725
6726
6728
6729
6731
6733
6735
6736
6737
6739
6740
6741
6744
6745
6746
6747
6750
6751
6752
6753
6756
6757
6758
6759
6762
6763
6764
6765
6768
6769
6770
6771
6774
6775
6776
6777
6779
6780
6782
6784
6785
6786
6789
6790
6792
6793
6795
6796
6797
6798
6800
6801
6803
6804
6807
6808
6809
6810
6813
6814
6815
6816
6819
6820
6821
6822
6825
6826
6827
6828
6831
6832
6834
6835
6836
6838
6839
6840
6843
6844
6845
6846
6848
6850
6851
6852
6854
6855
6858
6859
6861
6862
6863
6864
6866
6867
6869
6870
6872
6873
6875
6877
6878
6879
6881
6883
6884
6885
6888
6889
6890
6891
6893
6895
6896
6897
6900
6901
6902
6903
6906
6907
6908
6909
6912
6913
6914
6915
6917
6918
6921
6922
6923
6925
6926
6927
6929
6931
6932
6933
6935
6936
6938
6939
6941
6943
6945
6946
6947
6948
6951
6952
6953
6954
6956
6958
6959
6960
6963
6964
6965
6966
6968
6970
6971
6972
6974
6976
6977
6978
6980
6982
6983
6984
6987
6988
6989
6990
6992
6994
6995
6996
6999
7000
7001
7002
7004
7006
7008
7009
7011
7012
7013
7015
7016
7017
7019
7021
7022
7023
7025
7027
7028
7029
7031
7033
7034
7035
7038
7039
7040
7041
7043
7045
7046
7047
7049
7051
7052
7053
7055
7057
7058
7059
7061
7063
7064
7065
7068
7069
7070
7071
7074
7075
7077
7078
7080
7081
7082
7084
7085
7086
7089
7090
7091
7092
7094
7095
7098
7099
7100
7102
7103
7104
7107
7108
7109
7110
7113
7114
7115
7116
7119
7120
7121
7122
7125
7126
7127
7128
7130
7132
7133
7134
7136
7138
7139
7140
7142
7143
7145
7146
7148
7150
7152
7153
7154
7155
7158
7159
7160
7161
7164
7165
7166
7167
7169
7171
7172
7173
7175
7177
7178
7180
7181
7182
7185
7186
7187
7189
7190
7191
7194
7195
7196
7197
7199
7201
7202
7203
7205
7207
7208
7209
7211
7212
7214
7215
7217
7219
7220
7222
7223
7224
7226
7228
7229
7230
7232
7234
7235
7236
7239
7240
7241
7242
7245
7246
7247
7248
7251
7252
7253
7254
7257
7258
7259
7260
7263
7264
7265
7266
7269
7270
7271
7272
7274
7275
7278
7279
7280
7281
7283
7284
7286
7287
7290
7291
7292
7293
7296
7297
7298
7299
7302
7303
7304
7305
7308
7309
7310
7311
7314
7315
7316
7317
7320
7321
7322
7323
7326
7327
7328
7329
7331
7333
7334
7335
7337
7339
7340
7341
7344
7345
7347
7348
7349
7350
7352
7354
7356
7357
7359
7360
7361
7362
7365
7366
7367
7368
7371
7372
7373
7374
7377
7378
7379
7380
7383
7384
7385
7386
7389
7390
7391
7392
7395
7396
7397
7398
7400
7401
7403
7405
7406
7408
7409
7410
7412
7414
7415
7416
7418
7419
7421
7423
7425
7426
7428
7429
7430
7431
7434
7435
7436
7437
7440
7441
7442
7443
7446
7447
7448
7449
7451
7453
7454
7455
7457
7459
7460
7461
7463
7465
7466
7467
7470
7471
7472
7473
7476
7477
7478
7479
7481
7483
7484
7485
7487
7489
7491
7492
7494
7495
7496
7498
7499
7500
7502
7504
7505
7506
7508
7510
7511
7512
7514
7516
7517
7518
7520
7522
7523
7524
7526
7528
7529
7530
7533
7534
7535
7536
7538
7540
7541
7542
7545
7546
7547
7548
7551
7552
7553
7554
7557
7558
7560
7561
7563
7564
7565
7567
7568
7569
7572
7573
7574
7575
7578
7579
7580
7581
7584
7585
7586
7587
7589
7591
7592
7593
7596
7597
7598
7599
7602
7603
7604
7605
7608
7609
7610
7611
7614
7615
7616
7617
7619
7621
7622
7623
7625
7626
7628
7629
7631
7633
7635
7636
7637
7638
7641
7642
7643
7644
7647
7648
7649
7650
7653
7654
7655
7656
7659
7660
7661
7662
7664
7666
7667
7668
7671
7672
7673
7674
7676
7678
7679
7680
7683
7684
7685
7686
7689
7690
7691
7692
7694
7695
7697
7698
7700
7701
7704
7705
7706
7707
7710
7711
7712
7713
7715
7717
7718
7719
7721
7723
7724
7725
7728
7729
7731
7732
7733
7735
7736
7737
7739
7740
7743
7744
7745
7747
7748
7749
7751
7752
7754
7756
7758
7759
7760
7761
7763
7764
7766
7768
7770
7771
7773
7774
7775
7776
7779
7780
7781
7782
7784
7786
7787
7788
7791
7792
7793
7794
7797
7798
7799
7800
7802
7804
7805
7806
7808
7809
7812
7813
7814
7816
7817
7818
7820
7822
7823
7824
7827
7828
7829
7830
7832
7833
7835
7837
7839
7840
7842
7843
7844
7845
7847
7849
7850
7851
7853
7855
7856
7857
7859
7861
7862
7863
7865
7867
7868
7869
7871
7873
7874
7875
7877
7879
7880
7881
7884
7885
7886
7887
7890
7891
7892
7893
7896
7897
7898
7899
7901
7903
7905
7906
7908
7909
7910
7912
7913
7914
7916
7918
7919
7920
7922
7923
7925
7927
7928
7930
7931
7932
7935
7936
7937
7938
7941
7942
7943
7944
7947
7948
7949
7950
7953
7954
7955
7956
7958
7960
7962
7963
7964
7966
7968
7969
7971
7972
7974
7975
7977
7978
7979
7981
7982
7983
7985
7987
7988
7989
7991
7993
7995
7996
7998
7999
8000
8001
8003
8005
8006
8007
8009
8011
8013
8014
8016
8017
8018
8019
8021
8023
8024
8025
8028
8029
8030
8031
8034
8035
8037
8038
8039
8040
8042
8043
8045
8046
8049
8050
8051
8052
8055
8056
8057
8058
8061
8062
8063
8064
8067
8068
8069
8070
8072
8074
8075
8077
8078
8080
8081
8082
8084
8086
8087
8088
8091
8092
8093
8094
8096
8098
8099
8100
8102
8104
8105
8106
8108
8110
8112
8113
8115
8116
8117
8119
8120
8121
8123
8125
8126
8127
8129
8130
8133
8134
8135
8136
8138
8140
8141
8143
8144
8145
8147
8148
8151
8152
8153
8155
8156
8157
8160
8161
8162
8163
8165
8167
8168
8169
8171
8173
8174
8175
8177
8178
8180
8181
8183
8185
8186
8188
8189
8190
8192
8194
8195
8196
8198
8200
8201
8202
8204
8206
8207
8208
8210
8212
8213
8214
8216
8218
8219
8220
8223
8224
8225
8226
8228
8230
8231
8232
8234
8236
8237
8238
8241
8242
8243
8244
8247
8248
8250
8251
8253
8254
8255
8257
8258
8259
8262
8263
8265
8266
8267
8268
8271
8272
8273
8275
8276
8277
8280
8281
8282
8283
8286
8287
8288
8289
8291
8293
8294
8295
8297
8298
8300
8302
8303
8305
8306
8307
8309
8311
8312
8313
8315
8316
8318
8320
8322
8323
8325
8326
8327
8328
8331
8332
8333
8334
8336
8338
8339
8340
8343
8344
8345
8346
8349
8350
8351
8352
8354
8356
8357
8358
8360
8362
8363
8364
8366
8368
8369
8370
8372
8374
8375
8376
8378
8380
8381
8382
8384
8385
8387
8389
8391
8392
8393
8395
8396
8397
8400
8401
8403
8404
8405
8406
8409
8410
8412
8413
8414
8415
8418
8419
8420
8421
8423
8424
8427
8428
8430
8431
8432
8433
8436
8437
8438
8439
8441
8442
8445
8446
8447
8449
8450
8451
8453
8454
8456
8457
8459
8461
8463
8464
8465
8466
8469
8470
8472
8473
8474
8476
8477
8478
8481
8482
8483
8484
8486
8488
8489
8491
8492
8494
8495
8496
8498
8500
8501
8502
8504
8506
8507
8508
8510
8511
8514
8515
8516
8517
8520
8521
8522
8524
8526
8527
8529
8530
8532
8533
8534
8535
8537
8539
8540
8541
8544
8545
8546
8547
8549
8550
8553
8554
8555
8557
8558
8559
8561
8563
8564
8565
8568
8569
8570
8571
8574
8575
8576
8577
8580
8581
8582
8583
8586
8587
8588
8589
8591
8592
8594
8595
8597
8598
8600
8602
8603
8604
8606
8608
8609
8610
8612
8614
8615
8616
8618
8620
8621
8622
8624
8626
8627
8628
8630
8632
8633
8634
8637
8638
8639
8640
8643
8644
8645
8646
8649
8650
8651
8652
8655
8656
8657
8658
8661
8662
8664
8665
8667
8668
8670
8671
8672
8673
8676
8677
8678
8679
8682
8683
8684
8685
8687
8689
8690
8691
8694
8695
8696
8697
8700
8701
8702
8703
8705
8707
8708
8709
8711
8713
8714
8715
8717
8719
8720
8721
8723
8725
8726
8727
8729
8730
8732
8734
8736
8737
8738
8740
8741
8742
8745
8746
8747
8748
8751
8752
8753
8754
8757
8758
8759
8760
8762
8764
8765
8766
8769
8770
8771
8772
8775
8776
8777
8778
8781
8782
8783
8784
8787
8788
8789
8790
8792
8794
8795
8796
8798
8799
8801
8802
8804
8806
8808
8809
8810
8811
8813
8815
8816
8817
8819
8821
8822
8823
8825
8827
8828
8829
8831
8833
8834
8835
8837
8838
8840
8842
8843
8844
8846
8848
8850
8851
8852
8853
8856
8857
8858
8859
8862
8863
8864
8865
8867
8869
8871
8872
8874
8875
8876
8878
8879
8880
8883
8884
8885
8887
8888
8889
8892
8893
8894
8895
8898
8899
8901
8902
8903
8904
8907
8908
8909
8910
8913
8914
8915
8916
8918
8919
8922
8923
8924
8925
8928
8929
8931
8932
8933
8934
8936
8937
8939
8940
8942
8943
8946
8947
8948
8949
8951
8953
8955
8956
8957
8958
8960
8962
8963
8965
8966
8967
8969
8971
8972
8974
8975
8977
8978
8979
8981
8983
8984
8985
8987
8988
8990
8992
8993
8995
8996
8997
8999
9001
9002
9003
9005
9007
9009
9010
9012
9013
9015
9016
9017
9018
9021
9022
9023
9024
9027
9028
9029
9030
9033
9034
9035
9036
9039
9040
9041
9042
9044
9046
9047
9048
9050
9051
9053
9055
9056
9058
9059
9060
9062
9063
9065
9067
9069
9070
9071
9072
9074
9075
9077
9079
9081
9082
9083
9085
9086
9087
9089
9091
9092
9093
9096
9097
9098
9099
9101
9103
9104
9105
9108
9109
9110
9112
9113
9114
9117
9118
9119
9120
9123
9124
9126
9127
9128
9129
9131
9133
9134
9135
9137
9138
9140
9142
9143
9144
9146
9147
9149
9151
9153
9154
9155
9156
9159
9160
9161
9162
9165
9166
9167
9168
9171
9172
9173
9174
9176
9178
9179
9180
9182
9184
9185
9186
9188
9189
9191
9193
9194
9195
9197
9199
9200
9201
9203
9205
9207
9208
9209
9210
9212
9214
9216
9217
9219
9220
9222
9223
9224
9225
9228
9229
9230
9231
9234
9235
9236
9237
9240
9241
9242
9243
9246
9247
9248
9249
9252
9253
9254
9255
9258
9259
9260
9261
9263
9264
9266
9268
9269
9270
9273
9274
9276
9277
9278
9279
9281
9282
9284
9285
9287
9288
9291
9292
9293
9294
9297
9298
9299
9300
9303
9304
9305
9306
9309
9310
9311
9312
9315
9316
9317
9318
9321
9322
9323
9324
9327
9328
9329
9330
9332
9333
9335
9337
9338
9340
9341
9342
9344
9346
9347
9349
9350
9351
9353
9355
9357
9358
9359
9361
9362
9363
9365
9367
9368
9369
9371
9373
9374
9375
9377
9379
9380
9381
9383
9385
9386
9387
9389
9391
9392
9393
9395
9397
9398
9399
9402
9403
9404
9405
9407
9409
9410
9411
9414
9415
9416
9417
9420
9421
9423
9424
9426
9427
9429
9430
9431
9432
9435
9436
9437
9438
9441
9442
9443
9444
9447
9448
9449
9450
9452
9454
9455
9456
9459
9460
9461
9462
9464
9466
9467
9468
9471
9472
9473
9474
9476
9478
9479
9480
9482
9484
9485
9486
9488
9489
9491
9492
9494
9496
9498
9499
9500
9502
9503
9505
9506
9507
9510
9511
9512
9513
9516
9517
9518
9519
9521
9523
9524
9525
9528
9529
9530
9531
9533
9534
9537
9538
9540
9541
9542
9543
9546
9547
9548
9549
9552
9553
9554
9555
9557
9558
9560
9561
9563
9564
9566
9568
9569
9570
9572
9574
9575
9576
9579
9580
9581
9582
9585
9586
9587
9588
9591
9592
9593
9594
9597
9598
9599
9600
9603
9604
9605
9606
9609
9610
9611
9612
9615
9616
9617
9618
9620
9622
9623
9624
9626
9627
9629
9630
9632
9634
9635
9637
9638
9639
9641
9643
9644
9645
9647
9649
9650
9651
9653
9655
9656
9657
9659
9661
9662
9663
9666
9667
9668
9669
9671
9673
9674
9675
9678
9679
9680
9681
9684
9685
9686
9687
9689
9691
9692
9693
9696
9697
9699
9700
9702
9703
9705
9706
9707
9708
9710
9712
9713
9714
9716
9717
9720
9721
9722
9724
9725
9726
9728
9730
9731
9732
9734
9736
9737
9738
9740
9742
9743
9744
9746
9747
9750
9751
9752
9754
9755
9756
9758
9760
9761
9762
9764
9766
9768
9769
9771
9772
9773
9775
9776
9777
9780
9781
9782
9783
9785
9787
9788
9789
9792
9793
9794
9795
9797
9799
9800
9801
9804
9805
9806
9807
9810
9811
9812
9813
9815
9817
9818
9819
9822
9823
9824
9825
9828
9829
9830
9831
9833
9834
9836
9837
9839
9840
9842
9844
9845
9846
9848
9850
9851
9852
9854
9856
9857
9858
9860
9862
9863
9864
9867
9868
9869
9870
9873
9874
9875
9876
9879
9880
9881
9882
9885
9886
9887
9888
9890
9892
9893
9894
9896
9898
9899
9900
9903
9904
9906
9907
9909
9910
9912
9913
9914
9915
9918
9919
9920
9921
9924
9925
9926
9927
9930
9931
9932
9933
9936
9937
9938
9939
9942
9943
9944
9945
9948
9949
9950
9951
9953
9954
9957
9958
9959
9961
9962
9963
9965
9966
9968
9970
9971
9972
9974
9975
9977
9979
9981
9982
9983
9984
9987
9988
9990
9991
9993
9994
9995
9996
9998
10000
10001
10002
10005
10006
10007
10008
10010
10012
10013
10014
10016
10018
10019
10020
10022
10023
10025
10027
10028
10030
10031
10032
10034
10036
10037
10038
10040
10041
10043
10045
10047
10048
10049
10051
10052
10053
10055
10057
10058
10059
10062
10063
10064
10065
10067
10069
10070
10071
10074
10075
10076
10077
10080
10081
10082
10083
10085
10087
10088
10089
10092
10093
10094
10095
10097
10099
10100
10101
10103
10105
10106
10107
10109
10110
10112
10113
10115
10117
10119
10120
10121
10122
10125
10126
10128
10129
10130
10132
10133
10134
10136
10138
10139
10140
10142
10144
10145
10146
10148
10150
10151
10152
10154
10156
10157
10158
10160
10162
10163
10164
10166
10168
10169
10170
10173
10174
10175
10176
10178
10180
10182
10183
10185
10186
10187
10189
10190
10191
10193
10195
10196
10197
10199
10201
10202
10203
10205
10206
10209
10210
10211
10213
10214
10215
10218
10219
10220
10221
10224
10225
10226
10227
10230
10231
10232
10233
10236
10237
10238
10239
10242
10243
10244
10245
10247
10248
10250
10251
10253
10254
10256
10258
10259
10260
10262
10264
10265
10266
10268
10270
10271
10272
10274
10276
10277
10278
10281
10282
10283
10284
10287
10288
10289
10290
10293
10294
10295
10296
10299
10300
10301
10302
10304
10306
10307
10308
10310
10312
10313
10314
10317
10318
10320
10321
10323
10324
10325
10327
10328
10329
10331
10333
10334
10335
10337
10339
10340
10341
10343
10345
10346
10347
10350
10351
10352
10353
10356
10357
10358
10359
10362
10363
10364
10365
10367
10369
10370
10371
10373
10374
10377
10378
10380
10381
10382
10383
10386
10387
10389
10390
10392
10393
10395
10396
10397
10398
10401
10402
10403
10404
10407
10408
10409
10410
10413
10414
10415
10416
10419
10420
10421
10422
10424
10426
10427
10428
10430
10432
10433
10434
10436
10438
10439
10440
10442
10444
10445
10446
10449
10450
10451
10452
10454
10455
10457
10459
10461
10462
10464
10465
10466
10467
10470
10471
10472
10473
10476
10477
10478
10479
10482
10483
10484
10485
10487
10489
10490
10491
10493
10495
10496
10497
10499
10501
10502
10503
10505
10507
10508
10509
10511
10513
10514
10515
10518
10519
10520
10521
10523
10525
10527
10528
10530
10531
10533
10534
10535
10537
10539
10540
10541
10542
10544
10546
10547
10548
10550
10552
10553
10554
10557
10558
10559
10560
10562
10564
10565
10566
10569
10570
10571
10572
10574
10575
10577
10579
10580
10581
10583
10585
10587
10588
10589
10590
10592
10593
10595
10597
10599
10600
10602
10603
10604
10605
10608
10609
10610
10611
10614
10615
10616
10617
10619
10621
10622
10623
10625
10627
10628
10629
10632
10633
10634
10635
10637
10639
10640
10641
10643
10645
10646
10647
10650
10651
10652
10653
10656
10657
10658
10659
10661
10663
10664
10665
10668
10669
10670
10671
10673
10675
10676
10677
10679
10680
10682
10684
10686
10687
10688
10689
10691
10693
10694
10695
10697
10699
10700
10701
10704
10705
10706
10707
10709
10710
10713
10714
10715
10716
10718
10720
10721
10723
10724
10725
10728
10729
10730
10731
10733
10735
10736
10737
10739
10741
10742
10743
10745
10746
10748
10750
10752
10753
10754
10755
10757
10759
10760
10761
10764
10765
10766
10767
10770
10771
10772
10773
10776
10777
10778
10779
10781
10783
10784
10785
10787
10789
10790
10791
10794
10795
10796
10797
10799
10801
10802
10803
10805
10807
10808
10809
10811
10813
10814
10815
10818
10819
10820
10821
10824
10825
10826
10827
10829
10831
10832
10833
10835
10836
10838
10840
10842
10843
10844
10845
10847
10849
10850
10851
10853
10855
10856
10858
10860
10861
10862
10863
10866
10867
10868
10869
10872
10873
10874
10875
10877
10879
10880
10881
10884
10885
10886
10888
10890
10891
10892
10893
10896
10897
10898
10899
10902
10903
10905
10906
10907
10909
10910
10911
10914
10915
10916
10917
10919
10921
10922
10923
10926
10927
10928
10929
10932
10933
10934
10935
10937
10939
10940
10941
10943
10945
10946
10947
10949
10951
10952
10953
10955
10957
10958
10959
10962
10963
10964
10965
10967
10969
10970
10971
10973
10975
10976
10977
10979
10981
10982
10983
10986
10987
10988
10989
10991
10993
10994
10996
10997
10999
11000
11001
11004
11005
11006
11007
11010
11011
11012
11013
11016
11017
11018
11019
11021
11023
11024
11025
11027
11029
11030
11031
11034
11035
11036
11037
11040
11041
11042
11043
11045
11046
11049
11050
11051
11053
11054
11055
11057
11059
11060
11061
11064
11065
11066
11067
11070
11071
11072
11073
11076
11077
11078
11079
11081
11083
11084
11085
11087
11089
11090
11091
11094
11095
11096
11097
11099
11101
11102
11103
11106
11107
11108
11109
11111
11113
11114
11115
11118
11119
11120
11121
11123
11125
11126
11127
11129
11131
11132
11133
11135
11137
11138
11139
11142
11143
11144
11145
11147
11149
11150
11151
11154
11155
11156
11157
11159
11161
11162
11163
11165
11167
11168
11169
11171
11173
11174
11175
11177
11179
11180
11181
11184
11185
11186
11187
11190
11191
11192
11193
11195
11197
11198
11199
11202
11203
11204
11205
11207
11209
11210
11211
11213
11215
11216
11217
11220
11221
11222
11223
11225
11227
11228
11229
11232
11233
11234
11235
11237
11239
11240
11241
11243
11245
11246
11247
11250
11251
11252
11253
11255
11257
11258
11259
11262
11263
11264
11265
11268
11269
11270
11271
11273
11275
11276
11277
11280
11281
11282
11284
11286
11287
11288
11289
11292
11293
11294
11295
11298
11299
11300
11301
11303
11305
11306
11307
11310
11311
11312
11313
11316
11317
11318
11319
11321
11323
11324
11325
11327
11329
11330
11331
11334
11335
11336
11337
11340
11341
11342
11343
11345
11346
11349
11350
11352
11353
11354
11355
11358
11359
11360
11361
11363
11365
11366
11367
11370
11371
11372
11373
11376
11377
11378
11379
11382
11383
11384
11385
11388
11389
11390
11391
11394
11395
11396
11397
11399
11401
11402
11403
11406
11407
11409
11410
11412
11413
11414
11415
11418
11419
11420
11421
11424
11425
11426
11427
11429
11431
11432
11433
11435
11437
11438
11439
11441
11443
11444
11446
11448
11449
11450
11451
11454
11455
11456
11457
11459
11461
11462
11463
11465
11467
11468
11469
11471
11473
11474
11475
11478
11479
11481
11482
11483
11485
11486
11487
11489
11491
11492
11493
11495
11497
11498
11499
11502
11503
11504
11505
11507
11509
11510
11511
11514
11515
11516
11517
11519
11520
11523
11524
11525
11527
11528
11529
11531
11533
11534
11535
11538
11539
11540
11541
11544
11545
11546
11547
11549
11551
11552
11553
11556
11557
11558
11559
11562
11563
11565
11566
11567
11569
11570
11571
11573
11575
11576
11577
11579
11580
11582
11584
11586
11587
11588
11589
11592
11593
11594
11595
11598
11599
11600
11601
11604
11605
11606
11607
11609
11611
11612
11613
11616
11617
11618
11619
11621
11623
11624
11625
11628
11629
11630
11631
11634
11635
11636
11637
11639
11641
11642
11643
11646
11647
11648
11649
11652
11653
11654
11655
11657
11659
11660
11661
11664
11665
11666
11667
11670
11671
11672
11673
11676
11677
11678
11679
11682
11683
11684
11685
11688
11689
11690
11691
11694
11695
11696
11697
11699
11701
11702
11703
11705
11706
11709
11710
11711
11713
11714
11715
11717
11719
11720
11721
11724
11725
11726
11727
11729
11731
11732
11733
11736
11737
11738
11739
11741
11743
11744
11745
11748
11749
11750
11751
11753
11755
11756
11757
11760
11761
11762
11763
11765
11767
11768
11769
11771
11773
11774
11775
11778
11779
11780
11781
11783
11785
11786
11788
11789
11791
11792
11793
11795
11796
11799
11800
11801
11803
11804
11805
11808
11809
11810
11811
11814
11815
11816
11817
11820
11821
11822
11823
11825
11827
11828
11829
11832
11833
11835
11836
11838
11839
11841
11842
11843
11845
11846
11847
11850
11851
11852
11853
11855
11857
11858
11859
11861
11863
11864
11865
11868
11869
11870
11871
11874
11875
11876
11877
11879
11881
11882
11883
11885
11887
11888
11889
11891
11893
11894
11895
11897
11899
11900
11901
11903
11905
11906
11907
11910
11911
11912
11913
11916
11917
11918
11919
11922
11923
11924
11925
11928
11929
11931
11932
11933
11935
11936
11937
11939
11941
11942
11943
11945
11946
11949
11950
11952
11953
11955
11956
11957
11959
11960
11961
11963
11965
11966
11967
11969
11970
11973
11974
11976
11977
11978
11979
11982
11983
11984
11985
11988
11989
11990
11991
11993
11995
11996
11997
12000
12001
12002
12003
12005
12006
12009
12010
12012
12013
12014
12015
12017
12019
12020
12021
12023
12025
12026
12027
12029
12031
12032
12033
12035
12037
12038
12039
12041
12043
12044
12045
12047
12049
12050
12051
12053
12055
12056
12057
12059
12060
12062
12064
12066
12067
12068
12069
12072
12073
12074
12075
12077
12079
12080
12081
12083
12085
12086
12087
12090
12091
12092
12093
12095
12097
12098
12099
12101
12103
12104
12105
12108
12109
12111
12112
12114
12115
12116
12117
12119
12121
12122
12123
12126
12127
12128
12129
12132
12133
12134
12135
12137
12139
12140
12141
12143
12145
12146
12147
12149
12151
12153
12154
12155
12157
12158
12159
12161
12163
12164
12165
12168
12169
12170
12171
12174
12175
12176
12177
12179
12181
12182
12183
12185
12187
12188
12189
12192
12193
12194
12195
12198
12199
12200
12201
12203
12205
12206
12207
12210
12211
12212
12213
12216
12217
12218
12219
12222
12223
12224
12225
12227
12229
12230
12231
12233
12235
12236
12237
12239
12241
12242
12243
12246
12247
12248
12249
12252
12253
12254
12255
12257
12259
12260
12261
12264
12265
12266
12267
12269
12271
12272
12274
12275
12277
12278
12279
12282
12283
12284
12285
12288
12289
12290
12291
12294
12295
12296
12297
12299
12301
12302
12304
12306
12307
12308
12309
12311
12313
12314
12315
12318
12319
12320
12321
12324
12325
12326
12327
12329
12331
12332
12333
12335
12337
12338
12339
12341
12343
12344
12345
12347
12349
12350
12351
12354
12355
12356
12357
12359
12361
12362
12363
12365
12367
12368
12369
12371
12373
12374
12375
12378
12379
12380
12381
12384
12385
12386
12387
12390
12391
12392
12393
12395
12397
12398
12399
12401
12403
12404
12405
12408
12409
12410
12411
12414
12415
12416
12417
12419
12421
12422
12423
12425
12427
12428
12429
12432
12433
12434
12435
12437
12439
12440
12442
12444
12445
12446
12447
12449
12451
12452
12453
12456
12457
12458
12459
12461
12463
12464
12466
12468
12469
12470
12471
12473
12475
12476
12477
12480
12481
12482
12483
12485
12487
12488
12489
12491
12493
12494
12495
12498
12499
12500
12501
12504
12505
12506
12507
12509
12511
12512
12513
12516
12517
12518
12519
12521
12523
12524
12525
12527
12529
12530
12531
12534
12535
12536
12537
12540
12541
12542
12543
12546
12547
12548
12549
12551
12553
12554
12555
12558
12559
12560
12561
12563
12565
12566
12567
12570
12571
12572
12573
12575
12577
12578
12579
12581
12583
12584
12585
12588
12589
12590
12591
12594
12595
12597
12598
12599
12601
12602
12603
12605
12607
12608
12609
12611
12613
12614
12615
12617
12619
12621
12622
12624
12625
12626
12627
12629
12630
12632
12634
12635
12637
12638
12639
12641
12643
12644
12645
12647
12649
12650
12651
12654
12655
12656
12657
12659
12661
12662
12663
12666
12667
12668
12669
12671
12673
12674
12675
12678
12679
12680
12681
12684
12685
12686
12687
12690
12691
12692
12693
12696
12697
12698
12699
12701
12703
12704
12705
12708
12709
12710
12711
12713
12715
12716
12717
12720
12721
12722
12723
12725
12727
12728
12729
12732
12733
12734
12735
12738
12739
12740
12741
12743
12745
12746
12747
12749
12751
12752
12753
12755
12757
12758
12759
12761
12763
12764
12765
12768
12769
12770
12771
12774
12775
12777
12778
12779
12781
12782
12783
12785
12787
12788
12789
12792
12793
12794
12795
12797
12799
12800
12801
12803
12805
12806
12807
12810
12811
12812
12813
12815
12817
12819
12820
12821
12823
12824
12826
12827
12829
12830
12831
12834
12835
12836
12837
12840
12841
12842
12843
12846
12847
12848
12849
12851
12853
12854
12856
12858
12859
12860
12861
12864
12865
12866
12867
12870
12871
12872
12873
12876
12877
12878
12879
12882
12883
12885
12886
12888
12889
12890
12891
12894
12895
12896
12897
12899
12901
12902
12903
12906
12907
12908
12909
12912
12913
12914
12916
12918
12919
12920
12921
12923
12925
12926
12928
12930
12931
12932
12933
12935
12937
12938
12939
12941
12943
12944
12945
12948
12949
12950
12951
12953
12955
12957
12958
12959
12960
12962
12964
12965
12967
12968
12969
12972
12973
12974
12975
12978
12979
12980
12981
12983
12985
12986
12987
12990
12991
12992
12993
12995
12997
12998
12999
13001
13003
13004
13005
13008
13009
13010
13011
13014
13015
13016
13017
13019
13020
13023
13024
13025
13027
13028
13029
13032
13033
13034
13035
13037
13039
13040
13041
13043
13045
13046
13048
13050
13051
13052
13053
13055
13056
13058
13060
13061
13063
13064
13065
13067
13069
13070
13071
13074
13075
13076
13077
13079
13080
13082
13084
13086
13087
13088
13089
13092
13093
13094
13095
13097
13099
13100
13101
13104
13105
13106
13107
13110
13111
13112
13113
13116
13117
13118
13119
13121
13123
13124
13125
13128
13129
13130
13131
13134
13135
13136
13137
13140
13141
13142
13143
13146
13147
13148
13149
13151
13153
13154
13155
13158
13159
13160
13161
13164
13165
13166
13167
13169
13171
13172
13173
13175
13177
13178
13179
13182
13183
13184
13185
13188
13189
13190
13191
13193
13195
13196
13197
13199
13201
13202
13203
13205
13207
13208
13209
13211
13213
13214
13215
13217
13219
13220
13222
13223
13225
13226
13227
13230
13231
13232
13233
13236
13237
13238
13239
13242
13243
13244
13245
13248
13249
13250
13251
13253
13255
13256
13257
13259
13261
13262
13263
13266
13267
13268
13269
13272
13273
13274
13275
13277
13279
13280
13281
13283
13285
13286
13287
13289
13291
13292
13293
13296
13297
13298
13299
13301
13303
13304
13305
13307
13309
13310
13311
13314
13315
13316
13317
13320
13321
13322
13323
13325
13326
13329
13330
13332
13333
13334
13335
13338
13339
13340
13341
13344
13345
13346
13347
13349
13351
13352
13353
13355
13357
13358
13359
13362
13363
13364
13365
13368
13369
13370
13371
13373
13375
13376
13377
13379
13381
13382
13383
13386
13387
13389
13390
13391
13393
13394
13395
13397
13399
13400
13401
13403
13405
13406
13407
13410
13411
13412
13413
13415
13417
13418
13419
13422
13423
13424
13425
13427
13429
13430
13431
13433
13435
13436
13437
13439
13440
13443
13444
13446
13447
13448
13449
13451
13453
13454
13455
13457
13459
13460
13462
13464
13465
13466
13467
13470
13471
13472
13473
13476
13477
13478
13479
13481
13483
13484
13485
13487
13489
13490
13491
13493
13495
13496
13498
13500
13501
13502
13503
13505
13506
13509
13510
13512
13513
13515
13516
13517
13519
13520
13521
13523
13525
13526
13527
13529
13530
13533
13534
13536
13537
13538
13539
13541
13543
13544
13545
13548
13549
13550
13551
13554
13555
13556
13557
13560
13561
13562
13563
13565
13567
13568
13569
13572
13573
13574
13575
13577
13579
13580
13581
13583
13585
13586
13588
13590
13591
13592
13593
13595
13597
13598
13599
13602
13603
13604
13605
13607
13609
13610
13611
13613
13615
13616
13617
13619
13621
13622
13623
13625
13627
13628
13629
13631
13633
13634
13635
13637
13639
13640
13642
13644
13645
13646
13647
13649
13651
13652
13653
13655
13657
13658
13659
13662
13663
13664
13665
13668
13669
13670
13671
13674
13675
13676
13677
13679
13681
13682
13683
13685
13687
13688
13689
13692
13693
13694
13695
13697
13699
13700
13701
13704
13705
13706
13707
13709
13711
13712
13713
13716
13717
13718
13719
13721
13723
13724
13725
13727
13729
13730
13731
13734
13735
13736
13737
13739
13741
13742
13743
13745
13747
13748
13749
13751
13753
13754
13755
13758
13759
13760
13761
13764
13765
13766
13767
13769
13771
13772
13773
13775
13776
13778
13780
13782
13783
13784
13785
13787
13789
13790
13791
13793
13795
13796
13798
13799
13800
13803
13804
13806
13807
13808
13809
13811
13813
13814
13815
13817
13819
13820
13821
13824
13825
13826
13827
13830
13831
13832
13833
13835
13837
13838
13840
13841
13843
13844
13845
13848
13849
13850
13851
13853
13855
13856
13857
13859
13861
13862
13863
13865
13867
13868
13869
13871
13873
13874
13875
13877
13879
13880
13881
13884
13885
13886
13887
13890
13891
13892
13893
13895
13897
13898
13899
13901
13903
13904
13906
13907
13909
13910
13911
13914
13915
13916
13917
13919
13921
13922
13923
13925
13927
13928
13929
13931
13933
13934
13935
13937
13939
13940
13941
13944
13945
13946
13947
13949
13951
13952
13953
13956
13957
13958
13959
13961
13963
13964
13965
13968
13969
13970
13971
13974
13975
13976
13977
13980
13981
13982
13983
13985
13986
13988
13990
13992
13993
13994
13995
13997
13999
14000
14001
14003
14005
14006
14007
14010
14011
14012
14013
14015
14017
14018
14019
14021
14023
14024
14025
14028
14029
14031
14032
14033
14035
14036
14037
14040
14041
14042
14043
14046
14047
14048
14049
14052
14053
14054
14055
14057
14059
14060
14061
14063
14065
14066
14067
14069
14070
14073
14074
14076
14077
14078
14079
14082
14083
14084
14085
14087
14089
14090
14091
14093
14095
14096
14097
14099
14101
14102
14103
14105
14107
14108
14109
14112
14113
14114
14115
14118
14119
14120
14121
14123
14125
14126
14127
14130
14131
14132
14133
14135
14137
14138
14139
14142
14143
14144
14145
14147
14149
14150
14151
14153
14155
14156
14157
14159
14160
14162
14164
14165
14167
14168
14169
14172
14173
14174
14175
14177
14179
14180
14181
14184
14185
14186
14187
14189
14191
14193
14194
14196
14197
14198
14199
14202
14203
14204
14205
14208
14209
14210
14211
14213
14215
14216
14217
14219
14221
14222
14223
14225
14227
14228
14229
14232
14233
14234
14236
14238
14239
14240
14241
14243
14245
14246
14248
14249
14251
14252
14253
14256
14257
14258
14259
14262
14263
14264
14265
14268
14269
14270
14271
14273
14275
14276
14277
14279
14281
14282
14283
14285
14287
14288
14289
14291
14293
14294
14295
14297
14299
14300
14301
14304
14305
14307
14308
14309
14310
14313
14314
14316
14317
14318
14319
14321
14323
14324
14325
14328
14329
14330
14331
14334
14335
14336
14337
14340
14341
14342
14343
14345
14347
14348
14349
14351
14353
14354
14355
14358
14359
14360
14361
14364
14365
14366
14367
14369
14370
14373
14374
14375
14377
14378
14379
14381
14383
14384
14385
14388
14389
14390
14391
14393
14395
14396
14397
14399
14401
14402
14403
14405
14407
14408
14409
14411
14413
14414
14415
14418
14419
14420
14421
14424
14425
14426
14427
14429
14431
14432
14433
14435
14437
14438
14439
14441
14443
14444
14445
14447
14449
14450
14451
14453
14455
14456
14457
14459
14461
14462
14463
14466
14467
14469
14470
14472
14473
14474
14475
14478
14479
14480
14481
14483
14485
14486
14487
14489
14490
14492
14494
14495
14497
14498
14499
14502
14503
14504
14505
14507
14509
14510
14511
14513
14515
14516
14517
14519
14521
14522
14523
14526
14527
14529
14530
14532
14533
14534
14536
14537
14539
14540
14541
14543
14545
14546
14547
14549
14550
14552
14554
14556
14557
14558
14559
14561
14563
14564
14565
14568
14569
14570
14571
14574
14575
14576
14577
14580
14581
14582
14583
14585
14587
14588
14589
14592
14593
14594
14595
14598
14599
14600
14601
14603
14605
14606
14607
14610
14611
14612
14613
14615
14616
14619
14620
14622
14623
14624
14625
14628
14629
14630
14631
14634
14635
14636
14637
14639
14641
14642
14643
14646
14647
14649
14650
14652
14653
14654
14655
14657
14659
14660
14661
14663
14665
14666
14667
14669
14671
14672
14673
14676
14677
14678
14679
14681
14683
14684
14685
14687
14689
14690
14691
14694
14695
14696
14697
14700
14701
14702
14703
14705
14706
14708
14710
14712
14713
14714
14715
14717
14719
14720
14721
14723
14725
14726
14727
14730
14731
14732
14733
14735
14736
14738
14740
14742
14743
14744
14745
14748
14749
14750
14751
14753
14755
14756
14757
14759
14760
14763
14764
14766
14767
14768
14769
14772
14773
14774
14775
14777
14779
14780
14781
14784
14785
14786
14788
14790
14791
14792
14793
14796
14797
14798
14799
14801
14803
14804
14805
14808
14809
14810
14811
14813
14815
14816
14817
14820
14821
14822
14823
14825
14826
14829
14830
14831
14833
14834
14835
14837
14839
14840
14841
14843
14845
14846
14847
14850
14851
14852
14853
14855
14856
14859
14860
14862
14863
14864
14865
14867
14869
14870
14871
14873
14875
14876
14877
14879
14881
14882
14883
14885
14887
14888
14890
14891
14893
14894
14895
14898
14899
14900
14901
14903
14905
14906
14907
14910
14911
14912
14913
14915
14917
14918
14919
14921
14923
14925
14926
14927
14929
14930
14931
14933
14935
14936
14937
14940
14941
14942
14943
14946
14947
14948
14949
14952
14953
14954
14955
14957
14959
14960
14962
14964
14965
14967
14968
14969
14970
14973
14974
14976
14977
14978
14979
14982
14983
14984
14985
14987
14989
14990
14991
14994
14995
14996
14997
14999
15001
15002
15003
15005
15007
15008
15009
15011
15013
15014
15016
15017
15019
15020
15021
15024
15025
15026
15027
15029
15031
15032
15033
15036
15037
15038
15039
15042
15043
15044
15045
15048
15049
15050
15051
15054
15055
15056
15057
15059
15061
15062
15063
15066
15067
15068
15069
15072
15073
15074
15075
15078
15079
15080
15081
15084
15085
15086
15087
15089
15091
15092
15093
15095
15097
15098
15099
15101
15103
15104
15106
15107
15109
15110
15111
15114
15115
15116
15117
15119
15121
15122
15123
15126
15127
15128
15129
15131
15133
15134
15135
15137
15139
15140
15141
15143
15145
15146
15148
15149
15151
15152
15153
15156
15157
15159
15160
15161
15163
15164
15166
15168
15169
15170
15171
15174
15175
15176
15177
15179
15181
15182
15183
15186
15187
15188
15189
15192
15193
15194
15195
15197
15199
15200
15201
15203
15205
15206
15207
15209
15211
15212
15213
15216
15217
15218
15219
15222
15223
15224
15225
15227
15229
15230
15231
15234
15235
15237
15238
15240
15241
15242
15243
15246
15247
15248
15249
15251
15253
15254
15255
15257
15259
15260
15261
15264
15265
15266
15267
15269
15271
15272
15273
15276
15277
15278
15279
15282
15283
15284
15285
15288
15289
15290
15291
15293
15295
15296
15297
15300
15301
15302
15303
15306
15307
15308
15309
15311
15313
15314
15315
15318
15319
15320
15321
15324
15325
15326
15327
15329
15331
15332
15333
15336
15337
15338
15339
15342
15343
15344
15345
15347
15349
15350
15351
15353
15355
15356
15357
15359
15361
15362
15363
15365
15366
15368
15370
15372
15373
15374
15375
15378
15379
15381
15382
15383
15385
15386
15387
15390
15391
15392
15393
15395
15397
15398
15399
15402
15403
15404
15405
15408
15409
15410
15411
15413
15415
15416
15417
15419
15421
15422
15423
15426
15427
15428
15429
15431
15433
15434
15435
15437
15439
15440
15441
15444
15445
15446
15447
15450
15451
15452
15453
15456
15457
15458
15459
15462
15463
15464
15465
15468
15469
15470
15471
15474
15475
15477
15478
15479
15481
15482
15483
15485
15487
15488
15489
15492
15493
15494
15495
15497
15499
15500
15501
15504
15505
15507
15508
15509
15511
15512
15513
15516
15517
15518
15519
15521
15523
15524
15525
15527
15529
15530
15531
15534
15535
15536
15537
15539
15541
15542
15543
15545
15546
15549
15550
15551
15553
15554
15555
15557
15559
15560
15561
15564
15565
15566
15567
15570
15571
15572
15573
15575
15577
15578
15579
15581
15583
15584
15585
15587
15589
15590
15591
15593
15595
15596
15597
15600
15601
15602
15603
15606
15607
15608
15609
15611
15613
15614
15615
15618
15619
15620
15621
15623
15625
15626
15627
15629
15631
15632
15633
15635
15637
15638
15639
15642
15643
15644
15645
15647
15649
15650
15651
15654
15655
15656
15657
15660
15661
15663
15664
15665
15667
15668
15669
15671
15673
15674
15675
15677
15679
15680
15681
15684
15685
15687
15688
15689
15691
15692
15693
15696
15697
15698
15699
15701
15703
15704
15705
15708
15709
15710
15711
15713
15715
15716
15717
15719
15720
15723
15724
15725
15727
15728
15730
15731
15733
15734
15735
15737
15739
15740
15741
15744
15745
15746
15747
15750
15751
15752
15753
15756
15757
15758
15759
15762
15763
15764
15765
15767
15769
15770
15772
15773
15775
15776
15777
15779
15781
15782
15783
15785
15787
15788
15789
15792
15793
15794
15795
15797
15799
15800
15801
15804
15805
15806
15807
15809
15810
15813
15814
15816
15817
15818
15819
15822
15823
15824
15825
15828
15829
15830
15831
15833
15835
15836
15837
15839
15841
15842
15843
15845
15847
15848
15849
15852
15853
15854
15855
15858
15859
15860
15861
15863
15865
15866
15867
15869
15871
15872
15873
15875
15877
15878
15879
15881
15883
15884
15885
15888
15889
15890
15891
15894
15895
15897
15898
15899
15901
15902
15903
15905
15907
15908
15909
15912
15913
15914
15915
15918
15919
15920
15921
15923
15925
15926
15928
15929
15930
15933
15934
15935
15936
15938
15940
15942
15943
15944
15945
15948
15949
15950
15951
15953
15955
15956
15957
15959
15961
15962
15963
15965
15967
15968
15969
15972
15973
15974
15975
15978
15979
15980
15981
15983
15985
15986
15987
15990
15991
15992
15993
15995
15997
15998
15999
16001
16003
16004
16005
16007
16009
16010
16011
16014
16015
16016
16017
16020
16021
16022
16023
16025
16027
16028
16029
16032
16033
16034
16035
16038
16039
16040
16041
16043
16045
16046
16047
16050
16051
16052
16053
16055
16057
16058
16059
16062
16063
16064
16065
16068
16069
16070
16071
16073
16075
16076
16077
16080
16081
16082
16083
16086
16087
16088
16089
16092
16093
16094
16095
16097
16099
16100
16101
16103
16105
16106
16107
16110
16111
16112
16113
16116
16117
16118
16119
16121
16123
16124
16125
16128
16129
16130
16131
16134
16135
16136
16137
16140
16141
16142
16143
16145
16146
16149
16150
16151
16153
16154
16155
16158
16159
16160
16161
16163
16165
16166
16167
16169
16171
16172
16173
16175
16177
16178
16179
16181
16183
16184
16186
16188
16189
16191
16192
16194
16195
16196
16197
16200
16201
16202
16203
16206
16207
16208
16209
16212
16213
16214
16215
16217
16219
16220
16221
16223
16225
16226
16228
16230
16231
16232
16233
16235
16237
16238
16239
16241
16243
16244
16245
16248
16249
16250
16251
16254
16255
16256
16257
16260
16261
16262
16263
16266
16267
16268
16269
16272
16273
16274
16275
16277
16279
16280
16281
16284
16285
16286
16287
16289
16291
16292
16293
16295
16297
16298
16300
16301
16303
16304
16305
16307
16309
16310
16311
16313
16315
16316
16317
16320
16321
16322
16323
16325
16326
16329
16330
16332
16333
16334
16335
16338
16339
16340
16341
16343
16345
16346
16348
16349
16351
16352
16353
16355
16356
16359
16360
16361
16363
16364
16366
16367
16369
16370
16371
16374
16375
16376
16377
16380
16381
16382
16383
16386
16387
16388
16389
16392
16393
16394
16395
16397
16399
16400
16401
16404
16405
16406
16408
16409
16411
16412
16413
16415
16417
16418
16419
16422
16423
16424
16425
16427
16429
16430
16431
16433
16435
16436
16437
16439
16441
16442
16443
16446
16447
16448
16449
16452
16453
16454
16455
16458
16459
16460
16461
16464
16465
16467
16468
16469
16471
16472
16473
16475
16477
16478
16479
16481
16483
16484
16485
16488
16489
16490
16492
16493
16495
16496
16497
16499
16501
16502
16503
16506
16507
16508
16509
16512
16513
16514
16515
16518
16519
16520
16521
16524
16525
16526
16527
16529
16531
16532
16533
16536
16537
16538
16539
16542
16543
16544
16545
16548
16549
16550
16551
16554
16555
16556
16557
16559
16561
16562
16563
16565
16567
16568
16569
16572
16573
16574
16575
16578
16579
16580
16581
16583
16585
16587
16588
16590
16591
16592
16593
16595
16597
16598
16599
16601
16603
16604
16605
16607
16609
16610
16611
16614
16615
16616
16617
16620
16621
16622
16623
16626
16627
16628
16629
16632
16633
16634
16635
16637
16639
16640
16642
16644
16645
16647
16648
16649
16651
16652
16653
16655
16657
16658
16659
16661
16663
16664
16665
16667
16669
16670
16671
16674
16675
16677
16678
16679
16681
16682
16684
16686
16687
16688
16689
16691
16693
16694
16695
16697
16699
16700
16701
16704
16705
16706
16707
16710
16711
16712
16713
16716
16717
16718
16719
16721
16723
16724
16725
16727
16729
16730
16731
16734
16735
16736
16737
16740
16741
16742
16743
16745
16747
16748
16749
16751
16753
16754
16755
16757
16759
16760
16762
16764
16765
16766
16767
16769
16771
16772
16773
16775
16777
16778
16779
16782
16783
16784
16785
16788
16789
16790
16791
16794
16795
16796
16797
16799
16801
16802
16803
16805
16807
16808
16809
16811
16813
16814
16815
16818
16819
16820
16821
16824
16825
16826
16827
16829
16831
16832
16833
16835
16837
16838
16839
16841
16843
16844
16845
16848
16849
16850
16851
16853
16855
16856
16857
16860
16861
16862
16863
16866
16867
16868
16869
16871
16873
16874
16875
16878
16879
16880
16881
16884
16885
16886
16887
16890
16891
16893
16894
16896
16897
16898
16899
16901
16903
16904
16905
16907
16909
16910
16911
16914
16915
16916
16917
16919
16920
16923
16924
16925
16927
16928
16930
16932
16933
16934
16935
16938
16939
16940
16941
16944
16945
16946
16947
16949
16950
16952
16954
16955
16957
16958
16959
16961
16963
16964
16965
16968
16969
16971
16972
16973
16975
16976
16977
16979
16980
16982
16984
16986
16987
16988
16989
16991
16993
16994
16995
16998
16999
17001
17002
17003
17005
17006
17007
17009
17011
17012
17013
17015
17017
17018
17019
17021
17023
17024
17025
17028
17029
17030
17031
17033
17035
17036
17037
17039
17040
17043
17044
17045
17047
17048
17050
17052
17053
17054
17055
17058
17059
17060
17061
17063
17065
17066
17067
17069
17071
17072
17073
17075
17076
17078
17080
17082
17083
17084
17085
17087
17089
17090
17091
17093
17095
17096
17097
17100
17101
17103
17104
17105
17107
17108
17109
17112
17113
17114
17115
17117
17119
17120
17121
17123
17125
17126
17127
17129
17131
17132
17133
17135
17137
17138
17139
17141
17143
17144
17145
17148
17149
17150
17151
17154
17155
17156
17157
17159
17161
17162
17163
17165
17167
17168
17169
17172
17173
17174
17175
17177
17179
17180
17181
17183
17185
17186
17187
17190
17191
17192
17193
17195
17197
17198
17199
17201
17203
17204
17205
17208
17209
17210
17211
17214
17215
17216
17217
17220
17221
17222
17223
17226
17227
17228
17229
17231
17233
17234
17235
17238
17239
17240
17241
17244
17245
17246
17247
17249
17251
17252
17253
17256
17257
17258
17259
17262
17263
17264
17265
17268
17269
17270
17271
17274
17275
17276
17277
17279
17281
17282
17283
17285
17287
17288
17289
17291
17293
17294
17295
17298
17299
17300
17301
17303
17305
17306
17307
17310
17311
17312
17313
17316
17317
17318
17319
17322
17323
17324
17325
17327
17329
17330
17332
17333
17335
17336
17337
17340
17341
17342
17343
17346
17347
17348
17349
17351
17353
17354
17355
17357
17359
17360
17361
17364
17365
17366
17367
17370
17371
17372
17373
17376
17377
17378
17379
17382
17383
17384
17385
17388
17389
17390
17391
17393
17395
17396
17397
17399
17401
17402
17403
17406
17407
17409
17410
17412
17413
17414
17415
17418
17419
17420
17421
17423
17425
17426
17427
17429
17431
17432
17433
17435
17437
17438
17439
17442
17443
17444
17445
17448
17449
17450
17451
17453
17455
17456
17457
17460
17461
17462
17463
17466
17467
17468
17469
17471
17473
17474
17475
17478
17479
17480
17481
17483
17485
17487
17488
17489
17490
17493
17494
17495
17497
17498
17499
17502
17503
17505
17506
17507
17509
17510
17511
17513
17515
17516
17517
17519
17521
17522
17523
17525
17527
17528
17529
17532
17533
17534
17536
17537
17539
17540
17541
17544
17545
17546
17547
17550
17551
17552
17553
17556
17557
17558
17559
17561
17563
17564
17565
17567
17569
17570
17571
17574
17575
17576
17577
17580
17581
17582
17583
17585
17587
17588
17589
17591
17593
17594
17596
17597
17599
17600
17601
17604
17605
17606
17607
17609
17611
17612
17613
17615
17616
17619
17620
17622
17623
17624
17625
17628
17629
17630
17631
17634
17635
17636
17637
17639
17641
17642
17643
17645
17646
17648
17650
17651
17653
17654
17655
17657
17659
17660
17661
17664
17665
17666
17667
17670
17671
17672
17673
17676
17677
17678
17679
17681
17683
17684
17685
17688
17689
17690
17691
17693
17695
17696
17697
17699
17701
17702
17703
17706
17707
17709
17710
17712
17713
17714
17715
17717
17719
17720
17721
17724
17725
17726
17727
17729
17730
17733
17734
17735
17737
17738
17739
17742
17743
17744
17746
17748
17749
17750
17751
17753
17755
17756
17758
17760
17761
17762
17763
17766
17767
17768
17769
17771
17773
17774
17776
17778
17779
17780
17781
17783
17785
17786
17787
17789
17790
17792
17794
17795
17797
17798
17799
17801
17803
17804
17806
17807
17809
17810
17811
17813
17815
17816
17817
17820
17821
17822
17823
17825
17827
17828
17829
17831
17833
17834
17836
17837
17839
17840
17841
17843
17845
17846
17847
17849
17850
17853
17854
17855
17857
17858
17859
17861
17863
17864
17865
17868
17869
17870
17871
17874
17875
17876
17877
17880
17881
17882
17883
17885
17886
17889
17890
17891
17893
17894
17895
17897
17899
17900
17901
17904
17905
17907
17908
17910
17911
17912
17913
17916
17917
17918
17919
17921
17923
17924
17925
17928
17929
17930
17931
17934
17935
17937
17938
17939
17941
17942
17943
17945
17947
17948
17950
17952
17953
17954
17955
17957
17959
17960
17961
17963
17965
17966
17968
17970
17971
17972
17973
17975
17977
17978
17979
17981
17983
17984
17985
17987
17989
17990
17991
17994
17995
17996
17997
18000
18001
18002
18003
18006
18007
18008
18009
18012
18013
18014
18015
18018
18019
18020
18021
18023
18025
18026
18027
18029
18030
18033
18034
18035
18037
18038
18039
18041
18043
18044
18045
18047
18049
18051
18052
18054
18055
18057
18058
18059
18061
18062
18063
18065
18067
18068
18069
18072
18073
18074
18075
18077
18079
18080
18081
18084
18085
18086
18087
18089
18091
18092
18093
18096
18097
18098
18099
18101
18103
18104
18106
18107
18109
18110
18111
18114
18115
18116
18117
18120
18121
18122
18123
18126
18127
18128
18129
18131
18133
18134
18135
18138
18139
18141
18142
18143
18145
18146
18147
18149
18150
18153
18154
18156
18157
18158
18159
18162
18163
18164
18165
18168
18169
18170
18171
18174
18175
18176
18177
18179
18181
18182
18183
18185
18187
18188
18189
18192
18193
18194
18195
18198
18199
18200
18201
18204
18205
18206
18207
18209
18211
18212
18213
18216
18217
18218
18219
18222
18223
18224
18225
18228
18229
18230
18231
18233
18235
18236
18237
18240
18241
18242
18243
18245
18247
18248
18250
18251
18253
18255
18256
18258
18259
18260
18261
18263
18265
18266
18267
18269
18271
18272
18273
18275
18277
18278
18279
18282
18283
18284
18285
18287
18289
18290
18291
18293
18295
18296
18297
18299
18301
18302
18303
18305
18307
18308
18309
18311
18313
18314
18315
18317
18319
18320
18321
18323
18325
18326
18327
18330
18331
18332
18333
18335
18336
18339
18340
18342
18343
18344
18345
18347
18349
18350
18351
18354
18355
18356
18357
18359
18360
18363
18364
18366
18367
18368
18369
18372
18373
18374
18375
18377
18379
18380
18381
18383
18385
18386
18387
18390
18391
18392
18393
18395
18397
18398
18399
18401
18403
18404
18406
18408
18409
18410
18411
18414
18415
18416
18417
18420
18421
18422
18423
18425
18427
18428
18429
18432
18433
18434
18435
18437
18439
18440
18441
18443
18445
18446
18447
18449
18451
18452
18453
18455
18457
18458
18459
18462
18463
18464
18465
18467
18469
18470
18471
18473
18475
18476
18477
18479
18481
18482
18483
18485
18487
18488
18489
18492
18493
18494
18495
18497
18499
18500
18501
18504
18505
18506
18507
18510
18511
18512
18513
18516
18517
18518
18519
18522
18523
18524
18525
18528
18529
18530
18531
18533
18535
18536
18537
18539
18541
18542
18543
18545
18547
18548
18549
18551
18553
18554
18555
18557
18559
18560
18561
18564
18565
18566
18567
18570
18571
18572
18573
18575
18577
18578
18579
18581
18583
18584
18585
18588
18589
18590
18591
18594
18595
18596
18597
18599
18601
18602
18603
18605
18607
18608
18609
18611
18613
18614
18615
18618
18619
18620
18621
18624
18625
18626
18627
18630
18631
18632
18633
18635
18637
18638
18639
18642
18643
18644
18645
18648
18649
18650
18651
18654
18655
18656
18657
18660
18661
18662
18663
18665
18667
18668
18669
18672
18673
18674
18676
18678
18679
18680
18681
18684
18685
18686
18687
18689
18691
18692
18693
18695
18697
18698
18699
18701
18703
18704
18705
18707
18709
18710
18711
18714
18715
18716
18717
18719
18720
18723
18724
18726
18727
18728
18729
18732
18733
18734
18735
18738
18739
18740
18741
18744
18745
18746
18747
18749
18750
18752
18754
18755
18757
18758
18759
18761
18763
18764
18765
18768
18769
18770
18771
18773
18775
18777
18778
18779
18781
18782
18783
18785
18787
18788
18789
18792
18793
18794
18795
18798
18799
18800
18801
18803
18805
18806
18807
18810
18811
18812
18813
18815
18817
18818
18819
18822
18823
18824
18825
18827
18829
18830
18831
18833
18835
18836
18837
18839
18841
18842
18843
18845
18847
18848
18849
18851
18853
18854
18855
18857
18859
18860
18861
18864
18865
18866
18867
18869
18871
18872
18873
18876
18877
18878
18879
18882
18883
18884
18885
18888
18889
18890
18892
18893
18895
18896
18897
18899
18901
18902
18903
18906
18907
18908
18909
18911
18913
18914
18915
18918
18919
18920
18921
18924
18925
18926
18927
18930
18931
18932
18933
18935
18937
18938
18939
18942
18943
18944
18945
18948
18949
18950
18951
18954
18955
18956
18957
18959
18961
18962
18963
18965
18966
18968
18970
18971
18973
18974
18975
18977
18979
18980
18981
18983
18985
18986
18987
18990
18991
18993
18994
18995
18997
18998
18999
19002
19003
19004
19005
19007
19009
19010
19011
19013
19015
19016
19017
19019
19021
19022
19023
19025
19026
19029
19030
19032
19033
19034
19035
19037
19039
19040
19041
19043
19045
19046
19047
19049
19050
19052
19054
19056
19057
19058
19059
19062
19063
19064
19065
19068
19069
19070
19071
19074
19075
19076
19077
19079
19081
19082
19083
19085
19087
19088
19089
19092
19093
19094
19095
19098
19099
19100
19101
19103
19105
19106
19107
19110
19111
19112
19113
19116
19117
19118
19119
19121
19123
19124
19125
19127
19129
19130
19131
19133
19135
19136
19137
19140
19141
19142
19143
19146
19147
19148
19149
19152
19153
19154
19156
19157
19159
19160
19161
19163
19165
19166
19167
19170
19171
19172
19173
19176
19177
19178
19179
19182
19183
19184
19185
19188
19189
19190
19191
19194
19195
19197
19198
19200
19201
19203
19204
19205
19207
19208
19209
19212
19213
19214
19215
19217
19219
19220
19221
19223
19225
19226
19227
19229
19231
19232
19233
19236
19237
19238
19239
19241
19243
19244
19245
19248
19249
19250
19251
19254
19255
19256
19257
19259
19261
19262
19263
19265
19267
19268
19269
19272
19273
19274
19275
19278
19279
19280
19281
19283
19285
19286
19287
19289
19291
19292
19293
19295
19297
19298
19299
19302
19303
19304
19305
19308
19309
19310
19311
19313
19315
19316
19317
19319
19320
19323
19324
19325
19326
19329
19330
19332
19333
19334
19335
19338
19339
19340
19341
19344
19345
19346
19347
19349
19350
19352
19354
19355
19357
19358
19359
19361
19363
19364
19365
19367
19369
19370
19371
19373
19375
19376
19377
19380
19381
19382
19383
19386
19387
19388
19389
19391
19393
19394
19395
19398
19399
19400
19401
19404
19405
19406
19407
19410
19411
19412
19413
19415
19416
19418
19420
19422
19423
19424
19425
19428
19429
19430
19431
19433
19435
19436
19438
19439
19441
19442
19443
19446
19447
19448
19449
19452
19453
19454
19455
19457
19459
19460
19461
19463
19465
19466
19467
19470
19471
19472
19473
19475
19477
19478
19479
19481
19483
19484
19485
19488
19489
19490
19491
19494
19495
19497
19498
19499
19501
19502
19503
19506
19507
19508
19509
19512
19513
19514
19515
19518
19519
19520
19521
19524
19525
19526
19527
19529
19531
19532
19533
19535
19537
19538
19539
19542
19543
19544
19545
19547
19549
19550
19551
19553
19555
19556
19557
19559
19561
19562
19563
19566
19567
19568
19569
19571
19573
19574
19575
19578
19579
19580
19581
19584
19585
19586
19587
19589
19591
19592
19593
19595
19597
19598
19599
19601
19603
19604
19605
19607
19609
19610
19611
19614
19615
19616
19617
19619
19620
19623
19624
19625
19627
19628
19629
19631
19633
19634
19635
19637
19639
19640
19641
19644
19645
19646
19647
19649
19651
19652
19653
19655
19657
19658
19659
19662
19663
19664
19665
19667
19669
19670
19671
19673
19675
19676
19677
19679
19681
19682
19683
19685
19687
19688
19689
19691
19693
19694
19695
19697
19699
19700
19701
19704
19705
19706
19707
19710
19711
19712
19713
19716
19717
19718
19719
19722
19723
19724
19725
19727
19729
19730
19732
19733
19735
19736
19737
19739
19740
19742
19744
19745
19746
19748
19750
19751
19753
19754
19755
19758
19759
19760
19761
19763
19765
19766
19768
19769
19771
19772
19773
19775
19777
19778
19779
19782
19783
19784
19785
19787
19789
19790
19792
19793
19795
19796
19798
19799
19801
19802
19803
19806
19807
19808
19809
19812
19813
19814
19815
19817
19819
19820
19821
19823
19825
19826
19827
19829
19831
19832
19833
19836
19837
19838
19839
19841
19843
19844
19846
19847
19849
19850
19851
19854
19855
19856
19857
19860
19861
19862
19863
19866
19867
19868
19869
19872
19873
19874
19875
19878
19879
19880
19881
19884
19885
19886
19887
19889
19891
19892
19893
19895
19897
19898
19899
19902
19903
19904
19905
19908
19909
19911
19912
19914
19915
19916
19917
19919
19921
19922
19923
19925
19927
19928
19929
19931
19933
19934
19935
19938
19939
19940
19941
19944
19945
19947
19948
19949
19950
19953
19954
19955
19957
19958
19959
19961
19963
19964
19965
19967
19969
19970
19972
19974
19975
19976
19977
19979
19981
19982
19983
19986
19987
19988
19989
19992
19993
19994
19995
19997
19999
20000
20001
20003
20005
20006
20007
20009
20011
20012
20013
20016
20017
20018
20019
20022
20023
20024
20025
20027
20029
20030
20031
20034
20035
20036
20037
20040
20041
20042
20043
20046
20047
20048
20049
20052
20053
20054
20055
20057
20059
20060
20061
20063
20065
20067
20068
20069
20070
20072
20074
20075
20077
20078
20079
20082
20083
20084
20085
20087
20089
20091
20092
20093
20095
20096
20097
20100
20101
20102
20103
20106
20107
20108
20109
20112
20113
20114
20115
20118
20119
20120
20121
20123
20125
20126
20127
20129
20131
20132
20133
20135
20136
20138
20140
20141
20143
20144
20145
20148
20149
20151
20152
20153
20155
20156
20157
20159
20161
20162
20163
20165
20167
20168
20169
20171
20173
20174
20175
20177
20179
20180
20181
20183
20185
20186
20187
20189
20190
20193
20194
20196
20197
20198
20199
20202
20203
20205
20206
20207
20209
20210
20212
20213
20215
20216
20217
20220
20221
20222
20224
20225
20227
20228
20229
20231
20233
20234
20235
20238
20239
20240
20241
20243
20245
20246
20247
20249
20251
20252
20253
20255
20257
20258
20259
20261
20263
20264
20265
20268
20269
20270
20271
20274
20275
20276
20277
20279
20281
20282
20283
20285
20286
20288
20290
20291
20293
20294
20295
20298
20299
20300
20301
20304
20305
20306
20307
20309
20310
20312
20314
20315
20317
20318
20319
20322
20323
20324
20325
20328
20329
20330
20331
20333
20335
20336
20337
20339
20340
20343
20344
20345
20347
20348
20349
20351
20353
20354
20355
20357
20359
20360
20361
20363
20365
20366
20367
20370
20371
20372
20373
20376
20377
20378
20379
20382
20383
20384
20385
20387
20389
20390
20391
20393
20395
20397
20398
20399
20401
20402
20403
20406
20407
20408
20409
20412
20413
20414
20415
20417
20419
20420
20421
20423
20425
20426
20427
20429
20431
20432
20433
20436
20437
20438
20439
20442
20443
20444
20445
20448
20449
20450
20451
20453
20455
20456
20457
20459
20461
20462
20463
20465
20467
20468
20469
20472
20473
20474
20475
20477
20479
20480
20481
20484
20485
20486
20487
20490
20491
20492
20493
20495
20496
20498
20500
20502
20503
20505
20506
20508
20509
20510
20511
20514
20515
20516
20517
20519
20521
20522
20523
20525
20527
20528
20530
20532
20533
20534
20535
20538
20539
20540
20541
20544
20545
20546
20547
20549
20551
20552
20553
20555
20557
20558
20559
20561
20563
20564
20565
20568
20569
20570
20571
20574
20575
20576
20577
20580
20581
20582
20583
20585
20587
20588
20589
20592
20593
20594
20595
20598
20599
20600
20601
20603
20605
20606
20607
20609
20611
20612
20613
20616
20617
20618
20619
20621
20623
20624
20626
20627
20629
20630
20632
20634
20635
20636
20637
20640
20641
20642
20643
20646
20647
20648
20649
20651
20653
20654
20655
20657
20659
20660
20661
20664
20665
20666
20667
20670
20671
20672
20673
20676
20677
20678
20679
20682
20683
20684
20685
20687
20689
20690
20691
20694
20695
20696
20698
20700
20701
20702
20703
20706
20707
20708
20709
20711
20713
20714
20715
20718
20719
20721
20722
20723
20725
20726
20727
20729
20731
20732
20733
20736
20737
20738
20739
20741
20743
20744
20745
20747
20749
20750
20752
20754
20755
20756
20757
20759
20761
20762
20763
20766
20767
20768
20769
20772
20773
20774
20775
20777
20779
20780
20781
20784
20785
20786
20788
20789
20790
20793
20794
20795
20797
20798
20799
20801
20803
20804
20805
20808
20809
20810
20811
20814
20815
20816
20817
20820
20821
20822
20823
20825
20827
20828
20829
20831
20833
20834
20835
20837
20839
20840
20841
20844
20845
20846
20847
20849
20851
20852
20853
20855
20857
20858
20859
20861
20863
20864
20865
20867
20869
20870
20871
20874
20875
20876
20877
20880
20881
20882
20883
20886
20887
20888
20889
20891
20893
20894
20895
20897
20899
20900
20901
20904
20905
20906
20907
20909
20911
20912
20913
20916
20917
20918
20919
20921
20923
20924
20925
20928
20929
20930
20931
20933
20935
20936
20937
20940
20941
20942
20943
20946
20947
20948
20949
20951
20953
20954
20955
20957
20959
20960
20961
20964
20965
20966
20967
20969
20970
20972
20974
20976
20977
20978
20979
20982
20983
20984
20985
20987
20989
20990
20991
20994
20995
20996
20997
20999
21001
21002
21003
21006
21007
21008
21009
21011
21013
21014
21015
21017
21019
21020
21022
21024
21025
21026
21027
21029
21031
21032
21033
21035
21037
21038
21039
21041
21043
21044
21046
21048
21049
21050
21051
21053
21055
21056
21057
21060
21061
21062
21063
21066
21067
21068
21069
21072
21073
21074
21075
21077
21079
21080
21081
21083
21085
21086
21087
21090
21091
21092
21093
21095
21097
21098
21099
21102
21103
21105
21106
21107
21109
21110
21111
21114
21115
21116
21117
21120
21121
21122
21123
21125
21126
21128
21130
21132
21133
21134
21135
21138
21139
21140
21141
21143
21145
21146
21147
21150
21151
21152
21153
21155
21157
21158
21159
21162
21163
21164
21165
21168
21169
21170
21171
21174
21175
21176
21177
21179
21181
21182
21183
21185
21187
21188
21189
21192
21193
21194
21195
21197
21199
21200
21201
21203
21205
21206
21207
21209
21210
21212
21214
21216
21217
21218
21219
21222
21223
21224
21225
21228
21229
21230
21231
21234
21235
21236
21237
21239
21240
21243
21244
21245
21247
21248
21249
21252
21253
21254
21255
21258
21259
21261
21262
21263
21265
21266
21267
21270
21271
21272
21273
21275
21277
21278
21279
21282
21283
21284
21285
21287
21289
21290
21292
21294
21295
21296
21297
21299
21301
21302
21303
21305
21307
21308
21309
21311
21313
21314
21315
21318
21319
21320
21321
21324
21325
21326
21327
21330
21331
21332
21334
21335
21337
21338
21339
21341
21343
21344
21345
21348
21349
21350
21351
21354
21355
21357
21358
21359
21361
21362
21363
21365
21367
21368
21369
21371
21373
21374
21375
21378
21379
21380
21381
21384
21385
21386
21387
21389
21391
21392
21393
21395
21396
21399
21400
21401
21403
21404
21406
21407
21409
21410
21412
21414
21415
21416
21417
21419
21420
21423
21424
21425
21427
21428
21429
21431
21433
21434
21435
21437
21439
21440
21441
21444
21445
21446
21447
21450
21451
21452
21453
21455
21457
21458
21459
21461
21463
21464
21465
21467
21469
21470
21471
21474
21475
21476
21477
21480
21481
21482
21483
21486
21487
21488
21489
21492
21493
21494
21495
21497
21499
21500
21501
21503
21505
21506
21507
21509
21511
21512
21513
21516
21517
21518
21519
21521
21523
21524
21526
21528
21529
21530
21531
21534
21535
21536
21537
21540
21541
21542
21543
21546
21547
21548
21550
21551
21553
21554
21555
21558
21559
21560
21561
21563
21565
21566
21567
21570
21571
21572
21573
21576
21577
21578
21579
21581
21583
21584
21586
21587
21589
21590
21591
21593
21595
21596
21597
21600
21601
21602
21603
21605
21607
21608
21609
21611
21613
21614
21615
21618
21619
21620
21621
21624
21625
21626
21627
21629
21630
21633
21634
21635
21636
21638
21640
21642
21643
21645
21646
21648
21649
21650
21651
21653
21655
21656
21657
21659
21660
21662
21664
21665
21667
21668
21669
21671
21673
21674
21675
21678
21679
21680
21681
21684
21685
21686
21687
21690
21691
21692
21693
21696
21697
21698
21699
21701
21703
21704
21705
21708
21709
21710
21712
21714
21715
21716
21717
21719
21721
21722
21723
21725
21727
21728
21729
21731
21733
21734
21736
21738
21739
21740
21741
21744
21745
21746
21747
21749
21751
21752
21753
21755
21757
21758
21759
21762
21763
21764
21765
21768
21769
21770
21771
21774
21775
21776
21777
21779
21781
21782
21783
21785
21786
21789
21790
21791
21793
21794
21795
21798
21799
21800
21801
21803
21805
21806
21807
21809
21811
21812
21813
21815
21817
21818
21819
21822
21823
21824
21825
21827
21829
21830
21831
21834
21835
21836
21837
21840
21841
21842
21843
21846
21847
21848
21849
21851
21853
21854
21855
21858
21859
21860
21861
21864
21865
21866
21867
21869
21871
21872
21873
21876
21877
21878
21879
21881
21883
21885
21886
21888
21889
21890
21891
21893
21895
21896
21897
21899
21901
21902
21903
21906
21907
21908
21909
21912
21913
21915
21916
21917
21919
21920
21921
21924
21925
21926
21927
21930
21931
21932
21933
21935
21937
21938
21939
21941
21943
21944
21945
21947
21949
21950
21951
21954
21955
21956
21957
21960
21961
21962
21963
21966
21967
21968
21969
21972
21973
21974
21975
21977
21979
21980
21982
21983
21985
21986
21987
21990
21991
21992
21993
21996
21997
21998
21999
22002
22003
22004
22005
22007
22009
22010
22011
22013
22015
22016
22017
22019
22021
22022
22023
22026
22027
22028
22029
22032
22033
22034
22035
22038
22039
22040
22041
22043
22045
22046
22048
22049
22051
22052
22053
22055
22057
22058
22059
22061
22063
22064
22065
22068
22069
22070
22071
22074
22075
22076
22077
22079
22081
22083
22084
22085
22087
22088
22089
22092
22093
22094
22095
22098
22099
22100
22101
22103
22105
22106
22107
22109
22111
22112
22113
22115
22117
22118
22119
22121
22123
22124
22125
22127
22129
22130
22131
22134
22135
22136
22137
22139
22140
22142
22144
22146
22147
22148
22149
22152
22153
22154
22155
22157
22159
22160
22161
22164
22165
22166
22167
22170
22171
22172
22173
22175
22177
22178
22179
22181
22183
22184
22185
22187
22189
22190
22191
22194
22195
22196
22197
22200
22201
22202
22203
22206
22207
22208
22209
22212
22213
22214
22215
22218
22219
22220
22221
22223
22225
22226
22227
22229
22231
22232
22233
22235
22237
22238
22239
22241
22243
22244
22245
22247
22249
22250
22251
22254
22255
22256
22257
22259
22261
22262
22263
22266
22267
22268
22269
22272
22273
22274
22275
22277
22279
22280
22281
22283
22285
22286
22287
22290
22291
22292
22293
22295
22297
22298
22299
22301
22303
22304
22305
22307
22309
22310
22311
22314
22315
22316
22318
22319
22321
22322
22323
22326
22327
22328
22329
22332
22333
22334
22335
22337
22339
22340
22341
22343
22345
22346
22347
22349
22350
22352
22354
22356
22357
22359
22360
22361
22363
22364
22365
22367
22369
22370
22371
22373
22375
22376
22377
22380
22381
22382
22383
22386
22387
22388
22389
22392
22393
22395
22396
22397
22399
22400
22401
22403
22405
22406
22407
22409
22410
22412
22414
22415
22417
22418
22419
22421
22423
22424
22425
22428
22429
22430
22431
22433
22435
22436
22438
22440
22441
22442
22443
22445
22447
22448
22449
22451
22453
22454
22456
22457
22459
22460
22461
22464
22465
22466
22467
22470
22471
22472
22473
22476
22477
22478
22479
22481
22483
22484
22485
22487
22489
22490
22491
22494
22495
22496
22497
22499
22500
22503
22504
22506
22507
22508
22509
22512
22513
22514
22516
22518
22519
22520
22521
22524
22525
22526
22527
22529
22531
22532
22533
22536
22537
22538
22539
22542
22543
22544
22545
22547
22549
22551
22552
22553
22555
22556
22557
22559
22561
22562
22563
22566
22567
22568
22569
22571
22573
22574
22575
22577
22579
22580
22581
22584
22585
22586
22587
22589
22590
22592
22594
22596
22597
22598
22599
22602
22603
22604
22605
22606
22607
22608
22610
22611
22612
22613
22614
22616
22618
22619
22620
22621
22622
22623
22624
22626
22627
22629
22630
22631
22633
22634
22635
22636
22637
22639
22640
22641
22643
22644
22645
22646
22647
22648
22650
22651
22652
22653
22654
22656
22657
22659
22660
22661
22662
22663
22664
22667
22668
22669
22670
22671
22672
22673
22675
22676
22678
22679
22680
22682
22683
22684
22685
22686
22688
22689
22690
22691
22692
22693
22694
22696
22697
22698
22700
22701
22702
22704
22705
22706
22707
22709
22710
22712
22713
22714
22715
22716
22718
22719
22720
22721
22722
22723
22725
22726
22728
22729
22730
22731
22732
22734
22735
22736
22738
22739
22740
22742
22743
22744
22745
22746
22747
22748
22749
22752
22753
22754
22755
22757
22758
22759
22760
22761
22762
22763
22765
22767
22768
22769
22770
22771
22773
22774
22775
22776
22778
22779
22780
22781
22782
22784
22785
22787
22788
22789
22790
22791
22792
22793
22794
22796
22797
22798
22799
22801
22802
22803
22805
22807
22808
22809
22810
22811
22813
22814
22815
22816
22817
22819
22820
22821
22822
22823
22824
22826
22827
22828
22829
22831
22832
22833
22835
22836
22838
22839
22840
22842
22843
22844
22845
22846
22847
22848
22850
22851
22852
22853
22855
22856
22857
22858
22859
22861
22862
22864
22865
22866
22867
22869
22870
22871
22873
22874
22875
22877
22878
22879
22880
22881
22882
22883
22885
22886
22887
22888
22889
22891
22892
22894
22895
22896
22897
22899
22900
22901
22903
22904
22905
22907
22908
22909
22910
22911
22912
22913
22914
22916
22918
22919
22920
22921
22922
22923
22925
22927
22928
22929
22930
22931
22932
22934
22935
22936
22937
22939
22940
22941
22942
22943
22945
22946
22948
22949
22950
22951
22952
22953
22954
22957
22958
22959
22960
22961
22962
22964
22965
22966
22967
22968
22970
22971
22973
22974
22975
22976
22977
22978
22979
22981
22983
22984
22985
22986
22987
22989
22990
22991
22992
22993
22995
22996
22998
22999
23000
23001
23002
23003
23004
23006
23007
23009
23010
23012
23013
23014
23015
23016
23017
23018
23020
23021
23022
23023
23024
23026
23027
23028
23030
23032
23033
23034
23035
23036
23038
23039
23040
23041
23042
23043
23044
23047
23048
23049
23050
23051
23052
23053
23055
23056
23057
23059
23060
23061
23062
23063
23065
23066
23068
23069
23070
23071
23072
23073
23074
23077
23078
23079
23080
23082
23083
23084
23085
23086
23087
23089
23090
23091
23093
23094
23095
23096
23097
23099
23100
23111
23112
23122
23131
23134
23147
23148
23154
23156
23166
23172
23183
23184
23196
23207
23208
23226
23240
23244
23266
23267
23268
23274
23278
23291
23292
23295
23296
23303
23304
23315
23316
23352
23364
23375
23376
23387
23388
23392
23397
23411
23412
23424
23435
23436
23447
23448
23471
23472
23483
23484
23492
23499
23507
23508
23519
23520
23526
23531
23532
23544
23555
23556
23563
23589
23599
23603
23604
23615
23616
23620
23628
23636
23637
23649
23660
23675
23676
23687
23688
23691
23706
23722
23736
23744
23748
23759
23760
23771
23772
23803
23805
23808
23815
23820
23831
23832
23835
23841
23842
23843
23844
23847
23850
23854
23867
23868
23871
23872
23874
23891
23892
23895
23900
23904
23916
23919
23922
23925
23937
23938
23939
23940
23944
23963
23964
23976
23994
23995
23999
24000
24003
24004
24008
24009
24015
24020
24023
24024
24031
24033
24036
24042
24043
24046
24055
24056
24057
24059
24060
24068
24069
24080
24084
24095
24096
24115
24143
24144
24147
24152
24155
24156
24179
24180
24188
24190
24200
24204
24227
24228
24232
24251
24252
24261
24263
24264
24276
24287
24288
24296
24297
24300
24314
24319
24320
24325
24340
24375
24414
24425
24454
24464
24485
24500
24525
24529
24535
24544
24559
24584
24639
24670
24694
24704
24710
24714
24755
24774
24785
24789
24830
24834
24865
24879
24894
24899
24919
24929
24945
24949
24959
24970
24975
24985
24990
24994
25005
25010
25015
25029
25095
25125
25144
25154
25155
25169
25189
25190
25225
25250
25255
25260
25314
25349
25354
25355
25359
25364
25374
25380
25435
25449
25470
25475
25485
25489
25499
25509
25515
25539
25559
25590
25594
25654
25659
25695
25699
25705
25709
25734
25754
25755
25759
25770
25804
25824
25825
25859
25879
25890
25899
25904
25915
25919
25924
25950
25999
26029
26055
26069
26074
26089
26100
26104
26125
26139
26140
26144
26165
26214
26224
26259
26260
26269
26284
26299
