s vc 6290 4080
1
4
7
8
9
15
18
23
26
28
29
30
31
34
37
39
40
41
42
44
47
48
49
51
54
55
58
60
61
63
68
69
71
72
74
79
80
82
83
88
92
94
95
96
98
101
102
103
106
108
113
114
116
119
122
123
126
127
128
130
133
134
135
136
137
141
146
147
148
154
156
160
165
167
170
172
175
177
178
179
180
182
183
184
187
188
189
191
195
198
199
201
202
207
208
210
211
212
213
214
216
217
220
221
223
224
227
228
229
231
232
234
235
237
238
240
245
246
247
248
249
253
254
255
256
261
266
267
268
269
270
271
272
273
277
278
279
280
281
285
286
287
288
289
290
291
293
295
296
297
300
301
302
305
306
307
308
311
313
314
315
319
320
323
324
326
328
330
331
332
338
341
343
345
346
348
349
351
352
353
354
356
358
360
361
363
364
366
367
368
370
372
373
374
375
377
378
381
382
384
385
387
388
390
391
393
394
396
397
398
400
401
403
405
406
407
408
410
411
413
414
416
417
419
420
422
424
425
426
429
430
432
433
435
436
437
438
440
442
444
445
447
448
449
451
452
454
455
457
458
459
461
463
464
466
468
469
471
472
473
475
476
478
479
481
483
484
485
486
488
490
491
493
494
495
497
499
500
502
504
505
506
508
509
511
512
513
515
516
519
520
521
523
524
526
527
529
530
531
534
535
536
537
539
540
542
543
546
547
548
549
551
553
554
556
557
559
561
562
563
564
566
567
570
571
573
574
576
577
578
580
582
583
585
586
588
589
590
591
594
595
596
597
600
601
603
604
605
607
609
610
612
613
614
616
617
619
621
622
624
625
626
628
630
631
633
634
635
636
639
640
642
643
645
646
647
648
650
651
654
655
656
658
659
661
663
664
665
667
669
670
671
672
674
676
678
679
680
681
683
684
686
687
690
691
693
694
696
697
698
699
701
702
704
705
708
709
710
711
713
715
716
718
720
721
722
723
726
727
728
730
732
733
735
736
738
739
740
742
743
745
746
748
749
750
753
754
756
757
758
759
761
763
765
766
767
769
770
772
774
775
776
778
780
781
782
784
786
787
788
789
791
793
794
796
798
799
801
802
803
805
806
808
810
811
813
814
816
817
818
820
822
823
825
826
828
829
831
832
833
834
836
838
839
841
843
844
846
847
848
850
851
852
854
855
858
859
860
862
864
865
866
868
869
871
873
874
875
876
879
880
881
882
884
886
887
889
890
892
893
894
896
897
899
900
902
904
905
906
909
910
911
913
914
915
917
918
920
922
924
925
927
928
930
931
933
934
936
937
938
939
941
942
944
946
947
949
951
952
954
955
956
957
959
961
963
964
965
966
969
970
972
973
974
976
978
979
980
981
984
985
986
987
990
991
993
994
995
997
998
1000
1002
1003
1005
1006
1007
1008
1010
1012
1014
1015
1016
1018
1020
1021
1022
1024
1026
1027
1028
1030
1032
1033
1034
1036
1038
1039
1040
1042
1044
1045
1046
1047
1050
1051
1052
1053
1055
1057
1058
1059
1061
1063
1065
1066
1067
1069
1070
1072
1073
1075
1076
1078
1079
1081
1082
1084
1086
1087
1089
1090
1092
1093
1095
1096
1097
1098
1100
1102
1104
1105
1106
1108
1109
1110
1112
1114
1115
1116
1118
1119
1121
1122
1124
1125
1127
1128
1130
1132
1133
1135
1136
1138
1139
1140
1143
1144
1146
1147
1148
1149
1152
1153
1154
1156
1157
1159
1161
1162
1163
1165
1167
1168
1170
1171
1173
1174
1175
1176
1178
1179
1182
1183
1184
1186
1187
1189
1191
1192
1193
1195
1196
1197
1199
1200
1202
1203
1206
1207
1209
1210
1212
1213
1214
1215
1218
1219
1220
1221
1223
1224
1226
1227
1229
1230
1233
1234
1235
1237
1239
1240
1241
1243
1244
1246
1247
1249
1250
1252
1254
1255
1257
1258
1259
1260
1262
1264
1265
1267
1269
1270
1271
1273
1275
1276
1277
1279
1281
1282
1283
1285
1286
1288
1290
1291
1292
1293
1295
1296
1298
1299
1301
1303
1305
1306
1307
1309
1311
1312
1313
1314
1316
1317
1319
1320
1323
1324
1326
1327
1329
1330
1331
1333
1334
1335
1337
1338
1341
1342
1343
1345
1347
1348
1349
1351
1353
1354
1355
1357
1359
1360
1362
1363
1364
1366
1367
1368
1371
1372
1373
1374
1377
1378
1379
1380
1382
1384
1385
1387
1388
1389
1391
1392
1394
1395
1398
1399
1401
1402
1403
1404
1407
1408
1410
1411
1413
1414
1416
1417
1418
1420
1422
1423
1425
1426
1427
1429
1430
1431
1433
1435
1436
1438
1439
1441
1443
1444
1446
1447
1448
1450
1451
1452
1455
1456
1458
1459
1461
1462
1463
1465
1467
1468
1469
1471
1473
1474
1476
1477
1478
1480
1482
1483
1484
1486
1487
1488
1490
1492
1493
1494
1496
1497
1499
1500
1503
1504
1506
1507
1509
1510
1512
1513
1515
1516
1517
1518
1521
1522
1524
1525
1526
1528
1530
1531
1532
1533
1535
1537
1539
1540
1541
1543
1545
1546
1547
1549
1551
1552
1554
1555
1557
1558
1559
1561
1563
1564
1565
1567
1568
1569
1572
1573
1574
1575
1578
1579
1580
1582
1583
1585
1587
1588
1589
1591
1592
1594
1595
1596
1598
1599
1601
1603
1605
1606
1608
1609
1611
1612
1614
1615
1616
1618
1620
1621
1622
1623
1625
1626
1628
1630
1631
1632
1635
1636
1638
1639
1640
1641
1643
1645
1647
1648
1649
1650
1653
1654
1655
1657
1659
1660
1662
1663
1664
1665
1668
1669
1670
1671
1673
1675
1676
1678
1679
1681
1683
1684
1685
1687
1688
1690
1692
1693
1694
1696
1697
1698
1700
1702
1703
1704
1706
1707
1710
1711
1712
1713
1715
1717
1719
1720
1721
1722
1724
1726
1727
1729
1730
1732
1733
1735
1736
1737
1739
1740
1742
1743
1746
1747
1748
1749
1752
1753
1754
1756
1758
1759
1760
1761
1764
1765
1767
1768
1770
1771
1772
1773
1776
1777
1778
1780
1782
1783
1785
1786
1788
1789
1791
1792
1793
1795
1796
1797
1799
1801
1803
1804
1805
1807
1809
1810
1812
1813
1814
1815
1818
1819
1821
1822
1824
1825
1827
1828
1830
1831
1832
1833
1836
1837
1839
1840
1842
1843
1845
1846
1847
1848
1850
1851
1854
1855
1857
1858
1859
1861
1862
1863
1865
1867
1869
1870
1871
1873
1874
1876
1877
1878
1881
1882
1883
1885
1887
1888
1890
1891
1892
1894
1895
1897
1898
1900
1901
1902
1904
1906
1907
1908
1910
1912
1914
1915
1917
1918
1920
1921
1923
1924
1925
1926
1929
1930
1931
1932
1935
1936
1937
1938
1940
1942
1943
1944
1946
1947
1949
1951
1953
1954
1955
1956
1958
1960
1962
1963
1965
1966
1967
1968
1970
1972
1973
1974
1977
1978
1979
1981
1983
1984
1985
1987
1988
1989
1991
1992
1994
1995
1998
1999
2001
2002
2003
2005
2006
2008
2010
2011
2013
2014
2016
2017
2019
2020
2022
2023
2024
2025
2027
2029
2031
2032
2033
2035
2036
2037
2039
2040
2042
2044
2045
2046
2049
2050
2052
2053
2055
2056
2058
2059
2060
2062
2064
2065
2066
2067
2069
2071
2073
2074
2076
2077
2079
2080
2082
2083
2084
2086
2088
2089
2090
2092
2093
2095
2097
2098
2099
2100
2103
2104
2105
2107
2108
2109
2111
2112
2114
2116
2118
2119
2120
2122
2124
2125
2126
2127
2129
2130
2133
2134
2136
2137
2139
2140
2141
2142
2144
2146
2148
2149
2151
2152
2154
2155
2156
2158
2159
2160
2163
2164
2165
2167
2169
2170
2172
2173
2175
2176
2177
2179
2181
2182
2184
2185
2187
2188
2189
2191
2192
2193
2196
2197
2199
2200
2201
2202
2204
2206
2207
2208
2210
2211
2214
2215
2216
2217
2219
2221
2222
2224
2226
2227
2228
2229
2232
2233
2234
2236
2237
2238
2241
2242
2244
2245
2247
2248
2249
2250
2252
2253
2256
2257
2258
2259
2261
2262
2265
2266
2268
2269
2270
2271
2274
2275
2277
2278
2279
2280
2283
2284
2285
2287
2288
2290
2291
2293
2294
2295
2298
2299
2301
2302
2303
2305
2307
2308
2309
2311
2313
2314
2315
2317
2319
2320
2321
2323
2325
2326
2328
2329
2331
2332
2333
2335
2336
2338
2340
2341
2343
2344
2345
2347
2348
2349
2351
2353
2355
2356
2357
2358
2361
2362
2363
2364
2366
2368
2370
2371
2372
2373
2376
2377
2378
2379
2382
2383
2385
2386
2388
2389
2390
2392
2394
2395
2396
2397
2400
2401
2403
2404
2406
2407
2408
2410
2412
2413
2415
2416
2417
2419
2421
2422
2424
2425
2427
2428
2429
2431
2433
2434
2436
2437
2438
2440
2441
2442
2445
2446
2447
2448
2450
2452
2453
2455
2456
2458
2459
2461
2462
2464
2465
2466
2468
2469
2472
2473
2474
2475
2477
2478
2481
2482
2484
2485
2486
2487
2490
2491
2492
2494
2495
2496
2498
2499
2501
2502
2505
2506
2507
2509
2510
2512
2513
2515
2517
2518
2519
2520
2523
2524
2526
2527
2529
2530
2532
2533
2534
2536
2538
2539
2541
2542
2543
2544
2546
2548
2549
2550
2553
2554
2556
2557
2559
2560
2561
2563
2565
2566
2567
2568
2571
2572
2574
2575
2577
2578
2580
2581
2582
2584
2585
2587
2589
2590
2592
2593
2594
2595
2597
2598
2601
2602
2603
2605
2606
2607
2609
2611
2612
2613
2616
2617
2618
2619
2621
2623
2624
2626
2627
2629
2631
2632
2633
2635
2636
2638
2640
2641
2643
2644
2646
2647
2649
2650
2652
2653
2654
2656
2657
2658
2661
2662
2664
2665
2667
2668
2669
2670
2672
2673
2676
2677
2679
2680
2682
2683
2684
2686
2687
2689
2691
2692
2694
2695
2697
2698
2699
2700
2702
2704
2705
2707
2708
2709
2712
2713
2715
2716
2718
2719
2720
2722
2723
2724
2726
2727
2729
2730
2732
2733
2735
2737
2739
2740
2741
2742
2745
2746
2747
2749
2751
2752
2754
2755
2756
2758
2760
2761
2763
2764
2765
2767
2769
2770
2771
2772
2774
2775
2778
2779
2780
2782
2783
2785
2787
2788
2789
2790
2792
2794
2795
2796
2799
2800
2801
2802
2804
2806
2807
2809
2811
2812
2814
2815
2816
2818
2819
2820
2822
2824
2826
2827
2829
2830
2832
2833
2834
2835
2837
2838
2840
2842
2844
2845
2847
2848
2849
2851
2853
2854
2856
2857
2859
2860
2862
2863
2865
2866
2868
2869
2870
2871
2874
2875
2877
2878
2879
2881
2882
2883
2886
2887
2889
2890
2892
2893
2894
2895
2897
2898
2901
2902
2903
2905
2907
2908
2910
2911
2913
2914
2916
2917
2918
2920
2922
2923
2925
2926
2928
2929
2930
2931
2933
2934
2937
2938
2940
2941
2942
2944
2946
2947
2949
2950
2952
2953
2954
2956
2957
2959
2960
2961
2963
2964
2966
2968
2970
2971
2973
2974
2975
2976
2979
2980
2982
2983
2984
2986
2988
2989
2990
2991
2994
2995
2996
2998
2999
3001
3003
3004
3006
3007
3008
3010
3012
3013
3014
3015
3017
3019
3021
3022
3024
3025
3026
3028
3029
3031
3032
3034
3035
3037
3038
3040
3041
3043
3045
3046
3047
3049
3050
3052
3054
3055
3057
3058
3060
3061
3062
3064
3065
3067
3069
3070
3072
3073
3074
3075
3078
3079
3081
3082
3084
3085
3087
3088
3090
3091
3092
3093
3096
3097
3098
3099
3102
3103
3104
3105
3108
3109
3111
3112
3114
3115
3117
3118
3120
3121
3123
3124
3126
3127
3128
3129
3131
3132
3135
3136
3137
3139
3140
3142
3144
3145
3146
3147
3149
3150
3152
3154
3155
3156
3159
3160
3161
3162
3165
3166
3167
3168
3170
3172
3174
3175
3177
3178
3179
3181
3183
3184
3185
3187
3189
3190
3191
3192
3195
3196
3197
3198
3200
3202
3203
3205
3207
3208
3209
3211
3213
3214
3216
3217
3218
3219
3221
3223
3224
3225
3228
3229
3231
3232
3233
3234
3237
3238
3239
3241
3242
3244
3245
3247
3248
3250
3252
3253
3254
3255
3258
3259
3260
3261
3263
3264
3266
3268
3269
3270
3272
3274
3275
3277
3278
3279
3281
3282
3284
3286
3288
3289
3291
3292
3293
3295
3296
3298
3299
3300
3302
3303
3306
3307
3308
3309
3311
3312
3314
3316
3317
3318
3321
3322
3324
3325
3326
3328
3329
3330
3332
3334
3336
3337
3338
3340
3341
3343
3345
3346
3347
3349
3351
3352
3353
3355
3357
3358
3360
3361
3362
3363
3366
3367
3368
3369
3371
3373
3375
3376
3377
3379
3381
3382
3383
3385
3386
3388
3390
3391
3392
3394
3396
3397
3399
3400
3402
3403
3404
3406
3407
3408
3411
3412
3414
3415
3416
3418
3419
3421
3422
3423
3425
3426
3429
3430
3431
3432
3435
3436
3437
3439
3440
3442
3443
3444
3446
3448
3449
3450
3452
3454
3456
3457
3459
3460
3461
3463
3464
3465
3468
3469
3470
3472
3473
3474
3476
3477
3480
3481
3483
3484
3486
3487
3489
3490
3491
3493
3495
3496
3498
3499
3501
3502
3504
3505
3506
3508
3509
3511
3513
3514
3515
3517
3519
3520
3521
3523
3524
3526
3528
3529
3530
3532
3533
3534
3536
3538
3540
3541
3543
3544
3545
3547
3549
3550
3552
3553
3554
3556
3557
3559
3560
3562
3564
3565
3566
3567
3570
3571
3572
3574
3575
3576
3578
3579
3581
3583
3584
3586
3588
3589
3591
3592
3593
3595
3597
3598
3599
3601
3602
3603
3605
3607
3608
3610
3612
3613
3615
3616
3618
3619
3620
3621
3624
3625
3626
3627
3629
3631
3633
3634
3636
3637
3638
3640
3641
3643
3645
3646
3648
3649
3650
3651
3654
3655
3657
3658
3660
3661
3663
3664
3665
3666
3668
3670
3671
3672
3675
3676
3678
3679
3681
3682
3684
3685
3687
3688
3689
3690
3692
3693
3695
3696
3699
3700
3701
3703
3704
3705
3707
3708
3710
3711
3714
3715
3717
3718
3720
3721
3722
3723
3725
3726
3729
3730
3731
3733
3735
3736
3738
3739
3741
3742
3743
3744
3746
3747
3750
3751
3753
3754
3755
3756
3758
3759
3761
3762
3764
3766
3768
3769
3770
3772
3774
3775
3777
3778
3779
3780
3783
3784
3785
3787
3789
3790
3791
3793
3795
3796
3798
3799
3801
3802
3804
3805
3806
3807
3810
3811
3813
3814
3816
3817
3819
3820
3822
3823
3824
3826
3827
3828
3830
3831
3833
3835
3836
3838
3839
3841
3843
3844
3845
3846
3848
3850
3851
3852
3854
3856
3857
3858
3860
3861
3863
3865
3867
3868
3869
3870
3873
3874
3876
3877
3878
3880
3881
3882
3885
3886
3887
3889
3891
3892
3894
3895
3896
3898
3899
3901
3903
3904
3905
3906
3909
3910
3911
3913
3914
3916
3918
3919
3921
3922
3923
3925
3927
3928
3930
3931
3933
3934
3935
3937
3939
3940
3941
3942
3945
3946
3947
3948
3950
3952
3953
3955
3957
3958
3959
3960
3962
3963
3965
3967
3968
3969
3971
3973
3974
3975
3977
3979
3980
3982
3983
3985
3986
3987
3989
3991
3992
3993
3996
3997
3998
3999
4002
4003
4004
4006
4008
4009
4010
4011
4013
4015
4017
4018
4019
4021
4022
4023
4025
4027
4029
4030
4032
4033
4034
4035
4037
4038
4041
4042
4044
4045
4047
4048
4050
4051
4052
4054
4055
4057
4058
4060
4062
4063
4065
4066
4068
4069
4071
4072
4074
4075
4077
4078
4079
4081
4082
4084
4085
4086
4088
4090
4092
4093
4094
4096
4098
4099
4100
4102
4103
4105
4107
4108
4110
4111
4112
4113
4115
4117
4119
4120
4122
4123
4125
4126
4128
4129
4131
4132
4134
4135
4137
4138
4139
4141
4143
4144
4146
4147
4149
4150
4152
4153
4154
4155
4157
4158
4160
4162
4163
4165
4167
4168
4169
4171
4173
4174
4175
4177
4178
4179
4182
4183
4184
4186
4187
4188
4191
4192
4193
4195
4196
4198
4199
4200
4203
4204
4206
4207
4208
4209
4212
4213
4214
4215
4218
4219
4220
4222
4224
4225
4226
4228
4229
4230
4232
4234
4235
4237
4238
4239
4242
4243
4244
4246
4248
4249
4251
4252
4254
4255
4256
4258
4259
4260
4262
4264
4265
4267
4269
4270
4271
4273
4274
4276
4278
4279
4281
4282
4284
4285
4286
4288
4290
4291
4293
4294
4295
4297
4299
4300
4302
4303
4305
4306
4307
4309
4311
4312
4314
4315
4316
4317
4319
4320
4323
4324
4326
4327
4328
4329
4331
4333
4335
4336
4337
4339
4341
4342
4343
4345
4347
4348
4349
4351
4352
4354
4355
4357
4359
4360
4361
4362
4365
4366
4368
4369
4370
4371
4373
4374
4377
4378
4380
4381
4382
4384
4386
4387
4388
4389
4392
4393
4394
4395
4398
4399
4400
4402
4404
4405
4407
4408
4410
4411
4413
4414
4416
4417
4419
4420
4421
4423
4424
4425
4428
4429
4430
4432
4433
4434
4436
4438
4440
4441
4443
4444
4446
4447
4449
4450
4452
4453
4454
4456
4458
4459
4461
4462
4464
4465
4467
4468
4469
4471
4473
4474
4475
4477
4478
4479
4481
4483
4484
4486
4487
4489
4490
4492
4493
4495
4496
4497
4499
4501
4503
4504
4506
4507
4508
4510
4512
4513
4515
4516
4517
4519
4521
4522
4523
4524
4527
4528
4529
4531
4532
4533
4536
4537
4538
4539
4542
4543
4545
4546
4547
4548
4550
4551
4553
4555
4557
4558
4560
4561
4562
4564
4566
4567
4568
4569
4572
4573
4574
4575
4577
4578
4581
4582
4584
4585
4586
4588
4590
4591
4593
4594
4595
4596
4599
4600
4601
4602
4604
4605
4608
4609
4611
4612
4613
4614
4616
4617
4619
4621
4622
4623
4625
4627
4629
4630
4632
4633
4635
4636
4637
4639
4641
4642
4643
4645
4646
4647
4649
4651
4652
4653
4656
4657
4658
4660
4662
4663
4664
4666
4667
4668
4671
4672
4674
4675
4677
4678
4680
4681
4682
4684
4686
4687
4688
4690
4692
4693
4695
4696
4698
4699
4700
4701
4704
4705
4706
4707
4710
4711
4713
4714
4716
4717
4719
4720
4721
4723
4724
4725
4727
4728
4731
4732
4734
4735
4736
4738
4740
4741
4742
4744
4745
4746
4748
4750
4752
4753
4754
4756
4757
4759
4760
4761
4763
4765
4766
4767
4770
4771
4772
4774
4775
4776
4779
4780
4782
4783
4784
4785
4788
4789
4791
4792
4793
4795
4796
4797
4800
4801
4802
4804
4805
4807
4809
4810
4812
4813
4814
4816
4817
4819
4820
4821
4823
4825
4826
4828
4829
4831
4832
4834
4835
4837
4838
4839
4842
4843
4844
4846
4848
4849
4850
4851
4854
4855
4857
4858
4859
4861
4863
4864
4866
4867
4868
4870
4871
4873
4875
4876
4877
4879
4881
4882
4884
4885
4886
4888
4890
4891
4892
4894
4895
4897
4898
4899
4901
4903
4904
4905
4908
4909
4910
4911
4913
4915
4916
4918
4920
4921
4923
4924
4925
4926
4928
4930
4931
4933
4934
4936
4937
4938
4941
4942
4944
4945
4947
4948
4949
4951
4952
4953
4955
4956
4959
4960
4961
4962
4965
4966
4967
4968
4970
4972
4974
4975
4976
4978
4980
4981
4982
4983
4986
4987
4988
4990
4991
4992
4995
4996
4998
4999
5000
5002
5003
5004
5007
5008
5009
5011
5012
5014
5015
5017
5019
5020
5021
5022
5024
5026
5028
5029
5031
5032
5033
5035
5037
5038
5040
5041
5042
5043
5046
5047
5048
5050
5052
5053
5054
5055
5057
5059
5060
5062
5063
5064
5067
5068
5069
5071
5072
5074
5076
5077
5079
5080
5082
5083
5084
5086
5088
5089
5090
5092
5094
5095
5096
5097
5100
5101
5103
5104
5105
5106
5108
5110
5111
5112
5114
5116
5117
5118
5120
5121
5124
5125
5127
5128
5129
5130
5133
5134
5135
5136
5139
5140
5141
5142
5144
5146
5147
5149
5150
5151
5153
5154
5156
5157
5160
5161
5163
5164
5166
5167
5169
5170
5172
5173
5174
5176
5177
5178
5181
5182
5183
5185
5187
5188
5189
5190
5192
5193
5195
5196
5199
5200
5201
5202
5205
5206
5208
5209
5211
5212
5213
5215
5217
5218
5219
5221
5222
5224
5225
5226
5228
5230
5232
5233
5234
5236
5237
5239
5241
5242
5243
5245
5247
5248
5250
5251
5252
5254
5255
5257
5259
5260
5262
5263
5265
5266
5268
5269
5270
5271
5273
5274
5276
5278
5279
5280
5283
5284
5285
5286
5289
5290
5291
5292
5295
5296
5298
5299
5300
5302
5303
5304
5306
5307
5309
5311
5312
5314
5316
5317
5318
5320
5322
5323
5325
5326
5327
5328
5330
5332
5333
5335
5337
5338
5340
5341
5342
5343
5346
5347
5348
5350
5351
5353
5355
5356
5357
5359
5361
5362
5364
5365
5367
5368
5369
5370
5373
5374
5376
5377
5379
5380
5381
5382
5384
5385
5388
5389
5390
5391
5393
5395
5397
5398
5399
5401
5403
5404
5405
5407
5409
5410
5411
5412
5415
5416
5418
5419
5421
5422
5423
5424
5426
5428
5430
5431
5432
5434
5435
5436
5439
5440
5441
5442
5445
5446
5448
5449
5451
5452
5453
5455
5456
5458
5459
5460
5462
5464
5466
5467
5468
5470
5472
5473
5475
5476
5477
5479
5480
5482
5484
5485
5486
5488
5489
5491
5493
5494
5495
5497
5498
5500
5502
5503
5504
5505
5507
5509
5511
5512
5513
5514
5516
5518
5519
5521
5522
5524
5525
5526
5529
5530
5531
5533
5535
5536
5538
5539
5540
5542
5543
5545
5546
5547
5550
5551
5552
5554
5556
5557
5558
5560
5562
5563
5564
5565
5567
5568
5571
5572
5573
5574
5577
5578
5580
5581
5582
5584
5585
5586
5588
5590
5592
5593
5594
5595
5598
5599
5600
5601
5604
5605
5606
5607
5609
5610
5612
5613
5615
5616
5619
5620
5621
5622
5624
5625
5628
5629
5631
5632
5633
5635
5636
5638
5639
5641
5642
5644
5645
5646
5649
5650
5652
5653
5655
5656
5657
5658
5661
5662
5663
5664
5667
5668
5670
5671
5673
5674
5676
5677
5678
5679
5682
5683
5684
5686
5687
5689
5690
5691
5694
5695
5696
5697
5699
5700
5703
5704
5705
5707
5709
5710
5711
5713
5714
5716
5717
5719
5721
5722
5724
5725
5727
5728
5729
5731
5732
5734
5736
5737
5738
5739
5741
5743
5745
5746
5747
5748
5750
5752
5753
5755
5757
5758
5760
5761
5763
5764
5766
5767
5768
5769
5771
5773
5774
5776
5777
5779
5781
5782
5783
5784
5787
5788
5789
5790
5792
5793
5795
5797
5799
5800
5802
5803
5804
5805
5807
5808
5810
5812
5813
5815
5816
5817
5819
5821
5822
5824
5826
5827
5828
5830
5831
5832
5834
5836
5838
5839
5841
5842
5844
5845
5847
5848
5849
5850
5852
5854
5856
5857
5858
5860
5861
5863
5865
5866
5867
5868
5870
5872
5874
5875
5877
5878
5879
5880
5882
5884
5885
5887
5889
5890
5892
5893
5894
5896
5897
5899
5900
5901
5903
5905
5906
5908
5909
5911
5912
5914
5915
5916
5919
5920
5922
5923
5925
5926
5927
5929
5931
5932
5934
5935
5937
5938
5940
5941
5943
5944
5946
5947
5949
5950
5952
5953
5955
5956
5960
5961
5962
5963
5964
5966
5967
5969
5970
5971
5972
5974
5975
5977
5982
5983
5985
5986
5988
5993
5995
5996
6000
6002
6003
6006
6007
6009
6012
6014
6015
6016
6017
6020
6023
6025
6026
6027
6028
6031
6034
6035
6036
6037
6039
6040
6041
6043
6047
6049
6050
6054
6055
6057
6059
6060
6061
6062
6065
6067
6068
6070
6071
6074
6075
6079
6081
6082
6088
6089
6090
6092
6093
6094
6095
6099
6100
6101
6102
6103
6105
6107
6108
6109
6111
6112
6113
6114
6116
6118
6119
6121
6123
6124
6126
6131
6135
6136
6140
6142
6143
6144
6146
6147
6150
6153
6154
6155
6156
6159
6165
6168
6169
6172
6175
6176
6180
6183
6186
6189
6191
6192
6193
6194
6200
6201
6202
6207
6208
6209
6210
6212
6213
6214
6215
6224
6225
6226
6232
6233
6234
6242
6244
6248
6249
6253
6254
6259
6260
6262
6266
6267
6268
6271
6272
6275
6277
6279
6283
6284
6285
6286
6287
6289
6290
