c s SATISFIABLE
s vc 3278 2112
1
4
6
7
10
11
12
13
15
16
18
19
21
22
24
27
28
31
33
37
39
40
41
43
45
46
47
48
49
50
56
58
59
62
64
65
73
74
76
77
81
85
86
88
89
96
97
99
100
101
104
106
108
110
111
112
114
120
121
123
124
125
126
133
134
135
140
143
146
147
149
154
159
161
163
166
168
169
170
174
175
177
178
179
180
184
186
187
189
193
195
196
199
200
201
202
203
205
206
207
213
216
217
219
220
221
223
225
226
227
228
230
231
233
234
236
237
239
240
242
244
245
246
249
250
252
253
254
255
257
258
260
261
263
264
266
267
269
271
272
273
275
277
278
280
281
283
284
286
287
289
290
291
293
294
296
297
299
301
302
304
305
307
308
309
311
313
314
315
317
318
320
321
323
324
326
328
329
331
332
334
335
337
338
339
342
343
345
346
348
349
351
352
354
355
356
358
359
361
362
363
366
367
368
370
371
372
374
376
377
379
380
381
383
385
387
388
389
390
392
394
395
396
398
400
401
402
404
406
408
409
410
412
413
414
417
418
419
421
423
424
425
427
428
430
431
433
435
436
437
439
441
442
443
445
447
448
449
451
452
453
455
456
458
460
461
462
465
466
467
468
471
472
473
475
476
477
480
481
482
484
485
487
488
490
491
493
495
496
498
499
500
501
503
505
506
508
509
510
512
514
516
517
519
520
522
523
525
526
527
529
530
532
533
535
536
537
539
540
542
543
546
547
549
550
552
553
555
556
558
559
561
562
563
564
567
568
570
571
572
574
575
576
578
579
581
582
584
586
587
588
590
591
593
595
596
598
599
600
602
603
606
607
608
609
612
613
614
615
618
619
620
622
623
624
626
627
630
631
632
634
635
636
638
640
642
643
644
645
647
648
650
652
653
654
656
658
659
661
662
663
666
667
668
669
671
673
675
676
677
679
680
681
684
685
686
688
690
691
692
693
695
696
698
700
702
703
704
705
707
708
710
712
713
714
717
718
719
721
722
724
725
727
728
730
731
733
734
735
737
739
740
741
743
744
746
747
749
750
752
753
755
756
759
760
761
762
764
766
768
769
771
772
773
774
776
778
779
781
782
784
785
787
788
789
791
792
794
796
797
799
801
802
804
805
806
808
810
811
812
814
816
817
819
820
821
822
824
825
827
829
830
832
834
835
836
837
839
841
843
844
846
847
848
850
851
852
855
856
857
859
861
862
863
864
867
868
869
871
872
873
875
877
878
879
882
883
884
886
888
889
890
891
893
894
896
898
899
901
903
904
905
907
908
910
911
913
914
915
917
918
921
922
924
925
927
928
930
931
932
933
935
936
938
939
941
943
944
945
947
948
950
951
953
954
956
957
959
961
963
964
965
966
969
970
971
972
975
976
977
978
980
981
983
985
986
987
989
991
992
993
996
997
999
1000
1001
1002
1004
1005
1008
1009
1010
1012
1013
1014
1016
1018
1020
1021
1022
1024
1025
1026
1029
1030
1032
1033
1035
1036
1038
1039
1040
1041
1043
1045
1046
1047
1049
1050
1052
1053
1055
1057
1058
1060
1061
1062
1064
1065
1067
1068
1071
1072
1073
1075
1076
1077
1079
1081
1082
1084
1086
1087
1088
1090
1091
1092
1094
1096
1097
1099
1100
1102
1104
1105
1106
1107
1109
1111
1112
1114
1115
1116
1118
1120
1122
1123
1124
1126
1127
1129
1130
1132
1133
1134
1136
1138
1140
1141
1142
1144
1145
1147
1148
1150
1151
1152
1155
1156
1157
1158
1160
1162
1164
1165
1166
1167
1169
1170
1172
1174
1175
1176
1178
1180
1182
1183
1184
1186
1188
1189
1190
1192
1193
1194
1197
1198
1200
1201
1202
1203
1205
1206
1208
1210
1211
1212
1215
1216
1217
1219
1220
1221
1224
1225
1227
1228
1230
1231
1232
1233
1235
1236
1238
1240
1241
1242
1244
1245
1247
1248
1250
1251
1253
1255
1257
1258
1259
1261
1262
1264
1266
1267
1268
1269
1272
1273
1274
1276
1277
1279
1280
1282
1283
1285
1286
1288
1289
1290
1293
1294
1296
1297
1298
1300
1301
1302
1305
1306
1307
1308
1310
1311
1313
1314
1316
1318
1319
1320
1322
1323
1326
1327
1328
1329
1331
1333
1334
1336
1337
1339
1340
1342
1344
1345
1346
1348
1349
1351
1353
1354
1355
1357
1358
1359
1362
1363
1364
1365
1367
1368
1371
1372
1374
1375
1376
1377
1379
1380
1382
1384
1385
1387
1388
1389
1391
1392
1395
1396
1397
1399
1401
1402
1403
1404
1406
1407
1409
1410
1412
1414
1415
1417
1419
1420
1422
1423
1424
1425
1427
1428
1431
1432
1433
1435
1436
1438
1440
1441
1442
1444
1445
1447
1448
1450
1452
1453
1455
1456
1458
1459
1461
1462
1463
1464
1466
1468
1469
1470
1472
1474
1476
1477
1478
1480
1481
1483
1485
1486
1487
1488
1490
1492
1493
1494
1496
1497
1500
1501
1503
1504
1505
1507
1509
1510
1511
1512
1514
1515
1517
1518
1520
1522
1523
1525
1527
1528
1530
1531
1532
1534
1535
1537
1538
1539
1541
1542
1544
1546
1547
1548
1550
1551
1554
1555
1556
1557
1559
1560
1563
1564
1566
1567
1568
1570
1572
1573
1575
1576
1577
1579
1581
1582
1583
1584
1586
1587
1590
1591
1592
1593
1596
1597
1599
1600
1601
1602
1605
1606
1607
1609
1610
1611
1613
1614
1616
1618
1619
1620
1623
1624
1626
1627
1629
1630
1631
1633
1634
1635
1637
1638
1641
1642
1643
1645
1646
1647
1650
1651
1652
1653
1655
1656
1658
1659
1661
1663
1664
1666
1667
1668
1670
1672
1673
1675
1676
1678
1679
1680
1683
1684
1685
1686
1689
1690
1691
1692
1694
1695
1697
1699
1700
1701
1703
1704
1707
1708
1709
1711
1712
1714
1716
1717
1718
1719
1722
1723
1724
1725
1727
1728
1730
1732
1733
1734
1737
1738
1740
1741
1742
1743
1745
1746
1748
1750
1752
1753
1755
1756
1757
1759
1760
1761
1763
1764
1766
1768
1769
1771
1773
1774
1776
1777
1778
1780
1781
1782
1784
1785
1788
1789
1790
1791
1794
1795
1796
1798
1800
1801
1802
1803
1805
1806
1809
1810
1811
1813
1814
1815
1818
1819
1820
1821
1824
1825
1826
1827
1830
1831
1833
1834
1835
1836
1838
1839
1842
1843
1845
1846
1847
1848
1851
1852
1854
1855
1857
1858
1860
1861
1862
1864
1865
1867
1868
1869
1871
1872
1874
1876
1878
1879
1880
1881
1884
1885
1887
1888
1889
1890
1892
1894
1895
1897
1898
1900
1901
1903
1904
1905
1907
1908
1911
1912
1913
1915
1916
1918
1920
1921
1922
1924
1925
1927
1928
1929
1931
1933
1934
1935
1937
1938
1941
1942
1943
1945
1947
1948
1949
1951
1952
1954
1955
1956
1958
1959
1962
1963
1964
1966
1968
1969
1970
1972
1974
1975
1976
1978
1980
1981
1982
1984
1985
1987
1988
1989
1991
1992
1994
1995
1997
1999
2000
2002
2003
2004
2006
2008
2009
2011
2012
2014
2015
2017
2018
2019
2022
2023
2024
2026
2028
2029
2030
2031
2034
2035
2037
2038
2039
2040
2042
2043
2045
2047
2048
2050
2052
2053
2054
2055
2057
2058
2061
2062
2063
2065
2067
2068
2069
2071
2072
2074
2075
2076
2079
2080
2081
2083
2085
2086
2088
2089
2090
2092
2093
2094
2096
2097
2100
2101
2102
2104
2105
2107
2109
2110
2111
2113
2115
2116
2118
2119
2121
2122
2123
2125
2126
2127
2130
2131
2132
2133
2135
2137
2138
2140
2142
2143
2144
2146
2147
2148
2151
2152
2153
2155
2156
2157
2160
2161
2162
2163
2165
2166
2169
2170
2171
2172
2175
2176
2178
2179
2181
2182
2183
2185
2187
2188
2190
2191
2192
2194
2195
2196
2198
2200
2202
2203
2205
2206
2207
2209
2210
2212
2213
2214
2216
2218
2220
2221
2222
2224
2225
2227
2228
2229
2231
2232
2235
2236
2237
2239
2240
2242
2243
2245
2246
2247
2249
2251
2252
2253
2255
2256
2258
2259
2262
2263
2264
2265
2268
2269
2271
2272
2273
2275
2276
2278
2279
2281
2283
2284
2286
2287
2289
2290
2292
2293
2294
2295
2298
2299
2301
2302
2303
2305
2306
2308
2309
2311
2312
2314
2315
2316
2319
2320
2322
2323
2324
2325
2327
2329
2330
2331
2333
2335
2336
2337
2339
2340
2343
2344
2345
2346
2348
2350
2351
2353
2355
2356
2358
2359
2361
2362
2363
2365
2367
2368
2369
2371
2372
2373
2375
2376
2379
2380
2381
2382
2385
2386
2387
2389
2390
2392
2394
2395
2396
2397
2400
2401
2403
2404
2405
2406
2409
2410
2411
2412
2415
2416
2417
2418
2420
2422
2423
2424
2426
2427
2429
2431
2432
2434
2435
2437
2438
2440
2442
2443
2445
2446
2448
2449
2450
2452
2453
2454
2456
2458
2459
2461
2462
2463
2465
2467
2468
2469
2471
2473
2475
2476
2477
2478
2480
2481
2483
2484
2487
2488
2490
2491
2492
2494
2495
2497
2498
2499
2501
2503
2504
2506
2507
2508
2511
2512
2514
2515
2516
2517
2519
2520
2522
2524
2525
2527
2528
2529
2531
2533
2534
2535
2538
2539
2540
2541
2544
2545
2547
2548
2549
2550
2552
2554
2556
2557
2558
2559
2561
2562
2565
2566
2568
2569
2570
2571
2574
2575
2576
2578
2579
2581
2582
2584
2586
2587
2588
2590
2591
2592
2595
2596
2598
2599
2601
2602
2604
2605
2606
2608
2609
2610
2612
2614
2615
2617
2618
2620
2621
2622
2624
2626
2627
2628
2630
2631
2634
2635
2636
2638
2639
2641
2643
2644
2645
2647
2649
2650
2651
2653
2654
2656
2657
2659
2660
2661
2663
2664
2666
2667
2669
2670
2672
2673
2675
2676
2678
2680
2681
2682
2684
2685
2688
2689
2690
2691
2693
2694
2697
2698
2699
2701
2703
2704
2705
2706
2708
2709
2712
2713
2714
2716
2717
2718
2720
2721
2724
2725
2726
2727
2730
2731
2732
2733
2736
2737
2738
2740
2741
2743
2745
2746
2747
2749
2751
2752
2753
2754
2757
2758
2759
2761
2762
2764
2766
2767
2769
2770
2771
2772
2774
2775
2777
2778
2780
2782
2783
2784
2786
2788
2790
2791
2793
2794
2795
2796
2799
2800
2801
2803
2804
2805
2807
2809
2811
2812
2814
2815
2816
2818
2820
2821
2822
2823
2825
2827
2829
2830
2831
2833
2835
2836
2837
2838
2840
2842
2843
2845
2846
2847
2849
2850
2853
2854
2855
2856
2858
2859
2861
2862
2864
2866
2867
2868
2871
2872
2873
2875
2876
2878
2879
2881
2882
2883
2886
2887
2888
2890
2892
2893
2894
2896
2897
2899
2900
2901
2903
2904
2906
2907
2909
2910
2912
2913
2915
2916
2919
2920
2921
2922
2925
2926
2928
2929
2930
2931
2933
2934
2936
2937
2939
2940
2942
2943
2946
2947
2948
2950
2951
2953
2955
2956
2958
2959
2960
2962
2964
2965
2966
2967
2969
2970
2972
2974
2975
2976
2978
2980
2981
2983
2985
2986
2987
2988
2990
2992
2993
2994
2997
2998
2999
3000
3003
3004
3005
3006
3009
3010
3011
3012
3014
3016
3018
3019
3021
3022
3023
3024
3026
3028
3029
3031
3032
3033
3035
3037
3039
3040
3041
3042
3044
3046
3048
3049
3050
3052
3053
3054
3056
3057
3060
3061
3063
3066
3067
3072
3075
3078
3081
3083
3084
3087
3088
3090
3092
3093
3094
3096
3100
3102
3109
3110
3111
3112
3113
3115
3118
3119
3121
3124
3125
3126
3127
3128
3129
3130
3133
3136
3137
3138
3140
3141
3142
3145
3148
3149
3150
3151
3152
3153
3156
3160
3161
3163
3165
3167
3171
3173
3174
3175
3176
3177
3180
3185
3186
3187
3188
3189
3190
3194
3195
3196
3197
3199
3200
3202
3203
3206
3208
3209
3210
3211
3213
3214
3215
3216
3218
3220
3222
3223
3225
3229
3230
3231
3234
3239
3240
3241
3243
3246
3248
3249
3250
3252
3255
3256
3262
3266
3267
3268
3269
3270
3272
3273
3276
