s vc 7620 4364
2
3
4
5
6
7
8
9
10
11
12
13
14
15
16
17
18
19
20
21
22
23
24
25
26
27
28
29
30
31
32
33
34
35
36
37
38
39
40
41
42
43
44
45
46
47
48
49
50
52
53
54
57
58
59
61
62
63
64
65
67
69
71
72
74
75
76
77
78
79
81
82
83
84
86
88
89
90
92
93
95
96
97
99
100
101
102
103
104
106
107
108
110
111
112
115
116
117
118
120
122
123
124
125
126
128
129
130
132
133
135
136
137
138
140
142
143
144
145
146
148
149
150
152
153
154
156
157
158
160
161
163
165
167
169
171
172
174
176
178
180
182
183
184
186
187
188
189
190
191
192
193
194
195
197
199
201
203
205
207
208
209
210
211
213
214
215
216
217
219
220
222
223
224
227
228
229
230
231
232
233
234
236
238
239
240
241
242
243
245
246
247
248
249
250
251
253
254
256
257
258
260
261
262
264
265
266
267
268
269
271
272
273
274
275
276
277
278
279
281
282
284
285
287
288
290
291
293
294
296
297
299
301
302
304
306
309
311
313
315
316
317
319
320
321
322
323
324
325
326
327
328
329
330
331
332
333
334
335
336
337
338
339
340
341
342
343
344
345
346
347
348
349
350
351
352
353
354
355
356
357
358
359
360
361
362
363
364
366
367
368
369
370
372
373
374
376
377
378
380
381
382
384
385
387
388
390
391
392
393
394
395
396
397
398
400
401
402
403
404
405
406
407
408
409
410
411
412
413
414
415
416
417
418
419
420
421
422
423
424
425
426
427
428
429
430
431
432
433
434
436
437
439
440
441
442
444
445
447
448
450
451
453
454
455
458
460
462
464
466
467
470
471
474
475
477
479
482
483
486
487
489
492
494
495
498
499
502
504
506
508
510
511
512
514
516
518
519
520
522
524
525
526
528
529
531
532
533
536
537
539
540
542
543
546
548
549
551
553
556
557
558
560
563
564
566
568
571
573
574
577
578
581
583
585
586
587
590
592
593
596
598
600
601
603
605
606
607
609
610
613
614
616
617
620
621
623
624
626
629
631
632
635
637
639
640
643
645
647
649
651
652
655
656
658
660
661
663
664
665
666
667
668
669
671
673
675
676
679
680
682
685
687
689
690
692
695
697
698
701
702
705
707
709
711
713
714
716
719
720
722
725
727
729
731
733
735
737
739
741
743
745
747
748
751
753
754
757
759
760
762
765
767
769
771
772
774
776
778
780
782
785
787
789
790
793
794
796
798
801
803
804
807
809
811
813
815
817
820
822
824
826
827
829
830
831
832
833
835
836
838
839
841
843
844
847
848
850
852
853
854
856
858
860
863
865
867
868
869
870
871
873
875
876
878
881
883
885
887
889
890
892
895
896
899
900
902
903
905
907
908
909
911
912
913
915
917
919
922
923
924
925
926
927
928
929
931
932
933
936
937
940
942
944
946
948
949
952
954
955
956
957
958
960
961
964
965
967
969
972
973
975
978
980
981
983
985
988
989
990
991
992
993
996
998
999
1001
1004
1006
1007
1009
1012
1013
1014
1015
1016
1017
1019
1020
1021
1022
1023
1024
1026
1027
1028
1030
1031
1033
1034
1036
1038
1039
1040
1041
1043
1044
1046
1048
1049
1050
1051
1052
1053
1054
1055
1056
1058
1060
1062
1064
1066
1068
1070
1079
1080
1081
1082
1084
1086
1088
1090
1092
1094
1102
1104
1106
1107
1108
1109
1111
1113
1115
1117
1124
1125
1126
1127
1128
1130
1131
1133
1135
1136
1137
1138
1139
1140
1142
1146
1148
1151
1153
1155
1165
1166
1167
1177
1179
1182
1184
1186
1187
1188
1189
1192
1195
1197
1198
1199
1201
1203
1204
1205
1213
1215
1217
1219
1221
1222
1223
1224
1228
1229
1230
1232
1233
1235
1236
1239
1240
1241
1243
1251
1253
1255
1257
1259
1261
1266
1267
1271
1272
1273
1274
1276
1278
1281
1282
1283
1284
1286
1287
1289
1290
1292
1295
1297
1299
1301
1303
1309
1310
1313
1314
1315
1316
1317
1319
1321
1322
1323
1324
1325
1327
1328
1329
1331
1332
1333
1335
1336
1337
1338
1339
1340
1341
1342
1343
1345
1346
1348
1350
1351
1353
1354
1355
1356
1357
1360
1361
1362
1363
1364
1366
1367
1369
1370
1371
1372
1373
1374
1375
1376
1378
1379
1380
1381
1382
1384
1385
1386
1387
1388
1391
1392
1393
1394
1395
1396
1398
1399
1401
1403
1405
1407
1409
1410
1411
1412
1413
1414
1415
1416
1421
1422
1423
1424
1427
1428
1430
1432
1440
1441
1446
1448
1450
1452
1454
1455
1462
1463
1465
1466
1467
1469
1470
1472
1473
1479
1480
1481
1482
1483
1484
1485
1487
1489
1490
1491
1492
1493
1495
1498
1500
1512
1513
1514
1524
1525
1526
1527
1535
1537
1539
1542
1544
1547
1548
1550
1552
1553
1554
1555
1556
1559
1560
1561
1563
1564
1565
1572
1574
1576
1578
1580
1582
1583
1585
1590
1591
1595
1596
1599
1601
1603
1605
1607
1609
1618
1619
1622
1624
1626
1628
1630
1631
1633
1639
1640
1641
1642
1643
1644
1645
1646
1647
1648
1649
1652
1653
1654
1655
1656
1657
1658
1659
1660
1661
1662
1663
1665
1666
1667
1668
1669
1670
1671
1672
1673
1674
1676
1677
1679
1680
1681
1682
1683
1684
1686
1687
1688
1689
1691
1692
1693
1694
1695
1696
1697
1698
1699
1701
1702
1704
1705
1706
1707
1708
1709
1711
1712
1713
1714
1715
1717
1718
1719
1720
1721
1722
1723
1724
1725
1726
1727
1728
1729
1730
1732
1734
1735
1736
1737
1738
1739
1740
1741
1743
1745
1746
1748
1750
1752
1754
1763
1765
1767
1769
1771
1772
1774
1775
1777
1778
1787
1789
1791
1793
1794
1795
1798
1800
1802
1803
1804
1805
1806
1807
1808
1809
1810
1811
1812
1813
1814
1815
1816
1817
1818
1819
1820
1821
1822
1823
1825
1826
1827
1828
1829
1830
1831
1832
1833
1834
1835
1836
1837
1838
1840
1841
1842
1843
1844
1845
1846
1847
1848
1850
1851
1853
1860
1862
1866
1868
1871
1873
1874
1875
1876
1877
1878
1879
1880
1881
1883
1884
1885
1886
1887
1888
1890
1891
1892
1893
1895
1901
1903
1906
1907
1910
1912
1914
1916
1917
1918
1919
1920
1925
1926
1929
1931
1933
1935
1936
1938
1940
1948
1950
1952
1954
1956
1957
1960
1962
1963
1964
1965
1966
1970
1971
1972
1973
1974
1975
1977
1978
1979
1980
1982
1983
1985
1987
1988
1992
1996
1999
2001
2003
2005
2006
2008
2010
2012
2014
2017
2018
2023
2024
2028
2029
2031
2033
2035
2037
2039
2041
2048
2049
2050
2051
2052
2053
2054
2055
2056
2058
2059
2061
2063
2064
2065
2066
2067
2068
2069
2070
2071
2072
2073
2074
2075
2078
2079
2080
2081
2082
2083
2084
2086
2087
2088
2089
2090
2091
2092
2093
2094
2095
2096
2097
2098
2099
2100
2101
2102
2103
2104
2105
2106
2107
2108
2109
2110
2111
2112
2113
2114
2115
2117
2118
2119
2120
2122
2123
2124
2125
2126
2128
2129
2130
2131
2132
2134
2136
2138
2139
2140
2141
2143
2144
2146
2147
2148
2149
2150
2151
2152
2153
2154
2156
2157
2158
2159
2160
2161
2162
2163
2165
2166
2167
2168
2170
2172
2173
2174
2176
2177
2178
2179
2180
2181
2182
2183
2184
2186
2188
2189
2190
2191
2192
2193
2197
2198
2199
2200
2201
2202
2204
2206
2207
2208
2210
2211
2212
2213
2214
2216
2217
2218
2219
2220
2221
2223
2224
2225
2226
2227
2228
2229
2230
2232
2233
2234
2235
2237
2239
2240
2242
2243
2245
2246
2247
2248
2249
2251
2253
2255
2256
2259
2260
2263
2265
2267
2269
2271
2273
2275
2284
2285
2286
2287
2290
2292
2294
2296
2298
2300
2306
2309
2310
2311
2312
2314
2315
2316
2317
2318
2319
2320
2321
2322
2323
2324
2325
2326
2328
2329
2330
2331
2332
2333
2334
2335
2336
2338
2339
2340
2341
2342
2343
2344
2345
2346
2347
2348
2349
2350
2351
2352
2353
2354
2355
2357
2358
2360
2362
2364
2365
2366
2367
2368
2369
2370
2371
2372
2373
2376
2378
2380
2382
2383
2392
2394
2396
2398
2400
2402
2404
2408
2414
2416
2417
2419
2420
2421
2422
2425
2426
2427
2429
2430
2433
2435
2437
2439
2443
2449
2450
2451
2452
2453
2454
2455
2456
2459
2461
2463
2464
2466
2469
2471
2478
2480
2482
2484
2486
2488
2490
2491
2492
2493
2494
2495
2499
2500
2501
2503
2505
2513
2515
2517
2519
2521
2523
2525
2526
2527
2529
2530
2531
2532
2533
2534
2536
2537
2538
2540
2541
2542
2550
2552
2554
2556
2558
2560
2562
2563
2567
2569
2571
2572
2573
2574
2575
2576
2577
2579
2580
2581
2582
2583
2585
2586
2587
2588
2589
2590
2591
2592
2593
2594
2595
2596
2597
2598
2599
2600
2601
2602
2603
2604
2605
2606
2607
2608
2609
2610
2611
2612
2613
2614
2615
2616
2618
2619
2620
2622
2623
2624
2625
2626
2629
2630
2633
2634
2635
2636
2637
2638
2640
2642
2643
2644
2645
2646
2647
2648
2649
2650
2651
2652
2653
2654
2655
2656
2657
2658
2659
2660
2661
2662
2663
2664
2665
2666
2667
2668
2669
2670
2671
2672
2673
2674
2675
2676
2677
2678
2679
2680
2681
2682
2683
2684
2685
2686
2687
2688
2692
2693
2695
2696
2697
2698
2699
2701
2703
2704
2707
2708
2709
2710
2711
2712
2713
2714
2715
2716
2717
2719
2720
2721
2722
2723
2725
2726
2727
2728
2729
2730
2731
2732
2733
2735
2737
2739
2740
2741
2742
2743
2744
2746
2747
2748
2750
2752
2753
2754
2755
2757
2758
2760
2761
2762
2763
2764
2765
2766
2767
2768
2770
2771
2772
2774
2775
2776
2778
2779
2781
2783
2785
2786
2787
2788
2789
2790
2791
2793
2794
2795
2796
2797
2799
2800
2801
2802
2803
2805
2807
2808
2810
2812
2813
2814
2815
2816
2817
2821
2822
2824
2825
2826
2827
2829
2831
2833
2835
2837
2839
2847
2848
2849
2852
2854
2856
2858
2860
2862
2863
2864
2865
2867
2868
2869
2871
2873
2874
2875
2876
2877
2878
2879
2881
2882
2883
2884
2885
2886
2887
2888
2889
2890
2891
2892
2893
2894
2895
2896
2897
2898
2899
2900
2901
2902
2903
2904
2905
2906
2907
2908
2909
2910
2911
2912
2913
2914
2915
2916
2918
2919
2920
2921
2922
2923
2924
2926
2928
2929
2930
2931
2932
2933
2934
2935
2936
2937
2938
2939
2940
2941
2942
2943
2945
2946
2947
2949
2950
2951
2952
2953
2954
2955
2956
2957
2958
2959
2960
2961
2962
2963
2964
2965
2966
2967
2968
2969
2970
2971
2972
2973
2974
2975
2976
2979
2980
2986
2987
2989
2990
2991
2993
2995
2997
2998
3001
3003
3004
3005
3006
3007
3009
3010
3011
3012
3013
3014
3017
3019
3021
3023
3029
3030
3031
3033
3034
3035
3036
3037
3038
3041
3042
3043
3044
3045
3046
3047
3048
3049
3050
3051
3052
3053
3054
3055
3056
3057
3058
3059
3060
3061
3062
3063
3064
3065
3066
3067
3068
3069
3070
3071
3072
3073
3074
3075
3076
3077
3078
3079
3080
3081
3082
3083
3084
3085
3087
3089
3091
3093
3095
3096
3097
3098
3099
3100
3101
3102
3104
3106
3107
3111
3113
3119
3121
3123
3125
3126
3128
3129
3130
3131
3132
3133
3134
3136
3138
3140
3141
3146
3149
3151
3152
3154
3156
3157
3158
3159
3160
3161
3162
3163
3166
3168
3170
3173
3175
3177
3179
3181
3183
3184
3189
3195
3197
3199
3201
3203
3205
3207
3209
3216
3217
3218
3219
3221
3223
3224
3225
3228
3230
3232
3234
3235
3237
3239
3247
3249
3251
3253
3255
3256
3257
3258
3259
3261
3262
3263
3264
3265
3266
3267
3268
3269
3270
3271
3272
3273
3274
3275
3276
3277
3278
3279
3280
3281
3282
3283
3284
3286
3287
3288
3290
3291
3292
3293
3294
3295
3296
3297
3298
3300
3302
3303
3304
3305
3306
3307
3308
3310
3311
3312
3313
3317
3321
3324
3325
3326
3327
3328
3330
3331
3332
3333
3334
3335
3336
3337
3339
3340
3341
3343
3344
3345
3346
3348
3349
3352
3353
3354
3355
3356
3358
3360
3361
3362
3363
3364
3365
3368
3369
3370
3371
3372
3373
3375
3376
3377
3379
3380
3381
3382
3384
3385
3386
3388
3389
3390
3391
3392
3394
3395
3396
3398
3399
3400
3402
3405
3406
3408
3409
3410
3411
3413
3414
3415
3416
3417
3419
3421
3423
3425
3427
3429
3431
3433
3435
3436
3438
3439
3448
3449
3450
3453
3454
3457
3459
3461
3462
3464
3466
3467
3468
3469
3470
3471
3472
3474
3475
3476
3477
3478
3479
3480
3482
3483
3485
3486
3487
3488
3489
3490
3491
3492
3493
3494
3495
3496
3497
3498
3499
3500
3501
3502
3503
3504
3505
3506
3507
3508
3509
3510
3511
3512
3513
3514
3515
3516
3517
3518
3520
3521
3522
3523
3524
3525
3526
3528
3529
3530
3533
3534
3537
3542
3544
3545
3548
3550
3552
3554
3556
3557
3558
3559
3560
3562
3563
3564
3565
3566
3567
3568
3569
3570
3571
3572
3573
3574
3575
3579
3586
3588
3590
3591
3595
3597
3598
3600
3602
3610
3612
3614
3616
3618
3620
3622
3623
3627
3633
3635
3637
3639
3641
3643
3645
3647
3652
3655
3659
3661
3663
3665
3667
3669
3671
3674
3680
3682
3684
3686
3688
3690
3692
3694
3700
3701
3704
3705
3706
3707
3708
3709
3710
3711
3712
3713
3714
3715
3716
3717
3718
3719
3720
3721
3722
3723
3724
3725
3726
3727
3728
3729
3730
3731
3732
3733
3734
3735
3736
3737
3739
3740
3742
3743
3744
3746
3747
3748
3749
3750
3751
3752
3754
3755
3757
3759
3761
3762
3763
3764
3765
3766
3767
3768
3769
3770
3773
3775
3777
3778
3779
3780
3783
3786
3792
3793
3794
3795
3797
3798
3799
3800
3801
3802
3804
3805
3806
3807
3809
3810
3811
3812
3813
3814
3816
3817
3818
3819
3820
3821
3822
3823
3824
3825
3826
3827
3828
3829
3831
3832
3833
3834
3835
3836
3837
3838
3839
3840
3841
3842
3844
3845
3846
3847
3848
3849
3850
3851
3852
3853
3855
3856
3857
3858
3859
3860
3861
3862
3863
3864
3865
3866
3868
3871
3872
3873
3874
3875
3876
3877
3878
3879
3881
3882
3884
3885
3886
3887
3889
3890
3891
3893
3894
3896
3897
3898
3899
3901
3902
3903
3904
3905
3907
3908
3909
3911
3912
3916
3917
3919
3920
3921
3922
3923
3924
3925
3927
3928
3932
3934
3937
3938
3939
3941
3942
3943
3945
3946
3947
3950
3951
3954
3956
3958
3959
3960
3961
3963
3967
3968
3969
3970
3972
3974
3975
3977
3978
3981
3984
3986
3987
3990
3991
3992
3994
3996
3997
3998
4002
4005
4006
4007
4008
4010
4011
4012
4013
4015
4016
4017
4019
4020
4021
4024
4026
4028
4030
4031
4032
4034
4036
4037
4039
4040
4041
4044
4045
4046
4047
4048
4049
4050
4051
4054
4056
4057
4059
4060
4064
4065
4067
4069
4070
4073
4074
4075
4076
4080
4081
4083
4084
4085
4087
4088
4089
4091
4092
4093
4096
4097
4099
4100
4102
4104
4105
4107
4109
4110
4111
4114
4116
4118
4119
4120
4121
4122
4123
4125
4128
4130
4131
4133
4135
4137
4138
4140
4141
4143
4146
4151
4152
4153
4155
4156
4158
4161
4162
4166
4167
4174
4175
4176
4177
4179
4181
4182
4185
4187
4189
4190
4198
4201
4204
4205
4208
4211
4212
4214
4215
4216
4218
4219
4221
4223
4225
4228
4229
4233
4234
4235
4236
4238
4239
4243
4244
4248
4252
4255
4259
4265
4269
4272
4275
4279
4281
4286
4292
4293
4296
4300
4301
4303
4305
4306
4308
4310
4313
4317
4321
4322
4329
4331
4333
4336
4342
4346
4350
4357
4361
4364
4366
4370
4373
4375
4377
4379
4384
4385
4386
4387
4388
4389
4390
4391
4392
4393
4394
4395
4396
4397
4398
4400
4401
4403
4404
4405
4406
4407
4408
4409
4410
4411
4413
4414
4415
4416
4417
4418
4419
4420
4421
4422
4423
4424
4425
4426
4427
4428
4429
4430
4431
4432
4433
4434
4435
4437
4438
4439
4442
4444
4445
4446
4447
4448
4449
4450
4451
4452
4454
4456
4459
4464
4467
4470
4474
4476
4477
4479
4481
4483
4485
4487
4505
4509
4511
4513
4514
4516
4517
4519
4520
4523
4524
4525
4526
4527
4528
4529
4530
4531
4532
4535
4536
4538
4539
4542
4543
4545
4546
4547
4548
4549
4550
4551
4552
4554
4555
4561
4567
4568
4569
4572
4573
4576
4577
4578
4579
4580
4581
4582
4586
4587
4588
4589
4590
4591
4592
4594
4595
4598
4602
4604
4606
4607
4608
4609
4614
4615
4619
4620
4621
4622
4623
4625
4628
4630
4632
4634
4636
4637
4638
4640
4641
4642
4643
4645
4649
4651
4652
4653
4654
4658
4660
4662
4664
4665
4666
4667
4669
4671
4674
4676
4678
4679
4680
4681
4682
4683
4684
4688
4690
4692
4694
4695
4696
4697
4703
4707
4709
4710
4711
4712
4714
4718
4720
4722
4724
4731
4732
4735
4736
4745
4748
4750
4752
4755
4756
4757
4760
4761
4762
4763
4764
4765
4766
4767
4768
4769
4770
4771
4773
4774
4775
4776
4777
4778
4780
4781
4782
4783
4784
4785
4786
4787
4788
4789
4790
4791
4792
4793
4795
4796
4797
4798
4799
4800
4801
4802
4803
4804
4805
4806
4807
4808
4809
4810
4814
4815
4818
4819
4821
4823
4824
4825
4830
4831
4833
4834
4835
4838
4841
4844
4846
4847
4849
4855
4856
4857
4858
4859
4860
4861
4862
4863
4866
4867
4868
4870
4871
4872
4873
4874
4875
4878
4879
4881
4882
4883
4884
4886
4887
4888
4889
4890
4891
4892
4894
4896
4897
4898
4899
4900
4903
4904
4906
4908
4909
4910
4911
4912
4916
4917
4918
4920
4921
4922
4925
4927
4932
4934
4935
4937
4938
4939
4940
4941
4945
4946
4947
4948
4949
4950
4952
4953
4954
4955
4957
4958
4959
4961
4962
4963
4965
4966
4968
4970
4971
4972
4973
4974
4976
4979
4980
4982
4983
4984
4985
4986
4987
4988
4989
4990
4991
4994
4996
4998
5001
5003
5005
5013
5014
5015
5016
5017
5018
5019
5020
5021
5023
5024
5025
5026
5027
5028
5029
5030
5031
5032
5033
5034
5035
5036
5038
5039
5040
5041
5042
5043
5044
5045
5046
5047
5048
5049
5050
5051
5052
5054
5055
5056
5057
5058
5060
5063
5064
5065
5066
5067
5068
5069
5071
5073
5075
5077
5079
5082
5091
5092
5093
5094
5095
5096
5097
5101
5104
5106
5108
5111
5115
5121
5123
5125
5127
5129
5139
5141
5143
5149
5151
5153
5154
5155
5156
5157
5158
5159
5160
5162
5166
5169
5171
5174
5176
5180
5190
5193
5195
5197
5200
5212
5213
5217
5218
5219
5220
5221
5222
5223
5224
5225
5226
5227
5228
5229
5230
5231
5233
5234
5235
5236
5237
5238
5239
5240
5242
5243
5245
5246
5247
5248
5249
5250
5251
5252
5253
5254
5255
5256
5257
5258
5259
5260
5261
5262
5263
5272
5278
5280
5282
5283
5284
5285
5286
5287
5288
5289
5291
5293
5294
5295
5296
5297
5305
5307
5308
5309
5310
5311
5312
5313
5315
5318
5320
5322
5323
5324
5325
5327
5331
5335
5338
5340
5341
5343
5344
5345
5346
5347
5349
5350
5352
5353
5354
5356
5359
5361
5363
5366
5368
5370
5371
5376
5377
5378
5381
5388
5389
5392
5394
5396
5398
5400
5403
5405
5406
5407
5416
5418
5420
5422
5424
5434
5436
5438
5440
5441
5444
5450
5456
5458
5460
5462
5464
5466
5468
5477
5479
5481
5483
5485
5487
5493
5499
5500
5502
5503
5506
5508
5510
5512
5514
5523
5526
5527
5530
5531
5535
5536
5537
5538
5539
5540
5543
5544
5545
5546
5547
5549
5551
5554
5559
5561
5562
5563
5564
5565
5566
5567
5569
5570
5571
5573
5575
5576
5577
5578
5579
5581
5582
5583
5584
5585
5587
5588
5597
5598
5599
5600
5602
5606
5607
5608
5610
5611
5616
5617
5618
5619
5621
5622
5625
5631
5633
5635
5636
5637
5638
5639
5643
5644
5645
5646
5647
5648
5653
5654
5656
5657
5658
5659
5660
5666
5667
5668
5670
5671
5672
5673
5674
5675
5676
5679
5680
5681
5683
5685
5687
5688
5690
5692
5694
5697
5698
5699
5702
5704
5706
5707
5708
5709
5710
5711
5712
5713
5714
5715
5717
5722
5723
5724
5731
5732
5736
5738
5740
5742
5743
5744
5745
5746
5747
5748
5749
5750
5752
5754
5757
5758
5759
5760
5761
5762
5763
5764
5765
5766
5769
5777
5781
5782
5785
5787
5789
5791
5793
5797
5804
5806
5808
5810
5812
5814
5816
5817
5819
5827
5829
5831
5833
5835
5837
5839
5841
5843
5845
5854
5856
5859
5861
5863
5865
5866
5868
5873
5875
5881
5882
5885
5887
5889
5891
5893
5896
5897
5904
5905
5906
5907
5908
5909
5910
5911
5912
5913
5914
5915
5916
5917
5918
5919
5920
5921
5922
5923
5924
5925
5926
5927
5928
5929
5930
5932
5933
5934
5935
5936
5937
5938
5939
5940
5941
5942
5943
5944
5945
5946
5947
5949
5950
5951
5952
5953
5958
5960
5961
5963
5964
5965
5967
5969
5972
5974
5975
5977
5984
5985
5986
5987
5988
5989
5990
5991
5992
5997
5999
6000
6002
6004
6006
6008
6010
6011
6012
6013
6014
6015
6016
6017
6018
6021
6025
6028
6032
6033
6034
6035
6037
6038
6039
6040
6041
6042
6043
6044
6045
6047
6048
6049
6050
6051
6055
6059
6060
6061
6062
6063
6064
6066
6067
6070
6071
6072
6073
6075
6077
6078
6079
6080
6081
6084
6086
6087
6088
6089
6090
6092
6093
6097
6098
6099
6100
6101
6104
6106
6107
6108
6109
6112
6113
6114
6115
6116
6117
6118
6119
6122
6124
6127
6128
6130
6133
6134
6136
6138
6139
6140
6142
6144
6146
6148
6149
6150
6151
6152
6153
6154
6155
6156
6158
6159
6161
6164
6165
6166
6167
6171
6175
6180
6183
6185
6189
6192
6195
6198
6203
6205
6210
6212
6214
6215
6216
6217
6219
6220
6221
6223
6225
6226
6227
6229
6230
6231
6232
6233
6237
6240
6243
6246
6250
6252
6255
6257
6261
6266
6267
6271
6273
6275
6278
6282
6286
6290
6292
6294
6296
6299
6303
6305
6310
6313
6316
6322
6327
6328
6330
6333
6338
6340
6342
6346
6347
6348
6349
6352
6354
6356
6357
6359
6361
6362
6364
6365
6367
6368
6370
6372
6374
6375
6377
6378
6380
6381
6384
6385
6389
6390
6392
6393
6396
6399
6400
6401
6405
6408
6409
6412
6413
6415
6418
6422
6423
6428
6433
6434
6437
6439
6442
6446
6447
6449
6453
6459
6461
6463
6464
6467
6468
6470
6472
6473
6474
6476
6477
6478
6479
6480
6481
6482
6483
6484
6485
6486
6487
6488
6489
6490
6491
6492
6493
6494
6495
6497
6498
6500
6501
6502
6503
6504
6505
6506
6507
6508
6509
6510
6511
6512
6513
6514
6515
6516
6517
6518
6521
6522
6523
6524
6525
6527
6528
6529
6530
6532
6533
6534
6535
6537
6539
6542
6545
6547
6553
6554
6555
6556
6557
6558
6560
6563
6565
6566
6570
6574
6575
6578
6581
6582
6583
6587
6588
6590
6592
6594
6597
6599
6603
6607
6608
6611
6612
6614
6615
6628
6629
6633
6634
6638
6639
6642
6643
6646
6647
6648
6649
6650
6653
6654
6656
6657
6658
6659
6661
6662
6663
6664
6665
6666
6667
6669
6670
6671
6672
6674
6678
6679
6681
6683
6684
6685
6687
6690
6691
6693
6694
6696
6699
6703
6705
6708
6710
6712
6714
6716
6719
6724
6725
6728
6729
6730
6734
6737
6738
6743
6745
6758
6761
6762
6765
6769
6772
6774
6776
6777
6780
6781
6786
6789
6791
6795
6797
6802
6807
6810
6812
6816
6820
6822
6823
6848
6851
6852
6854
6856
6857
6859
6860
6865
6866
6868
6869
6871
6874
6876
6881
6882
6883
6885
6886
6887
6888
6889
6890
6891
6893
6894
6895
6896
6898
6900
6902
6904
6907
6911
6914
6916
6917
6918
6928
6929
6930
6932
6935
6936
6938
6939
6942
6944
6949
6951
6953
6956
6959
6962
6965
6967
6968
6969
6974
6976
6978
6979
6985
6989
6990
6993
6995
6998
7000
7002
7005
7006
7010
7012
7016
7017
7020
7022
7025
7026
7029
7032
7034
7037
7038
7040
7043
7045
7047
7056
7059
7062
7064
7067
7070
7072
7074
7078
7080
7082
7086
7095
7097
7098
7099
7103
7105
7107
7108
7111
7115
7119
7123
7127
7129
7134
7137
7140
7144
7147
7150
7154
7157
7160
7163
7166
7168
7170
7172
7173
7178
7179
7182
7186
7191
7192
7196
7197
7200
7203
7204
7207
7209
7223
7227
7229
7232
7234
7235
7237
7238
7240
7243
7247
7248
7256
7261
7263
7266
7269
7273
7275
7282
7283
7287
7291
7293
7294
7297
7300
7304
7306
7308
7309
7311
7312
7314
7318
7320
7324
7329
7332
7337
7339
7342
7346
7351
7352
7356
7358
7364
7375
7379
7384
7387
7388
7390
7392
7397
7399
7401
7402
7407
7409
7410
7417
7421
7430
7433
7436
7439
7440
7445
7448
7452
7457
7460
7462
7465
7472
7475
7477
7480
7486
7493
7495
7497
7503
7506
7509
7514
7519
7521
7523
7533
7535
7538
7539
7540
7542
7550
7554
7556
7557
7558
7560
7562
7564
7567
7569
7571
7572
7574
7576
7578
7580
7582
7583
7585
7587
7589
7591
7593
7595
7599
7600
7614
7615
