s vc 200 141
2
3
6
8
9
10
11
12
13
15
16
18
19
21
22
25
27
28
29
31
32
33
35
37
38
39
40
42
43
44
45
46
47
48
49
50
52
53
55
56
58
59
60
61
62
63
64
65
66
67
68
70
71
72
73
74
75
76
78
79
80
82
83
88
90
91
93
95
97
98
99
101
103
104
105
106
107
108
109
110
111
113
115
116
118
119
122
123
124
125
126
128
130
131
133
134
135
136
138
139
141
143
144
145
146
147
149
151
152
153
154
155
156
157
160
161
163
165
166
168
169
170
172
174
175
176
177
179
182
183
186
187
188
190
191
192
193
194
195
199
200
