s vc 1605 1004
1
2
3
4
7
9
11
13
15
16
18
22
25
26
31
32
33
34
35
38
40
41
43
44
50
51
52
55
56
57
58
59
61
62
64
65
66
68
71
74
75
77
79
80
81
82
83
85
86
87
89
90
91
92
93
94
96
98
99
100
101
102
104
106
107
108
109
110
113
114
115
116
117
118
119
120
121
122
124
125
126
128
130
131
132
134
135
136
137
140
141
142
143
144
145
146
147
148
149
150
152
153
155
158
159
160
161
163
164
166
167
168
169
170
171
172
173
174
175
176
177
178
180
181
182
184
185
186
187
188
189
190
191
192
193
194
195
196
197
198
199
200
201
202
203
205
207
208
209
211
212
214
216
218
219
220
221
223
224
226
228
230
231
232
233
235
236
238
239
241
242
245
246
247
249
250
252
254
255
256
258
260
261
262
263
265
267
268
270
271
272
274
276
278
279
280
282
284
285
286
287
290
291
292
293
295
296
299
300
301
302
304
305
307
308
310
311
313
315
316
317
319
321
323
324
325
327
329
330
331
332
335
336
338
339
340
341
343
345
346
348
350
351
352
353
355
357
359
360
361
362
364
366
367
368
370
372
373
374
376
377
379
380
382
383
386
387
388
389
392
393
394
395
397
398
401
402
403
404
406
407
409
411
412
413
415
417
419
420
422
423
424
425
428
429
430
431
433
435
436
438
439
441
442
443
445
446
448
449
451
452
454
456
457
458
460
462
464
465
466
468
469
470
472
473
475
476
478
479
482
483
484
485
487
489
490
491
493
494
496
498
499
500
503
504
505
506
508
509
511
512
514
515
517
518
520
521
523
524
526
527
529
531
533
534
535
536
539
540
541
542
544
546
548
549
550
552
553
555
556
558
559
561
562
564
565
566
568
570
572
573
575
576
577
578
580
581
583
585
587
588
589
591
592
593
596
597
598
599
601
602
604
605
608
609
610
611
613
614
617
618
619
621
623
624
626
627
628
630
631
632
634
636
637
638
641
642
643
644
646
647
649
651
652
653
655
656
658
659
661
662
664
665
667
669
670
671
673
674
676
677
679
680
682
683
685
686
688
689
691
693
694
696
697
699
700
702
703
704
706
708
710
711
712
713
715
717
718
719
721
723
725
726
727
728
730
732
733
734
736
737
740
741
742
743
745
746
748
749
752
753
754
756
757
759
761
762
763
764
766
767
769
770
772
773
775
777
778
780
781
783
785
786
787
788
790
792
793
794
796
798
799
800
803
804
805
806
808
810
812
813
814
815
817
818
820
822
823
825
827
828
829
831
833
834
835
837
839
840
842
843
844
846
847
848
850
851
853
855
856
857
859
860
862
864
866
867
868
870
871
872
875
876
878
879
880
882
883
885
887
888
889
890
892
893
895
896
899
900
901
903
905
906
907
908
910
911
913
914
916
918
919
920
923
924
925
927
929
930
931
932
934
936
938
939
940
942
943
944
946
947
950
951
952
953
955
956
958
959
961
962
965
966
967
969
971
972
973
975
976
977
979
980
982
983
985
986
988
989
991
993
995
996
997
998
1000
1001
1003
1004
1006
1008
1010
1011
1012
1013
1015
1016
1018
1019
1021
1022
1025
1026
1027
1028
1031
1032
1034
1035
1036
1037
1039
1041
1043
1044
1045
1046
1048
1050
1051
1053
1054
1056
1057
1058
1061
1062
1063
1064
1067
1068
1069
1070
1072
1073
1075
1076
1078
1079
1081
1083
1085
1086
1088
1089
1090
1092
1094
1095
1096
1097
1099
1101
1102
1103
1106
1107
1108
1109
1111
1113
1114
1115
1118
1119
1121
1122
1123
1124
1126
1128
1130
1131
1132
1133
1135
1136
1139
1140
1141
1142
1144
1145
1147
1148
1150
1152
1154
1155
1156
1157
1159
1160
1162
1163
1165
1167
1168
1170
1171
1172
1174
1176
1177
1179
1180
1181
1184
1185
1186
1187
1189
1191
1192
1193
1195
1197
1198
1199
1201
1202
1205
1206
1208
1209
1210
1212
1213
1214
1216
1217
1219
1221
1222
1224
1225
1226
1228
1229
1232
1233
1234
1235
1238
1239
1241
1242
1243
1245
1246
1247
1249
1250
1252
1253
1255
1256
1258
1260
1261
1263
1264
1265
1267
1269
1271
1272
1274
1275
1277
1278
1280
1281
1282
1283
1285
1287
1288
1290
1291
1292
1294
1295
1297
1298
1300
1302
1303
1304
1307
1308
1309
1310
1313
1314
1315
1317
1318
1320
1322
1323
1325
1326
1327
1329
1330
1331
1333
1335
1336
1337
1339
1340
1343
1344
1345
1346
1349
1350
1352
1353
1354
1356
1358
1359
1360
1362
1363
1364
1366
1368
1369
1371
1373
1374
1376
1377
1378
1380
1381
1383
1384
1386
1387
1388
1390
1391
1394
1395
1396
1397
1400
1401
1402
1403
1409
1410
1412
1414
1416
1418
1421
1423
1424
1425
1427
1428
1431
1432
1433
1434
1440
1441
1443
1446
1449
1450
1451
1452
1453
1457
1458
1464
1467
1471
1473
1474
1476
1477
1480
1482
1488
1492
1499
1501
1507
1509
1515
1516
1527
1531
1533
1537
1542
1543
1555
1558
1560
1561
1566
1569
1570
1583
1587
