s vc 7115 2249
1
2
3
7
10
12
15
16
17
18
19
20
21
23
24
25
28
30
31
32
35
36
38
40
41
42
43
44
45
47
48
50
52
54
55
56
57
58
59
60
61
62
63
64
65
66
67
68
69
70
71
72
73
74
75
76
78
79
80
81
82
83
84
85
86
87
88
89
91
92
93
94
95
96
97
98
99
100
101
102
103
104
105
106
107
111
113
114
115
116
117
118
119
120
121
122
123
124
125
126
127
128
129
130
131
132
133
134
135
136
137
138
139
140
141
142
143
145
146
147
148
149
150
151
152
153
154
155
156
157
158
159
160
161
162
163
164
165
166
167
168
169
170
171
172
173
174
175
176
177
178
179
180
181
182
183
184
185
186
187
188
189
190
191
192
193
194
195
196
197
198
199
200
201
202
203
204
205
206
207
208
209
210
211
212
213
214
215
216
217
218
219
220
221
222
223
224
225
226
227
228
229
230
231
232
234
235
237
238
239
240
241
242
243
245
246
247
248
249
250
251
252
253
254
255
256
257
258
259
260
261
262
263
264
265
266
267
268
269
270
271
272
273
274
275
276
277
278
279
280
281
282
283
284
285
286
287
288
289
290
291
292
293
294
295
296
297
298
299
300
301
302
303
304
305
306
307
308
309
310
311
312
313
314
315
316
317
318
319
320
322
323
324
325
326
327
328
329
330
331
332
333
335
336
337
338
340
341
342
343
344
345
346
347
348
349
350
351
353
355
356
357
358
360
361
362
367
368
369
370
372
373
374
375
376
377
378
379
380
381
382
383
384
385
386
387
388
389
390
391
392
393
394
395
396
397
398
400
402
403
404
405
408
410
411
412
414
415
416
417
418
421
422
424
425
429
430
431
432
433
434
435
436
437
438
439
440
441
442
443
448
449
450
451
452
453
454
455
456
457
458
459
460
461
462
463
464
465
466
467
468
469
470
471
472
473
474
475
476
477
478
479
480
481
482
483
484
485
486
487
488
489
490
491
492
493
494
495
496
497
498
499
500
501
502
503
504
505
506
507
508
509
510
511
512
513
514
515
516
517
518
519
520
521
522
523
524
525
526
527
528
529
530
531
532
533
534
535
536
537
538
539
540
541
542
543
544
545
546
547
548
549
550
551
552
553
554
555
556
557
558
559
560
561
562
563
564
565
566
567
568
569
570
571
572
573
574
575
576
577
578
579
580
581
582
583
584
585
586
587
588
589
590
591
592
593
594
595
596
597
598
599
600
601
602
603
604
605
606
607
608
609
610
611
612
613
614
615
616
617
618
619
620
621
622
623
624
625
626
627
628
629
630
631
632
633
634
635
636
637
638
639
640
641
642
643
644
645
646
647
648
649
650
651
652
653
654
655
656
657
658
659
660
661
662
663
664
665
666
667
668
669
670
671
672
673
674
675
676
677
678
679
680
681
682
683
684
685
686
687
688
689
690
691
692
693
694
695
696
697
698
699
700
701
702
703
704
705
706
707
708
709
710
711
712
713
714
715
716
717
718
719
720
721
722
723
724
725
726
727
728
729
730
731
732
733
734
735
736
737
738
739
740
741
742
743
744
745
746
747
748
749
750
751
752
753
754
755
756
757
758
759
760
761
762
763
764
765
766
767
768
769
770
771
772
773
774
775
776
777
778
779
780
781
782
783
784
785
786
787
788
789
790
791
792
793
794
795
796
797
798
799
800
801
802
803
804
805
806
807
808
809
810
811
812
813
814
815
816
817
818
819
820
821
822
823
824
825
826
827
828
829
830
831
832
833
834
835
836
837
838
839
840
841
842
843
844
845
846
847
848
849
850
851
852
853
854
855
856
857
858
859
860
861
862
863
864
865
866
867
868
869
870
871
872
873
874
875
876
877
878
879
880
881
882
883
884
885
886
887
888
889
890
891
892
893
894
895
896
897
898
899
900
901
902
903
904
905
906
907
908
909
910
911
912
913
914
915
916
917
918
919
920
921
922
923
924
925
926
927
928
929
930
931
932
933
934
936
937
938
939
940
941
942
943
944
945
946
962
972
973
977
978
979
980
981
982
983
986
987
995
996
997
999
1000
1005
1006
1008
1012
1014
1015
1016
1018
1019
1020
1021
1022
1024
1025
1026
1028
1030
1033
1034
1038
1039
1040
1041
1044
1047
1052
1053
1054
1055
1056
1057
1060
1062
1071
1072
1074
1077
1080
1081
1082
1083
1085
1088
1089
1090
1093
1098
1099
1100
1102
1105
1106
1108
1109
1111
1112
1116
1118
1119
1124
1125
1128
1129
1130
1133
1134
1135
1136
1138
1139
1143
1146
1147
1148
1152
1154
1155
1160
1161
1162
1164
1166
1171
1177
1180
1182
1183
1184
1185
1191
1193
1197
1199
1205
1207
1208
1210
1218
1219
1220
1221
1222
1227
1228
1229
1230
1231
1232
1233
1234
1235
1236
1237
1238
1239
1240
1241
1242
1243
1244
1245
1246
1247
1248
1249
1250
1251
1252
1253
1254
1256
1257
1259
1260
1261
1262
1263
1266
1267
1268
1269
1270
1271
1272
1273
1274
1275
1276
1277
1278
1279
1280
1281
1282
1283
1284
1285
1286
1287
1288
1289
1290
1291
1292
1293
1294
1295
1296
1297
1298
1299
1300
1301
1302
1303
1304
1305
1306
1307
1308
1309
1310
1311
1312
1313
1314
1315
1316
1317
1318
1319
1320
1321
1322
1323
1324
1325
1326
1327
1328
1329
1330
1331
1332
1333
1334
1335
1336
1337
1338
1339
1340
1341
1342
1343
1344
1345
1346
1347
1348
1349
1350
1351
1352
1353
1354
1355
1356
1358
1360
1369
1384
1409
1410
1411
1415
1416
1418
1419
1420
1422
1423
1424
1425
1426
1427
1428
1429
1430
1431
1449
1457
1459
1465
1466
1467
1468
1469
1470
1472
1473
1474
1475
1476
1478
1479
1481
1482
1483
1484
1486
1487
1488
1489
1490
1491
1492
1493
1494
1496
1505
1507
1508
1509
1511
1512
1513
1514
1515
1516
1517
1518
1519
1520
1521
1522
1523
1524
1525
1526
1528
1529
1530
1537
1538
1540
1541
1542
1543
1545
1549
1554
1555
1559
1563
1565
1566
1567
1569
1570
1572
1575
1577
1580
1581
1582
1590
1592
1605
1612
1613
1614
1615
1616
1617
1618
1619
1620
1621
1622
1623
1624
1625
1626
1628
1629
1630
1631
1632
1633
1634
1635
1636
1637
1638
1639
1640
1641
1642
1643
1644
1645
1646
1647
1648
1649
1650
1651
1652
1653
1655
1656
1657
1658
1659
1660
1661
1662
1663
1664
1665
1666
1667
1668
1669
1670
1671
1672
1673
1674
1675
1676
1677
1678
1679
1680
1681
1682
1683
1684
1685
1686
1687
1688
1689
1690
1691
1692
1693
1695
1696
1697
1698
1699
1700
1701
1702
1703
1704
1705
1706
1707
1708
1709
1710
1711
1712
1713
1714
1715
1716
1717
1718
1719
1720
1721
1722
1723
1724
1725
1726
1727
1729
1730
1731
1732
1733
1734
1735
1736
1737
1739
1740
1741
1742
1743
1744
1746
1747
1748
1749
1750
1751
1752
1753
1754
1755
1757
1762
1764
1766
1768
1769
1775
1776
1777
1778
1781
1784
1785
1786
1788
1789
1792
1795
1796
1799
1800
1801
1803
1804
1806
1807
1819
1822
1823
1834
1842
1859
1862
1863
1864
1865
1866
1867
1868
1869
1870
1871
1872
1873
1874
1875
1876
1877
1878
1879
1880
1881
1883
1884
1885
1886
1887
1888
1889
1892
1893
1894
1896
1897
1899
1900
1901
1904
1915
1916
1917
1918
1919
1920
1921
1922
1923
1924
1925
1926
1927
1928
1929
1930
1931
1932
1933
1934
1938
1939
1940
1941
1942
1943
1944
1945
1946
1947
1948
1949
1950
1951
1952
1953
1954
1955
1956
1957
1958
1959
1961
1962
1963
1964
1965
1966
1967
1969
1970
1971
1972
1973
1974
1975
1976
1977
1978
1979
1981
1982
1983
1984
1985
1986
1987
1988
1989
1990
1991
1992
1993
1994
1995
1996
1997
1998
1999
2000
2001
2003
2004
2005
2006
2007
2008
2009
2010
2011
2012
2013
2014
2015
2016
2017
2018
2019
2020
2021
2022
2023
2024
2025
2026
2027
2028
2029
2030
2031
2032
2033
2034
2035
2036
2037
2038
2039
2040
2041
2042
2043
2044
2045
2046
2047
2048
2049
2050
2051
2052
2053
2054
2055
2056
2057
2058
2059
2060
2061
2062
2063
2073
2074
2075
2076
2077
2078
2079
2080
2081
2082
2083
2084
2085
2086
2087
2088
2089
2090
2091
2092
2093
2094
2095
2096
2103
2106
2111
2115
2116
2128
2130
2131
2132
2133
2137
2138
2142
2145
2148
2149
2152
2153
2154
2157
2158
2160
2163
2165
2168
2170
2171
2172
2173
2174
2175
2176
2177
2178
2179
2180
2181
2182
2183
2185
2190
2191
2192
2193
2194
2195
2196
2197
2198
2199
2201
2202
2203
2204
2205
2206
2209
2210
2218
2225
2231
2234
2238
2243
2248
2262
2279
2280
2281
2282
2283
2285
2286
2287
2301
2302
2312
2317
2322
2324
2325
2326
2336
2337
2339
2340
2344
2359
2361
2364
2393
2401
2405
2407
2408
2421
2422
2424
2429
2431
2432
2433
2435
2437
2440
2443
2444
2445
2446
2448
2449
2450
2452
2454
2455
2457
2464
2465
2466
2467
2468
2469
2470
2471
2474
2475
2482
2485
2492
2493
2494
2495
2496
2497
2500
2502
2503
2506
2510
2512
2516
2517
2521
2522
2523
2528
2530
2531
2532
2533
2534
2535
2538
2552
2556
2562
2565
2570
2571
2577
2581
2582
2603
2604
2605
2606
2607
2608
2609
2610
2611
2613
2614
2616
2617
2618
2619
2620
2622
2623
2624
2626
2630
2631
2632
2634
2635
2636
2637
2638
2639
2640
2641
2642
2643
2644
2645
2646
2647
2648
2649
2650
2652
2653
2654
2655
2656
2657
2658
2659
2660
2661
2663
2664
2665
2666
2667
2668
2670
2671
2672
2673
2674
2675
2676
2677
2678
2679
2680
2681
2682
2683
2684
2685
2686
2687
2688
2689
2691
2692
2694
2695
2696
2697
2698
2699
2700
2701
2702
2703
2704
2705
2707
2708
2709
2710
2712
2714
2715
2716
2717
2718
2719
2720
2721
2722
2723
2725
2731
2741
2744
2745
2760
2762
2772
2773
2774
2776
2777
2784
2804
2806
2807
2808
2809
2810
2811
2818
2819
2822
2830
2838
2839
2845
2859
2860
2861
2862
2870
2881
2882
2883
2923
2930
2931
2934
2943
2944
2945
2947
2948
2949
2950
2951
2953
2961
2963
2964
2966
2970
2971
2975
2977
2978
2979
2980
2981
2982
2985
2986
2987
2989
2990
2991
2994
2995
3001
3002
3003
3006
3009
3010
3017
3022
3023
3025
3028
3030
3032
3034
3037
3038
3041
3044
3047
3049
3050
3051
3052
3053
3055
3061
3062
3066
3071
3077
3084
3085
3086
3100
3119
3120
3121
3122
3123
3124
3125
3126
3127
3128
3129
3130
3131
3133
3134
3135
3136
3137
3138
3154
3156
3165
3174
3183
3196
3198
3200
3204
3209
3213
3223
3226
3228
3229
3231
3234
3238
3243
3244
3245
3252
3270
3274
3275
3289
3291
3297
3298
3325
3343
3345
3348
3359
3361
3366
3394
3397
3401
3402
3403
3404
3406
3407
3414
3415
3417
3420
3430
3438
3471
3486
3488
3503
3505
3506
3507
3509
3510
3511
3513
3514
3533
3535
3537
3538
3539
3540
3548
3549
3580
3585
3586
3595
3596
3638
3640
3653
3660
3688
3691
3737
3752
3753
3756
3759
3762
3790
3791
3793
3795
3813
3828
3857
3858
3908
3909
3938
3939
3961
3976
3982
3995
4011
4019
4033
4034
4038
4065
4066
4072
4092
4129
4139
4140
4146
4179
4182
4183
4186
4261
4292
4305
4306
4317
4335
4365
4370
4373
4383
4411
4440
4449
4499
4510
4526
4527
4549
4578
4582
4624
4649
4650
4653
4656
4658
4665
4685
4768
4795
4826
4843
4852
4853
4854
4855
4859
4894
4900
4915
4945
4984
4991
4992
4999
5001
5011
5018
5067
5075
5082
5098
5101
5125
5133
5136
5151
5155
5156
5158
5202
5223
5224
5236
5259
5286
5300
5305
5386
5387
5488
5492
5515
5552
5563
5571
5600
5610
5686
5723
5735
5769
5774
5856
5860
5874
5890
5891
5950
5969
5971
5973
6009
6034
6096
6105
6120
6122
6123
6124
6176
6224
6248
6251
6357
6372
6408
6439
6447
6476
6503
6554
6561
6563
6570
6584
6588
6625
6629
6678
6711
6730
6787
6852
6879
6921
6925
6926
6970
6980
7060
7063
7071
7079
