s vc 224 167
1
2
3
4
5
6
8
9
11
12
13
14
15
16
17
18
19
20
21
22
23
25
26
27
28
29
30
31
32
33
34
35
36
38
40
42
43
44
45
46
47
48
49
52
53
54
55
56
57
58
59
61
62
63
64
65
66
67
68
69
70
71
72
73
74
76
77
78
79
80
81
82
83
84
85
86
87
89
90
91
92
93
95
96
98
99
100
101
102
104
105
106
107
109
110
111
112
113
114
116
117
118
119
120
122
123
124
125
126
127
130
131
132
133
134
135
136
138
139
140
141
142
143
145
146
148
149
150
152
153
154
155
157
161
163
164
166
167
168
170
171
172
175
180
182
184
185
186
190
192
194
195
196
198
199
200
201
203
205
208
209
210
211
212
217
219
222
