s vc 45307 8610
32768
1
32771
32773
32775
32776
32779
32780
32783
32785
32787
32788
32791
32792
32795
32796
32798
32801
32803
32805
32807
32808
32810
32812
32815
32817
32818
32820
32823
32824
32827
32829
32830
32833
32835
32837
32838
32840
32843
32845
32846
32848
32851
32853
32854
32856
32859
32860
32863
32864
32867
32869
32870
32873
32874
32876
32878
32881
32883
32885
32887
32888
32891
32892
32895
32896
32899
32901
32903
32904
32907
32909
32910
32912
32914
32917
32919
32921
32922
32924
32927
32929
32931
32932
32934
32936
32939
32941
32942
32944
32946
32949
32951
32953
32954
32956
32958
32960
32962
32964
32966
32969
32970
32973
32975
32977
32978
32981
32983
32985
32987
32989
32990
32993
32994
32996
32999
33000
33002
33004
33007
33009
33011
33013
33014
33016
33019
33020
33023
33025
33026
33028
33030
33033
33035
33037
33038
33040
33043
33045
33047
33048
33051
33052
33055
33056
33058
33060
33062
33064
33067
33068
33071
33073
33075
33076
33078
33080
33082
33085
33086
33089
33090
33092
33095
33097
33098
33101
33103
33104
33106
33108
33110
33112
33115
33117
33119
33121
33122
33125
33127
33128
33130
33133
33134
33137
33138
33140
33143
33145
33146
33149
33150
33153
33155
33157
33158
33160
33163
33165
33167
33168
33171
33172
33175
33177
33179
33181
33182
33185
33186
33189
33191
33193
33195
33196
33198
33200
33202
33205
33207
33209
33210
33213
33215
33216
33219
33221
33222
33225
33227
33229
33231
33232
33234
33237
33239
33241
33242
33244
33246
33249
33251
33253
33255
33257
33258
33261
33263
33264
33267
33269
33271
33272
33275
33276
33278
33280
33282
33284
33286
33288
33291
33292
33294
33297
33299
33301
33302
33304
33306
33308
33311
33312
33314
33316
33318
33320
33323
33325
33326
33328
33330
33332
33335
33337
33339
33340
33342
33344
33346
33348
33350
33353
33354
33357
33359
33360
33363
33365
33366
33368
33371
33372
33374
33376
33378
33380
33382
33384
33387
33388
33391
33392
33394
33396
33398
33400
33403
33405
33406
33409
33411
33413
33415
33417
33419
33420
33422
33424
33427
33429
33431
33433
33434
33436
33439
33441
33442
33445
33446
33448
33450
33453
33455
33457
33458
33461
33463
33465
33466
33468
33471
33472
33475
33477
33478
33480
33482
33484
33487
33488
33491
33492
33494
33497
33498
33500
33503
33504
33507
33509
33511
33513
33514
33517
33518
33520
33522
33524
33527
33528
33531
33533
33535
33537
33539
33540
33542
33545
33546
33548
33551
33553
33554
33557
33558
33560
33563
33565
33566
33569
33571
33573
33574
33576
33578
33581
33583
33585
33586
33589
33590
33593
33595
33597
33598
33600
33602
33604
33606
33609
33611
33612
33614
33617
33618
33620
33623
33624
33626
33629
33630
33632
33634
33637
33639
33640
33643
33644
33646
33648
33651
33653
33655
33656
33658
33661
33662
33665
33666
33668
33671
33672
33675
33677
33679
33680
33682
33685
33686
33688
33691
33693
33695
33697
33698
33701
33702
33704
33706
33708
33710
33713
33715
33716
33718
33721
33722
33725
33727
33728
33731
33733
33735
33737
33739
33741
33742
33744
33747
33748
33750
33752
33754
33756
33759
33761
33763
33765
33766
33769
33771
33772
33775
33776
33779
33780
33783
33784
33787
33789
33790
33793
33795
33796
33798
33800
33802
33804
33807
33809
33811
33812
33814
33817
33819
33821
33822
33824
33826
33828
33830
33833
33834
33837
33838
33840
33842
33844
33846
33849
33851
33852
33854
33856
33858
33861
33863
33865
33866
33869
33871
33872
33874
33876
33879
33880
33883
33885
33887
33888
33890
33892
33894
33896
33898
33901
33903
33905
33907
33908
33911
33912
33915
33916
33918
33920
33922
33924
33927
33928
33930
33933
33934
33937
33939
33941
33942
33945
33947
33948
33950
33952
33954
33956
33958
33960
33963
33964
33966
33968
33971
33973
33975
33977
33978
33980
33982
33984
33986
33989
33990
33993
33995
33997
33999
34000
34003
34005
34007
34009
34011
34012
34014
34017
34019
34020
34023
34024
34027
34028
34031
34033
34035
34036
34039
34040
34042
34045
34047
34048
34051
34053
34054
34057
34058
34061
34062
34064
34067
34069
34070
34073
34075
34076
34078
34081
34083
34085
34087
34089
34090
34092
34094
34096
34098
34100
34103
34104
34107
34108
34111
34113
34114
34117
34119
34121
34122
34124
34126
34129
34130
34132
34135
34136
34139
34140
34143
34144
34146
34148
34150
34152
34155
34156
34159
34160
34162
34164
34167
34168
34171
34172
34175
34177
34178
34180
34182
34184
34187
34189
34191
34193
34195
34196
34198
34200
34202
34205
34207
34208
34211
34213
34214
34216
34218
34221
34223
34225
34226
34229
34230
34232
34235
34237
34238
34240
34243
34244
34246
34248
34251
34253
34255
34256
34258
34261
34263
34264
34267
34269
34271
34272
34274
34276
34279
34280
34282
34285
34286
34289
34290
34292
34295
34297
34299
34301
34302
34305
34307
34308
34310
34312
34315
34317
34318
34321
34323
34324
34327
34328
34331
34333
34335
34337
34338
34340
34342
34344
34346
34349
34350
34352
34354
34357
34358
34360
34362
34365
34366
34369
34370
34373
34375
34377
34379
34380
34383
34384
34386
34388
34390
34393
34395
34396
34398
34401
34403
34405
34407
34408
34411
34413
34414
34416
34418
34421
34422
34424
34426
34428
34431
34432
34434
34436
34439
34441
34442
34444
34447
34449
34451
34452
34454
34457
34458
34460
34462
34464
34466
34468
34470
34473
34474
34476
34478
34480
34482
34485
34486
34489
34490
34493
34495
34497
34499
34500
34503
34504
34507
34508
34510
34512
34514
34517
34519
34520
34523
34524
34527
34528
34530
34533
34535
34537
34538
34540
34542
34545
34546
34548
34550
34553
34554
34556
34559
34561
34563
34564
34567
34568
34570
34572
34574
34577
34578
34580
34583
34585
34586
34589
34591
34593
34594
34597
34599
34601
34603
34605
34606
34609
34611
34613
34615
34616
34618
34620
34623
34624
34627
34628
34630
34632
34634
34636
34638
34641
34642
34644
34646
34649
34650
34653
34654
34657
34659
34660
34663
34664
34666
34669
34670
34672
34674
34677
34678
34681
34682
34684
34687
34688
34691
34693
34694
34696
34699
34701
34702
34705
34706
34709
34710
34712
34714
34717
34718
34720
34722
34725
34727
34728
34730
34732
34734
34736
34739
34741
34742
34745
34747
34748
34751
34752
34755
34757
34759
34761
34762
34765
34767
34768
34770
34773
34775
34777
34779
34781
34783
34784
34787
34789
34791
34792
34794
34796
34799
34800
34803
34805
34807
34808
34810
34812
34814
34817
34818
34820
34823
34824
34827
34829
34831
34833
34834
34837
34839
34841
34842
34845
34847
34848
34850
34853
34854
34856
34859
34860
34862
34864
34866
34868
34870
34873
34874
34876
34878
34880
34882
34885
34886
34889
34891
34893
34895
34896
34899
34901
34902
34904
34907
34909
34911
34912
34915
34916
34918
34921
34922
34925
34927
34929
34931
34933
34935
34936
34938
34941
34942
34945
34947
34948
34951
34953
34955
34957
34959
34960
34963
34965
34966
34968
34971
34973
34974
34977
34978
34981
34982
34984
34986
34989
34991
34992
34994
34997
34998
35000
35002
35005
35007
35008
35010
35013
35014
35016
35018
35020
35023
35025
35026
35028
35030
35032
35034
35036
35038
35040
35042
35044
35047
35049
35051
35052
35055
35056
35058
35060
35063
35064
35066
35069
35071
35073
35074
35076
35078
35080
35083
35084
35086
35089
35090
35092
35095
35096
35099
35100
35102
35105
35107
35109
35110
35113
35114
35116
35118
35120
35122
35124
35127
35129
35131
35132
35134
35137
35138
35140
35142
35144
35147
35148
35151
35152
35154
35156
35158
35161
35163
35164
35166
35168
35171
35173
35175
35176
35178
35181
35183
35185
35187
35188
35191
35193
35194
35196
35198
35201
35203
35205
35206
35208
35210
35212
35214
35216
35218
35221
35222
35224
35227
35229
35231
35233
35235
35237
35238
35240
35242
35245
35246
35249
35250
35253
35255
35256
35259
35260
35263
35264
35267
35269
35270
35273
35275
35277
35279
35281
35283
35284
35286
35288
35290
35292
35295
35297
35299
35301
35302
35304
35307
35308
35310
35313
35314
35316
35319
35321
35323
35324
35326
35329
35330
35333
35335
35336
35339
35341
35342
35344
35347
35348
35351
35353
35355
35356
35359
35360
35362
35365
35366
35369
35370
35372
35375
35376
35378
35380
35383
35385
35387
35389
35390
35393
35394
35397
35399
35401
35403
35405
35407
35409
35411
35412
35414
35416
35419
35420
35423
35424
35426
35428
35431
35432
35435
35436
35438
35441
35443
35445
35446
35449
35450
35453
35454
35457
35459
35461
35462
35465
35467
35468
35471
35472
35474
35476
35478
35481
35483
35485
35486
35488
35490
35492
35494
35496
35498
35500
35503
35505
35506
35508
35511
35512
35514
35517
35519
35520
35522
35524
35526
35528
35530
35532
35534
35537
35538
35540
35542
35545
35547
35549
35551
35553
35554
35557
35558
35561
35562
35564
35567
35569
35570
35573
35574
35576
35579
35581
35583
35585
35587
35588
35591
35592
35595
35597
35598
35600
35602
35604
35606
35608
35611
35612
35614
35616
35619
35621
35622
35624
35626
35628
35630
35632
35635
35636
35638
35640
35643
35644
35646
35649
35651
35653
35654
35656
35659
35660
35662
35665
35667
35668
35671
35673
35675
35677
35679
35681
35682
35684
35687
35688
35690
35693
35694
35696
35699
35701
35702
35705
35706
35709
35711
35712
35715
35717
35719
35720
35723
35725
35727
35729
35731
35733
35735
35737
35738
35741
35743
35745
35747
35748
35750
35753
35755
35757
35758
35760
35763
35764
35767
35769
35771
35773
35775
35776
35779
35780
35782
35785
35787
35789
35790
35793
35795
35796
35798
35801
35803
35804
35807
35808
35811
35812
35814
35816
35818
35820
35823
35824
35826
35828
35831
35832
35835
35836
35838
35840
35843
35844
35847
35848
35850
35853
35855
35857
35858
35861
35862
35865
35866
35868
35870
35872
35874
35876
35879
35881
35882
35885
35886
35888
35890
35892
35895
35897
35898
35900
35903
35904
35906
35908
35910
35912
35914
35917
35918
35921
35923
35925
35926
35929
35931
35932
35935
35937
35939
35941
35943
35945
35947
35948
35951
35953
35954
35956
35959
35960
35962
35965
35966
35969
35971
35973
35975
35976
35979
35980
35983
35984
35987
35988
35990
35992
35994
35996
35999
36000
36003
36005
36006
36008
36011
36012
36014
36016
36018
36021
36022
36025
36027
36028
36030
36033
36034
36036
36038
36041
36043
36044
36046
36048
36051
36052
36054
36056
36059
36060
36063
36065
36066
36069
36070
36072
36075
36077
36079
36080
36082
36085
36087
36088
36090
36092
36094
36096
36099
36101
36103
36105
36106
36108
36110
36112
36115
36116
36118
36120
36122
36125
36126
36128
36130
36132
36135
36136
36139
36141
36143
36145
36146
36148
36150
36152
36155
36157
36159
36160
36163
36165
36166
36169
36170
36173
36175
36177
36179
36180
36182
36184
36186
36188
36190
36193
36195
36196
36199
36200
36202
36204
36206
36209
36211
36212
36215
36216
36219
36220
36222
36224
36226
36228
36231
36232
36234
36237
36238
36241
36242
36245
36246
36249
36250
36252
36254
36256
36258
36261
36262
36264
36266
36268
36271
36272
36275
36276
36278
36281
36283
36285
36287
36288
36290
36292
36294
36297
36299
36301
36302
36305
36307
36308
36310
36312
36315
36317
36319
36320
36323
36324
36327
36329
36331
36332
36334
36337
36338
36340
36343
36345
36346
36348
36350
36353
36355
36357
36358
36360
36362
36364
36367
36369
36371
36373
36374
36376
36379
36381
36382
36384
36386
36388
36390
36392
36394
36396
36399
36400
36402
36405
36407
36408
36411
36412
36414
36417
36418
36420
36422
36425
36426
36428
36430
36433
36434
36436
36438
36441
36442
36445
36447
36449
36450
36452
36455
36456
36458
36460
36462
36464
36467
36468
36470
36472
36475
36477
36478
36480
36482
36485
36487
36489
36491
36493
36494
36497
36499
36501
36502
36505
36506
36509
36511
36512
36515
36517
36518
36520
36522
36524
36526
36528
36530
36532
36534
36537
36538
36540
36542
36544
36547
36548
36551
36552
36554
36556
36558
36560
36563
36565
36567
36568
36570
36572
36575
36576
36578
36580
36583
36584
36587
36589
36590
36592
36595
36596
36598
36600
36603
36604
36607
36608
36611
36613
36614
36616
36619
36621
36622
36624
36626
36629
36631
36632
36634
36636
36638
36641
36642
36644
36647
36649
36650
36652
36654
36657
36659
36660
36662
36664
36667
36669
36671
36672
36674
36677
36678
36680
36682
36685
36686
36688
36690
36693
36695
36697
36699
36701
36702
36705
36707
36708
36710
36712
36715
36717
36719
36721
36723
36725
36726
36729
36730
36732
36734
36736
36739
36740
36742
36744
36746
36749
36750
36753
36755
36756
36758
36761
36762
36764
36766
36768
36771
36773
36774
36777
36778
36780
36783
36784
36787
36789
36790
36792
36794
36796
36798
36801
36803
36804
36807
36809
36811
36812
36815
36816
36818
36821
36822
36824
36827
36828
36830
36832
36835
36836
36839
36841
36842
36845
36846
36849
36851
36853
36855
36857
36859
36861
36863
36865
36866
36869
36871
36873
36874
36877
36879
36881
36883
36884
36886
36889
36890
36893
36894
36896
36898
36901
36902
36905
36906
36908
36910
36912
36914
36917
36918
36920
36923
36925
36926
36929
36930
36933
36934
36937
36938
36940
36942
36944
36946
36948
36951
36952
36955
36957
36958
36960
36962
36965
36967
36969
36970
36972
36974
36977
36978
36980
36983
36984
36987
36988
36991
36993
36995
36996
36998
37000
37002
37004
37007
37009
37010
37013
37015
37017
37018
37020
37022
37025
37026
37028
37030
37032
37034
37037
37038
37041
37043
37044
37047
37048
37050
37052
37054
37057
37058
37061
37063
37064
37067
37069
37071
37073
37074
37077
37079
37080
37083
37085
37086
37089
37090
37093
37094
37096
37098
37101
37102
37105
37106
37109
37110
37112
37115
37116
37119
37120
37123
37124
37126
37128
37130
37132
37134
37137
37139
37140
37142
37144
37146
37148
37151
37153
37155
37156
37158
37160
37162
37164
37166
37169
37170
37173
37174
37177
37178
37180
37182
37185
37186
37188
37191
37193
37195
37196
37199
37200
37202
37204
37206
37208
37210
37213
37214
37216
37218
37220
37223
37225
37227
37228
37231
37233
37235
37236
37238
37241
37243
37244
37247
37248
37251
37252
37254
37257
37259
37260
37262
37265
37267
37268
37271
37273
37274
37276
37278
37281
37283
37285
37287
37289
37290
37292
37294
37296
37298
37301
37302
37305
37307
37309
37311
37313
37314
37316
37318
37321
37322
37324
37327
37329
37330
37332
37334
37336
37339
37340
37342
37344
37346
37349
37351
37352
37355
37357
37358
37361
37362
37365
37366
37369
37370
37372
37375
37377
37379
37381
37382
37385
37387
37388
37391
37392
37395
37397
37399
37400
37402
37405
37406
37408
37411
37412
37414
37416
37418
37420
37422
37424
37427
37428
37431
37432
37434
37437
37438
37441
37443
37444
37447
37449
37451
37452
37455
37457
37459
37460
37462
37465
37467
37468
37470
37473
37475
37476
37478
37481
37483
37484
37486
37488
37491
37492
37494
37497
37499
37501
37502
37504
37506
37509
37510
37513
37514
37517
37519
37521
37522
37524
37527
37529
37531
37533
37534
37537
37538
37541
37543
37544
37547
37548
37550
37552
37554
37557
37559
37560
37563
37564
37566
37569
37571
37572
37575
37577
37579
37581
37582
37585
37587
37589
37591
37592
37594
37597
37599
37601
37602
37605
37607
37609
37611
37612
37614
37616
37619
37620
37622
37624
37627
37628
37631
37632
37635
37636
37639
37640
37642
37644
37646
37649
37651
37652
37655
37657
37658
37661
37663
37664
37666
37668
37670
37672
37675
37676
37678
37680
37683
37684
37686
37689
37690
37693
37694
37696
37698
37700
37702
37705
37706
37708
37711
37713
37714
37717
37719
37720
37722
37725
37727
37728
37730
37733
37734
37736
37739
37740
37742
37745
37746
37748
37751
37752
37755
37756
37758
37761
37762
37764
37767
37769
37770
37772
37775
37776
37778
37781
37782
37785
37786
37789
37791
37792
37794
37796
37798
37800
37803
37805
37807
37809
37811
37813
37815
37816
37819
37821
37823
37825
37826
37829
37830
37833
37835
37837
37839
37841
37842
37844
37847
37848
37850
37853
37854
37856
37858
37861
37862
37864
37866
37869
37870
37873
37875
37876
37879
37881
37882
37884
37887
37888
37891
37892
37894
37897
37899
37901
37902
37905
37907
37908
37911
37912
37914
37917
37918
37921
37922
37924
37927
37929
37931
37933
37934
37936
37939
37940
37942
37945
37946
37949
37951
37953
37955
37957
37959
37961
37963
37965
37967
37969
37971
37972
37974
37976
37978
37980
37982
37984
37986
37989
37991
37992
37995
37996
37998
38001
38002
38005
38007
38008
38010
38013
38015
38017
38018
38020
38023
38025
38026
38028
38030
38032
38034
38037
38039
38041
38042
38044
38047
38048
38051
38052
38054
38057
38058
38061
38062
38064
38067
38068
38070
38073
38075
38076
38078
38081
38083
38085
38087
38089
38091
38093
38094
38097
38098
38100
38102
38105
38107
38109
38110
38112
38114
38116
38118
38120
38123
38124
38126
38128
38131
38132
38134
38137
38138
38140
38142
38145
38147
38148
38151
38152
38155
38157
38159
38160
38163
38165
38167
38169
38171
38173
38174
38177
38179
38180
38183
38184
38187
38188
38190
38193
38195
38196
38199
38200
38203
38204
38207
38208
38211
38212
38215
38217
38219
38220
38222
38224
38226
38228
38230
38233
38234
38237
38239
38240
38243
38244
38246
38248
38251
38252
38254
38256
38258
38261
38262
38264
38266
38269
38271
38272
38275
38277
38278
38280
38282
38284
38286
38288
38290
38293
38294
38297
38298
38300
38303
38305
38307
38309
38310
38313
38315
38316
38319
38321
38323
38324
38326
38329
38331
38333
38335
38337
38338
38341
38342
38345
38346
38348
38350
38352
38355
38356
38358
38361
38362
38364
38366
38369
38370
38373
38374
38376
38379
38381
38382
38384
38386
38388
38390
38393
38394
38397
38399
38400
38403
38405
38406
38408
38411
38412
38415
38416
38419
38421
38423
38425
38426
38429
38430
38432
38435
38437
38439
38441
38442
38444
38447
38448
38451
38452
38454
38456
38459
38460
38462
38465
38467
38469
38470
38473
38474
38477
38478
38481
38482
38484
38487
38489
38490
38492
38495
38496
38498
38501
38502
38505
38506
38508
38511
38512
38514
38516
38518
38520
38522
38525
38527
38528
38530
38532
38534
38537
38538
38540
38542
38544
38547
38548
38551
38552
38555
38557
38559
38561
38562
38565
38567
38568
38571
38572
38575
38577
38579
38580
38583
38584
38587
38589
38591
38593
38595
38596
38599
38600
38603
38604
38607
38609
38611
38612
38614
38617
38619
38620
38622
38624
38627
38629
38631
38632
38635
38636
38638
38641
38642
38645
38646
38649
38650
38652
38654
38656
38658
38661
38663
38665
38666
38668
38671
38673
38674
38677
38679
38681
38682
38685
38686
38688
38690
38692
38695
38697
38698
38700
38703
38705
38707
38709
38710
38712
38715
38717
38719
38720
38722
38725
38726
38728
38731
38733
38734
38737
38739
38740
38742
38744
38746
38749
38750
38753
38754
38757
38758
38761
38763
38764
38766
38769
38771
38772
38775
38776
38778
38780
38783
38785
38786
38788
38790
38793
38795
38797
38798
38801
38803
38805
38806
38809
38810
38812
38814
38816
38819
38821
38822
38824
38827
38828
38830
38833
38835
38837
38839
38841
38843
38845
38847
38849
38850
38852
38854
38857
38858
38860
38862
38865
38866
38868
38870
38872
38875
38876
38878
38880
38883
38885
38886
38889
38891
38893
38895
38897
38898
38901
38902
38904
38906
38909
38910
38912
38914
38916
38919
38920
38923
38925
38927
38929
38931
38933
38935
38937
38938
38940
38942
38945
38947
38948
38951
38953
38955
38957
38958
38960
38962
38964
38966
38968
38971
38972
38974
38977
38979
38981
38982
38985
38986
38989
38990
38992
38994
38997
38998
39001
39002
39005
39007
39008
39010
39013
39014
39016
39019
39020
39023
39025
39027
39029
39030
39033
39034
39037
39039
39041
39043
39045
39047
39049
39050
39053
39054
39057
39058
39061
39063
39065
39067
39069
39070
39072
39075
39077
39078
39080
39082
39085
39087
39088
39090
39092
39095
39097
39099
39101
39103
39105
39107
39109
39111
39113
39115
39116
39118
39120
39123
39124
39126
39129
39130
39132
39134
39137
39138
39141
39142
39145
39147
39149
39151
39153
39154
39157
39158
39161
39162
39165
39167
39168
39170
39173
39175
39177
39178
39181
39182
39184
39187
39189
39191
39192
39194
39196
39199
39200
39203
39204
39207
39209
39210
39213
39214
39217
39218
39221
39223
39225
39227
39229
39230
39233
39235
39236
39238
39241
39243
39244
39247
39248
39251
39253
39255
39257
39259
39260
39263
39265
39267
39268
39271
39273
39274
39277
39278
39280
39283
39284
39287
39288
39290
39292
39294
39296
39298
39301
39303
39305
39307
39308
39310
39313
39315
39317
39319
39320
39323
39325
39327
39328
39331
39333
39335
39336
39339
39340
39342
39344
39346
39348
39350
39353
39354
39356
39359
39361
39363
39365
39366
39368
39370
39373
39375
39377
39379
39380
39383
39385
39386
39388
39391
39392
39394
39396
39398
39400
39403
39405
39407
39409
39410
39413
39414
39417
39419
39421
39423
39425
39427
39429
39430
39433
39434
39437
39439
39440
39442
39444
39446
39449
39451
39452
39455
39457
39458
39461
39462
39464
39466
39468
39471
39472
39474
39476
39478
39480
39482
39484
39487
39488
39490
39492
39494
39497
39498
39501
39502
39505
39507
39509
39511
39513
39514
39517
39518
39520
39522
39524
39527
39528
39531
39532
39534
39537
39539
39540
39542
39544
39546
39549
39550
39552
39554
39556
39558
39561
39562
39564
39567
39568
39570
39572
39574
39577
39579
39580
39582
39585
39586
39588
39591
39592
39594
39596
39598
39601
39602
39604
39606
39608
39611
39613
39614
39617
39618
39621
39622
39624
39626
39628
39630
39632
39635
39637
39638
39641
39642
39645
39647
39649
39650
39652
39655
39656
39658
39660
39663
39665
39666
39668
39670
39672
39674
39677
39679
39680
39683
39685
39686
39689
39690
39693
39694
39697
39699
39700
39702
39705
39707
39709
39711
39713
39714
39716
39719
39720
39723
39724
39727
39729
39731
39732
39734
39736
39738
39740
39743
39745
39747
39748
39750
39752
39755
39756
39758
39760
39763
39764
39766
39768
39771
39772
39775
39777
39779
39780
39783
39784
39786
39789
39791
39792
39795
39797
39799
39800
39803
39805
39807
39809
39810
39813
39814
39816
39819
39820
39823
39824
39826
39829
39831
39833
39835
39837
39839
39841
39843
39845
39846
39848
39851
39853
39855
39856
39859
39860
39862
39864
39866
39868
39871
39873
39875
39877
39878
39881
39882
39885
39886
39888
39890
39893
39895
39896
39898
39901
39903
39904
39906
39909
39911
39912
39915
39917
39918
39921
39923
39924
39926
39929
39931
39933
39934
39936
39938
39940
39942
39945
39947
39949
39950
39952
39955
39956
39958
39960
39962
39965
39967
39968
39971
39972
39975
39977
39978
39980
39982
39985
39986
39988
39990
39992
39994
39996
39999
40001
40003
40005
40006
40008
40010
40013
40015
40017
40018
40020
40022
40024
40026
40028
40031
40032
40035
40037
40038
40041
40042
40044
40046
40049
40050
40053
40055
40056
40059
40061
40063
40064
40067
40068
40070
40072
40074
40077
40078
40080
40082
40084
40087
40089
40090
40092
40095
40096
40098
40100
40102
40105
40106
40109
40110
40113
40114
40117
40119
40121
40122
40125
40127
40128
40131
40132
40134
40136
40138
40140
40143
40145
40146
40149
40151
40153
40154
40157
40158
40160
40162
40164
40167
40169
40171
40173
40175
40176
40178
40181
40182
40184
40186
40188
40191
40192
40195
40197
40198
40201
40203
40204
40206
40208
40210
40213
40214
40216
40218
40221
40222
40225
40227
40228
40230
40232
40235
40237
40238
40241
40242
40244
40246
40248
40251
40252
40255
40257
40259
40261
40262
40265
40267
40268
40270
40272
40274
40276
40279
40280
40283
40284
40286
40289
40290
40292
40295
40296
40298
40300
40302
40304
40306
40308
40311
40313
40315
40317
40319
40320
40322
40325
40327
40329
40331
40332
40335
40337
40339
40341
40343
40345
40347
40349
40351
40353
40355
40356
40359
40360
40362
40364
40366
40368
40371
40373
40374
40377
40379
40381
40383
40384
40386
40388
40391
40393
40394
40397
40399
40400
40402
40404
40406
40409
40410
40413
40415
40416
40419
40420
40423
40424
40427
40428
40431
40433
40435
40437
40439
40441
40443
40444
40447
40449
40450
40453
40455
40457
40459
40461
40463
40465
40467
40469
40470
40473
40474
40476
40479
40480
40483
40484
40486
40489
40491
40492
40494
40497
40499
40500
40503
40504
40507
40509
40511
40512
40515
40517
40519
40521
40523
40524
40526
40528
40531
40532
40535
40537
40538
40540
40543
40544
40547
40548
40551
40552
40555
40556
40559
40561
40562
40565
40567
40569
40570
40572
40574
40577
40578
40580
40582
40585
40586
40588
40591
40592
40595
40596
40599
40600
40602
40604
40606
40608
40611
40613
40615
40617
40619
40621
40623
40625
40626
40629
40630
40632
40634
40636
40638
40640
40643
40645
40647
40648
40650
40652
40655
40657
40659
40660
40663
40665
40667
40669
40670
40672
40674
40677
40679
40681
40682
40684
40687
40689
40691
40693
40694
40696
40698
40700
40703
40705
40707
40709
40710
40712
40715
40716
40718
40720
40723
40724
40727
40729
40731
40732
40735
40736
40738
40740
40742
40744
40746
40748
40750
40753
40754
40757
40759
40760
40763
40765
40767
40769
40770
40772
40774
40777
40779
40781
40783
40785
40786
40788
40790
40793
40795
40797
40798
40801
40803
40804
40807
40808
40810
40813
40815
40817
40819
40821
40822
40825
40827
40829
40830
40833
40834
40837
40839
40841
40843
40844
40847
40849
40851
40853
40855
40856
40858
40861
40862
40864
40867
40869
40871
40873
40875
40876
40879
40880
40883
40884
40887
40889
40891
40892
40895
40897
40898
40900
40902
40905
40906
40909
40910
40912
40915
40917
40918
40921
40923
40924
40926
40928
40930
40932
40934
40937
40939
40940
40943
40945
40947
40948
40951
40952
40955
40956
40959
40961
40962
40965
40967
40968
40970
40972
40974
40977
40978
40980
40982
40984
40987
40989
40990
40993
40994
40997
40999
41000
41003
41005
41007
41008
41011
41013
41015
41016
41018
41021
41023
41024
41026
41028
41030
41032
41035
41037
41038
41041
41042
41044
41047
41048
41051
41052
41055
41056
41058
41061
41063
41065
41067
41068
41071
41072
41075
41077
41078
41081
41083
41084
41086
41088
41090
41093
41094
41096
41099
41100
41103
41104
41107
41109
41111
41113
41115
41116
41118
41120
41122
41124
41127
41129
41130
41133
41135
41137
41138
41141
41142
41144
41147
41149
41150
41152
41154
41156
41159
41160
41163
41165
41167
41169
41171
41172
41175
41177
41179
41180
41182
41184
41187
41189
41191
41193
41195
41196
41198
41200
41203
41204
41207
41209
41211
41213
41214
41216
41218
41220
41223
41225
41226
41228
41230
41233
41234
41236
41238
41241
41242
41245
41247
41249
41250
41252
41254
41257
41258
41260
41262
41265
41267
41269
41271
41272
41275
41277
41278
41280
41283
41285
41286
41288
41291
41292
41294
41297
41299
41301
41302
41304
41307
41309
41310
41312
41314
41317
41318
41320
41322
41325
41326
41328
41331
41333
41335
41337
41339
41341
41343
41345
41347
41349
41350
41353
41355
41356
41358
41360
41363
41365
41366
41368
41370
41372
41374
41377
41378
41380
41383
41385
41387
41389
41390
41392
41395
41397
41398
41400
41402
41405
41406
41408
41410
41413
41415
41416
41418
41421
41423
41425
41427
41429
41431
41432
41434
41436
41439
41440
41442
41444
41446
41448
41450
41453
41455
41457
41458
41460
41463
41465
41466
41468
41471
41472
41475
41477
41479
41481
41483
41484
41487
41488
41490
41493
41495
41496
41499
41501
41502
41504
41506
41509
41510
41512
41514
41517
41518
41521
41523
41524
41527
41529
41530
41532
41535
41536
41538
41541
41543
41544
41547
41548
41550
41552
41554
41556
41558
41561
41562
41565
41567
41569
41571
41573
41574
41577
41579
41581
41583
41585
41587
41589
41590
41593
41595
41596
41599
41601
41603
41604
41606
41608
41610
41613
41615
41616
41618
41620
41623
41624
41626
41629
41630
41633
41634
41637
41638
41640
41643
41644
41646
41649
41651
41652
41655
41657
41659
41661
41662
41664
41667
41668
41670
41672
41674
41677
41679
41680
41683
41685
41687
41689
41690
41693
41694
41696
41699
41700
41703
41704
41706
41708
41711
41713
41715
41716
41719
41721
41722
41725
41727
41729
41730
41733
41735
41736
41738
41741
41742
41745
41746
41748
41750
41753
41754
41757
41759
41760
41763
41764
41767
41768
41770
41772
41774
41777
41779
41781
41783
41785
41787
41788
41791
41792
41794
41797
41798
41801
41802
41804
41806
41809
41810
41813
41814
41817
41818
41820
41822
41825
41827
41828
41831
41832
41835
41837
41838
41841
41842
41844
41847
41848
41850
41852
41855
41856
41859
41860
41862
41864
41866
41869
41871
41873
41875
41877
41878
41881
41882
41884
41887
41889
41890
41892
41895
41897
41898
41900
41902
41905
41906
41909
41911
41913
41914
41917
41918
41921
41922
41924
41927
41928
41931
41932
41934
41937
41938
41940
41943
41944
41946
41949
41950
41953
41954
41957
41958
41960
41962
41964
41967
41969
41971
41972
41975
41977
41979
41981
41982
41985
41986
41988
41991
41992
41995
41996
41998
42001
42002
42005
42007
42008
42011
42012
42015
42016
42018
42021
42022
42025
42027
42028
42031
42032
42034
42037
42039
42040
42043
42044
42046
42048
42051
42053
42055
42056
42058
42060
42063
42065
42066
42069
42071
42072
42074
42076
42079
42080
42082
42085
42086
42089
42091
42092
42094
42097
42098
42100
42103
42104
42107
42108
42111
42112
42114
42116
42119
42120
42122
42125
42127
42128
42130
42132
42134
42137
42139
42140
42142
42145
42146
42148
42151
42152
42154
42156
42159
42161
42162
42164
42167
42169
42171
42172
42174
42176
42178
42180
42182
42184
42186
42189
42190
42192
42195
42196
42198
42201
42203
42204
42207
42209
42211
42212
42215
42216
42219
42220
42222
42225
42226
42229
42230
42232
42235
42236
42239
42241
42243
42244
42247
42249
42250
42252
42255
42257
42259
42260
42262
42264
42266
42269
42270
42273
42275
42277
42278
42280
42282
42285
42286
42288
42290
42292
42295
42297
42299
42300
42303
42304
42307
42308
42311
42313
42315
42316
42318
42321
42323
42325
42326
42329
42330
42332
42335
42336
42338
42340
42342
42345
42346
42348
42351
42352
42354
42357
42358
42361
42362
42365
42367
42368
42371
42373
42375
42376
42378
42380
42383
42384
42386
42389
42391
42392
42395
42396
42399
42401
42402
42404
42406
42408
42410
42413
42415
42417
42418
42421
42423
42425
42427
42429
42431
42432
42435
42437
42439
42440
42442
42445
42446
42448
42451
42452
42455
42457
42458
42461
42462
42464
42467
42469
42470
42473
42475
42476
42478
42481
42483
42485
42487
42488
42491
42493
42494
42496
42498
42500
42503
42505
42506
42508
42510
42513
42515
42516
42519
42521
42523
42525
42527
42529
42531
42533
42534
42536
42538
42540
42542
42545
42546
42549
42551
42553
42554
42557
42559
42561
42563
42565
42567
42568
42570
42573
42574
42576
42579
42581
42583
42585
42587
42588
42591
42592
42594
42596
42599
42601
42603
42605
42607
42608
42610
42613
42614
42616
42619
42620
42623
42625
42627
42628
42630
42633
42634
42636
42638
42641
42642
42645
42646
42649
42651
42653
42654
42656
42658
42661
42662
42665
42666
42669
42670
42672
42674
42676
42678
42680
42683
42684
42687
42688
42691
42692
42694
42697
42699
42700
42703
42705
42706
42708
42711
42712
42714
42716
42719
42720
42723
42724
42727
42729
42731
42733
42734
42736
42738
42741
42742
42744
42747
42748
42750
42752
42754
42757
42758
42761
42762
42765
42767
42768
42771
42773
42775
42776
42778
42780
42782
42784
42786
42788
42790
42792
42795
42796
42798
42801
42802
42805
42807
42809
42811
42813
42815
42816
42819
42820
42823
42824
42827
42828
42831
42832
42834
42837
42838
42840
42842
42845
42847
42848
42851
42852
42854
42857
42859
42861
42862
42865
42866
42868
42870
42872
42874
42877
42879
42880
42883
42884
42887
42889
42890
42892
42895
42897
42899
42900
42902
42905
42907
42909
42911
42913
42915
42916
42919
42920
42922
42924
42927
42928
42930
42932
42935
42936
42939
42941
42943
42945
42947
42948
42950
42953
42954
42957
42959
42961
42963
42964
42966
42968
42971
42972
42975
42977
42979
42980
42982
42985
42986
42988
42991
42993
42995
42997
42999
43000
43003
43004
43006
43008
43010
43012
43014
43016
43018
43021
43023
43024
43027
43029
43030
43033
43034
43037
43038
43040
43042
43044
43047
43048
43050
43052
43055
43056
43058
43060
43062
43064
43067
43069
43070
43073
43074
43076
43079
43080
43082
43084
43086
43089
43091
43093
43094
43096
43099
43100
43103
43104
43107
43108
43111
43112
43114
43116
43118
43120
43123
43124
43126
43129
43131
43132
43134
43136
43138
43141
43142
43144
43146
43148
43150
43153
43155
43156
43158
43160
43163
43165
43166
43168
43170
43172
43175
43176
43179
43180
43182
43184
43186
43189
43190
43193
43194
43196
43199
43200
43202
43205
43206
43208
43211
43213
43215
43217
43218
43221
43222
43224
43226
43228
43230
43233
43234
43236
43238
43241
43242
43244
43246
43248
43250
43253
43254
43256
43258
43260
43262
43264
43267
43268
43271
43272
43274
43276
43279
43280
43282
43284
43286
43289
43290
43293
43295
43296
43299
43301
43303
43304
43306
43309
43311
43312
43315
43316
43318
43321
43323
43324
43327
43329
43330
43332
43334
43337
43338
43340
43342
43344
43346
43349
43351
43352
43355
43356
43359
43361
43362
43365
43366
43369
43371
43372
43375
43376
43378
43381
43382
43385
43386
43389
43390
43392
43395
43397
43398
43401
43403
43404
43406
43408
43410
43413
43415
43416
43419
43421
43422
43424
43426
43429
43430
43433
43434
43437
43439
43441
43443
43444
43447
43448
43451
43452
43455
43457
43458
43461
43462
43465
43467
43469
43471
43473
43474
43477
43478
43481
43482
43485
43486
43489
43491
43492
43494
43497
43498
43500
43502
43505
43507
43509
43510
43513
43514
43516
43519
43521
43522
43525
43526
43528
43531
43533
43535
43536
43538
43540
43542
43544
43547
43549
43550
43552
43555
43556
43558
43560
43562
43565
43566
43569
43570
43572
43574
43577
43578
43580
43583
43584
43586
43588
43590
43593
43595
43596
43598
43601
43603
43604
43606
43609
43610
43612
43614
43617
43619
43621
43622
43624
43627
43628
43630
43633
43634
43636
43638
43641
43642
43644
43646
43649
43650
43653
43654
43657
43658
43661
43663
43665
43667
43669
43671
43673
43675
43676
43679
43681
43682
43684
43686
43689
43691
43692
43694
43696
43698
43700
43702
43704
43706
43709
43710
43713
43714
43717
43718
43720
43723
43724
43727
43728
43731
43732
43734
43736
43738
43740
43742
43744
43746
43749
43750
43752
43755
43756
43758
43760
43763
43765
43767
43769
43771
43772
43774
43776
43778
43780
43782
43785
43787
43788
43790
43792
43795
43796
43799
43801
43802
43805
43807
43808
43811
43813
43814
43816
43818
43821
43822
43825
43827
43828
43831
43832
43835
43836
43838
43840
43843
43845
43847
43849
43851
43852
43854
43857
43858
43861
43862
43865
43866
43868
43870
43873
43875
43876
43879
43881
43883
43884
43887
43888
43890
43892
43895
43897
43898
43901
43902
43905
43907
43909
43910
43912
43914
43916
43918
43920
43922
43925
43927
43928
43931
43932
43934
43936
43938
43941
43942
43944
43946
43948
43950
43953
43955
43956
43958
43961
43963
43965
43966
43969
43970
43973
43975
43977
43978
43980
43983
43984
43987
43988
43990
43993
43994
43996
43999
44000
44002
44005
44006
44008
44010
44012
44015
44017
44019
44020
44023
44025
44026
44029
44030
44032
44034
44037
44039
44041
44043
44045
44046
44048
44050
44053
44055
44056
44058
44060
44062
44064
44067
44068
44071
44073
44075
44077
44078
44081
44082
44084
44086
44089
44091
44092
44095
44097
44099
44100
44102
44104
44107
44109
44110
44112
44115
44116
44119
44120
44123
44125
44127
44129
44131
44132
44134
44136
44139
44140
44142
44144
44147
44148
44150
44152
44154
44156
44159
44161
44163
44165
44167
44168
44170
44173
44175
44176
44179
44180
44182
44184
44186
44188
44191
44193
44194
44196
44199
44201
44202
44205
44207
44208
44211
44213
44214
44217
44219
44220
44223
44225
44226
44228
44230
44232
44235
44237
44238
44241
44243
44245
44246
44248
44250
44252
44254
44256
44258
44260
44263
44264
44267
44269
44270
44272
44274
44277
44279
44281
44282
44284
44286
44288
44290
44292
44295
44296
44298
44300
44302
44304
44306
44308
44310
44313
44315
44317
44318
44320
44322
44324
44326
44328
44331
44333
44335
44336
44338
44340
44343
44344
44346
44348
44350
44353
44354
44356
44359
44360
44363
44364
44366
44368
44370
44373
44374
44376
44379
44380
44383
44384
44386
44389
44391
44392
44395
44396
44399
44400
44403
44405
44406
44408
44411
44412
44414
44417
44419
44421
44422
44425
44426
44428
44431
44433
44434
44437
44438
44440
44442
44444
44447
44449
44451
44453
44455
44457
44458
44460
44463
44465
44466
44469
44471
44473
44474
44476
44479
44481
44483
44485
44487
44488
44491
44492
44494
44497
44498
44500
44502
44505
44506
44508
44510
44513
44515
44517
44518
44521
44522
44524
44526
44528
44530
44533
44534
44536
44539
44541
44543
44545
44546
44549
44551
44552
44554
44557
44558
44560
44563
44565
44566
44568
44570
44572
44575
44576
44579
44580
44583
44584
44587
44588
44591
44593
44594
44596
44598
44601
44603
44605
44606
44609
44611
44613
44615
44616
44619
44620
44623
44625
44626
44628
44631
44632
44634
44636
44639
44641
44642
44645
44646
44649
44650
44653
44654
44656
44658
44661
44662
44665
44667
44668
44670
44673
44675
44676
44679
44680
44683
44685
44686
44689
44691
44692
44695
44696
44698
44701
44703
44704
44706
44708
44711
44712
44715
44716
44719
44721
44723
44724
44727
44728
44731
44733
44734
44736
44739
44740
44743
44744
44746
44749
44751
44753
44755
44756
44758
44761
44762
44765
44766
44768
44770
44772
44774
44776
44778
44780
44783
44785
44787
44789
44791
44792
44795
44796
44798
44801
44802
44804
44806
44809
44811
44812
44815
44816
44818
44821
44823
44825
44826
44828
44830
44832
44834
44837
44839
44840
44842
44844
44846
44848
44851
44852
44854
44856
44859
44861
44862
44865
44867
44868
44870
44873
44875
44876
44879
44881
44882
44884
44886
44889
44890
44892
44894
44896
44899
44900
44902
44904
44907
44909
44910
44912
44915
44917
44918
44920
44922
44925
44927
44928
44930
44933
44935
44936
44939
44940
44942
44944
44946
44948
44950
44952
44954
44956
44958
44960
44963
44965
44967
44969
44970
44972
44974
44976
44978
44980
44982
44984
44987
44988
44990
44993
44994
44997
44998
45001
45002
45004
45006
45009
45011
45012
45014
45016
45019
45020
45022
45024
45027
45028
45031
45032
45035
45036
45038
45041
45043
45044
45047
45048
45050
45052
45054
45056
45058
45061
45062
45065
45066
45068
45070
45072
45075
45076
45078
45081
45082
45085
45087
45088
45091
45092
45095
45096
45098
45100
45103
45104
45107
45108
45111
45112
45114
45116
45119
45121
45123
45124
45127
45129
45131
45132
45135
45136
45139
45140
45142
45145
45147
45149
45151
45153
45155
45157
45158
45161
45162
45165
45166
45168
45171
45173
45174
45176
45179
45181
45182
45184
45186
45188
45191
45192
45194
45197
45199
45201
45202
45204
45207
45209
45211
45212
45214
45217
45218
45220
45223
45224
45227
45228
45231
45232
45234
45236
45239
45240
45243
45245
45247
45249
45251
45252
45255
45257
45259
45260
45262
45264
45266
45269
45271
45273
45274
45276
45279
45281
45283
45285
45286
45288
45290
45292
45294
45297
45298
45300
45302
45305
45307
28090
28092
28094
28096
28098
28100
28102
28104
28106
28108
28110
28112
28114
28116
28118
28120
28122
28124
28126
28128
28130
28132
28135
28136
28138
28140
28142
28144
28146
28148
28150
28152
28154
28156
28158
28160
28162
28164
28166
28168
28170
28172
28174
28176
28178
28180
28182
28184
28186
28188
28190
28192
28194
28196
28198
28200
28202
28204
28206
28208
28210
28212
28214
28216
28218
28220
28222
28224
28226
28228
28230
28232
28234
28236
28238
28240
28242
28244
28246
28248
28250
28252
28254
28256
28258
28260
28262
28264
28266
28268
28270
28272
28274
28276
28278
28280
28283
28285
28286
28289
28290
28292
28294
28296
28298
28300
28303
28305
28307
28309
28310
28313
28314
28317
28318
28320
28323
28325
28326
28328
28330
28332
28335
28336
28339
28340
28342
28345
28347
28348
28351
28353
28354
28356
28359
28361
28362
28364
28366
28369
28371
28373
28375
28376
28379
28381
28382
28384
28386
28389
28391
28393
28395
28396
28399
28401
28403
28405
28406
28408
28411
28413
28415
28417
28419
28420
28423
28424
28427
28429
28431
28432
28435
28436
28439
28441
28443
28445
28446
28449
28450
28453
28455
28457
28459
28460
28462
28464
28467
28468
28470
28472
28474
28476
28478
28480
28482
28485
28486
28488
28491
28492
28495
28497
28499
28501
28502
28504
28507
28508
28510
28513
28514
28517
28518
28521
28523
28525
28526
28528
28530
28532
28534
28536
28539
28541
28543
28545
28546
28549
28550
28553
28554
28557
28558
28561
28563
28564
28566
28569
28571
28573
28574
28577
28579
28580
28582
28584
28587
28588
28590
28592
28594
28597
28598
28601
28603
28604
28607
28608
28610
28613
28614
28617
28619
28621
28622
28625
28626
28628
28630
28633
28634
28637
28638
28640
28643
28644
28646
28649
28651
28652
28655
28657
28658
28661
28663
28664
28667
28669
28671
28672
28674
28676
28678
28680
28683
28684
28686
28688
28690
28693
28695
28697
28698
28700
28702
28705
28706
28708
28711
28713
28715
28716
28718
28721
28722
28725
28726
28729
28731
28733
28735
28736
28739
28740
28743
28744
28746
28748
28750
28752
28755
28756
28759
28761
28762
28765
28767
28769
28771
28772
28774
28777
28778
28780
28783
28784
28786
28789
28790
28793
28794
28797
28798
28801
28803
28805
28806
28809
28811
28812
28814
28817
28818
28821
28823
28824
28826
28828
28830
28833
28835
28836
28839
28840
28843
28844
28847
28849
28850
28853
28854
28857
28859
28860
28863
28864
28867
28869
28870
28873
28875
28877
28879
28881
28883
28884
28887
28888
28891
28892
28894
28896
28899
28901
28902
28905
28906
28909
28910
28913
28915
28917
28919
28921
28923
28925
28926
28929
28930
28932
28935
28936
28939
28941
28943
28945
28946
28949
28951
28953
28954
28957
28959
28961
28963
28965
28966
28969
28970
28973
28975
28976
28979
28981
28983
28985
28986
28988
28991
28992
28994
28996
28998
29001
29003
29005
29006
29008
29011
29013
29014
29016
29018
29020
29022
29024
29026
29028
29030
29032
29034
29036
29038
29041
29042
29044
29046
29048
29051
29052
29055
29056
29058
29060
29062
29065
29066
29069
29070
29072
29074
29076
29078
29080
29082
29084
29087
29088
29091
29092
29095
29096
29098
29100
29103
29105
29107
29108
29111
29112
29115
29117
29118
29121
29122
29125
29127
29129
29131
29133
29134
29136
29139
29141
29143
29144
29146
29149
29151
29152
29154
29157
29158
29161
29163
29165
29167
29168
29171
29173
29174
29176
29179
29181
29183
29185
29186
29189
29190
29193
29195
29196
29199
29200
29202
29204
29207
29209
29211
29213
29215
29216
29218
29220
29223
29224
29226
29229
29230
29232
29234
29236
29239
29240
29243
29244
29246
29248
29251
29253
29255
29256
29258
29260
29262
29264
29266
29268
29271
29273
29274
29276
29278
29280
29282
29285
29286
29289
29291
29293
29295
29297
29299
29300
29303
29305
29306
29308
29310
29312
29315
29317
29319
29320
29323
29324
29327
29328
29330
29332
29335
29336
29339
29341
29343
29345
29347
29349
29351
29352
29354
29356
29359
29361
29363
29365
29367
29369
29370
29372
29374
29376
29379
29380
29382
29385
29386
29389
29391
29392
29394
29396
29398
29401
29403
29405
29406
29409
29410
29413
29414
29417
29418
29420
29422
29425
29426
29429
29430
29433
29434
29436
29438
29441
29442
29445
29447
29448
29450
29452
29455
29457
29459
29460
29463
29464
29467
29469
29471
29472
29475
29476
29478
29480
29483
29485
29487
29488
29491
29493
29495
29496
29499
29500
29503
29504
29506
29509
29511
29513
29514
29516
29518
29521
29523
29525
29527
29529
29531
29533
29535
29536
29539
29540
29542
29544
29547
29549
29550
29553
29554
29557
29558
29561
29563
29564
29567
29569
29571
29572
29575
29577
29578
29580
29583
29585
29587
29589
29591
29593
29595
29596
29598
29601
29603
29605
29607
29609
29611
29612
29614
29616
29618
29620
29622
29624
29626
29629
29630
29633
29634
29637
29639
29641
29643
29644
29646
29649
29651
29653
29654
29657
29658
29661
29662
29664
29666
29668
29670
29673
29674
29676
29679
29680
29683
29685
29686
29689
29691
29692
29695
29696
29699
29700
29702
29705
29707
29708
29711
29713
29715
29716
29719
29720
29722
29725
29727
29728
29731
29733
29735
29736
29738
29741
29742
29744
29747
29748
29750
29752
29754
29757
29759
29761
29762
29764
29767
29769
29770
29772
29774
29776
29779
29781
29783
29784
29786
29789
29791
29792
29794
29796
29798
29801
29803
29804
29807
29808
29810
29813
29815
29817
29819
29820
29823
29824
29827
29828
29831
29833
29835
29836
29839
29840
29842
29845
29846
29849
29851
29853
29855
29857
29859
29861
29862
29865
29866
29868
29871
29872
29874
29877
29879
29881
29882
29884
29887
29889
29891
29893
29895
29896
29898
29900
29903
29904
29906
29909
29910
29913
29915
29916
29919
29920
29923
29925
29926
29929
29931
29933
29934
29937
29939
29941
29943
29944
29946
29949
29951
29953
29955
29956
29959
29960
29963
29965
29967
29968
29970
29973
29974
29977
29979
29980
29982
29985
29986
29989
29990
29993
29995
29997
29999
30001
30002
30005
30007
30009
30011
30012
30014
30017
30019
30021
30023
30025
30026
30028
30031
30032
30034
30037
30039
30040
30042
30044
30047
30049
30050
30052
30054
30057
30059
30061
30062
30064
30067
30069
30071
30072
30075
30077
30078
30080
30082
30084
30086
30088
30090
30092
30095
30096
30098
30100
30103
30104
30107
30109
30110
30113
30115
30117
30119
30120
30123
30125
30126
30129
30131
30132
30134
30136
30139
30140
30142
30144
30147
30148
30151
30153
30155
30157
30159
30161
30163
30165
30166
30169
30170
30172
30175
30177
30179
30181
30183
30185
30187
30189
30191
30192
30195
30197
30199
30200
30203
30205
30207
30208
30210
30213
30215
30216
30219
30221
30222
30224
30227
30228
30230
30232
30234
30236
30238
30241
30242
30245
30246
30248
30251
30253
30255
30256
30258
30261
30262
30265
30266
30269
30271
30273
30274
30277
30279
30281
30283
30284
30286
30288
30290
30293
30294
30296
30299
30300
30303
30305
30307
30308
30311
30312
30314
30316
30319
30320
30323
30324
30326
30328
30330
30333
30334
30336
30338
30341
30342
30345
30347
30348
30350
30353
30355
30357
30358
30361
30362
30365
30367
30368
30371
30373
30374
30376
30378
30380
30383
30385
30387
30389
30391
30392
30394
30396
30399
30400
30402
30405
30407
30409
30411
30412
30414
30417
30418
30420
30422
30424
30426
30429
30431
30433
30434
30437
30439
30440
30443
30445
30447
30448
30450
30453
30455
30457
30458
30460
30463
30465
30466
30469
30471
30472
30475
30477
30479
30480
30483
30485
30487
30488
30490
30492
30495
30497
30498
30500
30503
30505
30506
30509
30511
30513
30515
30517
30518
30521
30523
30525
30527
30528
30531
30533
30535
30536
30538
30541
30542
30544
30547
30548
30551
30552
30554
30557
30558
30561
30563
30564
30566
30569
30570
30573
30574
30577
30578
30581
30582
30585
30587
30589
30590
30593
30594
30596
30598
30601
30602
30605
30606
30609
30611
30613
30615
30617
30618
30620
30623
30625
30627
30629
30630
30633
30634
30636
30639
30641
30642
30644
30647
30648
30651
30653
30654
30657
30659
30661
30663
30664
30667
30669
30670
30673
30675
30677
30679
30680
30683
30684
30686
30688
30690
30692
30695
30696
30699
30700
30702
30704
30707
30709
30711
30712
30715
30716
30718
30721
30722
30724
30726
30729
30731
30733
30735
30736
30738
30740
30742
30745
30746
30748
30750
30752
30754
30756
30758
30760
30762
30764
30766
30769
30770
30773
30775
30777
30779
30780
30783
30785
30786
30789
30791
30793
30795
30796
30799
30801
30802
30805
30806
30809
30811
30812
30814
30817
30819
30820
30823
30825
30827
30829
30831
30832
30834
30837
30838
30840
30842
30844
30847
30848
30850
30853
30855
30856
30859
30861
30863
30864
30867
30868
30870
30873
30874
30877
30879
30881
30883
30884
30887
30889
30890
30892
30895
30897
30899
30900
30902
30904
30907
30909
30910
30913
30914
30917
30919
30921
30922
30925
30926
30929
30930
30932
30935
30936
30939
30941
30943
30944
30947
30948
30951
30952
30954
30956
30958
30961
30962
30965
30966
30968
30971
30973
30975
30976
30979
30981
30982
30985
30986
30988
30990
30993
30994
30997
30999
31001
31002
31004
31007
31008
31011
31012
31014
31017
31019
31021
31023
31024
31027
31028
31030
31032
31035
31037
31039
31041
31042
31045
31047
31049
31050
31053
31055
31057
31058
31060
31063
31065
31067
31068
31070
31072
31075
31077
31078
31081
31083
31084
31087
31088
31090
31092
31094
31097
31099
31100
31103
31104
31107
31108
31110
31113
31114
31117
31119
31120
31122
31124
31126
31129
31130
31133
31134
31136
31138
31140
31143
31145
31147
31149
31150
31152
31155
31157
31159
31160
31162
31165
31166
31168
31170
31172
31174
31176
31179
31181
31183
31185
31186
31188
31191
31192
31195
31197
31199
31200
31203
31205
31207
31208
31210
31213
31214
31217
31218
31220
31223
31225
31226
31229
31231
31233
31235
31237
31239
31240
31243
31245
31246
31248
31250
31253
31255
31256
31259
31261
31262
31264
31267
31269
31271
31272
31275
31277
31278
31280
31282
31284
31286
31289
31290
31293
31294
31296
31298
31300
31303
31305
31307
31308
31310
31312
31314
31316
31318
31320
31323
31324
31327
31328
31330
31333
31335
31336
31338
31340
31342
31344
31347
31349
31350
31353
31355
31356
31358
31360
31363
31364
31367
31368
31371
31373
31375
31377
31378
31381
31382
31384
31386
31389
31391
31393
31394
31397
31399
31401
31403
31405
31407
31408
31410
31413
31415
31416
31419
31420
31423
31425
31427
31428
31430
31433
31435
31436
31439
31440
31442
31445
31447
31448
31450
31452
31455
31457
31458
31460
31462
31465
31467
31468
31471
31473
31475
31477
31478
31480
31482
31484
31487
31488
31491
31493
31494
31497
31498
31500
31502
31505
31507
31508
31511
31513
31514
31517
31519
31521
31523
31525
31526
31529
31531
31533
31534
31536
31539
31540
31542
31545
31547
31548
31551
31552
31554
31557
31558
31560
31563
31564
31567
31569
31570
31573
31575
31577
31578
31581
31582
31584
31586
31589
31590
31592
31594
31596
31598
31601
31602
31605
31607
31609
31610
31613
31615
31617
31619
31620
31623
31624
31627
31628
31630
31632
31634
31637
31639
31640
31642
31644
31647
31648
31651
31653
31655
31657
31658
31661
31662
31664
31666
31669
31670
31672
31675
31676
31679
31680
31683
31685
31687
31689
31690
31693
31694
31697
31698
31701
31703
31705
31707
31708
31710
31712
31715
31717
31718
31721
31723
31724
31727
31729
31730
31732
31735
31736
31739
31741
31742
31744
31746
31748
31751
31752
31754
31756
31758
31761
31763
31765
31767
31768
31770
31772
31774
31776
31779
31780
31782
31784
31786
31789
31790
31792
31795
31797
31799
31800
31802
31804
31807
31808
31811
31813
31814
31817
31818
31820
31823
31824
31826
31828
31831
31832
31834
31836
31839
31840
31842
31844
31847
31849
31851
31852
31855
31857
31859
31860
31863
31864
31866
31868
31870
31872
31874
31877
31879
31880
31882
31884
31886
31889
31891
31893
31895
31897
31898
31900
31903
31905
31906
31908
31911
31913
31914
31916
31919
31920
31923
31924
31927
31928
31931
31932
31935
31937
31938
31940
31943
31945
31946
31948
31950
31953
31954
31957
31959
31961
31962
31964
31967
31968
31971
31972
31974
31977
31979
31980
31983
31985
31987
31988
31991
31992
31994
31997
31998
32001
32002
32004
32007
32008
32010
32012
32015
32016
32018
32020
32022
32025
32026
32028
32030
32033
32034
32037
32038
32041
32042
32045
32047
32048
32050
32053
32054
32057
32058
32061
32063
32064
32067
32068
32071
32072
32075
32076
32079
32080
32083
32084
32087
32088
32090
32092
32094
32097
32098
32101
32102
32104
32106
32108
32110
32113
32115
32116
32119
32120
32122
32124
32126
32128
32131
32133
32135
32136
32138
32141
32143
32145
32147
32149
32151
32152
32154
32156
32159
32160
32162
32165
32166
32168
32170
32172
32174
32176
32178
32181
32183
32184
32187
32189
32191
32192
32194
32197
32198
32201
32202
32204
32206
32209
32211
32213
32214
32216
32219
32221
32222
32224
32227
32228
32230
32232
32235
32236
32238
32240
32242
32245
32247
32248
32251
32253
32254
32257
32259
32260
32262
32264
32266
32269
32270
32272
32275
32277
32278
32281
32282
32284
32287
32288
32290
32293
32294
32297
32299
32301
32303
32305
32307
32309
32310
32313
32315
32317
32319
32320
32323
32325
32326
32329
32330
32333
32335
32336
32339
32340
32342
32345
32347
32349
32350
32352
32354
32357
32358
32360
32363
32364
32367
32368
32370
32373
32375
32376
32378
32380
32383
32385
32386
32388
32391
32392
32395
32397
32399
32400
32403
32405
32406
32408
32410
32412
32414
32417
32419
32420
32423
32424
32426
32429
32430
32432
32435
32436
32438
32440
32443
32444
32447
32448
32450
32452
32454
32456
32458
32461
32462
32464
32467
32469
32470
32472
32474
32477
32478
32480
32482
32485
32486
32489
32491
32492
32495
32497
32499
32501
32502
32504
32506
32508
32511
32512
32514
32517
32518
32520
32522
32525
32527
32528
32530
32532
32534
32537
32539
32540
32543
32544
32547
32549
32550
32553
32555
32556
32559
32561
32563
32565
32566
32568
32571
32572
32574
32577
32578
32581
32583
32585
32586
32588
32591
32593
32594
32597
32599
32601
32602
32605
32606
32609
32611
32613
32615
32617
32619
32621
32623
32625
32627
32629
32630
32633
32634
32636
32639
32640
32643
32645
32647
32649
32650
32653
32654
32656
32658
32660
32663
32665
32667
32668
32670
32673
32674
32677
32679
32681
32682
32685
32687
32689
32691
32692
32694
32697
32699
32700
32703
32705
32706
32709
32711
32712
32715
32717
32719
32721
32723
32724
32726
32729
32731
32732
32734
32737
32738
32741
32743
32745
32747
32749
32750
32752
32754
32756
32759
32761
32762
32765
32767
