s vc 200 143
1
3
5
6
8
10
12
13
15
17
18
19
22
23
26
27
29
30
31
34
35
36
37
38
39
41
42
43
44
45
46
47
48
49
50
51
52
53
54
55
56
57
59
60
61
62
63
64
66
67
68
69
71
72
75
76
77
78
79
80
81
82
84
85
86
88
89
90
91
92
93
94
96
98
99
100
101
102
103
105
106
107
108
109
111
112
113
114
115
117
118
120
122
123
127
128
130
131
132
133
136
137
138
140
141
142
143
144
145
146
147
148
149
150
151
153
154
155
156
158
160
161
164
170
171
172
174
177
178
180
181
183
184
189
190
191
192
193
195
196
197
198
199
