s vc 65866 13431
32768
32769
2
3
32772
5
32773
7
32776
9
32778
11
32779
13
32781
15
32783
17
32786
19
32787
21
32789
23
32792
25
32793
27
32795
29
32798
31
32800
33
32802
35
32804
37
32806
39
32807
41
32810
43
32812
45
32813
47
32815
49
32817
51
32820
53
32822
55
32824
57
32826
59
32828
61
32830
63
32832
65
32834
67
32835
69
32838
71
32840
73
32841
75
32843
77
32845
79
32848
81
32849
83
32851
85
32853
87
32856
89
32857
91
32860
93
32861
95
32863
97
32866
99
32867
101
32870
103
32872
105
32873
107
32876
109
32878
111
32879
113
32882
115
32884
117
32886
119
32888
121
32889
123
32891
125
32894
127
32895
129
32898
131
32900
133
32901
135
32904
137
32906
139
32907
141
32909
143
32912
145
32913
147
32915
149
32917
151
32920
153
32921
155
32924
157
32925
160
161
32928
163
32929
165
32931
167
32934
169
32936
171
32937
173
32939
175
32942
177
32943
179
32946
181
32947
183
32950
185
32952
187
32953
189
32955
191
32957
193
32959
195
32961
197
32963
199
32965
201
32967
203
32970
205
32972
207
32974
209
32976
211
32977
213
32979
215
32981
217
32984
219
32986
221
32987
223
32989
225
32992
227
32994
229
32995
231
32998
233
33000
235
33001
237
33004
239
33006
241
33008
33009
33012
33013
33016
33017
33019
33021
33023
33026
33027
33029
33031
33033
33035
33037
33039
33041
33044
33046
33048
33049
33052
33054
33055
33058
33059
33062
33063
33065
33067
33069
33072
33073
33076
33078
33079
33082
33083
33085
33088
33090
33092
33093
33096
33097
33100
33102
33104
33105
33107
33109
33112
33113
33115
33118
33119
33121
33124
33125
33127
33130
33131
33133
33135
33138
33139
33141
33144
33146
33147
33149
33152
33153
33155
33157
33160
33161
33164
33165
33167
33169
33171
33173
33175
33177
33179
33181
33183
33185
33187
33189
33192
33193
33196
33198
33200
33201
33204
33206
33207
33210
33211
33214
33215
33217
33220
33222
33224
33225
33227
33229
33232
33234
33235
33238
33239
33242
33243
33245
33248
33249
33252
33253
33255
33258
33259
33262
33264
33265
33267
33270
33272
33274
33276
33277
33280
33282
33283
33285
33288
33289
33291
33294
33296
33298
33300
33301
33303
33305
33307
33309
33311
33313
33316
33317
33320
33322
33324
33326
33327
33329
33332
33334
33335
33338
33339
33342
33343
33346
33347
33350
33352
33354
33355
33358
33360
33362
33364
33366
33367
33369
33371
33373
33375
33378
33380
33381
33383
33385
33387
33389
33392
33394
33396
33398
33400
33402
33403
33405
33407
33410
33411
33414
33415
33417
33420
33421
33423
33425
33427
33429
33432
33433
33435
33437
33439
33442
33443
33446
33448
33450
33451
33454
33456
33458
33459
33462
33464
33465
33467
33470
33472
33474
33475
33478
33479
33482
33483
33485
33487
33489
33491
33493
33496
33497
33499
33502
33503
33506
33507
33510
33512
33513
33515
33517
33519
33522
33524
33525
33528
33530
33532
33533
33536
33537
33539
33542
33543
33545
33547
33550
33551
33553
33555
33557
33559
33561
33564
33565
33568
33570
33571
33574
33576
33578
33579
33581
33584
33585
33587
33590
33592
33593
33595
33598
33599
33601
33604
33605
33607
33609
33611
33614
33615
33617
33619
33621
33623
33626
33627
33629
33631
33634
33636
33637
33640
33642
33644
33646
33648
33650
33652
33654
33655
33658
33660
33661
33663
33666
33667
33669
33672
33674
33675
33677
33680
33682
33684
33686
33687
33689
33691
33694
33695
33698
33699
33702
33704
33705
33708
33709
33712
33713
33716
33718
33720
33721
33723
33725
33728
33729
33731
33733
33736
33737
33740
33742
33743
33745
33747
33749
33751
33753
33755
33758
33759
33762
33764
33765
33767
33770
33771
33773
33775
33778
33779
33781
33783
33785
33787
33789
33791
33794
33795
33798
33799
33801
33803
33806
33808
33810
33811
33814
33815
33818
33820
33822
33823
33826
33827
33830
33831
33834
33835
33838
33839
33841
33844
33846
33848
33849
33852
33853
33855
33858
33859
33862
33864
33866
33867
33870
33872
33873
33876
33878
33880
33881
33884
33885
33887
33890
33891
33893
33896
33898
33900
33902
33904
33905
33908
33910
33912
33914
33915
33918
33920
33921
33923
33926
33927
33929
33932
33934
33935
33937
33939
33942
33943
33946
33948
33949
33952
33953
33956
33957
33960
33962
33963
33966
33968
33970
33972
33974
33975
33978
33979
33982
33983
33986
33987
33989
33991
33994
33995
33998
33999
34002
34003
34006
34008
34009
34012
34014
34015
34017
34020
34021
34023
34026
34027
34030
34032
34033
34035
34037
34040
34042
34043
34045
34048
34049
34052
34053
34056
34057
34060
34061
34064
34065
34067
34069
34072
34073
34075
34078
34079
34081
34083
34085
34087
34089
34091
34093
34095
34097
34099
34101
34103
34105
34108
34109
34112
34114
34115
34117
34119
34121
34123
34126
34127
34130
34132
34133
34135
34137
34139
34142
34144
34146
34148
34150
34152
34154
34155
34158
34159
34162
34164
34166
34168
34169
34171
34174
34175
34177
34180
34182
34184
34186
34187
34189
34192
34194
34195
34198
34199
34202
34204
34205
34207
34210
34212
34213
34216
34217
34220
34221
34224
34226
34227
34230
34231
34234
34235
34237
34240
34242
34244
34246
34247
34249
34252
34254
34256
34258
34259
34261
34263
34266
34267
34270
34272
34273
34275
34277
34279
34281
34283
34285
34287
34290
34291
34294
34296
34298
34299
34301
34304
34305
34307
34310
34312
34314
34316
34318
34320
34322
34323
34325
34328
34329
34331
34333
34336
34337
34339
34342
34344
34345
34347
34350
34351
34353
34356
34358
34359
34361
34363
34365
34368
34369
34372
34374
34375
34377
34379
34381
34383
34386
34387
34390
34392
34393
34395
34397
34399
34402
34404
34406
34407
34410
34412
34414
34416
34417
34420
34422
34424
34426
34427
34430
34432
34433
34435
34438
34439
34442
34444
34445
34448
34450
34451
34453
34455
34458
34459
34462
34463
34465
34468
34469
34471
34473
34476
34478
34480
34482
34484
34485
34488
34490
34491
34494
34496
34497
34500
34501
34503
34505
34508
34510
34511
34514
34515
34518
34519
34521
34523
34525
34528
34530
34532
34534
34535
34537
34539
34541
34544
34545
34548
34549
34552
34553
34556
34557
34559
34562
34563
34566
34568
34569
34571
34573
34575
34578
34579
34582
34584
34585
34588
34590
34592
34593
34596
34598
34599
34602
34604
34605
34608
34610
34612
34614
34616
34618
34620
34621
34623
34626
34627
34629
34632
34634
34636
34638
34640
34641
34643
34645
34648
34650
34652
34654
34655
34657
34660
34661
34664
34665
34667
34670
34671
34673
34675
34677
34680
34682
34684
34686
34688
34690
34691
34694
34695
34698
34700
34702
34704
34705
34708
34710
34711
34713
34716
34717
34719
34722
34723
34726
34727
34729
34731
34733
34735
34738
34740
34742
34743
34746
34748
34749
34752
34754
34755
34758
34759
34762
34764
34765
34767
34770
34771
34773
34775
34777
34780
34781
34784
34785
34787
34790
34792
34794
34796
34798
34800
34801
34804
34805
34807
34810
34812
34813
34815
34818
34819
34821
34823
34825
34828
34830
34832
34834
34836
34837
34840
34841
34843
34846
34847
34849
34851
34853
34855
34858
34860
34861
34863
34866
34867
34869
34871
34873
34876
34877
34880
34882
34883
34886
34887
34890
34892
34894
34895
34897
34899
34902
34904
34905
34908
34909
34912
34914
34915
34918
34919
34921
34924
34926
34927
34930
34931
34934
34936
34938
34940
34941
34944
34945
34947
34950
34951
34953
34956
34957
34959
34962
34964
34965
34968
34969
34972
34973
34976
34977
34979
34982
34984
34986
34987
34990
34991
34993
34996
34997
35000
35001
35003
35005
35008
35009
35012
35013
35015
35018
35019
35021
35024
35026
35027
35029
35031
35033
35036
35038
35040
35041
35044
35046
35047
35049
35052
35053
35056
35058
35060
35061
35064
35066
35067
35069
35072
35073
35076
35078
35079
35082
35084
35086
35087
35090
35092
35094
35095
35098
35100
35101
35104
35105
35107
35109
35111
35114
35116
35118
35119
35121
35124
35125
35127
35130
35131
35134
35135
35137
35140
35141
35144
35145
35148
35150
35151
35154
35155
35157
35159
35161
35163
35166
35167
35170
35172
35174
35176
35178
35179
35182
35183
35186
35187
35190
35191
35193
35196
35197
35199
35201
35203
35206
35208
35209
35212
35214
35216
35218
35220
35222
35223
35226
35228
35229
35232
35233
35235
35237
35240
35242
35244
35245
35248
35250
35251
35253
35255
35257
35259
35262
35263
35265
35268
35269
35271
35274
35276
35278
35279
35281
35284
35285
35288
35289
35292
35294
35296
35297
35299
35302
35303
35306
35307
35310
35312
35313
35316
35317
35319
35321
35323
35326
35328
35330
35332
35333
35335
35337
35339
35341
35343
35346
35347
35349
35351
35353
35355
35357
35359
35361
35363
35366
35368
35370
35372
35374
35376
35378
35379
35382
35384
35386
35387
35389
35391
35393
35396
35398
35399
35402
35404
35405
35407
35410
35412
35414
35415
35418
35420
35422
35423
35425
35427
35430
35432
35433
35435
35437
35439
35441
35443
35446
35447
35449
35452
35454
35455
35457
35460
35461
35464
35466
35467
35469
35472
35474
35475
35477
35479
35481
35483
35486
35487
35489
35492
35494
35495
35497
35499
35502
35503
35505
35508
35509
35511
35514
35515
35517
35519
35521
35523
35525
35528
35530
35532
35533
35536
35537
35539
35541
35544
35546
35547
35549
35552
35554
35555
35557
35560
35561
35564
35565
35567
35570
35571
35573
35575
35577
35580
35581
35584
35586
35587
35589
35592
35594
35595
35597
35599
35601
35604
35605
35607
35609
35611
35613
35616
35617
35619
35621
35623
35625
35628
35629
35632
35633
35635
35637
35640
35641
35643
35645
35648
35649
35652
35653
35655
35657
35660
35662
35663
35665
35667
35669
35672
35674
35675
35677
35679
35681
35684
35686
35687
35690
35691
35694
35696
35698
35699
35702
35704
35705
35708
35709
35712
35713
35716
35717
35719
35722
35723
35726
35728
35730
35732
35733
35736
35737
35740
35741
35744
35745
35748
35749
35751
35754
35755
35757
35759
35761
35764
35766
35768
35770
35771
35774
35776
35777
35779
35781
35784
35785
35787
35790
35792
35793
35796
35798
35799
35801
35803
35805
35808
35810
35812
35813
35816
35817
35820
35821
35823
35826
35828
35829
35831
35834
35835
35838
35839
35841
35843
35845
35848
35849
35852
35854
35855
35858
35860
35861
35863
35866
35868
35870
35871
35874
35876
35878
35880
35882
35883
35886
35888
35889
35892
35894
35895
35898
35900
35901
35903
35906
35908
35910
35911
35914
35915
35918
35919
35922
35923
35925
35927
35929
35931
35933
35936
35938
35940
35941
35943
35945
35947
35949
35951
35953
35956
35957
35959
35962
35964
35966
35967
35969
35972
35973
35976
35977
35979
35981
35983
35986
35987
35990
35991
35993
35996
35998
36000
36002
36004
36005
36007
36010
36012
36013
36015
36018
36020
36022
36023
36026
36027
36029
36032
36034
36035
36038
36039
36041
36043
36046
36048
36050
36051
36054
36055
36057
36059
36062
36063
36066
36068
36070
36071
36074
36075
36077
36079
36082
36083
36086
36087
36090
36091
36093
36095
36097
36100
36101
36104
36105
36108
36110
36112
36114
36116
36118
36119
36121
36124
36125
36128
36130
36132
36134
36136
36137
36139
36141
36143
36146
36148
36149
36151
36153
36156
36157
36160
36162
36164
36166
36167
36170
36171
36174
36175
36178
36179
36182
36183
36185
36187
36190
36192
36193
36196
36197
36199
36202
36204
36206
36208
36210
36212
36214
36215
36218
36219
36222
36223
36225
36227
36230
36231
36234
36235
36237
36240
36242
36243
36246
36247
36250
36252
36253
36255
36257
36259
36261
36263
36266
36267
36269
36271
36273
36276
36278
36280
36282
36284
36286
36288
36289
36292
36294
36296
36298
36300
36301
36304
36305
36307
36309
36312
36314
36316
36318
36320
36321
36323
36326
36328
36329
36332
36334
36336
36337
36340
36342
36344
36346
36347
36350
36351
36354
36355
36358
36360
36362
36364
36366
36368
36370
36372
36373
36375
36377
36379
36381
36383
36385
36388
36390
36391
36393
36396
36398
36400
36401
36403
36405
36407
36410
36412
36414
36415
36417
36419
36422
36424
36425
36427
36430
36431
36434
36435
36437
36440
36441
36443
36446
36448
36449
36452
36453
36455
36458
36460
36461
36463
36465
36467
36469
36471
36473
36476
36477
36479
36481
36484
36485
36487
36490
36492
36494
36495
36497
36500
36501
36503
36505
36507
36510
36512
36514
36515
36518
36519
36522
36523
36525
36527
36529
36531
36533
36536
36538
36540
36541
36544
36546
36547
36550
36551
36553
36556
36557
36559
36562
36564
36565
36568
36569
36572
36574
36576
36578
36580
36582
36584
36585
36588
36589
36592
36594
36595
36598
36599
36602
36604
36605
36607
36609
36612
36614
36615
36617
36619
36622
36623
36625
36628
36630
36631
36633
36635
36637
36640
36642
36643
36645
36648
36650
36651
36653
36656
36658
36659
36661
36664
36666
36668
36670
36671
36673
36675
36678
36679
36681
36683
36686
36688
36690
36692
36694
36696
36698
36699
36702
36704
36706
36707
36709
36711
36713
36716
36718
36719
36721
36723
36726
36727
36729
36731
36733
36735
36738
36740
36742
36744
36745
36747
36749
36752
36753
36755
36757
36759
36761
36764
36765
36767
36769
36772
36774
36775
36778
36780
36782
36783
36786
36787
36790
36791
36793
36796
36797
36799
36802
36803
36806
36807
36810
36812
36814
36816
36818
36820
36821
36823
36826
36828
36829
36831
36833
36835
36837
36839
36841
36843
36845
36847
36849
36852
36854
36856
36858
36860
36861
36864
36865
36867
36869
36871
36873
36875
36878
36879
36881
36884
36885
36887
36890
36891
36893
36895
36897
36900
36902
36904
36905
36907
36910
36912
36913
36915
36918
36919
36921
36924
36926
36927
36929
36932
36934
36935
36937
36940
36941
36943
36946
36947
36950
36952
36953
36955
36958
36959
36962
36963
36966
36968
36969
36971
36974
36976
36977
36979
36981
36984
36986
36988
36990
36992
36994
36995
36997
37000
37002
37003
37006
37007
37009
37011
37014
37015
37018
37019
37021
37024
37026
37028
37029
37031
37033
37036
37037
37039
37042
37044
37046
37048
37050
37051
37053
37055
37057
37060
37061
37063
37066
37068
37070
37071
37074
37075
37077
37079
37081
37083
37085
37088
37089
37092
37094
37095
37097
37099
37102
37103
37105
37108
37110
37111
37114
37116
37118
37119
37121
37124
37125
37128
37129
37132
37133
37135
37138
37140
37142
37144
37145
37148
37150
37151
37154
37156
37158
37160
37161
37164
37165
37167
37169
37172
37173
37175
37177
37179
37181
37184
37185
37187
37190
37192
37194
37195
37198
37200
37202
37204
37205
37208
37210
37211
37214
37216
37218
37219
37222
37224
37226
37227
37230
37231
37234
37235
37238
37240
37242
37243
37246
37247
37250
37251
37254
37256
37258
37259
37261
37263
37265
37267
37270
37271
37274
37275
37277
37279
37282
37283
37285
37287
37289
37292
37294
37296
37298
37300
37302
37304
37306
37308
37309
37311
37314
37316
37318
37319
37321
37324
37326
37328
37330
37331
37334
37335
37337
37340
37342
37343
37345
37347
37350
37352
37354
37356
37358
37359
37362
37364
37365
37368
37369
37371
37373
37376
37377
37380
37381
37384
37385
37388
37389
37391
37393
37395
37398
37399
37402
37404
37406
37408
37409
37411
37413
37416
37417
37420
37422
37423
37425
37427
37430
37432
37433
37436
37437
37439
37441
37444
37446
37447
37450
37452
37454
37456
37458
37460
37462
37463
37466
37468
37470
37471
37473
37476
37477
37479
37482
37483
37486
37487
37489
37491
37494
37495
37497
37500
37502
37504
37506
37507
37509
37511
37514
37516
37517
37519
37522
37524
37526
37528
37530
37531
37533
37535
37537
37540
37541
37544
37545
37548
37550
37552
37553
37556
37558
37560
37562
37563
37566
37567
37569
37571
37574
37576
37578
37580
37582
37583
37586
37587
37589
37592
37593
37596
37598
37600
37601
37604
37606
37607
37610
37612
37613
37615
37618
37620
37622
37624
37626
37628
37629
37632
37634
37636
37638
37640
37641
37644
37645
37648
37649
37651
37653
37656
37657
37660
37662
37664
37666
37667
37669
37672
37674
37676
37677
37680
37682
37684
37685
37688
37690
37691
37694
37696
37698
37699
37701
37703
37706
37708
37710
37711
37714
37715
37718
37719
37722
37724
37725
37727
37730
37732
37733
37736
37738
37739
37742
37744
37746
37748
37750
37752
37753
37756
37757
37759
37762
37764
37766
37767
37769
37772
37773
37776
37777
37780
37781
37784
37786
37788
37790
37792
37793
37796
37798
37799
37802
37803
37806
37808
37809
37811
37813
37815
37818
37819
37821
37824
37826
37827
37829
37832
37833
37836
37837
37839
37841
37844
37846
37848
37850
37851
37853
37856
37858
37859
37861
37864
37866
37867
37870
37872
37874
37876
37878
37880
37882
37884
37886
37888
37890
37892
37893
37896
37897
37900
37902
37903
37905
37908
37910
37912
37913
37915
37918
37920
37921
37924
37926
37928
37930
37931
37934
37936
37937
37940
37942
37944
37945
37947
37950
37951
37953
37955
37957
37959
37962
37963
37965
37967
37969
37971
37973
37975
37977
37980
37981
37983
37986
37987
37990
37991
37994
37995
37998
37999
38001
38003
38005
38007
38009
38012
38013
38015
38018
38019
38022
38023
38026
38027
38030
38031
38033
38035
38037
38039
38041
38043
38046
38048
38049
38051
38054
38056
38057
38060
38061
38064
38065
38067
38070
38072
38074
38075
38078
38080
38081
38084
38085
38087
38090
38092
38094
38096
38097
38099
38102
38103
38105
38107
38109
38111
38113
38116
38117
38120
38121
38123
38126
38127
38129
38131
38133
38136
38138
38139
38141
38143
38146
38148
38150
38152
38153
38155
38157
38160
38162
38164
38165
38167
38169
38171
38174
38176
38178
38180
38182
38183
38185
38187
38189
38192
38194
38195
38198
38199
38201
38203
38205
38208
38210
38212
38213
38216
38217
38220
38222
38223
38225
38227
38230
38231
38233
38236
38238
38240
38242
38244
38245
38248
38250
38252
38254
38256
38257
38259
38261
38263
38266
38267
38270
38272
38274
38275
38278
38280
38281
38284
38285
38287
38290
38292
38293
38296
38297
38300
38301
38304
38305
38307
38309
38312
38313
38315
38318
38320
38322
38323
38325
38328
38330
38331
38334
38335
38338
38339
38342
38343
38346
38348
38350
38351
38354
38355
38358
38360
38361
38364
38366
38367
38369
38371
38373
38375
38377
38379
38381
38383
38385
38388
38389
38391
38393
38395
38397
38399
38401
38403
38405
38407
38409
38411
38413
38415
38417
38419
38421
38423
38425
38427
38429
38431
38433
38435
38437
38439
38441
38443
38445
38447
38449
38451
38453
38455
38457
38459
38461
38463
38465
38467
38469
38471
38473
38475
38477
38479
38481
38483
38485
38487
38489
38491
38493
38495
38497
38499
38501
38503
38505
38507
38509
38511
38513
38515
38517
38519
38521
38523
38525
38527
38529
38531
38533
38535
38537
38539
38541
38543
38545
38547
38549
38551
38553
38555
38557
38559
38561
38563
38565
38567
38569
38571
38573
38575
38577
38579
38581
38583
38585
38587
38589
38591
38593
38595
38597
38599
38601
38603
38605
38607
38610
38612
38613
38615
38617
38619
38621
38623
38625
38627
38629
38631
38633
38635
38637
38639
38641
38643
38645
38647
38649
38651
38653
38655
38657
38659
38661
38663
38665
38667
38669
38671
38673
38676
38678
38679
38682
38684
38686
38687
38689
38691
38693
38695
38697
38699
38701
38703
38705
38707
38709
38711
38714
38716
38718
38720
38721
38723
38725
38727
38729
38731
38733
38735
38737
38739
38741
38744
38746
38747
38750
38751
38753
38755
38758
38760
38761
38764
38765
38767
38770
38771
38773
38776
38777
38779
38782
38784
38786
38788
38790
38791
38793
38796
38797
38800
38802
38804
38805
38808
38810
38811
38813
38816
38817
38819
38821
38824
38826
38827
38830
38832
38834
38835
38837
38839
38841
38843
38845
38847
38849
38851
38854
38855
38857
38860
38862
38863
38865
38868
38869
38872
38873
38876
38877
38879
38881
38884
38886
38887
38890
38891
38893
38895
38897
38899
38902
38903
38905
38908
38909
38911
38913
38916
38918
38919
38921
38923
38925
38927
38929
38932
38934
38936
38937
38939
38941
38944
38946
38948
38950
38952
38953
38955
38958
38960
38961
38963
38965
38968
38969
38972
38974
38976
38977
38979
38981
38984
38986
38987
38989
38991
38993
38995
38997
38999
39002
39004
39005
39007
39009
39011
39014
39015
39017
39020
39022
39023
39025
39028
39029
39032
39034
39035
39038
39040
39041
39044
39045
39047
39049
39051
39054
39056
39058
39059
39061
39064
39065
39068
39069
39072
39073
39075
39077
39080
39081
39084
39086
39088
39089
39092
39094
39096
39097
39099
39102
39103
39105
39108
39109
39111
39114
39116
39117
39120
39121
39124
39125
39127
39129
39131
39133
39135
39137
39139
39141
39143
39145
39147
39149
39151
39153
39155
39157
39159
39161
39163
39165
39167
39169
39171
39174
39176
39177
39180
39181
39183
39185
39187
39189
39192
39193
39196
39198
39200
39201
39203
39205
39208
39209
39211
39213
39215
39217
39220
39221
39224
39225
39227
39229
39232
39234
39236
39237
39240
39241
39243
39245
39247
39249
39251
39253
39255
39257
39259
39261
39263
39265
39267
39269
39271
39273
39275
39277
39279
39281
39283
39285
39287
39289
39291
39293
39296
39298
39300
39301
39303
39305
39307
39309
39311
39313
39315
39317
39319
39321
39323
39325
39327
39329
39332
39333
39335
39338
39340
39342
39343
39345
39348
39349
39351
39354
39356
39358
39360
39362
39364
39366
39367
39370
39372
39374
39376
39377
39379
39382
39384
39385
39387
39389
39391
39394
39395
39397
39399
39401
39403
39405
39407
39409
39412
39413
39416
39418
39419
39422
39423
39425
39428
39430
39431
39434
39436
39437
39439
39441
39444
39445
39447
39450
39452
39454
39456
39458
39459
39461
39464
39465
39468
39469
39471
39474
39476
39478
39480
39482
39484
39485
39488
39490
39491
39494
39495
39498
39500
39501
39504
39505
39507
39509
39511
39513
39515
39517
39519
39521
39523
39525
39527
39530
39532
39533
39535
39538
39539
39542
39544
39546
39547
39549
39552
39554
39555
39558
39560
39562
39564
39565
39567
39569
39571
39573
39576
39577
39579
39582
39584
39585
39588
39590
39591
39594
39595
39597
39600
39601
39603
39606
39608
39610
39611
39613
39615
39618
39619
39621
39624
39626
39628
39629
39632
39633
39636
39638
39640
39641
39643
39646
39648
39650
39652
39654
39655
39657
39660
39661
39664
39665
39667
39670
39671
39674
39675
39677
39679
39681
39683
39685
39688
39689
39691
39694
39695
39697
39699
39702
39704
39705
39707
39710
39712
39713
39716
39718
39720
39721
39724
39726
39727
39729
39732
39733
39736
39737
39739
39742
39743
39746
39748
39750
39751
39753
39755
39757
39760
39762
39764
39766
39768
39769
39771
39774
39775
39777
39780
39782
39783
39786
39788
39790
39791
39793
39796
39798
39799
39801
39803
39805
39808
39810
39811
39813
39815
39817
39819
39822
39823
39825
39828
39830
39832
39834
39835
39838
39840
39842
39843
39846
39847
39850
39851
39854
39856
39857
39859
39862
39863
39865
39867
39869
39871
39874
39875
39877
39880
39882
39883
39886
39887
39890
39891
39893
39896
39898
39899
39902
39904
39906
39908
39910
39911
39914
39915
39917
39919
39921
39923
39926
39927
39929
39932
39933
39936
39937
39939
39942
39943
39946
39947
39950
39952
39953
39955
39957
39960
39962
39963
39966
39967
39970
39971
39973
39976
39977
39979
39982
39984
39986
39987
39989
39992
39994
39995
39997
40000
40001
40004
40006
40007
40010
40012
40014
40016
40017
40019
40021
40023
40025
40028
40029
40031
40034
40036
40038
40040
40042
40043
40046
40048
40049
40051
40053
40056
40057
40060
40061
40063
40065
40068
40070
40071
40073
40075
40078
40079
40082
40083
40085
40088
40090
40092
40093
40095
40098
40099
40102
40103
40105
40108
40109
40111
40114
40116
40118
40119
40122
40123
40126
40127
40130
40132
40134
40135
40138
40139
40141
40144
40146
40147
40150
40152
40154
40156
40157
40160
40161
40163
40165
40167
40169
40171
40174
40175
40177
40180
40182
40183
40185
40188
40190
40192
40194
40195
40197
40199
40201
40204
40206
40207
40210
40212
40213
40215
40218
40219
40222
40223
40226
40228
40230
40232
40233
40236
40238
40239
40242
40244
40246
40247
40250
40252
40254
40255
40257
40260
40261
40264
40266
40267
40269
40271
40273
40275
40277
40279
40281
40284
40286
40288
40290
40291
40294
40296
40298
40300
40302
40304
40305
40308
40310
40311
40313
40316
40318
40320
40322
40323
40325
40328
40329
40332
40333
40335
40337
40340
40342
40343
40346
40348
40349
40351
40353
40355
40357
40359
40361
40363
40365
40367
40369
40371
40373
40375
40377
40379
40381
40383
40385
40387
40389
40391
40393
40395
40398
40400
40401
40403
40405
40407
40409
40411
40413
40415
40417
40419
40421
40423
40425
40427
40429
40431
40433
40435
40437
40439
40441
40443
40445
40447
40449
40451
40453
40455
40457
40460
40462
40463
40465
40467
40469
40471
40473
40475
40477
40479
40481
40483
40485
40487
40489
40491
40493
40495
40497
40499
40501
40504
40505
40507
40509
40511
40513
40515
40517
40519
40522
40523
40525
40527
40529
40531
40533
40535
40537
40539
40541
40543
40545
40547
40549
40551
40553
40555
40557
40559
40561
40563
40565
40567
40569
40571
40573
40575
40578
40579
40582
40584
40586
40588
40589
40591
40593
40595
40597
40599
40602
40604
40605
40607
40610
40612
40613
40615
40617
40619
40621
40623
40626
40628
40629
40632
40633
40636
40637
40639
40642
40644
40645
40647
40650
40652
40654
40656
40658
40660
40662
40664
40665
40667
40669
40671
40673
40675
40677
40679
40682
40684
40686
40688
40690
40691
40693
40695
40697
40699
40701
40703
40705
40707
40709
40711
40713
40715
40717
40719
40721
40723
40725
40727
40729
40732
40734
40736
40737
40740
40741
40743
40746
40747
40750
40752
40754
40756
40757
40760
40761
40763
40766
40767
40770
40772
40774
40776
40778
40779
40782
40783
40785
40788
40789
40791
40794
40795
40798
40799
40801
40803
40805
40807
40810
40811
40813
40816
40817
40820
40821
40823
40825
40827
40830
40831
40833
40835
40838
40839
40841
40844
40846
40847
40850
40852
40853
40855
40858
40860
40862
40864
40865
40867
40869
40871
40873
40876
40877
40880
40882
40884
40885
40888
40889
40891
40894
40895
40898
40899
40901
40903
40906
40907
40910
40912
40914
40916
40918
40919
40922
40923
40926
40928
40930
40931
40934
40935
40938
40939
40941
40944
40945
40948
40950
40951
40954
40956
40958
40960
40962
40963
40965
40967
40970
40972
40973
40976
40978
40980
40982
40984
40986
40987
40990
40991
40994
40996
40998
41000
41002
41004
41005
41008
41010
41011
41013
41015
41017
41019
41022
41023
41025
41027
41029
41031
41033
41036
41037
41039
41041
41043
41045
41048
41049
41051
41053
41056
41057
41060
41061
41064
41065
41068
41070
41072
41073
41075
41077
41080
41081
41083
41086
41088
41090
41092
41094
41096
41097
41100
41101
41104
41105
41108
41110
41111
41113
41115
41117
41120
41121
41124
41126
41127
41130
41131
41134
41135
41137
41140
41141
41144
41145
41147
41149
41152
41154
41155
41157
41160
41161
41164
41165
41167
41169
41172
41173
41175
41177
41180
41182
41184
41186
41188
41189
41191
41193
41195
41197
41199
41201
41203
41205
41208
41209
41211
41213
41215
41217
41219
41221
41223
41225
41227
41229
41231
41233
41235
41237
41239
41241
41243
41245
41247
41249
41251
41253
41255
41257
41259
41261
41263
41265
41267
41269
41271
41273
41275
41277
41279
41281
41283
41285
41287
41289
41291
41293
41295
41297
41299
41301
41303
41305
41307
41309
41311
41313
41315
41317
41319
41321
41323
41325
41327
41329
41331
41333
41335
41337
41340
41341
41343
41345
41347
41349
41351
14732
14735
14737
14738
14740
14742
14744
14746
14748
14750
14753
14754
14756
14758
14760
14762
14764
14766
14768
14770
14772
14774
14777
14779
14781
14782
14785
14786
14788
14791
14793
14795
14796
14799
14800
14803
14805
14806
14809
14811
14813
14814
14816
14819
14820
14823
14825
14827
14829
14831
14833
14834
14836
14839
14840
14843
14845
14846
14849
14851
14852
14854
14856
14858
14860
14862
14864
14866
14868
14871
14873
14875
14877
14878
14881
14883
14885
14887
14888
14891
14892
14895
14896
14899
14900
14902
14904
14906
14909
14911
14912
14915
14916
14918
14920
14922
14924
14926
14929
14931
14932
14934
14936
14938
14941
14942
14944
14947
14948
14950
14954
14956
14958
14959
14961
14964
14966
14967
14969
14972
14974
14976
14977
14979
14981
14984
14986
14988
14990
14991
14994
14996
14998
14999
15001
15004
15006
15007
15010
15012
15014
15016
15017
15019
15022
15024
15025
15028
15030
15032
15033
15036
15037
15040
15041
15043
15046
15048
15050
15052
15053
15055
15058
15060
15062
15063
15066
15068
15070
15071
15073
15075
15078
15079
15082
15083
15085
15088
15090
15091
15094
15095
15097
15100
15101
15104
15105
15107
15109
15112
15113
15115
15117
15120
15122
15123
15125
15128
15130
15132
15133
15136
15137
15139
15142
15144
15146
15148
15149
15152
15154
15155
15158
15159
15162
15163
15165
15167
15169
15172
15174
15175
15178
15180
15182
15183
15185
15188
15190
15191
15194
15196
15198
15200
15201
15203
15206
15208
15210
15212
15214
15216
15217
15220
15221
15223
15225
15227
15230
15232
15234
15236
15238
15239
15242
15244
15245
15248
15249
15252
15253
15256
15257
15259
15262
15264
15266
15268
15270
15272
15274
15276
15278
15280
15281
15284
15286
15287
15290
15291
15294
15296
15297
15299
15301
15303
15305
15308
15310
15311
15314
15316
15317
15319
15322
15324
15326
15328
15330
15331
15333
15335
15337
15339
15342
15343
15346
15347
15349
15351
15353
15356
15358
15359
15361
15364
15365
15367
15370
15371
15373
15376
15378
15379
15381
15384
15386
15387
15389
15392
15394
15395
15397
15399
15401
15404
15405
15408
15409
15412
15414
15416
15418
15419
15422
15424
15425
15427
15429
15432
15433
15435
15438
15439
15442
15443
15445
15447
15449
15452
15453
15455
15458
15460
15461
15464
15466
15468
15469
15472
15473
15476
15478
15480
15481
15483
15485
15488
15489
15491
15493
15495
15498
15499
15501
15503
15505
15508
15510
15512
15513
15515
15518
15519
15521
15524
15525
15527
15530
15532
15534
15536
15537
15539
15541
15543
15545
15548
15549
15552
15553
15555
15558
15560
15562
15564
15565
15567
15569
15572
15574
15575
15578
15580
15582
15583
15585
15587
15589
15591
15594
15595
15598
15599
15602
15604
15606
15608
15610
15611
15614
15615
15618
15620
15622
15623
15625
15628
15629
15631
15634
15635
15638
15640
15641
15644
15646
15647
15650
15652
15654
15655
15657
15659
15661
15663
15666
15667
15670
15671
15673
15676
15677
15679
15681
15684
15686
15688
15689
15692
15694
15695
15698
15699
15701
15703
15706
15707
15710
15712
15714
15715
15718
15719
15722
15723
15725
15728
15730
15731
15734
15736
15737
15739
15741
15743
15746
15747
15749
15751
15753
15756
15758
15760
15762
15764
15766
15767
15770
15772
15773
15775
15777
15779
15781
15784
15786
15788
15789
15791
15794
15796
15797
15799
15802
15804
15805
15807
15810
15811
15813
15815
15818
15819
15822
15824
15826
15827
15829
15832
15834
15836
15838
15840
15842
15843
15846
15848
15850
15851
15853
15855
15858
15859
15861
15863
15865
15867
15870
15872
15874
15876
15877
15879
15881
15883
15885
15887
15890
15892
15893
15896
15897
15899
15902
15904
15906
15907
15909
15911
15914
15916
15918
15919
15922
15924
15925
15927
15930
15931
15934
15936
15938
15940
15942
15944
15945
15948
15949
15951
15954
15956
15958
15960
15961
15963
15966
15967
15969
15972
15974
15976
15977
15980
15981
15984
15985
15987
15990
15992
15994
15995
15997
15999
16001
16004
16005
16007
16009
16011
16013
16016
16017
16020
16021
16023
16026
16027
16029
16031
16034
16036
16037
16040
16042
16044
16046
16048
16050
16052
16054
16055
16057
16059
16061
16064
16065
16067
16069
16072
16073
16075
16078
16080
16081
16084
16086
16088
16089
16091
16094
16096
16098
16100
16101
16104
16106
16107
16109
16112
16114
16116
16117
16120
16121
16124
16126
16128
16129
16131
16133
16135
16137
16139
16142
16144
16146
16147
16149
16151
16154
16156
16157
16159
16162
16164
16165
16168
16169
16172
16173
16175
16177
16180
16182
16184
16186
16187
16189
16191
16194
16195
16197
16200
16201
16204
16206
16208
16209
16212
16213
16215
16218
16219
16221
16224
16225
16228
16230
16231
16234
16236
16238
16239
16241
16243
16246
16248
16249
16251
16253
16255
16258
16260
16262
16263
16265
16268
16270
16272
16273
16276
16277
16280
16281
16284
16286
16287
16290
16292
16294
16295
16297
16299
16301
16304
16306
16308
16309
16312
16313
16315
16317
16320
16322
16324
16326
16327
16330
16332
16333
16335
16338
16339
16342
16343
16345
16347
16350
16351
16354
16356
16357
16359
16362
16363
16365
16367
16370
16371
16373
16376
16377
16379
16381
16383
16386
16388
16390
16392
16393
16396
16397
16400
16402
16403
16405
16407
16410
16411
16413
16416
16418
16419
16422
16423
16425
16427
16429
16432
16434
16436
16437
16440
16441
16444
16445
16447
16450
16452
16453
16456
16458
16460
16461
16464
16465
16468
16469
16472
16474
16476
16477
16479
16481
16483
16485
16487
16489
16492
16493
16495
16498
16499
16502
16504
16505
16507
16510
16512
16514
16516
16518
16519
16522
16523
16525
16528
16529
16531
16533
16535
16538
16539
16541
16543
16546
16547
16550
16551
16554
16555
16557
16559
16562
16564
16566
16567
16570
16571
16573
16575
16578
16580
16582
16583
16585
16588
16590
16592
16593
16596
16598
16600
16601
16603
16605
16608
16610
16611
16614
16616
16618
16620
16622
16623
16625
16628
16629
16632
16634
16635
16637
16639
16641
16643
16646
16648
16650
16652
16654
16656
16658
16659
16661
16664
16665
16667
16669
16671
16673
16676
16677
16679
16682
16684
16685
16687
16689
16691
16694
16695
16698
16699
16701
16704
16706
16708
16709
16712
16713
16716
16717
16720
16721
16724
16725
16727
16729
16731
16734
16736
16737
16740
16741
16744
16746
16748
16749
16752
16753
16755
16757
16760
16762
16763
16766
16768
16769
16772
16773
16775
16778
16779
16782
16783
16786
16788
16790
16791
16794
16795
16798
16799
16802
16804
16805
16808
16810
16812
16813
16816
16817
16820
16822
16824
16826
16828
16829
16831
16833
16836
16838
16840
16841
16843
16846
16847
16850
16852
16854
16856
16858
16860
16862
16863
16866
16868
16869
16871
16874
16876
16878
16879
16881
16884
16886
16887
16889
16891
16894
16896
16897
16900
16902
16904
16906
16907
16909
16912
16913
16916
16917
16920
16922
16923
16925
16927
16929
16932
16933
16935
16937
16939
16942
16944
16946
16948
16949
16952
16953
16955
16957
16959
16961
16964
16965
16968
16970
16972
16973
16975
16977
16980
16982
16983
16985
16988
16990
16991
16994
16995
16998
17000
17001
17003
17005
17007
17010
17011
17014
17016
17018
17019
17022
17023
17025
17028
17030
17031
17033
17036
17038
17039
17042
17044
17046
17047
17049
17052
17053
17056
17058
17060
17062
17064
17065
17068
17070
17071
17074
17075
17078
17080
17081
17083
17085
17087
17090
17091
17094
17095
17098
17100
17101
17103
17106
17108
17110
17112
17113
17115
17118
17119
17121
17124
17125
17127
17130
17132
17133
17135
17137
17140
17142
17144
17145
17147
17149
17151
17154
17155
17157
17160
17162
17163
17166
17168
17169
17172
17174
17175
17178
17179
17182
17184
17185
17187
17189
17192
17194
17195
17198
17199
17202
17203
17205
17207
17209
17212
17213
17215
17217
17219
17222
17223
17226
17227
17229
17231
17234
17236
17237
17240
17241
17243
17246
17247
17249
17251
17254
17256
17257
17259
17262
17263
17266
17267
17269
17271
17274
17276
17278
17280
17282
17284
17285
17288
17290
17291
17293
17295
17298
17299
17301
17304
17306
17308
17310
17312
17313
17315
17318
17319
17322
17323
17326
17327
17330
17331
17333
17335
17337
17339
17342
17343
17346
17348
17350
17352
17354
17355
17357
17360
17361
17364
17366
17367
17370
17372
17373
17376
17377
17379
17382
17384
17386
17387
17389
17391
17393
17395
17397
17400
17401
17403
17405
17407
17409
17412
17413
17416
17417
17419
17422
17424
17426
17427
17429
17431
17434
17436
17438
17439
17441
17443
17445
17447
17450
17451
17454
17455
17457
17460
17461
17464
17466
17467
17469
17471
17474
17476
17478
17480
17482
17483
17485
17488
17489
17491
17494
17495
17498
17500
17502
17503
17506
17507
17509
17511
17514
17516
17517
17520
17522
17524
17525
17528
17529
17532
17533
17536
17538
17540
17542
17543
17546
17548
17549
17551
17554
17555
17557
17560
17561
17563
17565
17568
17569
17571
17574
17575
17577
17580
17582
17584
17586
17587
17590
17592
17593
17595
17598
17600
17601
17603
17606
17608
17610
17611
17614
17615
17618
17620
17622
17623
17626
17627
17630
17631
17633
17635
17638
17640
17641
17644
17646
17648
17650
17652
17654
17655
17657
17660
17662
17663
17665
17667
17669
17672
17673
17676
17677
17680
17681
17684
17686
17687
17689
17691
17693
17696
17697
17700
17701
17704
17705
17708
17710
17711
17713
17715
17717
17720
17721
17723
17726
17728
17730
17731
17734
17736
17738
17740
17741
17743
17746
17747
17750
17752
17753
17756
17758
17760
17762
17763
17766
17767
17769
17771
17773
17775
17778
17779
17781
17784
17785
17788
17790
17792
17794
17795
17798
17799
17802
17804
17805
17808
17810
17812
17813
17816
17817
17819
17822
17824
17825
17828
17830
17831
17834
17835
17838
17840
17842
17843
17845
17847
17849
17851
17854
17855
17857
17860
17861
17863
17866
17867
17869
17872
17874
17876
17878
17880
17881
17884
17885
17887
17890
17892
17894
17896
17897
17899
17902
17903
17905
17908
17909
17911
17914
17915
17918
17920
17921
17924
17925
17927
17930
17931
17933
17935
17937
17940
17941
17944
17945
17947
17950
17951
17953
17956
17958
17960
17962
17963
17966
17968
17970
17971
17973
17976
17978
17980
17981
17983
17986
17987
17989
17992
17993
17996
17998
17999
18001
18004
18005
18008
18009
18011
18013
18016
18017
18019
18021
18023
18026
18028
18029
18032
18033
18036
18037
18040
18041
18044
18045
18048
18050
18051
18053
18055
18058
18060
18062
18063
18065
18067
18070
18071
18073
18076
18078
18080
18081
18083
18085
18087
18089
18092
18094
18095
18097
18100
18102
18104
18105
18107
18110
18111
18113
18116
18118
18120
18121
18123
18125
18127
18129
18132
18133
18136
18137
18139
18142
18144
18146
18148
18149
18151
18154
18156
18157
18160
18162
18164
18165
18168
18170
18171
18174
18176
18178
18180
18181
18183
18185
18187
18189
18191
18193
18195
18197
18200
18201
18204
18206
18208
18209
18211
18214
18216
18217
18220
18222
18223
18225
18227
18230
18232
18233
18235
18237
18239
18242
18243
18245
18248
18250
18252
18254
18256
18258
18259
18262
18263
18265
18268
18270
18271
18274
18276
18278
18280
18281
18283
18285
18287
18289
18292
18293
18295
18297
18300
18302
18304
18306
18307
18309
18312
18313
18316
18318
18320
18322
18323
18325
18327
18330
18331
18334
18336
18338
18339
18341
18343
18345
18347
18350
18352
18354
18356
18358
18359
18362
18363
18366
18368
18370
18372
18374
18376
18377
18380
18381
18383
18386
18388
18390
18392
18394
18396
18398
18400
18401
18403
18405
18408
18410
18411
18413
18416
18417
18420
18421
18424
18425
18428
18429
18431
18433
18435
18438
18439
18441
18443
18445
18448
18450
18451
18453
18455
18457
18459
18462
18464
18465
18467
18470
18472
18474
18476
18478
18479
18481
18483
18486
18488
18489
18492
18493
18496
18497
18500
18502
18503
18506
18507
18510
18511
18513
18516
18518
18520
18521
18523
18525
18528
18530
18531
18533
18535
18537
18539
18542
18544
18546
18547
18549
18551
18554
18556
18557
18559
18561
18564
18565
18568
18570
18572
18574
18575
18577
18580
18582
18583
18586
18587
18590
18591
18594
18596
18598
18600
18602
18603
18606
18607
18610
18611
18614
18616
18618
18619
18622
18623
18626
18628
18630
18632
18634
18635
18637
18639
18641
18644
18646
18648
18649
18652
18653
18655
18657
18659
18661
18663
18666
18668
18669
18672
18674
18676
18678
18680
18682
18684
18686
18687
18690
18691
18693
18696
18697
18700
18702
18703
18706
18707
18709
18711
18714
18715
18718
18719
18722
18723
18726
18728
18730
18732
18734
18735
18737
18740
18741
18743
18746
18747
18749
18752
18753
18755
18758
18759
18761
18764
18765
18768
18770
18772
18773
18776
18777
18779
18782
18783
18786
18787
18790
18792
18794
18796
18798
18799
18801
18804
18805
18807
18809
18811
18813
18816
18817
18819
18822
18823
18825
18828
18830
18831
18834
18836
18838
18839
18842
18843
18845
18847
18850
18851
18854
18855
18858
18860
18861
18863
18865
18868
18870
18871
18873
18875
18878
18879
18882
18884
18885
18888
18889
18891
18893
18896
18897
18899
18901
18904
18905
18907
18909
18912
18914
18915
18917
18920
18921
18923
18925
18928
18930
18931
18933
18936
18937
18940
18942
18943
18945
18947
18950
18951
18954
18956
18958
18959
18962
18963
18965
18968
18970
18972
18973
18976
18978
18979
18981
18983
18986
18987
18990
18992
18994
18996
18997
18999
19001
19003
19006
19007
19010
19011
19014
19016
19018
19020
19021
19023
19026
19028
19029
19032
19033
19036
19038
19039
19042
19043
19045
19047
19050
19051
19053
19055
19057
19059
19061
19064
19066
19068
19069
19071
19073
19076
19077
19079
19081
19084
19086
19087
19089
19092
19093
19096
19098
19099
19101
19104
19105
19108
19110
19112
19114
19115
19117
19119
19121
19123
19125
19127
19129
19132
19133
19135
19137
19139
19142
19144
19145
19148
19150
19151
19154
19155
19157
19159
19161
19164
19165
19168
19169
19172
19174
19175
19178
19179
19181
19184
19186
19187
19190
19191
19193
19195
19197
19200
19202
19203
19205
19208
19209
19211
19213
19216
19218
19220
19221
19223
19226
19228
19229
19232
19233
19236
19238
19239
19241
19244
19246
19248
19249
19252
19254
19255
19258
19259
19262
19264
19265
19268
19270
19272
19274
19275
19277
19280
19281
19284
19285
19287
19289
19292
19293
19296
19298
19299
19301
19303
19306
19308
19310
19312
19314
19315
19317
19319
19322
19323
19325
19328
19329
19331
19333
19335
19337
19340
19341
19344
19346
19348
19349
19351
19354
19355
19358
19359
19362
19364
19365
19368
19370
19371
19374
19375
19378
19379
19382
19383
19386
19388
19390
19392
19393
19396
19398
19400
19401
19404
19406
19408
19410
19412
19414
19415
19417
19420
19421
19424
19425
19428
19430
19432
19434
19436
19438
19439
19442
19444
19446
19448
19450
19451
19454
19455
19457
19460
19462
19463
19465
19468
19470
19472
19474
19476
19478
19480
19481
19483
19485
19488
19489
19492
19494
19495
19498
19499
19501
19504
19506
19508
19509
19512
19513
19516
19517
19519
19521
19524
19525
19528
19530
19531
19533
19536
19538
19539
19542
19543
19545
19547
19550
19551
19553
19556
19558
19559
19561
19564
19565
19567
19570
19571
19573
19575
19578
19579
19582
19584
19586
19588
19590
19592
19594
19596
19597
19600
19602
19603
19606
19608
19610
19611
19614
19615
19617
19619
19621
19624
19626
19628
19630
19632
19634
19635
19637
19639
19642
19643
19645
19647
19650
19651
19654
19655
19658
19659
19661
19663
19666
19668
19670
19672
19673
19676
19677
19680
19681
19683
19686
19687
19689
19691
19693
19695
19697
19699
19702
19704
19706
19708
19709
19711
19713
19716
19717
19720
19722
19724
19725
19727
19729
19731
19734
19735
19737
19739
19741
19744
19746
19748
19749
19752
19753
19755
19757
19760
19762
19764
19766
19768
19770
19772
19774
19776
19778
19780
19781
19784
19785
19788
19789
19791
19793
19796
19798
19799
19801
19803
19805
19808
19810
19811
19814
19816
19817
19819
19822
19823
19825
19828
19829
19832
19833
19835
19837
19839
19842
19844
19846
19848
19849
19851
19854
19855
19858
19859
19862
19864
19866
19867
19870
19872
19874
19876
19877
19879
19881
19883
19885
19887
19889
19891
19893
19895
19898
19899
19902
19903
19906
19907
19910
19911
19914
19916
19918
19919
19921
19924
19926
19928
19930
19931
19934
19935
19937
19939
19942
19943
19945
19948
19950
19952
19953
19956
19958
19959
19962
19964
19965
19968
19969
19972
19973
19975
19978
19980
19982
19983
19985
19988
19990
19991
19993
19995
19998
19999
20002
20004
20006
20007
20010
20012
20013
20015
20017
20019
20021
20023
20025
20027
20029
20032
20033
20036
20037
20039
20042
20044
20046
20048
20050
20052
20054
20055
20057
20060
20062
20064
20066
20068
20069
20072
20073
20075
20078
20079
20081
20083
20086
20088
20090
20092
20094
20095
20097
20100
20102
20103
20105
20108
20109
20112
20114
20115
20117
20120
20122
20123
20126
20127
20129
20132
20133
20136
20137
20140
20142
20143
20146
20147
20149
20152
20154
20155
20158
20159
20161
20163
20165
20167
20169
20172
20174
20175
20178
20179
20182
20184
20186
20187
20190
20192
20193
20196
20198
20199
20201
20203
20206
20207
20210
20211
20214
20216
20217
20220
20222
20223
20226
20227
20230
20232
20233
20235
20238
20240
20241
20244
20245
20248
20249
20251
20253
20256
20257
20260
20261
20264
20266
20268
20269
20271
20273
20276
20277
20279
20282
20284
20286
20287
20290
20292
20293
20295
20298
20299
20302
20304
20305
20308
20309
20312
20314
20316
20317
20319
20322
20324
20326
20328
20330
20331
20334
20335
20338
20339
20342
20344
20346
20348
20349
20351
20353
20356
20357
20359
20361
20363
20366
20368
20369
20372
20374
20376
20377
20380
20381
20383
20386
20388
20389
20392
20393
20395
20397
20399
20401
20404
20405
20407
20409
20412
20413
20416
20417
20419
20421
20424
20425
20428
20429
20431
20433
20435
20437
20439
20441
20443
20446
20447
20450
20452
20454
20456
20458
20459
20462
20464
20465
20468
20469
20471
20473
20475
20477
20479
20481
20483
20486
20488
20489
20491
20493
20496
20497
20500
20502
20504
20506
20507
20509
20511
20514
20516
20517
20519
20521
20523
20526
20528
20530
20531
20533
20535
20538
20540
20541
20543
20546
20548
20550
20552
20554
20555
20557
20559
20562
20563
20566
20567
20569
20571
20574
20576
20577
20580
20581
20584
20585
20587
20589
20592
20594
20596
20598
20600
20601
20603
20605
20608
20609
20612
20614
20616
20617
20619
20622
20624
20626
20627
20629
20632
20634
20635
20637
20639
20642
20643
20645
20647
20649
20651
20654
20656
20657
20660
20661
20663
20666
20667
20670
20672
20673
20676
20678
20680
20681
20684
20685
20688
20689
20691
20694
20695
20698
20699
20702
20703
20705
20707
20710
20712
20714
20716
20717
20720
20721
20723
20726
20727
20729
20732
20734
20736
20737
20739
20741
20743
20746
20747
20749
20752
20754
20755
20758
20759
20761
20763
20765
20768
20769
20771
20774
20776
20778
20780
20781
20783
20786
20788
20790
20792
20794
20795
20797
20800
20802
20804
20806
20807
20810
20812
20813
20815
20817
20820
20821
20824
20826
20828
20829
20832
20834
20835
20838
20839
20841
20843
20846
20847
20849
20852
20853
20855
20858
20860
20861
20864
20866
20867
20869
20871
20873
20876
20878
20879
20882
20884
20886
20888
20889
20891
20893
20896
20898
20899
20901
20903
20905
20907
20909
20911
20913
20916
20918
20920
20921
20924
20925
20928
20930
20932
20933
20936
20937
20939
20941
20944
20946
20948
20950
20952
20954
20955
20958
20960
20961
20964
20966
20968
20970
20972
20973
20976
20977
20979
20982
20983
20985
20988
20989
20991
20993
20996
20997
20999
21001
21003
21006
21008
21009
21011
21014
21016
21017
21020
21022
21023
21026
21028
21030
21032
21033
21036
21037
21040
21042
21043
21046
21047
21049
21052
21053
21055
21058
21059
21061
21064
21066
21067
21069
21071
21074
21076
21077
21080
21081
21084
21086
21087
21090
21092
21094
21096
21098
21099
21101
21104
21105
21108
21110
21111
21113
21116
21117
21120
21121
21123
21126
21128
21130
21132
21133
21135
21137
21140
21141
21144
21145
21147
21149
21152
21154
21156
21158
21160
21161
21164
21165
21168
21169
21171
21174
21176
21178
21179
21182
21184
21185
21187
21190
21191
21193
21196
21198
21200
21202
21204
21206
21207
21210
21211
21214
21216
21218
21219
21222
21224
21226
21227
21230
21231
21233
21235
21237
21239
21241
21244
21245
21248
21249
21251
21254
21256
21258
21259
21261
21263
21265
21267
21269
21271
21274
21276
21277
21279
21282
21284
21286
21288
21290
21292
21293
21296
21298
21300
21301
21303
21306
21308
21309
21312
21313
21315
21317
21320
21321
21323
21325
21327
21330
21331
21333
21335
21338
21339
21341
21343
21345
21348
21349
21352
21353
21355
21357
21360
21361
21364
21366
21367
21370
21372
21373
21375
21377
21379
21381
21383
21385
21387
21389
21392
21394
21396
21398
21399
21402
21403
21405
21408
21409
21411
21414
21416
21418
21420
21422
21424
21426
21428
21430
21431
21433
21435
21438
21439
21441
21444
21445
21447
21450
21451
21453
21455
21458
21459
21461
21463
21466
21468
21469
21471
21473
21476
21477
21479
21481
21483
21486
21487
21489
21492
21494
21495
21497
21499
21501
21504
21506
21507
21509
21512
21513
21515
21517
21519
21522
21523
21526
21528
21530
21531
21533
21536
21538
21540
21542
21543
21545
21547
21550
21552
21553
21556
21558
21560
21562
21564
21566
21568
21570
21571
21574
21576
21577
21580
21582
21583
21586
21588
21589
21591
21593
21595
21598
21600
21601
21603
21606
21608
21610
21612
21614
21615
21618
21620
21622
21624
21625
21628
21629
21631
21634
21635
21638
21639
21642
21644
21646
21647
21649
21652
21654
21655
21657
21660
21662
21663
21666
21667
21670
21672
21674
21675
21677
21679
21681
21683
21686
21688
21690
21692
21694
21695
21697
21699
21701
21703
21706
21707
21709
21712
21714
21716
21718
21720
21722
21723
21726
21727
21730
21731
21733
21735
21738
21740
21742
21743
21746
21748
21750
21751
21754
21756
21757
21760
21762
21763
21765
21768
21769
21771
21774
21776
21777
21779
21782
21784
21785
21787
21789
21791
21794
21795
21797
21800
21802
21803
21805
21808
21809
21811
21813
21815
21818
21819
21821
21824
21826
21828
21829
21832
21833
21836
21837
21839
21841
21844
21845
21847
21849
21851
21853
21855
21858
21860
21861
21864
21866
21867
21870
21871
21874
21876
21878
21880
21882
21883
21885
21888
21890
21892
21893
21895
21897
21899
21902
21904
21906
21908
21910
21911
21913
21916
21918
21920
21922
21923
21925
21928
21930
21931
21933
21935
21937
21940
21942
21943
21945
21948
21950
21952
21954
21956
21958
21960
21962
21964
21966
21968
21969
21971
21974
21975
21978
21980
21981
21983
21986
21988
21990
21992
21993
21996
21997
22000
22002
22004
22005
22008
22009
22012
22013
22016
22017
22019
22022
22023
22026
22027
22029
22032
22033
22035
22037
22039
22041
22043
22045
22048
22049
22051
22053
22055
22058
22060
22061
22063
22066
22068
22070
22072
22073
22076
22078
22079
22082
22084
22085
22087
22090
22091
22094
22095
22097
22099
22102
22103
22105
22108
22110
22112
22113
22116
22117
22119
22122
22124
22125
22128
22129
22132
22133
22135
22137
22139
22141
22143
22145
22147
22149
22152
22153
22156
22157
22159
22162
22163
22165
22168
22170
22172
22173
22176
22177
22180
22181
22183
22185
22187
22190
22192
22193
22196
22197
22200
22202
22203
22206
22208
22210
22212
22213
22216
22218
22219
22222
22224
22226
22228
22230
22232
22234
22235
22238
22240
22242
22244
22245
22248
22249
22251
22254
22255
22257
22260
22262
22264
22265
22267
22270
22272
22274
22276
22278
22279
22282
22284
22285
22288
22289
22292
22294
22296
22297
22300
22301
22304
22305
22308
22310
22312
22313
22315
22318
22320
22322
22323
22325
22327
22330
22332
22334
22335
22338
22340
22341
22343
22345
22347
22349
22352
22354
22355
22357
22359
22362
22364
22366
22368
22370
22371
22373
22376
22378
22379
22382
22384
22385
22388
22389
22391
22393
22395
22397
22399
22401
22403
22406
22407
22409
22412
22414
22415
22418
22419
22421
22424
22425
22428
22429
22432
22434
22435
22437
22440
22442
22444
22445
22447
22450
22451
22453
22455
22457
22460
22461
22464
22465
22468
22470
22471
22473
22475
22477
22479
22481
22484
22486
22487
22489
22491
22494
22495
22497
22499
22501
22503
22506
22508
22509
22512
22514
22515
22517
22520
22522
22524
22526
22527
22530
22532
22533
22535
22537
22540
22541
22543
22546
22548
22550
22552
22553
22556
22558
22560
22562
22563
22565
22567
22570
22571
22573
22576
22578
22580
22582
22584
22585
22588
22589
22591
22594
22596
22598
22599
22602
22604
22605
22608
22609
22612
22614
22616
22617
22620
22621
22623
22625
22627
22629
22632
22634
22635
22637
22639
22641
22643
22646
22647
22649
22651
22654
22656
22658
22660
22662
22664
22665
22668
22669
22672
22674
22676
22677
22680
22682
22684
22686
22687
22690
22692
22694
22696
22698
22699
22701
22704
22705
22707
22710
22711
22714
22716
22718
22720
22722
22724
22725
22727
22730
22732
22733
22736
22738
22740
22742
22744
22745
22747
22750
22752
22753
22755
22758
22760
22762
22763
22766
22767
22769
22771
22774
22776
22777
22780
22781
22783
22786
22787
22790
22791
22793
22796
22798
22799
22801
22804
22806
22808
22810
22812
22813
22815
22817
22819
22821
22824
22825
22827
22829
22831
22833
22835
22838
22839
22842
22844
22846
22847
22850
22852
22854
22855
22858
22859
22862
22864
22866
22867
22870
22871
22874
22875
22878
22880
22881
22884
22885
22887
22890
22892
22894
22896
22898
22899
22901
22904
22906
22908
22909
22911
22914
22915
22918
22920
22922
22923
22925
22927
22930
22932
22933
22936
22937
22939
22941
22943
22945
22947
22950
22951
22953
22956
22957
22959
22962
22963
22966
22968
22969
22971
22973
22976
22978
22980
22982
22983
22986
22987
22989
22992
22994
22995
22997
22999
23001
23003
23005
23007
23010
23011
23014
23016
23017
23019
23022
23023
23026
23027
23030
23031
23033
23036
23038
23039
23042
23043
23046
23047
23050
23051
23053
23055
23058
23060
23062
23064
23065
23068
23069
23071
23074
23076
23077
23079
23082
23083
23086
23088
23090
23092
23094
23095
23097
23099
23102
23104
23105
23107
23110
23111
23113
23115
23118
23119
23122
23124
23126
23128
23129
23131
23133
23136
23138
23140
23142
23144
23145
23148
23149
23152
23153
23156
23158
23159
23161
23163
23165
23168
23170
23172
23174
23175
23178
23179
23181
23184
23186
23187
23190
23191
23193
23196
23198
23200
23201
23204
23206
23207
23209
23212
23214
23215
23218
23220
23221
23224
23226
23228
23229
23232
23233
23236
23237
23239
23241
23244
23245
23248
23250
23251
23253
23255
23257
23260
23262
23264
23265
23268
23270
23272
23274
23275
23278
23280
23281
23284
23286
23287
23290
23292
23294
23295
23297
23299
23301
23303
23306
23308
23310
23311
23314
23315
23317
23320
23321
23323
23325
23327
23330
23331
23333
23335
23338
23340
23342
23344
23345
23347
23349
23351
23354
23355
23357
23360
23361
23364
23365
23367
23370
23372
23373
23375
23377
23379
23382
23384
23386
23387
23389
23392
23394
23395
23397
23400
23401
23403
23406
23407
23410
23412
23414
23416
23418
23420
23421
23424
23425
23428
23429
23431
23433
23436
23438
23439
23441
23444
23445
23448
23450
23452
23453
23455
23458
23459
23461
23463
23466
23467
23470
23472
23473
23476
23478
23479
23482
23483
23485
23487
23490
23491
23493
23495
23498
23499
23501
23504
23506
23508
23510
23511
23514
23515
23518
23519
23522
23523
23525
23528
23530
23531
23533
23535
23538
23540
23542
23544
23546
23547
23550
23552
23554
23556
23557
23560
23561
23563
23565
23567
23569
23572
23573
23576
23578
23580
23582
23583
23586
23588
23589
23592
23594
23595
23597
23599
23602
23603
23606
23607
23610
23612
23613
23616
23618
23620
23622
23623
23625
23627
23629
23631
23633
23635
23637
23639
23642
23643
23645
23648
23650
23651
23653
23656
23658
23660
23661
23663
23665
23668
23670
23671
23673
23676
23677
23680
23681
23684
23685
23687
23690
23691
23693
23695
23698
23700
23701
23704
23706
23708
23710
23712
23713
23716
23718
23720
23721
23724
23725
23728
23729
23732
23734
23736
23738
23740
23742
23744
23745
23747
23749
23751
23754
23756
23757
23759
23761
23764
23765
23768
23769
23771
23774
23775
23777
23780
23781
23784
23786
23788
23789
23791
23794
23796
23798
23799
23802
23803
23805
23807
23810
23811
23813
23815
23818
23820
23822
23824
23826
23828
23830
23832
23834
23835
23838
23839
23842
23844
23845
23847
23849
23852
23854
23856
23857
23859
23861
23863
23865
23867
23870
23872
23874
23876
23878
23879
23882
23883
23886
23887
23889
23891
23893
23896
23898
23900
23901
23904
23905
23907
23909
23912
23914
23916
23917
23920
23922
23923
23926
23927
23929
23931
23933
23936
23937
23940
23942
23943
23946
23947
23949
23952
23953
23956
23958
23960
23962
23964
23965
23968
23969
23972
23973
23976
23978
23979
23981
23983
23985
23987
23990
23992
23994
23995
23997
24000
24002
24004
24006
24008
24009
24011
24014
24015
24017
24019
24021
24024
24025
24028
24029
24031
24034
24035
24038
24040
24041
24043
24046
24047
24049
24051
24054
24056
24057
24059
24062
24063
24065
24068
24070
24072
24074
24075
24078
24080
24082
24083
24086
24087
24089
24092
24093
24096
24097
24099
24101
24104
24105
24108
24110
24111
24113
24115
24117
24120
24121
24124
24126
24128
24129
24131
24133
24136
24138
24139
24141
24143
24146
24148
24149
24151
24154
24155
24157
24159
24161
24163
24165
24168
24170
24172
24174
24176
24178
24180
24182
24183
24186
24187
24189
24192
24193
24196
24197
24200
24201
24204
24205
24208
24210
24212
24213
24215
24217
24219
24221
24223
24225
24228
24230
24232
24233
24236
24238
24240
24241
24244
24246
24247
24249
24251
24253
24255
24257
24259
24261
24264
24266
24268
24269
24271
24274
24275
24278
24279
24282
24283
24285
24288
24289
24292
24294
24296
24298
24299
24301
24303
24306
24307
24310
24312
24314
24316
24317
24319
24321
24323
24325
24328
24330
24332
24333
24335
24337
24339
24342
24344
24345
24348
24350
24351
24353
24355
24358
24360
24362
24363
24365
24367
24370
24371
24374
24376
24377
24379
24382
24384
24386
24387
24390
24391
24394
24395
24398
24399
24402
24404
24405
24407
24409
24411
24414
24415
24417
24419
24421
24423
24425
24427
24429
24431
24434
24436
24437
24440
24442
24444
24445
24447
24450
24451
24453
24456
24457
24459
24462
24464
24466
24468
24469
24471
24474
24475
24478
24480
24481
24483
24485
24488
24489
24491
24493
24495
24498
24499
24502
24503
24506
24508
24509
24511
24514
24516
24518
24519
24521
24524
24526
24527
24530
24531
24534
24536
24538
24540
24542
24543
24545
24547
24550
24551
24553
24555
24558
24559
24562
24563
24565
24568
24569
24571
24574
24576
24577
24579
24582
24583
24585
24587
24590
24591
24594
24596
24597
24600
24601
24603
24605
24607
24610
24611
24613
24616
24618
24620
24621
24623
24625
24628
24630
24631
24633
24636
24637
24640
24642
24643
24645
24648
24650
24651
24654
24656
24658
24659
24662
24664
24665
24668
24670
24672
24674
24675
24677
24680
24682
24684
24685
24688
24689
24691
24694
24695
24697
24699
24702
24703
24705
24708
24710
24711
24713
24715
24718
24719
24722
24723
24725
24727
24729
24732
24734
24735
24737
24739
24741
24744
24745
24748
24749
24752
24754
24755
24758
24759
24761
24764
24766
24767
24769
24771
24773
24775
24777
24779
24782
24783
24785
24787
24790
24791
24793
24795
24798
24799
24801
24804
24806
24807
24810
24811
24813
24815
24817
24819
24821
24823
24825
24827
24829
24831
24834
24835
24838
24840
24841
24844
24845
24847
24849
24851
24854
24856
24857
24859
24861
24864
24865
24867
24869
24872
24873
24875
24878
24879
24881
24883
24885
24887
24890
24891
24894
24896
24897
24900
24901
24904
24905
24907
24909
24912
24913
24916
24918
24919
24921
24923
24925
24928
24929
24931
24934
24936
24938
24939
24941
24943
24945
24948
24949
24951
24953
24956
24958
24959
24961
24964
24965
24967
24969
24972
24974
24976
24977
24980
24981
24983
24985
24987
24990
24991
24994
24996
24998
24999
25002
25004
25005
25008
25009
25012
25013
25016
25017
25019
25022
25023
25026
25028
25029
25032
25033
25036
25037
25040
25042
25043
25046
25048
25050
25052
25054
25055
25058
25059
25061
25064
25066
25068
25069
25071
25073
25076
25078
25080
25082
25083
25086
25087
25090
25091
25093
25096
25098
25099
25102
25104
25106
25107
25110
25111
25113
25116
25118
25120
25122
25124
25126
25127
25130
25132
25134
25136
25138
25139
25141
25143
25146
25148
25150
25152
25154
25156
25158
25160
25161
25163
25166
25167
25170
25171
25173
25175
25178
25180
25181
25184
25185
25188
25189
25192
25194
25195
25197
25199
25201
25203
25206
25208
25210
25212
25213
25215
25218
25220
25222
25224
25225
25227
25229
25232
25234
25236
25238
25240
25241
25243
25246
25247
25250
25252
25253
25255
25257
25259
25262
25264
25266
25268
25269
25272
25273
25275
25278
25279
25282
25283
25285
25287
25290
25291
25293
25296
25297
25299
25302
25304
25305
25308
25309
25311
25314
25315
25317
25320
25321
25324
25325
25327
25330
25332
25334
25335
25338
25339
25341
25343
25346
25348
25350
25351
25354
25356
25357
25360
25362
25363
25365
25367
25369
25372
25374
25376
25377
25380
25382
25384
25385
25387
25389
25392
25393
25395
25397
25399
25402
25404
25405
25407
25410
25412
25413
25416
25417
25419
25422
25424
25426
25427
25430
25432
25434
25435
25437
25440
25441
25443
25445
25448
25449
25451
25454
25456
25457
25459
25461
25464
25466
25468
25469
25471
25473
25476
25478
25480
25481
25484
25486
25487
25490
25491
25494
25496
25497
25500
25501
25504
25505
25508
25509
25511
25513
25516
25517
25519
25521
25523
25526
25528
25529
25532
25534
25536
25537
25539
25542
25543
25545
25547
25549
25551
25553
25556
25557
25559
25561
25563
25565
25568
25569
25572
25574
25576
25577
25579
25581
25583
25586
25587
25589
25591
25594
25596
25597
25599
25602
25603
25606
25607
25610
25612
25614
25615
25618
25620
25621
25623
25625
25627
25630
25631
25634
25636
25638
25640
25642
25644
25646
25647
25649
25651
25653
25656
25657
25660
25661
25664
25666
25667
25669
25671
25673
25675
25677
25679
25682
25683
25685
25687
25689
25691
25693
25695
25697
25699
25702
25704
25705
25707
25710
25711
25713
25715
25718
25720
25721
25723
25726
25727
25730
25732
25733
25736
25737
25740
25742
25743
25746
25748
25749
25751
25753
25756
25757
25760
25762
25764
25765
25767
25769
25771
25774
25775
25778
25779
25781
25784
25786
25787
25790
25791
25793
25796
25797
25800
25801
25803
25806
25808
25810
25812
25813
25816
25817
25819
25821
25824
25825
25827
25830
25832
25833
25835
25838
25840
25842
25844
25846
25848
25849
25852
25854
25856
25857
25859
25861
25863
25865
25867
25869
25872
25873
25875
25878
25879
25881
25883
25885
25887
25889
25892
25893
25895
25897
25900
25901
25904
25906
25907
25910
25911
25914
25915
25918
25919
25922
25923
25925
25927
25929
25932
25934
25935
25937
25939
25941
25943
25946
25948
25950
25951
25954
25955
25958
25959
25962
25963
25965
25968
25970
25972
25974
25975
25977
25980
25981
25983
25986
25988
25990
25992
25993
25996
25997
26000
26002
26003
26005
26007
26010
26012
26014
26016
26018
26020
26021
26023
26025
26027
26029
26031
26034
26035
26037
26039
26042
26044
26045
26047
26049
26051
26054
26055
26057
26060
26062
26063
26065
26068
26070
26072
26073
26075
26077
26079
26081
26084
26086
26088
26090
26092
26094
26095
26098
26099
26102
26103
26106
26108
26109
26112
26113
26115
26117
26120
26122
26123
26126
26127
26129
26131
26134
26135
26137
26139
26141
26144
26146
26148
26150
26152
26154
26155
26158
26160
26162
26164
26165
26168
26169
26171
26174
26176
26178
26180
26181
26184
26186
26188
26189
26192
26193
26196
26197
26200
26201
26203
26205
26208
26209
26212
26213
26215
26218
26220
26222
26224
26225
26228
26229
26231
26233
26236
26237
26240
26241
26243
26245
26248
26250
26251
26253
26255
26257
26260
26262
26263
26266
26268
26269
26271
26274
26275
26277
26279
26281
26283
26286
26287
26289
26292
26294
26295
26297
26299
26302
26303
26306
26308
26310
26312
26313
26315
26318
26319
26321
26324
26325
26327
26330
26332
26333
26336
26337
26339
26342
26343
26346
26347
26349
26352
26353
26355
26357
26359
26362
26363
26365
26367
26370
26372
26374
26375
26378
26380
26381
26384
26385
26388
26390
26392
26393
26395
26397
26399
26401
26404
26405
26408
26410
26411
26414
26416
26417
26419
26422
26424
26425
26427
26430
26431
26434
26435
26438
26440
26442
26444
26446
26448
26449
26451
26453
26455
26457
26459
26462
26463
26465
26467
26469
26472
26473
26476
26478
26479
26481
26483
26486
26487
26490
26491
26493
26496
26498
26499
26502
26504
26506
26508
26509
26512
26513
26515
26517
26520
26521
26523
26525
26528
26530
26531
26534
26536
26538
26539
26542
26544
26545
26548
26550
26552
26554
26555
26558
26560
26561
26564
26566
26568
26570
26571
26574
26575
26577
26580
26581
26584
26586
26587
26590
26591
26593
26596
26598
26600
26602
26603
26605
26607
26610
26612
26614
26615
26617
26620
26622
26624
26625
26628
26629
26632
26634
26635
26637
26639
26641
26643
26646
26648
26649
26651
26653
26656
26658
26659
26662
26664
26665
26667
26669
26672
26674
26676
26678
26679
26681
26684
26686
26687
26689
26691
26693
26695
26698
26700
26701
26703
26706
26707
26710
26711
26713
26715
26717
26720
26721
26724
26725
26728
26730
26732
26733
26735
26738
26740
26741
26743
26746
26747
26750
26752
26753
26755
26758
26760
26761
26764
26766
26768
26769
26771
26773
26776
26778
26779
26782
26783
26786
26787
26790
26792
26794
26795
26798
26800
26802
26804
26806
26808
26809
26812
26814
26815
26817
26820
26821
26823
26826
26827
26830
26832
26833
26836
26838
26840
26842
26843
26846
26847
26850
26851
26853
26855
26858
26860
26862
26864
26866
26868
26870
26871
26873
26875
26877
26879
26882
26883
26885
26888
26889
26892
26893
26896
26898
26900
26902
26903
26905
26907
26910
26911
26914
26916
26918
26920
26922
26923
26926
26928
26930
26932
26933
26935
26937
26940
26941
26944
26945
26947
26950
26951
26953
26956
26958
26960
26962
26963
26965
26967
26970
26971
26973
26976
26977
26979
26981
26983
26985
26987
26989
26991
26993
26995
26997
27000
27001
27003
27005
27008
27009
27011
27014
27015
27017
27020
27022
27023
27025
27027
27030
27031
27034
27036
27037
27039
27041
27044
27046
27047
27049
27051
27054
27055
27058
27060
27062
27064
27065
27067
27070
27071
27073
27076
27077
27079
27081
27083
27086
27088
27089
27092
27093
27096
27098
27100
27102
27103
27105
27108
27110
27112
27114
27116
27117
27119
27122
27123
27126
27128
27129
27132
27133
27135
27137
27140
27141
27144
27146
27147
27150
27151
27154
27155
27157
27159
27161
27164
27166
27167
27169
27171
27173
27176
27178
27180
27182
27183
27185
27188
27189
27192
27193
27196
27198
27199
27201
27203
27205
27207
27210
27211
27214
27215
27218
27220
27221
27223
27225
27227
27229
27231
27233
27236
27237
27239
27241
27244
27245
27247
27249
27251
27253
27256
27258
27260
27261
27263
27265
27267
27269
27271
27274
27275
27278
27280
27281
27284
27285
27288
27289
27291
27293
27296
27297
27299
27302
27304
27306
27308
27310
27312
27314
27316
27317
27320
27321
27323
27325
27327
27329
27331
27333
27335
27337
27340
27341
27343
27345
27347
27349
27352
27353
27356
27358
27359
27361
27364
27366
27367
27369
27372
27373
27376
27377
27379
27381
27384
27385
27388
27389
27391
27394
27395
27397
27400
27401
27404
27406
27408
27409
27411
27413
27416
27417
27420
27422
27424
27426
27428
27429
27432
27433
27435
27437
27439
27442
27444
27445
27447
27450
27452
27454
27455
27458
27459
27462
27464
27465
27468
27469
27472
27474
27475
27477
27480
27482
27483
27485
27488
27489
27491
27493
27495
27498
27499
27501
27504
27505
27508
27509
27511
27514
27515
27518
27520
27521
27523
27526
27527
27530
27532
27534
27535
27538
27540
27542
27544
27546
27548
27549
27552
27554
27556
27557
27559
27562
27563
27565
27568
27570
27571
27573
27576
27577
27580
27582
27583
27586
27588
27590
27592
27593
27596
27597
27600
27601
27603
27606
27608
27609
27612
27614
27615
27618
27619
27622
27623
27626
27627
27630
27632
27633
27636
27638
27640
27642
27644
27645
27647
27649
27651
27653
27656
27658
27659
27662
27663
27665
27667
27670
27672
27674
27675
27678
27679
27681
27684
27686
27688
27690
27692
27693
27695
27697
27699
27702
27703
27706
27708
27709
27711
27714
27716
27717
27719
27721
27723
27726
27728
27730
27731
27734
27736
27738
27740
27742
27743
27745
27748
27750
27751
27754
27755
27758
27759
27761
27763
27765
27767
27769
27771
27773
27775
27778
27779
27782
27783
27785
27788
27790
27791
27793
27796
27797
27799
27801
27803
27805
27807
27810
27812
27813
27816
27817
27820
27822
27823
27826
27827
27829
27832
27833
27836
27838
27840
27842
27844
27846
27848
27849
27852
27854
27855
27857
27860
27862
27863
27865
27868
27870
27872
27874
27875
27877
27880
27882
27883
27886
27887
27890
27892
27894
27895
27897
27899
27901
27904
27906
27907
27910
27912
27913
27916
27918
27919
27921
27924
27925
27927
27929
27932
27934
27936
27937
27940
27942
27943
27945
27948
27949
27952
27954
27956
27958
27960
27961
27963
27965
27967
27969
27971
27974
27975
27977
27979
27981
27984
27986
27988
27990
27992
27994
27996
27998
28000
28001
28003
28005
28008
28009
28012
28013
28015
28017
28019
28021
28024
28025
28027
28030
28031
28033
28036
28038
28040
28041
28044
28046
28048
28050
28051
28054
28055
28058
28059
28061
28063
28066
28068
28069
28071
28073
28075
28077
28080
28081
28083
28085
28087
28089
28091
28093
28095
28098
28099
28101
28104
28105
28108
28109
28112
28113
28116
28118
28120
28121
28124
28125
28128
28129
28131
28134
28135
28138
28139
28142
28143
28145
28148
28149
28151
28154
28156
28158
28159
28161
28164
28166
28168
28170
28172
28174
28175
28178
28180
28182
28184
28186
28188
28189
28192
28193
28195
28198
28200
28201
28204
28206
28208
28209
28211
28214
28216
28217
28220
28222
28223
28226
28228
28230
28231
28234
28236
28237
28240
28242
28243
28246
28247
28250
28252
28254
28256
28257
28260
28262
28264
28265
28267
28269
28271
28274
28276
28277
28279
28282
28284
28286
28287
28290
28291
28293
28295
28298
28299
28302
28303
28306
28308
28310
28311
28314
28316
28317
28320
28322
28324
28325
28327
28329
28331
28334
28336
28337
28339
28342
28343
28345
28347
28350
28352
28354
28356
28357
28359
28361
28364
28365
28368
28370
28372
28374
28376
28377
28379
28382
28383
28385
28388
28390
28391
28394
28396
28397
28399
28401
28403
28406
28407
28410
28411
28414
28415
28418
28419
28422
28423
28425
28428
28430
28432
28434
28436
28438
28439
28441
28444
28446
28447
28449
28452
28454
28456
28457
28460
28461
28463
28466
28468
28469
28472
28473
28475
28478
28479
28482
28484
28486
28487
28490
28491
28494
28495
28498
28500
28502
28503
28505
28508
28509
28512
28513
28515
28517
28519
28522
28523
28525
28527
28530
28532
28533
28535
28537
28539
28542
28544
28546
28547
28549
28551
28553
28556
28557
28559
28561
28564
28565
28568
28569
28571
28573
28575
28577
28579
28582
28584
28585
28588
28589
28592
28594
28595
28598
28600
28602
28604
28606
28608
28609
28611
28613
28615
28617
28620
28622
28623
28625
28628
28630
28632
28633
28635
28637
28640
28641
28644
28645
28648
28649
28651
28654
28656
28657
28659
28661
28664
28665
28668
28669
28672
28674
28675
28678
28680
28682
28684
28685
28688
28690
28691
28693
28696
28698
28699
28701
28704
28706
28707
28710
28711
28714
28715
28717
28719
28721
28724
28726
28727
28730
28732
28734
28735
28737
28740
28742
28744
28745
28748
28749
28752
28753
28755
28758
28759
28762
28764
28765
28767
28769
28772
28774
28775
28777
28779
28781
28784
28785
28788
28789
28791
28793
28795
28797
28800
28801
28804
28805
28808
28810
28811
28814
28816
28818
28819
28821
28824
28825
28828
28829
28831
28833
28835
28838
28839
28842
28844
28845
28847
28849
28851
28854
28856
28858
28859
28861
28863
28865
28867
28870
28872
28873
28875
28877
28879
28881
28883
28885
28888
28890
28891
28894
28895
28898
28900
28902
28904
28905
28907
28909
28911
28913
28916
28917
28920
28921
28924
28926
28928
28930
28932
28934
28935
28938
28939
28942
28943
28946
28947
28949
28951
28954
28956
28958
28959
28962
28964
28966
28968
28969
28972
28973
28976
28977
28979
28981
28983
28985
28988
28990
28991
28993
28995
28997
29000
29002
29004
29006
29007
29009
29011
29014
29015
29018
29020
29022
29023
29025
29028
29030
29031
29033
29035
29038
29039
29041
29044
29046
29047
29049
29052
29053
29056
29058
29059
29062
29063
29065
29068
29070
29072
29073
29075
29078
29080
29081
29083
29085
29087
29089
29092
29094
29096
29098
29100
29102
29104
29105
29107
29110
29111
29114
29115
29118
29120
29122
29123
29126
29127
29130
29131
29133
29136
29137
29139
29141
29144
29146
29147
29150
29152
29153
29156
29157
29160
29162
29163
29166
29167
29170
29171
29173
29176
29177
29179
29181
29184
29186
29187
29189
29191
29194
29196
29198
29199
29201
29203
29206
29207
29210
29211
29213
29216
29217
29220
29221
29224
29225
29228
29230
29231
29234
29236
29237
29239
29241
29244
29246
29247
29249
29252
29254
29256
29257
29259
29262
29263
29265
29268
29270
29271
29274
29275
29278
29280
29281
29283
29285
29287
29290
29291
29293
29295
29298
29300
29302
29304
29306
29308
29310
29311
29313
29315
29317
29320
29321
29324
29325
29327
29330
29332
29333
29335
29337
29339
29342
29344
29345
29348
29349
29352
29354
29355
29357
29360
29362
29364
29365
29368
29369
29371
29374
29375
29378
29380
29381
29383
29385
29387
29390
29391
29394
29395
29397
29399
29402
29404
29406
29407
29409
29412
29413
29416
29418
29420
29421
29423
29426
29428
29429
29432
29433
29436
29437
29440
29441
29443
29446
29448
29450
29452
29453
29456
29457
29459
29462
29463
29466
29468
29470
29471
29473
29476
29477
29479
29481
29484
29486
29488
29489
29492
29494
29495
29497
29499
29501
29504
29505
29507
29510
29512
29513
29516
29517
29519
29522
29523
29525
29527
29529
29532
29533
29535
29537
29539
29542
29543
29545
29548
29549
29552
29554
29556
29557
29560
29562
29564
29566
29567
29569
29572
29574
29576
29577
29579
29582
29584
29585
29587
29589
29591
29594
29595
29598
29599
29601
29603
29606
29607
29610
29611
29614
29615
29617
29620
29622
29623
29626
29627
29629
29631
29633
29636
29638
29639
29642
29644
29645
29647
29649
29651
29654
29656
29658
29659
29662
29664
29666
29667
29669
29672
29674
29675
29677
29679
29682
29684
29686
29688
29690
29691
29693
29695
29698
29700
29701
29703
29705
29707
29709
29712
29713
29716
29718
29719
29722
29724
29725
29728
29730
29732
29733
29736
29738
29739
29741
29744
29745
29748
29750
29751
29754
29756
29758
29760
29762
29764
29766
29767
29769
29772
29773
29776
29778
29779
29781
29783
29785
29788
29789
29791
29793
29796
29797
29799
29802
29804
29805
29807
29809
29811
29814
29815
29818
29820
29822
29823
29825
29828
29829
29831
29833
29835
29837
29840
29841
29844
29845
29847
29849
29852
29853
29856
29857
29860
29861
29863
29866
29867
29869
29871
29873
29876
29877
29879
29882
29883
29885
29887
29890
29892
29894
29896
29897
29899
29901
29903
29906
29908
29910
29912
29914
29916
29918
29919
29921
29924
29926
29927
29930
29931
29934
29935
29938
29939
29942
29943
29946
29948
29949
29951
29953
29956
29957
29959
29962
29964
29966
29968
29969
29971
29974
29975
29978
29979
29981
29984
29985
29988
29990
29991
29994
29996
29998
30000
30002
30004
30005
30008
30009
30011
30013
30015
30017
30019
30022
30024
30025
30027
30029
30031
30034
30035
30037
30039
30041
30043
30045
30047
30049
30052
30053
30055
30057
30059
30061
30063
30066
30068
30069
30071
30073
30075
30077
30079
30081
30083
30085
30088
30090
30091
30094
30096
30098
30100
30102
30104
30106
30108
30109
30111
30113
30115
30118
30120
30122
30123
30126
30127
30129
30131
30133
30136
30137
30140
30141
30143
30145
30147
30149
30152
30153
30155
30158
30159
30162
30163
30166
30167
30170
30171
30173
30175
30178
30180
30182
30184
30186
30187
30190
30192
30193
30196
30197
30199
30201
30204
30205
30207
30209
30212
30213
30215
30218
30219
30222
30223
30226
30227
30230
30231
30233
30235
30237
30240
30241
30244
30245
30247
30250
30252
30254
30255
30258
30260
30262
30263
30265
30268
30269
30271
30274
30275
30278
30279
30282
30284
30286
30288
30290
30292
30294
30296
30297
30299
30301
30304
30305
30307
30310
30311
30314
30316
30317
30319
30322
30323
30325
30327
30329
30332
30334
30335
30338
30339
30342
30343
30346
30348
30350
30352
30354
30356
30357
30360
30361
30364
30366
30368
30370
30371
30373
30375
30377
30379
30381
30384
30386
30387
30390
30391
30393
30395
30398
30399
30401
30404
30405
30407
30410
30412
30413
30416
30418
30419
30422
30424
30426
30427
30429
30431
30434
30436
30437
30440
30441
30444
30446
30447
30450
30452
30454
30456
30458
30460
30462
30463
30466
30467
30469
30472
30474
30475
30477
30479
30482
30484
30486
30488
30489
30491
30493
30495
30498
30499
30502
30504
30506
30508
30509
30512
30514
30516
30518
30520
30521
30523
30525
30528
30529
30531
30533
30536
30538
30540
30541
30544
30545
30547
30550
30552
30554
30555
30558
30559
30562
30564
30565
30568
30570
30571
30574
30576
30578
30579
30581
30583
30585
30587
30590
30592
30594
30596
30598
30600
30602
30604
30606
30607
30609
30611
30613
30616
30618
30619
30622
30624
30626
30628
30629
30631
30634
30635
30638
30639
30642
30644
30645
30647
30649
30651
30654
30655
30658
30659
30662
30663
30666
30668
30670
30671
30673
30676
30677
30679
30682
30684
30686
30687
30689
30691
30693
30696
30697
30699
30701
30703
30705
30708
30710
30711
30714
30716
30718
30719
30721
30723
30726
30728
30729
30731
30734
30735
30738
30739
30742
30744
30745
30747
30750
30752
30753
30755
30757
30759
30762
30764
30766
30768
30769
30772
30773
30776
30778
30780
30781
30784
30785
30787
30789
30792
30793
30795
30798
30799
30802
30804
30806
30807
30810
30812
30814
30816
30818
30819
30822
30824
30825
30827
30829
30832
30833
30836
30838
30840
30841
30844
30846
30847
30850
30852
30854
30855
30857
30859
30861
30864
30865
30868
30870
30872
30873
30875
30877
30879
30882
30883
30885
30888
30889
30892
30893
30896
30897
30899
30901
30904
30905
30908
30910
30912
30914
30915
30918
30919
30922
30923
30926
30927
30929
30931
30934
30936
30937
30939
30942
30944
30946
30947
30950
30952
30954
30956
30958
30959
30962
30964
30965
30968
30970
30972
30974
30976
30978
30979
30981
30983
30985
30987
30990
30992
30994
30995
30997
30999
31001
31004
31006
31007
31009
31012
31014
31015
31018
31020
31022
31024
31025
31028
31029
31032
31034
31036
31038
31039
31042
31043
31046
31047
31049
31052
31053
31056
31057
31060
31061
31064
31065
31067
31069
31072
31074
31076
31078
31080
31081
31084
31086
31088
31090
31092
31094
31095
31097
31100
31101
31103
31106
31107
31110
31112
31113
31115
31118
31120
31122
31123
31125
31127
31130
31131
31134
31136
31138
31139
31141
31144
31145
31148
31149
31152
31154
31155
31157
31159
31161
31164
31166
31168
31169
31171
31173
31175
31177
31179
31181
31183
31185
31188
31189
31191
31193
31196
31198
31200
31201
31203
31206
31207
31209
31211
31213
31216
31218
31220
31221
31224
31225
31227
31229
31231
31234
31235
31237
31239
31242
31244
31246
31247
31250
31251
31254
31256
31257
31260
31262
31264
31265
31267
31269
31271
31274
31275
31277
31279
31282
31283
31286
31288
31289
31292
31293
31296
31298
31300
31302
31303
31306
31307
31310
31312
31313
31316
31318
31320
31322
31323
31325
31328
31330
31332
31333
31336
31338
31340
31341
31343
31346
31347
31350
31352
31353
31356
31358
31359
31362
31364
31366
31367
31370
31372
31373
31376
31377
31379
31381
31383
31385
31387
31389
31391
31394
31395
31397
31399
31402
31403
31406
31407
31410
31411
31413
31415
31417
31420
31421
31424
31426
31428
31430
31432
31433
31435
31437
31440
31441
31444
31446
31448
31449
31452
31453
31456
31458
31460
31462
31463
31465
31468
31469
31472
31474
31475
31477
31480
31481
31483
31485
31487
31490
31491
31494
31496
31497
31499
31502
31504
31505
31507
31510
31511
31514
31515
31517
31519
31521
31523
31525
31528
31529
31532
31533
31535
31537
31540
31541
31544
31545
31547
31550
31552
31554
31556
31558
31560
31561
31564
31565
31567
31569
31571
31573
31576
31577
31580
31582
31583
31586
31587
31590
31591
31593
31596
31597
31600
31601
31604
31605
31608
31610
31612
31613
31615
31617
31620
31621
31623
31625
31628
31629
31631
31634
31636
31637
31640
31641
31644
31645
31648
31649
31651
31654
31656
31657
31660
31661
31663
31666
31668
31670
31671
31673
31675
31678
31679
31681
31684
31685
31687
31689
31691
31694
31696
31698
31699
31702
31703
31706
31708
31709
31711
31714
31715
31718
31719
31721
31723
31725
31728
31730
31732
31733
31735
31737
31739
31742
31743
31745
31747
31750
31751
31754
31756
31757
31760
31762
31764
31765
31768
31770
31771
31773
31776
31777
31780
31782
31783
31786
31787
31790
31791
31793
31795
31797
31799
31802
31803
31805
31808
31810
31811
31814
31816
31818
31820
31821
31824
31825
31828
31830
31831
31834
31836
31837
31839
31842
31843
31845
31847
31849
31852
31854
31856
31857
31859
31862
31863
31865
31867
31869
31871
31873
31876
31877
31880
31882
31883
31885
31887
31889
31892
31893
31895
31898
31900
31902
31904
31906
31908
31910
31912
31914
31916
31917
31919
31922
31923
31926
31927
31930
31931
31933
31935
31938
31940
31942
31944
31945
31947
31950
31952
31953
31956
31957
31960
31962
31963
31966
31967
31969
31972
31973
31975
31977
31979
31981
31983
31986
31988
31990
31991
31994
31995
31998
31999
32001
32004
32005
32008
32009
32012
32013
32016
32017
32019
32022
32024
32025
32027
32030
32031
32034
32036
32037
32039
32042
32043
32045
32048
32050
32052
32053
32055
32057
32059
32061
32063
32065
32068
32070
32071
32074
32075
32077
32080
32082
32083
32085
32088
32089
32091
32093
32096
32098
32100
32102
32104
32106
32107
32110
32111
32114
32116
32118
32120
32122
32123
32125
32128
32129
32132
32134
32136
32137
32139
32142
32143
32145
32148
32150
32152
32153
32155
32158
32159
32161
32164
32165
32167
32169
32171
32173
32176
32178
32180
32181
32183
32185
32187
32190
32191
32194
32196
32197
32200
32202
32203
32205
32208
32210
32212
32213
32216
32217
32219
32222
32223
32225
32228
32230
32231
32234
32235
32238
32240
32242
32243
32246
32248
32250
32252
32253
32255
32258
32260
32262
32263
32266
32267
32269
32272
32273
32275
32277
32280
32281
32283
32286
32288
32290
32292
32294
32296
32297
32299
32302
32304
32305
32307
32310
32312
32313
32315
32318
32320
32321
32324
32325
32328
32329
32331
32333
32336
32337
32340
32342
32343
32346
32347
32349
32352
32353
32356
32358
32360
32361
32364
32366
32367
32370
32372
32374
32376
32378
32379
32381
32383
32386
32388
32390
32392
32393
32396
32397
32400
32402
32404
32405
32407
32409
32412
32413
32415
32417
32420
32422
32423
32425
32428
32429
32432
32433
32436
32438
32439
32442
32443
32446
32447
32449
32452
32453
32456
32457
32460
32462
32463
32466
32468
32469
32471
32474
32475
32478
32480
32481
32484
32486
32487
32490
32491
32494
32496
32497
32500
32502
32503
32506
32508
32509
32512
32513
32515
32517
32520
32521
32524
32525
32528
32529
32531
32534
32535
32538
32540
32542
32544
32545
32547
32549
32551
32553
32556
32558
32559
32561
32564
32565
32568
32569
32571
32573
32575
32578
32579
32582
32584
32585
32588
32589
32592
32593
32596
32598
32600
32602
32604
32605
32608
32609
32611
32613
32615
32617
32620
32622
32623
32626
32627
32629
32631
32634
32635
32638
32640
32642
32643
32646
32647
32650
32652
32653
32655
32657
32660
32662
32663
32666
32667
32670
32672
32674
32675
32677
32680
32681
32684
32685
32687
32690
32692
32694
32696
32697
32700
32701
32704
32706
32707
32709
32711
32713
32715
32718
32719
32721
32724
32725
32728
32730
32731
32734
32736
32738
32740
32742
32744
32745
32747
32750
32751
32754
32756
32757
32760
32761
32763
32765
