s vc 4579 2966
1
2
3
4
8
10
13
17
20
23
24
26
28
29
30
34
37
40
44
46
47
49
53
61
62
63
65
68
70
73
75
77
78
80
81
82
89
91
94
96
98
100
106
108
110
111
113
114
115
116
118
121
123
124
126
127
128
130
131
132
134
135
139
140
143
144
146
147
150
151
153
155
156
157
160
161
162
165
167
168
169
170
171
172
173
175
178
179
180
181
182
183
188
190
193
194
198
199
200
201
203
205
207
208
210
213
214
216
222
224
232
234
235
237
239
240
241
242
243
244
248
250
251
252
253
255
257
259
262
263
264
266
267
269
271
272
273
275
277
278
280
281
282
283
285
287
288
290
292
293
294
296
297
298
301
302
304
305
306
308
310
311
312
314
316
317
319
320
321
322
324
325
327
329
330
332
334
335
336
338
339
340
343
344
346
347
348
350
351
353
355
356
357
358
361
362
364
365
366
368
369
371
373
374
375
377
378
380
381
382
384
386
388
389
390
392
393
394
396
398
399
401
402
403
406
407
408
409
412
413
414
416
417
419
420
421
424
425
426
427
430
431
433
434
435
437
438
440
441
443
444
446
447
448
450
452
453
455
457
458
459
460
463
464
466
467
469
470
472
473
475
476
478
479
481
482
484
485
486
488
490
491
492
493
496
497
498
499
501
503
505
506
508
509
511
512
513
515
516
517
519
521
523
524
526
527
528
529
532
533
535
536
538
539
541
542
544
545
546
547
550
551
553
554
556
557
559
560
561
562
564
565
568
569
571
572
574
575
577
578
580
581
583
584
585
586
589
590
592
593
594
595
597
599
600
602
604
605
607
608
609
611
612
614
616
617
618
620
622
623
625
626
627
628
631
632
633
634
636
638
640
641
643
644
645
647
649
650
652
653
655
656
658
659
660
662
664
665
667
668
669
671
673
674
675
676
679
680
682
683
685
686
688
689
690
692
693
694
697
698
699
701
702
703
706
707
708
709
712
713
715
716
718
719
721
722
723
725
726
728
729
731
732
733
736
737
738
739
742
743
744
746
748
749
750
751
753
755
756
758
760
761
763
764
766
767
768
770
771
773
774
776
777
779
780
782
783
785
786
788
789
791
792
793
795
797
798
800
802
803
805
806
807
808
810
811
814
815
816
817
820
821
822
824
825
827
828
829
832
833
834
836
837
839
840
841
843
845
847
848
850
851
852
854
855
856
858
860
862
863
864
865
867
868
870
871
873
875
876
877
879
881
883
884
886
887
889
890
892
893
895
896
897
899
901
902
904
905
907
908
909
911
912
913
916
917
918
920
922
923
925
926
927
928
931
932
934
935
936
937
940
941
942
944
945
947
948
949
951
953
954
955
958
959
961
962
963
965
966
967
970
971
973
974
976
977
978
979
982
983
984
986
987
988
990
991
993
994
996
998
1000
1001
1003
1004
1006
1007
1009
1010
1011
1012
1014
1016
1018
1019
1020
1021
1023
1024
1027
1028
1029
1031
1033
1034
1036
1037
1038
1040
1041
1043
1044
1045
1048
1049
1051
1052
1053
1055
1057
1058
1059
1061
1063
1064
1065
1067
1069
1070
1072
1073
1075
1076
1077
1079
1081
1082
1084
1085
1086
1088
1089
1091
1093
1094
1095
1097
1099
1100
1101
1103
1104
1106
1107
1109
1110
1112
1113
1115
1117
1118
1119
1120
1122
1123
1126
1127
1129
1130
1132
1133
1135
1136
1137
1138
1141
1142
1143
1145
1147
1148
1149
1150
1152
1153
1156
1157
1158
1159
1161
1163
1164
1166
1167
1168
1170
1172
1173
1175
1176
1177
1179
1181
1183
1184
1186
1187
1189
1190
1192
1193
1195
1196
1197
1198
1201
1202
1203
1204
1207
1208
1210
1211
1213
1214
1215
1216
1218
1219
1222
1223
1224
1225
1227
1228
1231
1232
1233
1235
1237
1238
1239
1240
1243
1244
1246
1247
1248
1250
1252
1253
1255
1256
1258
1259
1261
1262
1264
1265
1267
1268
1269
1271
1272
1273
1276
1277
1279
1280
1281
1283
1284
1285
1287
1288
1290
1292
1294
1295
1296
1297
1299
1301
1303
1304
1305
1307
1308
1310
1312
1313
1314
1316
1317
1318
1320
1321
1323
1325
1326
1328
1329
1331
1332
1333
1335
1336
1339
1340
1341
1343
1345
1346
1348
1349
1350
1352
1353
1355
1357
1358
1360
1361
1363
1364
1366
1367
1368
1370
1372
1373
1375
1376
1377
1379
1381
1382
1383
1385
1386
1387
1389
1391
1393
1394
1396
1397
1398
1400
1401
1403
1405
1406
1407
1408
1410
1411
1414
1415
1416
1418
1420
1421
1423
1424
1426
1427
1429
1430
1431
1432
1435
1436
1438
1439
1441
1442
1444
1445
1447
1448
1449
1450
1452
1454
1455
1457
1458
1460
1461
1463
1464
1466
1468
1469
1470
1472
1473
1475
1477
1478
1479
1480
1482
1484
1486
1487
1488
1489
1492
1493
1495
1496
1498
1499
1501
1502
1504
1505
1507
1508
1509
1511
1513
1514
1516
1517
1519
1520
1521
1523
1525
1526
1527
1529
1531
1532
1533
1535
1536
1538
1539
1541
1543
1544
1545
1546
1549
1550
1551
1553
1554
1555
1557
1558
1561
1562
1564
1565
1566
1567
1569
1571
1573
1574
1575
1577
1578
1580
1582
1583
1584
1586
1588
1589
1591
1592
1594
1595
1597
1598
1599
1601
1603
1604
1606
1607
1609
1610
1611
1612
1614
1616
1618
1619
1620
1621
1623
1624
1626
1628
1630
1631
1632
1634
1636
1637
1638
1640
1641
1643
1645
1646
1647
1649
1651
1652
1654
1655
1656
1658
1660
1661
1662
1664
1666
1667
1668
1670
1671
1673
1674
1676
1678
1679
1680
1681
1684
1685
1686
1688
1690
1691
1693
1694
1695
1696
1699
1700
1701
1702
1704
1706
1708
1709
1710
1711
1714
1715
1717
1718
1720
1721
1723
1724
1726
1727
1728
1729
1731
1733
1734
1735
1737
1739
1741
1742
1744
1745
1746
1748
1749
1750
1753
1754
1756
1757
1759
1760
1762
1763
1764
1765
1767
1768
1771
1772
1774
1775
1776
1777
1779
1780
1782
1784
1785
1786
1788
1789
1792
1793
1794
1796
1798
1799
1800
1802
1803
1805
1806
1808
1810
1811
1812
1814
1816
1817
1818
1819
1822
1823
1824
1826
1828
1829
1830
1832
1833
1835
1836
1837
1840
1841
1842
1843
1845
1846
1848
1850
1851
1853
1854
1856
1858
1859
1860
1862
1863
1865
1867
1868
1869
1871
1872
1874
1875
1877
1879
1880
1882
1883
1884
1885
1887
1889
1891
1892
1893
1895
1896
1897
1899
1900
1902
1904
1906
1907
1908
1910
1911
1912
1915
1916
1918
1919
1921
1922
1923
1924
1927
1928
1930
1931
1932
1933
1935
1937
1939
1940
1941
1942
1944
1946
1948
1949
1950
1951
1954
1955
1957
1958
1959
1961
1962
1963
1966
1967
1969
1970
1972
1973
1974
1975
1977
1978
1980
1982
1984
1985
1987
1988
1990
1991
1993
1994
1995
1997
1999
2000
2001
2003
2005
2006
2007
2008
2011
2012
2014
2015
2016
2018
2020
2021
2022
2024
2025
2027
2029
2030
2031
2032
2034
2036
2038
2039
2041
2042
2043
2044
2047
2048
2049
2050
2053
2054
2056
2057
2059
2060
2061
2063
2064
2065
2067
2069
2071
2072
2074
2075
2077
2078
2080
2081
2083
2084
2085
2087
2089
2090
2091
2093
2095
2096
2098
2099
2100
2102
2103
2105
2107
2108
2109
2110
2113
2114
2115
2117
2118
2120
2122
2123
2125
2126
2127
2129
2131
2132
2134
2135
2136
2137
2140
2141
2143
2144
2145
2147
2148
2150
2151
2153
2155
2156
2158
2159
2161
2162
2163
2165
2167
2168
2169
2170
2173
2174
2176
2177
2179
2180
2181
2182
2185
2186
2188
2189
2190
2191
2193
2194
2196
2198
2199
2200
2203
2204
2205
2207
2208
2209
2212
2213
2214
2215
2217
2218
2220
2222
2223
2225
2226
2228
2229
2231
2233
2234
2236
2237
2239
2240
2242
2243
2244
2245
2248
2249
2250
2252
2253
2254
2256
2258
2260
2261
2263
2264
2266
2267
2269
2270
2271
2272
2275
2276
2278
2279
2281
2282
2283
2285
2287
2288
2289
2290
2292
2293
2296
2297
2298
2300
2302
2303
2305
2306
2308
2309
2310
2312
2313
2315
2316
2317
2319
2320
2323
2324
2326
2327
2329
2330
2332
2333
2334
2335
2338
2339
2341
2342
2344
2345
2347
2348
2350
2351
2352
2354
2355
2357
2358
2360
2362
2363
2365
2366
2367
2369
2370
2372
2374
2375
2376
2378
2380
2381
2383
2384
2385
2387
2388
2390
2392
2393
2395
2396
2398
2399
2401
2402
2404
2405
2407
2408
2409
2410
2413
2414
2415
2417
2418
2419
2421
2423
2425
2426
2428
2429
2430
2431
2434
2435
2436
2438
2440
2441
2443
2444
2446
2447
2448
2449
2451
2453
2455
2456
2457
2459
2461
2462
2463
2464
2467
2468
2470
2471
2472
2474
2475
2477
2478
2480
2481
2483
2484
2485
2487
2489
2490
2491
2494
2495
2496
2497
2500
2501
2502
2503
2505
2506
2508
2510
2511
2513
2514
2516
2518
2519
2521
2522
2524
2525
2527
2528
2529
2531
2533
2534
2536
2537
2539
2540
2542
2543
2545
2546
2547
2549
2550
2552
2553
2554
2557
2558
2559
2560
2562
2564
2565
2566
2568
2570
2571
2573
2575
2576
2577
2579
2580
2581
2584
2585
2586
2588
2590
2591
2593
2594
2595
2596
2599
2600
2602
2603
2605
2606
2607
2608
2610
2612
2613
2615
2617
2618
2620
2621
2622
2623
2626
2627
2629
2630
2632
2633
2634
2635
2637
2639
2640
2641
2644
2645
2646
2647
2649
2651
2652
2654
2656
2657
2658
2660
2661
2663
2664
2665
2668
2669
2671
2672
2673
2675
2677
2678
2679
2680
2682
2683
2685
2687
2689
2690
2691
2692
2694
2695
2697
2699
2700
2702
2703
2704
2706
2708
2710
2711
2713
2714
2716
2717
2719
2720
2721
2722
2725
2726
2728
2729
2730
2732
2734
2735
2736
2738
2740
2741
2743
2744
2745
2747
2749
2750
2751
2753
2755
2756
2757
2759
2760
2762
2764
2765
2767
2768
2769
2771
2772
2773
2776
2777
2778
2779
2782
2783
2785
2786
2787
2789
2790
2792
2794
2795
2796
2797
2799
2801
2802
2804
2806
2807
2808
2810
2811
2813
2814
2816
2817
2819
2821
2822
2824
2825
2826
2827
2830
2831
2832
2834
2836
2837
2839
2840
2841
2843
2845
2846
2848
2849
2851
2852
2853
2854
2857
2858
2860
2861
2863
2864
2866
2867
2868
2870
2871
2872
2875
2876
2878
2879
2880
2881
2883
2885
2887
2888
2889
2891
2893
2894
2896
2897
2899
2900
2901
2903
2904
2905
2908
2909
2911
2912
2914
2915
2917
2918
2919
2920
2923
2924
2925
2927
2929
2930
2932
2933
2934
2936
2937
2939
2941
2942
2944
2945
2947
2948
2950
2951
2952
2954
2955
2956
2958
2959
2962
2963
2965
2966
2967
2969
2970
2972
2973
2975
2977
2978
2979
2981
2983
2984
2986
2987
2989
2990
2991
2993
2995
2996
2997
2999
3001
3002
3004
3005
3007
3008
3009
3011
3013
3014
3016
3017
3018
3019
3021
3022
3025
3026
3027
3029
3030
3032
3033
3035
3036
3037
3039
3041
3042
3044
3045
3046
3049
3050
3052
3053
3055
3056
3058
3059
3060
3062
3064
3065
3066
3067
3069
3070
3073
3074
3075
3076
3079
3080
3082
3083
3084
3086
3088
3089
3091
3092
3093
3095
3096
3098
3100
3101
3102
3104
3105
3107
3108
3110
3112
3113
3115
3116
3118
3119
3120
3121
3123
3124
3126
3127
3129
3131
3133
3134
3135
3136
3138
3140
3141
3143
3145
3146
3148
3149
3151
3152
3154
3155
3156
3158
3160
3161
3163
3164
3165
3166
3168
3170
3172
3173
3174
3176
3178
3179
3180
3181
3184
3185
3187
3188
3190
3191
3192
3194
3195
3197
3199
3200
3202
3203
3205
3206
3207
3209
3210
3212
3214
3215
3216
3217
3220
3221
3222
3223
3226
3227
3228
3230
3231
3232
3234
3236
3237
3239
3241
3242
3244
3245
3246
3248
3250
3251
3253
3254
3255
3257
3258
3259
3261
3263
3265
3266
3268
3269
3271
3272
3274
3275
3277
3278
3279
3280
3283
3284
3285
3287
3289
3290
3291
3293
3295
3296
3298
3299
3300
3302
3303
3305
3307
3308
3310
3311
3312
3313
3316
3317
3319
3320
3321
3323
3324
3325
3327
3329
3331
3332
3333
3334
3337
3338
3340
3341
3343
3344
3346
3347
3349
3350
3351
3352
3354
3356
3358
3359
3361
3362
3364
3365
3366
3368
3369
3371
3373
3374
3376
3377
3378
3380
3381
3382
3385
3386
3387
3389
3391
3392
3394
3395
3397
3398
3400
3401
3402
3404
3405
3407
3409
3410
3412
3413
3415
3416
3418
3419
3420
3422
3423
3425
3426
3428
3429
3431
3432
3433
3435
3437
3438
3439
3441
3442
3445
3446
3448
3449
3450
3451
3454
3455
3456
3457
3460
3461
3463
3464
3465
3467
3469
3470
3472
3473
3474
3475
3477
3478
3481
3482
3483
3484
3486
3488
3489
3491
3493
3494
3495
3497
3498
3499
3502
3503
3505
3506
3507
3508
3510
3511
3513
3514
3517
3518
3519
3521
3522
3524
3525
3527
3528
3530
3532
3533
3534
3536
3537
3538
3540
3542
3543
3545
3546
3548
3549
3551
3552
3553
3556
3557
3559
3560
3562
3563
3564
3565
3568
3569
3571
3572
3574
3575
3577
3578
3580
3581
3582
3583
3585
3586
3588
3590
3592
3593
3595
3596
3597
3598
3600
3601
3604
3605
3607
3608
3610
3611
3612
3614
3616
3617
3618
3620
3621
3622
3625
3626
3628
3629
3630
3632
3633
3635
3637
3638
3640
3641
3643
3644
3646
3647
3649
3650
3651
3653
3655
3656
3658
3659
3660
3662
3663
3664
3666
3668
3670
3671
3672
3674
3675
3677
3679
3680
3682
3683
3685
3686
3687
3688
3691
3692
3693
3695
3696
3697
3699
3701
3703
3704
3706
3707
3709
3710
3711
3713
3715
3716
3717
3718
3721
3722
3724
3725
3726
3728
3729
3731
3733
3734
3736
3737
3738
3740
3742
3743
3744
3745
3747
3748
3750
3752
3753
3755
3756
3758
3759
3761
3762
3764
3766
3767
3769
3770
3772
3773
3775
3776
3777
3779
3780
3781
3784
3785
3787
3788
3789
3791
3793
3794
3795
3797
3799
3800
3801
3802
3804
3806
3807
3808
3810
3812
3814
3815
3816
3817
3819
3821
3823
3824
3826
3827
3829
3830
3831
3833
3834
3836
3837
3838
3840
3842
3844
3845
3846
3847
3849
3851
3852
3854
3855
3857
3858
3860
3861
3862
3865
3866
3868
3869
3870
3872
3873
3875
3877
3878
3880
3881
3882
3884
3886
3887
3889
3890
3891
3892
3894
3896
3898
3899
3900
3901
3904
3905
3906
3908
3909
3910
3912
3914
3916
3917
3918
3919
3921
3923
3925
3926
3927
3928
3930
3931
3934
3935
3936
3937
3939
3941
3942
3944
3946
3947
3948
3950
3952
3953
3955
3956
3958
3959
3960
3962
3963
3964
3967
3968
3970
3971
3973
3974
3975
3977
3979
3980
3982
3983
3985
3986
3987
3988
3990
3991
3994
3995
3996
3997
3999
4001
4002
4004
4006
4007
4008
4009
4011
4012
4015
4016
4017
4019
4020
4022
4024
4025
4026
4028
4029
4030
4033
4034
4036
4037
4039
4040
4041
4042
4045
4046
4047
4049
4051
4052
4053
4054
4056
4058
4059
4060
4063
4064
4065
4067
4068
4070
4072
4073
4075
4076
4077
4078
4080
4081
4083
4085
4086
4088
4090
4091
4092
4094
4095
4096
4098
4099
4102
4103
4105
4106
4108
4109
4110
4112
4114
4115
4117
4118
4120
4121
4123
4124
4126
4127
4128
4130
4131
4133
4134
4136
4138
4139
4141
4142
4143
4145
4147
4148
4149
4151
4152
4153
4156
4157
4158
4160
4161
4162
4164
4165
4167
4169
4171
4172
4173
4175
4176
4178
4179
4181
4183
4184
4186
4187
4188
4190
4192
4193
4194
4196
4198
4199
4200
4201
4204
4205
4206
4207
4210
4211
4212
4214
4215
4216
4219
4220
4222
4223
4224
4226
4228
4229
4230
4232
4234
4235
4237
4238
4239
4241
4242
4244
4246
4247
4248
4249
4251
4252
4254
4256
4258
4259
4261
4262
4264
4265
4266
4267
4270
4271
4273
4274
4276
4277
4279
4280
4282
4283
4285
4286
4287
4289
4291
4292
4294
4295
4296
4298
4299
4301
4303
4304
4305
4306
4308
4309
4312
4313
4314
4315
4318
4319
4324
4325
4326
4328
4330
4331
4333
4334
4335
4337
4338
4340
4341
4344
4346
4350
4351
4352
4354
4355
4357
4358
4360
4361
4362
4364
4367
4369
4370
4371
4373
4374
4375
4376
4377
4378
4379
4383
4385
4386
4388
4390
4391
4393
4395
4398
4402
4403
4404
4405
4406
4407
4409
4411
4412
4414
4416
4418
4420
4421
4422
4423
4424
4426
4428
4431
4436
4438
4439
4441
4444
4448
4452
4455
4456
4457
4460
4461
4464
4467
4468
4471
4473
4477
4478
4482
4483
4485
4493
4495
4496
4503
4504
4505
4506
4508
4510
4511
4514
4515
4516
4521
4523
4525
4528
4530
4531
4534
4536
4537
4538
4539
4540
4542
4544
4545
4546
4547
4548
4549
4550
4552
4555
4557
4564
4565
4566
4568
4573
4575
4577
4579
