s vc 200 143
2
3
4
5
6
7
8
9
10
11
12
13
14
16
17
19
20
21
22
23
24
25
26
27
28
29
30
31
32
33
34
35
36
38
39
40
41
42
43
44
45
48
50
52
53
54
55
56
57
58
59
60
62
64
65
66
68
69
70
72
73
74
75
76
79
80
82
86
87
88
90
94
95
96
99
100
101
102
103
104
107
108
111
112
113
115
116
117
118
119
120
121
122
123
124
126
129
130
132
133
134
137
138
140
141
142
143
144
145
146
149
150
152
153
156
157
159
160
161
163
165
166
167
168
169
171
172
173
174
176
179
183
184
186
187
189
190
191
192
194
195
197
199
