s vc 200 144
1
2
5
6
7
8
9
10
11
12
13
14
15
17
18
19
21
22
25
27
31
32
33
34
35
36
37
38
40
41
43
44
46
48
49
50
51
52
54
56
57
58
59
60
61
62
63
64
65
66
67
68
69
71
72
73
75
76
77
78
80
81
82
83
84
85
86
87
88
90
91
93
94
95
96
97
98
100
103
104
105
106
108
109
111
112
113
114
116
117
118
119
122
123
124
126
127
128
129
131
132
133
135
136
138
140
141
142
143
145
146
147
148
151
153
155
156
158
159
161
162
164
166
170
171
175
176
177
178
180
181
182
183
184
185
187
188
189
190
191
193
195
198
200
