s vc 9877 4981
8193
2
3
4
5
6
7
8
8194
8198
11
12
8199
14
15
16
8207
18
8208
20
8210
22
8211
24
25
26
27
28
29
30
31
32
8220
8224
8226
37
8229
8230
40
41
8232
43
8233
45
8236
47
48
8237
50
51
8240
53
54
8242
56
8244
58
59
8246
61
62
63
8247
65
66
8251
68
8252
8256
71
72
73
74
75
8263
77
78
79
8265
81
82
83
8267
8268
86
87
88
89
90
91
92
93
94
95
8279
97
98
99
100
8284
102
103
8287
8292
107
108
8299
110
111
8302
113
114
8303
116
118
8310
120
121
8311
123
124
8315
126
127
8316
129
130
131
132
133
8318
135
136
8320
138
139
8325
141
142
143
144
8329
146
8334
148
8339
8340
8341
152
153
154
155
156
157
8346
159
160
8349
162
8355
164
165
166
167
168
169
8358
171
172
173
174
175
176
177
178
179
180
181
182
183
184
185
186
187
188
189
190
191
192
193
194
195
8381
197
8382
199
8385
201
202
8387
204
205
8389
207
208
209
210
211
212
8397
8398
215
216
217
8402
219
220
221
222
223
224
8409
226
8413
228
8415
230
231
232
233
234
235
8419
8426
238
239
8427
241
242
243
244
245
246
247
248
8432
8436
251
252
253
8438
255
8440
257
258
259
8448
8452
262
263
8454
265
266
267
268
8456
8459
8461
273
274
275
276
277
278
279
280
281
282
283
8468
8474
286
8476
8477
8481
290
291
292
8482
294
295
296
297
298
299
8484
8489
302
303
304
305
306
307
8492
309
310
311
8504
313
315
317
8510
320
321
8513
323
324
8515
326
8518
328
329
330
331
332
8524
8526
335
336
337
338
339
340
8527
8530
8531
344
8534
346
8536
8537
349
8538
351
352
8541
354
355
356
8212
358
8542
8544
8547
362
363
364
365
8213
8214
368
8552
370
371
372
373
8559
375
8561
377
378
8563
380
381
382
8567
384
385
8569
387
8572
8574
390
8577
392
8580
394
8586
8587
397
398
399
400
401
402
8588
404
8595
406
8596
408
409
8599
411
412
8601
414
415
416
8604
418
419
8606
421
422
423
424
425
8609
427
8612
8614
8615
431
433
434
435
436
437
438
8625
440
8626
442
8629
444
8630
446
8633
448
449
450
8634
452
453
454
455
8644
457
458
459
460
461
462
8647
464
465
466
467
468
8654
8657
471
472
473
474
8660
476
477
8664
479
480
8667
482
483
8668
485
486
487
8675
489
490
491
8681
493
494
8685
496
497
8689
499
500
501
502
8693
504
505
506
8697
508
509
510
511
513
515
516
8709
518
8710
520
521
522
8713
525
526
8718
528
529
8721
531
532
533
534
535
8723
537
538
8248
8728
541
542
543
8729
545
546
547
548
549
8735
551
552
8737
554
8739
556
557
8743
559
8747
561
562
8752
564
565
8754
567
568
569
8756
571
8760
573
574
575
576
8762
8763
579
580
8766
582
583
584
8770
586
587
588
589
590
8258
592
593
594
595
596
8783
598
599
600
601
602
603
604
605
606
8792
608
609
8795
611
612
613
614
615
616
617
618
619
620
8804
622
623
624
8810
626
627
628
629
630
631
632
633
8818
635
8823
637
638
639
8824
641
642
643
8827
645
8833
647
648
649
8839
651
652
653
654
8271
8841
657
658
659
8846
661
662
663
8848
665
666
667
8852
669
8855
8859
672
673
8861
675
677
679
680
681
8276
683
684
8875
8877
687
689
690
8883
692
8884
694
695
8886
697
699
700
701
8891
8893
704
705
706
8895
708
709
8282
711
712
713
714
715
716
8905
718
8906
720
721
722
723
8908
8911
726
8913
728
729
730
8915
732
733
8921
735
736
737
8931
740
741
742
743
744
745
8934
747
748
749
8936
751
752
753
754
8940
8943
757
758
8947
760
761
8949
8951
764
765
8954
767
768
8955
770
771
772
8959
774
775
8960
8966
778
779
8968
781
782
783
784
8969
786
787
8971
8972
8973
791
792
8976
794
8979
796
797
798
8983
800
801
802
803
804
8989
8990
807
808
8994
811
812
813
814
815
816
9003
9004
9007
820
9009
822
823
9014
825
827
9020
829
831
832
833
834
9023
9025
9027
838
839
840
841
842
843
844
9029
846
847
9031
9033
850
851
9037
853
854
855
9039
857
9044
9045
860
9047
9048
863
864
865
9058
868
869
9061
871
9063
873
874
876
877
878
879
9068
881
9069
884
885
886
9078
888
889
9081
891
892
893
9083
895
896
897
898
8319
900
901
902
9090
9092
905
906
9097
909
911
912
913
9107
917
918
919
9111
921
922
923
924
925
926
927
928
929
930
9114
932
933
9117
935
936
937
8327
939
9126
9127
9133
9135
944
945
946
947
948
9139
950
951
952
953
9142
955
956
9143
958
9148
961
962
964
965
966
967
968
9161
970
971
973
9166
975
977
978
979
980
982
983
985
986
987
988
9177
990
9180
992
993
994
995
996
997
998
999
9185
9188
1002
1003
1004
1005
1009
9202
9809
9204
1013
1017
1019
1021
1023
1024
9216
1026
1028
1029
9221
1032
1033
1034
1035
9224
1037
1038
1039
9231
1041
1042
1043
1044
1045
1047
1048
1049
1050
1051
1052
9241
1054
1055
1056
9242
1058
1059
9245
9247
1062
1063
9253
1065
9256
1067
1069
1070
1071
1072
1073
1074
1075
1076
9266
1078
1079
9269
1085
1086
1087
1088
1089
1090
1091
1092
1093
1094
9282
1096
8359
1098
1099
9284
1101
1102
9287
1104
9291
1106
8361
1108
9296
1110
1111
1112
1113
1114
1115
9300
1117
1118
1119
9304
1121
1122
1123
1124
1125
9314
8365
1128
1129
9316
1131
1134
1135
1136
9328
1138
1139
1140
9334
1143
1144
1145
1147
9340
9341
1150
9343
1152
1153
1154
1155
1157
1158
1159
1160
9349
1162
1163
1164
8372
1166
1167
1168
1169
8373
1171
1172
1173
1174
1175
1176
8374
1178
1179
1180
1181
9366
1183
1184
1185
1186
1187
1188
1189
1190
9381
1192
1193
9382
1195
1196
9386
1198
1199
9390
1203
1204
9396
1206
1207
9400
1209
1210
1211
1213
1215
1216
1217
1218
9411
1220
1221
1222
1224
1225
1226
1227
1228
9418
1230
1231
1232
1233
1234
1235
1236
1237
9421
1239
1241
1242
1243
1245
1246
1247
1248
9439
1250
1251
1252
8390
1254
1255
1256
1257
1258
1259
1260
9446
1262
1263
8392
9448
9457
9458
1269
9461
1271
1272
1273
1274
8394
1276
1277
9470
1279
9471
1282
9475
1285
1286
1287
1289
1290
1292
1293
1294
1295
1296
1297
1298
1299
1300
8399
1302
1303
8400
1305
9493
1307
1308
1309
1310
1311
9496
9500
9505
1315
1316
9507
1319
1320
1322
1323
1324
1325
1326
1327
8404
1329
1330
9515
1332
1333
1334
8406
1336
9520
9523
1339
1340
1341
1342
1343
1344
1345
1346
1347
1348
1349
9534
9535
1352
1353
9544
1355
1357
1358
1359
9550
1361
1362
1363
1364
1365
1366
1367
1368
1369
1370
1371
1372
1373
1374
1375
1376
9562
1378
1379
9570
1381
1382
1383
1384
9574
9578
1387
1388
1389
1390
1391
1392
1393
1394
1395
1396
1398
1399
1400
9590
1402
1403
9594
1406
1409
1410
9603
1413
1415
1416
1417
9607
1419
1420
9609
1422
1423
1424
1425
1426
1427
9617
1429
1431
1432
1433
1434
9623
1436
1437
1438
1439
9625
1441
1442
9631
1444
9635
1446
1447
1448
1449
1450
1451
1452
8429
9641
1455
1456
9642
1458
8431
1460
1461
1462
1463
1464
1466
1467
1468
1471
9663
9664
1475
1476
1477
1478
1479
1480
1481
9669
9672
1485
1487
1488
1491
1492
1494
9687
1497
9689
1499
9691
1501
1503
1504
1505
9695
1508
1509
1511
1512
1513
1514
1515
1517
1518
1519
9709
1521
9710
9714
1524
1526
9718
1528
1529
1531
9723
1533
1534
1535
1536
1537
1538
1539
9726
1541
1542
9730
1544
9732
1546
1547
1548
9737
1550
1551
1552
1553
9742
9746
1556
1557
1558
9751
1560
1561
1563
1566
1568
1569
9760
1571
1572
1573
1575
1576
1578
9771
1580
1581
1582
1583
9773
1585
9777
1587
9780
1589
1590
9781
1592
1593
1594
1595
1596
9784
1598
1599
9789
9794
9795
1604
1605
1608
1609
1610
1611
1612
1613
1614
1615
1616
1617
1618
9802
1620
9805
1622
1623
1624
1625
1626
9816
1628
1629
9821
1631
1632
1633
1634
1635
1636
1637
1638
1639
1640
9825
9833
9836
1645
1646
1647
1648
1649
1650
1651
9845
1654
1655
1658
1659
1660
1661
9852
1666
1667
1668
1669
1670
1671
9863
1673
1674
1676
1678
1680
1681
1682
1684
1685
1687
1690
1693
1695
1698
1699
1700
1701
1703
1704
1705
1706
1707
1708
1709
1711
1712
1713
1714
1719
1720
1721
1722
1724
1726
1728
1729
1730
1731
1733
1735
1736
1738
1739
1740
1742
1745
1746
1748
1749
1750
1752
1753
1754
8490
1757
1758
1759
1760
1763
1764
1766
1767
1768
1769
1772
1775
1777
1778
1779
1782
1783
1785
1786
1792
1794
1795
1798
1799
1800
1802
1803
1804
1805
1806
1807
1809
1810
1812
1813
1814
1815
1816
1818
1819
1820
1822
1823
1824
1827
1829
1830
1831
1832
1835
1837
1838
1839
1840
1841
1843
1845
1846
1848
1850
1851
1852
1855
1856
1857
1860
1861
1862
1866
1867
1869
1870
1871
1872
1873
1874
1875
1876
1877
1878
1879
1881
1885
1886
1887
1888
1889
1890
1892
1893
1894
1896
1897
1900
1901
1902
1904
1905
1907
1909
1912
1913
1914
1915
1916
1917
1919
1922
1924
1925
1927
1928
1929
1930
1931
1932
1933
1935
1936
1937
1938
1942
1943
1944
1945
1946
1947
1948
1950
1951
1953
1956
1957
1958
1960
1962
1965
1967
1968
1969
1970
1971
1972
1973
1974
1976
1977
1978
1982
1983
1985
1988
1990
1991
1992
1993
1995
1996
1997
1999
2000
2001
2002
2005
2006
2007
2009
2010
2011
2012
2014
2015
2016
2017
2020
2022
2024
2025
2026
2027
2029
2030
2032
2034
2035
2036
2038
2039
2041
2042
2043
2045
2047
2050
2052
2053
2055
2056
2058
2059
8550
2063
8551
2065
2067
2068
2069
2071
2072
2073
2074
2075
2076
2077
2079
2080
2081
2082
2086
2087
2089
2090
2093
2095
2097
2098
2099
2101
2102
2103
2105
2106
2107
2108
2109
2110
2113
2118
2119
2120
2121
2122
2123
2124
2125
2128
8564
2130
2131
2132
8565
2134
2135
2136
2137
2139
2141
2142
2143
2144
2147
2148
2150
2151
2153
2154
2158
2160
2162
2163
2165
2166
2167
2168
2172
2173
2175
2176
2178
2180
2181
2182
2183
2184
2185
2186
2187
2189
2190
2191
2193
2194
2196
2198
2199
2200
2201
2202
2203
2206
2207
2208
2209
2210
2212
2213
2217
2220
2221
2222
2223
2224
2226
2229
2231
2232
2234
2237
2240
2241
2242
2243
2244
2246
2249
2250
2253
2255
2257
2259
2260
2262
2265
2267
2270
2272
2275
2276
2277
2278
2281
2283
2284
2285
2286
2287
2289
2290
2291
2292
2293
2295
2297
2299
2300
2303
2304
2305
2308
2309
2310
2311
2314
2315
2318
2319
2323
2324
2326
2329
2330
2332
2333
2335
2338
2341
2342
2343
2344
2345
2348
2350
2351
2352
2355
2356
2357
2359
2360
2361
2362
2363
2364
8610
2366
2368
2369
2370
2371
2372
2373
2374
2377
2379
2380
2381
2382
2383
2384
2387
2389
2391
2392
2394
2395
2398
2399
2401
2404
2406
2409
2411
2413
2415
2416
2417
2419
2422
2423
2424
2426
2427
2428
2431
2438
2439
2440
2442
2443
2444
2446
2448
2449
2450
2451
2452
2453
2455
2456
2458
2459
2461
2463
2465
2466
2469
2471
2472
2474
2475
2476
2477
2480
2481
2482
2485
2486
2488
2490
2491
2492
2494
2495
2496
8637
2498
2499
2500
2503
2505
2507
2508
2513
2515
2517
2519
2520
2522
2523
2524
2525
2528
2529
2530
2534
2535
2536
2538
2540
2542
2543
2546
2547
2548
2549
2551
8648
2553
2556
2557
2558
2559
2560
2561
2563
2564
2566
2568
2571
2574
2575
2576
2579
2582
2583
2585
2587
2588
2589
2590
2591
2592
2593
2594
2595
2596
2597
2598
2600
2602
2603
2605
2606
2607
2611
2612
2614
2617
2618
2619
2620
2622
2623
2625
2626
2628
2631
2632
2634
2635
2636
2638
2639
2641
2642
2644
2645
2646
2647
2648
2650
2651
2653
2655
8669
2657
2658
2659
8670
2662
2663
2665
2667
2668
2669
2670
2671
2672
2673
2674
2675
2676
2677
2678
2679
2680
2681
2682
2683
2684
2685
2686
2687
2688
2689
2691
2693
2694
2696
2697
2698
2701
2702
2703
2705
2708
2709
2711
2713
2714
2716
2717
2722
2726
2727
2728
2729
2732
2734
2735
2738
2739
2741
2744
2746
2747
2748
2750
2751
2753
2754
2756
2758
2759
2761
2764
2765
2768
2769
2771
2772
2773
2774
2775
2777
2778
2780
2781
2782
2783
2785
2786
2787
2788
2789
2790
2793
2794
2795
2796
2798
2799
2800
2802
2803
2805
2806
2807
2808
2809
2812
2818
2819
2821
2822
2823
2824
2825
2827
2828
2829
2831
2835
2836
2838
2839
2840
2844
2845
2846
2847
2848
2849
2850
2852
2853
2854
2856
2857
2862
2863
2864
2868
2869
2870
2871
2872
2873
2874
2876
2877
2878
2880
2882
2885
2886
2888
2889
2890
2891
2892
2895
2896
2897
2901
2903
2904
2905
2906
2908
2909
2911
2912
2917
2918
2920
2921
2923
2925
2926
2927
2931
2932
2933
2935
2936
2937
2938
2941
2943
2945
2946
2947
2949
2951
2952
2953
2955
2956
2957
2960
2961
2964
2965
2966
2968
2969
2971
2972
8732
2974
2975
2976
2978
2979
2981
2983
2984
2986
2987
2990
2992
2993
2994
2995
2996
2997
2998
2999
3001
3004
3006
3009
3010
3011
3013
3017
3018
3020
3021
3022
3025
3026
3029
3030
3031
3032
3035
3036
3037
3041
3042
3045
3046
3047
3048
3050
3052
3053
3056
3058
3060
3061
3063
3068
3070
3071
3072
3073
3074
3077
3079
3081
3084
3085
3087
3090
3091
3093
3094
3095
3096
3097
3099
3100
3101
3102
3103
3104
3105
3107
3108
3111
3112
3113
3114
3117
3118
3119
3120
3123
3124
3125
3126
3128
3130
3134
3136
3137
3138
3140
3142
3144
3146
3147
3149
8767
3151
3152
3155
3157
3158
3159
3160
3161
3163
3165
3166
3167
3168
3169
3170
3171
3172
3173
8771
3176
3179
3180
3181
3182
3183
3184
3185
3187
3188
3189
3192
3193
3195
3198
3199
8777
3202
3203
3204
3205
3208
3209
8779
3211
3212
3213
3216
3218
3219
3222
3223
3226
3228
3230
3234
3235
3236
3237
3238
3239
3241
3242
3243
3244
3245
8786
3247
3249
3250
3251
8787
3253
3255
8788
3258
3260
3261
3263
3264
3265
3266
3268
3269
3270
3271
3273
3274
3276
3277
3278
3281
3282
3283
3284
3285
3287
3288
3289
3290
3291
3294
3297
3299
3300
3302
3303
3304
3305
3306
3307
3310
3311
8799
3313
3315
3316
3318
3320
3321
3322
3324
3325
3327
3328
3330
3332
3333
3335
3338
3340
3341
3342
3343
8806
3347
3348
3349
3351
3352
3353
8807
3355
3357
3359
3363
3364
3366
3367
3369
3370
3374
8812
3377
3378
3379
3380
3382
3383
3384
3385
3386
3387
3389
3390
3391
3393
3394
3395
8816
3397
3398
3399
3401
3403
3405
3407
3409
3411
3413
3414
3416
3417
3418
3422
3423
3424
3426
3428
3429
3430
3431
3433
3434
3435
3437
3439
3441
3443
3444
3445
3446
3447
3448
3449
3450
3452
3453
3454
3455
3456
3457
3459
3462
3463
3466
3468
3469
3470
3472
3473
3474
3479
3482
3488
3489
3490
3491
3493
3495
3496
3497
3499
3500
3502
3505
3506
3507
3509
3510
3511
3512
3514
3515
3517
3518
3521
3523
3524
3526
3527
3529
3530
3531
3532
3533
3534
3538
3541
3543
3545
3547
3549
3551
3553
3554
3558
3560
3562
3564
3566
3568
3569
3570
3571
3579
3582
3583
3584
3586
3588
3589
3591
3593
3595
3597
3599
3600
3601
3603
3604
3606
3608
3609
3611
3612
3614
3615
3618
3619
3621
3622
3624
3625
3626
3627
3628
3629
3630
3633
3634
3636
3637
3639
3642
3645
3646
3647
3648
3652
3653
3655
3657
3658
3660
3661
3663
3666
3667
3668
3669
3670
3673
3674
3675
3676
3678
3679
3681
3682
3686
3690
3691
3693
3695
3698
3700
3701
3703
3704
3705
3706
3708
3711
3712
3714
3715
3719
3723
3724
3725
3727
3729
3733
3738
3739
3743
3745
3746
3747
3751
3753
3754
3756
3757
3759
3761
3762
3765
3767
3768
3770
3771
3773
3774
3775
3776
3779
3780
3783
3784
3786
3790
3791
3793
3794
3795
3796
3797
3799
3805
3807
8898
3810
3814
3815
3817
3819
3820
3821
3822
3825
3826
3827
3828
3829
3830
3831
3832
3833
3834
3835
3836
3837
3838
3839
3840
3841
3842
3844
3845
3846
3848
3849
3850
3851
3853
3854
3858
3860
3861
3862
3865
3866
3867
3871
3872
3874
3875
3876
3878
3879
3881
3882
3883
3885
3888
3889
3890
3892
3893
3895
3896
3897
3900
3904
3905
3906
3907
3908
3909
3912
3914
3915
3916
3922
3924
3926
3928
3929
3930
3931
3932
3934
3935
3940
3941
3943
3949
3951
3953
3954
3957
3958
3959
3961
3962
3964
3965
3969
3970
3973
3974
3975
3976
3978
3984
3985
3986
3988
3990
3991
3993
3996
3997
3998
3999
4000
4002
4005
4007
4008
4009
4010
4014
4015
4018
4020
4022
4023
4024
4025
4026
4027
4029
4030
4032
4034
4036
4037
4038
4041
4042
4043
4044
4046
4047
4049
4050
4052
4053
4055
4056
4058
4059
4060
4063
4065
4068
4070
4072
4073
4077
4078
4079
4080
4081
4083
4084
4087
4088
4090
4091
4093
4097
4098
4101
4102
4103
4104
4107
4108
4110
4112
4114
4117
4119
4120
4121
4124
4125
4128
4130
4131
4132
4136
4139
4140
4141
4142
4143
4144
4146
4147
4152
4153
4154
4155
4159
4160
4163
4164
4170
4171
4174
4178
4179
4180
4181
4183
4184
4187
4188
4192
4193
4195
4197
4198
4199
4201
4203
4204
4205
4209
4212
4214
4215
4219
4220
4221
4224
4225
4226
8981
4230
4231
4234
4235
4237
4238
4241
4243
4246
4248
4251
4253
4255
4258
4263
4265
4266
4268
4270
4271
4276
4277
4278
4281
4283
4285
4286
4287
4288
4290
4292
4293
4295
4297
4298
4301
4302
4303
4304
4305
4307
4308
4310
4311
4313
4314
4315
4317
4318
4319
4321
4322
4324
4325
4327
4331
4333
4336
4338
4339
4341
4342
4345
4347
4348
4349
4351
4352
4353
4357
4358
4361
4363
4364
4365
4367
4369
4371
4373
4374
4375
4377
4378
4380
4382
4383
4384
4385
4387
4388
4391
4394
4395
4396
4397
4398
4399
4403
4404
4405
4407
4410
4412
4414
4416
4418
4419
4421
4422
4423
4424
4425
4426
4427
4428
4429
4430
4431
4432
4433
4436
4437
4439
4440
4442
4443
4444
4447
4450
4451
4454
4456
4457
4458
4459
4461
4463
4464
4469
4472
4473
4476
4478
4479
4480
4482
4485
4487
4489
4491
4492
4496
4497
4498
4499
4500
4503
4505
4506
4510
4511
9038
4515
4516
4519
4520
4522
4523
4526
4527
4528
4531
4532
4534
4535
4536
4537
4539
4540
4541
4542
4544
4546
4547
4548
4549
4552
4554
4557
4559
4561
4562
4564
4565
4567
4569
4571
4573
4574
4575
4576
4578
4580
4583
4584
4586
4587
4590
4594
4595
4596
4597
4598
4600
4601
4603
4605
4606
4607
4608
4609
4610
4611
4612
4614
4617
4619
4620
4622
4624
4626
4627
4628
4629
4631
4632
4635
4638
4639
4641
4642
4643
4644
4645
4647
4650
4652
4653
4655
4656
4657
4660
4661
4664
4665
4667
4668
4669
4673
4675
4677
4679
4682
4683
4685
4688
4689
4690
4691
4692
4696
4697
4703
4705
4706
4708
4709
4711
4712
4713
4715
4717
4720
4721
4722
4724
4725
4728
4731
4734
4737
4740
4741
4743
9084
4746
4747
4749
4750
4751
4752
4753
4755
4757
4760
4761
4762
4764
4765
4766
4767
4768
4769
4772
4775
4777
4778
4779
4782
4784
4787
4788
4789
4790
4792
4793
4795
4796
4797
4798
4800
4801
4803
4804
4809
4812
4814
4815
4816
4817
4818
4820
4822
4825
4826
4827
4828
4829
4833
4834
4835
4837
4841
4843
4844
4845
4847
4850
4851
4852
4853
4854
4855
4856
4858
4860
4861
4862
4863
4864
4866
4868
4869
4870
4871
4873
4875
4876
4879
4880
4886
4887
4892
4893
4894
4897
4898
4900
4901
4905
4908
4909
4910
4911
4912
4915
4916
4917
4918
4919
4921
4923
4924
4926
4928
4929
4930
4932
4935
4936
9122
4938
4940
4943
4944
4947
4949
4953
4954
4956
4960
4961
4967
4970
4976
4977
4979
4982
4984
4986
4987
4991
4992
4994
4995
4996
4998
4999
5000
5001
5005
5007
5009
5010
5011
5012
5017
5019
5020
5027
5028
5029
5030
5031
5034
5035
5036
5038
5039
5042
5044
5045
5048
5049
5052
5058
5060
5062
5064
5066
5069
5070
5073
5074
5075
5079
5080
5081
5083
5084
5088
5091
5093
5096
5099
5100
5102
5104
5106
5107
5108
5109
5112
5113
5114
5116
5117
5118
5120
5121
5122
5123
5125
5127
5128
5130
5134
5135
5138
5139
5141
5142
5143
5144
5145
5146
5147
5149
5152
5153
5154
5156
5160
5161
5164
5165
5168
5170
5171
5177
5178
5179
5180
5182
5183
5184
5186
5187
5188
5189
5190
5191
5193
5195
5197
5200
5201
5203
5205
5206
5207
5208
5209
5211
5212
5214
5216
5218
5220
5221
5222
5223
5228
5229
5232
5233
5235
5237
5238
5241
5243
5245
5247
5248
5250
5252
5254
5257
5258
5260
5261
5263
5268
5269
5270
5271
5272
5275
5279
5282
5283
5285
5287
5291
5292
5295
5296
5297
5299
5301
5304
5306
5308
5310
5311
5312
5315
5318
5319
5320
5325
5329
5331
5332
5333
5336
5337
5339
5343
5344
5349
5354
5355
5356
5358
5359
5361
5363
5365
5369
5372
5374
5377
5379
5380
5382
5383
5384
5386
5389
5392
5393
5395
5400
5402
5404
5406
5408
5409
5412
5414
5415
5416
5420
5422
5423
5425
5431
5433
5435
5436
5437
5441
5442
5443
5444
5446
5447
5448
5450
5452
5455
5456
5457
5460
5464
5467
5468
5469
5471
5476
5477
5479
5480
5483
5485
5486
5488
5491
5492
5494
5499
5500
5501
5504
5509
5510
5513
5514
5515
5517
5519
5521
5523
5524
5525
5526
5529
5530
5533
5535
5538
5539
5544
5547
5552
5553
5555
5556
5558
5559
5560
5563
5565
5567
5568
5569
5570
5571
5575
5577
5582
5583
5584
5585
5588
5589
5593
5594
5596
5597
5598
5601
5603
5610
5612
5613
5617
5618
5620
5622
5629
5632
5634
5637
5638
5640
5641
5642
5643
5646
5647
5650
5652
5653
5655
5658
5659
5660
5661
5663
5666
5668
5671
5676
5678
5681
5683
5687
5692
5697
5699
5700
5701
5705
5706
5707
5708
5709
5712
5714
5715
5716
5718
5722
5723
5726
5728
5729
5730
5733
5736
5737
5739
5741
5744
5745
5749
5750
5751
5753
5756
5757
5759
5760
5761
5765
5771
5773
5776
5779
5781
5784
5785
5787
5788
5789
5792
5796
5798
5800
5802
5804
5808
5812
5815
5819
5821
5822
5823
5824
5825
5828
5830
5833
5834
5836
5837
5838
9301
5840
9302
5843
5844
5847
5849
5851
5852
5853
5856
5857
5858
5860
5862
5866
5868
5869
5870
5871
5872
5876
5878
5879
5882
5883
5885
5886
5888
5889
5891
5893
5894
5895
5896
5897
5900
5905
5909
5910
5911
5913
5916
5917
5920
5922
5926
5928
5930
5931
5933
5934
5936
5941
5942
5943
5945
5947
5948
5951
5952
5953
5955
5956
5959
5961
5963
5964
5965
5966
5968
5969
5970
5975
5978
5981
5982
5983
5984
5985
5991
5995
5996
5999
6006
6007
6008
6010
6011
6012
6013
6015
6017
6019
6021
6024
6025
6028
6030
6033
6034
6036
6037
6039
6041
6042
6044
6046
6047
6048
6051
6055
6056
6059
6062
6064
6065
6067
6073
6074
6075
6079
6083
6084
6086
6088
6089
6091
6093
9352
6095
6096
6098
6103
6105
6106
6107
6111
6112
6113
6116
6117
6118
6120
6124
6128
6129
6130
6133
9360
6135
6137
9361
6140
6143
6144
6145
6150
9364
6154
6155
6156
6158
6159
6161
6167
6169
6171
6172
6174
6177
9369
6181
6182
6183
6185
6187
6190
6192
6193
6194
6198
6199
6203
6205
6206
6209
6213
6214
6216
6220
6221
6224
6227
6229
6231
6236
6237
6239
6240
6241
6243
6245
6246
6248
6255
6257
6262
6263
6265
6267
6270
6272
6273
6276
6278
6279
6283
6287
6291
6292
6293
6295
6299
6301
6302
6308
6310
6311
6312
6315
6317
6322
6323
6326
6327
6329
6330
6331
6333
6336
6337
6340
6343
6347
6350
6352
6353
6354
6356
6357
6358
6361
6365
6368
6370
6372
6373
6374
6375
6376
6377
6380
6383
6385
6388
6397
6398
6400
6401
6402
6403
6407
6411
6412
6414
6417
6419
6420
6421
6423
6425
6426
6428
6429
6431
6433
6435
6436
6439
6440
6442
6444
6445
6450
6452
6456
6457
6459
6462
6463
6465
6470
6473
6475
6478
6479
6483
6485
6486
6488
6489
6492
6497
6499
6500
6501
6503
6507
6509
6510
6511
6513
6519
6520
6521
6523
6524
6526
6527
6529
6532
6533
6535
6540
6541
9441
6545
6550
6552
6553
6555
6556
6558
6559
6561
6563
6564
6565
6567
6571
6573
6575
6576
6579
6580
6581
6586
6587
6588
6589
6593
6595
6596
6597
6600
6604
6605
6607
6609
6612
6613
6616
6619
6620
6623
6624
6626
6628
6631
6633
6635
6636
6637
6643
6646
6647
6648
6654
6655
6657
6660
6662
6663
6664
6666
6667
6668
6669
6671
6672
6673
6676
6678
6679
6680
6681
6682
6685
6687
6690
6691
6694
6697
6699
6700
6702
6704
6710
6715
6719
6720
6722
6724
6731
6734
6738
6740
6742
6743
6751
6752
6753
6754
6756
6758
6760
6761
9485
6765
6766
6770
6772
6773
6777
6781
6784
6785
6787
6789
6800
6801
6802
6807
6809
6810
6812
6813
6815
6817
6820
6821
6823
6824
6825
6830
6831
6837
6838
6839
6843
6845
6847
6848
6850
6852
6853
6856
6859
6864
6865
6868
6870
6872
6879
6880
6881
6883
6885
6887
6888
6889
6890
6892
6894
6896
6897
6900
6902
6903
6906
6908
6909
6911
6913
6915
6916
6917
6920
6922
6923
6924
9518
6929
6931
6933
9519
6935
6936
6940
6941
6949
6951
6953
6955
6956
6957
6958
6961
6963
9525
6965
6966
6968
6969
6970
6971
6972
6974
6976
6977
9528
6981
6983
9530
6990
6992
6997
9532
6999
7001
7002
7004
7006
7014
7016
7019
7021
7027
7032
7034
7035
7040
7042
7044
7051
7053
7056
7057
7059
7060
7061
7063
7064
7065
7066
7068
7070
7071
7072
7073
7074
7076
7084
7091
7093
7094
9551
7097
7100
7102
7104
7107
7109
9554
7111
7113
7117
7118
7124
7125
9557
7127
7128
7132
7136
7141
7143
7144
7145
7148
7149
7152
7154
7156
7158
7161
7164
7166
7168
7169
7170
7172
7173
7174
7176
7178
7181
7184
7186
7188
7190
7191
7195
7202
7205
7206
7208
7214
7217
7219
7220
7222
7225
7226
7228
7230
7233
7236
7237
7240
7242
7246
7250
7255
7256
7258
7259
7260
7264
7267
7268
7270
7273
7280
7287
7290
7292
7293
7301
7302
7305
7306
7311
7320
7321
7325
7326
7329
7334
7338
7341
7343
7347
7350
7351
7352
7353
7356
7357
7358
7367
7373
7378
7381
7382
7386
7392
7397
7400
7401
7403
7406
7408
7410
7412
7417
7420
7423
7428
7429
7431
7433
7434
7436
7439
7440
7441
7446
7448
7449
7452
7453
7456
7457
7458
7460
7461
7462
7463
7468
7471
7473
7474
7481
7482
7489
7490
7492
7499
7501
7504
7505
7506
7508
7511
7512
7513
7519
7522
7529
7532
7533
7538
7540
7543
7546
7549
7551
7554
7561
9644
7564
7566
9645
7569
7572
7573
7575
7576
7578
7579
7583
7586
7587
7588
7592
7595
7598
7599
7600
7602
7603
7605
7606
7609
7611
7614
7616
7617
7619
7620
7623
7626
7628
7632
7634
7639
7640
7641
7644
7646
7651
7653
7656
7662
7665
7666
7668
7669
7671
7674
7675
7679
7688
7690
7691
7700
7701
7705
7706
7710
7711
7719
7721
7724
7725
7728
7729
7732
7734
7737
7741
7742
7748
7750
7752
7753
7760
7767
7768
7769
7772
7778
7783
7784
7787
7792
7794
7796
7798
7800
7804
7805
7807
7808
7814
7815
7818
7826
7828
7829
7831
7832
7837
7838
7839
7844
7846
7850
7858
7861
7862
7864
7866
7867
7869
7873
7876
7877
7881
7883
7884
7888
7889
7892
7893
7898
7902
7907
7909
7912
7914
7916
7918
7921
7924
7927
7928
7933
7939
7942
7944
7945
7947
7951
7952
7958
7960
7963
7970
7973
7977
7979
7989
7991
7993
7995
7997
7998
8000
8004
8006
8007
8010
8015
8020
8022
8028
8033
8036
8037
8045
8046
8048
8053
8056
8057
8059
8063
8064
8067
8069
8070
8072
8078
8082
8083
8084
8087
8091
8095
8098
8100
8102
8106
8108
8109
8114
8116
8118
8122
8124
8125
8134
8138
8140
8142
8148
8153
8156
8157
8158
8160
8165
8166
8172
8174
8179
8183
8185
8186
8187
8188
