s vc 13590 8400
1
5
8
11
14
18
21
22
25
28
31
34
37
40
45
47
51
52
55
58
62
66
68
72
74
78
80
84
87
88
92
95
98
100
105
108
111
114
117
118
121
125
128
130
133
136
141
142
146
148
151
154
158
161
163
166
169
173
175
178
181
184
189
192
194
198
200
204
205
210
213
216
219
221
225
226
229
233
235
239
242
244
247
251
255
257
261
264
266
270
271
275
278
282
284
286
290
294
297
300
303
306
308
312
313
317
320
324
326
330
331
335
337
341
345
348
351
352
356
360
361
365
367
371
375
376
380
383
386
390
393
395
399
400
404
406
409
414
416
420
422
426
429
431
434
438
440
442
445
448
451
452
453
454
455
456
457
458
460
461
462
463
464
465
466
467
468
469
471
472
473
474
475
476
477
478
479
480
482
483
484
485
486
487
488
489
490
491
492
493
494
495
496
497
498
499
500
501
503
504
507
508
510
511
512
513
514
515
516
517
518
519
521
522
523
524
525
526
527
528
532
533
534
535
536
537
538
539
540
541
542
543
544
545
546
547
548
549
551
552
553
554
555
556
557
558
559
560
561
565
568
569
570
571
572
573
574
575
576
577
578
579
581
582
583
584
585
588
589
590
591
593
594
595
596
597
599
600
601
602
605
606
607
608
609
610
611
612
613
614
615
616
617
618
619
621
622
623
624
626
628
629
630
631
633
634
635
637
638
639
641
642
643
644
645
646
647
648
649
651
653
654
655
656
657
658
659
660
662
663
664
665
666
667
668
669
670
671
672
673
674
675
676
677
678
679
680
681
682
684
686
687
688
689
690
691
693
694
696
698
699
700
701
702
703
704
705
706
707
708
709
710
711
712
713
714
715
716
717
718
719
721
722
723
724
725
726
729
731
732
734
735
736
737
738
740
741
742
743
744
745
746
747
748
750
751
752
753
754
755
756
757
758
759
760
761
762
763
764
765
766
768
769
770
771
773
774
775
777
779
780
781
782
783
784
785
787
789
790
791
792
794
795
796
797
798
799
800
801
802
804
806
807
808
809
810
811
813
814
815
816
817
819
820
821
822
823
824
825
827
828
829
830
831
832
833
834
835
836
837
838
839
840
841
842
843
844
845
846
847
848
849
850
851
852
853
854
855
856
858
859
860
861
862
864
865
866
867
868
869
870
872
873
874
875
876
880
881
882
883
884
885
887
888
889
890
891
892
893
894
895
896
898
899
900
901
902
903
904
907
908
909
910
911
912
913
914
915
916
918
919
922
923
924
925
926
927
928
929
930
931
932
933
934
935
936
937
938
939
940
941
943
944
945
946
948
949
950
951
952
953
954
955
956
957
958
959
960
961
962
963
964
965
966
967
968
969
970
971
972
973
975
976
977
978
979
981
982
984
985
986
987
988
989
990
991
994
995
997
999
1000
1001
1002
1003
1004
1005
1006
1007
1008
1009
1010
1011
1012
1013
1014
1015
1016
1017
1018
1019
1021
1022
1023
1024
1025
1027
1028
1030
1031
1032
1033
1034
1035
1036
1037
1038
1039
1040
1041
1042
1043
1044
1045
1046
1047
1048
1049
1050
1051
1053
1054
1055
1056
1057
1059
1060
1061
1062
1063
1064
1065
1066
1067
1069
1070
1071
1072
1073
1074
1075
1076
1078
1080
1081
1082
1083
1084
1085
1086
1087
1090
1091
1092
1093
1095
1096
1097
1099
1100
1101
1102
1103
1104
1105
1107
1108
1109
1110
1111
1112
1114
1115
1116
1117
1118
1119
1120
1121
1123
1124
1126
1129
1130
1131
1132
1133
1134
1135
1136
1137
1138
1139
1141
1142
1143
1144
1145
1146
1147
1148
1149
1150
1151
1152
1153
1154
1156
1158
1159
1160
1161
1162
1163
1164
1165
1166
1167
1168
1169
1170
1171
1172
1173
1174
1175
1176
1177
1178
1180
1181
1183
1184
1185
1186
1188
1189
1190
1191
1192
1193
1194
1195
1196
1197
1198
1199
1200
1201
1202
1203
1204
1205
1206
1207
1208
1209
1210
1211
1212
1213
1214
1215
1216
1218
1219
1220
1221
1222
1223
1224
1225
1226
1227
1228
1229
1230
1231
1232
1234
1235
1237
1238
1240
1241
1242
1243
1244
1245
1246
1247
1248
1249
1250
1251
1252
1253
1254
1255
1256
1258
1260
1261
1262
1264
1265
1266
1267
1268
1269
1270
1271
1272
1273
1274
1275
1276
1277
1278
1279
1280
1281
1282
1283
1284
1285
1287
1288
1289
1290
1291
1293
1294
1296
1297
1298
1299
1300
1301
1303
1304
1305
1306
1307
1308
1309
1310
1311
1312
1313
1314
1315
1317
1318
1319
1320
1321
1322
1323
1324
1325
1326
1327
1328
1329
1330
1332
1333
1334
1336
1337
1338
1339
1340
1341
1342
1343
1344
1345
1346
1348
1349
1350
1351
1352
1353
1354
1355
1357
1358
1359
1360
1361
1363
1364
1365
1366
1367
1368
1369
1370
1371
1372
1374
1375
1376
1377
1378
1379
1381
1382
1383
1384
1387
1388
1389
1390
1391
1392
1393
1394
1395
1396
1397
1399
1400
1401
1402
1403
1404
1405
1406
1407
1408
1409
1411
1412
1413
1414
1416
1417
1418
1419
1420
1423
1424
1425
1426
1428
1429
1430
1431
1432
1433
1435
1436
1437
1438
1440
1441
1443
1444
1445
1446
1447
1448
1449
1450
1451
1452
1453
1454
1455
1456
1457
1458
1459
1461
1462
1463
1464
1465
1466
1467
1468
1469
1470
1471
1472
1474
1475
1476
1477
1480
1482
1483
1484
1485
1486
1488
1489
1491
1492
1493
1494
1495
1497
1498
1499
1500
1501
1502
1503
1504
1505
1506
1507
1508
1510
1511
1512
1513
1514
1515
1516
1517
1518
1519
1520
1521
1522
1523
1524
1525
1526
1528
1529
1531
1532
1533
1534
1535
1536
1537
1538
1539
1540
1541
1542
1543
1544
1545
1546
1547
1548
1549
1550
1551
1552
1553
1554
1555
1556
1557
1558
1559
1561
1562
1564
1565
1566
1567
1568
1569
1570
1571
1572
1573
1574
1575
1576
1577
1578
1579
1580
1581
1582
1583
1584
1585
1586
1587
1588
1590
1591
1592
1593
1594
1595
1596
1597
1599
1600
1601
1602
1603
1604
1605
1606
1608
1609
1611
1612
1615
1616
1617
1618
1620
1621
1624
1625
1626
1627
1628
1629
1630
1631
1632
1633
1634
1635
1636
1638
1639
1640
1642
1644
1645
1646
1647
1648
1649
1650
1651
1654
1656
1657
1658
1659
1660
1661
1662
1663
1664
1665
1666
1667
1668
1669
1670
1671
1672
1673
1674
1675
1676
1677
1678
1680
1681
1683
1684
1685
1686
1687
1688
1689
1690
1691
1693
1694
1695
1696
1697
1698
1699
1701
1702
1704
1705
1707
1708
1709
1710
1711
1712
1714
1716
1717
1718
1719
1720
1721
1722
1723
1724
1725
1726
1727
1729
1730
1731
1732
1733
1734
1735
1737
1738
1739
1740
1741
1742
1743
1744
1746
1747
1748
1749
1750
1751
1753
1755
1756
1759
1760
1761
1762
1763
1764
1765
1766
1767
1768
1769
1770
1771
1772
1774
1775
1776
1777
1778
1780
1781
1782
1783
1784
1785
1786
1788
1789
1790
1791
1792
1793
1794
1795
1796
1797
1798
1799
1800
1801
1802
1803
1804
1805
1806
1807
1808
1809
1810
1811
1812
1813
1814
1815
1816
1817
1818
1819
1820
1822
1823
1824
1825
1826
1827
1828
1829
1830
1831
1832
1833
1834
1835
1836
1837
1838
1839
1840
1843
1846
1848
1849
1850
1851
1852
1853
1854
1855
1856
1857
1858
1859
1861
1863
1864
1865
1867
1868
1869
1870
1871
1872
1873
1874
1875
1876
1877
1879
1880
1881
1882
1883
1884
1885
1886
1887
1888
1889
1890
1891
1892
1893
1894
1896
1897
1898
1900
1901
1902
1903
1904
1905
1906
1907
1908
1909
1910
1912
1913
1915
1917
1918
1919
1920
1921
1922
1924
1925
1926
1927
1928
1930
1931
1933
1934
1935
1936
1938
1939
1940
1941
1942
1945
1947
1948
1951
1952
1953
1954
1955
1956
1957
1959
1960
1963
1964
1965
1966
1967
1968
1969
1970
1971
1972
1973
1974
1975
1977
1978
1979
1981
1983
1984
1985
1987
1989
1990
1991
1994
1995
1996
1997
2000
2001
2003
2004
2005
2006
2009
2010
2011
2012
2014
2016
2017
2018
2020
2022
2024
2025
2026
2027
2030
2031
2032
2033
2035
2036
2038
2040
2041
2043
2045
2046
2047
2048
2050
2052
2053
2054
2056
2058
2059
2060
2062
2064
2066
2067
2068
2069
2072
2073
2074
2075
2077
2079
2080
2081
2083
2085
2087
2088
2089
2090
2093
2094
2095
2096
2099
2100
2101
2102
2104
2105
2107
2109
2110
2111
2113
2114
2117
2118
2120
2121
2122
2123
2125
2126
2128
2130
2131
2132
2134
2136
2137
2138
2140
2142
2143
2144
2147
2148
2149
2151
2152
2153
2155
2157
2158
2159
2162
2163
2164
2165
2168
2169
2170
2172
2173
2174
2176
2178
2179
2180
2183
2184
2185
2186
2189
2190
2191
2192
2194
2196
2197
2199
2200
2201
2203
2205
2206
2207
2210
2211
2212
2214
2215
2216
2218
2220
2221
2222
2224
2226
2227
2228
2231
2232
2233
2235
2236
2237
2239
2241
2242
2243
2246
2247
2248
2249
2252
2253
2254
2256
2257
2258
2260
2262
2263
2264
2267
2268
2269
2270
2273
2274
2275
2277
2278
2279
2282
2283
2284
2285
2288
2289
2290
2291
2293
2294
2297
2298
2299
2300
2302
2304
2305
2306
2308
2310
2311
2312
2314
2316
2318
2319
2320
2321
2324
2325
2326
2327
2330
2331
2332
2333
2335
2336
2338
2339
2341
2343
2344
2346
2347
2348
2350
2352
2353
2354
2357
2358
2359
2360
2362
2364
2365
2366
2368
2370
2371
2373
2374
2375
2378
2379
2380
2382
2383
2384
2386
2387
2389
2391
2392
2394
2395
2396
2399
2400
2402
2403
2404
2405
2408
2409
2410
2411
2413
2415
2416
2417
2419
2421
2423
2424
2425
2426
2429
2430
2431
2432
2435
2436
2437
2438
2440
2441
2444
2445
2446
2447
2449
2451
2452
2453
2455
2457
2458
2459
2461
2463
2464
2465
2468
2469
2471
2472
2473
2474
2477
2478
2479
2480
2482
2483
2486
2487
2488
2489
2492
2493
2494
2495
2497
2499
2500
2501
2503
2505
2507
2508
2509
2510
2513
2514
2515
2516
2519
2520
2521
2522
2524
2525
2527
2528
2531
2532
2533
2534
2536
2538
2539
2540
2542
2544
2545
2547
2549
2550
2551
2552
2555
2556
2557
2558
2561
2562
2563
2564
2566
2567
2570
2571
2572
2573
2576
2577
2578
2579
2582
2583
2584
2585
2587
2588
2590
2592
2593
2594
2596
2598
2599
2600
2602
2604
2605
2606
2609
2610
2612
2613
2614
2615
2618
2619
2620
2621
2623
2625
2626
2627
2629
2631
2633
2634
2635
2636
2638
2640
2641
2642
2644
2646
2647
2648
2650
2652
2654
2655
2656
2657
2659
2661
2662
2663
2665
2667
2668
2669
2671
2673
2674
2675
2677
2679
2680
2682
2683
2684
2686
2688
2689
2690
2693
2694
2695
2697
2698
2699
2702
2703
2704
2705
2708
2709
2710
2711
2713
2714
2717
2718
2719
2720
2723
2724
2725
2726
2729
2730
2731
2732
2734
2735
2738
2739
2740
2741
2744
2745
2746
2747
2750
2751
2752
2753
2755
2756
2758
2759
2762
2763
2764
2765
2768
2769
2770
2771
2774
2775
2776
2777
2779
2781
2782
2783
2785
2786
2789
2790
2791
2792
2795
2796
2797
2798
2800
2802
2803
2804
2806
2808
2809
2810
2813
2814
2815
2816
2819
2820
2821
2823
2824
2825
2827
2829
2830
2831
2834
2835
2836
2837
2840
2841
2843
2844
2845
2846
2848
2850
2851
2852
2854
2856
2857
2858
2860
2862
2864
2865
2866
2867
2870
2871
2872
2873
2875
2877
2878
2879
2881
2883
2884
2885
2887
2889
2890
2892
2893
2894
2896
2898
2899
2900
2903
2904
2905
2907
2908
2909
2911
2913
2914
2915
2917
2919
2920
2921
2924
2925
2926
2927
2929
2931
2932
2933
2935
2937
2939
2940
2941
2942
2945
2946
2948
2949
2950
2951
2954
2955
2956
2957
2960
2961
2962
2963
2965
2966
2968
2969
2971
2973
2974
2976
2977
2978
2981
2982
2983
2984
2987
2988
2990
2991
2992
2993
2996
2997
2998
2999
3001
3003
3004
3005
3007
3009
3010
3011
3013
3015
3016
3018
3019
3020
3022
3024
3025
3026
3029
3030
3031
3033
3034
3035
3037
3039
3040
3041
3043
3044
3046
3048
3050
3051
3052
3053
3055
3057
3058
3060
3061
3062
3064
3066
3067
3068
3071
3072
3074
3075
3076
3077
3080
3081
3082
3083
3085
3087
3088
3089
3091
3093
3095
3096
3097
3098
3101
3102
3103
3104
3106
3108
3109
3110
3112
3114
3115
3117
3118
3119
3121
3123
3124
3125
3128
3129
3130
3131
3134
3135
3136
3138
3139
3140
3142
3144
3145
3146
3148
3150
3151
3152
3155
3156
3157
3159
3160
3161
3163
3164
3166
3168
3170
3171
3172
3173
3176
3177
3179
3180
3181
3182
3184
3186
3187
3188
3190
3192
3193
3194
3196
3198
3199
3200
3202
3204
3205
3207
3208
3209
3211
3212
3215
3216
3218
3219
3220
3222
3223
3224
3226
3228
3229
3230
3232
3234
3235
3236
3239
3240
3241
3243
3244
3245
3247
3248
3250
3252
3254
3255
3256
3257
3260
3261
3262
3264
3265
3266
3268
3270
3271
3272
3274
3275
3278
3279
3281
3282
3284
3285
3286
3287
3290
3291
3292
3293
3296
3297
3298
3299
3301
3302
3304
3305
3308
3309
3311
3312
3313
3314
3317
3318
3319
3320
3322
3323
3326
3327
3328
3329
3331
3333
3334
3335
3337
3339
3340
3341
3343
3345
3347
3348
3349
3350
3353
3354
3355
3356
3359
3360
3361
3362
3364
3365
3368
3369
3370
3371
3373
3374
3377
3378
3379
3381
3382
3383
3385
3387
3388
3389
3391
3393
3395
3396
3397
3398
3401
3402
3403
3404
3406
3407
3409
3411
3412
3413
3415
3417
3418
3419
3422
3423
3424
3425
3428
3429
3430
3432
3433
3434
3437
3438
3439
3440
3443
3444
3445
3446
3448
3449
3451
3452
3455
3456
3458
3459
3460
3461
3464
3465
3466
3467
3469
3470
3473
3474
3475
3476
3479
3480
3481
3482
3485
3486
3487
3488
3490
3491
3494
3495
3496
3497
3500
3501
3502
3503
3506
3507
3508
3509
3511
3512
3515
3516
3517
3518
3521
3522
3523
3524
3526
3528
3529
3530
3532
3534
3536
3537
3538
3539
3542
3543
3544
3545
3548
3549
3550
3551
3553
3554
3556
3558
3559
3560
3562
3564
3565
3566
3569
3570
3571
3572
3575
3576
3577
3579
3580
3581
3583
3585
3586
3587
3589
3591
3592
3593
3596
3597
3599
3600
3601
3602
3604
3605
3607
3609
3610
3612
3613
3614
3616
3618
3619
3620
3622
3624
3625
3627
3628
3629
3631
3633
3634
3635
3638
3639
3641
3642
3643
3644
3646
3648
3649
3650
3652
3654
3655
3656
3658
3660
3662
3663
3664
3665
3667
3668
3670
3672
3673
3675
3676
3677
3679
3681
3682
3684
3685
3686
3688
3689
3691
3693
3694
3696
3697
3698
3701
3702
3703
3704
3706
3708
3709
3711
3712
3713
3715
3717
3718
3719
3722
3723
3725
3726
3727
3728
3730
3732
3733
3734
3736
3738
3739
3740
3742
3744
3745
3747
3748
3749
3752
3753
3754
3755
3758
3759
3760
3761
3763
3764
3767
3768
3769
3770
3773
3774
3775
3776
3778
3780
3781
3782
3784
3786
3788
3789
3790
3791
3794
3795
3797
3798
3800
3801
3802
3803
3805
3806
3808
3810
3811
3812
3815
3816
3817
3818
3821
3822
3823
3824
3826
3827
3830
3831
3832
3833
3835
3837
3838
3839
3841
3843
3844
3845
3847
3849
3851
3852
3853
3854
3857
3858
3859
3860
3862
3863
3866
3867
3868
3869
3871
3873
3874
3875
3877
3879
3880
3881
3884
3885
3886
3887
3890
3891
3893
3894
3895
3896
3898
3900
3901
3902
3904
3906
3907
3908
3910
3912
3913
3914
3917
3918
3919
3920
3923
3924
3925
3927
3928
3929
3931
3933
3934
3935
3938
3939
3941
3942
3943
3944
3947
3948
3949
3950
3952
3953
3955
3956
3959
3960
3961
3963
3964
3965
3967
3969
3970
3971
3973
3975
3976
3978
3979
3980
3982
3984
3985
3986
3989
3990
3991
3992
3995
3996
3997
3998
4001
4002
4003
4005
4006
4007
4009
4011
4012
4013
4015
4017
4019
4020
4021
4022
4025
4026
4027
4028
4031
4032
4033
4034
4036
4037
4039
4041
4042
4043
4046
4047
4048
4049
4052
4053
4054
4055
4057
4058
4061
4062
4063
4064
4066
4067
4070
4071
4073
4074
4075
4076
4078
4079
4081
4083
4084
4085
4088
4089
4090
4091
4094
4095
4097
4098
4099
4100
4103
4104
4105
4106
4109
4110
4111
4112
4115
4116
4117
4118
4120
4121
4124
4125
4126
4127
4129
4131
4132
4133
4135
4137
4138
4139
4141
4143
4145
4146
4147
4148
4151
4152
4153
4154
4157
4158
4159
4160
4162
4163
4165
4167
4168
4169
4171
4173
4174
4175
4178
4179
4180
4181
4184
4185
4187
4188
4189
4190
4192
4193
4195
4197
4198
4200
4201
4202
4204
4206
4208
4209
4210
4211
4213
4215
4216
4217
4219
4221
4222
4223
4225
4227
4228
4229
4232
4233
4235
4236
4237
4238
4241
4242
4243
4244
4246
4247
4250
4251
4252
4253
4255
4256
4258
4260
4261
4263
4264
4265
4267
4269
4270
4271
4273
4275
4277
4278
4279
4280
4283
4284
4285
4286
4288
4289
4291
4293
4294
4295
4297
4299
4300
4301
4303
4305
4306
4307
4310
4311
4313
4314
4315
4316
4319
4320
4321
4322
4324
4325
4327
4329
4330
4332
4333
4335
4336
4337
4339
4340
4342
4344
4346
4347
4348
4349
4352
4353
4355
4356
4357
4358
4360
4362
4363
4365
4366
4368
4369
4370
4372
4374
4375
4376
4378
4380
4382
4383
4384
4385
4388
4389
4390
4391
4393
4394
4396
4398
4399
4400
4403
4404
4405
4406
4409
4410
4411
4412
4414
4415
4417
4419
4420
4421
4424
4425
4426
4427
4430
4431
4432
4433
4435
4436
4438
4440
4441
4442
4444
4445
4447
4449
4450
4452
4453
4455
4457
4458
4459
4460
4463
4464
4465
4467
4468
4469
4471
4473
4474
4475
4477
4479
4481
4482
4483
4484
4487
4488
4489
4490
4493
4494
4495
4496
4498
4499
4501
4503
4504
4505
4507
4508
4510
4512
4513
4515
4516
4517
4520
4521
4523
4524
4525
4526
4529
4530
4531
4532
4534
4536
4537
4538
4540
4542
4543
4545
4546
4547
4549
4550
4552
4554
4555
4557
4558
4559
4562
4563
4565
4566
4567
4568
4570
4572
4573
4574
4576
4578
4579
4580
4582
4584
4586
4587
4588
4589
4592
4593
4594
4595
4598
4599
4601
4602
4603
4604
4606
4607
4609
4611
4612
4614
4615
4616
4618
4620
4621
4622
4625
4626
4628
4629
4630
4631
4634
4635
4636
4637
4639
4641
4642
4643
4645
4647
4649
4650
4651
4652
4654
4656
4657
4658
4660
4662
4663
4664
4666
4668
4670
4671
4672
4673
4675
4677
4678
4679
4681
4683
4684
4685
4687
4689
4691
4692
4693
4694
4697
4698
4699
4700
4703
4704
4705
4706
4708
4709
4712
4713
4714
4715
4718
4719
4720
4721
4724
4725
4726
4727
4729
4730
4733
4734
4735
4736
4739
4740
4741
4742
4744
4746
4747
4748
4750
4752
4754
4755
4756
4757
4760
4761
4762
4763
4766
4767
4768
4769
4771
4772
4774
4776
4777
4778
4780
4782
4783
4784
4787
4788
4789
4790
4793
4794
4796
4797
4798
4799
4802
4803
4804
4805
4807
4809
4810
4811
4813
4815
4816
4818
4819
4820
4822
4823
4825
4827
4828
4830
4831
4832
4835
4836
4837
4839
4840
4841
4843
4845
4846
4847
4849
4851
4852
4853
4856
4857
4859
4860
4861
4862
4864
4865
4868
4869
4871
4872
4873
4874
4876
4877
4880
4881
4882
4883
4886
4887
4888
4889
4891
4893
4894
4895
4897
4899
4900
4902
4903
4904
4907
4908
4909
4910
4913
4914
4915
4916
4918
4919
4921
4922
4925
4926
4927
4929
4930
4931
4933
4935
4936
4937
4939
4941
4943
4944
4945
4946
4949
4950
4951
4952
4955
4956
4957
4958
4960
4961
4963
4964
4967
4968
4969
4970
4973
4974
4975
4976
4979
4980
4981
4982
4985
4986
4987
4988
4990
4992
4993
4994
4996
4998
4999
5000
5002
5004
5006
5007
5008
5009
5011
5013
5014
5015
5017
5019
5020
5021
5023
5025
5026
5027
5030
5031
5033
5034
5035
5036
5039
5040
5041
5042
5044
5045
5048
5049
5050
5051
5054
5055
5056
5057
5059
5061
5062
5063
5065
5067
5068
5070
5071
5072
5074
5076
5077
5078
5081
5082
5083
5084
5087
5088
5089
5091
5092
5093
5095
5097
5098
5099
5101
5102
5105
5106
5108
5109
5110
5112
5113
5114
5116
5118
5119
5120
5122
5124
5125
5126
5129
5130
5132
5133
5134
5135
5137
5139
5140
5142
5143
5145
5146
5147
5150
5151
5152
5153
5156
5157
5158
5160
5161
5162
5164
5166
5168
5169
5170
5171
5173
5175
5176
5177
5180
5181
5182
5183
5186
5187
5188
5189
5191
5193
5194
5195
5197
5199
5200
5201
5204
5205
5206
5207
5210
5211
5212
5213
5215
5217
5218
5219
5221
5223
5224
5225
5227
5228
5231
5232
5233
5235
5236
5237
5239
5241
5242
5243
5245
5246
5249
5250
5251
5252
5254
5256
5257
5259
5260
5261
5264
5265
5266
5267
5269
5271
5272
5273
5275
5277
5278
5279
5282
5283
5284
5285
5288
5289
5290
5291
5293
5295
5296
5297
5300
5301
5302
5303
5305
5307
5308
5309
5312
5313
5314
5315
5318
5319
5320
5321
5323
5325
5326
5328
5330
5331
5332
5333
5336
5337
5338
5339
5341
5343
5344
5345
5348
5349
5350
5351
5354
5355
5356
5357
5359
5361
5362
5364
5365
5367
5368
5369
5372
5373
5374
5375
5377
5379
5380
5382
5383
5385
5386
5387
5390
5391
5392
5393
5395
5397
5398
5399
5401
5403
5404
5405
5407
5408
5410
5412
5414
5415
5416
5417
5419
5421
5422
5423
5426
5427
5428
5429
5432
5433
5434
5435
5438
5439
5440
5441
5443
5445
5446
5447
5450
5451
5452
5453
5455
5457
5458
5459
5461
5463
5464
5465
5468
5469
5470
5471
5473
5475
5476
5477
5480
5481
5482
5483
5486
5487
5489
5490
5491
5493
5494
5495
5497
5499
5500
5501
5504
5505
5507
5508
5509
5511
5512
5513
5515
5517
5518
5519
5522
5523
5524
5525
5527
5529
5530
5531
5533
5535
5536
5537
5540
5541
5542
5543
5546
5547
5548
5549
5551
5553
5554
5556
5558
5559
5560
5561
5563
5565
5566
5567
5569
5570
5572
5574
5576
5577
5578
5579
5582
5583
5584
5585
5587
5589
5590
5591
5594
5595
5597
5598
5599
5601
5602
5603
5605
5607
5608
5610
5612
5613
5614
5615
5617
5619
5620
5621
5623
5624
5626
5628
5630
5631
5632
5633
5636
5637
5638
5639
5641
5643
5644
5645
5648
5649
5650
5651
5654
5655
5657
5658
5660
5661
5662
5663
5665
5667
5668
5669
5672
5673
5674
5675
5677
5678
5681
5682
5683
5684
5686
5688
5690
5691
5692
5693
5695
5697
5698
5699
5701
5702
5704
5706
5708
5709
5710
5711
5713
5714
5716
5718
5719
5721
5722
5723
5726
5727
5728
5729
5731
5733
5734
5735
5737
5739
5740
5741
5744
5745
5746
5747
5749
5751
5752
5753
5755
5757
5758
5760
5762
5763
5764
5765
5767
5769
5770
5771
5773
5775
5776
5777
5780
5781
5782
5783
5785
5787
5788
5789
5792
5793
5794
5795
5798
5799
5800
5801
5803
5805
5806
5807
5809
5811
5812
5813
5816
5817
5818
5819
5821
5823
5824
5825
5827
5829
5830
5831
5834
5835
5837
5838
5839
5841
5842
5844
5845
5846
5849
5850
5852
5853
5854
5855
5857
5859
5861
5862
5863
5865
5866
5867
5870
5871
5873
5874
5875
5877
5878
5880
5881
5882
5884
5886
5888
5889
5890
5891
5893
5895
5896
5897
5899
5900
5902
5904
5906
5907
5909
5910
5911
5913
5914
5915
5917
5919
5920
5921
5924
5925
5926
5927
5929
5931
5932
5933
5935
5937
5938
5939
5942
5943
5944
5945
5947
5949
5950
5951
5954
5955
5956
5957
5960
5961
5962
5963
5966
5967
5968
5969
5971
5973
5974
5975
5978
5979
5980
5981
5984
5985
5986
5987
5989
5991
5992
5993
5996
5997
5998
5999
6002
6003
6004
6005
6007
6009
6010
6011
6014
6015
6016
6017
6019
6021
6022
6023
6025
6027
6028
6029
6032
6033
6034
6035
6037
6038
6040
6042
6043
6045
6046
6047
6050
6051
6052
6053
6055
6057
6058
6059
6062
6063
6064
6065
6068
6069
6070
6071
6073
6074
6077
6078
6079
6081
6082
6083
6086
6087
6088
6089
6091
6093
6094
6096
6097
6099
6100
6102
6104
6105
6106
6107
6110
6111
6112
6113
6115
6117
6118
6119
6122
6123
6124
6125
6127
6129
6130
6131
6134
6135
6137
6138
6140
6141
6142
6143
6145
6147
6148
6149
6151
6153
6154
6155
6158
6159
6160
6161
6163
6165
6166
6168
6169
6171
6172
6173
6176
6177
6178
6179
6181
6183
6184
6185
6187
6188
6190
6192
6194
6195
6196
6197
6199
6200
6202
6204
6206
6207
6208
6209
6212
6213
6214
6215
6217
6219
6220
6221
6224
6225
6226
6227
6230
6231
6232
6233
6235
6237
6238
6239
6241
6243
6244
6245
6248
6249
6250
6251
6253
6255
6256
6258
6259
6260
6262
6264
6265
6267
6268
6269
6271
6273
6274
6275
6278
6279
6280
6281
6283
6285
6286
6287
6289
6291
6292
6294
6296
6297
6298
6299
6301
6303
6304
6305
6307
6309
6310
6311
6313
6314
6317
6318
6320
6321
6323
6324
6325
6327
6328
6329
6332
6333
6334
6335
6337
6339
6340
6341
6343
6345
6346
6347
6350
6351
6352
6353
6355
6357
6358
6359
6361
6362
6364
6366
6368
6369
6370
6371
6373
6375
6376
6377
6379
6381
6382
6384
6386
6387
6388
6389
6392
6393
6394
6396
6398
6399
6400
6401
6403
6405
6406
6408
6409
6411
6412
6413
6416
6417
6418
6419
6421
6423
6424
6425
6427
6429
6430
6431
6434
6435
6436
6437
6440
6441
6442
6443
6445
6447
6448
6449
6451
6453
6454
6455
6457
6458
6461
6462
6463
6465
6466
6467
6469
6471
6472
6473
6475
6476
6479
6480
6482
6483
6484
6485
6487
6488
6490
6492
6493
6495
6497
6498
6500
6501
6502
6503
6505
6507
6508
6509
6511
6513
6514
6515
6518
6519
6520
6521
6523
6525
6526
6527
6529
6531
6532
6533
6536
6537
6538
6539
6541
6543
6544
6545
6547
6549
6550
6551
6554
6555
6556
6557
6559
6561
6562
6563
6565
6566
6568
6570
6572
6573
6574
6575
6577
6579
6580
6582
6583
6585
6586
6588
6590
6591
6592
6593
6596
6597
6598
6599
6601
6603
6604
6605
6608
6609
6610
6611
6613
6615
6616
6617
6619
6621
6622
6623
6626
6627
6629
6630
6631
6633
6634
6635
6637
6639
6640
6641
6644
6645
6646
6647
6650
6651
6652
6653
6655
6656
6658
6660
6662
6663
6664
6665
6667
6668
6670
6672
6673
6675
6676
6677
6680
6681
6682
6683
6685
6687
6688
6690
6691
6693
6694
6695
6698
6699
6700
6701
6703
6705
6706
6707
6710
6711
6713
6714
6716
6717
6718
6719
6721
6723
6724
6725
6727
6729
6730
6731
6733
6735
6736
6737
6740
6741
6743
6744
6745
6747
6748
6750
6751
6753
6754
6755
6758
6759
6760
6761
6763
6765
6766
6767
6769
6771
6772
6773
6776
6777
6778
6779
6782
6783
6784
6785
6787
6789
6790
6791
6794
6795
6796
6797
6799
6800
6803
6804
6805
6807
6808
6809
6812
6813
6814
6815
6817
6818
6821
6822
6824
6825
6826
6827
6829
6831
6832
6834
6836
6837
6838
6839
6841
6843
6844
6845
6847
6848
6851
6852
6853
6855
6856
6857
6860
6861
6862
6863
6866
6867
6868
6869
6871
6873
6874
6875
6877
6879
6880
6881
6884
6885
6886
6887
6890
6891
6892
6893
6895
6897
6898
6899
6901
6903
6904
6906
6908
6909
6910
6911
6914
6915
6917
6918
6919
6921
6922
6923
6926
6927
6928
6929
6931
6933
6934
6935
6938
6939
6940
6941
6944
6945
6946
6947
6950
6951
6952
6953
6955
6957
6958
6959
6962
6963
6964
6965
6967
6969
6970
6971
6974
6975
6976
6977
6979
6981
6982
6984
6985
6987
6988
6989
6992
6993
6994
6995
6997
6999
7000
7001
7004
7005
7006
7007
7010
7011
7012
7013
7015
7017
7018
7019
7021
7023
7024
7025
7027
7028
7031
7032
7033
7035
7036
7037
7040
7041
7042
7043
7046
7047
7048
7049
7051
7053
7054
7055
7057
7059
7060
7062
7064
7065
7066
7067
7070
7071
7072
7073
7075
7077
7078
7080
7082
7083
7084
7085
7088
7089
7090
7091
7093
7095
7096
7097
7100
7101
7103
7104
7106
7107
7108
7109
7111
7113
7114
7115
7117
7119
7120
7121
7123
7124
7127
7128
7129
7131
7132
7133
7136
7137
7138
7139
7141
7142
7144
7146
7148
7149
7150
7151
7154
7155
7156
7157
7159
7160
7162
7164
7165
7167
7168
7170
7172
7173
7174
7175
7178
7179
7180
7181
7183
7185
7186
7187
7190
7191
7192
7193
7196
7197
7198
7199
7201
7203
7204
7205
7207
7209
7210
7211
7214
7215
7216
7217
7220
7221
7222
7223
7225
7227
7228
7229
7232
7233
7234
7235
7237
7239
7240
7241
7244
7245
7246
7247
7250
7251
7252
7253
7255
7257
7258
7259
7262
7263
7265
7266
7267
7268
7271
7272
7273
7275
7276
7277
7279
7280
7282
7284
7286
7287
7289
7290
7291
7293
7294
7295
7298
7299
7300
7301
7303
7304
7307
7308
7309
7311
7312
7313
7315
7317
7318
7319
7322
7323
7324
7325
7328
7329
7330
7331
7334
7335
7336
7337
7339
7341
7342
7343
7346
7347
7349
7350
7351
7353
7354
7355
7357
7359
7360
7361
7363
7365
7366
7367
7370
7371
7372
7373
7376
7377
7378
7379
7381
7383
7384
7385
7388
7389
7390
7391
7393
7395
7396
7397
7399
7401
7402
7403
7406
7407
7408
7409
7412
7413
7414
7415
7417
7419
7420
7421
7424
7425
7426
7427
7429
7431
7432
7433
7435
7437
7438
7439
7441
7442
7445
7446
7447
7449
7450
7451
7454
7455
7456
7457
7460
7461
7462
7463
7465
7467
7468
7469
7471
7473
7474
7475
7477
7478
7481
7482
7483
7485
7486
7487
7489
7491
7492
7493
7495
7496
7499
7500
7502
7503
7504
7505
7508
7509
7510
7511
7514
7515
7516
7517
7519
7521
7522
7523
7525
7527
7528
7529
7532
7533
7534
7535
7537
7539
7540
7542
7544
7545
7546
7547
7550
7551
7553
7554
7555
7557
7558
7560
7562
7563
7565
7566
7567
7569
7570
7571
7573
7575
7576
7577
7580
7581
7582
7583
7585
7587
7588
7589
7591
7593
7594
7595
7598
7599
7600
7601
7603
7605
7606
7607
7610
7611
7612
7613
7616
7617
7618
7619
7621
7622
7624
7626
7628
7629
7630
7631
7633
7635
7636
7637
7639
7641
7642
7643
7646
7647
7649
7650
7651
7653
7654
7655
7657
7659
7660
7661
7664
7665
7666
7667
7670
7671
7672
7673
7675
7677
7678
7679
7682
7683
7684
7685
7687
7689
7690
7691
7693
7695
7696
7698
7700
7701
7702
7703
7705
7707
7708
7709
7711
7712
7715
7716
7718
7719
7720
7721
7723
7725
7726
7727
7729
7731
7732
7733
7735
7736
7739
7740
7741
7743
7744
7745
7747
7749
7750
7752
7754
7755
7756
7757
7759
7761
7762
7763
7765
7767
7768
7769
7772
7773
7775
7776
7777
7779
7780
7781
7784
7785
7786
7787
7790
7791
7792
7793
7795
7797
7798
7799
7801
7803
7804
7805
7807
7808
7811
7812
7813
7815
7816
7817
7819
7821
7822
7824
7826
7827
7828
7829
7831
7833
7834
7835
7837
7839
7840
7842
7844
7845
7846
7847
7850
7851
7852
7853
7855
7857
7858
7859
7861
7862
7865
7866
7867
7869
7870
7871
7873
7875
7876
7877
7880
7881
7882
7883
7886
7887
7888
7889
7891
7893
7894
7895
7897
7898
7901
7902
7904
7905
7906
7907
7909
7911
7912
7913
7916
7917
7918
7919
7922
7923
7924
7925
7927
7929
7930
7931
7933
7935
7936
7937
7940
7941
7942
7943
7945
7947
7948
7949
7951
7953
7954
7955
7958
7959
7960
7961
7963
7964
7967
7968
7969
7971
7972
7974
7976
7977
7979
7980
7982
7983
7984
7985
7987
7989
7990
7992
7994
7995
7996
7997
7999
8001
8002
8003
8005
8006
8008
8010
8012
8013
8014
8015
8017
8019
8020
8021
8023
8025
8026
8027
8030
8031
8032
8033
8035
8037
8038
8040
8041
8042
8045
8046
8047
8049
8050
8051
8054
8055
8056
8057
8059
8061
8062
8064
8066
8067
8068
8069
8072
8073
8074
8075
8077
8079
8080
8081
8084
8085
8086
8087
8090
8091
8092
8093
8095
8097
8098
8099
8101
8103
8104
8105
8108
8109
8110
8111
8113
8114
8116
8118
8119
8121
8122
8123
8126
8127
8128
8129
8132
8133
8134
8135
8137
8139
8140
8141
8144
8145
8146
8147
8150
8151
8152
8154
8155
8157
8158
8159
8162
8163
8164
8165
8167
8169
8170
8171
8174
8175
8176
8177
8180
8181
8183
8184
8185
8186
8188
8190
8192
8193
8194
8195
8197
8199
8200
8201
8204
8205
8206
8207
8210
8211
8212
8213
8215
8216
8219
8220
8221
8223
8224
8225
8228
8229
8230
8231
8233
8235
8236
8237
8239
8241
8242
8243
8246
8247
8248
8249
8251
8252
8255
8256
8257
8259
8260
8262
8264
8265
8266
8267
8270
8271
8273
8274
8275
8277
8278
8279
8282
8283
8284
8285
8287
8288
8291
8292
8293
8295
8296
8297
8300
8301
8302
8303
8305
8307
8308
8309
8311
8313
8314
8315
8318
8319
8320
8321
8323
8325
8326
8327
8329
8330
8332
8334
8335
8337
8338
8339
8341
8343
8344
8345
8348
8349
8350
8351
8353
8355
8356
8357
8359
8360
8363
8364
8366
8367
8368
8369
8371
8373
8374
8375
8377
8378
8381
8382
8384
8385
8387
8388
8389
8391
8392
8393
8395
8397
8398
8399
8402
8403
8404
8405
8407
8409
8410
8412
8413
8415
8416
8417
8420
8421
8422
8423
8426
8427
8429
8430
8431
8433
8434
8435
8437
8439
8440
8441
8444
8445
8446
8447
8449
8451
8452
8453
8455
8457
8458
8459
8462
8463
8464
8465
8467
8469
8470
8471
8473
8475
8476
8477
8480
8481
8482
8483
8485
8486
8488
8490
8491
8493
8494
8495
8498
8499
8500
8501
8504
8505
8506
8507
8509
8511
8512
8514
8516
8517
8519
8520
8522
8523
8524
8525
8527
8529
8530
8531
8534
8535
8536
8537
8540
8541
8543
8544
8545
8547
8548
8550
8552
8553
8554
8555
8558
8559
8561
8562
8563
8565
8566
8568
8569
8571
8572
8573
8576
8577
8578
8579
8581
8583
8584
8585
8588
8589
8590
8591
8593
8594
8596
8598
8599
8600
8602
8604
8606
8607
8608
8609
8611
8612
8614
8616
8617
8619
8620
8622
8624
8625
8626
8627
8630
8631
8632
8633
8635
8637
8638
8639
8642
8643
8644
8645
8647
8648
8650
8652
8654
8655
8656
8657
8660
8661
8662
8663
8665
8666
8669
8670
8671
8673
8674
8676
8678
8679
8680
8681
8683
8685
8686
8687
8689
8691
8692
8693
8696
8697
8698
8699
8701
8702
8704
8706
8707
8709
8710
8711
8714
8715
8716
8717
8719
8721
8722
8723
8725
8727
8728
8730
8732
8733
8734
8735
8737
8739
8740
8741
8743
8745
8746
8748
8750
8751
8752
8753
8755
8757
8758
8759
8761
8763
8764
8766
8768
8769
8770
8771
8773
8775
8776
8777
8779
8780
8783
8784
8786
8787
8788
8789
8792
8793
8794
8795
8797
8799
8800
8801
8804
8805
8806
8807
8809
8811
8812
8813
8816
8817
8818
8819
8822
8823
8824
8825
8828
8829
8830
8831
8833
8835
8836
8837
8839
8841
8842
8843
8846
8847
8849
8850
8851
8853
8854
8855
8857
8859
8860
8861
8864
8865
8866
8867
8869
8871
8872
8874
8875
8877
8878
8879
8882
8883
8884
8885
8887
8888
8891
8892
8893
8895
8896
8897
8900
8901
8902
8903
8905
8906
8908
8910
8911
8913
8914
8915
8918
8919
8920
8921
8924
8925
8926
8927
8929
8931
8932
8934
8936
8937
8938
8939
8942
8943
8944
8945
8947
8949
8950
8951
8954
8955
8956
8957
8960
8961
8963
8964
8965
8967
8968
8969
8972
8973
8974
8975
8977
8979
8980
8981
8983
8985
8986
8987
8990
8991
8992
8993
8996
8997
8998
8999
9001
9003
9004
9005
9008
9009
9010
9011
9013
9015
9016
9017
9020
9021
9022
9023
9025
9027
9028
9029
9032
9033
9034
9035
9038
9039
9040
9041
9043
9045
9046
9047
9050
9051
9052
9053
9056
9057
9058
9059
9061
9063
9064
9065
9067
9069
9070
9071
9074
9075
9076
9077
9079
9081
9082
9083
9085
9086
9088
9090
9092
9093
9094
9095
9097
9099
9100
9101
9103
9104
9106
9108
9110
9111
9112
9113
9115
9117
9118
9119
9121
9123
9124
9125
9128
9129
9130
9131
9133
9135
9136
9137
9139
9141
9142
9143
9146
9147
9149
9150
9152
9153
9154
9155
9157
9159
9160
9161
9163
9165
9166
9167
9170
9171
9172
9173
9175
9177
9178
9179
9181
9183
9184
9185
9188
9189
9190
9191
9193
9195
9196
9197
9200
9201
9202
9203
9205
9207
9208
9209
9212
9213
9214
9215
9218
9219
9220
9221
9223
9225
9226
9227
9230
9231
9233
9234
9236
9237
9238
9239
9241
9243
9244
9245
9247
9249
9250
9251
9254
9255
9256
9257
9260
9261
9263
9264
9265
9267
9268
9269
9272
9273
9274
9275
9278
9279
9280
9281
9283
9285
9286
9287
9290
9291
9292
9293
9296
9297
9298
9299
9301
9303
9304
9305
9308
9309
9310
9311
9313
9314
9316
9318
9319
9321
9322
9323
9326
9327
9328
9329
9331
9333
9334
9335
9338
9339
9340
9341
9344
9345
9347
9348
9349
9351
9352
9353
9356
9357
9358
9359
9362
9363
9364
9365
9367
9369
9370
9372
9373
9375
9376
9377
9380
9381
9382
9383
9385
9387
9388
9390
9391
9393
9394
9396
9398
9399
9400
9401
9403
9404
9406
9408
9409
9410
9413
9414
9416
9417
9418
9419
9421
9423
9424
9425
9428
9429
9430
9431
9434
9435
9436
9437
9439
9440
9442
9444
9445
9447
9448
9449
9452
9453
9454
9455
9457
9459
9460
9462
9463
9464
9466
9468
9470
9471
9472
9473
9475
9477
9478
9479
9481
9483
9484
9485
9487
9489
9490
9491
9493
9495
9496
9497
9500
9501
9502
9503
9505
9507
9508
9509
9511
9513
9514
9516
9518
9519
9520
9521
9523
9525
9526
9527
9530
9531
9532
9533
9536
9537
9538
9539
9542
9543
9544
9545
9548
9549
9551
9552
9553
9555
9556
9557
9559
9561
9562
9563
9566
9567
9568
9569
9571
9572
9575
9576
9577
9579
9580
9581
9583
9584
9586
9588
9590
9591
9592
9593
9595
9597
9598
9599
9602
9603
9604
9605
9608
9609
9610
9611
9614
9615
9616
9617
9620
9621
9623
9624
9625
9627
9628
9629
9632
9633
9634
9635
9637
9638
9641
9642
9643
9644
9646
9648
9649
9651
9653
9654
9656
9657
9659
9660
9661
9663
9664
9665
9668
9669
9670
9671
9673
9675
9676
9677
9679
9681
9682
9683
9686
9687
9689
9690
9691
9693
9694
9695
9697
9699
9700
9701
9704
9705
9706
9707
9709
9711
9712
9713
9715
9717
9718
9719
9722
9723
9724
9725
9727
9729
9730
9731
9733
9735
9736
9738
9739
9741
9742
9743
9745
9747
9748
9749
9752
9753
9754
9755
9757
9759
9760
9761
9764
9765
9766
9767
9770
9771
9772
9773
9775
9777
9778
9779
9781
9783
9784
9785
9788
9789
9790
9791
9793
9795
9796
9797
9799
9800
9802
9804
9806
9807
9808
9809
9811
9813
9814
9815
9817
9818
9820
9822
9824
9825
9827
9828
9830
9831
9832
9833
9835
9837
9838
9839
9842
9843
9844
9845
9847
9849
9850
9851
9853
9855
9856
9857
9860
9861
9862
9863
9865
9867
9868
9870
9872
9873
9874
9875
9877
9878
9881
9882
9883
9885
9886
9888
9889
9891
9892
9894
9896
9897
9898
9899
9901
9903
9904
9905
9908
9909
9910
9911
9914
9915
9916
9917
9919
9921
9922
9923
9925
9926
9929
9930
9932
9933
9934
9935
9938
9939
9940
9941
9943
9944
9947
9948
9949
9951
9952
9953
9955
9957
9958
9959
9961
9962
9965
9966
9968
9969
9970
9971
9974
9975
9976
9977
9979
9981
9982
9983
9986
9987
9988
9989
9991
9993
9994
9995
9997
9999
10000
10001
10003
10004
10007
10008
10010
10011
10012
10013
10015
10016
10018
10020
10022
10023
10024
10025
10028
10029
10031
10032
10033
10035
10036
10037
10039
10041
10042
10043
10046
10047
10048
10049
10051
10053
10054
10055
10058
10059
10061
10062
10064
10065
10066
10067
10070
10071
10072
10074
10075
10077
10078
10080
10082
10083
10084
10085
10088
10089
10090
10091
10093
10094
10096
10098
10099
10101
10102
10103
10106
10107
10108
10109
10111
10113
10114
10115
10118
10119
10120
10121
10124
10125
10126
10127
10129
10131
10132
10133
10136
10137
10138
10139
10141
10142
10144
10146
10148
10149
10151
10152
10153
10155
10156
10157
10160
10161
10162
10163
10165
10167
10168
10170
10171
10173
10174
10175
10178
10179
10180
10181
10183
10185
10186
10188
10190
10191
10192
10193
10196
10197
10199
10200
10201
10203
10204
10205
10207
10209
10210
10211
10214
10215
10216
10217
10219
10221
10222
10223
10226
10227
10228
10229
10231
10233
10234
10235
10238
10239
10241
10242
10244
10245
10246
10247
10249
10250
10252
10254
10256
10257
10258
10259
10261
10263
10264
10265
10267
10268
10271
10272
10273
10274
10276
10278
10280
10281
10282
10283
10285
10287
10288
10290
10292
10293
10294
10295
10297
10299
10300
10301
10303
10305
10306
10307
10310
10311
10312
10313
10315
10317
10318
10319
10322
10323
10324
10325
10327
10329
10330
10331
10333
10335
10336
10337
10339
10341
10342
10343
10346
10347
10348
10349
10351
10353
10354
10356
10357
10359
10360
10362
10363
10364
10367
10368
10369
10371
10372
10373
10375
10377
10378
10379
10382
10383
10384
10385
10387
10389
10390
10391
10393
10395
10396
10397
10399
10400
10403
10404
10406
10407
10408
10409
10411
10413
10414
10416
10418
10419
10421
10422
10423
10425
10426
10427
10429
10431
10432
10434
10436
10437
10438
10439
10442
10443
10444
10445
10447
10449
10450
10452
10454
10455
10456
10457
10459
10461
10462
10463
10466
10467
10468
10469
10472
10473
10474
10475
10478
10479
10480
10481
10484
10485
10486
10487
10489
10491
10492
10493
10495
10497
10498
10499
10501
10503
10504
10505
10508
10509
10510
10511
10513
10515
10516
10517
10519
10521
10522
10524
10526
10527
10528
10529
10531
10533
10534
10535
10538
10539
10540
10541
10544
10545
10547
10548
10550
10551
10552
10553
10555
10557
10558
10560
10561
10563
10565
10566
10568
10569
10570
10571
10574
10575
10576
10577
10579
10581
10582
10584
10586
10587
10588
10589
10591
10593
10594
10596
10597
10599
10600
10601
10604
10605
10606
10607
10610
10611
10612
10613
10615
10617
10618
10620
10622
10623
10625
10626
10628
10629
10630
10631
10633
10635
10636
10637
10640
10641
10642
10643
10646
10647
10648
10649
10651
10652
10654
10656
10658
10659
10660
10661
10664
10665
10666
10667
10669
10671
10672
10674
10675
10677
10678
10679
10682
10683
10685
10686
10687
10689
10690
10691
10693
10695
10696
10698
10700
10701
10702
10703
10706
10707
10708
10709
10711
10713
10714
10715
10717
10719
10720
10721
10724
10725
10726
10727
10729
10731
10732
10733
10736
10737
10738
10739
10741
10743
10744
10745
10748
10749
10750
10751
10753
10755
10756
10757
10760
10761
10762
10763
10765
10767
10768
10769
10771
10772
10775
10776
10777
10778
10780
10782
10783
10785
10786
10787
10789
10790
10793
10794
10795
10796
10798
10800
10801
10803
10804
10805
10807
10808
10810
10812
10814
10815
10816
10817
10819
10821
10822
10824
10825
10827
10828
10829
10832
10833
10834
10835
10837
10839
10840
10841
10843
10845
10846
10847
10850
10851
10852
10853
10855
10857
10858
10859
10862
10863
10864
10865
10868
10869
10870
10871
10874
10875
10876
10877
10879
10881
10882
10883
10885
10886
10889
10890
10892
10893
10894
10895
10897
10898
10900
10902
10904
10905
10907
10908
10909
10911
10912
10913
10915
10917
10918
10919
10921
10922
10925
10926
10928
10929
10930
10931
10933
10935
10936
10937
10940
10941
10942
10943
10945
10947
10948
10949
10951
10953
10954
10955
10958
10959
10961
10962
10963
10965
10966
10967
10969
10971
10972
10973
10976
10977
10978
10979
10981
10983
10984
10985
10987
10989
10990
10992
10993
10994
10997
10998
10999
11001
11002
11003
11005
11007
11008
11009
11012
11013
11015
11016
11017
11019
11020
11021
11024
11025
11026
11028
11030
11031
11032
11033
11036
11037
11039
11040
11042
11043
11045
11046
11047
11049
11050
11051
11053
11055
11056
11057
11060
11061
11063
11064
11065
11067
11068
11069
11072
11073
11074
11075
11078
11079
11080
11081
11083
11085
11086
11087
11090
11091
11092
11093
11095
11096
11098
11100
11102
11103
11104
11105
11108
11109
11111
11112
11113
11115
11116
11117
11119
11120
11123
11124
11125
11127
11128
11129
11132
11133
11134
11135
11138
11139
11140
11141
11144
11145
11146
11147
11149
11151
11152
11153
11156
11157
11158
11159
11162
11163
11164
11165
11168
11169
11170
11171
11173
11175
11176
11177
11179
11181
11182
11183
11186
11187
11188
11189
11192
11193
11195
11196
11197
11199
11200
11201
11204
11205
11206
11207
11209
11210
11213
11214
11216
11217
11218
11219
11221
11223
11224
11226
11228
11229
11230
11231
11234
11235
11236
11237
11239
11241
11242
11243
11246
11247
11248
11249
11252
11253
11254
11255
11257
11259
11260
11261
11263
11264
11266
11268
11270
11271
11273
11274
11275
11277
11278
11280
11282
11283
11284
11285
11287
11289
11290
11291
11294
11295
11297
11298
11299
11300
11303
11304
11306
11307
11308
11309
11311
11313
11314
11315
11317
11318
11321
11322
11324
11325
11326
11327
11329
11331
11332
11333
11336
11337
11338
11339
11342
11343
11344
11345
11347
11348
11351
11352
11353
11355
11356
11357
11360
11361
11362
11363
11365
11367
11368
11369
11372
11373
11374
11375
11378
11379
11380
11381
11383
11384
11387
11388
11389
11391
11392
11394
11396
11397
11398
11399
11401
11402
11405
11406
11407
11409
11410
11411
11414
11415
11416
11417
11419
11420
11423
11424
11425
11427
11428
11430
11431
11433
11434
11435
11438
11439
11440
11441
11444
11445
11446
11447
11450
11451
11452
11453
11456
11457
11458
11459
11461
11463
11464
11465
11467
11469
11470
11471
11473
11474
11477
11478
11479
11481
11482
11484
11486
11487
11488
11489
11491
11492
11494
11496
11497
11498
11501
11502
11503
11505
11506
11507
11509
11511
11512
11513
11516
11517
11518
11519
11522
11523
11524
11525
11527
11529
11530
11531
11533
11535
11536
11537
11540
11541
11542
11543
11545
11547
11548
11549
11552
11553
11554
11555
11557
11559
11560
11561
11564
11565
11566
11567
11570
11571
11572
11573
11575
11577
11578
11580
11581
11582
11584
11586
11588
11589
11590
11591
11593
11595
11596
11597
11600
11601
11602
11603
11605
11606
11609
11610
11612
11613
11614
11616
11617
11619
11620
11622
11623
11625
11626
11627
11629
11630
11633
11634
11636
11637
11639
11640
11642
11643
11645
11646
11648
11649
11651
11652
11653
11654
11656
11658
11659
11660
11663
11664
11666
11667
11669
11670
11671
11673
11674
11675
11677
11679
11680
11681
11683
11685
11686
11687
11689
11691
11692
11693
11695
11696
11699
11700
11701
11703
11704
11706
11707
11709
11711
11712
11713
11714
11716
11717
11719
11720
11722
11723
11725
11726
11729
11730
11732
11733
11734
11736
11737
11739
11741
11742
11744
11745
11747
11748
11749
11750
11753
11754
11755
11757
11759
11760
11762
11763
11765
11766
11767
11769
11770
11772
11774
11775
11777
11778
11780
11781
11782
11784
11786
11787
11789
11790
11792
11793
11795
11796
11797
11798
11800
11801
11803
11805
11806
11807
11809
11811
11812
11813
11816
11817
11818
11819
11821
11822
11824
11825
11827
11828
11830
11832
11833
11834
11837
11838
11840
11841
11842
11844
11846
11847
11848
11850
11851
11853
11855
11856
11858
11859
11860
11862
11863
11864
11866
11868
11869
11870
11872
11873
11875
11877
11878
11879
11882
11883
11884
11886
11887
11889
11890
11891
11893
11895
11897
11898
11899
11901
11902
11903
11905
11906
11908
11909
11911
11912
11914
11915
11917
11919
11920
11921
11924
11925
11926
11928
11929
11931
11932
11933
11935
11937
11938
11939
11942
11943
11944
11946
11948
11949
11950
11952
11953
11954
11956
11957
11959
11960
11963
11964
11965
11967
11968
11969
11972
11973
11974
11976
11978
11979
11980
11982
11983
11984
11987
11988
11989
11991
11992
11994
11995
11997
11998
11999
12001
12002
12004
12006
12007
12008
12011
12012
12013
12015
12017
12018
12020
12021
12022
12023
12025
12027
12028
12029
12031
12033
12034
12035
12037
12038
12040
12042
12043
12045
12046
12047
12049
12051
12053
12054
12056
12057
12059
12060
12069
12080
12091
12112
12115
12116
12119
12130
12139
12140
12141
12160
12172
12173
12174
12176
12177
12190
12196
12197
12202
12208
12213
12214
12230
12235
12237
12242
12246
12250
12260
12262
12271
12293
12295
12302
12305
12307
12330
12337
12338
12340
12343
12349
12359
12377
12382
12386
12388
12396
12398
12403
12413
12415
12422
12428
12436
12467
12473
12481
12487
12488
12489
12496
12507
12515
12516
12527
12530
12531
12552
12557
12584
12590
12593
12602
12603
12606
12608
12630
12636
12639
12662
12668
12678
12687
12689
12698
12699
12704
12708
12716
12723
12732
12735
12737
12738
12750
12765
12767
12789
12792
12797
12827
12843
12846
12849
12867
12869
12873
12896
12902
12905
12912
12926
12941
12945
12957
12966
12972
12983
12990
12995
12996
13008
13020
13025
13031
13032
13037
13044
13049
13052
13070
13083
13088
13089
13091
13097
13100
13106
13119
13137
13140
13170
13173
13199
13208
13217
13220
13223
13224
13229
13232
13233
13247
13251
13253
13262
13263
13265
13289
13292
13302
13310
13313
13316
13323
13325
13338
13346
13355
13362
13364
13367
13368
13383
13389
13397
13431
13451
13452
13454
13455
13457
13470
13472
13476
13488
13505
13509
13521
13524
13526
13533
13539
13542
13547
13553
13554
13556
13559
13560
13568
13571
13572
13586
13590
