s vc 53610 10670
32768
1
32770
32771
32774
32776
32778
32780
32782
32784
32786
32787
32790
32791
32794
32796
32798
32800
32802
32804
32805
32808
32809
32811
32813
32816
32817
32819
32822
32823
32826
32828
32829
32831
32833
32835
32837
32839
32841
32844
32846
32847
32850
32851
32854
32856
32857
32859
32862
32864
32865
32867
32869
32872
32873
32875
32877
32880
32882
32884
32886
32888
32889
32891
32893
32895
32897
32899
32901
32903
32906
32908
32909
32911
32914
32915
32918
32920
32922
32923
32926
32928
32930
32932
32933
32935
32938
32939
32942
32944
32946
32948
32950
32951
32954
32956
32958
32960
32962
32964
32966
32967
32970
32972
32973
32975
32977
32979
32981
32984
32985
32988
32989
32991
32993
32996
32998
32999
33001
33004
33006
33008
33009
33012
33014
33015
33018
33019
33021
33024
33026
33028
33029
33032
33034
33035
33038
33039
33041
33043
33046
33048
33050
33052
33054
33055
33058
33060
33062
33063
33065
33068
33069
33071
33074
33076
33078
33079
33081
33083
33085
33087
33089
33091
33093
33095
33098
33100
33102
33103
33105
33107
33110
33111
33114
33115
33117
33119
33121
33123
33126
33128
33130
33131
33134
33135
33137
33140
33142
33143
33145
33147
33150
33151
33154
33156
33158
33159
33161
33164
33165
33167
33169
33171
33174
33176
33178
33180
33182
33183
33185
33187
33189
33192
33194
33196
33198
33200
33201
33204
33206
33208
33209
33211
33213
33215
33218
33219
33221
33224
33225
33228
33230
33231
33233
33235
33238
33239
33241
33244
33246
33247
33249
33252
33253
33256
33258
33260
33261
33264
33266
33268
33269
33272
33274
33276
33277
33279
33281
33284
33286
33288
33290
33292
33294
33295
33297
33300
33301
33304
33305
33307
33309
33311
33314
33315
33317
33319
33322
33324
33326
33327
33329
33332
33333
33335
33338
33339
33341
33344
33346
33347
33350
33351
33353
33356
33358
33360
33362
33363
33366
33368
33369
33372
33374
33376
33377
33380
33381
33384
33386
33387
33389
33391
33393
33396
33397
33399
33401
33404
33406
33407
33410
33411
33414
33416
33417
33419
33421
33424
33426
33428
33429
33432
33434
33435
33438
33440
33442
33443
33446
33447
33449
33451
33453
33455
33458
33460
33461
33464
33466
33467
33469
33471
33473
33475
33478
33480
33481
33483
33486
33488
33490
33492
33494
33495
33497
33499
33501
33503
33505
33507
33510
33511
33513
33515
33517
33520
33521
33524
33526
33528
33530
33531
33533
33536
33537
33539
33542
33543
33546
33548
33550
33551
33553
33555
33557
33560
33562
33564
33565
33567
33570
33572
33573
33575
33578
33580
33582
33584
33586
33588
33589
33592
33593
33595
33598
33600
33602
33603
33606
33608
33610
33611
33613
33616
33618
33620
33622
33623
33625
33627
33630
33632
33634
33636
33637
33639
33641
33643
33646
33648
33649
33651
33653
33655
33658
33660
33661
33664
33665
33668
33669
33671
33674
33675
33678
33679
33682
33684
33685
33688
33689
33691
33694
33695
33697
33700
33702
33703
33705
33707
33710
33711
33714
33716
33717
33720
33722
33724
33725
33728
33729
33731
33733
33735
33738
33739
33741
33743
33745
33747
33750
33751
33753
33756
33757
33760
33761
33764
33766
33767
33769
33771
33774
33776
33777
33780
33781
33784
33785
33788
33789
33791
33793
33796
33798
33800
33802
33804
33805
33807
33809
33812
33814
33816
33817
33819
33822
33823
33826
33828
33830
33832
33834
33836
33837
33840
33841
33843
33845
33847
33850
33852
33854
33856
33858
33860
33862
33863
33866
33868
33869
33872
33874
33876
33877
33879
33882
33883
33886
33888
33889
33891
33894
33895
33897
33900
33902
33904
33905
33908
33909
33912
33914
33916
33917
33919
33921
33924
33925
33928
33929
33931
33933
33936
33937
33939
33941
33943
33946
33947
33949
33952
33954
33955
33957
33960
33961
33963
33965
33968
33970
33971
33973
33976
33977
33980
33981
33984
33985
33988
33990
33991
33993
33996
33998
34000
34001
34003
34006
34008
34010
34012
34014
34015
34017
34019
34022
34023
34025
34027
34030
34031
34033
34035
34038
34039
34041
34043
34046
34048
34050
34051
34054
34055
34058
34059
34062
34063
34066
34068
34069
34071
34073
34076
34078
34079
34082
34083
34085
34087
34089
34092
34094
34095
34097
34100
34102
34104
34105
34107
34110
34111
34114
34116
34118
34120
34122
34124
34126
34128
34129
34131
34134
34135
34138
34140
34142
34144
34146
34147
34149
34152
34154
34155
34157
34160
34162
34163
34165
34168
34169
34172
34174
34175
34178
34179
34182
34183
34186
34187
34189
34191
34194
34195
34198
34200
34202
34204
34206
34207
34209
34212
34213
34215
34218
34220
34221
34223
34226
34228
34229
34231
34233
34235
34238
34240
34242
34243
34246
34247
34250
34252
34254
34256
34258
34260
34261
34264
34266
34268
34270
34271
34273
34275
34278
34279
34282
34283
34285
34288
34290
34292
34294
34296
34298
34300
34301
34304
34306
34308
34309
34312
34314
34316
34318
34320
34322
34323
34326
34327
34329
34332
34333
34335
34337
34340
34342
34343
34346
34348
34349
34351
34353
34356
34358
34359
34362
34363
34366
34367
34369
34371
34374
34375
34378
34379
34382
34383
34386
34388
34389
34392
34393
34395
34398
34400
34401
34403
34405
34408
34409
34412
34414
34415
34417
34419
34421
34423
34425
34428
34429
34432
34433
34436
34438
34440
34441
34443
34446
34448
34449
34451
34453
34456
34457
34459
34462
34464
34466
34467
34470
34471
34474
34476
34477
34479
34482
34483
34486
34488
34489
34492
34494
34495
34497
34499
34502
34503
34505
34507
34509
34511
34513
34516
34517
34519
34521
34523
34525
34527
34529
34532
34534
34536
34537
34539
34542
34543
34545
34547
34549
34552
34553
34556
34557
34559
34562
34563
34565
34567
34570
34572
34574
34575
34578
34580
34582
34584
34585
34588
34590
34591
34593
34595
34597
34599
34601
34603
34606
34608
34610
34611
34613
34616
34617
34619
34621
34623
34625
34628
34630
34631
34633
34636
34638
34639
34642
34643
34645
34647
34649
34652
34654
34655
34658
34659
34662
34663
34665
34668
34670
34671
34673
34676
34677
34679
34682
34683
34685
34687
34689
34691
34694
34696
34698
34699
34701
34704
34705
34708
34710
34711
34713
34716
34717
34720
34722
34723
34725
34727
34730
34732
34734
34736
34738
34739
34742
34743
34746
34748
34749
34752
34753
34755
34758
34759
34762
34764
34766
34767
34770
34772
34774
34775
34777
34780
34781
34784
34785
34787
34790
34791
34793
34796
34797
34800
34802
34803
34805
34807
34809
34812
34813
34816
34818
34820
34821
34823
34826
34827
34830
34831
34833
34835
34837
34840
34841
34844
34846
34848
34849
34851
34854
34856
34857
34859
34862
34863
34866
34868
34869
34871
34873
34875
34877
34879
34882
34883
34886
34888
34889
34891
34894
34896
34898
34899
34902
34903
34906
34907
34909
34911
34913
34916
34918
34919
34921
34923
34925
34927
34930
34932
34933
34935
34938
34939
34942
34943
34946
34948
34949
34952
34954
34956
34958
34960
34962
34964
34965
34967
34970
34972
34973
34975
34977
34980
34981
34984
34985
34988
34989
34991
34993
34995
34997
35000
35001
35004
35006
35008
35009
35012
35013
35016
35018
35020
35021
35023
35026
35028
35030
35032
35033
35035
35037
35039
35041
35043
35045
35047
35050
35051
35054
35055
35057
35059
35061
35064
35065
35067
35070
35072
35073
35075
35078
35080
35081
35083
35085
35088
35090
35091
35094
35095
35098
35099
35101
35104
35106
35107
35110
35112
35114
35116
35117
35119
35122
35124
35125
35128
35129
35132
35133
35135
35137
35139
35142
35144
35145
35148
35149
35152
35153
35155
35157
35160
35162
35164
35166
35167
35169
35172
35174
35176
35178
35179
35181
35184
35186
35188
35189
35192
35194
35196
35198
35200
35201
35204
35205
35207
35210
35212
35213
35216
35218
35220
35221
35223
35226
35228
35229
35232
35234
35236
35238
35240
35242
35243
35245
35247
35250
35252
35253
35255
35257
35260
35261
35264
35265
35268
35270
35271
35273
35275
35278
35279
35281
35284
35286
35288
35290
35292
35293
35296
35297
35299
35302
35303
35306
35307
35309
35311
35314
35316
35318
35320
35322
35323
35326
35328
35329
35331
35333
35335
35337
35340
35342
35343
35345
35347
35349
35351
35354
35356
35358
35360
35361
35363
35365
35368
35369
35372
35374
35375
35378
35379
35381
35383
35386
35387
35390
35391
35394
35395
35398
35400
35401
35404
35405
35407
35410
35411
35414
35416
35418
35420
35421
35423
35426
35427
35430
35431
35434
35436
35437
35439
35441
35443
35445
35448
35450
35452
35453
35456
35458
35460
35461
35463
35465
35467
35470
35472
35473
35476
35477
35479
35482
35484
35485
35488
35489
35492
35493
35495
35498
35499
35501
35504
35506
35508
35509
35511
35514
35516
35518
35520
35521
35523
35525
35527
35529
35532
35534
35536
35538
35540
35541
35544
35546
35548
35549
35551
35553
35555
35557
35559
35562
35564
35565
35568
35570
35572
35574
35575
35578
35579
35581
35583
35586
35587
35590
35591
35593
35595
35597
35600
35602
35604
35605
35608
35610
35612
35614
35616
35618
35620
35622
35624
35625
35628
35629
35632
35634
35635
35637
35639
35642
35643
35646
35647
35649
35651
35654
35656
35658
35659
35661
35664
35666
35668
35669
35671
35673
35675
35678
35680
35682
35684
35685
35687
35689
35691
35694
35695
35697
35700
35701
35704
35705
35708
35710
35711
35713
35716
35718
35719
35722
35723
35725
35727
35730
35731
35734
35736
35738
35740
35741
35744
35745
35748
35749
35752
35754
35755
35758
35759
35762
35763
35765
35767
35769
35772
35773
35775
35777
35779
35781
35783
35786
35788
35790
35791
35794
35796
35797
35800
35802
35804
35806
35807
35809
35812
35814
35816
35817
35820
35822
35823
35826
35827
35830
35832
35833
35836
35837
35840
35842
35844
35845
35848
35849
35852
35853
35855
35857
35860
35862
35864
35866
35867
35869
35872
35873
35875
35877
35879
35881
35883
35885
35887
35890
35891
35893
35896
35897
35900
35901
35904
35905
35908
35909
35911
35913
35916
35918
35919
35922
35923
35926
35927
35930
35932
35934
35936
35938
35940
35942
35943
35946
35947
35950
35952
35954
35956
35958
35959
35961
35964
35965
35968
35969
35972
35973
35976
35978
35979
35981
35983
35985
35988
35990
35991
35993
35996
35998
36000
36001
36003
36006
36007
36010
36012
36013
36015
36018
36019
36022
36023
36026
36027
36029
36032
36033
36035
36038
36039
36041
36044
36045
36047
36049
36052
36054
36056
36057
36059
36061
36063
36065
36068
36070
36072
36074
36075
36077
36079
36082
36083
36086
36088
36090
36091
36094
36096
36098
36099
36101
36104
36105
36107
36110
36111
36113
36115
36118
36119
36122
36123
36125
36127
36129
36132
36133
36136
36137
36140
36142
36143
36145
36148
36150
36152
36153
36155
36157
36159
36162
36163
36166
36167
36169
36171
36173
36176
36178
36180
36182
36183
36185
36188
36189
36192
36194
36196
36198
36200
36202
36203
36206
36207
36209
36211
36213
36215
36217
36219
36222
36223
36225
36227
36229
36232
36234
36236
36238
36239
36241
36243
36246
36247
36249
36251
36253
36256
36257
36260
36261
36263
36265
36267
36270
36271
36274
36276
36278
36280
36281
36284
36285
36287
36289
36292
36293
36296
36298
36299
36301
36304
36306
36307
36309
36311
36313
36315
36318
36319
36321
36324
36326
36328
36330
36332
36333
36335
36337
36339
36341
36343
36345
36348
36349
36352
36354
36356
36357
36360
36361
36363
36365
36368
36369
36372
36374
36376
36377
36379
36381
36383
36385
36388
36390
36392
36394
36396
36398
36400
36401
36403
36405
36408
36409
36412
36413
36416
36417
36420
36421
36423
36425
36428
36429
36432
36433
36436
36437
36439
36441
36443
36446
36448
36450
36451
36454
36455
36457
36459
36461
36464
36466
36468
36469
36472
36473
36476
36477
36479
36482
36484
36485
36487
36489
36492
36493
36495
36497
36500
36502
36503
36506
36508
36510
36512
36513
36516
36517
36519
36522
36524
36525
36527
36530
36531
36533
36536
36538
36540
36542
36544
36546
36547
36550
36551
36554
36556
36558
36559
36562
36564
36566
36567
36570
36571
36573
36575
36577
36579
36581
36583
36586
36587
36590
36592
36594
36595
36597
36599
36602
36603
36606
36608
36610
36612
36614
36615
36618
36620
36621
36623
36626
36627
36629
36632
36633
36636
36638
36640
36642
36644
36646
36648
36649
36651
36654
36655
36658
36660
36662
36664
36666
36667
36670
36672
36674
36676
36678
36680
36682
36683
36686
36688
36690
36691
36694
36695
36697
36699
36702
36703
36706
36707
36710
36712
36714
36715
36718
36719
36722
36724
36725
36727
36729
36731
36734
36735
36737
36739
36741
36743
36745
36747
36750
36752
36754
36755
36758
36760
36761
36763
36766
36767
36770
36772
36773
36775
36777
36779
36781
36783
36785
36787
36790
36792
36794
36796
36798
36799
36802
36803
36806
36807
36809
36811
36813
36815
36818
36820
36822
36823
36825
36827
36829
36831
36834
36835
36838
36839
36841
36844
36845
36847
36850
36852
36853
36855
36858
36859
36861
36864
36865
36867
36869
36872
36873
36875
36878
36880
36882
36883
36885
36887
36890
36892
36894
36896
36898
36899
36902
36904
36906
36908
36910
36912
36914
36916
36917
36919
36921
36924
36926
36928
36930
36931
36934
36936
36938
36939
36942
36944
36946
36948
36949
36952
36954
36956
36958
36960
36962
36964
36965
36967
36969
36971
36974
36975
36977
36979
36981
36983
36986
36987
36990
36992
36994
36996
36997
37000
37002
37004
37006
37008
37010
37011
37013
37016
37017
37019
37021
37023
37026
37028
37029
37031
37034
37036
37038
37040
37042
37044
37045
37047
37050
37051
37053
37056
37057
37059
37062
37064
37066
37068
37070
37071
37074
37076
37077
37080
37082
37083
37085
37088
37089
37092
37094
37095
37098
37100
37101
37103
37106
37107
37109
37111
37113
37116
37117
37119
37122
37124
37126
37128
37129
37132
37133
37136
37138
37140
37142
37144
37146
37147
37149
37152
37153
37155
37157
37160
37161
37163
37165
37168
37170
37172
37173
37176
37177
37180
37182
37184
37186
37188
37190
37191
37194
37196
37197
37199
37202
37203
37206
37207
37210
37212
37214
37215
37217
37220
37221
37223
37226
37228
37230
37231
37234
37236
37238
37239
37242
37243
37246
37247
37249
37251
37253
37255
37258
37260
37261
37264
37265
37268
37269
37271
37274
37276
37277
37279
37281
37284
37286
37287
37289
37292
37293
37296
37298
37299
37302
37304
37305
37307
37309
37311
37314
37316
37317
37320
37321
37324
37325
37327
37330
37331
37334
37336
37337
37340
37342
37344
37345
37347
37350
37352
37354
37356
37358
37360
37361
37363
37366
37367
37369
37371
37373
37376
37377
37380
37382
37384
37386
37387
37389
37391
37393
37396
37397
37399
37402
37404
37406
37407
37409
37411
37414
37415
37417
37420
37421
37424
37425
37428
37429
37432
37434
37436
37437
37439
37441
37443
37445
37448
37450
37451
37453
37455
37457
37459
37461
37463
37465
37468
37470
37471
37473
37475
37478
37480
37482
37484
37485
37488
37490
37491
37494
37495
37497
37500
37501
37503
37506
37507
37510
37512
37514
37516
37517
37520
37522
37523
37526
37528
37529
37532
37534
37536
37538
37539
37541
37544
37546
37547
37550
37552
37554
37556
37557
37559
37561
37563
37566
37567
37569
37572
37574
37576
37577
37579
37581
37583
37586
37587
37589
37592
37594
37596
37597
37600
37601
37603
37606
37607
37610
37611
37614
37616
37618
37620
37621
37624
37625
37628
37629
37632
37633
37635
37638
37640
37642
37643
37646
37647
37650
37652
37654
37655
37657
37659
37662
37663
37666
37668
37670
37671
37673
37675
37677
37679
37681
37684
37685
37687
37690
37691
37693
37695
37697
37700
37702
37703
37706
37707
37710
37712
37713
37715
37718
37720
37721
37724
37725
37728
37729
37731
37734
37736
37737
37740
37741
37743
37746
37748
37749
37752
37753
37756
37758
37760
37762
37764
37765
37767
37769
37771
37774
37776
37777
37779
37781
37784
37785
37788
37789
37791
37794
37796
37797
37800
37802
37804
37805
37807
37810
37812
37814
37816
37817
37820
37821
37823
37825
37828
37829
37832
37834
37835
37837
37840
37842
37843
37846
37847
37849
37852
37853
37856
37858
37859
37861
37864
37866
37867
37870
37871
37873
37876
37877
37880
37881
37883
37886
37888
37890
37891
37893
37896
37898
37899
37902
37904
37906
37907
37910
37911
37913
37916
37918
37919
37922
37924
37926
37928
37929
37931
37933
37935
37938
37939
37941
37943
37945
37947
37949
37951
37953
37955
37957
37960
37962
37964
37965
37968
37970
37972
37973
37975
37977
37980
37981
37984
37986
37987
37990
37991
37993
37996
37997
38000
38001
38003
38006
38008
38010
38011
38013
38016
38018
38019
38021
38023
38026
38027
38030
38032
38033
38035
38037
38040
38041
38043
38045
38047
38050
38052
38053
38055
38058
38060
38062
38063
38065
38068
38069
38071
38073
38075
38077
38080
38081
38083
38085
38087
38090
38092
38094
38095
38098
38099
38102
38104
38106
38107
38110
38112
38113
38116
38117
38120
38121
38124
38126
38128
38130
38131
38133
38135
38138
38139
38142
38143
38146
38148
38150
38151
38153
38156
38158
38159
38161
38164
38166
38168
38170
38172
38174
38176
38178
38179
38182
38184
38185
38188
38189
38191
38194
38195
38198
38200
38201
38204
38205
38207
38210
38212
38214
38216
38218
38220
38221
38224
38225
38228
38229
38231
38233
38236
38238
38239
38242
38243
38245
38248
38249
38251
38254
38256
38257
38259
38262
38264
38265
38268
38270
38271
38274
38275
38277
38279
38281
38283
38285
38288
38289
38292
38294
38296
38298
38299
38301
38304
38305
38308
38309
38311
38314
38315
38317
38319
38322
38324
38326
38327
38330
38332
38333
38335
38337
38339
38341
38343
38346
38347
38349
38351
38353
38356
38357
38360
38361
38364
38365
38368
38369
38371
38374
38375
38377
38379
38381
38383
38385
38387
38390
38391
38393
38395
38398
38399
38401
38404
38405
38407
38409
38412
38413
38416
38418
38420
38422
38424
38426
38428
38429
38432
38434
38435
38438
38440
38441
38443
38445
38448
38450
38451
38453
38455
38457
38460
38461
38464
38465
38468
38469
38471
38474
38476
38477
38480
38482
38484
38486
38488
38489
38491
38494
38496
38497
38500
38502
38504
38506
38508
38509
38511
38514
38515
38518
38519
38521
38524
38526
38528
38530
38531
38534
38535
38537
38540
38542
38544
38546
38547
38550
38551
38554
38556
38558
38559
38562
38564
38565
38567
38569
38571
38573
38575
38578
38579
38581
38584
38585
38587
38590
38591
38593
38596
38598
38600
38602
38603
38605
38608
38610
38612
38614
38616
38617
38620
38621
38623
38626
38628
38630
38631
38634
38635
38637
38640
38641
38643
38645
38648
38649
38651
38653
38656
38658
38660
38661
38663
38666
38667
38669
38671
38674
38675
38677
38680
38682
38683
38686
38688
38690
38691
38694
38696
38698
38699
38702
38704
38705
38707
38709
38711
38713
38715
38718
38719
38722
38724
38725
38728
38730
38731
38733
38735
38738
38740
38741
38743
38745
38747
38750
38751
38753
38756
38758
38759
38761
38763
38766
38767
38770
38772
38774
38776
38777
38779
38782
38783
38785
38787
38790
38791
38794
38795
38797
38800
38801
38803
38805
38807
38810
38812
38814
38815
38818
38819
38822
38824
38825
38828
38830
38831
38833
38836
38837
38839
38842
38844
38845
38848
38849
38851
38853
38856
38858
38860
38862
38863
38866
38868
38870
38872
38873
38876
38878
38879
38881
38884
38885
38888
38890
38892
38893
38895
38898
38899
38901
38904
38905
38908
38909
38912
38914
38916
38918
38919
38922
38923
38926
38927
38929
38932
38933
38936
38937
38940
38941
38943
38945
38947
38949
38951
38954
38956
38957
38959
38962
38963
38966
38967
38970
38971
38973
38976
38977
38979
38982
38983
38985
38988
38990
38991
38993
38996
38998
38999
39001
39003
39005
39007
39009
39012
39013
39016
39018
39019
39022
39023
39026
39027
39030
39032
39033
39036
39037
39039
39042
39044
39046
39047
39049
39051
39054
39056
39058
39060
39062
39064
39066
39067
39069
39072
39074
39076
39078
39080
39082
39084
39086
39087
39090
39092
39094
39095
39097
39100
39101
39104
39106
39108
39110
39112
39114
39116
39118
39119
39122
39124
39125
39128
39129
39132
39134
39136
39138
39139
39142
39144
39146
39148
39150
39152
39153
39156
39158
39160
39162
39163
39165
39167
39169
39171
39173
39175
39178
39179
39182
39184
39186
39188
39190
39191
39194
39196
39198
39200
39202
39203
39206
39207
39210
39211
39213
39216
39217
39220
39222
39223
39225
39227
39230
39232
39234
39235
39238
39240
39241
39244
39245
39247
39250
39251
39253
39255
39258
39259
39262
39263
39265
39267
39269
39271
39274
39275
39277
39279
39281
39283
39285
39288
39289
39291
39294
39295
39297
39299
39301
39304
39306
39308
39309
39311
39313
39315
39318
39319
39322
39324
39326
39328
39330
39331
39333
39335
39337
39340
39342
39344
39345
39347
39349
39351
39353
39356
39357
39359
39362
39363
39366
39368
39370
39371
39374
39375
39377
39379
39381
39384
39385
39388
39390
39392
39394
39396
39397
39399
39401
39404
39405
39407
39409
39412
39414
39415
39418
39419
39421
39424
39426
39427
39430
39431
39433
39436
39438
39439
39442
39444
39445
39448
39449
39451
39453
39455
39458
39459
39461
39463
39465
39467
39469
39471
39473
39475
39477
39479
39482
39484
39485
39488
39490
39491
39493
39496
39497
39500
39502
39504
39505
39507
39510
39511
39514
39515
39517
39519
39521
39523
39526
39527
39530
39531
39534
39535
39538
39540
39542
39543
39545
39547
39549
39552
39554
39555
39558
39560
39562
39563
39565
39568
39569
39572
39573
39575
39577
39579
39581
39583
39585
39588
39590
39592
39593
39596
39598
39599
39601
39603
39605
39608
39610
39611
39613
39615
39617
39619
39621
39624
39626
39627
39630
39631
39633
39636
39638
39640
39641
39644
39645
39648
39649
39652
39653
39655
39657
39660
39661
39663
39665
39667
39670
39671
39673
39675
39678
39680
39682
39683
39686
39687
39690
39691
39694
39696
39698
39700
39702
39704
39706
39707
39709
39712
39713
39716
39717
39719
39722
39723
39726
39728
39729
39731
39733
39736
39737
39740
39742
39743
39745
39747
39750
39751
39754
39755
39757
39759
39762
39763
39766
39768
39769
39771
39774
39776
39777
39780
39781
39783
39786
39787
39789
39792
39793
39796
39798
39800
39801
39804
39806
39807
39809
39811
39814
39815
39817
39819
39821
39824
39825
39827
39829
39831
39834
39835
39837
39840
39842
39843
39846
39847
39850
39852
39854
39856
39857
39860
39861
39864
39866
39867
39869
39872
39873
39876
39878
39880
39882
39883
39885
39887
39889
39891
39893
39896
39898
39900
39901
39903
39906
39908
39909
39911
39914
39915
39918
39920
39921
39923
39925
39927
39930
39932
39934
39936
39938
39940
39941
39944
39945
39948
39950
39952
39954
39955
39958
39959
39961
39963
39966
39968
39969
39971
39974
39976
39977
39979
39981
39984
39986
39987
39989
39992
39994
39996
39998
40000
40002
40004
40005
40007
40009
40011
40014
40016
40018
40019
40022
40024
40026
40028
40030
40032
40034
40036
40038
40039
40041
40043
40046
40047
40049
40051
40054
40055
40057
40059
40061
40064
40065
40067
40069
40071
40073
40076
40077
40080
40082
40084
40086
40087
40090
40091
40093
40095
40098
40100
40102
40104
40105
40108
40110
40112
40114
40115
40117
40119
40122
40123
40125
40127
40129
40132
40134
40136
40138
40139
40142
40143
40146
40148
40149
40151
40153
40155
40157
40159
40161
40164
40166
40168
40170
40171
40174
40176
40177
40179
40182
40184
40186
40188
40190
40191
40193
40196
40197
40200
40202
40204
40205
40207
40210
40212
40213
40216
40218
40219
40222
40223
40225
40227
40229
40232
40234
40235
40237
40239
40241
40243
40245
40247
40250
40252
40253
40255
40258
40259
40262
40263
40266
40268
40269
40271
40273
40276
40277
40279
40282
40284
40285
40287
40290
40291
40293
40295
40298
40300
40302
40303
40305
40307
40309
40312
40314
40315
40317
40320
40322
40324
40325
40327
40329
40332
40333
40335
40338
40340
40341
40343
40346
40347
40349
40352
40354
40356
40358
40360
40362
40363
40365
40367
40370
40371
40374
40375
40377
40379
40381
40384
40386
40387
40389
40392
40394
40395
40397
40399
40401
40403
40406
40408
40409
40411
40414
40415
40417
40419
40422
40424
40425
40428
40430
40431
40434
40435
40437
40440
40441
40444
40445
40447
40450
40452
40453
40456
40458
40459
40462
40463
40466
40467
40469
40471
40474
40476
40477
40479
40482
40483
40486
40487
40489
40492
40493
40496
40497
40500
40501
40504
40505
40508
40510
40511
40513
40515
40517
40520
40521
40524
40526
40528
40530
40531
40534
40536
40538
40539
40541
40543
40545
40547
40549
40552
40554
40556
40558
40560
40561
40564
40565
40568
40569
40571
40573
40575
40577
40579
40581
40584
40586
40587
40589
40592
40594
40595
40597
40600
40602
40603
40605
40607
40610
40612
40614
40615
40617
40620
40621
40623
40626
40628
40630
40631
40633
40636
40638
40639
40641
40643
40646
40647
40650
40651
40654
40655
40658
40659
40662
40663
40666
40667
40670
40672
40674
40675
40677
40679
40681
40684
40686
40688
40689
40691
40694
40695
40697
40699
40702
40704
40705
40708
40710
40712
40714
40715
40718
40720
40722
40724
40725
40728
40730
40732
40734
40735
40737
40740
40741
40743
40745
40748
40749
40752
40753
40755
40758
40760
40762
40764
40765
40768
40769
40772
40774
40775
40777
40779
40782
40783
40786
40788
40789
40792
40794
40795
40797
40800
40801
40804
40806
40807
40810
40811
40814
40816
40818
40819
40822
40823
40826
40827
40830
40831
40833
40835
40837
40840
40841
40843
40846
40848
40850
40851
40853
40855
40857
40859
40861
40863
40865
40867
40870
40871
40873
40875
40878
40879
40882
40883
40886
40887
40890
40892
40893
40896
40897
40900
40901
40904
40905
40907
40910
40912
40913
40915
40918
40919
40921
40924
40925
40928
40929
40931
40934
40935
40938
40940
40941
40943
40946
40948
40949
40951
40954
40956
40957
40960
40961
40963
40966
40967
40969
40972
40974
40975
40978
40980
40982
40983
40986
40988
40990
40991
40994
40996
40997
41000
41001
41004
41006
41008
41010
41012
41013
41015
41018
41020
41022
41023
41026
41028
41029
41031
41033
41036
41038
41039
41042
41044
41045
41047
41049
41052
41053
41056
41058
41059
41061
41063
41065
41067
41069
41071
41074
41076
41078
41080
41081
41084
41085
41088
41089
41091
41093
41096
41098
41100
41102
41104
41105
41107
41109
41112
41114
41116
41118
41119
41122
41124
41125
41127
41130
41131
41133
41135
41137
41139
41141
41144
41145
41147
41149
41152
41153
41155
41158
41160
41161
41164
41166
41168
41169
41171
41174
41176
41178
41179
41181
41184
41186
41187
41190
41192
41193
41195
41197
41199
41201
41203
41206
41208
41210
41211
41213
41215
41217
41219
41222
41223
41225
41227
41229
41232
41233
41236
41238
41239
41241
41244
41245
41247
41250
41252
41254
41255
41257
41259
41261
41264
41266
41267
41270
41272
41274
41276
41278
41280
41282
41283
41286
41287
41290
41292
41294
41296
41297
41300
41301
41303
41306
41308
41309
41312
41314
41316
41317
41320
41322
41323
41325
41328
41330
41331
41334
41335
41338
41340
41341
41344
41345
41347
41349
41352
41354
41356
41357
41360
41362
41364
41366
41368
41370
41371
41374
41376
41377
41379
41382
41383
41385
41388
41389
41391
41394
41396
41398
41399
41402
41404
41406
41408
41410
41412
41413
41415
41418
41420
41421
41424
41425
41428
41429
41432
41434
41436
41437
41439
41442
41444
41446
41448
41449
41451
41453
41456
41457
41459
41461
41463
41466
41467
41469
41471
41473
41475
41477
41480
41481
41484
41486
41487
41489
41492
41493
41496
41497
41500
41502
41504
41505
41508
41509
41511
41514
41515
41517
41519
41522
41524
41526
41528
41530
41532
41534
41535
41537
41540
41541
41543
41546
41547
41549
41552
41553
41555
41558
41559
41561
41563
41566
41567
41569
41571
41573
41576
41577
41580
41581
41583
41586
41588
41589
41591
41593
41596
41598
41599
41602
41604
41605
41608
41610
41611
41613
41616
41618
41619
41621
41624
41625
41627
41629
41632
41634
41636
41638
41640
41642
41644
41646
41648
41650
41651
41654
41655
41657
41659
41661
41664
41666
41667
41670
41671
41674
41676
41677
41680
41682
41683
41685
41688
41690
41691
41693
41696
41697
41700
41702
41703
41705
41708
41709
41711
41713
41715
41717
41719
41721
41723
41725
41728
41730
41732
41733
41735
41737
41739
41742
41744
41746
41747
41750
41751
41754
41756
41757
41760
41762
41763
41765
41767
41769
41772
41774
41776
41777
41779
41781
41783
41785
41788
41790
41792
41794
41796
41798
41799
41801
41803
41806
41808
41810
41812
41814
41815
41817
41820
41822
41823
41826
41828
41830
41832
41834
41836
41838
41839
41841
41843
41846
41847
41849
41851
41853
41855
41857
41859
41862
41863
41865
41868
41870
41871
41874
41876
41877
41880
41881
41883
41885
41888
41890
41892
41894
41895
41897
41899
41901
41904
41906
41908
41909
41912
41914
41916
41918
41919
41922
41923
41926
41927
41930
41932
41933
41935
41937
41939
41941
41944
41946
41947
41950
41951
41953
41956
41958
41960
41961
41964
41966
41967
41970
41972
41973
41975
41978
41980
41981
41984
41986
41987
41989
41991
41994
41995
41997
41999
42001
42003
42006
42007
42010
42012
42014
42016
42018
42020
42022
42024
42025
42028
42030
42032
42033
42035
42037
42039
42041
42044
42046
42047
42049
42051
42054
42055
42057
42060
42062
42064
42066
42068
42070
42071
42073
42075
42078
42079
42082
42084
42085
42088
42090
42092
42093
42095
42097
42099
42102
42103
42105
42108
42109
42111
42113
42115
42117
42119
42121
42124
42125
42127
42129
42131
42134
42136
42138
42139
42142
42143
42146
42148
42149
42152
42153
42156
42158
42160
42162
42164
42165
42168
42170
42171
42174
42175
42178
42179
42181
42183
42185
42188
42190
42192
42194
42195
42198
42200
42202
42204
42206
42208
42209
42211
42214
42215
42217
42220
42221
42224
42226
42228
42229
42231
42234
42236
42238
42239
42242
42244
42245
42248
42249
42252
42253
42256
42257
42260
42261
42264
42265
42267
42269
42272
42274
42276
42277
42279
42282
42283
42286
42288
42289
42292
42294
42296
42298
42300
42302
42304
42305
42307
42310
42311
42314
42316
42317
42319
42321
42324
42325
42327
42329
42331
42334
42336
42338
42340
42342
42344
42345
42347
42350
42351
42354
42355
42357
42360
42362
42364
42365
42368
42370
42371
42373
42375
42378
42379
42382
42384
42385
42387
42389
42391
42394
42396
42397
42400
42402
42404
42406
42407
42410
42412
42414
42415
42417
42420
42422
42423
42426
42427
42430
42432
42433
42435
42438
42439
42441
42443
42446
42447
42449
42451
42454
42456
42457
42459
42462
42464
42466
42467
42470
42472
42474
42476
42477
42479
42481
42484
42485
42488
42489
42492
42493
42495
42498
42499
42502
42503
42505
42508
42509
42511
42514
42516
42517
42519
42522
42523
42525
42528
42530
42532
42534
42536
42538
42539
42541
42543
42545
42548
42549
42552
42553
42555
42558
42559
42561
42563
42566
42567
42570
42572
42573
42575
42578
42580
42582
42584
42586
42587
42590
42592
42593
42596
42597
42600
42602
42603
42606
42608
42610
42611
42614
42615
42617
42619
42621
42623
42626
42627
42630
42631
42633
42635
42638
42639
42641
42644
42646
42647
42649
42651
42654
42655
42658
42660
42661
42663
42665
42667
42669
42672
42674
42676
42678
42679
42682
42683
42685
42687
42690
42692
42693
42696
42698
42699
42701
42704
42706
42707
42709
42711
42713
42715
42717
42719
42722
42724
42725
42727
42729
42732
42734
42735
42738
42740
42742
42743
42746
42747
42749
42752
42754
42755
42758
42760
42761
42763
42765
42767
42770
42771
42774
42775
42778
42780
42781
42784
42786
42787
42789
42792
42793
42796
42797
42799
42801
42804
42805
42808
42809
42812
42813
42816
42818
42819
42821
42823
42826
42827
42830
42832
42833
42836
42838
42839
42842
42844
42845
42848
42849
42852
42853
42855
42857
42860
42862
42864
42866
42868
42870
42872
42874
42875
42878
42880
42882
42884
42886
42887
42890
42892
42894
42896
42897
42899
42902
42903
42905
42907
42910
42912
42914
42916
42917
42920
42921
42924
42925
42927
42930
42931
42934
42935
42937
42940
42942
42943
42945
42948
42949
42952
42953
42955
42957
42960
42962
42963
42965
42967
42970
42971
42974
42976
42977
42979
42981
42984
42986
42988
42989
42991
42994
42996
42997
42999
43001
43003
43005
43008
43009
43011
43014
43015
43017
43020
43021
43024
43025
43028
43030
43031
43034
43035
43038
43039
43041
43043
43045
43047
43049
43052
43053
43055
43058
43060
43062
43063
43065
43068
43069
43071
43073
43075
43077
43079
43081
43084
43086
43087
43090
43091
43094
43096
43098
43099
43101
43103
43105
43107
43110
43112
43113
43115
43117
43119
43121
43123
43125
43127
43130
43131
43134
43136
43137
43140
43142
43143
43146
43147
43149
43151
43154
43156
43157
43160
43162
43163
43165
43167
43170
43172
43173
43175
43177
43179
43181
43184
43186
43188
43190
43191
43193
43195
43197
43200
43201
43204
43206
43208
43210
43211
43214
43215
43217
43219
43221
43223
43226
43227
43230
43232
43234
43236
43238
43239
43241
43243
43246
43248
43250
43251
43253
43255
43258
43260
43262
43263
43265
43267
43270
43272
43273
43276
43277
43280
43282
43283
43285
43287
43289
43292
43293
43295
43297
43300
43301
43303
43306
43307
43309
43311
43313
43315
43317
43320
43322
43323
43326
43327
43330
43332
43333
43335
43337
43340
43342
43343
43346
43347
43350
43351
43353
43356
43357
43360
43361
43364
43365
43367
43369
43371
43373
43376
43378
43379
43382
43383
43386
43387
43389
43391
43394
43396
43398
43400
43401
43404
43406
43408
43410
43411
43413
43415
43417
43419
43422
43423
43425
43428
43430
43432
43434
43435
43437
43439
43442
43444
43446
43448
43449
43452
43453
43455
43458
43460
43461
43464
43465
43468
43469
43472
43473
43476
43477
43479
43482
43484
43486
43488
43490
43491
43493
43495
43497
43499
43502
43503
43506
43508
43510
43511
43513
43515
43518
43519
43522
43523
43525
43527
43530
43531
43534
43535
43537
43540
43542
43543
43546
43547
43550
43552
43554
43556
43557
43559
43562
43563
43565
43568
43569
43571
43573
43576
43578
43579
43582
43583
43585
43588
43589
43592
43593
43595
43597
43600
43602
43603
43606
43608
43609
43611
43613
43616
43618
43620
43621
43624
43625
43628
43629
43631
43634
43636
43637
43640
43641
43644
43645
43648
43650
43651
43653
43655
43658
43660
43661
43664
43666
43668
43670
43672
43673
43676
43677
43679
43681
43683
43686
43687
43689
43692
43693
43695
43698
43700
43701
43704
43706
43708
43709
43712
43714
43715
43717
43720
43722
43723
43725
43728
43729
43731
43734
43735
43737
43740
43742
43744
43745
43748
43750
43752
43753
43756
43758
43760
43762
43764
43765
43767
43769
43772
43773
43776
43777
43779
43782
43783
43786
43788
43789
43791
43794
43796
43797
43800
43801
43804
43805
43807
43810
43811
43813
43815
43818
43819
43821
43823
43825
43827
43830
43831
43834
43835
43838
43840
43842
43844
43845
43848
43849
43852
43853
43855
43858
43859
43861
43863
43866
43867
43870
43872
43873
43876
43878
43879
43882
43883
43886
43888
43890
43891
43893
43895
43898
43899
43901
43903
43905
43908
43910
43911
43914
43915
43917
43919
43921
43923
43925
43927
43929
43931
43934
43936
43937
43940
43942
43943
43945
43948
43950
43951
43953
43955
43957
43959
43962
43963
43965
43967
43970
43971
43974
43975
43977
43980
43982
43983
43985
43988
43990
43991
43993
43996
43998
43999
44002
44004
44006
44008
44010
44012
44014
44016
44017
44019
44022
44023
44025
44028
44029
44031
44034
44036
44038
44039
44041
44043
44046
44048
44049
44051
44053
44055
44057
44059
44062
44063
44065
44068
44069
44071
44074
44076
44078
44079
44082
44084
44085
44087
44089
44091
44094
44095
44097
44099
44102
44103
44106
44108
44109
44112
44114
44115
44117
44120
44122
44123
44125
44128
44129
44132
44134
44136
44138
44139
44141
44143
44146
44147
44150
44152
44153
44155
44157
44159
44161
44163
44166
44168
44169
44171
44173
44175
44177
44180
44182
44183
44185
44188
44189
44192
44193
44195
44197
44200
44202
44204
44206
44208
44210
44212
44214
44215
44218
44219
44222
44223
44225
44227
44229
44231
44233
44235
44238
44239
44241
44243
44245
44248
44249
44251
44253
44255
44258
44259
44262
44264
44265
44268
44269
44271
44273
44276
44278
44280
44281
44284
44286
44288
44289
44291
44293
44296
44297
44299
44302
44303
44305
44308
44309
44311
44314
44315
44317
44319
44322
44323
44326
44328
44330
44331
44333
44335
44338
44340
44341
44344
44346
44347
44350
44352
44353
44356
44357
44359
44361
44363
44366
44367
44369
44371
44373
44375
44377
44380
44382
44384
44385
44387
44390
44391
44393
44396
44397
44400
44401
44404
44406
44408
44410
44412
44414
44416
44417
44420
44422
44424
44425
44427
44430
44432
44434
44436
44437
44440
44442
44444
44446
44447
44449
44451
44454
44455
44458
44460
44461
44463
44465
44468
44470
44472
44473
44476
44477
44480
44481
44483
44486
44488
44490
44491
44493
44496
44498
44499
44501
44504
44506
44508
44510
44512
44514
44516
44518
44520
44521
44524
44526
44528
44530
44532
44533
44536
44538
44540
44541
44543
44546
44548
44550
44552
44554
44555
44558
44559
44562
44564
44566
44568
44569
44571
44574
44576
44577
44579
44582
44584
44586
44587
44590
44592
44594
44595
44598
44600
44602
44604
44605
44607
44610
44612
44613
44616
44617
44619
44621
44624
44625
44628
44630
44632
44633
44635
44637
44640
44642
44643
44646
44648
44649
44652
44653
44656
44657
44660
44661
44664
44666
44667
44669
44671
44674
44675
44677
44679
44682
44684
44685
44687
44689
44692
44694
44695
44697
44699
44701
44703
44705
44708
44709
44711
44713
44716
44717
44719
44721
44724
44725
44728
44730
44731
44733
44735
44737
44740
44741
44744
44746
44748
44750
44752
44754
44755
44757
44759
44762
44763
44765
44767
44769
44772
44773
44775
44778
44779
44782
44783
44786
44788
44790
44792
44794
44795
44798
44799
44801
44803
44806
44807
44809
44812
44814
44815
44817
44819
44821
44824
44825
44827
44830
44831
44834
44835
44837
44840
44841
44844
44846
44848
44849
44851
44853
44856
44858
44860
44861
44864
44865
44867
44870
44871
44873
44875
44878
44879
44881
44884
44885
44887
44889
44891
44894
44896
44898
44900
44902
44903
44906
44908
44910
44911
44913
44916
44917
44919
44922
44924
44926
44928
44929
44932
44934
44935
44938
44939
44942
44944
44945
44947
44949
44951
44953
44956
44958
44959
44961
44964
44966
44968
44969
44972
44973
44975
44977
44979
44982
44984
44986
44987
44990
44992
44993
44995
44997
45000
45002
45004
45005
45007
45009
45012
45014
45015
45017
45019
45021
45024
45026
45027
45030
45032
45034
45035
45038
45039
45042
45044
45045
45048
45049
45052
45054
45056
45057
45060
45062
45063
45065
45068
45070
45072
45074
45075
45077
45079
45082
45084
45086
45087
45090
45091
45094
45095
45097
45100
45102
45104
45105
45107
45110
45112
45113
45116
45118
45119
45122
45124
45125
45127
45130
45132
45134
45136
45137
45140
45141
45144
45146
45148
45150
45151
45153
45156
45157
45160
45162
45163
45166
45167
45169
45171
45173
45175
45178
45180
45182
45184
45186
45188
45189
45192
45194
45195
45197
45199
45202
45204
45206
45207
45210
45212
45214
45215
45218
45220
45221
45224
45225
45228
45229
45232
45233
45236
45237
45240
45242
45244
45245
45247
45250
45251
45253
45255
45258
45259
45261
45263
45265
45268
45270
45272
45274
45275
45277
45280
45282
45284
45285
45287
45290
45291
45294
45295
45298
45300
45302
45304
45305
45308
45310
45312
45314
45315
45318
45320
45322
45323
45325
45328
45330
45331
45334
45336
45338
45339
45341
45343
45345
45348
45350
45351
45354
45356
45358
45360
45361
45363
45365
45368
45370
45371
45373
45376
45377
45380
45382
45383
45386
45388
45390
45392
45394
45395
45398
45399
45401
45403
45406
45408
45409
45412
45414
45415
45417
45420
45421
45424
45426
45428
45429
45431
45433
45435
45438
45440
45441
45444
45445
45447
45450
45452
45454
45455
45457
45459
45461
45464
45466
45468
45470
45472
45473
45475
45478
45479
45482
45484
45485
45487
45489
45491
45494
45496
45497
45499
45502
45503
45506
45508
45509
45512
45514
45515
45517
45520
45521
45523
45526
45527
45530
45532
45534
45535
45537
45540
45542
45543
45546
45547
45550
45552
45553
45555
45557
45559
45562
45563
45565
45568
45570
45572
45573
45575
45577
45579
45581
45583
45586
45588
45589
45591
45594
45596
45598
45600
45601
45604
45605
45608
45609
45611
45613
45615
45617
45619
45621
45624
45626
45627
45629
45632
45634
45635
45638
45639
45642
45643
45646
45648
45650
45651
45653
45655
45657
45659
45661
45664
45666
45668
45669
45672
45674
45676
45678
45679
45681
45684
45686
45687
45689
45691
45694
45695
45698
45699
45702
45704
45706
45708
45709
45711
45713
45716
45717
45720
45721
45723
45726
45728
45730
45731
45734
45736
45738
45740
45741
45744
45746
45747
45749
45752
45754
45755
45757
45759
45761
45763
45766
45768
45770
45771
45774
45775
45778
45780
45781
45783
45786
45787
45790
45791
45793
45795
45798
45800
45801
45804
45805
45807
45810
45812
45814
45816
45818
45820
45821
45823
45826
45828
45829
45832
45834
45835
45837
45839
45842
45843
45846
45848
45850
45852
45853
45856
45857
45860
45862
45863
45866
45868
45870
45871
45873
45876
45877
45880
45881
45883
45885
45888
45890
45891
45893
45895
45898
45899
45902
45903
45906
45908
45910
45911
45914
45915
45917
45920
45921
45924
45926
45928
45929
45931
45933
45936
45938
45940
45942
45943
45945
45947
45950
45952
45954
45956
45958
45959
45961
45963
45965
45967
45970
45971
45973
45975
45978
45980
45982
45984
45985
45988
45989
45991
45994
45995
45998
46000
46002
46003
46006
46007
46010
46011
46014
46016
46018
46019
46021
46024
46026
46027
46030
46032
46034
46035
46037
46039
46042
46044
46045
46047
46050
46052
46053
46055
46057
46060
46062
46063
46066
46067
46069
46072
46073
46075
46077
46079
46081
46083
46085
46088
46090
46092
46094
46096
46098
46099
46102
46103
46106
46108
46110
46111
46113
46115
46117
46120
46122
46123
46125
46127
46129
46132
46133
46136
46138
46139
46142
46143
46145
46147
46149
46152
46154
46156
46157
46159
46162
46163
46165
46168
46170
46171
46174
46175
46178
46180
46181
46183
46185
46187
46190
46191
46193
46195
46198
46200
46201
46204
46205
46207
46209
46211
46214
46216
46217
46219
46222
46223
46226
46227
46230
46231
46234
46235
46237
46240
46242
46243
46246
46248
46249
46251
46253
46256
46258
46259
46261
46264
46265
46268
46270
46271
46274
46276
46278
46279
46282
46284
46285
46287
46290
46291
46293
46295
46297
46300
46302
46303
46306
46307
46309
46311
46314
46315
46318
46319
46321
46323
46325
46328
46329
46332
46334
46336
46337
46340
46342
46344
46346
46347
46349
46352
46354
46356
46358
46360
46361
46363
46365
46367
46370
46371
46373
46375
46377
46379
46381
46383
46385
46388
46389
46392
46393
46395
46398
46399
46402
46403
46405
46407
46409
46412
46413
46415
46417
46419
46422
46424
46425
46427
46429
46431
46434
46435
46438
46439
46442
46443
46446
46448
46450
46451
46453
46455
46457
46460
46461
46464
46466
46467
46469
46472
46473
46475
46477
46479
46482
46483
46485
46488
46490
46491
46493
46496
46498
46499
46502
46504
46505
46507
46509
46512
46513
46516
46518
46520
46522
46523
46525
46527
46529
46531
46534
46535
46537
46539
46541
46543
46546
46547
46550
46551
46554
46555
46558
46559
46561
46563
46566
46568
46569
46571
46574
46576
46577
46579
46581
46584
46586
46587
46590
46591
46594
46596
46598
46600
46601
46603
46606
46608
46609
46612
46613
46616
46618
46620
46622
46624
46625
46627
46630
46631
46634
46635
46638
46640
46641
46643
46646
46647
46649
46651
46654
46655
46658
46659
46662
46664
46665
46667
46670
46672
46674
46675
46678
46680
46682
46683
46685
46688
46690
46692
46694
46695
46697
46700
46702
46703
46705
46707
46710
46711
46714
46715
46718
46720
46721
46724
46725
46728
46729
46731
46733
46736
46737
46739
46742
46744
46746
46748
46750
46752
46753
46755
46757
46760
46761
46764
46766
46767
46769
46772
46774
46775
46777
46779
46782
46783
46786
46787
46790
46792
46794
46795
46797
46799
46802
46803
46806
46807
46809
46812
46813
46815
46817
46819
46822
46824
46825
46828
46829
46832
46834
46836
46837
46840
46842
46844
46845
46848
46849
46852
46854
46855
46857
46859
46862
46864
46866
46868
46869
46871
46873
46875
46877
46880
46882
46883
46886
46887
46890
46892
46894
46896
46897
46899
46901
46904
46905
46907
46909
46911
46914
46915
46917
46919
46921
46924
46926
46927
46929
46932
46933
46935
46938
46940
46941
46943
46945
46948
46950
46952
46953
46956
46958
46959
46962
46963
46965
46967
46969
46972
46973
46976
46978
46979
46981
46983
46986
46988
46989
46991
46994
46995
46998
46999
47002
47003
47006
47007
47010
47011
47014
47015
47017
47019
47022
47024
47026
47027
47030
47032
47034
47035
47037
47040
47041
47043
47046
47048
47050
47052
47053
47055
47057
47059
47062
47064
47066
47067
47069
47071
47073
47076
47077
47080
47081
47084
47086
47088
47090
47091
47093
47096
47097
47099
47102
47103
47106
47107
47110
47111
47114
47116
47117
47119
47122
47123
47125
47128
47129
47131
47134
47135
47137
47140
47141
47143
47146
47147
47149
47152
47154
47156
47158
47160
47161
47164
47165
47168
47169
47172
47173
47176
47178
47180
47181
47183
47185
47187
47190
47191
47194
47195
47198
47199
47202
47203
47205
47208
47209
47211
47213
47215
47218
47220
47222
47224
47226
47228
47229
47231
47233
47235
47238
47240
47242
47243
47245
47247
47250
47252
47254
47255
47257
47260
47262
47264
47265
47268
47269
47271
47274
47275
47277
47280
47281
47283
47285
47288
47290
47292
47294
47296
47297
47299
47302
47303
47306
47307
47310
47312
47313
47315
47317
47319
47322
47323
47326
47328
47329
47331
47333
47335
47337
47339
47341
47343
47346
47348
47350
47351
47354
47355
47357
47359
47362
47363
47365
47368
47369
47371
47374
47375
47377
47380
47381
47384
47385
47387
47390
47391
47394
47395
47397
47399
47402
47403
47406
47407
47409
47411
47413
47415
47418
47420
47421
47424
47425
47428
47429
47432
47434
47435
47438
47440
47442
47443
47445
47447
47449
47451
47453
47456
47457
47460
47461
47463
47466
47467
47469
47471
47473
47475
47478
47479
47481
47484
47486
47487
47489
47491
47494
47495
47498
47499
47502
47504
47506
47507
47509
47512
47514
47515
47517
47520
47522
47523
47526
47527
47529
47532
47534
47536
47537
47539
47542
47543
47545
47547
47550
47551
47554
47555
47557
47559
47562
47563
47565
47567
47570
47571
47574
47576
47578
47580
47581
47583
47585
47587
47589
47591
47593
47595
47597
47600
47602
47603
47605
47607
47609
47612
47614
47616
47618
47619
47621
47624
47626
47627
47630
47631
47634
47635
47638
47640
47641
47644
47645
47648
47649
47651
47654
47656
47658
47660
47661
47663
47666
47668
47670
47672
47673
47676
47677
47679
47682
47684
47685
47688
47689
47691
47694
47695
47698
47699
47702
47703
47705
47707
47709
47712
47713
47715
47718
47720
47721
47724
47726
47727
47729
47732
47733
47736
47737
47740
47741
47744
47746
47747
47749
47752
47753
47755
47757
47759
47761
47764
47765
47767
47770
47772
47773
47775
47778
47779
47781
47783
47785
47788
47789
47791
47793
47795
47797
47799
47802
47803
47805
47808
47810
47811
47813
47815
47817
47820
47821
47824
47825
47827
47830
47831
47834
47835
47837
47840
47842
47844
47846
47848
47849
47852
47854
47855
47858
47860
47861
47864
47865
47868
47870
47871
47874
47875
47878
47879
47882
47884
47886
47888
47890
47892
47893
47896
47898
47900
47902
47903
47906
47908
47909
47911
47914
47915
47917
47919
47922
47924
47925
47928
47930
47932
47933
47935
47937
47940
47941
47943
47945
47948
47949
47951
47953
47955
47958
47960
47962
47964
47965
47967
47969
47972
47973
47976
47977
47980
47982
47983
47985
47988
47989
47992
47993
47996
47998
48000
48001
48003
48006
48008
48009
48012
48014
48016
48018
48020
48022
48023
48025
48027
48030
48031
48034
48036
48038
48039
48042
48044
48045
48047
48049
48051
48053
48055
48058
48059
48062
48063
48066
48067
48069
48072
48074
48076
48078
48080
48081
48083
48085
48088
48089
48091
48094
48096
48097
48100
48101
48104
48105
48108
48110
48112
48114
48116
48117
48120
48121
48124
48125
48127
48130
48132
48134
48135
48137
48140
48141
48144
48145
48147
48150
48152
48153
48156
48158
48159
48162
48164
48165
48168
48169
48171
48173
48176
48178
48179
48181
48183
48185
48187
48190
48191
48193
48196
48198
48200
48201
48204
48206
48208
48209
48212
48214
48216
48217
48219
48221
48223
48226
48227
48229
48232
48233
48235
48237
48239
48241
48243
48245
48247
48250
48252
48253
48255
48258
48259
48261
48264
48265
48268
48269
48271
48273
48275
48278
48280
48281
48283
48286
48288
48289
48292
48293
48296
48297
48299
48301
48304
48306
48307
48309
48311
48313
48316
48318
48320
48322
48323
48325
48327
48330
48331
48333
48335
48337
48340
48342
48343
48346
48348
48350
48352
48354
48355
48357
48360
48361
48363
48365
48367
48370
48372
48373
48375
48378
48379
48381
48383
48385
48387
48390
48392
48394
48395
48398
48399
48402
48404
48405
48407
48409
48411
48414
48415
48418
48420
48422
48424
48426
48428
48430
48432
48434
48436
48438
48439
48442
48443
48445
48447
48450
48452
48453
48456
48458
48460
48462
48464
48466
48468
48470
48471
48473
48475
48478
48479
48481
48484
48486
48487
48489
48492
48494
48495
48497
48500
48502
48504
48505
48507
48510
48512
48514
48515
48517
48520
48522
48524
48525
48527
48530
48532
48533
48535
48538
48540
48542
48543
48545
48548
48550
48551
48554
48556
48557
48560
48562
48564
48566
48567
48569
48571
48574
48576
48577
48580
48582
48583
48586
48588
48590
48591
48593
48595
48598
48599
48602
48603
48606
48607
48610
48611
48613
48615
48618
48620
48621
48624
48625
48628
48630
48632
48633
48636
48637
48639
48641
48644
48646
48648
48650
48652
48653
48656
48658
48659
48662
48664
48666
48667
48670
48672
48674
48675
48678
48679
48681
48683
48686
48687
48689
48692
48693
48696
48697
48700
48701
48703
48705
48708
48709
48711
48714
48715
48718
48720
48721
48723
48726
48728
48730
48731
48733
48735
48737
48739
48742
48744
48746
48747
48749
48751
48754
48756
48757
48759
48761
48763
48766
48768
48769
48772
48773
48776
48777
48779
48781
48784
48786
48787
48789
48792
48793
48795
48798
48799
48801
48803
48805
48807
48809
48812
48813
48815
48818
48820
48822
48824
48826
48828
48829
48832
48833
48836
48837
48840
48842
48843
48846
48848
48849
48851
48854
48855
48857
48860
48862
48863
48865
48868
48869
48872
48874
48876
48877
48880
48881
48883
48886
48887
48890
48891
48894
48895
48898
48899
48902
48903
48905
48907
48909
48912
48913
48915
48917
48920
48921
48923
48925
48928
48930
48931
48934
48935
48937
48939
48941
48944
48945
48948
48949
48951
48953
48955
48957
48959
48961
48963
48965
48967
48970
48972
48973
48976
48977
48980
48981
48984
48985
48987
48990
48992
48993
48995
48997
49000
49002
49003
49005
49007
49010
49011
49014
49015
49017
49020
49022
49024
49025
49027
49030
49031
49034
49036
49037
49040
49041
49043
49046
49047
49050
49052
49053
49056
49058
49059
49062
49064
49066
49068
49069
49071
49073
49075
49077
49080
49081
49083
49085
49087
49089
49091
49093
49096
49097
49099
49102
49103
49106
49107
49110
49111
49114
49116
49117
49120
49121
49124
49125
49128
49129
49132
49133
49135
49137
49140
49142
49144
49146
49148
49149
49151
49154
49156
49157
49159
49161
49164
49165
49168
49170
49172
49173
49175
49178
49179
49182
49184
49185
49188
49189
49191
49194
49195
49198
49200
49202
49203
49206
49208
49209
49211
49214
49216
49218
49220
49221
49223
49226
49227
49230
49232
49234
49235
49238
49239
49242
49244
49246
49247
49249
49251
49253
49255
49258
49259
49262
49264
49266
49268
49269
49271
49274
49275
49277
49279
49281
49284
49286
49287
49290
49291
49294
49295
49297
49299
49301
49303
49305
49308
49310
49312
49314
49316
49317
49320
49321
49324
49325
49328
49329
49332
49334
49336
49338
49340
49342
49344
49345
49347
49349
49351
49354
49355
49358
49359
49361
49364
49365
49368
49370
49371
49374
49375
49378
49380
49381
49383
49385
49388
49389
49391
49394
49396
49397
49400
49402
49403
49406
49408
49410
49412
49413
49416
49418
49419
49421
49423
49426
49427
49430
49431
49433
49436
49437
49440
49442
49444
49445
49448
49450
49451
49454
49456
49458
49459
49462
49464
49465
49468
49469
49472
49474
49476
49477
49479
49481
49483
49485
49487
49489
49491
49493
49496
49497
49499
49501
49503
49505
49508
49509
49511
49513
49515
49518
49520
49521
49523
49526
49527
49530
49531
49533
49536
49538
49540
49541
49544
49545
49548
49550
49551
49554
49555
49557
49560
49562
49563
49565
49567
49569
49572
49574
49576
49578
49580
49582
49584
49585
49588
49589
49592
49593
49596
49597
49599
49601
49604
49605
49607
49610
49611
49614
49615
49617
49620
49621
49623
49626
49628
49630
49631
49634
49636
49638
49640
49641
49644
49645
49647
49649
49652
49654
49655
49658
49660
49662
49663
49665
49668
49669
49672
49674
49675
49678
49679
49682
49683
49686
49688
49690
49692
49694
49696
49698
49700
49701
49703
49706
49708
49710
49712
49713
49716
49718
49720
49722
49724
49725
49728
49730
49732
49734
49736
49737
49740
49741
49744
49745
49748
49749
49751
49754
49755
49758
49759
49762
49764
49765
49768
49770
49772
49774
49775
49778
49780
49782
49783
49785
49787
49789
49791
49794
49796
49797
49800
49801
49804
49805
49807
49810
49812
49813
49815
49818
49820
49821
49824
49825
49827
49830
49831
49834
49835
49837
49840
49842
49843
49845
49847
49850
49851
49853
49855
49858
49860
49861
49864
49865
49867
49869
49872
49874
49876
49878
49879
49881
49883
49885
49888
49890
49892
49893
49896
49897
49900
49902
49903
49906
49907
49909
49911
49914
49915
49918
49920
49921
49924
49925
49927
49929
49931
49934
49936
49938
49939
49941
49943
49945
49948
49950
49952
49953
49955
49957
49959
49962
49964
49965
49968
49970
49972
49973
49976
49977
49980
49982
49983
49985
49987
49990
49992
49994
49996
49997
50000
50001
50004
50005
50007
50010
50011
50014
50016
50017
50019
50021
50023
50025
50028
50029
50032
50034
50035
50037
50040
50041
50043
50046
50048
50049
50052
50054
50056
50058
50059
50062
50064
50066
50068
50070
50072
50074
50075
50078
50080
50081
50083
50086
50087
50090
50092
50094
50096
50098
50099
50102
50104
50106
50107
50109
50111
50114
50116
50117
50119
50122
50123
50125
50128
50130
50131
50133
50136
50137
50139
50141
50144
50146
50148
50149
50152
50153
50156
50158
50160
50162
50163
50165
50167
50169
50172
50173
50176
50178
50179
50182
50184
50185
50187
50190
50191
50194
50195
50198
50199
50201
50203
50206
50207
50210
50212
50213
50216
50217
50219
50222
50223
50226
50227
50230
50232
50234
50236
50238
50239
50241
50243
50246
50247
50249
50252
50254
50255
50257
50259
50261
50263
50265
50267
50270
50272
50274
50276
50278
50279
50281
50283
50285
50287
50289
50291
50294
50296
50298
50299
50301
50303
50306
50307
50309
50312
50313
50316
50317
50319
50321
50323
50325
50327
50329
50331
50333
50336
50338
50340
50342
50344
50345
50347
50349
50351
50353
50356
50358
50359
50361
50364
50366
50368
50370
50372
50373
50375
50377
50380
50382
50384
50385
50388
50389
50391
50394
50396
50398
50399
50401
50404
50406
50407
50410
50411
50413
50415
50417
50420
50421
50423
50425
50428
50430
50431
50433
50435
50438
50440
50442
50444
50446
50448
50450
50451
50454
50456
50458
50460
50461
50464
50465
50467
50470
50472
50473
50476
50478
50479
50482
50484
50486
50487
50490
50492
50493
50495
50498
50500
50502
50503
50506
50508
50509
50511
50514
50516
50517
50520
50522
50523
50526
50527
50529
50531
50534
50535
50538
50540
50542
50543
50545
50548
50549
50551
50553
50556
50558
50559
50562
50563
50566
50568
50569
50571
50574
50576
50577
50579
50582
50583
50585
50587
50590
50591
50593
50596
50598
50600
50601
50603
50606
50608
50609
50611
50613
50616
50618
50620
50621
50623
50626
50628
50629
50631
50633
50636
50637
50639
50642
50644
50646
50647
50650
50652
50653
50656
50657
50659
50661
50664
50665
50667
50669
50672
50674
50675
50677
50680
50681
50684
50686
50688
50690
50692
50694
50696
50697
50700
50702
50704
50706
50708
50710
50711
50714
50715
50717
50719
50722
50724
50725
50727
50730
50731
50734
50735
50737
50739
50742
50743
50746
50748
50749
50752
50753
50755
50758
50759
50762
50764
50766
50768
50770
50772
50774
50776
50777
50780
50782
50783
50786
50788
50790
50791
50793
50796
50797
50800
50801
50803
50806
50807
50809
50811
50814
50816
50817
50819
50822
50824
50825
50828
50830
50832
50834
50836
50837
50840
50842
50843
50845
50847
50849
50852
50853
50855
50857
50860
50862
50863
50865
50868
50870
50872
50873
50876
50877
50880
50882
50883
50886
50888
50890
50892
50893
50895
50898
50899
50901
50904
50906
50908
50909
50912
50914
50916
50918
50919
50921
50923
50925
50928
50930
50931
50933
50935
50938
50940
50941
50943
50946
50947
50949
50951
50953
50956
50958
50959
50962
50963
50966
50967
50969
50972
50973
50975
50977
50980
50982
50984
50985
50987
50989
50991
50994
50996
50998
51000
51002
51003
51005
51007
51009
51011
51013
51015
51017
51019
51022
51024
51025
51027
51029
51032
51033
51035
51038
51039
51041
51043
51046
51048
51049
51052
51054
51056
51058
51060
51061
51063
51066
51067
51070
51072
51073
51075
51078
51079
51081
51083
51086
51087
51090
51091
51093
51096
51098
51100
51102
51103
51105
51108
51109
51112
51114
51115
51118
51120
51121
51124
51126
51128
51129
51132
51134
51136
51137
51140
51142
51143
51145
51148
51149
51152
51153
51155
51157
51160
51161
51164
51165
51167
51169
51171
51174
51176
51178
51180
51181
51184
51185
51187
51189
51192
51193
51196
51198
51200
51202
51203
51205
51207
51210
51212
51214
51216
51218
51220
51222
51224
51225
51227
51229
51231
51233
51235
51238
51239
51241
51243
51245
51247
51250
51252
51253
51255
51257
51260
51261
51264
51265
51268
51270
51271
51274
51276
51277
51280
51281
51283
51285
51287
51289
51292
51294
51295
51298
51299
51301
51304
51305
51307
51310
51311
51314
51315
51318
51320
51322
51323
51326
51328
51329
51331
51334
51336
51337
51340
51341
51343
51346
51348
51350
51352
51353
51355
51358
51359
51361
51363
51365
51368
51369
51371
51374
51376
51377
51379
51381
51383
51385
51388
51390
51392
51393
51396
51398
51399
51401
51403
51406
51407
51410
51411
51413
51415
51418
51419
51422
51423
51426
51428
51430
51431
51434
51435
51438
51440
51442
51444
51446
51448
51450
51452
51454
51455
51458
51460
51462
51463
51465
51468
51469
51472
51473
51475
51477
51479
51481
51484
51486
51487
51489
51492
51494
51496
51498
51499
51502
51503
51505
51507
51510
51512
51514
51516
51518
51520
51522
51523
51526
51528
51529
51531
51533
51535
51537
51540
51541
51543
51545
51547
51549
51552
51554
51556
51557
51559
51561
51563
51565
51567
51570
51572
51574
51575
51577
51580
51581
51584
51585
51587
51589
51591
51594
51595
51598
51599
51601
51603
51605
51608
51610
51612
51613
51616
51617
51620
51622
51624
51626
51628
51629
51632
51634
51636
51638
51640
51641
51644
51645
51647
51649
51652
51654
51655
51657
51660
51662
51663
51665
51667
51670
51671
51673
51675
51678
51679
51682
51683
51685
51687
51690
51691
51694
51695
51698
51700
51701
51703
51705
51708
51709
51712
51713
51715
51717
51720
51721
51723
51726
51728
51729
51731
51733
51735
51737
51739
51741
51744
51745
51748
51749
51752
51754
51755
51757
51759
51762
51764
51765
51767
51770
51772
51774
51776
51777
51779
51781
51783
51786
51787
51789
51791
51794
51795
51797
51800
51802
51804
51806
51807
51809
51812
51814
51815
51818
51820
51821
51824
51825
51828
51829
51832
51833
51835
51838
51839
51841
51844
51846
51848
51850
51851
51853
51855
51858
51859
51861
51864
51865
51867
51870
51871
51873
51876
51878
51879
51881
51883
51886
51887
51890
51891
51894
51896
51897
51900
51901
51903
51905
51908
51909
51912
51913
51915
51918
51919
51921
51924
51926
51927
51930
51932
51933
51936
51937
51939
51941
51943
51946
51947
51950
51952
51953
51955
51957
51959
51961
51964
51965
51967
51969
51972
51973
51975
51978
51979
51982
51983
51985
51987
51990
51991
51993
51995
51998
51999
52001
52003
52006
52008
52010
52011
52014
52015
52018
52019
52021
52024
52025
52028
52030
52031
52033
52035
52037
52039
52042
52044
52046
52047
52049
52052
52054
52055
52058
52060
52061
52064
52066
52067
52070
52072
52073
52075
52077
52080
52082
52084
52085
52088
52089
52092
52094
52095
52098
52099
52102
52104
52105
52108
52109
52111
52113
52116
52117
52119
52121
52124
52125
52127
52130
52131
52133
52135
52137
52139
52141
52143
52145
52148
52150
52152
52154
52156
52157
52159
52161
52163
52166
52167
52169
52171
52173
52175
52178
52179
52181
52184
52185
52187
52189
52192
52193
52196
52197
52199
52202
52204
52206
52208
52209
52212
52214
52215
52217
52219
52221
52223
52225
52227
52229
52231
52233
52235
52237
52239
52241
52243
52246
52247
52249
52252
52254
52255
52257
52260
52262
52263
52266
52268
52269
52271
52274
52275
52278
52279
52281
52283
52285
52287
52289
52291
52294
52296
52297
52299
52301
52303
52305
52308
52310
52311
52313
52315
52318
52319
52321
52324
52325
52327
52330
52332
52333
52335
52337
52340
52342
52343
52345
52348
52350
52352
52354
52355
52357
52359
52361
52364
52365
52368
52370
52372
52373
52375
52377
52379
52381
52384
52385
52387
52390
52391
52393
52396
52398
52400
52402
52403
52405
52407
52410
52411
52413
52415
52417
52419
52422
52423
52425
52428
52429
52431
52433
52435
52437
52439
52441
52443
52445
52447
52449
52451
52454
52455
52457
52459
52461
52464
52465
52467
52469
52472
52474
52475
52477
52480
52482
52483
52485
52488
52490
52491
52493
52496
52497
52499
52501
52504
52505
52507
52510
52512
52513
52516
52517
52519
52521
52523
52526
52528
52529
52532
52533
52535
52538
52540
52541
52543
52546
52548
52549
52552
52553
52555
52557
52560
52561
52563
52565
52568
52569
52572
52574
52575
52577
52580
52582
52583
52586
52587
52589
52591
52594
52595
52598
52600
52601
52603
52605
52608
52609
52611
52614
52616
52618
52619
52621
52623
52626
52627
52630
52631
52634
52635
52638
52639
52642
52643
52645
52648
52650
52651
52653
52655
52658
52659
52661
52664
52666
52667
52670
52671
52674
52676
52677
52679
52682
52683
52685
52687
52690
52691
52693
52696
52697
52699
52701
52704
52705
52707
52709
52711
52714
52716
52717
52719
52722
52724
52725
52728
52729
52731
52734
52736
52738
52739
52742
52744
52746
52747
52749
52751
52754
52756
52758
52759
52761
52763
52766
52768
52770
52771
52773
52776
52777
52780
52781
52784
52786
52787
52790
52791
52793
52796
52797
52799
52801
52803
52805
52808
52809
52811
52814
52816
52817
52819
52821
52824
52825
52827
52829
52832
52833
52835
52837
52840
52841
52843
52846
52848
52850
52851
52853
52856
52857
52859
52862
52864
52866
52867
52869
52871
52873
52876
52877
52879
52882
52884
52885
52887
52889
52891
52894
52896
52897
52900
52901
52904
52905
52908
52909
52911
52914
52915
52917
52920
52922
52924
52925
52928
52929
52931
52934
52935
52938
52940
52942
52944
52945
52948
52949
52952
52953
52955
52957
52959
52962
52964
52966
52968
52969
52971
52974
52975
52977
52979
52981
52983
52985
52987
52989
52991
52993
52995
52997
52999
53001
53004
53006
53007
53009
53012
53014
53015
53017
53020
53021
53023
53025
53027
53030
53031
53033
53035
53038
53039
53042
53043
53046
53047
53050
53051
53054
53055
53057
53059
53061
53063
53065
53068
53070
53071
53073
53076
53078
53079
53082
53083
53086
53087
53090
53092
53094
53096
53098
53099
53102
53103
53106
53107
53110
53112
53114
53115
53118
53120
53122
53123
53126
53127
53130
53131
53133
53136
53137
53139
53141
53143
53145
53147
53149
53151
53153
53156
53157
53159
53161
53163
53166
53167
53169
53172
53174
53176
53177
53179
53181
53183
53186
53188
53189
53192
53194
53195
53198
53200
53202
53204
53206
53208
53209
53211
53214
53216
53217
53220
53222
53223
53226
53228
53229
53231
53234
53235
53238
53240
53241
53244
53245
53247
53249
53252
53253
53256
53257
53260
53262
53264
53265
53267
53270
53272
53273
53276
53277
53280
53282
53284
53285
53288
53289
53291
53293
53295
53297
53299
53301
53304
53306
53308
53310
53312
53314
53316
53318
53320
53322
53323
53326
53328
53329
53331
53333
53335
53337
53340
53342
53344
53346
53347
53349
53351
53354
53356
53358
53359
53362
53364
53365
53367
53370
53371
53374
53375
53378
53379
53381
53384
53386
53387
53390
53391
53393
53396
53397
53399
53402
53404
53405
53407
53409
53412
53414
53415
53417
53420
53422
53423
53426
53427
53430
53431
53433
53435
53438
53439
53441
53443
53445
53448
53449
53451
53453
53456
53458
53460
53462
53463
53466
53467
53470
53471
53474
53475
53477
53479
53481
53483
53486
53487
53490
53492
53494
53495
53497
53499
53501
53503
53505
53507
53510
53511
53513
53515
53517
53520
53521
53524
53526
53528
53530
53531
53533
53535
53538
53540
53541
53544
53546
53548
53549
53551
53553
53555
53557
53559
53561
53564
53565
53567
53569
53571
53574
53576
53578
53579
53581
53584
53585
53587
53590
53591
53594
53595
53597
53600
53602
53604
53606
53607
53609
32273
32276
32277
32280
32282
32283
32286
32287
32289
32291
32293
32295
32297
32299
32301
32303
32305
32308
32309
32311
32314
32315
32317
32320
32321
32323
32326
32327
32329
32331
32333
32336
32337
32339
32342
32344
32345
32348
32350
32351
32353
32355
32358
32359
32361
32363
32365
32367
32369
32371
32373
32375
32377
32379
32381
32383
32385
32388
32390
32391
32393
32395
32397
32399
32401
32404
32405
32408
32409
32412
32414
32415
32417
32420
32421
32424
32426
32428
32430
32431
32433
32435
32437
32439
32441
32443
32445
32447
32449
32451
32453
32455
32457
32459
32461
32463
32465
32467
32469
32472
32474
32476
32477
32480
32482
32484
32486
32488
32490
32492
32494
32496
32497
32500
32501
32503
32506
32507
32509
32512
32513
32516
32517
32520
32522
32523
32525
32527
32530
32532
32534
32536
32537
32540
32542
32543
32545
32548
32550
32551
32553
32556
32558
32559
32562
32563
32566
32568
32569
32572
32573
32576
32578
32580
32582
32584
32586
32587
32589
32591
32593
32595
32598
32599
32602
32604
32605
32607
32610
32611
32613
32615
32617
32619
32621
32623
32626
32628
32630
32631
32633
32635
32638
32639
32642
32643
32645
32647
32650
32652
32654
32655
32658
32659
32661
32663
32666
32667
32670
32672
32674
32675
32677
32680
32681
32684
32686
32687
32689
32692
32694
32695
32698
32699
32701
32704
32705
32707
32709
32711
32713
32716
32718
32719
32721
32724
32725
32727
32729
32731
32734
32736
32737
32739
32742
32743
32746
32748
32750
32752
32754
32755
32758
32759
32762
32764
32766
