s vc 6160 2586
1
2
3
4
5
6
9
10
11
12
13
14
15
16
17
18
20
21
23
24
25
26
27
28
30
36
38
42
44
45
46
47
48
49
50
51
52
53
54
55
60
61
65
68
70
71
72
74
76
77
80
81
83
87
88
94
95
98
99
100
106
108
109
112
115
116
117
118
119
120
123
129
134
136
138
146
152
153
156
166
169
170
173
178
182
183
184
186
188
191
192
194
195
196
203
206
210
213
216
217
225
232
234
238
239
245
247
248
249
250
253
254
255
256
257
258
259
260
261
262
263
264
265
266
267
268
269
270
271
272
273
274
275
276
278
279
280
281
283
285
288
290
299
304
308
310
316
317
318
321
329
331
334
336
337
341
349
350
351
352
357
358
360
362
365
373
377
379
382
391
400
402
406
407
410
411
412
415
416
417
418
421
423
425
439
441
445
447
449
450
451
452
453
454
455
456
457
458
460
462
463
464
466
467
468
470
471
473
474
477
479
480
482
483
484
486
489
491
492
493
494
495
496
497
498
499
501
503
505
507
508
509
510
511
513
514
515
517
518
519
520
522
523
524
526
528
530
531
532
533
535
536
537
538
539
541
542
543
544
546
549
550
551
553
554
555
557
558
560
561
562
563
565
566
567
568
569
571
573
574
575
577
578
580
581
582
584
585
586
588
589
590
591
593
594
596
597
599
600
602
603
605
606
607
609
610
612
613
615
616
617
618
620
622
626
627
628
630
631
636
638
639
640
641
642
645
646
647
648
649
650
651
652
653
654
655
656
657
658
659
660
661
662
663
664
667
668
670
671
674
688
689
691
692
693
694
695
698
700
708
710
711
712
713
717
725
730
733
734
735
736
744
747
748
749
750
751
752
756
757
762
764
766
769
770
772
775
776
779
780
781
782
783
784
785
787
792
793
794
795
798
799
800
801
802
803
804
805
806
807
808
809
810
811
812
813
814
815
816
819
820
827
830
835
836
837
840
841
842
844
845
848
852
855
856
858
859
863
864
865
866
867
868
869
870
871
872
873
874
875
876
877
878
881
882
883
884
891
892
893
894
897
898
899
900
901
902
903
904
905
906
907
908
909
910
911
912
913
914
915
916
917
918
919
920
921
922
926
927
929
931
932
933
934
936
939
940
944
946
947
948
949
950
951
952
953
958
959
961
962
963
964
965
967
968
973
978
980
982
983
985
988
992
993
994
995
996
998
999
1001
1002
1008
1011
1012
1013
1014
1015
1016
1017
1018
1020
1022
1023
1024
1027
1029
1030
1031
1032
1033
1038
1041
1043
1047
1048
1049
1051
1052
1054
1056
1057
1058
1059
1060
1061
1062
1063
1068
1073
1074
1081
1082
1083
1084
1085
1087
1088
1089
1090
1091
1092
1093
1096
1097
1099
1100
1102
1103
1105
1106
1108
1109
1111
1112
1114
1115
1116
1120
1121
1123
1124
1128
1134
1135
1136
1137
1139
1140
1141
1144
1145
1146
1147
1151
1153
1158
1159
1161
1162
1163
1164
1165
1167
1168
1171
1174
1175
1176
1177
1178
1179
1180
1182
1183
1184
1185
1186
1188
1189
1190
1191
1192
1193
1194
1195
1199
1208
1209
1211
1213
1214
1215
1218
1221
1222
1224
1226
1230
1231
1233
1234
1236
1237
1239
1240
1242
1243
1245
1246
1248
1249
1251
1252
1254
1255
1257
1258
1260
1261
1263
1264
1266
1267
1269
1270
1272
1273
1275
1276
1277
1279
1280
1281
1282
1283
1284
1286
1287
1288
1290
1291
1292
1294
1295
1296
1298
1299
1300
1302
1303
1304
1305
1307
1308
1309
1310
1311
1312
1314
1315
1316
1317
1318
1319
1320
1321
1322
1324
1325
1327
1328
1329
1332
1333
1335
1336
1338
1339
1340
1343
1344
1346
1347
1349
1350
1352
1355
1365
1366
1368
1369
1371
1372
1374
1375
1377
1378
1380
1381
1383
1384
1386
1387
1388
1389
1391
1392
1394
1395
1397
1398
1400
1401
1403
1404
1406
1407
1409
1410
1412
1413
1414
1415
1418
1419
1420
1422
1423
1424
1426
1427
1428
1429
1430
1432
1433
1434
1435
1436
1437
1438
1440
1443
1444
1446
1447
1450
1451
1454
1455
1458
1459
1462
1463
1471
1476
1477
1478
1479
1480
1481
1482
1483
1484
1485
1488
1489
1491
1494
1495
1498
1500
1502
1503
1506
1508
1509
1514
1515
1520
1527
1528
1529
1532
1533
1538
1539
1540
1541
1542
1543
1544
1549
1551
1552
1555
1557
1559
1561
1562
1565
1573
1580
1582
1583
1585
1586
1587
1588
1590
1591
1592
1593
1594
1596
1597
1598
1599
1600
1601
1602
1603
1605
1606
1607
1608
1611
1616
1618
1620
1621
1622
1623
1625
1626
1628
1629
1630
1632
1633
1634
1635
1636
1637
1639
1641
1643
1646
1649
1654
1655
1656
1660
1669
1670
1671
1672
1675
1677
1678
1679
1680
1681
1682
1683
1684
1685
1689
1690
1691
1692
1693
1694
1695
1696
1697
1700
1701
1704
1705
1707
1708
1709
1712
1713
1717
1718
1719
1721
1725
1726
1731
1739
1740
1742
1744
1745
1746
1749
1750
1754
1755
1756
1757
1761
1764
1765
1767
1775
1783
1785
1790
1792
1795
1796
1798
1799
1803
1806
1811
1812
1814
1820
1822
1823
1824
1825
1826
1827
1828
1829
1832
1833
1834
1835
1836
1837
1838
1839
1840
1844
1845
1847
1848
1849
1850
1851
1852
1854
1855
1859
1861
1862
1864
1865
1867
1868
1871
1874
1875
1878
1879
1883
1884
1894
1901
1902
1903
1905
1906
1907
1908
1909
1911
1912
1914
1915
1916
1921
1927
1928
1933
1937
1939
1942
1943
1944
1945
1946
1948
1949
1953
1955
1956
1957
1958
1960
1962
1965
1966
1967
1968
1969
1970
1972
1973
1976
1978
1979
1980
1981
1983
1984
1985
1986
1987
1988
1989
1990
1991
1992
1993
1994
1995
1996
1997
1998
1999
2000
2001
2002
2003
2004
2005
2007
2008
2010
2011
2014
2016
2021
2024
2025
2026
2027
2028
2029
2031
2032
2034
2035
2037
2038
2039
2040
2041
2044
2048
2049
2050
2051
2052
2053
2054
2055
2056
2057
2058
2059
2061
2062
2063
2064
2065
2066
2067
2068
2069
2071
2075
2077
2079
2083
2091
2092
2095
2099
2101
2103
2105
2107
2112
2114
2116
2117
2120
2122
2126
2131
2132
2133
2135
2136
2137
2138
2139
2140
2141
2144
2147
2148
2150
2151
2152
2153
2154
2155
2156
2161
2166
2170
2172
2179
2180
2182
2183
2185
2186
2189
2190
2192
2193
2195
2196
2203
2204
2213
2214
2216
2218
2221
2222
2226
2227
2228
2229
2232
2233
2236
2241
2242
2244
2245
2247
2249
2250
2252
2254
2255
2257
2259
2260
2262
2263
2265
2266
2267
2270
2273
2274
2275
2277
2278
2279
2280
2281
2285
2288
2289
2290
2293
2296
2300
2302
2306
2310
2312
2313
2315
2317
2318
2320
2321
2323
2324
2326
2327
2329
2330
2332
2333
2335
2336
2338
2339
2341
2343
2345
2346
2347
2348
2349
2350
2351
2352
2353
2356
2358
2359
2362
2365
2370
2371
2372
2373
2374
2377
2380
2382
2383
2384
2387
2391
2393
2395
2396
2397
2398
2399
2402
2404
2406
2407
2408
2410
2411
2412
2413
2415
2416
2417
2422
2425
2427
2428
2429
2430
2431
2432
2435
2436
2437
2438
2441
2442
2448
2449
2451
2452
2453
2458
2462
2464
2467
2468
2469
2470
2471
2472
2473
2474
2475
2476
2477
2478
2479
2480
2481
2482
2483
2484
2485
2486
2487
2488
2489
2490
2493
2496
2497
2499
2500
2501
2506
2507
2515
2517
2519
2521
2523
2525
2527
2529
2531
2533
2534
2535
2536
2538
2540
2542
2544
2547
2549
2551
2552
2555
2556
2557
2558
2559
2562
2563
2564
2565
2566
2567
2568
2570
2584
2586
2588
2589
2590
2591
2592
2594
2595
2596
2597
2599
2600
2603
2606
2607
2609
2610
2614
2615
2616
2617
2618
2621
2623
2625
2626
2627
2632
2634
2640
2643
2646
2648
2649
2652
2655
2658
2659
2660
2661
2663
2664
2666
2668
2669
2671
2674
2676
2677
2679
2680
2682
2684
2688
2690
2691
2693
2694
2697
2698
2699
2701
2705
2707
2712
2714
2715
2718
2721
2722
2724
2725
2726
2728
2729
2730
2731
2734
2737
2738
2740
2742
2744
2746
2752
2754
2755
2757
2758
2765
2769
2770
2772
2773
2774
2775
2776
2778
2779
2780
2781
2782
2783
2784
2786
2787
2789
2791
2792
2793
2794
2796
2799
2807
2815
2816
2817
2818
2819
2820
2821
2822
2823
2825
2828
2829
2830
2832
2837
2839
2841
2845
2847
2851
2853
2859
2860
2862
2867
2869
2870
2871
2872
2873
2875
2876
2879
2883
2886
2892
2893
2894
2899
2901
2905
2912
2914
2920
2921
2923
2924
2927
2929
2930
2937
2939
2940
2942
2944
2945
2947
2948
2949
2953
2959
2961
2962
2963
2964
2965
2966
2968
2969
2970
2971
2972
2974
2975
2977
2981
2982
2984
2986
2989
2992
2993
3000
3005
3006
3007
3010
3014
3015
3017
3018
3025
3030
3036
3038
3046
3055
3057
3059
3060
3062
3063
3065
3066
3067
3068
3069
3070
3071
3072
3073
3074
3075
3076
3077
3078
3079
3080
3081
3082
3083
3086
3087
3089
3090
3091
3094
3096
3098
3099
3100
3101
3102
3103
3104
3106
3107
3108
3112
3118
3119
3121
3122
3127
3131
3134
3135
3151
3156
3157
3158
3160
3161
3163
3170
3174
3182
3184
3185
3189
3190
3192
3193
3195
3197
3198
3199
3200
3201
3204
3208
3209
3211
3217
3220
3222
3224
3226
3228
3229
3235
3236
3237
3250
3252
3254
3255
3256
3257
3259
3260
3263
3264
3266
3269
3272
3273
3275
3276
3277
3279
3280
3281
3283
3284
3287
3288
3289
3291
3292
3295
3297
3298
3300
3303
3305
3317
3328
3331
3333
3335
3336
3337
3341
3342
3343
3344
3346
3348
3350
3354
3355
3360
3362
3363
3367
3375
3378
3379
3380
3381
3392
3394
3397
3404
3408
3411
3412
3419
3420
3424
3427
3435
3437
3442
3446
3448
3451
3459
3469
3477
3480
3481
3482
3485
3486
3498
3503
3515
3518
3519
3521
3525
3526
3528
3529
3531
3532
3533
3537
3540
3541
3549
3572
3580
3591
3596
3598
3600
3601
3602
3627
3629
3630
3633
3635
3655
3671
3672
3674
3677
3678
3679
3682
3684
3686
3691
3693
3696
3697
3699
3700
3701
3703
3704
3710
3712
3713
3714
3715
3716
3720
3728
3729
3730
3731
3732
3733
3734
3735
3736
3738
3754
3757
3763
3770
3774
3776
3778
3780
3782
3784
3787
3788
3791
3797
3801
3802
3806
3807
3808
3809
3812
3828
3829
3830
3831
3834
3835
3836
3837
3838
3839
3840
3841
3842
3844
3846
3847
3848
3850
3851
3852
3853
3854
3856
3865
3866
3868
3870
3871
3874
3878
3879
3880
3882
3884
3886
3887
3892
3893
3894
3899
3900
3907
3908
3910
3911
3912
3913
3915
3924
3925
3926
3931
3934
3935
3938
3939
3940
3941
3948
3951
3959
3962
3969
3974
3979
3980
3981
3983
3986
3987
3990
3991
3994
3995
3996
3998
3999
4002
4004
4007
4011
4012
4015
4016
4019
4023
4024
4025
4026
4027
4028
4029
4031
4034
4036
4037
4038
4039
4047
4054
4060
4061
4065
4074
4079
4088
4090
4091
4096
4097
4100
4102
4103
4104
4105
4106
4107
4109
4110
4111
4145
4147
4150
4151
4156
4159
4160
4165
4168
4169
4170
4177
4180
4181
4182
4185
4186
4188
4189
4191
4199
4204
4205
4207
4209
4210
4214
4215
4216
4217
4225
4226
4227
4228
4230
4232
4233
4234
4242
4253
4256
4257
4263
4266
4267
4270
4272
4274
4275
4277
4279
4280
4281
4283
4285
4287
4288
4289
4293
4295
4296
4297
4298
4301
4304
4306
4310
4312
4313
4319
4322
4324
4330
4331
4332
4333
4334
4336
4338
4339
4340
4342
4343
4345
4347
4348
4351
4352
4353
4355
4356
4358
4359
4361
4362
4363
4365
4366
4367
4368
4369
4370
4371
4375
4376
4378
4380
4382
4385
4386
4389
4391
4394
4398
4404
4407
4411
4412
4413
4415
4418
4422
4423
4426
4430
4431
4432
4434
4436
4440
4441
4445
4448
4449
4454
4456
4458
4464
4466
4467
4471
4478
4482
4487
4490
4491
4492
4494
4495
4496
4499
4503
4511
4512
4513
4516
4518
4519
4520
4525
4526
4527
4528
4531
4533
4536
4537
4538
4539
4541
4542
4543
4545
4546
4549
4550
4553
4554
4556
4557
4559
4561
4566
4568
4570
4575
4581
4584
4585
4586
4590
4592
4594
4599
4601
4603
4605
4606
4612
4613
4617
4618
4622
4625
4628
4646
4647
4648
4650
4651
4652
4665
4667
4668
4686
4689
4691
4694
4696
4702
4707
4718
4720
4722
4733
4737
4738
4739
4740
4741
4742
4743
4749
4753
4754
4760
4761
4771
4776
4780
4783
4792
4793
4805
4806
4807
4808
4809
4811
4812
4813
4814
4815
4816
4817
4818
4822
4829
4831
4832
4844
4846
4849
4852
4855
4856
4857
4862
4863
4864
4876
4877
4880
4891
4896
4897
4928
4930
4931
4933
4934
4937
4938
4940
4958
4961
4968
4969
4972
4974
4977
4979
4983
4987
4990
4991
4998
5008
5009
5011
5013
5015
5042
5045
5046
5049
5051
5058
5071
5074
5075
5078
5082
5083
5084
5088
5089
5091
5093
5100
5128
5130
5132
5135
5138
5145
5146
5155
5158
5159
5160
5164
5168
5194
5197
5199
5201
5203
5207
5208
5214
5216
5218
5222
5242
5244
5245
5246
5247
5248
5270
5273
5275
5276
5298
5300
5302
5304
5305
5307
5309
5311
5312
5315
5316
5319
5323
5324
5329
5331
5335
5347
5348
5351
5354
5358
5359
5360
5361
5366
5368
5370
5373
5375
5378
5386
5387
5400
5401
5402
5403
5410
5414
5415
5417
5418
5419
5421
5422
5423
5427
5432
5434
5435
5436
5437
5438
5439
5441
5442
5444
5467
5475
5476
5477
5481
5484
5488
5490
5493
5494
5506
5509
5510
5512
5513
5515
5518
5523
5524
5526
5528
5529
5535
5536
5541
5543
5548
5549
5550
5552
5553
5555
5556
5561
5564
5568
5569
5570
5571
5573
5574
5575
5576
5577
5578
5582
5583
5584
5587
5588
5589
5591
5594
5595
5596
5600
5615
5616
5617
5618
5620
5624
5629
5633
5638
5640
5643
5647
5649
5650
5651
5656
5669
5679
5681
5688
5689
5690
5693
5694
5701
5707
5710
5711
5713
5714
5715
5729
5732
5733
5735
5736
5737
5738
5745
5756
5766
5767
5770
5772
5773
5780
5782
5789
5791
5797
5798
5802
5803
5805
5807
5809
5813
5814
5815
5818
5823
5826
5827
5830
5832
5834
5835
5838
5840
5841
5844
5846
5847
5853
5854
5855
5878
5880
5905
5909
5911
5933
5939
5944
5945
5948
5955
5963
5967
5969
5973
5975
5976
5995
5996
5998
6003
6004
6010
6012
6024
6030
6039
6040
6041
6056
6058
6075
6080
6081
6085
6086
6088
6090
6091
6092
6093
6094
6097
6113
6116
6126
6135
6136
6143
6146
6147
6148
6150
6152
6156
6158
