c s SATISFIABLE
s vc 3523 2282
1
4
5
6
8
9
12
17
19
21
22
25
31
36
38
39
40
41
43
44
45
47
49
50
51
56
57
59
60
62
64
65
66
71
72
73
76
77
79
80
82
83
85
86
88
89
90
93
94
96
98
99
102
108
110
111
117
118
119
121
123
125
127
128
129
134
140
142
144
145
147
148
150
151
153
155
157
160
162
164
171
177
179
181
182
184
190
195
196
197
201
203
205
206
207
208
211
212
214
215
217
218
219
220
223
224
226
227
228
229
231
232
234
236
238
239
241
242
243
244
247
248
250
251
252
254
255
257
258
259
261
263
265
266
267
268
270
271
273
274
277
278
279
281
282
284
286
287
288
289
291
293
294
295
297
299
301
302
304
305
306
307
309
311
313
314
316
317
318
319
321
322
325
326
327
329
330
331
333
335
337
338
339
340
343
344
345
347
348
349
352
353
355
356
357
359
361
362
364
365
366
367
370
371
373
374
375
376
378
380
381
382
385
386
387
389
390
391
394
395
397
398
399
400
403
404
406
407
408
409
412
413
414
415
418
419
420
421
423
425
427
428
429
431
433
434
435
437
438
440
441
442
445
446
447
449
450
452
454
455
456
458
460
461
462
464
465
467
468
470
472
473
474
476
477
478
481
482
483
485
487
488
490
491
492
494
496
497
499
500
502
503
504
505
507
509
510
511
513
515
516
517
519
520
522
523
526
527
528
529
531
533
535
536
538
539
541
542
543
544
546
547
550
551
552
553
556
557
559
560
561
562
564
565
568
569
570
572
573
575
577
578
580
581
582
583
585
586
588
590
591
592
595
596
598
599
600
601
604
605
606
608
610
611
612
614
615
617
618
619
622
623
624
626
627
629
630
632
633
634
636
637
639
640
642
644
645
647
649
650
651
653
654
655
658
659
660
662
663
664
666
667
669
670
672
674
675
677
678
679
681
683
684
685
688
689
690
691
693
695
696
698
699
701
702
703
705
707
708
709
712
713
714
716
717
719
720
722
724
725
726
727
730
731
732
734
736
737
739
740
741
742
745
746
747
748
750
752
754
755
756
758
759
760
762
764
765
766
768
769
772
773
774
776
777
778
780
782
783
785
787
788
790
791
792
793
796
797
798
799
802
803
805
806
807
809
810
811
813
814
816
817
819
821
822
824
825
826
828
830
832
833
835
836
838
839
840
842
844
845
846
848
849
851
853
854
855
856
858
860
861
862
864
865
867
869
870
872
873
874
877
878
880
881
883
884
886
887
889
890
892
893
894
895
897
898
900
901
904
905
906
908
910
911
912
913
915
917
918
920
921
923
924
926
927
929
930
931
933
935
936
938
939
940
942
943
945
947
948
949
951
952
954
956
957
959
961
962
963
964
966
967
970
971
973
974
975
976
979
980
981
983
984
986
988
989
990
991
994
995
996
997
999
1000
1002
1003
1006
1007
1008
1010
1012
1013
1014
1015
1017
1018
1020
1021
1023
1025
1026
1028
1029
1031
1032
1033
1035
1037
1038
1039
1042
1043
1044
1045
1048
1049
1050
1052
1053
1055
1056
1058
1059
1060
1063
1064
1065
1066
1069
1070
1072
1073
1075
1076
1077
1078
1081
1082
1083
1084
1086
1088
1089
1091
1092
1094
1096
1097
1099
1100
1101
1103
1104
1105
1107
1109
1110
1112
1113
1114
1116
1118
1120
1121
1123
1124
1126
1127
1128
1129
1131
1133
1134
1136
1137
1139
1140
1141
1143
1145
1147
1148
1149
1151
1152
1153
1156
1157
1158
1159
1162
1163
1165
1166
1168
1169
1171
1172
1173
1174
1176
1178
1179
1181
1182
1184
1185
1187
1189
1190
1191
1192
1195
1196
1198
1199
1200
1202
1203
1204
1206
1208
1209
1211
1212
1213
1216
1217
1219
1220
1221
1223
1225
1226
1228
1229
1231
1232
1233
1235
1236
1238
1239
1241
1242
1244
1246
1247
1248
1249
1251
1253
1254
1255
1258
1259
1260
1261
1263
1265
1266
1267
1269
1271
1272
1274
1276
1277
1279
1280
1282
1283
1284
1286
1288
1289
1290
1291
1294
1295
1296
1298
1299
1300
1302
1303
1305
1307
1308
1310
1312
1313
1314
1315
1317
1318
1320
1322
1323
1324
1326
1327
1330
1331
1332
1334
1336
1337
1339
1340
1341
1342
1344
1345
1347
1349
1350
1352
1353
1354
1357
1358
1360
1361
1362
1363
1365
1367
1368
1369
1372
1373
1375
1376
1378
1379
1381
1382
1384
1385
1386
1388
1389
1390
1393
1394
1395
1397
1398
1399
1401
1402
1404
1406
1407
1409
1410
1412
1414
1415
1417
1418
1420
1421
1422
1423
1426
1427
1428
1429
1431
1433
1435
1436
1438
1439
1440
1441
1444
1445
1446
1448
1449
1450
1452
1453
1455
1457
1458
1459
1461
1463
1464
1465
1467
1469
1470
1472
1473
1475
1476
1477
1479
1481
1483
1484
1486
1487
1488
1490
1492
1493
1494
1496
1497
1499
1500
1501
1504
1505
1506
1507
1509
1510
1513
1514
1516
1517
1518
1520
1522
1523
1524
1526
1527
1528
1530
1532
1533
1535
1537
1538
1539
1540
1542
1544
1545
1546
1549
1550
1551
1553
1555
1556
1557
1558
1560
1562
1563
1565
1566
1567
1570
1571
1572
1573
1575
1577
1578
1580
1582
1583
1584
1585
1587
1589
1590
1591
1593
1594
1596
1598
1599
1600
1602
1604
1605
1607
1608
1610
1611
1613
1615
1616
1618
1619
1620
1622
1623
1624
1627
1628
1630
1631
1633
1634
1635
1636
1639
1640
1641
1642
1645
1646
1647
1649
1650
1652
1653
1654
1656
1658
1659
1660
1662
1663
1665
1667
1668
1669
1672
1673
1674
1675
1678
1679
1680
1681
1683
1684
1687
1688
1689
1691
1693
1694
1696
1697
1699
1700
1701
1703
1704
1706
1707
1708
1710
1712
1713
1714
1716
1718
1719
1721
1722
1724
1726
1727
1728
1730
1731
1732
1735
1736
1737
1738
1740
1741
1744
1745
1746
1747
1750
1751
1753
1754
1756
1757
1758
1759
1761
1762
1764
1766
1768
1769
1771
1772
1773
1775
1776
1778
1780
1781
1782
1783
1785
1787
1788
1789
1791
1793
1794
1795
1797
1799
1801
1802
1803
1804
1806
1808
1810
1811
1812
1814
1816
1817
1819
1820
1821
1822
1825
1826
1827
1828
1830
1832
1833
1834
1836
1838
1839
1841
1842
1844
1845
1847
1848
1850
1851
1852
1854
1856
1857
1859
1860
1861
1863
1865
1866
1868
1869
1871
1873
1874
1875
1876
1878
1879
1881
1882
1884
1885
1887
1888
1891
1892
1894
1895
1897
1898
1899
1901
1902
1904
1906
1907
1908
1909
1911
1912
1914
1915
1918
1919
1921
1922
1923
1925
1926
1928
1929
1930
1932
1934
1935
1937
1938
1940
1941
1942
1945
1946
1948
1949
1950
1951
1953
1954
1957
1958
1959
1961
1963
1964
1965
1966
1968
1970
1971
1973
1974
1976
1978
1979
1980
1981
1984
1985
1986
1988
1989
1991
1992
1994
1995
1996
1998
1999
2001
2002
2004
2006
2007
2009
2011
2012
2014
2015
2017
2018
2020
2021
2023
2024
2025
2027
2028
2030
2031
2033
2035
2036
2037
2039
2040
2041
2043
2045
2046
2048
2050
2051
2052
2054
2056
2057
2059
2060
2062
2063
2064
2065
2068
2069
2070
2071
2074
2075
2076
2077
2080
2081
2082
2083
2086
2087
2088
2089
2092
2093
2095
2096
2097
2099
2100
2102
2103
2105
2106
2107
2109
2110
2112
2113
2116
2117
2118
2120
2122
2123
2124
2125
2128
2129
2130
2132
2133
2134
2136
2137
2139
2140
2142
2143
2145
2147
2149
2150
2151
2153
2154
2156
2158
2159
2160
2161
2164
2165
2167
2168
2170
2171
2173
2174
2175
2177
2178
2179
2181
2182
2184
2186
2187
2189
2190
2192
2194
2195
2196
2198
2199
2200
2203
2204
2206
2207
2209
2210
2211
2213
2215
2216
2218
2219
2220
2222
2223
2224
2226
2227
2229
2231
2232
2234
2235
2236
2239
2240
2241
2242
2244
2246
2248
2249
2251
2252
2253
2254
2256
2257
2260
2261
2263
2264
2265
2266
2269
2270
2271
2272
2275
2276
2277
2278
2280
2282
2283
2285
2286
2287
2289
2291
2292
2293
2295
2297
2299
2300
2302
2303
2304
2305
2307
2309
2310
2311
2313
2314
2316
2317
2319
2321
2322
2323
2325
2326
2329
2330
2331
2332
2334
2335
2338
2339
2340
2341
2344
2345
2346
2348
2349
2350
2352
2354
2355
2357
2358
2360
2362
2363
2364
2366
2367
2368
2370
2371
2373
2374
2376
2377
2379
2380
2382
2383
2385
2387
2388
2389
2391
2392
2394
2396
2398
2399
2401
2402
2404
2405
2406
2408
2410
2411
2412
2413
2416
2417
2418
2419
2422
2423
2425
2426
2427
2429
2430
2431
2433
2435
2437
2438
2439
2440
2443
2444
2445
2447
2449
2450
2451
2452
2454
2456
2457
2459
2460
2462
2464
2465
2466
2468
2470
2471
2473
2474
2475
2477
2478
2479
2482
2483
2484
2486
2487
2489
2491
2492
2493
2495
2496
2498
2500
2501
2502
2503
2505
2506
2508
2509
2511
2513
2514
2516
2517
2519
2521
2522
2524
2525
2526
2528
2530
2531
2532
2533
2536
2537
2539
2540
2541
2542
2545
2546
2548
2549
2551
2552
2554
2555
2556
2557
2559
2561
2563
2564
2565
2566
2568
2569
2571
2573
2574
2575
2577
2579
2580
2581
2583
2584
2586
2588
2589
2590
2592
2593
2595
2596
2598
2600
2601
2602
2604
2606
2608
2609
2611
2612
2613
2615
2617
2618
2619
2620
2622
2624
2625
2627
2629
2630
2631
2632
2634
2635
2637
2639
2640
2641
2644
2645
2646
2648
2650
2651
2653
2654
2655
2656
2658
2660
2661
2662
2664
2665
2668
2669
2670
2671
2673
2675
2676
2677
2679
2680
2682
2683
2686
2687
2689
2690
2691
2693
2694
2695
2697
2699
2701
2702
2703
2704
2706
2708
2710
2711
2713
2714
2715
2716
2718
2720
2722
2723
2724
2726
2727
2728
2731
2732
2733
2734
2736
2738
2740
2741
2742
2744
2745
2746
2749
2750
2752
2753
2755
2756
2758
2759
2760
2761
2763
2765
2766
2768
2769
2770
2772
2773
2775
2777
2779
2780
2781
2783
2784
2786
2787
2788
2790
2792
2793
2795
2796
2797
2799
2801
2803
2804
2805
2807
2808
2809
2812
2813
2815
2816
2817
2818
2820
2821
2823
2824
2826
2828
2829
2830
2832
2833
2835
2836
2838
2839
2841
2842
2844
2845
2847
2849
2851
2852
2853
2854
2857
2858
2859
2860
2862
2864
2866
2867
2868
2869
2871
2872
2874
2876
2877
2878
2880
2882
2884
2885
2886
2888
2890
2891
2892
2894
2896
2897
2899
2900
2901
2902
2904
2905
2908
2909
2910
2911
2914
2915
2917
2918
2920
2921
2922
2924
2925
2927
2929
2930
2932
2933
2934
2935
2938
2939
2940
2942
2943
2945
2946
2948
2950
2951
2952
2954
2955
2957
2958
2960
2961
2962
2964
2965
2967
2969
2970
2972
2974
2975
2976
2978
2979
2981
2982
2983
2985
2986
2989
2990
2992
2993
2994
2995
2998
2999
3000
3002
3004
3005
3006
3008
3009
3011
3013
3014
3016
3017
3018
3020
3021
3023
3025
3026
3027
3028
3031
3032
3034
3035
3036
3038
3040
3041
3042
3043
3046
3047
3048
3049
3052
3053
3054
3055
3057
3058
3061
3062
3063
3064
3067
3068
3069
3071
3072
3074
3075
3077
3078
3080
3081
3082
3084
3085
3088
3089
3090
3092
3094
3095
3097
3098
3100
3101
3103
3104
3106
3107
3108
3110
3112
3113
3114
3116
3117
3119
3121
3122
3124
3125
3126
3128
3129
3131
3133
3134
3136
3137
3138
3139
3142
3143
3144
3146
3147
3149
3151
3152
3153
3155
3156
3158
3159
3161
3163
3164
3165
3167
3169
3170
3172
3173
3174
3176
3177
3178
3181
3182
3184
3185
3187
3188
3190
3191
3193
3194
3196
3197
3198
3200
3202
3203
3205
3206
3207
3209
3211
3212
3213
3215
3216
3217
3220
3221
3223
3224
3225
3226
3228
3229
3232
3233
3235
3236
3238
3239
3241
3242
3244
3245
3246
3248
3249
3251
3253
3254
3255
3256
3259
3260
3261
3262
3264
3265
3267
3268
3271
3272
3273
3274
3277
3278
3280
3281
3282
3284
3285
3287
3289
3290
3292
3293
3294
3295
3297
3299
3300
3302
3304
3305
3307
3308
3309
3311
3312
3314
3315
3317
3318
3319
3321
3323
3325
3326
3330
3333
3334
3336
3337
3338
3339
3341
3343
3346
3347
3349
3350
3351
3352
3353
3355
3356
3357
3358
3360
3365
3369
3371
3375
3376
3377
3378
3381
3384
3386
3390
3391
3392
3393
3397
3398
3401
3404
3407
3410
3414
3415
3418
3420
3423
3424
3426
3427
3428
3429
3430
3432
3435
3436
3437
3438
3439
3443
3445
3447
3449
3453
3454
3455
3456
3458
3459
3460
3461
3462
3464
3466
3469
3472
3475
3477
3479
3481
3482
3484
3486
3488
3489
3490
3491
3492
3493
3495
3496
3497
3498
3499
3501
3503
3506
3508
3509
3510
3511
3512
3514
3515
3516
3517
3521
3522
3523
