s vc 24765 5110
16384
1
16386
24577
16388
24579
16390
24580
16392
24583
24584
16395
24587
16397
24589
16399
16400
24590
24592
16403
24594
16405
24597
16407
24599
16409
24600
16411
16412
24602
16414
24604
16416
24606
16418
24608
24610
16421
16422
24612
16424
24615
24617
16427
24619
16429
16430
24620
24622
16433
16434
24625
24627
16437
24628
16439
16440
24630
16442
24632
16444
24634
24637
16447
24638
16449
16450
24641
24642
16453
16454
24645
24647
16457
24648
16459
24651
16461
16462
24653
24654
16465
24656
16467
16468
24659
16470
24661
24663
16473
24664
16475
16476
24666
16478
24669
16480
24671
16482
24672
24675
16485
16486
24677
16488
24678
16490
24680
24682
16493
16494
24684
24686
16497
16498
24688
24691
16501
16502
24693
16504
24694
24696
16507
16508
24698
16510
24701
24702
16513
16514
24705
24707
16517
24709
16519
24710
16521
16522
24712
24714
16525
16526
24716
24718
16529
16530
24720
16532
24723
24724
16535
24726
16537
16538
24728
24731
16541
16542
24733
16544
24734
24737
16547
16548
24738
16550
24740
16552
24743
24744
16555
16556
24747
24748
16559
24750
16561
16562
24752
16564
24754
24756
16567
24759
16569
24761
16571
24762
16573
16574
24764
16576
16578
16581
16582
16584
16586
16589
16591
16592
16594
16596
16598
16601
16602
16605
16606
16608
16611
16613
16614
16616
16619
16620
16622
16625
16627
16628
16631
16632
16634
16637
16638
16641
16643
16644
16647
16649
16650
16652
16655
16656
16659
16661
16663
16665
16666
16669
16671
16673
16674
16676
16678
16681
16683
16685
16687
16689
16691
16693
16694
16696
16699
16701
16703
16705
16707
16709
16711
16713
16715
16716
16718
16720
16722
16724
16727
16729
16731
16733
16735
16736
16738
16740
16743
16745
16747
16748
16750
16753
16754
16756
16759
16760
16763
16765
16766
16769
16770
16773
16775
16777
16778
16781
16783
16785
16787
16789
16790
16792
16794
16797
16798
16800
16802
16804
16807
16808
16811
16813
16814
16816
16819
16821
16823
16824
16826
16829
16830
16832
16835
16837
16839
16840
16843
16845
16846
16849
16851
16853
16855
16856
16859
16860
16863
16865
16866
16869
16871
16872
16875
16876
16878
16881
16883
16884
16886
16889
16891
16893
16894
16896
16899
16901
16902
16905
16907
16909
16911
16913
16914
16917
16918
16921
16922
16925
16926
16928
16930
16933
16934
16936
16939
16941
16943
16945
16946
16948
16950
16952
16954
16956
16958
16960
16963
16965
16967
16969
16970
16972
16975
16977
16978
16981
16983
16984
16986
16989
16991
16993
16994
16996
16998
17001
17003
17005
17007
17008
17010
17013
17014
17017
17019
17020
17022
17024
17026
17029
17031
17033
17034
17036
17039
17041
17042
17044
17047
17048
17051
17052
17055
17056
17058
17061
17062
17064
17066
17069
17070
17072
17075
17077
17079
17081
17083
17084
17087
17089
17091
17093
17095
17097
17099
17100
17103
17104
17107
17109
17110
24568
17113
17114
17116
17119
17120
17123
17125
17126
24571
17129
17131
17132
17135
17136
17139
17141
17143
17145
17147
17149
17150
17152
17154
17156
17158
17160
17163
17164
17167
17168
17171
17173
17174
17177
17178
17181
17183
17185
17187
17189
17190
17192
17194
17196
17199
17201
17202
17205
17207
17208
17210
17212
17215
17216
17219
17221
17222
17225
17227
17228
17230
17232
17235
17237
17238
17240
17243
17245
17246
17248
17250
17253
17254
17256
17259
17261
17262
17264
17267
17269
17270
17273
17274
17277
17279
17280
17282
17285
17286
17288
17291
17293
17295
17296
17298
17301
17302
17305
17307
17308
17311
17312
17314
17317
17319
17321
17323
17324
17327
17328
17330
17332
17335
17337
17339
17340
17342
17345
17347
17348
17350
17353
17354
17356
17359
17360
17362
17365
17367
17368
17371
17373
17374
17377
17379
17381
17383
17384
17386
17388
17391
17392
17395
17397
17398
17400
17403
17405
17406
17408
17411
17413
17415
17416
17419
17420
17423
17425
17426
17429
17430
17433
17434
17437
17439
17441
17443
17444
17447
17448
17450
17452
17455
17457
17458
17461
17463
17464
17467
17469
17471
17472
17474
17476
17479
17481
17482
17485
17486
17489
17490
17493
17495
17497
17498
17501
17502
17505
17507
17509
17511
17513
17514
17517
17518
17521
17523
17525
17526
17528
17531
17533
17534
17537
17539
17540
17542
17544
17547
17548
17551
17552
17555
17556
17559
17560
17563
17564
17567
17569
17570
17573
17575
17577
17579
17580
17583
17585
17586
17588
17590
17592
17594
17597
17598
17601
17602
17605
17606
17609
17610
17613
17614
17617
17618
17620
17622
17624
17627
17629
17630
17633
17634
17637
17638
17641
17642
17645
17646
17648
17650
17652
17654
17656
17658
17661
17662
17665
17667
17669
17670
17673
17674
17676
17679
17680
17682
17685
17687
17688
17690
17693
17695
17697
17699
17700
17702
17705
17707
17709
17711
17713
17714
17716
17718
17721
17722
17724
17727
17729
17730
17733
17735
17737
17739
17740
17743
17745
17747
17748
17750
17753
17755
17757
17758
17760
17763
17764
17767
17768
17770
17773
17774
17776
17778
17780
17782
17785
17786
17789
17791
17792
17795
17796
17799
17801
17802
17804
17806
17809
17811
17813
17814
17817
17819
17821
17823
17825
17826
17828
17830
17833
17835
17837
17838
17841
17842
17844
17846
17849
17851
17852
17855
17856
17859
17861
17863
17864
17867
17869
17870
17873
17875
17877
17879
17880
17882
17885
17886
17889
17891
17892
17895
17897
17898
17901
17903
17904
17906
17909
17911
17913
17915
17917
17918
17921
17923
17925
17927
17928
17930
17932
17935
17937
17939
17940
17942
17945
17946
17948
17951
17952
17955
17957
17958
17960
17962
17964
17967
17968
17971
17973
17974
17977
17979
17981
17982
17985
17986
17989
17991
17992
17995
17997
17998
18001
18002
18004
18007
18008
18010
18012
18015
18017
18019
18020
18023
18024
18026
18028
18030
18032
18034
18036
18039
18041
18042
18045
18046
18048
18051
18052
18055
18056
18058
18061
18062
18064
18067
18069
18071
18073
18075
18077
18078
18080
18082
18084
18086
18089
18091
18093
18095
18096
18098
18100
18103
18104
18107
18108
18110
18112
18115
18116
18119
18121
18123
18124
18126
18129
18131
18132
18134
18137
18138
18141
18143
18144
18147
18149
18150
18152
18155
18157
18158
18160
18163
18165
18167
18168
18171
18172
18175
18177
18179
18181
18183
18185
18187
18189
18191
18193
18195
18197
18198
18201
18202
18204
18206
18209
18211
18212
18215
18217
18218
18221
18222
18224
18227
18229
18231
18233
18235
18237
18238
18241
18242
18244
18246
18249
18250
18252
18255
18257
18258
18260
18263
18265
18267
18269
18271
18273
18275
18276
18279
18280
18282
18285
18286
18288
18291
18293
18294
18297
18298
18301
18303
18304
18307
18308
18310
18313
18314
18317
18319
18320
18323
18325
18327
18329
18331
18332
18335
18337
18339
18340
18343
18344
18347
18349
18350
18352
18354
18357
18359
18360
18362
18364
18366
18369
18371
18373
18374
18376
18378
18380
18383
18385
18387
18389
18391
18393
18394
18397
18398
18400
18402
18405
18406
18409
18411
18412
18414
18416
18419
18420
18422
18424
18426
18429
18431
18433
18434
18436
18439
18441
18442
18445
18446
18448
18450
18453
18454
18456
18458
18460
18463
18465
18467
18469
18471
18473
18474
18476
18479
18480
18483
18484
18487
18489
18490
18493
18494
18496
18498
18501
18502
18505
18507
18509
18510
18513
18514
18516
18518
18521
18522
18525
18527
18529
18531
18533
18534
18537
18539
18541
18542
18545
18546
18548
18550
18552
18555
18556
18559
18561
18563
18564
18567
18569
18571
18573
18574
18577
18578
18581
18583
18585
18586
18589
18591
18592
18595
18596
18599
18601
18603
18604
18607
18608
18611
18612
18615
18616
18619
18620
18622
18624
18627
18628
18631
18632
18634
18636
18639
18640
18642
18645
18646
18649
18651
18652
18655
18657
18659
18661
18662
18664
18667
18669
18670
18673
18675
18677
18679
18680
18683
18684
18686
18688
18691
18693
18694
18696
18698
18701
18703
18705
18707
18708
18711
18713
18714
18716
18719
18721
18723
18724
18726
18729
18731
18733
18735
18736
18739
18741
18742
18744
18747
18748
18751
18753
18754
18757
18758
18761
18762
18765
18766
18769
18771
18772
18774
18777
18778
18781
18783
18785
18786
18788
18791
18792
18794
18797
18799
18801
18802
18804
18806
18809
18810
18812
18814
18816
18818
18821
18823
18825
18827
18828
18831
18833
18834
18836
18838
18840
18843
18844
18846
18849
18850
18853
18855
18857
18859
18861
18862
18864
18867
18868
18871
18873
18874
18876
18878
18880
18883
18884
18886
18888
18891
18892
18894
18896
18899
18900
18903
18904
18906
18908
18911
18912
18915
18916
18919
18920
18922
18924
18926
18929
18930
18932
18935
18937
18939
18940
18942
18945
18946
18948
18951
18953
18955
18956
18959
18961
18962
18965
18967
18969
18970
18973
18975
18976
18979
18981
18983
18985
18986
18989
18990
18993
18994
18996
18999
19001
19003
19004
19007
19009
19011
19012
19014
19016
19019
19021
19022
19025
19027
19028
19030
19032
19034
19036
19038
19041
19043
19045
19047
19049
19051
19052
19054
19057
19059
19060
19063
19065
19066
19069
19071
19073
19074
19077
19078
19081
19082
19084
19086
19089
19090
19093
19095
19096
19099
19101
19102
19104
19107
19109
19111
19113
19115
19117
19118
19120
19123
19124
19127
19129
19130
19132
19134
19136
19139
19140
19143
19145
19146
19149
19151
19153
19155
19157
19159
19160
19163
19164
19167
19168
19171
19173
19174
19176
19178
19180
19182
19184
19186
19189
19190
19192
19194
19197
19199
19201
19203
19204
19206
19208
19210
19212
19214
19216
19218
19220
19222
19224
19226
19228
19231
19233
19234
19237
19238
19240
19242
19245
19247
19248
19250
19252
19254
19256
19259
19261
19262
19265
19267
19269
19270
19272
19274
19277
19278
19280
19282
19285
19286
19288
19291
19292
19295
19296
19299
19300
19302
19304
19307
19309
19311
19313
19314
19316
19319
19320
19322
19324
19326
19329
19330
19332
19334
19336
19338
19341
19342
19345
19347
19349
19350
19352
19355
19357
19359
19360
19362
19365
19367
19368
19371
19372
19375
19377
19379
19380
19383
19385
19386
19389
19390
19392
19395
19396
19399
19400
19403
19405
19406
19409
19410
19413
19414
19417
19418
19421
19423
19425
19427
19429
19431
19433
19435
19437
19439
19441
19443
19445
19446
19449
19450
19452
19455
19457
19458
19461
19463
19464
19467
19469
19470
19473
19475
19476
19479
19481
19482
19485
19486
19488
19490
19492
19495
19496
19498
19500
19503
19504
19506
19508
19511
19512
19514
19516
19518
19520
19522
19525
19527
19529
19530
19532
19534
19537
19539
19540
19543
19544
19547
19548
19551
19552
19555
19556
19558
19561
19563
19564
19566
19568
19570
19572
19574
19576
19579
19581
19583
19585
19586
19589
19591
19593
19595
19597
19599
19601
19602
19604
19606
19608
19610
19613
19614
19617
19619
19620
19622
19624
19626
19629
19630
19633
19635
19636
19638
19641
19643
19644
19646
19649
19650
19653
19654
19656
19658
19661
19663
19665
19667
19669
19671
19672
19674
19677
19678
19681
19682
19685
19687
19689
19690
19692
19695
19696
19699
19701
19702
19704
19707
19709
19711
19713
19715
19717
19719
19721
19723
19724
19727
19729
19731
19733
19734
19737
19739
19740
19742
19745
19746
19749
19751
19752
19755
19757
19759
19761
19763
19764
19766
19769
19770
19772
19774
19776
19779
19781
19782
19784
19787
19788
19791
19793
19794
19797
19799
19801
19803
19805
19806
19808
19810
19813
19815
19817
19818
19820
19822
19825
19827
19828
19831
19833
19835
19836
19838
19841
19842
19844
19846
19849
19851
19853
19854
19856
19859
19861
19862
19865
19866
19868
19870
19872
19874
19877
19878
19880
19882
19884
19887
19888
19891
19893
19895
19896
19898
19901
19902
19905
19907
19908
19911
19912
19914
19916
19919
19920
19923
19924
19926
19929
19930
19933
19935
19936
19938
19941
19942
19945
19946
19949
19950
19953
19955
19956
19959
19961
19962
19965
19966
19968
19971
19972
19974
19976
19978
19981
19983
19984
19986
19989
19990
19993
19994
19997
19998
20000
20002
20005
20007
20009
20010
20012
20015
20017
20018
20021
20023
20024
20027
20028
20031
20033
20035
20036
20038
20041
20043
20044
20047
20049
20051
20053
20054
20057
20058
20061
20063
20064
20066
20068
20071
20073
20074
20076
20078
20081
20083
20084
20086
20088
20090
20093
20094
20097
20098
20100
20103
20105
20107
20108
20111
20112
20115
20116
20118
20121
20123
20124
20127
20129
20131
20132
20135
20137
20139
20141
20143
20144
20147
20148
20150
20152
20154
20156
20159
20161
20162
20165
20167
20168
20171
20172
20174
20177
20178
20180
20183
20184
20187
20188
20190
20193
20194
20196
20198
20201
20203
20205
20206
20209
20211
20213
20214
20217
20219
20220
20222
20225
20227
20228
20230
20233
20235
20236
20238
20240
20243
20244
20247
20248
20251
20253
20255
20256
20258
20260
20263
20265
20267
20269
20271
20272
20274
20277
20278
20280
20282
20285
20286
20288
20291
20292
20294
20297
20298
20300
20302
20304
20307
20309
20311
20312
20315
20316
20318
20321
20322
20325
20326
20329
20331
20332
20335
20337
20339
20341
20342
20345
20346
20349
20350
20353
20355
20356
20359
20360
20363
20364
20367
20368
20370
20372
20374
20377
20379
20381
20382
20385
20386
20389
20391
20392
20394
20396
20398
20400
20403
20404
20406
20409
20410
20413
20415
20417
20419
20421
20423
20424
20427
20428
20430
20433
20435
20437
20439
20441
20443
20444
20447
20449
20451
20453
20455
20456
20458
20461
20462
20465
20466
20469
20471
20473
20475
20477
20479
20481
20482
20485
20487
20489
20490
20493
20494
20497
20498
20500
20503
20504
20506
20509
20510
20513
20515
20517
20519
20520
20523
20524
20527
20528
20530
20533
20535
20537
20539
20541
20542
20544
20546
20549
20550
20552
20555
20556
20559
20560
20562
20564
20566
20569
20570
20572
20574
20576
20579
20581
20582
20584
20587
20589
20590
20592
20594
20597
20599
20600
20602
20604
20606
20609
20611
20613
20614
20617
20619
20620
20622
20625
20626
20629
20631
20632
20635
20637
20639
20640
20643
20644
20647
20648
20651
20653
20655
20656
20658
20661
20662
20665
20667
20669
20670
20673
20674
20676
20679
20681
20682
20684
20687
20688
20690
20692
20694
20697
20699
20700
20702
20704
20706
20709
20711
20713
20715
20717
20719
20721
20723
20724
20727
20729
20731
20732
20735
20737
20739
20741
20742
20744
20746
20748
20751
20753
20755
20757
20758
20760
20762
20765
20766
20769
20770
20772
20775
20777
20779
20781
20783
20785
20786
20788
20790
20793
20794
20796
20799
20800
20802
20805
20807
20809
20810
20813
20814
20817
20818
20821
20823
20825
20827
20829
20831
20832
20835
20836
20839
20841
20843
20845
20846
20848
20850
20853
20854
20857
20858
20861
20863
20865
20867
20869
20870
20873
20874
20877
20879
20881
20883
20884
20886
20889
20890
20893
20894
20896
20898
20900
20902
20905
20906
20908
20910
20912
20914
20917
20918
20921
20922
20925
20926
20929
20930
20933
20934
20937
20939
20940
20943
20944
20946
20948
20950
20952
20954
20957
20958
20961
20962
20964
20966
20969
20971
20973
20975
20977
20979
20980
20983
20985
20986
20989
20990
20993
20994
20996
20998
21000
21002
21005
21006
21008
21011
21013
21015
21016
21018
21021
21023
21024
21027
21028
21031
21033
21035
21036
21039
21041
21042
21045
21047
21048
21051
21052
21055
21057
21058
21061
21063
21064
21067
21068
21070
21073
21074
21077
21078
21081
21083
21085
21086
21089
21091
21093
21095
21096
21098
21101
21102
21104
21107
21108
21111
21113
21114
21117
21118
21121
21122
21125
21127
21128
21130
21132
21134
21136
21139
21141
21143
21144
21147
21148
21151
21152
21154
21156
21158
21161
21163
21164
21167
21169
21171
21172
21174
21177
21179
21180
21182
21185
21187
21189
21190
21193
21194
21196
21198
21201
21202
21204
21206
21209
21211
21213
21215
21216
21219
21221
21223
21224
21226
21229
21231
21232
21235
21236
21238
21241
21243
21245
21246
21249
21250
21252
21255
21256
21258
21260
21263
21264
21267
21268
21270
21273
21275
21277
21278
21280
21283
21285
21286
21289
21291
21292
21294
21296
21298
21300
21303
21305
21307
21308
21310
21312
21315
21316
21319
21320
21323
21324
21326
21329
21331
21333
21334
21337
21339
21341
21343
21345
21347
21349
21350
21352
21354
21357
21359
21361
21362
21364
21367
21368
21370
21373
21374
21376
21378
21381
21382
21384
21386
21389
21391
21393
21395
21397
21399
21401
21403
21405
21406
21409
21410
21413
21414
21416
21419
21420
21423
21425
21427
21428
21430
21433
21434
21436
21439
21441
21443
21444
21447
21448
21451
21452
21455
21457
21459
21461
21463
21464
21467
21468
21471
21473
21475
21477
21478
21481
21483
21485
21487
21489
21491
21492
21494
21496
21499
21500
21503
21504
21506
21508
21510
21513
21515
21517
21519
21521
21523
21525
21526
21529
21530
21533
21535
21537
21538
21541
21543
21544
21546
21549
21550
21553
21554
21557
21558
21560
21562
21564
21566
21568
21570
21572
21574
21577
21579
21580
21583
21585
21587
21589
21591
21593
21595
21597
21599
21601
21602
21605
21607
21608
21610
21612
21614
21617
21619
21621
21622
21624
21626
21628
21631
21633
21634
21637
21639
21641
21642
21645
21647
21648
21650
21652
21655
21657
21658
21661
21662
21665
21667
21669
21670
21673
21675
21677
21679
21680
21683
21684
21687
21689
21691
21693
21695
21696
21699
21700
21702
21704
21707
21708
21710
21712
21714
21717
21719
21720
21723
21724
21726
21728
21730
21732
21734
21737
21738
21741
21742
21744
21746
21748
21750
21753
21754
21757
21758
21761
21762
21764
21766
21768
21770
21773
21774
21776
21778
21780
21783
21785
21786
21789
21791
21792
21795
21797
21799
21800
21803
21805
21806
21808
21810
21812
21814
21817
21819
21820
21822
21825
21826
21828
21831
21832
21834
21836
21839
21841
21842
21844
21847
21848
21850
21853
21855
21857
21858
21860
21863
21865
21866
21869
21871
21872
21874
21876
21879
21881
21883
21884
21887
21889
21891
21893
21894
21896
21898
21901
21902
21904
21906
21909
21911
21912
21914
21916
21918
21920
21923
21924
21927
21929
21931
21932
21935
21937
21939
21941
21943
21944
21946
21949
21950
21953
21955
21957
21959
21960
21962
21964
21966
21969
21970
21973
21975
21976
21979
21980
21983
21984
21987
21989
21991
21993
21994
21996
21999
22000
22002
22004
22007
22009
22011
22013
22015
22017
22019
22021
22023
22025
22026
22029
22030
22033
22034
22036
22038
22041
22042
22045
22047
22049
22050
22053
22055
22056
22059
22061
22062
22065
22067
22069
22071
22073
22074
22076
22078
22081
22083
22084
22086
22088
22090
22092
22094
22097
22098
22101
22102
22105
22106
22109
22111
22112
22114
22117
22119
22120
22123
22124
22126
22128
22131
22133
22134
22137
22139
22141
22142
22144
22147
22149
22151
22153
22155
22156
22159
22161
22162
22165
22167
22168
22171
22172
22174
22176
22178
22181
22182
22185
22187
22188
22191
22193
22195
22197
22199
22200
22202
22205
22207
22209
22211
22213
22215
22216
22218
22220
22223
22224
22227
22228
22231
22232
22234
22237
22239
22240
22243
22244
22246
22249
22251
22253
22255
22257
22258
22260
22263
22264
22267
22268
22270
22272
22274
22276
22278
22280
22282
22285
22287
22288
22291
22293
22295
22297
22299
22300
22302
22304
22306
22308
22311
22312
22315
22316
22319
22320
22322
22325
22327
22328
22330
22332
22334
22337
22339
22341
22342
22344
22347
22349
22350
22353
22354
22357
22358
22361
22363
22364
22367
22369
22370
22373
22375
22377
22379
22381
22382
22384
22387
22389
22391
22393
22394
22397
22399
22401
22402
22404
22406
22409
22411
22413
22415
22417
22419
22421
22423
22425
22427
22428
22430
22433
22434
22437
22439
22440
22442
22444
22447
22449
22450
22452
22454
22457
22458
22461
22463
22464
22467
22469
22471
22472
22474
22477
22479
22480
22483
22485
22486
22489
22490
22492
22495
22497
22499
22501
22502
22504
22507
22509
22510
22513
22514
22517
22519
22520
22522
22525
22526
22528
22530
22533
22534
22537
22539
22540
22542
22545
22546
22549
22551
22553
22555
22557
22558
22560
22562
22564
22566
22569
22570
22573
22575
22576
22579
22580
22582
22585
22587
22589
22591
22592
22595
22596
22599
22601
22603
22605
22607
22609
22610
22612
22614
22616
22618
22621
22622
22624
22626
22629
22630
22632
22635
22637
22638
22641
22643
22645
22647
22648
22651
22652
22654
22657
22658
22661
22662
22664
22666
22668
22671
22673
22674
22677
22678
22681
22682
22685
22686
22688
22691
22693
22694
22697
22699
22701
22703
22704
22707
22709
22710
22712
22714
22717
22719
22720
22722
22724
22726
22729
22730
22732
22734
22737
22739
14548
22740
14550
22742
14552
22745
14554
22746
14556
22748
14558
22751
14560
22752
14562
22755
14564
22756
14566
22759
14568
22760
14570
22763
14572
22764
14574
22766
14576
22768
14578
22770
14580
22773
14582
22774
14584
22776
14586
22779
14588
22780
14590
22782
14592
22784
14594
22787
14596
22788
14598
22791
14600
22792
14602
22794
14604
22796
14606
22799
14608
22801
14610
22803
14612
22804
14614
22806
14616
22809
14618
22810
14620
22812
14622
22814
14624
22817
14626
22819
14628
22821
14630
22822
14632
22825
14634
22826
14636
22829
14638
22831
14640
22833
14642
22835
14644
22837
14646
22839
14648
22841
14650
22843
14652
22844
14654
22846
14656
22848
14658
22850
14660
22853
14662
22855
14664
22857
14666
22859
14668
22860
14670
22862
14672
22865
14674
22866
14676
22869
14678
22870
14680
22873
14682
22875
14684
22876
14686
22878
14688
22880
14690
22883
14692
22884
14694
22886
22888
14697
22890
14699
14700
22892
14702
22895
14704
22896
22898
14707
14708
22901
14710
22903
14712
22905
14715
22907
14717
14718
22908
22910
14721
22913
14723
14724
22915
14726
22917
22918
14729
22920
14731
14732
22923
22924
14735
22926
14737
22928
14739
22931
14741
14742
22932
14744
22935
14746
22937
22939
14749
14750
22941
22943
14753
22945
14755
22946
14757
22948
14759
22950
14761
14762
22953
14764
22955
22957
14767
22958
14769
22961
14771
22962
14773
22965
14775
22966
14777
14778
22969
14780
22971
22972
14783
22975
14785
14786
22976
14788
22978
14790
22980
22983
14793
14794
22984
22986
14797
14798
22989
22990
14801
22992
14803
14804
22995
14806
22997
22999
14809
23000
14811
23002
14813
23005
14815
23007
14817
14818
23008
23011
14821
23013
14823
14824
23015
23017
14827
23019
14829
23020
14831
23023
14833
14834
23025
14836
23027
23028
14839
23031
14841
14842
23033
23034
14845
14846
23036
14848
23039
14850
23040
14852
23042
14854
23045
23047
14857
14858
23049
14860
23051
23052
14863
14864
23054
14866
23057
23058
14869
23061
14871
14872
23063
14874
23064
14876
23067
14878
23068
23071
14881
23072
14883
14884
23074
14886
23077
23078
14889
14890
23080
14892
23083
14894
23084
23087
14897
14898
23089
14900
23091
23092
14903
23095
14905
14906
23096
14908
23099
14910
23100
14912
23102
23104
14915
14916
23106
23109
14919
23110
14921
14922
23112
14924
23115
14926
23116
14928
23119
14930
23120
23123
14933
14934
23125
14936
23126
23129
14939
23130
14941
23132
14943
23134
14945
23137
14947
23138
14949
23140
14951
23142
14953
14954
23144
23146
14957
23148
14959
23150
14961
14962
23153
14964
23154
23156
14967
23158
14969
23160
14971
14972
23163
14974
23165
23167
14977
23168
14979
23170
14981
23173
14983
23174
14985
14986
23176
14988
23179
14990
23180
23183
14993
14994
23184
14996
23187
14998
23188
15000
23190
23192
15003
23195
15005
15006
23197
15008
23199
15010
23200
15012
23202
23205
15015
23206
15017
15018
23208
23210
15021
15022
23212
15024
23214
15026
23216
23218
15029
15030
23221
15032
23222
23224
15035
23226
15037
15038
23229
15040
23231
15042
23232
23235
15045
23236
15047
15048
23238
23241
15051
23243
15053
23244
15055
23246
15057
15058
23249
23250
15061
23253
15063
23255
15065
15066
23257
15068
23258
15070
23261
15072
23263
23265
15075
15076
23266
15078
23268
23271
15081
15082
23272
23274
15085
15086
23277
23278
15089
23280
15091
23282
15093
23284
15095
15096
23286
15098
23289
23290
15101
15102
23292
15104
23295
15106
23296
23299
15109
23301
15111
23302
15113
23304
15115
15116
23306
15118
23309
23310
15121
23313
15123
23314
15125
15126
23317
23318
15129
15130
23320
15132
23322
23325
15135
15136
23326
23329
15139
15140
23331
23332
15143
23335
15145
23336
15147
15148
23338
23340
15151
15152
23343
15154
23344
23346
15157
15158
23349
23351
15161
15162
23352
15164
23355
23356
15167
23358
15169
23361
15171
23362
15173
15174
23364
15176
23367
23369
15179
15180
23370
23373
15183
15184
23375
23377
15187
15188
23379
15190
23381
15192
23382
15194
23384
23387
15197
23388
15199
15200
23390
15202
23393
23394
15205
23396
15207
23399
15209
23401
15211
15212
23403
23405
15215
23406
15217
15218
23408
23411
15221
15222
23412
15224
23414
15226
23417
23418
15229
23421
15231
15232
23423
15234
23424
15236
23426
23429
15239
15240
23430
23433
15243
23434
15245
23437
15247
23439
15249
15250
23441
15252
23443
15254
23445
23446
15257
23449
15259
15260
23451
23453
15263
23454
15265
23456
15267
23458
15269
15270
23461
15272
23462
23464
15275
23466
15277
23468
15279
15280
23470
23472
15283
15284
23474
15286
23476
15288
23478
15290
23481
15292
23482
23485
15295
23486
15297
23488
15299
15300
23490
23493
15303
15304
23495
23496
15307
23499
15309
15310
23500
15312
23503
15314
23505
15316
23507
23508
15319
23510
15321
23513
15323
15324
23515
23516
15327
15328
23519
15330
23520
23523
15333
15334
23525
23526
15337
23528
15339
23531
15341
23532
15343
15344
23534
15346
23536
15348
23539
23540
15351
15352
23542
23544
15355
23547
15357
23548
15359
23551
15361
15362
23552
23555
15365
15366
23557
23559
15369
23561
15371
23563
15373
23564
15375
23567
15377
15378
23568
15380
23571
23572
15383
15384
23575
15386
23577
23578
15389
23580
15391
23583
15393
23584
15395
15396
23587
15398
23588
23590
15401
15402
23593
23594
15405
23596
15407
23599
15409
23601
15411
15412
23603
23605
15415
23606
15417
15418
23609
23610
15421
15422
23612
15424
23614
15426
23616
23618
15429
23620
15431
23622
15433
15434
23624
15436
23626
23629
15439
23631
15441
15442
23633
23635
15445
15446
23637
15448
23638
23641
15451
15452
23642
15454
23645
15456
23647
23648
15459
23650
15461
23653
15463
23654
15465
23656
15467
23659
15469
23661
15471
23662
15473
15474
23665
15476
23667
15478
23668
15480
23670
23673
15483
23675
15485
15486
23677
15488
23679
23680
15491
15492
23683
23685
15495
23686
15497
23688
15499
23690
15501
15502
23693
23694
15505
23697
15507
23699
15509
23700
15511
23703
15513
23704
15515
23707
15517
15518
23709
15520
23711
23712
15523
23714
15525
23716
15527
23718
15529
15530
23721
23722
15533
15534
23724
23727
15537
15538
23728
23731
15541
23733
15543
23735
15545
15546
23737
15548
23739
23740
15551
23743
15553
23745
15555
23747
15557
15558
23749
23750
15561
15562
23752
15564
23754
15566
23756
15568
23758
23761
15571
15572
23763
15574
23764
15576
23767
15578
23768
15580
23771
15582
23772
15584
23774
15586
23777
23779
15589
23780
15591
15592
23782
15594
23785
15596
23787
23789
15599
23791
15601
15602
23793
23795
15605
15606
23796
15608
23798
23800
15611
15612
23803
15614
23804
23807
15617
23809
15619
23811
15621
15622
23812
23815
15625
15626
23817
23819
15629
15630
23821
15632
23822
15634
23825
23826
15637
15638
23828
15640
23830
15642
23832
23834
15645
15646
23837
23839
15649
23840
15651
15652
23842
15654
23844
15656
23847
23849
15659
15660
23850
23852
15663
15664
23854
23857
15667
15668
23859
23861
15671
23862
15673
23865
15675
23866
15677
15678
23869
23871
15681
15682
23873
15684
23874
15686
23877
23878
15689
23881
15691
23883
15693
23885
15695
15696
23886
15698
23889
23891
15701
15702
23892
23895
15705
15706
23896
15708
23899
23901
15711
23903
15713
23905
15715
15716
23906
23909
15719
23911
15721
15722
23913
23914
15725
23916
15727
23918
15729
23921
15731
23923
15733
23924
15735
23927
15737
15738
23929
23930
15741
15742
23933
15744
23935
15746
23937
23938
15749
23940
15751
15752
23943
23945
15755
15756
23946
23948
15759
15760
23951
23953
15763
23955
15765
15766
23957
15768
23958
23960
15771
15772
23963
23964
15775
23966
15777
23968
15779
15780
23970
23973
15783
15784
23974
15786
23977
15788
23979
23980
15791
15792
23983
15794
23985
23987
15797
15798
23989
23990
15801
23993
15803
23994
15805
23996
15807
15808
23998
15810
24001
15812
24002
24005
15815
24006
15817
24008
15819
24010
15821
24012
15823
15824
24015
15826
24016
24018
15829
24020
15831
24023
15833
24024
15835
24026
15837
24028
15839
15840
24030
24032
15843
15844
24035
15846
24037
15848
24039
24040
15851
24043
15853
15854
24045
24047
15857
15858
24049
15860
24051
15862
24053
24055
15865
24057
15867
24058
15869
24060
15871
15872
24063
24064
15875
24067
15877
24069
15879
24071
15881
24073
15883
15884
24074
15886
24077
24078
15889
24081
15891
15892
24083
15894
24085
24087
15897
24088
15899
24091
15901
15902
24092
15904
24095
24097
15907
24099
15909
24100
15911
15912
24102
24105
15915
24106
15917
24109
15919
24111
15921
24113
15923
15924
24114
15926
24117
24119
15929
15930
24120
24123
15933
24125
15935
24127
15937
15938
24128
24130
15941
15942
24133
24135
15945
24136
15947
15948
24139
15950
24140
24142
15953
24144
15955
15956
24146
24148
15959
15960
24151
24153
15963
24154
15965
15966
24156
24158
15969
24160
15971
24162
15973
24164
15975
15976
24166
24169
15979
24170
15981
24173
15983
24175
15985
24176
15987
15988
24179
24181
15991
24183
15993
15994
24184
24186
15997
24188
15999
24191
16001
24193
16003
24195
16005
16006
24197
16008
24199
24200
16011
16012
24203
16014
24204
16016
24206
24208
16019
16020
24210
16022
24213
16024
24214
16026
24217
16028
24219
16030
24221
16032
24222
24225
16035
24227
16037
24229
16039
16040
24231
16042
24233
16044
24234
24237
16047
24238
16049
24241
16051
24243
16053
16054
24245
16056
24246
24248
16059
24250
16061
16062
24253
16064
24254
24257
16067
16068
24258
16070
24260
24263
16073
24264
16075
24266
16077
24268
16079
24271
16081
24272
16083
24275
16085
24277
16087
16088
24278
24280
16091
24283
16093
16094
24285
16096
24286
16098
24288
16100
24290
16102
24292
16104
24294
24297
16107
16108
24298
16110
24300
16112
24302
16114
24304
24307
16117
24308
16119
16120
24310
24312
16123
24315
16125
16126
24317
24318
16129
16130
24320
24323
16133
24325
16135
24326
16137
16138
24328
16140
24331
24333
16143
24334
16145
16146
24336
24338
16149
16150
24340
16152
24343
24345
16155
16156
24346
16158
24348
16160
24350
16162
24352
16164
24354
16166
24356
24358
16169
16170
24360
24363
16173
24364
16175
24366
16177
16178
24368
16180
24370
16182
24372
16184
24374
16186
24376
24379
16189
24381
16191
16192
24382
24385
16195
24387
16197
16198
24389
16200
24390
16202
24393
24394
16205
24396
16207
24399
16209
24400
16211
24403
16213
24405
16215
16216
24407
24409
16219
16220
24411
24412
16223
16224
24415
24417
16227
24419
16229
24421
16231
24422
16233
16234
24425
24427
16237
16238
24428
24430
16241
16242
24432
24434
16245
24436
16247
24438
16249
16250
24440
24443
16253
16254
24445
24446
16257
16258
24449
16260
24450
16262
24452
24454
16265
24457
16267
24459
16269
24460
16271
16272
24462
24465
16275
16276
24466
24468
16279
16280
24471
24473
16283
16284
24474
24477
16287
16288
24479
16290
24481
24483
16293
16294
24484
24486
16297
16298
24488
16300
24490
24493
16303
16304
24495
16306
24496
16308
24498
16310
24500
16312
24502
16314
24504
24507
16317
24508
16319
16320
24511
16322
24513
16324
24515
16326
24517
24518
16329
16330
24521
16332
24523
16334
24525
16336
24527
24528
16339
16340
24531
16342
24533
24534
16345
24536
16347
24539
16349
16350
24541
16352
24542
16354
24545
24546
16357
16358
24548
24550
16361
16362
24552
24554
16365
16366
24556
24559
16369
16370
24561
24563
16373
16374
24564
16376
24566
16379
16380
24573
16382
24575
