s vc 6795 4200
3
5
7
11
14
16
19
22
26
30
33
35
38
41
45
46
51
54
56
58
61
64
68
70
75
78
81
82
86
90
91
95
97
100
104
108
110
114
117
120
121
126
128
132
134
136
140
144
145
149
151
156
159
161
163
166
169
172
177
178
182
186
189
191
194
197
201
204
207
208
213
214
219
221
224
226
227
228
229
230
231
232
233
234
235
236
237
238
239
240
241
242
243
244
245
246
247
248
249
250
251
252
253
254
255
256
257
258
259
260
261
262
263
264
265
266
267
268
269
270
271
272
273
274
275
276
277
278
279
280
281
282
283
284
285
286
287
288
289
290
291
292
293
294
295
296
297
298
299
300
301
302
303
304
305
306
307
308
309
310
311
312
313
314
315
316
317
318
319
320
321
322
323
324
325
326
327
328
329
330
331
332
333
334
335
336
337
338
339
340
341
342
343
344
345
346
347
348
349
350
351
352
353
354
355
356
357
358
359
360
361
362
363
364
365
366
367
368
369
370
371
372
373
374
375
376
377
378
379
380
381
382
383
384
385
386
387
388
389
390
391
392
393
394
395
396
397
398
399
400
401
402
403
404
405
406
407
408
409
410
411
412
413
414
415
416
417
418
419
420
421
422
423
424
425
426
427
428
429
430
431
432
433
434
435
436
437
438
439
440
441
442
443
444
445
446
447
448
449
450
451
452
453
454
455
456
457
458
459
460
461
462
463
464
465
466
467
468
469
470
471
472
473
474
475
476
477
478
479
480
481
482
483
484
485
486
487
488
489
490
491
492
493
494
495
496
497
498
499
500
501
502
503
504
505
506
507
508
509
510
511
512
513
514
515
516
517
518
519
520
521
522
523
524
525
526
527
528
529
530
531
532
533
534
535
536
537
538
539
540
541
542
543
544
545
546
547
548
549
550
551
552
553
554
555
556
557
558
559
560
561
562
563
564
565
566
567
568
569
570
571
572
573
574
575
576
577
578
579
580
581
582
583
584
585
586
587
588
589
590
591
592
593
594
595
596
597
598
599
600
601
602
603
604
605
606
607
608
609
610
611
612
613
614
615
616
617
618
619
620
621
622
623
624
625
626
627
628
629
630
631
632
633
634
635
636
637
638
639
640
641
642
643
644
645
646
647
648
649
650
651
652
653
654
655
656
657
658
659
660
661
662
663
664
665
666
667
668
669
670
671
672
673
674
675
676
677
678
679
680
681
682
683
684
685
686
687
688
689
690
691
692
693
694
695
696
697
698
699
700
701
702
703
704
705
706
707
708
709
710
711
712
713
714
715
716
717
718
719
720
721
722
723
724
725
726
727
728
729
730
731
732
733
734
735
736
737
738
739
740
741
742
743
744
745
746
747
748
749
750
751
752
753
754
755
756
757
758
759
760
761
762
763
764
765
766
767
768
769
770
771
772
773
774
775
776
777
778
779
780
781
782
783
784
785
786
787
788
789
790
791
792
793
794
795
796
797
798
799
800
801
802
803
804
805
806
807
808
809
810
811
812
813
814
815
816
817
818
819
820
821
822
823
824
825
826
827
828
829
830
831
832
833
834
835
836
837
838
839
840
841
842
843
844
845
846
847
848
849
850
851
852
853
854
855
856
857
858
859
860
861
862
863
864
865
866
867
868
869
870
871
872
873
874
875
876
877
878
879
880
881
882
883
884
885
886
887
888
889
890
891
892
893
894
895
896
897
898
899
900
901
902
903
904
905
906
907
908
909
910
911
912
913
914
915
916
917
918
919
920
921
922
923
924
925
926
927
928
929
930
931
932
933
934
935
936
937
938
939
940
941
942
943
944
945
946
947
948
949
950
951
952
953
954
955
956
957
958
959
960
961
962
963
964
965
966
967
968
969
970
971
972
973
974
975
976
977
978
979
980
981
982
983
984
985
986
987
988
989
990
991
993
994
995
998
999
1000
1001
1004
1005
1006
1007
1009
1010
1013
1014
1015
1016
1018
1020
1021
1022
1024
1026
1027
1028
1030
1032
1033
1035
1036
1037
1039
1041
1042
1043
1045
1047
1048
1049
1052
1053
1055
1056
1057
1058
1061
1062
1063
1064
1066
1068
1069
1070
1072
1074
1076
1077
1078
1079
1081
1083
1084
1085
1087
1089
1090
1091
1093
1095
1096
1098
1099
1100
1102
1104
1105
1106
1108
1110
1111
1112
1115
1116
1117
1119
1120
1121
1123
1125
1126
1127
1129
1131
1132
1133
1136
1137
1138
1140
1141
1142
1144
1146
1147
1148
1150
1152
1153
1154
1157
1158
1160
1161
1162
1163
1165
1167
1168
1169
1171
1173
1174
1175
1177
1179
1181
1182
1183
1184
1187
1188
1189
1190
1193
1194
1195
1196
1198
1199
1201
1203
1204
1205
1208
1209
1210
1211
1214
1215
1216
1217
1219
1220
1223
1224
1225
1226
1228
1230
1231
1232
1234
1236
1237
1238
1240
1242
1244
1245
1246
1247
1249
1251
1252
1253
1255
1257
1258
1259
1261
1263
1265
1266
1267
1268
1270
1272
1273
1274
1276
1278
1279
1280
1282
1284
1285
1287
1288
1289
1292
1293
1294
1295
1298
1299
1300
1301
1303
1304
1306
1308
1309
1310
1312
1314
1315
1316
1318
1320
1321
1322
1325
1326
1327
1329
1330
1331
1334
1335
1336
1337
1340
1341
1342
1343
1345
1346
1348
1350
1351
1352
1355
1356
1357
1358
1361
1362
1363
1364
1366
1367
1370
1371
1372
1373
1375
1377
1378
1379
1381
1383
1384
1385
1387
1389
1390
1392
1393
1394
1396
1398
1399
1400
1402
1404
1405
1406
1409
1410
1411
1413
1414
1415
1417
1419
1420
1421
1423
1425
1426
1427
1430
1431
1432
1434
1435
1436
1438
1440
1441
1442
1444
1446
1447
1448
1451
1452
1454
1455
1456
1457
1459
1461
1462
1463
1465
1467
1468
1469
1471
1473
1474
1476
1477
1478
1480
1482
1483
1484
1486
1488
1489
1490
1493
1494
1496
1497
1498
1499
1502
1503
1504
1505
1508
1509
1510
1511
1513
1514
1516
1518
1519
1520
1523
1524
1525
1526
1529
1530
1531
1532
1534
1535
1537
1539
1540
1541
1544
1545
1546
1547
1550
1551
1552
1553
1555
1556
1558
1560
1561
1562
1564
1566
1567
1568
1570
1572
1573
1574
1577
1578
1580
1581
1582
1583
1585
1587
1588
1589
1591
1593
1594
1595
1597
1599
1600
1602
1603
1604
1607
1608
1609
1610
1613
1614
1615
1616
1618
1619
1621
1623
1624
1625
1627
1629
1630
1631
1633
1635
1636
1637
1640
1641
1643
1644
1645
1646
1648
1650
1651
1652
1654
1656
1657
1658
1660
1662
1663
1665
1666
1667
1669
1671
1672
1673
1675
1677
1678
1679
1682
1683
1684
1686
1687
1688
1690
1692
1693
1694
1696
1698
1699
1700
1703
1704
1706
1707
1708
1709
1711
1713
1714
1715
1717
1719
1720
1721
1723
1725
1726
1728
1729
1730
1733
1734
1735
1736
1739
1740
1741
1742
1744
1745
1748
1749
1750
1751
1753
1755
1756
1757
1759
1761
1762
1763
1765
1767
1768
1770
1771
1772
1775
1776
1777
1778
1781
1782
1783
1784
1786
1787
1789
1791
1792
1793
1796
1797
1798
1799
1802
1803
1804
1805
1807
1808
1810
1812
1813
1814
1817
1818
1819
1820
1823
1824
1825
1826
1828
1829
1831
1833
1834
1835
1837
1839
1840
1841
1843
1845
1846
1847
1850
1851
1852
1854
1855
1856
1859
1860
1861
1862
1865
1866
1867
1868
1870
1871
1874
1875
1876
1877
1879
1881
1882
1883
1885
1887
1888
1889
1891
1893
1894
1896
1897
1898
1901
1902
1903
1904
1907
1908
1909
1910
1912
1913
1916
1917
1918
1919
1921
1923
1924
1925
1927
1929
1930
1931
1933
1935
1936
1938
1939
1940
1942
1944
1945
1946
1948
1950
1951
1952
1955
1956
1958
1959
1960
1961
1963
1965
1966
1967
1969
1971
1972
1973
1975
1977
1978
1980
1981
1982
1985
1986
1987
1988
1991
1992
1993
1994
1996
1997
1999
2001
2002
2003
2005
2007
2008
2009
2011
2013
2014
2015
2018
2019
2021
2022
2023
2024
2026
2028
2029
2030
2032
2034
2035
2036
2038
2040
2041
2043
2044
2045
2047
2049
2050
2051
2053
2055
2056
2057
2060
2061
2062
2064
2065
2066
2069
2070
2071
2072
2075
2076
2077
2078
2080
2081
2083
2085
2086
2087
2090
2091
2092
2093
2096
2097
2098
2099
2101
2102
2105
2106
2107
2108
2110
2112
2113
2114
2116
2118
2119
2120
2122
2124
2125
2127
2128
2129
2131
2133
2134
2135
2137
2139
2140
2141
2144
2145
2146
2148
2149
2150
2152
2154
2155
2156
2158
2160
2161
2162
2165
2166
2167
2169
2170
2171
2173
2175
2176
2177
2179
2181
2182
2183
2186
2187
2188
2190
2191
2192
2194
2196
2197
2198
2200
2202
2203
2204
2207
2208
2209
2211
2212
2213
2216
2217
2218
2219
2222
2223
2224
2225
2227
2228
2230
2232
2233
2234
2236
2238
2239
2240
2242
2244
2245
2246
2249
2250
2252
2253
2254
2255
2257
2259
2260
2261
2263
2265
2266
2267
2269
2271
2272
2274
2275
2276
2279
2280
2281
2282
2285
2286
2287
2288
2290
2291
2293
2295
2296
2297
2300
2301
2302
2303
2306
2307
2308
2309
2311
2312
2315
2316
2317
2318
2320
2322
2323
2324
2326
2328
2329
2330
2332
2334
2336
2337
2338
2339
2341
2343
2344
2345
2347
2349
2350
2351
2353
2355
2357
2358
2359
2360
2362
2364
2365
2366
2368
2370
2371
2372
2374
2376
2377
2379
2380
2381
2384
2385
2386
2387
2390
2391
2392
2393
2395
2396
2398
2400
2401
2402
2405
2406
2407
2408
2411
2412
2413
2414
2416
2417
2419
2421
2422
2423
2426
2427
2428
2429
2432
2433
2434
2435
2437
2438
2440
2442
2443
2444
2446
2448
2449
2450
2452
2454
2455
2456
2459
2460
2461
2463
2464
2465
2468
2469
2470
2471
2474
2475
2476
2477
2479
2480
2482
2484
2485
2486
2488
2490
2491
2492
2494
2496
2497
2498
2501
2502
2503
2505
2506
2507
2510
2511
2512
2513
2516
2517
2518
2519
2521
2522
2525
2526
2527
2528
2530
2532
2533
2534
2536
2538
2539
2540
2542
2544
2546
2547
2548
2549
2551
2553
2554
2555
2557
2559
2560
2561
2563
2565
2566
2568
2569
2570
2572
2574
2575
2576
2579
2580
2581
2582
2584
2586
2587
2588
2590
2592
2593
2594
2597
2598
2599
2600
2602
2604
2605
2606
2609
2610
2611
2612
2614
2616
2617
2618
2620
2622
2623
2624
2627
2628
2629
2630
2632
2634
2635
2636
2638
2640
2641
2642
2645
2646
2647
2648
2650
2652
2653
2654
2657
2658
2659
2660
2662
2664
2665
2666
2668
2670
2671
2672
2675
2676
2677
2678
2680
2682
2683
2684
2686
2688
2689
2690
2693
2694
2695
2696
2698
2700
2701
2702
2704
2706
2707
2708
2711
2712
2713
2714
2716
2718
2719
2720
2722
2724
2725
2726
2729
2730
2731
2732
2734
2736
2737
2738
2740
2742
2743
2744
2747
2748
2749
2750
2752
2754
2755
2756
2758
2760
2761
2762
2764
2766
2767
2768
2771
2772
2773
2774
2777
2778
2779
2780
2782
2784
2785
2786
2789
2790
2791
2792
2794
2796
2797
2798
2801
2802
2803
2804
2807
2808
2809
2810
2812
2814
2815
2816
2818
2820
2821
2822
2825
2826
2827
2828
2831
2832
2833
2834
2836
2838
2839
2840
2843
2844
2845
2846
2848
2850
2851
2852
2854
2856
2857
2858
2861
2862
2863
2864
2866
2868
2869
2870
2873
2874
2875
2876
2879
2880
2881
2882
2884
2886
2887
2888
2890
2892
2893
2894
2897
2898
2899
2900
2902
2904
2905
2906
2908
2910
2911
2912
2915
2916
2917
2918
2920
2922
2923
2924
2926
2928
2929
2930
2933
2934
2935
2936
2938
2940
2941
2942
2945
2946
2947
2948
2950
2952
2953
2954
2956
2958
2959
2960
2963
2964
2965
2966
2968
2970
2971
2972
2974
2976
2977
2978
2981
2982
2983
2984
2986
2988
2989
2990
2992
2994
2995
2996
2999
3000
3001
3002
3004
3006
3007
3008
3010
3012
3013
3014
3017
3018
3019
3020
3022
3024
3025
3026
3028
3030
3031
3032
3035
3036
3037
3038
3040
3042
3043
3044
3046
3048
3049
3050
3053
3054
3055
3056
3058
3060
3061
3062
3064
3066
3067
3068
3071
3072
3073
3074
3076
3078
3079
3080
3082
3084
3085
3086
3089
3090
3091
3092
3094
3096
3097
3098
3100
3102
3103
3104
3107
3108
3109
3110
3112
3114
3115
3116
3118
3120
3121
3122
3125
3126
3127
3128
3130
3132
3133
3134
3136
3138
3139
3140
3143
3144
3145
3146
3148
3150
3151
3152
3154
3156
3157
3158
3161
3162
3163
3164
3166
3168
3169
3170
3172
3174
3175
3176
3179
3180
3181
3182
3184
3186
3187
3188
3190
3192
3193
3194
3197
3198
3199
3200
3202
3204
3205
3206
3208
3210
3211
3212
3215
3216
3217
3218
3220
3222
3223
3224
3226
3228
3229
3230
3233
3234
3235
3236
3239
3240
3241
3242
3244
3246
3247
3248
3250
3252
3253
3254
3257
3258
3259
3260
3262
3264
3265
3266
3268
3270
3271
3272
3274
3276
3277
3278
3281
3282
3283
3284
3286
3288
3289
3290
3293
3294
3295
3296
3299
3300
3301
3302
3304
3306
3307
3308
3311
3312
3313
3314
3317
3318
3319
3320
3322
3324
3325
3326
3328
3330
3331
3332
3335
3336
3337
3338
3340
3342
3343
3344
3346
3348
3349
3350
3353
3354
3355
3356
3358
3360
3361
3362
3364
3366
3367
3368
3371
3372
3373
3374
3376
3378
3379
3380
3382
3384
3385
3386
3389
3390
3391
3392
3394
3396
3397
3398
3400
3402
3403
3404
3407
3408
3409
3410
3412
3414
3415
3416
3418
3420
3421
3422
3425
3426
3427
3428
3430
3432
3433
3434
3436
3438
3439
3440
3443
3444
3445
3446
3448
3450
3451
3452
3454
3456
3457
3458
3461
3462
3463
3464
3466
3468
3469
3470
3473
3474
3475
3476
3478
3480
3481
3482
3484
3486
3487
3488
3491
3492
3493
3494
3496
3498
3499
3500
3502
3504
3505
3506
3509
3510
3511
3512
3514
3516
3517
3518
3520
3522
3523
3524
3527
3528
3529
3530
3532
3534
3535
3536
3538
3540
3541
3542
3545
3546
3547
3548
3550
3552
3553
3554
3556
3558
3559
3560
3563
3564
3565
3566
3568
3570
3571
3572
3574
3576
3577
3578
3581
3582
3583
3584
3586
3588
3589
3590
3592
3594
3595
3596
3599
3600
3601
3602
3604
3606
3607
3608
3610
3612
3613
3614
3617
3618
3619
3620
3622
3624
3625
3626
3628
3630
3631
3632
3635
3636
3637
3638
3640
3642
3643
3644
3646
3648
3649
3650
3653
3654
3655
3656
3658
3660
3661
3662
3664
3666
3667
3668
3670
3672
3673
3674
3677
3678
3679
3680
3682
3684
3685
3686
3688
3690
3691
3692
3695
3696
3697
3698
3700
3702
3703
3704
3706
3708
3709
3710
3713
3714
3715
3716
3719
3720
3721
3722
3724
3726
3727
3728
3730
3732
3733
3734
3737
3738
3739
3740
3742
3744
3745
3746
3748
3750
3751
3752
3755
3756
3757
3758
3760
3762
3763
3764
3766
3768
3769
3770
3772
3774
3775
3776
3778
3780
3781
3782
3785
3786
3787
3788
3790
3792
3793
3794
3796
3798
3799
3800
3803
3804
3805
3806
3808
3810
3811
3812
3814
3816
3817
3818
3821
3822
3823
3824
3826
3828
3829
3830
3832
3834
3835
3836
3839
3840
3841
3842
3844
3846
3847
3848
3850
3852
3853
3854
3857
3858
3859
3860
3862
3864
3865
3866
3868
3870
3871
3872
3875
3876
3877
3878
3880
3882
3883
3884
3886
3888
3889
3890
3893
3894
3895
3896
3898
3900
3901
3902
3904
3906
3907
3908
3911
3912
3913
3914
3916
3918
3919
3920
3922
3924
3925
3926
3929
3930
3931
3932
3934
3936
3937
3938
3940
3942
3943
3944
3947
3948
3949
3950
3952
3954
3955
3956
3958
3960
3961
3962
3965
3966
3967
3968
3970
3972
3973
3974
3976
3978
3979
3980
3983
3984
3985
3986
3988
3990
3991
3992
3995
3996
3997
3998
4000
4002
4003
4004
4006
4008
4009
4010
4013
4014
4015
4016
4018
4020
4021
4022
4024
4026
4027
4028
4031
4032
4033
4034
4036
4038
4039
4040
4042
4044
4045
4046
4049
4050
4051
4052
4054
4056
4057
4058
4061
4062
4063
4064
4066
4068
4069
4070
4072
4074
4075
4076
4079
4080
4081
4082
4084
4086
4087
4088
4090
4092
4093
4094
4097
4098
4099
4100
4102
4104
4105
4106
4108
4110
4111
4112
4115
4116
4117
4118
4120
4122
4123
4124
4126
4128
4129
4130
4133
4134
4135
4136
4138
4140
4141
4142
4144
4146
4147
4148
4151
4152
4153
4154
4156
4158
4159
4160
4162
4164
4165
4166
4169
4170
4171
4172
4174
4176
4177
4178
4180
4182
4183
4184
4187
4188
4189
4190
4192
4194
4195
4196
4198
4200
4201
4202
4205
4206
4207
4208
4210
4212
4213
4214
4216
4218
4219
4220
4223
4224
4225
4226
4228
4230
4231
4232
4234
4236
4237
4238
4241
4242
4243
4244
4246
4248
4249
4250
4252
4254
4255
4256
4258
4260
4261
4262
4265
4266
4267
4268
4270
4272
4273
4274
4276
4278
4279
4280
4283
4284
4285
4286
4288
4290
4291
4292
4294
4296
4297
4298
4301
4302
4303
4304
4306
4308
4309
4310
4312
4314
4315
4316
4319
4320
4321
4322
4324
4326
4327
4328
4331
4332
4333
4334
4336
4338
4339
4340
4342
4344
4345
4346
4349
4350
4351
4352
4354
4356
4357
4358
4360
4362
4363
4364
4367
4368
4369
4370
4372
4374
4375
4376
4378
4380
4381
4382
4385
4386
4387
4388
4390
4392
4393
4394
4396
4398
4399
4400
4402
4404
4405
4406
4408
4410
4411
4412
4415
4416
4417
4418
4420
4422
4423
4424
4426
4428
4429
4430
4433
4434
4435
4436
4438
4440
4441
4442
4444
4446
4447
4448
4451
4452
4453
4454
4456
4458
4459
4460
4462
4464
4465
4466
4469
4470
4471
4472
4474
4476
4477
4478
4480
4482
4483
4484
4487
4488
4489
4490
4493
4494
4495
4496
4498
4500
4501
4502
4505
4506
4507
4508
4511
4512
4513
4514
4516
4518
4519
4520
4522
4524
4525
4526
4528
4530
4531
4532
4535
4536
4537
4538
4540
4542
4543
4544
4546
4548
4549
4550
4553
4554
4555
4556
4558
4560
4561
4562
4564
4566
4567
4568
4570
4572
4573
4574
4577
4578
4579
4580
4582
4584
4585
4586
4588
4590
4591
4592
4595
4596
4597
4598
4601
4602
4603
4604
4606
4608
4609
4610
4612
4614
4615
4616
4619
4620
4621
4622
4624
4626
4627
4628
4630
4632
4633
4634
4636
4638
4639
4640
4643
4644
4645
4646
4648
4650
4651
4652
4654
4656
4657
4658
4661
4662
4663
4664
4666
4668
4669
4670
4672
4674
4675
4676
4679
4680
4681
4682
4684
4686
4687
4688
4690
4692
4693
4694
4697
4698
4699
4700
4702
4704
4705
4706
4709
4710
4711
4712
4714
4716
4717
4718
4720
4722
4723
4724
4727
4728
4729
4730
4732
4734
4735
4736
4738
4740
4741
4742
4745
4746
4747
4748
4750
4752
4753
4754
4756
4758
4759
4760
4763
4764
4765
4766
4768
4770
4771
4772
4774
4776
4777
4778
4781
4782
4783
4784
4786
4788
4789
4790
4792
4794
4795
4796
4799
4800
4801
4802
4804
4806
4807
4808
4810
4812
4813
4814
4816
4818
4819
4820
4823
4824
4825
4826
4828
4830
4831
4832
4834
4836
4837
4838
4841
4842
4843
4844
4846
4848
4849
4850
4852
4854
4855
4856
4858
4860
4861
4862
4865
4866
4867
4868
4870
4872
4873
4874
4876
4878
4879
4880
4883
4884
4885
4886
4888
4890
4891
4892
4895
4896
4897
4898
4900
4902
4903
4904
4906
4908
4909
4910
4913
4914
4915
4916
4918
4920
4921
4922
4924
4926
4927
4928
4931
4932
4933
4934
4936
4938
4939
4940
4942
4944
4945
4946
4949
4950
4951
4952
4954
4956
4957
4958
4960
4962
4963
4964
4966
4968
4969
4970
4973
4974
4975
4976
4978
4980
4981
4982
4984
4986
4987
4988
4991
4992
4993
4994
4996
4998
4999
5000
5002
5004
5005
5006
5009
5010
5011
5012
5014
5016
5017
5018
5020
5022
5023
5024
5027
5028
5029
5030
5032
5034
5035
5036
5038
5040
5041
5042
5045
5046
5047
5048
5050
5052
5053
5054
5056
5058
5059
5060
5063
5064
5065
5066
5069
5070
5071
5072
5074
5076
5077
5078
5080
5082
5083
5084
5087
5088
5089
5090
5092
5094
5095
5096
5098
5100
5101
5102
5104
5106
5107
5108
5110
5112
5113
5114
5117
5118
5119
5120
5122
5124
5125
5126
5128
5130
5131
5132
5135
5136
5137
5138
5140
5142
5143
5144
5147
5148
5149
5150
5152
5154
5155
5156
5158
5160
5161
5162
5165
5166
5167
5168
5170
5172
5173
5174
5176
5178
5179
5180
5183
5184
5185
5186
5188
5190
5191
5192
5194
5196
5197
5198
5200
5202
5203
5204
5207
5208
5209
5210
5212
5214
5215
5216
5218
5220
5221
5222
5225
5226
5227
5228
5230
5232
5233
5234
5237
5238
5239
5240
5242
5244
5245
5246
5249
5250
5251
5252
5254
5256
5257
5258
5260
5262
5263
5264
5267
5268
5269
5270
5272
5274
5275
5276
5278
5280
5281
5282
5285
5286
5287
5288
5290
5292
5293
5294
5296
5298
5299
5300
5303
5304
5305
5306
5308
5310
5311
5312
5314
5316
5317
5318
5320
5322
5323
5324
5326
5328
5329
5330
5333
5334
5335
5336
5339
5340
5341
5342
5344
5346
5347
5348
5350
5352
5353
5354
5357
5358
5359
5360
5362
5364
5365
5366
5368
5370
5371
5372
5374
5376
5377
5378
5381
5382
5383
5384
5386
5388
5389
5390
5393
5394
5395
5396
5398
5400
5401
5402
5404
5406
5407
5408
5411
5412
5413
5414
5416
5418
5419
5420
5422
5424
5425
5426
5429
5430
5431
5432
5434
5436
5437
5438
5440
5442
5443
5444
5446
5448
5449
5450
5452
5454
5455
5456
5459
5460
5461
5462
5464
5466
5467
5468
5470
5472
5473
5474
5477
5478
5479
5480
5482
5484
5485
5486
5488
5490
5491
5492
5495
5496
5497
5498
5500
5502
5503
5504
5507
5508
5509
5510
5512
5514
5515
5516
5518
5520
5521
5522
5525
5526
5527
5528
5531
5532
5533
5534
5537
5538
5539
5540
5542
5544
5545
5546
5548
5550
5551
5552
5555
5556
5557
5558
5560
5562
5563
5564
5566
5568
5569
5570
5572
5574
5575
5576
5578
5580
5581
5582
5585
5586
5587
5588
5590
5592
5593
5594
5596
5598
5599
5600
5603
5604
5605
5606
5608
5610
5611
5612
5614
5616
5617
5618
5621
5622
5623
5624
5627
5628
5629
5630
5632
5634
5635
5636
5638
5640
5641
5642
5645
5646
5647
5648
5650
5652
5653
5654
5656
5658
5659
5660
5662
5664
5665
5666
5669
5670
5671
5672
5674
5676
5677
5678
5680
5682
5683
5684
5686
5688
5689
5690
5693
5694
5695
5696
5698
5700
5701
5702
5705
5706
5707
5708
5710
5712
5713
5714
5716
5718
5719
5720
5723
5724
5725
5726
5728
5730
5731
5732
5734
5736
5737
5738
5740
5742
5743
5744
5747
5748
5749
5750
5752
5754
5755
5756
5758
5760
5761
5762
5765
5766
5767
5768
5770
5772
5773
5774
5776
5778
5779
5780
5783
5784
5785
5786
5788
5790
5791
5792
5794
5796
5797
5798
5801
5802
5803
5804
5806
5807
5809
5811
5813
5814
5815
5817
5818
5820
5822
5823
5825
5826
5828
5829
5830
5832
5833
5834
5836
5837
5839
5841
5842
5844
5845
5847
5848
5849
5852
5853
5854
5855
5857
5858
5860
5862
5864
5865
5867
5868
5870
5871
5872
5874
5876
5877
5878
5879
5881
5882
5884
5885
5888
5889
5890
5892
5893
5894
5897
5898
5899
5901
5903
5904
5906
5907
5908
5910
5911
5912
5914
5916
5917
5918
5920
5921
5923
5924
5927
5928
5929
5930
5932
5934
5935
5936
5938
5940
5942
5943
5944
5946
5947
5948
5951
5952
5953
5955
5957
5958
5959
5960
5962
5963
5965
5967
5969
5970
5972
5973
5975
5976
5978
5979
5980
5981
5984
5985
5986
5988
5989
5990
5992
5993
5995
5997
5998
6000
6001
6003
6004
6005
6007
6008
6010
6011
6014
6015
6016
6017
6020
6021
6022
6023
6025
6027
6028
6030
