s vc 200 145
2
3
4
5
6
9
10
11
12
13
14
15
16
17
18
19
20
21
24
25
26
27
28
29
30
31
32
33
35
36
37
39
40
41
43
44
46
49
50
51
53
54
55
56
57
58
59
61
62
63
66
67
68
69
70
72
74
75
76
78
80
81
82
83
84
86
87
89
90
91
92
95
96
98
99
102
103
104
105
108
109
110
111
113
115
117
118
119
121
122
124
125
126
127
129
130
132
135
137
139
140
141
142
144
145
146
148
149
150
151
152
153
154
155
156
157
158
159
160
161
163
164
165
166
168
169
170
171
173
174
177
178
179
180
181
182
183
184
186
191
195
196
197
198
200
