s vc 2980 1920
5
9
11
12
13
15
17
19
23
25
29
30
31
33
34
35
37
39
40
42
43
45
48
50
51
57
58
59
61
69
72
73
74
76
77
80
81
82
83
84
85
86
87
88
90
97
100
101
103
104
105
108
111
116
117
118
119
120
122
123
124
127
128
130
131
132
135
137
138
139
142
143
145
146
150
151
152
155
156
158
160
161
162
165
166
167
168
169
171
173
174
175
176
179
180
181
186
187
188
191
194
195
199
200
201
202
204
205
208
209
211
212
213
215
216
218
219
220
223
224
225
226
228
229
232
233
234
235
237
239
241
242
243
245
246
248
250
251
253
254
255
257
258
260
261
262
264
265
267
269
270
271
273
274
276
277
280
281
283
284
285
287
288
289
291
293
294
295
298
299
300
301
304
305
306
308
309
310
313
314
316
317
318
319
322
323
324
325
328
329
330
332
333
335
336
337
340
341
342
343
345
346
348
349
351
352
354
355
357
358
360
361
364
365
366
367
370
371
372
373
375
376
378
380
381
382
384
385
388
389
390
392
394
395
397
398
399
400
402
404
405
406
409
410
411
412
414
415
418
419
420
421
423
425
426
428
430
431
432
434
435
437
439
440
442
443
445
446
447
449
450
451
453
454
456
457
459
461
462
463
465
467
468
470
471
473
475
476
477
479
481
482
483
485
487
488
489
491
493
494
496
497
498
499
502
503
505
506
507
509
510
511
513
514
516
518
520
521
522
524
525
527
529
530
531
532
535
536
537
539
540
541
544
545
546
548
550
551
553
554
555
556
559
560
561
563
565
566
567
568
571
572
574
575
576
578
580
581
582
583
585
587
588
589
592
593
594
595
597
599
600
602
603
605
606
608
610
611
613
614
615
617
619
620
622
623
624
625
628
629
630
632
633
635
636
637
639
640
642
643
646
647
648
649
652
653
654
656
658
659
660
661
663
664
667
668
669
671
672
673
675
677
678
680
681
683
684
685
688
689
690
692
694
695
697
698
699
700
703
704
705
706
709
710
711
712
714
716
717
719
721
722
724
725
726
727
729
730
732
733
735
737
739
740
741
743
744
745
747
748
750
752
754
755
757
758
759
760
763
764
766
767
768
769
772
773
774
775
777
778
780
781
783
784
786
787
789
790
792
794
796
797
798
800
801
802
804
806
808
809
810
811
813
814
817
818
819
821
823
824
825
826
828
829
831
832
834
836
838
839
840
842
844
845
847
848
849
850
852
854
855
857
858
860
862
863
864
865
867
868
870
871
873
874
877
878
879
880
882
883
885
886
888
889
891
892
895
896
897
899
901
902
903
905
906
907
910
911
913
914
915
916
918
919
922
923
924
926
927
928
931
932
933
935
936
937
940
941
943
944
945
946
949
950
951
953
954
956
957
959
960
961
964
965
966
967
970
971
972
973
976
977
978
979
981
983
984
986
987
988
990
992
993
994
997
998
999
1001
1003
1004
1006
1007
1008
1010
1011
1013
1015
1016
1018
1019
1020
1021
1023
1025
1026
1027
1030
1031
1032
1033
1036
1037
1038
1040
1041
1043
1044
1045
1048
1049
1050
1052
1053
1055
1056
1058
1060
1061
1062
1063
1066
1067
1069
1070
1072
1073
1074
1076
1078
1079
1080
1081
1083
1085
1087
1088
1089
1091
1092
1093
1096
1097
1098
1100
1101
1103
1104
1105
1108
1109
1111
1112
1114
1115
1116
1118
1119
1120
1122
1124
1126
1127
1129
1130
1131
1133
1134
1135
1137
1139
1140
1142
1143
1145
1146
1147
1149
1150
1152
1153
1155
1156
1158
1159
1162
1163
1164
1166
1167
1168
1170
1171
1173
1175
1177
1178
1179
1180
1182
1184
1185
1186
1188
1190
1192
1193
1194
1195
1198
1199
1200
1201
1204
1205
1207
1208
1209
1210
1212
1213
1215
1216
1219
1220
1221
1222
1224
1225
1227
1229
1230
1231
1234
1235
1237
1238
1239
1241
1243
1244
1245
1247
1248
1249
1251
1252
1254
1255
1257
1259
1261
1262
1263
1265
1266
1267
1269
1271
1273
1274
1276
1277
1278
1279
1282
1283
1284
1286
1287
1289
1291
1292
1293
1294
1296
1298
1299
1301
1302
1304
1305
1307
1309
1310
1311
1312
1314
1316
1318
1319
1320
1322
1324
1325
1326
1328
1329
1331
1333
1334
1336
1337
1338
1340
1342
1343
1345
1346
1347
1348
1351
1352
1353
1354
1356
1358
1360
1361
1363
1364
1365
1366
1368
1369
1371
1373
1374
1376
1377
1378
1380
1381
1383
1384
1386
1388
1389
1390
1393
1394
1396
1397
1399
1400
1402
1403
1404
1405
1407
1409
1411
1412
1414
1415
1416
1418
1419
1421
1422
1424
1425
1427
1429
1430
1431
1433
1435
1436
1437
1438
1440
1441
1443
1444
1447
1448
1449
1450
1452
1454
1455
1456
1458
1459
1461
1462
1465
1466
1467
1469
1471
1472
1473
1475
1477
1478
1479
1480
1482
1483
1485
1487
1488
1489
1492
1493
1494
1495
1497
1499
1501
1502
1503
1505
1506
1507
1510
1511
1512
1513
1516
1517
1518
1520
1522
1523
1525
1526
1528
1529
1530
1531
1533
1534
1536
1538
1539
1540
1542
1544
1545
1547
1548
1550
1552
1553
1555
1556
1558
1559
1560
1561
1563
1565
1566
1568
1570
1571
1573
1574
1576
1577
1579
1580
1581
1583
1585
1586
1588
1589
1590
1592
1594
1595
1597
1598
1599
1601
1602
1604
1605
1606
1608
1610
1611
1612
1615
1616
1617
1619
1620
1621
1623
1625
1627
1628
1630
1631
1633
1634
1635
1636
1638
1640
1641
1642
1644
1646
1647
1649
1651
1652
1654
1655
1656
1657
1659
1660
1663
1664
1665
1666
1669
1670
1671
1673
1674
1676
1677
1678
1681
1682
1683
1685
1687
1688
1689
1691
1692
1694
1696
1697
1698
1699
1702
1703
1704
1706
1708
1709
1710
1712
1714
1715
1716
1717
1719
1720
1723
1724
1725
1726
1728
1729
1731
1732
1734
1736
1737
1738
1740
1742
1743
1745
1746
1747
1750
1751
1753
1754
1755
1756
1759
1760
1761
1763
1765
1766
1767
1769
1771
1772
1773
1775
1776
1777
1779
1780
1782
1784
1785
1787
1788
1790
1792
1793
1794
1795
1798
1799
1801
1802
1803
1805
1806
1808
1809
1811
1813
1814
1816
1817
1818
1820
1821
1822
1824
1826
1828
1829
1831
1832
1834
1835
1837
1838
1839
1841
1842
1843
1846
1847
1848
1849
1852
1853
1854
1856
1857
1858
1860
1862
1863
1865
1866
1867
1869
1871
1872
1874
1876
1877
1878
1879
1881
1883
1884
1885
1888
1889
1890
1892
1894
1895
1896
1897
1899
1900
1902
1904
1905
1907
1908
1910
1911
1913
1914
1915
1917
1918
1920
1922
1923
1925
1926
1927
1930
1931
1932
1934
1936
1937
1939
1940
1941
1942
1945
1946
1947
1948
1950
1951
1954
1955
1957
1958
1959
1960
1962
1963
1965
1967
1968
1969
1971
1972
1974
1975
1977
1978
1980
1982
1983
1984
1986
1988
1989
1991
1992
1994
1995
1997
1999
2000
2001
2003
2004
2005
2007
2008
2011
2012
2013
2014
2016
2017
2019
2021
2022
2024
2025
2027
2029
2030
2031
2032
2034
2036
2038
2039
2040
2042
2044
2045
2046
2047
2049
2050
2053
2054
2056
2057
2058
2060
2061
2063
2065
2066
2067
2069
2070
2071
2073
2075
2077
2078
2080
2081
2082
2083
2085
2087
2088
2089
2091
2093
2094
2096
2097
2098
2100
2101
2103
2104
2106
2108
2109
2111
2112
2113
2115
2117
2118
2120
2122
2123
2124
2126
2127
2129
2130
2131
2133
2135
2136
2137
2139
2141
2142
2143
2145
2146
2149
2150
2151
2152
2155
2156
2157
2158
2161
2162
2163
2165
2166
2168
2170
2171
2173
2174
2176
2177
2178
2180
2181
2182
2184
2185
2187
2189
2191
2192
2193
2195
2197
2198
2199
2200
2202
2203
2206
2207
2208
2210
2211
2213
2214
2215
2217
2218
2220
2222
2224
2225
2226
2228
2229
2231
2232
2234
2235
2236
2238
2240
2241
2242
2244
2246
2247
2248
2251
2252
2253
2254
2257
2258
2259
2261
2262
2264
2266
2267
2268
2270
2271
2273
2275
2276
2278
2279
2281
2282
2283
2285
2287
2288
2289
2290
2293
2294
2295
2296
2299
2300
2301
2302
2304
2306
2307
2308
2310
2311
2313
2314
2316
2318
2320
2321
2322
2323
2325
2327
2328
2329
2331
2332
2334
2335
2337
2338
2340
2341
2343
2345
2346
2347
2349
2350
2353
2354
2356
2357
2358
2359
2361
2363
2364
2366
2367
2368
2371
2372
2373
2374
2377
2378
2379
2380
2383
2384
2385
2386
2389
2390
2391
2393
2395
2396
2397
2399
2401
2402
2404
2405
2406
2407
2410
2411
2413
2414
2415
2417
2419
2420
2421
2423
2424
2425
2427
2428
2431
2432
2434
2435
2436
2437
2439
2440
2443
2444
2446
2447
2448
2449
2451
2452
2454
2456
2457
2458
2460
2462
2464
2465
2466
2467
2469
2471
2473
2474
2475
2477
2479
2480
2481
2483
2484
2486
2487
2489
2490
2492
2493
2495
2496
2497
2500
2501
2502
2504
2506
2507
2508
2509
2511
2513
2514
2516
2518
2519
2520
2522
2523
2525
2527
2528
2529
2531
2533
2534
2536
2537
2539
2540
2541
2542
2544
2545
2547
2549
2550
2551
2553
2555
2556
2557
2560
2561
2562
2564
2566
2567
2569
2570
2572
2573
2574
2575
2577
2579
2581
2582
2584
2585
2586
2588
2589
2591
2592
2594
2596
2597
2599
2600
2601
2602
2604
2605
2607
2608
2611
2612
2613
2615
2617
2618
2620
2621
2622
2624
2625
2627
2629
2630
2632
2633
2634
2636
2638
2639
2640
2642
2643
2645
2647
2648
2649
2650
2652
2654
2656
2657
2658
2659
2662
2663
2664
2666
2667
2668
2670
2672
2674
2675
2676
2677
2680
2681
2683
2684
2685
2686
2688
2690
2691
2692
2694
2695
2697
2699
2701
2702
2704
2705
2706
2708
2709
2710
2713
2714
2716
2717
2719
2720
2721
2723
2724
2725
2727
2728
2730
2732
2733
2734
2736
2737
2739
2740
2742
2743
2745
2746
2748
2750
2751
2753
2754
2756
2757
2759
2761
2762
2764
2765
2767
2768
2769
2770
2772
2774
2775
2776
2778
2780
2781
2782
2783
2784
2786
2787
2788
2790
2794
2796
2798
2800
2801
2802
2804
2806
2807
2808
2812
2816
2818
2821
2824
2826
2827
2829
2832
2833
2834
2835
2836
2840
2842
2843
2844
2845
2846
2847
2848
2850
2851
2855
2858
2859
2869
2871
2872
2873
2874
2875
2876
2878
2879
2882
2886
2887
2889
2890
2892
2893
2894
2895
2901
2905
2906
2909
2913
2914
2916
2920
2921
2924
2927
2928
2929
2933
2934
2937
2939
2943
2944
2950
2952
2957
2958
2962
2963
2964
2965
2969
2970
2972
2973
2976
2977
2978
