s vc 11470 7034
2
4
6
15
18
19
20
21
31
34
36
37
38
39
40
41
44
46
49
52
53
54
55
60
62
64
65
70
71
73
75
80
81
82
83
86
87
88
89
90
91
92
93
95
96
97
100
101
102
103
104
105
107
108
109
110
111
113
114
115
116
117
118
123
124
125
126
128
129
130
133
134
135
136
137
138
139
140
141
143
144
146
147
148
149
150
151
152
153
154
155
156
157
158
161
164
165
166
167
169
170
171
172
173
174
176
180
182
183
185
186
187
188
191
192
193
204
207
208
210
211
212
213
214
215
216
217
218
219
220
222
223
224
225
226
227
228
231
236
237
238
239
241
242
245
246
247
248
250
252
259
260
261
262
264
265
266
267
269
270
271
272
273
274
275
276
277
278
279
280
281
282
283
286
287
288
289
292
296
297
298
302
303
304
306
307
308
309
310
311
312
313
314
315
316
317
318
320
321
322
323
324
327
328
329
330
332
333
335
336
339
340
341
342
345
346
347
350
352
354
368
369
372
373
374
375
376
380
381
384
385
386
387
388
389
390
391
392
394
398
400
401
403
404
405
406
407
409
410
411
412
415
416
419
420
421
422
423
424
425
426
427
428
431
432
433
434
436
439
440
441
442
443
445
446
448
449
450
451
452
453
454
455
457
458
460
462
463
465
466
467
468
469
471
472
475
476
477
478
479
481
482
483
486
487
488
489
490
491
492
493
494
495
496
497
498
499
500
502
503
505
506
511
512
514
515
516
520
522
524
525
526
527
528
529
530
531
532
533
534
536
537
538
540
541
543
544
545
546
547
548
553
554
555
556
560
561
567
572
573
574
575
578
579
580
581
582
583
584
585
587
588
589
592
593
594
597
598
599
600
601
602
603
604
605
606
607
608
609
610
611
612
613
614
615
616
617
623
625
628
629
631
633
634
635
637
638
639
640
641
642
643
644
645
648
649
650
651
652
653
654
655
656
657
658
659
660
661
664
665
666
667
668
669
670
671
672
673
674
675
676
677
678
679
680
682
684
685
686
688
689
690
691
692
696
697
698
699
700
702
703
704
705
706
707
708
709
710
712
713
714
715
716
717
718
720
721
724
727
728
731
734
735
740
745
748
749
750
751
755
756
757
758
759
760
761
762
763
764
765
767
769
770
776
780
781
782
785
786
787
788
789
790
791
793
794
796
797
798
800
806
807
808
809
810
811
812
813
814
815
816
817
820
822
824
825
833
834
836
837
838
839
840
841
842
843
844
845
846
847
848
849
850
854
855
857
858
859
862
863
866
868
869
870
871
872
874
875
876
877
879
880
881
882
883
884
889
891
892
893
894
895
896
897
898
905
906
909
910
911
912
913
914
915
916
917
919
921
922
923
928
929
930
931
932
933
934
935
936
937
938
939
940
941
942
943
944
949
950
951
952
953
954
955
957
958
962
964
965
966
967
968
970
971
972
973
974
977
984
985
986
987
988
989
990
995
999
1000
1001
1002
1003
1004
1007
1008
1009
1013
1014
1015
1016
1017
1020
1021
1022
1026
1027
1029
1030
1032
1033
1034
1036
1037
1038
1039
1042
1043
1044
1047
1048
1049
1050
1051
1052
1053
1054
1055
1056
1057
1058
1062
1066
1067
1068
1069
1070
1071
1072
1073
1074
1075
1076
1080
1081
1082
1083
1085
1086
1087
1088
1089
1090
1094
1095
1096
1099
1100
1101
1103
1104
1105
1106
1110
1111
1112
1113
1114
1117
1118
1119
1120
1121
1123
1124
1125
1126
1127
1128
1129
1130
1131
1132
1138
1139
1140
1141
1142
1143
1144
1145
1147
1148
1150
1151
1158
1159
1160
1162
1163
1164
1165
1166
1168
1169
1170
1171
1175
1176
1177
1178
1179
1180
1181
1182
1183
1184
1185
1186
1187
1188
1189
1192
1194
1195
1196
1197
1198
1205
1206
1207
1208
1209
1210
1211
1212
1213
1214
1215
1216
1217
1219
1220
1223
1224
1225
1226
1227
1229
1230
1231
1232
1234
1235
1236
1237
1238
1239
1241
1244
1245
1247
1250
1253
1254
1255
1261
1262
1263
1264
1265
1266
1267
1268
1269
1270
1271
1272
1273
1274
1275
1276
1278
1279
1281
1282
1283
1286
1287
1288
1290
1292
1293
1294
1295
1298
1299
1300
1301
1302
1304
1305
1306
1307
1310
1311
1313
1314
1315
1316
1317
1318
1320
1321
1322
1323
1324
1326
1327
1329
1330
1332
1333
1334
1335
1336
1337
1338
1339
1340
1341
1342
1343
1344
1346
1347
1352
1353
1354
1355
1356
1357
1358
1359
1360
1361
1362
1363
1364
1365
1366
1367
1369
1372
1373
1374
1375
1376
1377
1378
1379
1380
1381
1386
1387
1388
1389
1390
1391
1397
1403
1404
1407
1409
1418
1419
1420
1424
1425
1426
1427
1428
1429
1430
1431
1432
1433
1434
1435
1436
1437
1438
1442
1444
1445
1446
1447
1448
1449
1450
1451
1453
1454
1458
1459
1460
1461
1462
1463
1464
1465
1466
1467
1468
1469
1470
1471
1472
1473
1474
1475
1477
1480
1481
1482
1483
1484
1485
1486
1487
1488
1489
1490
1491
1492
1495
1496
1497
1499
1500
1502
1504
1507
1511
1512
1513
1514
1515
1519
1520
1521
1523
1524
1525
1526
1527
1529
1530
1531
1532
1533
1534
1535
1538
1539
1540
1541
1542
1543
1544
1545
1546
1547
1548
1558
1562
1563
1564
1565
1566
1567
1570
1575
1576
1577
1578
1579
1580
1581
1582
1583
1585
1586
1590
1591
1593
1594
1595
1596
1597
1598
1600
1601
1604
1605
1606
1607
1608
1609
1610
1611
1612
1613
1614
1615
1616
1617
1618
1619
1620
1622
1623
1624
1625
1626
1627
1628
1629
1630
1631
1632
1634
1635
1636
1637
1638
1639
1640
1641
1643
1644
1645
1646
1648
1651
1652
1653
1654
1655
1656
1657
1658
1660
1663
1665
1666
1667
1668
1669
1670
1671
1672
1673
1674
1675
1676
1677
1678
1679
1680
1681
1682
1683
1684
1685
1686
1687
1689
1690
1691
1692
1693
1695
1696
1698
1701
1704
1705
1706
1707
1710
1711
1712
1713
1715
1716
1717
1718
1720
1721
1723
1724
1727
1728
1729
1730
1731
1732
1733
1734
1735
1736
1737
1738
1739
1741
1746
1747
1748
1750
1751
1752
1755
1760
1761
1762
1766
1767
1768
1772
1773
1774
1775
1776
1781
1782
1783
1784
1785
1787
1788
1789
1790
1791
1792
1793
1794
1796
1799
1800
1801
1802
1803
1804
1805
1807
1808
1809
1810
1811
1812
1813
1815
1818
1819
1820
1821
1822
1823
1824
1827
1828
1829
1836
1842
1843
1844
1845
1846
1848
1850
1851
1852
1854
1855
1857
1858
1860
1861
1863
1865
1866
1867
1869
1871
1872
1873
1875
1876
1878
1879
1881
1882
1884
1885
1887
1888
1890
1892
1894
1895
1897
1898
1899
1900
1902
1903
1905
1906
1908
1909
1911
1912
1914
1915
1917
1918
1920
1921
1924
1925
1926
1928
1930
1931
1933
1934
1935
1937
1939
1940
1941
1942
1944
1945
1947
1948
1950
1951
1953
1954
1956
1958
1960
1961
1962
1963
1965
1966
1968
1969
1971
1972
1974
1975
1978
1979
1981
1982
1984
1985
1986
1987
1989
1990
1992
1994
1995
1996
1998
1999
2001
2002
2004
2005
2007
2008
2010
2011
2013
2015
2016
2017
2019
2020
2022
2024
2026
2027
2028
2030
2031
2032
2034
2036
2037
2039
2041
2042
2043
2044
2046
2047
2049
2050
2052
2053
2055
2056
2058
2059
2062
2063
2064
2065
2067
2068
2070
2071
2073
2074
2076
2078
2079
2080
2082
2083
2085
2086
2088
2089
2091
2093
2094
2095
2097
2098
2100
2101
2103
2105
2107
2108
2110
2111
2113
2114
2115
2116
2118
2120
2122
2123
2125
2126
2127
2128
2130
2131
2133
2134
2136
2138
2139
2141
2142
2144
2145
2147
2148
2149
2151
2153
2154
2155
2157
2158
2160
2161
2163
2164
2166
2167
2169
2171
2173
2174
2176
2177
2178
2179
2181
2183
2185
2186
2188
2189
2191
2192
2193
2194
2196
2198
2200
2201
2202
2204
2205
2206
2208
2209
2211
2213
2215
2216
2218
2219
2220
2221
2223
2224
2226
2228
2229
2230
2232
2233
2235
2236
2238
2240
2242
2243
2244
2246
2248
2249
2250
2252
2253
2254
2256
2257
2259
2261
2263
2264
2266
2267
2269
2270
2271
2273
2275
2276
2278
2279
2281
2282
2284
2285
2287
2288
2289
2291
2293
2294
2295
2296
2298
2300
2302
2303
2305
2306
2307
2309
2310
2311
2313
2314
2316
2318
2319
2321
2323
2324
2325
2326
2328
2329
2331
2332
2334
2335
2337
2338
2340
2341
2343
2344
2346
2347
2349
2350
2352
2353
2355
2356
2358
2359
2361
2362
2364
2366
2368
2369
2370
2372
2374
2375
2376
2378
2379
2381
2383
2384
2385
2386
2388
2390
2391
2393
2394
2395
2398
2399
2400
2401
2403
2404
2406
2407
2409
2410
2412
2414
2415
2416
2418
2420
2422
2423
2424
2425
2427
2429
2431
2432
2434
2435
2437
2438
2440
2441
2443
2444
2445
2447
2448
2449
2451
2453
2454
2455
2457
2458
2460
2461
2463
2464
2466
2467
2469
2471
2473
2474
2475
2477
2478
2480
2481
2482
2484
2486
2487
2488
2490
2491
2493
2495
2497
2498
2500
2501
2502
2503
2505
2506
2508
2509
2511
2512
2514
2515
2518
2519
2521
2522
2523
2524
2526
2528
2529
2530
2533
2534
2535
2536
2538
2539
2541
2543
2545
2546
2548
2549
2551
2552
2554
2555
2557
2558
2560
2561
2563
2564
2566
2567
2568
2570
2571
2572
2574
2575
2577
2578
2580
2581
2583
2585
2586
2587
2589
2591
2593
2594
2595
2596
2598
2599
2601
2602
2604
2605
2607
2609
2611
2612
2613
2615
2616
2617
2619
2620
2622
2623
2625
2626
2628
2629
2631
2632
2634
2635
2637
2638
2640
2641
2643
2644
2646
2647
2649
2650
2652
2653
2655
2656
2658
2659
2661
2662
2664
2665
2667
2668
2670
2672
2674
2675
2676
2678
2679
2680
2682
2683
2685
2686
2688
2689
2691
2693
2694
2695
2697
2698
2700
2702
2704
2705
2707
2708
2709
2710
2712
2714
2716
2717
2718
2720
2722
2723
2725
2726
2727
2728
2730
2732
2733
2734
2736
2737
2739
2740
2742
2743
2746
2747
2749
2750
2752
2753
2754
2755
2757
2758
2760
2761
2763
2765
2767
2768
2770
2771
2772
2773
2775
2776
2778
2779
2781
2782
2784
2785
2787
2788
2790
2792
2793
2794
2796
2798
2799
2801
2802
2803
2805
2806
2808
2809
2811
2812
2814
2815
2817
2818
2820
2821
2823
2825
2827
2828
2829
2830
2832
2833
2836
2837
2838
2839
2841
2842
2844
2845
2847
2849
2850
2852
2853
2854
2857
2858
2860
2861
2862
2863
2865
2867
2868
2869
2871
2872
2874
2875
2877
2879
2881
2882
2883
2885
2886
2887
2889
2890
2892
2894
2896
2897
2898
2900
2901
2902
2904
2906
2908
2909
2910
2912
2913
2914
2916
2918
2920
2921
2923
2924
2925
2926
2928
2929
2931
2932
2934
2935
2937
2938
2940
2941
2943
2944
2946
2948
2950
2951
2953
2954
2955
2956
2958
2959
2961
2963
2965
2966
2968
2969
2971
2972
2974
2975
2976
2977
2979
2981
2982
2984
2986
2987
2988
2989
2991
2993
2995
2996
2997
2998
3000
3002
3004
3005
3007
3008
3010
3011
3013
3014
3016
3017
3019
3020
3022
3023
3024
3026
3028
3029
3031
3032
3034
3035
3037
3038
3040
3041
3043
3044
3045
3047
3049
3050
3051
3052
3054
3055
3057
3059
3061
3062
3064
3065
3066
3067
3069
3070
3072
3073
3075
3076
3078
3079
3081
3083
3085
3086
3088
3089
3091
3092
3093
3095
3096
3097
3099
3100
3102
3103
3105
3107
3109
3110
3112
3113
3114
3115
3117
3118
3120
3121
3123
3124
3126
3127
3129
3131
3132
3133
3135
3136
3138
3139
3141
3142
3144
3146
3148
3149
3151
3152
3153
3154
3157
3158
3159
3161
3163
3164
3166
3167
3168
3169
3171
3172
3174
3176
3178
3179
3180
3181
3183
3184
3186
3187
3190
3191
3193
3194
3195
3196
3198
3199
3201
3202
3204
3206
3207
3208
3210
3211
3213
3215
3217
3218
3219
3220
3222
3223
3225
3226
3228
3229
3231
3233
3234
3236
3238
3239
3241
3242
3243
3244
3246
3247
3249
3250
3252
3254
3256
3257
3259
3260
3262
3263
3264
3265
3267
3268
3270
3271
3273
3274
3276
3277
3279
3280
3282
3283
3285
3286
3288
3289
3291
3292
3294
3295
3297
3298
3301
3302
3304
3305
3307
3308
3309
3310
3312
3314
3316
3317
3318
3320
3321
3322
3324
3325
3327
3328
3330
3332
3334
3335
3336
3338
3339
3340
3342
3344
3346
3347
3349
3350
3351
3352
3354
3355
3357
3358
3360
3362
3363
3364
3366
3367
3369
3370
3373
3374
3375
3376
3378
3380
3382
3383
3384
3385
3387
3389
3391
3392
3393
3394
3396
3397
3399
3400
3402
3403
3405
3407
3408
3409
3411
3412
3414
3415
3417
3418
3420
3422
3423
3425
3426
3427
3429
3430
3432
3434
3435
3436
3438
3440
3442
3443
3445
3446
3447
3449
3450
3451
3454
3455
3456
3458
3459
3460
3462
3464
3465
3466
3468
3470
3471
3472
3474
3475
3477
3478
3480
3481
3483
3484
3486
3488
3490
3491
3492
3493
3495
3496
3498
3500
3501
3502
3504
3506
3508
3509
3510
3511
3514
3515
3517
3518
3519
3520
3522
3524
3525
3526
3528
3529
3531
3532
3534
3535
3537
3539
3541
3542
3543
3544
3546
3547
3549
3550
3552
3554
3556
3557
3558
3560
3561
3562
3564
3565
3568
3569
3570
3571
3573
3574
3576
3577
3579
3580
3582
3583
3585
3586
3588
3589
3591
3592
3594
3596
3597
3598
3600
3601
3603
3604
3606
3607
3609
3610
3612
3613
3615
3617
3618
3619
3621
3622
3624
3625
3627
3629
3631
3632
3633
3634
3636
3637
3639
3640
3642
3644
3646
3647
3648
3649
3651
3652
3654
3656
3658
3659
3660
3662
3664
3665
3667
3668
3670
3671
3672
3673
3675
3676
3678
3680
3682
3683
3684
3686
3687
3688
3690
3691
3693
3694
3696
3698
3700
3701
3703
3704
3705
3707
3709
3710
3712
3713
3714
3715
3717
3719
3721
3722
3723
3725
3727
3728
3729
3730
3732
3734
3736
3737
3738
3739
3741
3742
3744
3745
3747
3748
3750
3752
3753
3754
3756
3758
3759
3760
3762
3764
3765
3766
3768
3769
3771
3772
3774
3775
3777
3778
3781
3782
3783
3785
3786
3787
3789
3790
3793
3794
3796
3797
3798
3800
3801
3802
3804
3805
3807
3809
3811
3812
3813
3814
3816
3818
3820
3821
3822
3823
3825
3826
3828
3829
3831
3833
3834
3836
3837
3838
3840
3841
3843
3844
3846
3848
3850
3851
3852
3854
3856
3857
3859
3860
3862
3863
3864
3865
3867
3868
3870
3871
3873
3875
3876
3877
3879
3880
3882
3884
3886
3887
3889
3890
3892
3893
3894
3895
3897
3899
3900
3901
3903
3905
3907
3908
3910
3911
3913
3914
3915
3917
3919
3920
3922
3923
3925
3926
3927
3928
3930
3931
3933
3935
3937
3938
3939
3941
3943
3944
3945
3947
3949
3950
3951
3952
3954
3956
3957
3958
3961
3962
3963
3964
3966
3967
3969
3970
3972
3974
3976
3977
3979
3980
3982
3983
3984
3985
3987
3988
3990
3991
3993
3994
3996
3997
3999
4001
4002
4003
4005
4006
4008
4009
4011
4013
4015
4016
4017
4018
4020
4021
4023
4024
4026
4028
4030
4031
4033
4034
4035
4037
4038
4039
4041
4042
4044
4045
4047
4048
4050
4052
4054
4055
4057
4058
4059
4060
4062
4063
4065
4066
4068
4069
4071
4072
4074
4075
4077
4078
4080
4081
4083
4084
4086
4087
4089
4090
4092
4093
4095
4096
4098
4100
4101
4102
4104
4106
4107
4109
4110
4111
4113
4115
4116
4118
4119
4120
4122
4123
4125
4127
4129
4130
4131
4132
4134
4136
4137
4138
4140
4141
4143
4144
4146
4147
4149
4150
4152
4153
4155
4157
4159
4160
4162
4163
4165
4166
4168
4169
4171
4172
4174
4175
4176
4177
4179
4180
4182
4184
4185
4187
4188
4190
4192
4193
4194
4195
4197
4199
4201
4202
4204
4205
4206
4208
4210
4211
4212
4213
4215
4216
4218
4219
4222
4223
4225
4226
4228
4229
4230
4232
4234
4235
4236
4237
4239
4240
4242
4243
4245
4246
4248
4250
4252
4253
4254
4255
4257
4258
4260
4262
4263
4265
4266
4267
4269
4270
4273
4274
4275
4276
4278
4279
4281
4282
4284
4285
4287
4288
4290
4291
4293
4295
4297
4298
4300
4301
4303
4304
4305
4307
4308
4309
4311
4313
4314
4316
4317
4319
4320
4321
4323
4324
4326
4327
4329
4330
4332
4333
4335
4336
4338
4339
4341
4342
4344
4345
4347
4348
4350
4352
4353
4355
4356
4357
4359
4360
4362
4363
4365
4367
4369
4370
4372
4373
4374
4375
4377
4378
4380
4382
4383
4384
4386
4387
4389
4390
4392
4393
4395
4396
4398
4399
4401
4402
4404
4405
4407
4408
4410
4411
4413
4415
4416
4418
4419
4420
4422
4423
4425
4426
4428
4429
4431
4432
4434
4435
4437
4439
4440
4441
4443
4444
4447
4448
4450
4451
4452
4453
4455
4457
4458
4460
4461
4463
4464
4465
4467
4469
4470
4472
4473
4474
4476
4478
4480
4481
4482
4483
4485
4486
4488
4489
4491
4492
4494
4495
4497
4498
4500
4502
4503
4505
4507
4508
4510
4511
4513
4514
4515
4516
4518
4519
4521
4522
4524
4525
4527
4528
4530
4531
4534
4535
4537
4538
4539
4541
4542
4543
4545
4546
4548
4549
4551
4553
4554
4555
4557
4559
4560
4561
4563
4564
4566
4567
4569
4570
4572
4573
4576
4577
4578
4579
4581
4583
4584
4585
4587
4589
4590
4592
4593
4594
4596
4597
4599
4600
4602
4603
4605
4606
4608
4610
4611
4612
4614
4616
4618
4619
4620
4621
4623
4624
4626
4627
4629
4631
4633
4634
4636
4637
4638
4640
4641
4643
4644
4646
4648
4649
4651
4652
4653
4655
4656
4657
4659
4660
4662
4663
4665
4667
4669
4670
4672
4673
4675
4676
4677
4678
4680
4682
4684
4685
4687
4688
4690
4691
4692
4693
4695
4696
4698
4700
4702
4703
4705
4706
4708
4709
4710
4711
4713
4714
4716
4718
4719
4720
4723
4724
4726
4727
4729
4730
4731
4733
4735
4736
4738
4739
4741
4742
4743
4744
4746
4748
4750
4751
4752
4753
4755
4756
4758
4759
4761
4762
4764
4765
4767
4768
4771
4772
4774
4775
4777
4778
4779
4780
4782
4783
4785
4786
4788
4790
4791
4792
4794
4795
4797
4798
4800
4801
4803
4804
4806
4807
4809
4811
4812
4813
4815
4816
4818
4819
4821
4823
4824
4825
4827
4829
4831
4832
4833
4834
4836
4837
4839
4840
4843
4844
4846
4847
4848
4850
4852
4853
4855
4856
4858
4859
4861
4862
4863
4864
4866
4868
4870
4871
4873
4874
4876
4877
4878
4879
4881
4882
4884
4885
4887
4889
4891
4892
4894
4895
4896
4898
4899
4900
4902
4903
4905
4906
4908
4909
4911
4913
4914
4915
4917
4918
4920
4921
4923
4924
4926
4927
4929
4931
4933
4934
4935
4936
4938
4939
4941
4942
4945
4946
4948
4949
4950
4951
4953
4954
4956
4957
4959
4961
4963
4964
4965
4967
4968
4970
4972
4973
4975
4976
4978
4979
4980
4982
4984
4985
4987
4988
4989
4990
4992
4993
4995
4997
4998
4999
5001
5002
5004
5005
5007
5009
5010
5011
5013
5014
5016
5017
5019
5020
5022
5023
5025
5026
5028
5029
5031
5032
5034
5035
5037
5039
5041
5042
5043
5044
5046
5047
5050
5051
5053
5054
5055
5056
5058
5060
5062
5063
5065
5066
5068
5069
5070
5071
5073
5074
5076
5078
5080
5081
5083
5084
5085
5087
5089
5090
5092
5093
5095
5096
5098
5099
5100
5102
5103
5105
5107
5108
5109
5110
5112
5113
5115
5117
5119
5120
5121
5122
5124
5125
5127
5128
5130
5132
5133
5134
5136
5137
5139
5140
5142
5143
5145
5146
5148
5150
5151
5152
5154
5155
5157
5158
5160
5161
5163
5164
5166
5167
5169
5170
5172
5174
5175
5177
5178
5180
5181
5183
5184
5186
5188
5189
5191
5192
5193
5194
5196
5197
5199
5201
5202
5203
5206
5207
5208
5209
5211
5213
5215
5216
5217
5218
5220
5221
5223
5224
5226
5228
5230
5231
5233
5234
5235
5237
5238
5240
5241
5242
5244
5245
5247
5248
5251
5252
5254
5255
5256
5257
5260
5261
5263
5264
5265
5267
5268
5269
5272
5273
5275
5276
5277
5278
5280
5281
5283
5284
5286
5287
5289
5291
5292
5294
5296
5297
5298
5299
5301
5302
5304
5305
5307
5309
5310
5311
5313
5314
5316
5318
5320
5321
5323
5324
5325
5326
5328
5329
5331
5332
5334
5335
5337
5338
5340
5341
5343
5345
5347
5348
5350
5351
5353
5354
5356
5357
5358
5360
5362
5363
5364
5365
5367
5369
5370
5372
5374
5375
5376
5377
5379
5380
5382
5383
5385
5386
5388
5389
5391
5392
5394
5395
5397
5398
5400
5401
5404
5405
5406
5407
5409
5411
5413
5414
5416
5417
5419
5420
5422
5423
5425
5426
5428
5429
5431
5432
5433
5434
5436
5437
5439
5441
5443
5444
5446
5447
5448
5450
5451
5452
5454
5455
5457
5458
5460
5462
5463
5464
5466
5467
5469
5471
5472
5473
5475
5477
5478
5479
5481
5482
5484
5485
5487
5489
5490
5491
5493
5495
5497
5498
5499
5501
5502
5503
5506
5507
5508
5509
5511
5512
5514
5516
5518
5519
5521
5522
5524
5525
5526
5527
5529
5531
5533
5534
5535
5536
5538
5539
5541
5542
5544
5545
5547
5549
5550
5551
5553
5555
5556
5557
5559
5561
5562
5563
5565
5566
5568
5569
5571
5572
5574
5576
5577
5578
5580
5581
5583
5584
5586
5587
5589
5590
5592
5593
5595
5596
5598
5599
5601
5602
5604
5605
5607
5609
5610
5611
5614
5615
5617
5618
5620
5621
5623
5624
5626
5627
5628
5629
5631
5632
5634
5635
5637
5638
5640
5641
5643
5644
5646
5647
5649
5650
5652
5653
5655
5656
5658
5660
5662
5663
5664
5665
5667
5669
5670
5672
5674
5675
5677
5678
5680
5681
5682
5683
5685
5687
5689
5690
5691
5692
5694
5695
5697
5698
5700
5702
5703
5704
5706
5708
5709
5710
5712
5714
5715
5716
5718
5719
5721
5723
5725
5726
5727
5728
5731
5732
5733
5734
5736
5737
5739
5740
5742
5743
5745
5746
5748
5749
5752
5753
5754
5756
5758
5759
5761
5762
5763
5765
5767
5768
5770
5771
5772
5774
5776
5777
5779
5780
5782
5783
5785
5786
5787
5788
5790
5791
5793
5794
5796
5797
5799
5800
5802
5803
5805
5806
5809
5810
5811
5812
5814
5816
5818
5819
5820
5822
5824
5825
5827
5828
5830
5831
5832
5834
5835
5837
5839
5840
5842
5843
5845
5846
5847
5848
5850
5851
5853
5855
5856
5857
5859
5860
5862
5863
5865
5866
5868
5870
5872
5873
5875
5876
5877
5879
5881
5882
5884
5885
5886
5888
5889
5890
5892
5893
5895
5897
5899
5900
5901
5902
5905
5906
5908
5909
5911
5912
5914
5915
5917
5918
5919
5920
5922
5923
5925
5926
5928
5929
5931
5932
5934
5935
5937
5939
5941
5942
5944
5945
5946
5947
5949
5951
5952
5953
5955
5957
5958
5959
5961
5962
5964
5966
5967
5969
5971
5972
5974
5975
5977
5978
5979
5981
5982
5983
5985
5986
5988
5989
5992
5993
5994
5996
5997
5998
6000
6001
6003
6004
6006
6008
6010
6011
6012
6013
6015
6016
6018
6019
6021
6023
6025
6026
6027
6029
6030
6031
6033
6034
6036
6038
6040
6041
6042
6043
6045
6046
6048
6049
6051
6052
6054
6056
6058
6059
6061
6062
6063
6064
6066
6067
6069
6071
6073
6074
6076
6077
6079
6080
6081
6082
6084
6085
6087
6088
6090
6091
6093
6095
6096
6097
6099
6100
6102
6103
6105
6106
6108
6109
6111
6112
6114
6115
6117
6118
6120
6122
6123
6125
6126
6127
6129
6130
6132
6133
6135
6137
6138
6140
6142
6143
6145
6146
6148
6149
6151
6152
6153
6154
6156
6158
6160
6161
6163
6164
6166
6167
6168
6169
6171
6172
6174
6175
6177
6179
6180
6181
6184
6185
6186
6187
6189
6190
6192
6193
6195
6196
6198
6199
6201
6202
6204
6205
6208
6209
6210
6211
6214
6215
6217
6218
6220
6221
6222
6224
6226
6227
6228
6229
6231
6232
6234
6236
6237
6238
6240
6242
6243
6245
6246
6247
6249
6251
6252
6254
6255
6256
6258
6259
6261
6262
6264
6265
6267
6268
6270
6271
6273
6274
6276
6278
6280
6281
6282
6284
6286
6287
6289
6290
6291
6292
6294
6295
6297
6298
6300
6302
6304
6305
6307
6308
6309
6310
6312
6313
6315
6316
6318
6319
6321
6323
6325
6326
6327
6328
6330
6332
6333
6334
6336
6337
6339
6340
6342
6344
6345
6347
6348
6350
6351
6353
6354
6356
6358
6359
6361
6362
6363
6364
6366
6367
6369
6370
6372
6373
6375
6376
6378
6379
6381
6383
6385
6386
6388
6389
6391
6392
6393
6394
6396
6398
6399
6400
6402
6403
6405
6406
6408
6409
6411
6412
6414
6415
6417
6419
6421
6422
6423
6425
6426
6428
6429
6430
6432
6433
6435
6436
6438
6439
6441
6442
6444
6445
6447
6448
6450
6451
6453
6455
6456
6457
6459
6460
6462
6463
6465
6466
6468
6469
6471
6473
6475
6476
6478
6479
6481
6482
6484
6485
6487
6488
6489
6491
6492
6493
6495
6496
6498
6499
6501
6502
6504
6506
6507
6509
6510
6512
6513
6514
6516
6517
6519
6520
6522
6523
6525
6527
6529
6530
6531
6532
6534
6535
6537
6539
6541
6542
6543
6544
6546
6547
6549
6551
6553
6554
6556
6557
6558
6560
6562
6563
6565
6566
6568
6569
6571
6572
6573
6574
6576
6577
6579
6580
6582
6584
6586
6587
6588
6589
6591
6592
6594
6596
6597
6598
6600
6601
6603
6604
6606
6608
6609
6610
6612
6614
6615
6616
6618
6619
6621
6622
6624
6625
6628
6629
6630
6632
6634
6635
6637
6638
6640
6641
6642
6643
6645
6646
6648
6649
6651
6652
6654
6655
6657
6658
6660
6662
6663
6664
6666
6667
6669
6670
6672
6673
6675
6677
6679
6680
6681
6682
6684
6685
6687
6688
6690
6691
6693
6694
6696
6698
6699
6700
6702
6704
6705
6707
6709
6710
6712
6713
6714
6715
6717
6719
6721
6722
6724
6725
6726
6727
6729
6730
6732
6733
6735
6736
6738
6739
6741
6743
6745
6746
6748
6749
6751
6752
6754
6755
6756
6758
6759
6761
6763
6764
6766
6767
6768
6769
6771
6773
6774
6775
6777
6778
6780
6781
6784
6785
6786
6787
6789
6790
6792
6793
6795
6796
6798
6799
6801
6802
6804
6805
6807
6808
6810
6811
6813
6814
6816
6817
6819
6821
6823
6824
6825
6826
6828
6829
6831
6832
6834
6836
6837
6839
6841
6842
6844
6845
6846
6848
6850
6851
6852
6854
6855
6856
6858
6859
6861
6862
6864
6865
6867
6868
6870
6872
6874
6875
6876
6877
6879
6881
6882
6883
6885
6886
6888
6889
6891
6892
6894
6896
6898
6899
6900
6901
6903
6904
6906
6907
6909
6910
6912
6913
6915
6916
6918
6920
6921
6923
6924
6925
6927
6929
6931
6932
6934
6935
6936
6937
6939
6940
6942
6944
6946
6947
6949
6950
6951
6953
6955
6956
6957
6958
6960
6962
6964
6965
6967
6968
6970
6971
6973
6974
6976
6977
6978
6979
6981
6982
6984
6985
6987
6988
6990
6992
6994
6995
6997
6998
7000
7001
7003
7004
7006
7007
7009
7010
7011
7012
7014
7015
7017
7018
7020
7021
7023
7024
7026
7027
7029
7030
7032
7033
7035
7036
7038
7040
7042
7043
7044
7045
7048
7049
7050
7051
7053
7054
7056
7058
7059
7060
7062
7063
7065
7066
7068
7069
7071
7072
7074
7075
7077
7079
7080
7082
7084
7085
7087
7088
7090
7091
7092
7093
7095
7096
7098
7100
7102
7103
7104
7106
7107
7108
7110
7111
7113
7114
7116
7117
7119
7121
7123
7124
7125
7126
7128
7130
7131
7132
7134
7135
7137
7139
7141
7142
7144
7145
7146
7147
7150
7151
7153
7154
7155
7156
7158
7159
7161
7162
7164
7166
7167
7168
7170
7172
7174
7175
7177
7178
7179
7180
7182
7183
7185
7186
7188
7190
7192
7193
7194
7195
7197
7199
7200
7202
7204
7205
7206
7207
7209
7210
7212
7213
7215
7216
7218
7220
7222
7223
7225
7226
7227
7228
7230
7231
7233
7235
7237
7238
7239
7241
7242
7243
7245
7246
7248
7249
7251
7253
7254
7255
7257
7258
7260
7261
7263
7265
7266
7268
7269
7270
7272
7274
7275
7276
7278
7279
7281
7282
7284
7285
7287
7289
7291
7292
7293
7294
7296
7298
7299
7300
7302
7304
7306
7307
7308
7309
7311
7312
7314
7315
7317
7319
7321
7322
7323
7324
7326
7328
7329
7331
7332
7333
7335
7336
7338
7340
7341
7342
7344
7345
7347
7348
7350
7351
7353
7355
7356
7357
7359
7360
7362
7363
7365
7366
7368
7369
7371
7372
7374
7375
7377
7379
7381
7382
7383
7384
7386
7387
7390
7391
7392
7393
7395
7397
7399
7400
7402
7403
7405
7406
7408
7409
7410
7411
7413
7414
7416
7417
7419
7421
7422
7423
7425
7426
7428
7430
7431
7432
7434
7435
7437
7438
7440
7441
7443
7444
7446
7447
7449
7450
7452
7453
7455
7456
7458
7459
7461
7463
7464
7465
7467
7469
7470
7471
7473
7474
7476
7478
7479
7480
7482
7483
7485
7486
7489
7490
7492
7493
7494
7495
7497
7499
7501
7502
7504
7505
7506
7508
7510
7511
7512
7513
7515
7516
7518
7519
7521
7522
7524
7525
7527
7528
7530
7532
7534
7535
7536
7537
7539
7540
7542
7543
7545
7546
7548
7550
7552
7553
7555
7556
7558
7559
7561
7562
7564
7565
7566
7567
7569
7570
7572
7573
7575
7576
7578
7579
7581
7582
7584
7585
7587
7589
7590
7592
7594
7595
7597
7598
7600
7601
7603
7604
7606
7607
7609
7610
7612
7613
7614
7616
7618
7619
7621
7622
7623
7625
7627
7628
7629
7631
7633
7634
7635
7636
7638
7639
7641
7643
7645
7646
7648
7649
7650
7652
7654
7655
7657
7658
7659
7661
7662
7663
7666
7667
7669
7670
7671
7673
7674
7675
7677
7679
7680
7682
7684
7685
7687
7688
7690
7691
7692
7694
7696
7697
7699
7700
7702
7703
7705
7706
7708
7709
7710
7711
7713
7715
7716
7718
7719
7720
7722
7724
7725
7726
7728
7730
7731
7733
7735
7736
7738
7739
7741
7742
7743
7744
7746
7747
7749
7751
7752
7754
7755
7756
7758
7759
7761
7762
7764
7766
7767
7768
7770
7771
7773
7774
7776
7777
7779
7780
7782
7784
7785
7786
7788
7789
7791
7792
7794
7796
7797
7798
7800
7801
7803
7804
7806
7807
7809
7810
7812
7814
7816
7817
7819
7820
7821
7822
7824
7826
7827
7829
7831
7832
7834
7835
7837
7838
7839
7840
7842
7844
7846
7847
7848
7849
7851
7852
7854
7855
7857
7858
7860
7861
7863
7864
7866
7868
7869
7871
7872
7873
7875
7876
7878
7879
7881
7882
7884
7886
7888
7889
7890
7892
7893
7894
7896
7897
7899
7901
7903
7904
7905
7907
7909
7910
7912
7913
7914
7915
7917
7919
7920
7921
7923
7924
7926
7927
7929
7930
7932
7933
7935
7936
7938
7939
7941
7942
7944
7946
7947
7949
7950
7952
7953
7954
7956
7957
7959
7960
7962
7963
7965
7966
7968
7969
7971
7972
7974
7976
7977
7978
7980
7981
7983
7984
7986
7988
7990
7991
7992
7994
7995
7996
7998
8000
8002
8003
8004
8005
8007
8009
8011
8012
8013
8014
8016
8018
8019
8020
8022
8023
8025
8026
8028
8029
8031
8032
8034
8035
8037
8038
8040
8041
8043
8044
8046
8047
8049
8050
8052
8054
8055
8056
8058
8060
8061
8063
8065
8066
8068
8069
8070
8071
8073
8074
8076
8077
8079
8081
8083
8084
8085
8086
8088
8089
8091
8093
8095
8096
8098
8099
8100
8101
8103
8105
8107
8108
8109
8110
8112
8114
8116
8117
8119
8120
8121
8123
8125
8126
8127
8128
8130
8132
8134
8135
8137
8138
8140
8141
8142
8143
8145
8146
8148
8149
8151
8152
8154
8155
8157
8158
8160
8161
8163
8164
8165
8167
8168
8170
8171
8173
8174
8176
8177
8178
8179
8181
8182
8184
8185
8187
8189
8190
8191
8193
8195
8197
8198
8199
8200
8202
8203
8205
8206
8208
8209
8211
8212
8214
8215
8217
8219
8220
8221
8223
8225
8226
8228
8229
8230
8232
8233
8235
8236
8238
8239
8241
8243
8244
8245
8247
8248
8250
8251
8253
8255
8257
8258
8260
8261
8262
8264
8266
8267
8268
8269
8271
8272
8274
8275
8277
8278
8280
8282
8283
8285
8286
8287
8289
8290
8292
8293
8295
8296
8298
8299
8301
8302
8304
8305
8307
8308
8310
8312
8314
8315
8317
8318
8320
8321
8323
8324
8326
8327
8329
8330
8332
8333
8335
8336
8338
8339
8341
8342
8344
8345
8346
8347
8349
8351
8353
8354
8356
8357
8359
8360
8361
8362
8364
8365
8367
8368
8370
8371
8373
8374
8376
8377
8379
8380
8382
8384
8386
8387
8389
8390
8391
8392
8394
8396
8398
8399
8401
8402
8404
8405
8406
8408
8410
8411
8413
8414
8415
8416
8418
8419
8421
8422
8424
8425
8427
8428
8430
8431
8433
8434
8436
8437
8439
8440
8442
8444
8445
8447
8449
8450
8452
8453
8454
8455
8457
8458
8460
8461
8463
8465
8467
8468
8470
8471
8473
8474
8475
8476
8478
8479
8481
8482
8484
8485
8487
8489
8491
8492
8493
8494
8496
8497
8499
8501
8502
8503
8505
8506
8508
8509
8511
8512
8514
8516
8518
8519
8520
8521
8523
8525
8526
8528
8530
8531
8533
8534
8535
8536
8538
8539
8541
8542
8544
8545
8547
8548
8550
8551
8553
8554
8556
8557
8559
8560
8562
8563
8565
8566
8568
8569
8571
8572
8574
8576
8577
8578
8580
8581
8583
8584
8586
8587
8589
8590
8592
8593
8595
8597
8598
8599
8601
8602
8604
8606
8607
8609
8610
8612
8613
8615
8616
8617
8619
8621
8623
8624
8625
8626
8628
8629
8631
8632
8634
8636
8637
8638
8640
8641
8643
8645
8646
8647
8649
8650
8652
8653
8655
8656
8658
8659
8661
8662
8664
8665
8667
8669
8671
8672
8673
8674
8676
8677
8679
8680
8682
8684
8685
8686
8688
8689
8691
8693
8694
8695
8697
8698
8700
8702
8704
8705
8706
8707
8709
8710
8712
8713
8715
8716
8718
8720
8722
8723
8724
8725
8727
8729
8731
8732
8734
8735
8737
8738
8740
8741
8742
8743
8745
8747
8748
8750
8751
8752
8754
8755
8757
8758
8760
8761
8763
8764
8766
8767
8769
8770
8772
8773
8775
8777
8779
8780
8781
8783
8784
8785
8787
8788
8791
8792
8794
8795
8796
8797
8799
8801
8803
8804
8806
8807
8808
8809
8811
8812
8814
8816
8818
8819
8820
8821
8823
8824
8826
8827
8829
8830
8832
8833
8835
8836
8838
8839
8841
8842
8844
8845
8847
8849
8850
8851
8853
8855
8857
8858
8859
8860
8862
8863
8865
8866
8868
8869
8871
8873
8874
8875
8877
8879
8880
8881
8883
8884
8886
8887
8889
8890
8892
8893
8895
8896
8898
8899
8901
8902
8904
8905
8907
8908
8910
8912
8914
8915
8916
8917
8919
8920
8922
8923
8925
8926
8928
8929
8931
8932
8934
8936
8938
8939
8940
8941
8943
8944
8946
8948
8949
8950
8952
8954
8956
8957
8958
8959
8961
8963
8965
8966
8967
8968
8970
8972
8974
8975
8977
8978
8979
8980
8982
8983
8985
8986
8988
8990
8991
8993
8994
8995
8998
8999
9001
9002
9004
9005
9006
9007
9009
9010
9012
9013
9015
9016
9018
9020
9022
9023
9025
9026
9027
9028
9030
9031
9033
9034
9036
9037
9039
9041
9043
9044
9045
9046
9048
9049
9051
9053
9055
9056
9058
9059
9060
9061
9063
9064
9066
9067
9070
9071
9073
9074
9076
9077
9078
9079
9081
9082
9084
9085
9088
9089
9090
9091
9094
9095
9096
9097
9099
9100
9102
9103
9105
9106
9108
9109
9111
9112
9114
9115
9117
9118
9120
9121
9123
9124
9126
9127
9129
9130
9132
9134
9135
9137
9139
9140
9141
9142
9144
9145
9147
9149
9151
9152
9154
9155
9157
9158
9160
9161
9162
9163
9165
9166
9168
9169
9171
9173
9175
9176
9177
9179
9181
9182
9184
9185
9186
9187
9189
9190
9192
9193
9195
9197
9199
9200
9202
9203
9204
9205
9207
9209
9211
9212
9214
9215
9217
9218
9220
9221
9223
9224
9225
9226
9228
9229
9231
9233
9234
9236
9237
9239
9240
9242
9243
9244
9246
9248
9250
9251
9253
9254
9256
9257
9259
9260
9261
9262
9264
9265
9267
9269
9270
9271
9273
9274
9276
9278
9280
9281
9283
9284
9286
9287
9288
9289
9291
9293
9294
9295
9297
9298
9300
9301
9303
9304
9306
9307
9309
9311
9313
9314
9316
9317
9319
9320
9322
9323
9324
9325
9327
9328
9330
9331
9333
9334
9336
9337
9339
9341
9343
9344
9345
9347
9348
9349
9351
9353
9354
9355
9357
9358
9360
9361
9363
9364
9366
9367
9369
9370
9372
9373
9375
9376
9378
9380
9381
9383
9385
9386
9387
9389
9390
9392
9394
9395
9397
9398
9400
9401
9402
9403
9406
9407
9408
9409
9411
9412
9414
9416
9417
9418
9420
9421
9423
9424
9426
9428
9430
9431
9432
9433
9435
9436
9438
9440
9442
9443
9444
9445
9447
9448
9450
9451
9453
9454
9456
9457
9459
9460
9462
9463
9465
9466
9468
9470
9471
9473
9475
9476
9477
9478
9480
9481
9483
9484
9486
9488
9490
9491
9493
9494
9495
9496
9498
9499
9501
9502
9504
9506
9507
9508
9510
9511
9513
9514
9516
9517
9519
9520
9523
9524
9525
9526
9528
9530
9532
9533
9535
9536
9537
9538
9540
9541
9543
9544
9546
9547
9549
9551
9553
9554
9556
9557
9559
9560
9561
9562
9564
9566
9568
9569
9571
9572
9574
9575
9576
9578
9579
9580
9582
9584
9585
9587
9588
9590
9591
9593
9595
9596
9598
9599
9601
9602
9604
9605
9607
9608
9609
9610
9612
9614
9615
9617
9618
9619
9621
9622
9624
9625
9627
9629
9631
9633
9634
9635
9636
9637
9638
9639
9640
9642
9643
9648
9649
9650
9651
9652
9653
9654
9655
9656
9658
9659
9661
9662
9668
9669
9671
9673
9674
9676
9677
9682
9683
9684
9685
9687
9689
9692
9693
9694
9695
9698
9700
9702
9703
9704
9705
9710
9711
9720
9724
9725
9732
9738
9745
9746
9747
9748
9753
9757
9758
9768
9771
9785
9786
9788
9789
9794
9801
9803
9804
9805
9807
9810
9815
9816
9820
9821
9822
9823
9824
9825
9826
9827
9828
9829
9831
9832
9835
9847
9855
9856
9858
9859
9860
9861
9866
9869
9870
9875
9877
9879
9880
9881
9882
9883
9884
9889
9894
9910
9911
9916
9917
9919
9920
9921
9925
9926
9927
9931
9945
9951
9952
9957
9960
9963
9964
9969
9970
9974
9975
9977
9979
9981
9982
9983
9984
9985
9986
9987
9988
9989
9990
9991
9992
9993
9996
9997
10003
10004
10005
10008
10009
10019
10021
10022
10023
10025
10028
10034
10039
10040
10043
10044
10055
10056
10061
10063
10064
10070
10073
10082
10085
10087
10090
10096
10099
10100
10106
10110
10111
10127
10130
10133
10134
10135
10136
10139
10143
10144
10145
10147
10149
10161
10165
10168
10175
10176
10177
10178
10183
10184
10185
10188
10189
10190
10191
10192
10194
10195
10196
10197
10202
10203
10212
10216
10217
10221
10222
10244
10245
10246
10247
10248
10250
10252
10253
10256
10258
10262
10272
10273
10288
10289
10307
10309
10313
10319
10320
10321
10327
10337
10345
10348
10349
10351
10352
10355
10356
10358
10359
10362
10363
10364
10365
10367
10368
10369
10370
10372
10373
10378
10379
10380
10392
10394
10397
10398
10399
10400
10401
10403
10404
10405
10409
10410
10418
10421
10425
10427
10428
10429
10430
10431
10444
10445
10447
10449
10452
10453
10454
10455
10456
10457
10458
10461
10477
10478
10479
10482
10486
10487
10490
10491
10493
10499
10504
10511
10512
10513
10514
10516
10525
10526
10527
10528
10529
10530
10533
10534
10544
10546
10550
10551
10552
10553
10571
10572
10573
10574
10582
10585
10586
10587
10589
10595
10601
10602
10604
10605
10606
10607
10608
10609
10617
10618
10619
10620
10622
10623
10624
10631
10632
10636
10637
10638
10644
10645
10649
10650
10651
10654
10657
10661
10666
10667
10671
10672
10685
10686
10687
10689
10690
10691
10703
10704
10705
10710
10717
10718
10719
10723
10724
10728
10733
10734
10735
10741
10742
10748
10759
10760
10761
10762
10763
10772
10775
10778
10779
10780
10781
10782
10783
10787
10793
10798
10799
10800
10816
10817
10819
10825
10826
10827
10828
10829
10830
10844
10847
10848
10854
10859
10866
10868
10869
10872
10874
10875
10877
10878
10882
10883
10884
10885
10886
10903
10906
10910
10911
10915
10917
10922
10923
10929
10934
10935
10938
10945
10951
10954
10957
10971
10974
10975
10976
10977
10994
10996
10997
11008
11009
11010
11011
11018
11019
11020
11021
11022
11024
11025
11026
11027
11028
11031
11032
11034
11036
11037
11038
11039
11040
11041
11042
11043
11047
11048
11049
11065
11066
11067
11069
11078
11081
11082
11083
11102
11104
11105
11119
11120
11124
11127
11129
11131
11132
11134
11135
11136
11142
11143
11144
11148
11154
11162
11163
11175
11176
11177
11178
11179
11180
11181
11182
11183
11185
11186
11187
11194
11195
11197
11198
11199
11200
11210
11213
11214
11215
11218
11225
11228
11229
11247
11259
11268
11273
11275
11276
11285
11287
11288
11290
11314
11320
11323
11325
11326
11328
11329
11334
11335
11340
11345
11348
11351
11352
11366
11368
11369
11370
11371
11375
11379
11380
11382
11383
11384
11385
11389
11390
11391
11395
11396
11397
11403
11404
11405
11406
11412
11421
11423
11424
11432
11440
11442
11443
11451
11452
11456
11457
11458
11459
11460
11461
11463
11464
11465
11466
11467
