s vc 23194 4899
1
16385
16387
16390
16392
16393
16396
16398
16400
16402
16404
16406
16407
16410
16412
16414
16416
16417
16420
16422
16423
16426
16428
16429
16431
16434
16435
16437
16440
16442
16444
16446
16448
16450
16452
16454
16455
16458
16460
16462
16463
16465
16467
16469
16472
16473
16475
16477
16480
16481
16483
16486
16488
16490
16491
16493
16495
16498
16499
16502
16504
16505
16507
16510
16511
16514
16515
16518
16519
16522
16523
16525
16528
16530
16532
16533
16536
16537
16539
16542
16543
16546
16547
16549
16551
16554
16556
16557
16560
16562
16563
16566
16567
16570
16572
16574
16576
16577
16580
16581
16584
16585
16588
16590
16592
16594
16596
16598
16599
16601
16603
16606
16608
16609
16612
16614
16616
16617
16619
16621
16624
16625
16627
16630
16632
16633
16635
16638
16640
16641
16644
16646
16648
16649
16652
16653
16655
16658
16660
16661
16664
16666
16668
16669
16671
16673
16676
16677
16680
16682
16683
16686
16687
16690
16691
16693
16696
16698
16700
16702
16704
16706
16707
16710
16712
16713
16715
16717
16719
16721
16724
16726
16728
16729
16731
16734
16735
16738
16740
16741
16744
16745
16748
16750
16752
16754
16756
16757
16760
16762
16764
16765
16767
16769
16772
16773
16776
16778
16779
16782
16783
16786
16787
16789
16792
16793
16796
16798
16799
16802
16804
16805
16807
16810
16811
16813
16815
16817
16819
16821
16823
16825
16828
16829
16832
16834
16836
16838
16840
16842
16843
16845
16848
16849
16852
16853
16855
16858
16860
16861
16863
16866
16868
16869
16871
16873
16876
16877
16879
16882
16884
16885
16887
16889
16892
16893
16896
16897
16899
16902
16904
16905
16908
16909
16912
16913
16915
16917
16919
16921
16924
16926
16927
16930
16931
16934
16935
16938
16940
16942
16944
16946
16948
16949
16951
16953
16956
16957
16960
16962
16963
16965
16968
16969
16972
16974
16975
16977
16979
16981
16983
16985
16988
16990
16992
16993
16996
16997
17000
17002
17003
17006
17008
17010
17011
17013
17015
17018
17019
17021
17023
17026
17028
17030
17032
17034
17036
17038
17039
17041
17044
17046
17047
17050
17052
17053
17056
17057
17060
17061
17063
17065
17067
17070
17072
17074
17075
17078
17079
17081
17083
17085
17088
17089
17092
17093
17095
17098
17099
17101
17104
17106
17108
17109
17111
17113
17115
17118
17119
17121
17123
17126
17128
17129
17131
17133
17136
17138
17139
17141
17144
17146
17148
17150
17152
17153
17155
17158
17160
17162
17163
17165
17168
17170
17172
17173
17176
17177
17180
17182
17184
17185
17188
17189
17192
17193
17195
17198
17199
17202
17204
17206
17208
17209
17211
17214
17215
17217
17220
17221
17223
17226
17227
17229
17232
17234
17235
17238
17239
17241
17244
17246
17248
17249
17251
17254
17256
17258
17260
17261
17263
17266
17268
17269
17271
17274
17276
17278
17280
17282
17284
17285
17288
17289
17291
17293
17295
17297
17299
17301
17303
17305
17307
17309
17312
17313
17315
17317
17319
17321
17323
17325
17328
17329
17331
17333
17335
17338
17339
17341
17343
17345
17348
17350
17351
17353
17355
17357
17359
17362
17364
17366
17367
17369
17371
17373
17375
17378
17380
17382
17384
17385
17388
17389
17392
17394
17395
17398
17400
17401
17404
17405
17407
17409
17411
17413
17416
17418
17420
17421
17423
17425
17428
17429
17432
17434
17436
17437
17439
17441
17443
17445
17447
17450
17452
17453
17456
17458
17460
17461
17463
17466
17468
17469
17472
17473
17475
17478
17480
17482
17484
17485
17487
17489
17491
17493
17495
17497
17500
17501
17504
17505
17508
17509
17511
17514
17515
17518
17520
17521
17524
17525
17528
17529
17531
17534
17536
17538
17540
17542
17543
17545
17547
17549
17552
17554
17555
17557
17559
17562
17563
17566
17567
17569
17572
17574
17576
17577
17579
17581
17584
17585
17587
17589
17592
17594
17596
17598
17599
17602
17604
17606
17608
17610
17611
17613
17615
17617
17619
17622
17623
17626
17627
17630
17632
17633
17636
17638
17640
17642
17643
17646
17647
17650
17652
17653
17655
17658
17660
17662
17663
17666
17668
17670
17671
17674
17675
17678
17680
17682
17683
17686
17688
17690
17691
17693
17696
17697
17700
17701
17704
17705
17708
17709
17711
17714
17716
17718
17719
17722
17724
17725
17727
17730
17731
17733
17735
17737
17740
17742
17744
17746
17747
17749
17751
17754
17756
17757
17759
17762
17764
17765
17768
17770
17772
17773
17776
17777
17780
17781
17784
17786
17788
17790
17791
17794
17796
17797
17799
17801
17803
17806
17807
17809
17811
17814
17816
17817
17820
17822
17823
17826
17828
17829
17831
17833
17835
17838
17839
17841
17843
17846
17847
17850
17852
17853
17856
17858
17859
17861
17864
17865
17868
17869
17871
17873
17876
17877
17880
17881
17884
17885
17888
17889
17892
17893
17896
17898
17899
17901
17904
17905
17907
17910
17911
17914
17915
17917
17920
17921
17924
17925
17927
17930
17931
17933
17936
17938
17940
17941
17943
17946
17948
17949
17952
17953
17955
17958
17960
17961
17964
17965
17967
17970
17971
17973
17975
17978
17979
17981
17983
17985
17987
17989
17992
17994
17995
17997
17999
18001
18004
18005
18007
18009
18011
18013
18016
18018
18020
18022
18023
18026
18028
18030
18032
18034
18035
18038
18040
18042
18043
18045
18047
18049
18052
18053
18056
18057
18060
18061
18063
18066
18067
18070
18071
18073
18075
18077
18079
18081
18084
18086
18087
18089
18092
18094
18095
18098
18100
18101
18104
18105
18108
18109
18112
18113
18115
18118
18120
18122
18124
18126
18127
18129
18132
18133
18135
18138
18140
18141
18143
18145
18148
18150
18151
18154
18156
18157
18159
18161
18163
18166
18167
18169
18172
18174
18175
18178
18179
18182
18183
18185
18188
18190
18192
18194
18195
18198
18199
18201
18203
18205
18208
18209
18212
18213
18215
18218
18220
18221
18223
18226
18227
18229
18231
18234
18236
18238
18239
18242
18243
18246
18247
18249
18252
18253
18255
18257
18259
18262
18263
18266
18267
18270
18271
18274
18276
18278
18280
18281
18283
18285
18287
18289
18291
18294
18296
18297
18300
18302
18303
18306
18307
18309
18311
18314
18316
18317
18320
18321
18323
18326
18328
18330
18332
18334
18336
18337
18340
18341
18344
18345
18348
18350
18352
18354
18355
18358
18359
18362
18364
18365
18367
18369
18372
18373
18375
18378
18380
18382
18383
18386
18388
18390
18392
18393
18395
18398
18399
18402
18404
18405
18407
18409
18412
18414
18415
18417
18419
18421
18423
18426
18427
18430
18432
18433
18435
18437
18440
18441
18444
18446
18448
18450
18452
18454
18456
18458
18459
18462
18463
18466
18468
18470
18471
18473
18475
18477
18479
18481
18484
18486
18487
18490
18491
18493
18495
18497
18499
18502
18504
18506
18508
18509
18512
18514
18515
18517
18520
18522
18523
18526
18528
18530
18532
18534
18536
18537
18540
18542
18544
18545
18548
18550
18551
18553
18555
18557
18560
18562
18564
18565
18567
18569
18572
18573
18576
18577
18580
18581
18584
18585
18588
18589
18592
18594
18596
18598
18599
18601
18604
18605
18607
18610
18611
18613
18615
18618
18620
18622
18623
18625
18627
18629
18632
18634
18635
18638
18640
18642
18644
18646
18647
18650
18651
18654
18656
18657
18659
18661
18663
18666
18667
18669
18672
18674
18675
18677
18680
18682
18683
18685
18688
18689
18691
18693
18696
18697
18699
18702
18704
18705
18707
18709
18711
18714
18715
18718
18720
18721
18724
18725
18728
18730
18732
18734
18736
18738
18740
18742
18743
18746
18748
18749
18751
18754
18756
18757
18760
18762
18764
18765
18768
18770
18772
18774
18775
18778
18780
18781
18783
18785
18788
18790
18792
18793
18795
18797
18800
18802
18803
18805
18808
18810
18811
18813
18816
18818
18820
18822
18824
18825
18828
18830
18831
18834
18836
18838
18840
18842
18843
18845
18847
18850
18852
18853
18855
18858
18859
18861
18864
18865
18868
18870
18871
18874
18875
18878
18879
18881
18883
18886
18887
18890
18892
18893
18896
18898
18899
18901
18903
18905
18908
18909
18911
18913
18916
18917
18919
18921
18923
18925
18927
18930
18932
18933
18936
18937
18940
18942
18944
18946
18947
18949
18952
18954
18956
18957
18960
18961
18963
18965
18967
18970
18972
18974
18975
18977
18980
18982
18984
18986
18988
18989
18992
18994
18995
18997
18999
19001
19004
19006
19008
19010
19011
19013
19015
19017
19019
19022
19023
19025
19027
19030
19031
19034
19036
19037
19039
19042
19044
19046
19047
19050
19051
19054
19056
19057
19060
19061
19064
19065
19068
19069
19071
19074
19076
19077
19079
19081
19084
19086
19087
19089
19092
19094
19096
19098
19099
19102
19103
19105
19108
19109
19112
19114
19116
19117
19120
19121
19123
19126
19128
19129
19132
19133
19136
19138
19139
19142
19143
19145
19147
19150
19151
19153
19155
19158
19159
19161
19163
19166
19167
19170
19171
19173
19175
19178
19179
19182
19184
19185
19188
19190
19192
19193
19196
19198
19199
19202
19203
19206
19207
19210
19211
19213
19215
19217
19220
19221
19223
19225
19228
19229
19232
19234
19235
19238
19240
19242
19244
19245
19247
19249
19251
19254
19255
19258
19259
19261
19264
19265
19267
19269
19271
19273
19275
19278
19280
19281
19284
19286
19287
19290
19292
19294
19295
19297
19299
19302
19303
19306
19307
19309
19311
19313
19315
19318
19320
19322
19324
19326
19327
19329
19332
19334
19335
19337
19340
19342
19343
19346
19347
19350
19352
19353
19356
19358
19360
19361
19364
19366
19367
19370
19371
19374
19375
19378
19380
19382
19383
19385
19387
19390
19392
19394
19396
19397
19400
19401
19404
19405
19408
19409
19412
19414
19415
19417
19420
19421
19423
19425
19428
19429
19432
19434
19436
19437
19439
19441
19443
19446
19448
19449
19451
19453
19455
19458
19459
19461
19463
19465
19467
19470
19472
19474
19475
19477
19479
19481
19483
19485
19488
19490
19492
19493
19496
19498
19499
19501
19504
19506
19507
19509
19511
19513
19516
19518
19520
19521
19524
19525
19528
19530
19532
19533
19535
19538
19539
19542
19544
19546
19547
19549
19551
19554
19556
19557
19559
19562
19563
19565
19568
19569
19572
19573
19575
19578
19579
19581
19583
19586
19588
19590
19591
19593
19595
19597
19599
19602
19603
19606
19607
19610
19612
19613
19615
19618
19620
19621
19624
19626
19628
19629
19631
19633
19635
19637
19639
19641
19643
19646
19648
19649
19652
19653
19655
19657
19659
19662
19664
19665
19667
19670
19671
19674
19676
19678
19680
19681
19684
19686
19687
19689
19691
19693
19695
19697
19699
19701
19703
19706
19707
19710
19712
19714
19716
19718
19720
19722
19723
19725
19727
19730
19731
19734
19736
19738
19739
19742
19744
19746
19748
19749
19751
19754
19756
19757
19760
19762
19764
19765
19768
19770
19771
19773
19775
19777
19779
19781
19784
19785
19787
19789
19791
19794
19796
19797
19800
19801
19803
19806
19807
19810
19811
19814
19815
19817
19819
19821
19823
19826
19828
19830
19832
19833
19836
19838
19840
19842
19843
19845
19848
19850
19852
19854
19856
19858
19860
19861
19863
19865
19868
19869
19872
19873
19875
19877
19879
19881
19884
19885
19888
19889
19892
19894
19896
19897
19899
19901
19904
19905
19907
19910
19911
19914
19915
19917
19919
19921
19924
19926
19927
19929
19932
19934
19936
19937
19939
19941
19944
19946
19948
19949
19952
19953
19956
19958
19960
19961
19964
19966
19967
19970
19971
19974
19976
19977
19979
19981
19984
19985
19988
19990
19991
19994
19995
19998
19999
20002
20003
20005
20008
20010
20011
20014
20016
20017
20019
20021
20024
20026
20028
20030
20031
20034
20035
20037
20039
20041
20044
20046
20048
20050
20051
20054
20056
20057
20059
20061
20064
20066
20067
20069
20071
20074
20075
20077
20080
20082
20084
20086
20088
20089
20091
20093
20095
20098
20099
20101
20104
20106
20108
20109
20111
20113
20116
20118
20120
20122
20123
20126
20128
20129
20132
20133
20136
20138
20139
20142
20143
20146
20148
20150
20151
20154
20155
20158
20160
20161
20163
20166
20168
20169
20172
20173
20176
20177
20180
20181
20183
20186
20187
20190
20191
20194
20195
20197
20200
20201
20204
20206
20207
20210
20211
20214
20216
20218
20220
20222
20223
20225
20227
20230
20231
20233
20235
20237
20240
20242
20244
20245
20247
20250
20252
20254
20255
20258
20259
20261
20263
20265
20267
20269
20271
20273
20276
20278
20279
20281
20284
20285
20287
20289
20292
20293
20295
20298
20299
20302
20303
20305
20308
20310
20312
20314
20315
20318
20319
20322
20323
20326
20327
20330
20332
20333
20335
20338
20339
20342
20344
20346
20348
20350
20352
20353
20356
20358
20359
20362
20364
20365
20367
20370
20372
20373
20375
20377
20380
20382
20384
20385
20387
20390
20391
20394
20396
20397
20400
20402
20404
20406
20408
20410
20411
20414
20416
20418
20420
20421
20423
20425
20428
20430
20432
20433
20435
20437
20440
20442
20443
20446
20448
20450
20451
20453
20455
20458
20460
20462
20464
20466
20467
20470
20471
20473
20475
20477
20479
20481
20483
20485
20487
20490
20491
20493
20495
20498
20500
20501
20503
20505
20507
20509
20511
20513
20515
20517
20520
20522
20523
20525
20527
20530
20532
20533
20535
20537
20539
20542
20543
20545
20547
20549
20551
20553
20556
20558
20559
20562
20563
20565
20567
20569
20572
20574
20576
20577
20579
20582
20583
20586
20587
20590
20591
20593
20595
20598
20599
20601
20604
20605
20608
20609
20612
20614
20616
20618
20619
20621
20623
20625
20628
20629
20631
20634
20636
20637
20639
20642
20643
20645
20647
20650
20651
20654
20656
20658
20659
20662
20663
20666
20667
20669
20672
20674
20675
20677
20679
20681
20683
20685
20687
20689
20692
20694
20695
20698
20699
20702
20703
20705
20707
20710
20711
20713
20716
20718
20719
20722
20724
20726
20727
20729
20731
20734
20735
20738
20739
20741
20743
20746
20747
20749
20752
20753
20756
20758
20759
20762
20764
20765
20768
20770
20771
20774
20776
20777
20779
20782
20783
20785
20788
20789
20792
20794
20796
20797
20800
20802
20803
20806
20807
20809
20811
20813
20816
20818
20819
20821
20823
20826
20828
20829
20832
20833
20835
20838
20839
20842
20843
20845
20847
20849
20852
20853
20856
20858
20860
20862
20863
20865
20867
20870
20871
20874
20875
20878
20880
20882
20884
20886
20887
20889
20892
20893
20896
20897
20900
20901
20903
20906
20907
20909
20911
20913
20916
20917
20919
20921
20923
20926
20928
20929
20931
20933
20936
20938
20939
20941
20943
20945
20948
20949
20952
20953
20955
20957
20960
20962
20963
20965
20967
20969
20971
20974
20975
20977
20979
20982
20984
20985
20987
20989
20991
20993
20995
20998
21000
21002
21004
21006
21008
21009
21012
21013
21016
21017
21020
21022
21023
21026
21027
21029
21032
21033
21035
21038
21040
21042
21044
21045
21047
21050
21051
21054
21056
21058
21059
21062
21063
21066
21067
21070
21071
21073
21076
21078
21080
21082
21083
21086
21087
21089
21091
21093
21096
21097
21100
21102
21103
21106
21107
21110
21112
21113
21116
21117
21119
21122
21123
21126
21127
21130
21132
21134
21135
21137
21139
21142
21144
21146
21147
21149
21152
21153
21155
21158
21159
21162
21164
21166
21168
21170
21172
21174
21175
21177
21180
21181
21183
21185
21188
21189
21191
21194
21195
21198
21199
21201
21203
21206
21208
21209
21212
21213
21215
21217
21220
21221
21224
21226
21228
21230
21232
21233
21236
21238
21240
21242
21244
21245
21247
21249
21251
21254
21255
21257
21260
21262
21264
21265
21267
21270
21271
21273
21276
21277
21279
21282
21283
21285
21287
21289
21292
21294
21295
21297
21299
21301
21303
21305
21308
21309
21311
21314
21316
21317
21320
21321
21324
21325
21328
21329
21332
21334
21335
21337
21339
21341
21344
21346
21347
21350
21352
21353
21355
21358
21360
21361
21364
21366
21367
21370
21371
21374
21376
21377
21379
21381
21384
21385
21388
21390
21391
21394
21395
21397
21399
21401
21403
21405
21408
21409
21411
21414
21415
21418
21420
21421
21423
21425
21428
21430
21431
21433
21436
21438
21440
21442
21443
21446
21447
21449
21451
21454
21455
21458
21459
21461
21464
21466
21467
21470
21471
21473
21475
21477
21479
21481
21483
21485
21487
21490
21492
21493
21495
21497
21500
21501
21504
21506
21508
21509
21512
21513
21515
21517
21520
21521
21523
21525
21527
21529
21532
21533
21536
21537
21540
21542
21543
21546
21548
21549
21552
21554
21556
21558
21559
21561
21564
21565
21568
21570
21571
21574
21576
21577
21579
21582
21583
21586
21587
21589
13399
21591
13401
21593
13403
21596
13405
21598
13407
21599
13409
21601
13411
21603
13413
21605
13415
21607
13417
21610
13419
21611
13421
21613
13423
21616
13425
21618
13427
21619
13429
21622
13431
21623
13433
21626
13435
21628
13437
21630
13439
21631
13441
21633
13443
21635
13445
21638
13447
21639
13449
21641
13451
21644
13453
21645
13455
21648
13457
21650
13459
21652
13461
21653
13463
21656
13465
21658
13467
21660
13469
21661
13471
21663
13473
21666
13475
21667
13477
21669
13479
21671
13481
21673
13483
21675
13485
21677
13487
21680
13489
21682
13491
21684
13493
21686
13495
21687
13497
21689
13499
21692
13501
21694
13503
21696
13505
21697
13507
21699
21701
13510
21703
13512
13513
21705
13516
21708
13518
13519
21709
13521
21711
21714
13524
13525
21716
21718
13528
13529
21719
21721
13532
13533
21724
13535
21725
21727
13538
13539
21730
13541
21732
13543
21733
13545
21735
21737
13548
21740
13550
13551
21742
21743
13554
21745
13556
21748
13558
13559
21750
21751
13562
21754
13564
13565
21756
13567
21757
21760
13570
21762
13572
13573
21764
21766
13576
21768
13578
13579
21770
13581
21771
13583
21774
13585
21776
21777
13588
13589
21779
21782
13592
13593
21783
21785
13596
13597
21787
21789
13600
13601
21791
21794
13604
13605
21796
13607
21798
21800
13610
13611
21801
13613
21803
21805
13616
21807
13618
21810
13620
21812
13622
21813
13624
13625
21816
21817
13628
13629
21819
21822
13632
13633
21824
13635
21826
13637
21827
21830
13640
21832
13642
21834
13644
21836
13646
13647
21837
21840
13650
13651
21842
13653
21844
13655
21845
13657
21848
13659
21849
13661
21851
21854
13664
13665
21856
21857
13668
21859
13670
13671
21861
13673
21864
13675
21866
13677
21868
21869
13680
21872
13682
21874
13684
13685
21875
21877
13688
13689
21879
21882
13692
21884
13694
21885
13696
13697
21888
21890
13700
13701
21891
21894
13704
21896
13706
13707
21897
13709
21900
21901
13712
21904
13714
13715
21906
21908
13718
21909
13720
21911
13722
13723
21914
13725
21916
21917
13728
21919
13730
21921
13732
21923
13734
21925
13736
21927
13738
21929
13740
21932
13742
21933
13744
13745
21935
13747
21937
21939
13750
13751
21941
21943
13754
13755
21945
13757
21948
13759
21949
13761
21951
21953
13764
13765
21956
13767
21958
21960
13770
13771
21962
21964
13774
21965
13776
13777
21968
13779
21970
21971
13782
21974
13784
13785
21975
13787
21978
13789
21980
21981
13792
21983
13794
13795
21985
21988
13798
21989
13800
13801
21991
13803
21993
13805
21995
13807
21998
13809
22000
22001
13812
22004
13814
13815
22005
22008
13818
22010
13820
22011
13822
22013
13824
13825
22016
22018
13828
13829
22020
22021
13832
22024
13834
13835
22025
13837
22027
13839
22030
13841
22032
22033
13844
22036
13846
13847
22038
22040
13850
13851
22041
13853
22044
13855
22046
22048
13858
13859
22049
22051
13862
22054
13864
22055
13866
22058
13868
13869
22060
22062
13872
13873
22063
22065
13876
13877
22068
22070
13880
22072
13882
13883
22074
22075
13886
13887
22077
13889
22079
13891
22081
22083
13894
22085
13896
22087
13898
22090
13900
13901
22091
22093
13904
13905
22095
22097
13908
13909
22100
13911
22102
22104
13914
13915
22105
22107
13918
22109
13920
13921
22111
22113
13924
22116
13926
13927
22117
22120
13930
13931
22121
22123
13934
13935
22125
22128
13938
22129
13940
22132
13942
22134
13944
13945
22135
22137
13948
22139
13950
22141
13952
13953
22143
13955
22145
13957
22147
13959
22149
22152
13962
22153
13964
13965
22155
13967
22157
13969
22160
22162
13972
22164
13974
22165
13976
13977
22168
13979
22170
22172
13982
22174
13984
22176
13986
13987
22177
22180
13990
13991
22182
13993
22184
22185
13996
13997
22188
22190
14000
22191
14002
14003
22194
14005
22196
22198
14008
22199
14010
22201
14012
14013
22203
22205
14016
22208
14018
14019
22209
22212
14022
22213
14024
22215
14026
22217
14028
22220
14030
14031
22221
22223
14034
22226
14036
22227
14038
22229
14040
22231
14042
14043
22233
14045
22235
22237
14048
22240
14050
22241
14052
22244
14054
14055
22245
22247
14058
22249
14060
14061
22251
14063
22253
14065
22255
14067
22258
22260
14070
14071
22262
14073
22264
14075
22266
22267
14078
22270
14080
22271
14082
14083
22273
14085
22276
14087
22278
14089
22280
14091
22282
22284
14094
14095
22286
22288
14098
14099
22289
14101
22291
22294
14104
14105
22296
14107
22298
22299
14110
22302
14112
22303
14114
14115
22305
14117
22308
22309
14120
14121
22312
14123
22314
22315
14126
22317
14128
14129
22320
14131
22322
14133
22324
22325
14136
22327
14138
22329
14140
14141
22331
14143
22334
22336
14146
22338
14148
22340
14150
14151
22341
14153
22343
14155
22346
22348
14158
22349
14160
14161
22352
14163
22354
22355
14166
22358
14168
22359
14170
22362
14172
14173
22364
14175
22365
22368
14178
14179
22369
22371
14182
14183
22373
22376
14186
22377
14188
22379
14190
22382
14192
22383
14194
14195
22386
22388
14198
22390
14200
22391
14202
14203
22394
14205
22395
22397
14208
14209
22400
22401
14212
14213
22403
14215
22405
22408
14218
14219
22409
22412
14222
22414
14224
14225
22415
14227
22418
22419
14230
14231
22421
14233
22424
22426
14236
22427
14238
14239
22429
22431
14242
22434
14244
22435
14246
14247
22438
22440
14250
14251
22442
22444
14254
14255
22445
22447
14258
14259
22449
22452
14262
22454
14264
14265
22456
22457
14268
14269
22459
14271
22461
14273
22463
22465
14276
22467
14278
14279
22470
22472
14282
22474
14284
14285
22475
22477
14288
22480
14290
14291
22481
22483
14294
22486
14296
14297
22488
14299
22489
14301
22491
14303
22494
22495
14306
14307
22497
22499
14310
14311
22501
14313
22504
22506
14316
14317
22508
22510
14320
14321
22511
22514
14324
22515
14326
22517
14328
14329
22520
14331
22521
22523
14334
22525
14336
22528
14338
22530
14340
22532
14342
14343
22534
22535
14346
14347
22538
14349
22540
22541
14352
22543
14354
14355
22546
22548
14358
14359
22549
22551
14362
22553
14364
22555
14366
22557
14368
22559
14370
22562
14372
14373
22564
14375
22565
22568
14378
22570
14380
22571
14382
22573
14384
14385
22576
22577
14388
22580
14390
14391
22581
22583
14394
22585
14396
22587
14398
14399
22590
14401
22592
14403
22594
22595
14406
14407
22598
14409
22599
14411
22602
14413
22603
22606
14416
22607
14418
22609
14420
14421
22612
14423
22614
14425
22616
14427
22618
22619
14430
14431
22621
22623
14434
14435
22625
14437
22628
22629
14440
22631
14442
22634
14444
14445
22636
14447
22638
14449
22640
14451
22641
22643
14454
14455
22646
22648
14458
22650
14460
14461
22652
14463
22654
22655
14466
14467
22658
22660
14470
14471
22661
22663
14474
14475
22666
14477
22667
14479
22670
22672
14482
22673
14484
14485
22675
22677
14488
22680
14490
14491
22682
14493
22684
14495
22685
14497
22688
14499
22690
14501
22691
14503
22693
14505
22695
22697
14508
22699
14510
14511
22702
14513
22703
14515
22705
14517
22707
14519
22709
22711
14522
14523
22713
22716
14526
22717
14528
14529
22719
22721
14532
22724
14534
14535
22726
22727
14538
22730
14540
22731
14542
22733
14544
14545
22736
22737
14548
22740
14550
22741
14552
14553
22743
14555
22746
22747
14558
14559
22750
14561
22751
22753
14564
14565
22755
22757
14568
22759
14570
14571
22762
14573
22763
22765
14576
22767
14578
14579
22769
22771
14582
22773
14584
14585
22775
22777
14588
22780
14590
14591
22782
14593
22783
22786
14596
14597
22787
14599
22789
22792
14602
22793
14604
22795
14606
14607
22797
22800
14610
22802
14612
14613
22803
22806
14616
14617
22807
14619
22809
22812
14622
22814
14624
14625
22816
22817
14628
22819
14630
14631
22821
14633
22823
22825
14636
22827
14638
14639
22829
22831
14642
14643
22833
22836
14646
22838
14648
22840
14650
22841
14652
22844
14654
14655
22845
22848
14658
14659
22849
14661
22852
22854
14664
14665
22856
14667
22857
22859
14670
14671
22861
14673
22863
22866
14676
14677
22867
14679
22870
22871
14682
22873
14684
14685
22876
14687
22877
22880
14690
14691
22881
14693
22884
14695
22885
22888
14698
22890
14700
22891
14702
14703
22893
22895
14706
14707
22897
14709
22899
14711
22902
14713
22903
14715
22906
22907
14718
14719
22910
14721
22912
14723
22914
22916
14726
14727
22918
22920
14730
14731
22921
22924
14734
22926
14736
14737
22927
22929
14740
22931
14742
14743
22934
14745
22935
14747
22937
14749
22939
22942
14752
14753
22944
14755
22945
22947
14758
22949
14760
14761
22951
14763
22953
14765
22956
14767
22957
22960
14770
14771
22962
22964
14774
22966
14776
22968
14778
14779
22970
22972
14782
22974
14784
22976
14786
22978
14788
14789
22980
22982
14792
22984
14794
14795
22986
22988
14798
14799
22989
14801
22991
22993
14804
14805
22995
14807
22997
22999
14810
14811
23001
23003
14814
14815
23005
14817
23007
14819
23009
14821
23011
14823
23013
14825
23015
23017
14828
14829
23019
23021
14832
23023
14834
14835
23025
23027
14838
23029
14840
23031
14842
23033
14844
14845
23035
23037
14848
23039
14850
23041
14852
23043
14854
14855
23045
23047
14858
23049
14860
14861
23051
23053
14864
23056
14866
23057
14868
14869
23059
14871
23061
14873
23064
14875
23065
23067
14878
14879
23069
14881
23071
23073
14884
23075
14886
14887
23078
14889
23079
14891
23081
14893
23083
23085
14896
23087
14898
14899
23089
23092
14902
23093
14904
23096
14906
23097
14908
14909
23099
14911
23102
23103
14914
23105
14916
14917
23108
23109
14920
23111
14922
14923
23114
23115
14926
14927
23118
23119
14930
14931
23121
23123
14934
23125
14936
14937
23127
14939
23129
23131
14942
14943
23133
23135
14946
14947
23137
14949
23139
14951
23141
23143
14954
14955
23145
14957
23147
23149
14960
23151
14962
23153
14964
23156
14966
14967
23157
14969
23159
14971
23161
23163
14974
23165
14976
14977
23167
14979
23169
23171
14982
23173
14984
14985
23175
14987
23177
14989
23179
23181
14992
14993
23183
14995
23185
14997
23187
23189
15000
23191
15002
23193
15004
15006
15007
15009
15012
15013
15015
15018
15019
15022
15023
15025
15028
15029
15031
15033
15036
15037
15039
15042
15044
15045
15047
15049
15052
15054
15055
15057
15059
15061
15063
15066
15068
15069
15071
15074
15075
15078
15080
15082
15084
15085
15087
15090
15092
15094
15095
15097
15099
15102
15103
15105
15108
15109
15111
15114
15116
15117
15120
15122
15124
15125
15127
15129
15132
15133
15136
15138
15140
15141
15143
15145
15147
15149
15152
15154
15156
15157
15160
15161
15164
15166
15168
15170
15171
15174
15176
15178
15180
15181
15184
15186
15187
15190
15192
15194
15195
15198
15199
15201
15203
15206
15207
15210
15211
15214
15215
15217
15220
15222
15224
15225
15227
15230
15231
15233
15235
15237
15240
15241
15243
15245
15247
15250
15252
15254
15256
15258
15260
15262
15264
15265
15268
15269
15272
15273
15275
15278
15280
15282
15284
15285
15287
15289
15291
15294
15296
15298
15299
15302
15304
15305
15308
15309
15311
15314
15316
15318
15319
15322
15324
15325
15327
15330
15332
15333
15335
15338
15339
15341
15343
15346
15347
15350
15351
15353
15356
15358
15359
15362
15364
15365
15368
15370
15371
15374
15376
15378
15379
15382
15384
15386
15388
15390
15391
15394
15395
15398
15399
15401
15403
15405
15407
15409
15412
15413
15415
15417
15419
15422
15423
15425
15428
15429
15432
15433
15435
15438
15439
15442
15444
15445
15448
15450
15451
15453
15455
15457
15460
15461
15463
15466
15468
15469
15471
15474
15475
15477
15480
15482
15484
15486
15488
15489
15492
15494
15495
15497
15499
15501
15504
15506
15508
15510
15511
15513
15516
15517
15520
15521
15523
15526
15527
15529
15531
15533
15535
15538
15540
15542
15544
15545
15548
15549
15552
15553
15555
15557
15560
15562
15563
15565
15568
15570
15571
15574
15576
15577
15580
15582
15583
15586
15588
15590
15592
15593
15596
15598
15599
15602
15604
15606
15608
15610
15612
15614
15616
15617
15620
15621
15624
15626
15627
15630
15632
15633
15636
15638
15639
15641
15643
15646
15647
15650
15652
15654
15656
15657
15660
15661
15663
15665
15668
15670
15671
15673
15675
15678
15679
15682
15683
15686
15688
15690
15692
15693
15696
15698
15700
15702
15704
15705
15708
15710
15712
15714
15715
15718
15719
15721
15724
15725
15727
15730
15731
15733
15736
15737
15739
15741
15743
15745
15747
15749
15751
15754
15755
15758
15760
15762
15763
15765
15767
15770
15771
15774
15775
15778
15780
15781
15784
15785
15787
15790
15792
15793
15796
15797
15799
15801
15803
15806
15807
15810
15812
15813
15815
15817
15820
15822
15823
15825
15828
15829
15831
15833
15835
15838
15840
15842
15843
15846
15848
15850
15852
15853
15856
15858
15860
15861
15864
15865
15867
15870
15871
15874
15876
15877
15880
15882
15883
15886
15887
15889
15891
15893
15895
15898
15900
15902
15903
15905
15908
15909
15911
15914
15916
15917
15920
15922
15923
15925
15927
15929
15932
15934
15935
15937
15939
15942
15944
15946
15947
15949
15951
15953
15955
15957
15960
15961
15963
15966
15967
15969
15972
15974
15976
15977
15979
15981
15983
15985
15988
15989
15992
15993
15995
15998
15999
16002
16003
16005
16008
16009
16012
16014
16016
16017
16019
16022
16023
16025
16028
16029
16031
16034
16036
16038
16040
16042
16043
16045
16047
16050
16052
16054
16056
16057
16060
16062
16064
16066
16067
16070
16071
16073
16076
16077
16080
16081
16084
16085
16087
16089
16092
16093
16096
16098
16100
16101
16103
16105
16107
16109
16111
16113
16115
16118
16120
16122
16123
16125
16127
16129
16132
16133
16136
16137
16140
16142
16143
16146
16148
16149
16152
16153
16156
16158
16159
16162
16163
16165
16167
16170
16171
16173
16176
16177
16179
16181
16183
16186
16187
16189
16191
16193
16196
16198
16199
16202
16204
16206
16207
16209
16211
16213
16215
16217
16219
16221
16224
16226
16228
16229
16231
16234
16236
16237
16240
16242
16243
16246
16248
16249
16252
16254
16256
16258
16259
16261
16264
16266
16267
16269
16271
16273
16275
16277
16280
16282
16284
16286
16288
16289
16291
16294
16296
16297
16299
16302
16303
16306
16307
16309
16312
16313
16316
16318
16319
16321
16324
16326
16327
16330
16332
16334
16335
16338
16340
16341
16344
16346
16348
16349
16352
16353
16355
16357
16360
16362
16364
16366
16368
16369
16371
16374
16376
16377
16379
16382
16383
