s vc 23541 12082
1
3
5
7
9
10
12
14
15
17
18
20
22
24
25
27
29
31
33
35
36
37
39
41
43
44
46
47
49
50
52
53
54
56
58
59
61
62
64
66
68
70
72
74
76
77
79
81
83
85
87
89
90
91
93
95
97
100
102
104
107
109
110
111
113
114
116
118
119
121
122
123
124
126
127
129
130
131
132
133
135
137
139
140
142
144
146
147
149
150
152
154
157
158
160
162
164
166
168
169
171
172
174
175
176
178
180
181
183
185
187
189
190
192
194
196
197
199
201
203
205
206
207
209
211
213
215
217
219
221
223
224
226
228
230
232
234
236
238
240
242
244
246
248
249
250
252
253
255
257
259
260
262
264
266
268
270
272
274
276
278
280
282
283
285
287
288
290
292
294
295
297
299
301
303
305
307
309
311
312
314
316
317
318
320
322
323
324
326
328
329
330
331
332
333
335
336
337
339
341
342
343
344
346
347
348
351
353
355
357
359
360
361
363
365
366
368
370
372
373
374
376
378
380
382
383
385
387
388
389
390
392
393
394
395
397
399
400
401
402
403
404
405
406
408
410
412
415
417
419
421
423
425
426
427
428
430
432
434
436
438
440
441
442
444
446
448
449
451
452
454
456
458
459
461
463
465
467
469
470
471
473
475
477
478
480
482
484
486
488
490
492
494
496
498
499
501
503
505
507
508
510
512
514
516
518
520
522
524
526
527
529
531
533
535
537
539
541
543
545
547
548
549
551
552
554
555
556
558
560
562
564
566
568
570
571
573
574
576
578
580
582
584
585
587
588
589
591
593
595
597
598
600
602
603
604
605
606
608
610
612
614
615
617
619
621
622
624
625
627
628
629
631
633
634
636
638
640
642
643
645
647
649
651
653
655
656
658
659
661
662
663
665
667
668
670
672
674
676
678
680
681
683
685
686
688
689
690
691
693
695
697
698
699
700
701
702
704
706
707
708
710
711
712
714
716
717
719
721
723
725
727
729
731
733
735
737
739
741
743
745
746
749
751
752
754
756
757
759
761
763
765
767
769
771
773
775
776
778
779
782
784
787
789
791
793
795
796
798
800
802
803
805
807
808
810
811
813
815
817
819
821
822
824
826
828
830
832
834
835
837
839
841
842
844
846
847
849
850
852
854
856
858
860
862
864
866
868
870
872
874
875
877
879
881
883
885
887
889
891
892
894
896
898
900
902
903
905
906
908
910
911
913
915
917
919
920
922
924
925
927
929
931
933
935
937
938
939
941
943
945
946
947
949
950
951
953
955
957
959
961
963
966
967
969
971
973
975
977
979
981
983
985
987
989
991
993
994
996
998
999
1000
1002
1003
1004
1005
1007
1008
1010
1012
1014
1015
1017
1019
1020
1022
1024
1026
1027
1029
1030
1032
1034
1036
1037
1038
1039
1041
1042
1044
1045
1047
1048
1049
1051
1054
1056
1058
1059
1060
1062
1064
1066
1067
1070
1072
1074
1076
1078
1079
1080
1081
1083
1085
1086
1088
1090
1092
1094
1096
1098
1100
1102
1104
1106
1108
1110
1111
1113
1115
1117
1119
1121
1123
1124
1126
1128
1130
1132
1133
1135
1137
1138
1140
1141
1143
1145
1146
1147
1149
1151
1153
1155
1157
1159
1160
1161
1163
1164
1165
1167
1168
1170
1172
1174
1176
1177
1178
1180
1182
1183
1185
1187
1188
1189
1190
1192
1193
1195
1197
1199
1200
1201
1203
1205
1206
1209
1211
1212
1214
1217
1218
1220
1222
1224
1226
1228
1230
1232
1233
1234
1235
1237
1238
1240
1242
1246
1247
1248
1249
1251
1253
1256
1257
1262
1265
1267
1269
1270
1272
1274
1276
1279
1281
1283
1285
1287
1289
1292
1294
1296
1298
1300
1302
1304
1306
1308
1310
1311
1313
1314
1315
1318
1321
1323
1325
1327
1329
1331
1333
1334
1336
1338
1340
1343
1345
1347
1349
1351
1353
1355
1357
1359
1361
1363
1365
1367
1369
1371
1372
1374
1376
1377
1379
1381
1383
1384
1386
1388
1390
1392
1394
1396
1398
1401
1403
1404
1406
1408
1410
1412
1414
1416
1418
1420
1422
1423
1426
1428
1430
1432
1435
1436
1437
1439
1441
1443
1445
1448
1450
1452
1454
1455
1456
1458
1460
1462
1464
1465
1466
1467
1469
1471
1473
1475
1477
1481
1482
1484
1486
1488
1489
1491
1493
1495
1497
1498
1500
1503
1505
1507
1509
1511
1513
1515
1517
1519
1520
1522
1524
1526
1528
1530
1532
1534
1535
1536
1538
1539
1540
1541
1543
1545
1547
1549
1551
1553
1556
1558
1560
1562
1565
1567
1569
1571
1574
1576
1577
1579
1581
1583
1584
1589
1590
1591
1593
1594
1596
1597
1598
1600
1602
1603
1605
1607
1609
1610
1612
1614
1618
1620
1622
1624
1626
1628
1630
1632
1634
1635
1638
1640
1641
1642
1643
1646
1647
1649
1650
1651
1653
1654
1655
1656
1657
1659
1661
1662
1664
1665
1666
1667
1669
1670
1671
1672
1673
1675
1677
1678
1679
1680
1682
1683
1685
1687
1689
1690
1692
1694
1696
1700
1702
1704
1706
1708
1710
1711
1713
1714
1716
1718
1719
1721
1723
1725
1726
1727
1729
1731
1732
1734
1736
1737
1739
1742
1744
1746
1749
1751
1753
1755
1757
1759
1761
1763
1764
1766
1768
1769
1771
1773
1774
1776
1778
1779
1781
1783
1784
1786
1787
1789
1791
1793
1795
1796
1797
1798
1799
1801
1802
1803
1805
1806
1807
1808
1810
1812
1813
1814
1816
1818
1821
1823
1826
1828
1830
1832
1833
1835
1837
1839
1840
1841
1842
1843
1845
1847
1849
1851
1853
1855
1858
1860
1862
1864
1866
1867
1869
1871
1873
1875
1878
1880
1881
1883
1885
1887
1889
1891
1893
1894
1895
1897
1899
1900
1902
1904
1907
1908
1909
1910
1912
1915
1917
1918
1920
1922
1924
1927
1929
1931
1933
1935
1937
1938
1939
1941
1943
1945
1947
1949
1951
1952
1954
1956
1957
1959
1960
1962
1964
1966
1968
1970
1971
1973
1975
1976
1978
1980
1981
1983
1985
1986
1988
1989
1991
1992
1993
1994
1996
1997
1998
1999
2001
2003
2005
2007
2009
2010
2012
2014
2016
2018
2020
2023
2025
2027
2028
2031
2033
2035
2037
2039
2041
2043
2044
2046
2047
2048
2049
2051
2052
2054
2055
2057
2059
2061
2062
2064
2065
2067
2069
2071
2073
2075
2077
2078
2080
2082
2084
2085
2087
2088
2089
2090
2092
2094
2096
2098
2100
2103
2104
2105
2107
2109
2110
2112
2114
2116
2118
2120
2122
2124
2126
2128
2130
2132
2134
2135
2136
2138
2139
2140
2141
2142
2144
2145
2147
2148
2149
2151
2153
2154
2156
2158
2159
2160
2162
2164
2166
2167
2168
2169
2171
2173
2175
2176
2177
2179
2181
2183
2185
2186
2188
2190
2191
2192
2194
2196
2197
2199
2201
2203
2204
2206
2208
2209
2210
2211
2213
2215
2216
2217
2218
2219
2220
2222
2224
2226
2228
2230
2233
2234
2236
2237
2239
2241
2242
2244
2246
2247
2249
2250
2254
2258
2260
2262
2264
2265
2267
2268
2270
2272
2273
2275
2277
2279
2280
2282
2284
2286
2288
2290
2292
2293
2294
2296
2297
2299
2301
2302
2304
2306
2307
2308
2310
2311
2313
2315
2316
2319
2320
2321
2323
2325
2327
2328
2330
2332
2334
2336
2338
2340
2341
2342
2344
2346
2348
2350
2352
2353
2355
2357
2359
2361
2362
2363
2365
2367
2368
2370
2371
2372
2374
2376
2378
2380
2382
2385
2386
2388
2389
2391
2392
2394
2395
2397
2399
2402
2404
2405
2407
2409
2410
2412
2414
2417
2418
2420
2422
2424
2425
2428
2430
2432
2434
2436
2438
2439
2441
2443
2444
2446
2448
2449
2451
2452
2453
2455
2457
2458
2460
2462
2463
2465
2467
2468
2470
2472
2473
2475
2477
2478
2480
2481
2483
2484
2486
2488
2490
2491
2492
2494
2496
2497
2499
2500
2502
2504
2506
2507
2510
2511
2513
2514
2516
2518
2519
2521
2523
2525
2527
2529
2530
2532
2534
2536
2538
2540
2541
2543
2545
2546
2548
2550
2552
2554
2555
2557
2559
2561
2563
2564
2566
2568
2570
2572
2574
2576
2578
2580
2582
2584
2585
2586
2588
2591
2593
2595
2598
2600
2602
2604
2606
2608
2610
2612
2614
2616
2618
2619
2621
2622
2624
2626
2627
2629
2631
2633
2635
2636
2637
2639
2641
2644
2646
2648
2649
2651
2653
2655
2657
2659
2661
2662
2663
2665
2667
2669
2670
2672
2673
2674
2675
2677
2679
2681
2682
2684
2686
2688
2690
2693
2694
2696
2697
2698
2699
2702
2704
2705
2706
2707
2708
2709
2710
2711
2712
2713
2714
2715
2716
2718
2720
2722
2723
2724
2725
2727
2729
2732
2734
2736
2737
2739
2741
2743
2745
2747
2748
2749
2750
2752
2754
2756
2757
2759
2760
2761
2763
2764
2766
2768
2772
2773
2774
2776
2778
2779
2781
2783
2785
2786
2788
2789
2791
2792
2793
2795
2797
2798
2799
2801
2804
2806
2808
2810
2812
2813
2814
2815
2817
2818
2820
2823
2825
2827
2828
2830
2832
2834
2835
2837
2839
2841
2843
2844
2846
2847
2849
2851
2853
2855
2857
2859
2861
2863
2865
2867
2869
2871
2872
2873
2875
2876
2877
2879
2881
2883
2885
2886
2887
2889
2890
2892
2894
2896
2898
2900
2902
2904
2906
2908
2910
2912
2914
2916
2917
2919
2920
2922
2923
2925
2926
2927
2929
2931
2932
2934
2936
2938
2940
2942
2943
2945
2947
2949
2951
2952
2953
2955
2957
2959
2961
2962
2963
2964
2965
2967
2969
2971
2972
2973
2974
2976
2978
2980
2981
2982
2984
2986
2987
2988
2990
2992
2994
2996
2998
3000
3001
3003
3005
3007
3009
3010
3012
3013
3014
3015
3016
3018
3020
3021
3023
3026
3028
3030
3032
3033
3035
3037
3039
3040
3042
3044
3047
3049
3051
3053
3056
3058
3060
3061
3063
3065
3067
3069
3070
3072
3073
3075
3077
3079
3081
3083
3084
3086
3087
3090
3092
3093
3095
3097
3099
3101
3103
3105
3107
3109
3111
3112
3113
3114
3117
3120
3122
3124
3127
3129
3131
3133
3135
3137
3138
3140
3142
3143
3145
3146
3147
3149
3151
3154
3156
3158
3160
3162
3164
3166
3168
3170
3172
3174
3176
3178
3180
3182
3184
3186
3188
3190
3192
3194
3196
3198
3200
3202
3203
3205
3207
3209
3211
3213
3215
3216
3218
3219
3220
3221
3222
3224
3225
3228
3229
3234
3236
3238
3240
3242
3243
3245
3247
3249
3251
3252
3254
3256
3258
3259
3262
3264
3265
3266
3268
3270
3272
3274
3276
3278
3280
3282
3284
3286
3288
3289
3291
3293
3295
3298
3299
3300
3303
3305
3307
3309
3310
3312
3314
3316
3318
3320
3322
3324
3327
3329
3331
3333
3335
3337
3341
3342
3344
3346
3347
3350
3351
3353
3355
3357
3359
3361
3363
3366
3368
3370
3372
3373
3375
3376
3377
3379
3380
3382
3384
3386
3388
3389
3391
3393
3395
3396
3399
3400
3402
3404
3406
3408
3410
3411
3413
3415
3417
3419
3421
3423
3425
3427
3429
3430
3432
3434
3435
3437
3438
3439
3441
3443
3444
3446
3448
3450
3451
3453
3455
3457
3459
3460
3462
3464
3466
3467
3469
3472
3473
3475
3477
3478
3480
3482
3484
3486
3487
3488
3490
3492
3494
3496
3498
3500
3501
3503
3505
3507
3510
3514
3516
3518
3520
3521
3522
3524
3526
3527
3529
3531
3532
3534
3536
3538
3539
3541
3543
3545
3547
3548
3550
3552
3555
3556
3558
3559
3561
3563
3564
3565
3567
3569
3571
3572
3574
3576
3578
3580
3582
3584
3587
3589
3592
3594
3596
3598
3599
3601
3603
3605
3607
3608
3610
3611
3612
3614
3615
3617
3619
3621
3623
3624
3626
3628
3630
3632
3633
3635
3636
3637
3638
3640
3643
3644
3645
3647
3648
3649
3650
3652
3653
3654
3656
3657
3658
3660
3662
3663
3665
3667
3668
3670
3672
3674
3676
3677
3680
3681
3683
3685
3687
3688
3691
3693
3695
3696
3698
3699
3701
3703
3705
3707
3709
3710
3712
3714
3715
3717
3718
3720
3722
3723
3725
3727
3728
3730
3732
3734
3737
3739
3740
3742
3744
3747
3748
3750
3752
3753
3755
3756
3757
3759
3760
3761
3763
3766
3767
3769
3770
3772
3774
3775
3777
3778
3780
3782
3784
3786
3787
3788
3790
3793
3794
3796
3798
3800
3802
3804
3805
3806
3808
3810
3812
3814
3816
3817
3819
3823
3825
3827
3829
3831
3833
3835
3836
3838
3840
3841
3843
3844
3845
3846
3847
3850
3852
3854
3857
3858
3860
3861
3862
3863
3864
3867
3869
3872
3874
3876
3878
3879
3881
3883
3885
3887
3889
3890
3892
3894
3895
3897
3899
3901
3903
3905
3907
3908
3910
3911
3913
3914
3915
3916
3918
3919
3923
3925
3926
3927
3928
3931
3933
3935
3938
3940
3943
3945
3947
3952
3954
3956
3958
3960
3961
3963
3965
3967
3968
3970
3972
3974
3975
3976
3977
3979
3980
3982
3983
3985
3987
3989
3991
3992
3994
3996
3997
3999
4001
4003
4005
4007
4009
4011
4012
4013
4016
4022
4024
4025
4027
4028
4030
4032
4034
4036
4038
4040
4042
4043
4046
4051
4053
4055
4056
4057
4059
4061
4063
4065
4067
4068
4069
4070
4071
4073
4075
4076
4077
4079
4081
4083
4085
4086
4088
4090
4091
4095
4097
4099
4102
4103
4105
4106
4107
4109
4110
4112
4113
4114
4116
4118
4120
4122
4124
4126
4127
4130
4132
4134
4135
4137
4139
4141
4143
4145
4147
4149
4151
4153
4155
4157
4160
4162
4163
4165
4166
4168
4170
4171
4173
4175
4177
4179
4181
4183
4184
4185
4186
4188
4190
4192
4193
4196
4198
4199
4200
4201
4202
4203
4205
4207
4209
4211
4214
4216
4218
4221
4223
4224
4225
4226
4227
4228
4229
4231
4233
4235
4236
4237
4239
4241
4243
4245
4246
4249
4251
4252
4253
4255
4257
4259
4260
4261
4263
4264
4266
4268
4271
4275
4277
4279
4281
4283
4288
4289
4291
4293
4294
4296
4298
4300
4302
4304
4306
4308
4311
4313
4315
4317
4319
4321
4323
4325
4327
4329
4331
4333
4334
4336
4337
4338
4340
4341
4342
4344
4345
4346
4348
4349
4351
4354
4355
4356
4358
4360
4361
4363
4364
4365
4367
4369
4371
4373
4375
4377
4379
4381
4383
4385
4387
4389
4390
4392
4393
4395
4397
4399
4400
4402
4403
4405
4407
4408
4410
4411
4413
4415
4417
4419
4421
4423
4425
4427
4429
4431
4432
4434
4436
4438
4440
4442
4444
4446
4448
4450
4452
4455
4456
4458
4460
4462
4463
4465
4466
4468
4470
4472
4474
4476
4477
4479
4481
4482
4484
4485
4486
4487
4488
4490
4492
4493
4494
4496
4498
4499
4500
4502
4503
4504
4505
4507
4508
4510
4512
4513
4515
4517
4518
4519
4520
4522
4524
4526
4527
4529
4530
4531
4533
4535
4537
4539
4540
4541
4542
4544
4545
4546
4547
4549
4551
4552
4554
4556
4557
4559
4560
4561
4563
4565
4567
4569
4572
4574
4576
4578
4580
4581
4583
4585
4586
4587
4588
4590
4591
4594
4596
4597
4599
4600
4602
4606
4609
4610
4611
4612
4615
4617
4619
4620
4622
4624
4626
4628
4630
4632
4634
4636
4638
4640
4642
4643
4645
4647
4648
4651
4652
4653
4655
4657
4659
4661
4662
4664
4666
4668
4670
4672
4674
4677
4679
4680
4682
4684
4685
4686
4688
4690
4691
4692
4694
4696
4698
4699
4701
4706
4708
4710
4711
4714
4715
4717
4719
4720
4722
4724
4726
4728
4730
4733
4735
4736
4738
4739
4741
4742
4744
4746
4747
4749
4751
4753
4755
4757
4759
4761
4763
4765
4767
4768
4769
4771
4772
4774
4775
4777
4778
4780
4782
4784
4785
4787
4792
4794
4796
4798
4800
4802
4803
4805
4807
4809
4811
4813
4815
4817
4819
4821
4823
4825
4827
4829
4831
4832
4834
4836
4838
4840
4842
4843
4845
4846
4847
4849
4851
4853
4855
4856
4858
4860
4861
4863
4864
4866
4868
4869
4871
4873
4875
4877
4880
4882
4885
4887
4889
4891
4893
4895
4897
4899
4900
4902
4904
4905
4906
4908
4909
4911
4913
4915
4916
4918
4919
4921
4923
4924
4926
4928
4930
4933
4934
4936
4937
4939
4941
4943
4944
4946
4947
4948
4949
4951
4953
4955
4958
4960
4961
4962
4964
4966
4968
4970
4972
4974
4976
4978
4981
4983
4984
4987
4989
4992
4995
4996
4997
5000
5001
5003
5005
5007
5009
5011
5013
5015
5017
5018
5020
5022
5024
5026
5027
5028
5030
5032
5034
5036
5038
5040
5041
5043
5045
5047
5049
5051
5052
5054
5056
5058
5060
5062
5064
5066
5068
5070
5071
5073
5075
5077
5078
5080
5082
5084
5086
5088
5090
5094
5095
5096
5097
5099
5101
5103
5104
5106
5108
5109
5111
5113
5115
5117
5118
5120
5122
5123
5125
5127
5128
5129
5130
5131
5133
5136
5138
5140
5142
5144
5146
5148
5152
5154
5156
5158
5160
5162
5164
5166
5169
5171
5174
5176
5178
5180
5182
5186
5188
5191
5193
5195
5197
5199
5202
5204
5206
5208
5210
5212
5213
5216
5217
5218
5219
5221
5223
5224
5225
5227
5228
5230
5232
5233
5234
5236
5237
5238
5240
5242
5243
5245
5247
5249
5251
5253
5255
5257
5259
5261
5262
5263
5265
5267
5269
5271
5275
5277
5279
5282
5284
5285
5286
5288
5289
5291
5293
5294
5295
5297
5299
5300
5303
5304
5305
5307
5309
5311
5315
5317
5319
5321
5324
5326
5328
5330
5333
5335
5337
5339
5340
5342
5343
5345
5346
5356
5358
5359
5360
5362
5363
5365
5367
5369
5370
5371
5373
5375
5377
5379
5381
5383
5385
5388
5389
5390
5392
5394
5396
5398
5400
5402
5404
5406
5409
5410
5412
5414
5415
5416
5418
5420
5421
5423
5424
5426
5428
5430
5431
5433
5435
5437
5439
5441
5442
5444
5445
5446
5448
5450
5451
5453
5455
5457
5459
5460
5461
5462
5464
5466
5468
5469
5471
5473
5475
5477
5478
5479
5481
5482
5484
5486
5487
5489
5491
5493
5495
5496
5497
5498
5500
5502
5504
5505
5507
5509
5511
5513
5515
5516
5518
5519
5521
5523
5524
5525
5526
5528
5530
5532
5534
5536
5538
5540
5542
5543
5545
5547
5549
5550
5551
5553
5555
5557
5559
5560
5561
5563
5565
5567
5568
5570
5572
5574
5576
5578
5580
5582
5584
5586
5588
5590
5592
5594
5596
5597
5599
5601
5603
5605
5607
5609
5611
5613
5615
5617
5618
5620
5621
5622
5624
5626
5628
5630
5632
5634
5636
5638
5640
5642
5644
5645
5646
5648
5650
5652
5654
5655
5657
5659
5660
5662
5663
5665
5667
5668
5669
5671
5673
5675
5677
5679
5681
5683
5684
5686
5688
5689
5691
5693
5695
5696
5698
5699
5701
5703
5705
5707
5709
5711
5713
5714
5716
5718
5719
5721
5724
5726
5727
5729
5731
5733
5735
5738
5739
5741
5742
5746
5747
5748
5750
5752
5754
5756
5758
5759
5760
5762
5764
5765
5766
5768
5770
5772
5774
5776
5777
5779
5781
5783
5785
5787
5788
5790
5792
5794
5796
5798
5800
5802
5804
5806
5808
5810
5812
5814
5817
5819
5821
5823
5825
5827
5828
5830
5832
5836
5838
5839
5840
5842
5844
5846
5848
5849
5851
5852
5855
5857
5860
5862
5863
5864
5866
5867
5869
5870
5873
5875
5876
5879
5881
5882
5884
5886
5887
5889
5890
5891
5893
5895
5897
5900
5902
5903
5905
5907
5909
5910
5911
5913
5914
5915
5916
5918
5920
5922
5924
5925
5926
5927
5929
5931
5933
5935
5936
5937
5939
5941
5944
5946
5948
5950
5952
5954
5956
5958
5960
5961
5963
5965
5967
5969
5971
5973
5975
5977
5979
5981
5983
5985
5987
5988
5989
5991
5993
5995
5997
5998
6000
6002
6004
6007
6008
6010
6012
6014
6020
6022
6024
6026
6028
6029
6031
6033
6035
6037
6038
6040
6042
6043
6045
6047
6049
6051
6053
6055
6057
6059
6060
6062
6064
6066
6067
6069
6071
6073
6074
6076
6077
6078
6080
6082
6084
6086
6088
6090
6091
6093
6094
6095
6098
6100
6102
6104
6106
6108
6110
6113
6114
6115
6117
6118
6120
6122
6123
6125
6127
6129
6131
6133
6135
6137
6139
6141
6143
6145
6147
6149
6150
6151
6153
6155
6157
6158
6159
6160
6162
6165
6169
6172
6174
6176
6179
6181
6183
6185
6187
6189
6191
6192
6195
6197
6198
6200
6202
6204
6206
6209
6210
6212
6214
6215
6216
6217
6219
6221
6223
6225
6227
6228
6230
6231
6234
6235
6236
6238
6240
6242
6244
6246
6248
6249
6250
6253
6255
6256
6258
6260
6262
6264
6266
6267
6269
6271
6272
6274
6276
6277
6279
6280
6282
6284
6286
6288
6289
6290
6291
6293
6295
6296
6297
6299
6301
6303
6305
6307
6309
6310
6312
6314
6316
6319
6322
6324
6326
6328
6330
6331
6332
6334
6335
6337
6339
6340
6341
6343
6345
6347
6348
6350
6351
6353
6355
6356
6359
6361
6363
6365
6367
6369
6371
6373
6375
6377
6379
6381
6383
6385
6387
6389
6391
6393
6395
6397
6399
6401
6402
6404
6406
6408
6410
6412
6413
6414
6416
6417
6419
6421
6423
6425
6427
6429
6432
6437
6439
6440
6442
6443
6445
6447
6449
6450
6452
6456
6458
6459
6461
6463
6464
6466
6468
6470
6472
6474
6476
6478
6479
6481
6483
6485
6487
6489
6491
6493
6494
6496
6498
6500
6502
6504
6506
6508
6511
6512
6514
6516
6518
6520
6522
6524
6526
6528
6530
6532
6535
6537
6539
6541
6543
6545
6547
6551
6553
6555
6557
6559
6561
6563
6565
6568
6569
6571
6572
6574
6576
6577
6578
6582
6584
6586
6588
6590
6592
6594
6595
6597
6599
6601
6603
6604
6606
6610
6612
6613
6615
6617
6620
6622
6624
6627
6628
6630
6632
6633
6635
6637
6639
6640
6642
6644
6646
6649
6650
6652
6653
6655
6657
6659
6660
6662
6663
6665
6667
6669
6670
6674
6676
6678
6680
6681
6683
6685
6686
6688
6689
6690
6692
6693
6696
6698
6700
6703
6704
6707
6709
6711
6712
6714
6716
6718
6721
6723
6725
6727
6729
6731
6733
6735
6736
6738
6740
6742
6744
6745
6747
6749
6751
6753
6755
6757
6759
6761
6762
6764
6765
6767
6769
6771
6772
6774
6776
6778
6780
6782
6784
6785
6787
6791
6792
6794
6796
6798
6800
6803
6805
6807
6808
6809
6810
6812
6814
6816
6818
6820
6822
6824
6825
6827
6829
6830
6832
6833
6835
6836
6838
6839
6840
6842
6844
6846
6848
6850
6853
6856
6857
6860
6862
6864
6865
6868
6870
6871
6873
6875
6877
6878
6880
6882
6884
6885
6887
6889
6891
6893
6895
6897
6899
6901
6902
6903
6905
6907
6908
6911
6912
6914
6916
6918
6920
6922
6924
6926
6927
6930
6931
6934
6936
6938
6939
6940
6942
6944
6946
6953
6955
6957
6959
6961
6963
6966
6968
6970
6971
6972
6973
6974
6976
6977
6978
6980
6982
6984
6986
6988
6989
6990
6992
6993
6995
6997
6999
7000
7002
7003
7006
7007
7010
7012
7014
7016
7018
7020
7023
7025
7027
7029
7030
7032
7033
7034
7035
7037
7038
7040
7041
7042
7044
7046
7048
7050
7051
7052
7054
7055
7056
7058
7060
7061
7063
7065
7066
7067
7069
7071
7072
7073
7074
7076
7078
7080
7081
7082
7083
7084
7086
7088
7090
7092
7094
7096
7098
7100
7101
7103
7104
7106
7108
7110
7112
7113
7114
7115
7117
7118
7119
7121
7123
7125
7127
7129
7131
7133
7135
7136
7139
7140
7141
7142
7144
7146
7148
7149
7151
7152
7153
7155
7156
7158
7159
7162
7165
7169
7171
7172
7176
7178
7179
7181
7182
7184
7186
7188
7190
7192
7194
7196
7198
7199
7201
7202
7204
7206
7208
7209
7211
7212
7215
7217
7218
7223
7225
7229
7232
7234
7236
7238
7242
7243
7244
7246
7248
7250
7251
7252
7254
7255
7257
7259
7262
7264
7265
7267
7269
7271
7273
7275
7277
7279
7280
7281
7282
7283
7285
7287
7288
7290
7292
7295
7297
7298
7299
7301
7303
7305
7306
7308
7309
7311
7314
7316
7318
7320
7321
7323
7324
7326
7328
7330
7331
7332
7333
7335
7337
7338
7340
7342
7344
7346
7347
7349
7351
7354
7355
7356
7358
7361
7363
7366
7368
7370
7372
7376
7378
7380
7382
7384
7386
7388
7389
7391
7392
7394
7396
7398
7400
7402
7405
7407
7409
7411
7413
7415
7417
7419
7421
7423
7425
7427
7429
7430
7432
7434
7435
7437
7439
7441
7443
7445
7447
7448
7449
7451
7452
7454
7456
7458
7460
7462
7464
7466
7470
7471
7473
7475
7477
7479
7481
7482
7483
7485
7487
7489
7490
7492
7494
7496
7498
7500
7502
7504
7505
7506
7508
7510
7512
7514
7516
7518
7520
7522
7523
7524
7526
7528
7529
7531
7533
7535
7536
7538
7539
7541
7543
7544
7545
7547
7549
7550
7551
7553
7554
7556
7557
7559
7561
7563
7566
7568
7570
7571
7573
7574
7576
7578
7579
7581
7582
7584
7586
7588
7590
7593
7595
7597
7599
7601
7603
7605
7607
7609
7611
7612
7614
7616
7618
7620
7622
7624
7625
7626
7628
7630
7632
7634
7636
7637
7639
7640
7642
7643
7644
7646
7648
7649
7652
7654
7656
7658
7660
7662
7664
7665
7667
7669
7671
7673
7675
7677
7679
7681
7684
7686
7687
7689
7691
7693
7695
7697
7699
7700
7702
7704
7706
7707
7709
7711
7714
7716
7718
7720
7722
7723
7725
7727
7730
7732
7733
7735
7737
7740
7742
7743
7746
7748
7750
7752
7753
7755
7757
7759
7761
7762
7763
7765
7766
7768
7769
7771
7773
7774
7776
7777
7779
7781
7783
7784
7787
7789
7791
7793
7794
7796
7798
7800
7802
7803
7804
7806
7807
7809
7811
7813
7815
7818
7819
7820
7821
7823
7825
7827
7828
7830
7832
7833
7834
7836
7838
7839
7840
7841
7842
7843
7845
7847
7848
7849
7850
7852
7855
7857
7858
7860
7862
7864
7866
7867
7869
7871
7872
7875
7876
7878
7884
7886
7890
7892
7893
7894
7895
7897
7899
7901
7902
7904
7907
7909
7910
7911
7913
7915
7917
7919
7921
7923
7925
7927
7928
7930
7932
7934
7936
7938
7939
7941
7943
7945
7946
7947
7949
7951
7953
7954
7956
7958
7959
7961
7963
7965
7967
7969
7972
7974
7975
7976
7977
7979
7981
7982
7983
7985
7987
7988
7989
7991
7993
7995
7996
7998
8000
8001
8002
8003
8005
8007
8012
8015
8017
8019
8021
8024
8026
8028
8029
8030
8031
8032
8035
8036
8038
8040
8041
8044
8045
8046
8048
8050
8052
8054
8057
8058
8060
8061
8063
8064
8065
8066
8068
8070
8071
8073
8076
8078
8079
8081
8082
8084
8087
8089
8091
8093
8095
8097
8099
8101
8103
8105
8107
8109
8112
8113
8115
8117
8119
8120
8121
8123
8126
8128
8129
8130
8131
8132
8133
8135
8137
8138
8140
8142
8144
8146
8147
8149
8150
8153
8155
8157
8159
8162
8164
8166
8168
8170
8172
8174
8176
8180
8181
8183
8186
8188
8191
8192
8193
8194
8195
8196
8197
8198
8200
8202
8205
8207
8210
8213
8215
8218
8219
8220
8222
8224
8226
8227
8230
8233
8235
8236
8239
8240
8244
8246
8247
8249
8251
8255
8257
8260
8261
8263
8265
8267
8270
8271
8274
8275
8277
8278
8280
8282
8284
8285
8287
8289
8292
8295
8297
8300
8302
8303
8305
8306
8307
8309
8311
8313
8315
8317
8319
8321
8322
8324
8326
8327
8329
8331
8333
8335
8337
8338
8339
8341
8343
8345
8346
8348
8349
8351
8353
8355
8357
8358
8361
8362
8364
8365
8367
8370
8372
8374
8377
8379
8381
8383
8385
8386
8388
8390
8392
8394
8396
8398
8400
8401
8403
8405
8411
8413
8415
8417
8419
8421
8423
8425
8427
8428
8430
8432
8434
8436
8438
8440
8443
8446
8448
8449
8451
8453
8454
8456
8458
8461
8462
8463
8464
8465
8466
8468
8469
8471
8472
8474
8475
8478
8480
8482
8484
8486
8487
8489
8490
8492
8493
8494
8496
8498
8500
8501
8502
8503
8504
8506
8508
8509
8510
8512
8514
8515
8516
8518
8520
8522
8525
8527
8529
8531
8533
8534
8536
8538
8539
8541
8542
8544
8546
8548
8549
8551
8552
8554
8556
8558
8560
8561
8563
8564
8566
8568
8569
8571
8573
8575
8576
8578
8580
8581
8583
8585
8586
8588
8590
8592
8594
8596
8597
8599
8601
8603
8604
8606
8608
8609
8611
8613
8615
8616
8618
8619
8620
8622
8623
8624
8625
8627
8629
8630
8631
8632
8633
8635
8636
8639
8640
8641
8643
8644
8645
8646
8648
8649
8651
8653
8655
8656
8658
8659
8660
8662
8664
8666
8668
8670
8672
8674
8676
8678
8679
8680
8682
8683
8685
8687
8688
8690
8692
8694
8696
8698
8700
8702
8704
8706
8707
8708
8710
8712
8714
8716
8718
8720
8722
8725
8729
8731
8733
8735
8736
8739
8742
8743
8744
8745
8746
8748
8749
8750
8752
8754
8755
8758
8762
8764
8766
8768
8771
8773
8775
8777
8779
8781
8783
8786
8788
8789
8791
8793
8795
8797
8799
8801
8803
8805
8807
8808
8810
8811
8812
8814
8815
8816
8818
8820
8822
8824
8826
8828
8830
8832
8833
8835
8838
8839
8841
8843
8846
8847
8849
8851
8855
8857
8860
8862
8865
8867
8869
8870
8872
8874
8876
8878
8879
8881
8883
8885
8887
8888
8889
8890
8892
8893
8895
8897
8899
8901
8903
8904
8906
8908
8910
8912
8914
8916
8918
8920
8922
8924
8929
8931
8933
8935
8937
8941
8942
8945
8947
8949
8951
8953
8957
8959
8961
8962
8963
8965
8966
8968
8970
8972
8974
8976
8977
8979
8982
8984
8986
8988
8990
8991
8992
8993
8994
8996
9000
9002
9005
9009
9011
9014
9016
9018
9019
9021
9024
9026
9027
9028
9030
9032
9033
9035
9038
9040
9042
9044
9045
9046
9048
9050
9052
9053
9055
9057
9059
9063
9065
9066
9068
9070
9072
9074
9075
9077
9079
9081
9084
9086
9092
9094
9096
9098
9100
9102
9104
9106
9108
9110
9112
9114
9116
9119
9121
9123
9125
9127
9129
9131
9133
9135
9136
9138
9140
9142
9144
9146
9148
9150
9152
9154
9156
9158
9160
9161
9165
9167
9169
9172
9175
9176
9178
9179
9180
9186
9189
9191
9194
9196
9198
9201
9202
9204
9206
9208
9210
9211
9213
9215
9217
9219
9221
9223
9225
9228
9229
9233
9234
9236
9237
9238
9240
9242
9244
9246
9247
9249
9250
9253
9255
9257
9259
9261
9263
9264
9265
9266
9268
9270
9271
9272
9274
9276
9278
9280
9283
9285
9287
9289
9291
9295
9297
9300
9302
9304
9306
9310
9311
9313
9315
9317
9322
9325
9327
9330
9331
9332
9334
9336
9337
9338
9340
9343
9345
9347
9350
9352
9355
9357
9358
9360
9361
9363
9365
9367
9368
9370
9373
9375
9378
9379
9381
9383
9385
9387
9389
9391
9393
9395
9399
9401
9403
9405
9407
9409
9410
9412
9414
9416
9418
9420
9422
9424
9426
9429
9431
9433
9435
9437
9438
9440
9442
9444
9445
9448
9452
9454
9456
9458
9460
9462
9464
9465
9467
9469
9471
9472
9474
9475
9485
9487
9492
9494
9496
9498
9500
9501
9503
9505
9507
9509
9511
9513
9514
9517
9519
9521
9524
9525
9526
9528
9530
9532
9534
9536
9538
9540
9542
9543
9544
9547
9548
9550
9552
9554
9557
9559
9561
9563
9565
9567
9568
9570
9572
9573
9574
9576
9577
9579
9580
9582
9583
9585
9588
9590
9592
9594
9596
9598
9600
9602
9604
9606
9608
9609
9611
9613
9615
9617
9619
9621
9623
9625
9627
9629
9631
9633
9635
9637
9638
9640
9641
9643
9645
9647
9648
9650
9652
9654
9655
9657
9658
9660
9661
9663
9666
9668
9670
9672
9674
9675
9676
9677
9678
9679
9680
9681
9683
9684
9685
9687
9689
9691
9693
9695
9697
9699
9701
9702
9705
9707
9708
9710
9712
9713
9715
9717
9719
9720
9721
9724
9726
9728
9729
9730
9732
9734
9737
9739
9741
9743
9745
9747
9749
9750
9751
9752
9754
9756
9758
9760
9762
9763
9764
9766
9768
9770
9771
9773
9774
9776
9778
9780
9782
9784
9785
9787
9788
9789
9790
9792
9794
9796
9799
9801
9803
9804
9808
9809
9810
9812
9813
9815
9817
9819
9821
9823
9825
9827
9829
9832
9833
9836
9838
9839
9841
9843
9845
9847
9849
9851
9853
9855
9857
9860
9863
9865
9867
9869
9871
9873
9875
9878
9880
9883
9885
9887
9889
9891
9893
9894
9896
9897
9899
9901
9903
9905
9907
9909
9910
9912
9913
9914
9916
9918
9919
9921
9922
9924
9929
9930
9932
9933
9935
9939
9941
9943
9944
9946
9950
9954
9955
9957
9959
9960
9962
9964
9966
9968
9970
9971
9973
9975
9977
9979
9981
9983
9985
9986
9988
9989
9992
9993
9995
9997
9998
10000
10002
10003
10005
10007
10009
10011
10013
10014
10016
10018
10020
10021
10022
10023
10025
10028
10029
10031
10033
10034
10036
10038
10040
10041
10044
10046
10047
10049
10050
10052
10054
10056
10057
10059
10061
10063
10065
10066
10068
10070
10072
10073
10075
10077
10080
10083
10084
10086
10088
10090
10092
10094
10096
10100
10102
10104
10112
10114
10116
10118
10122
10123
10124
10126
10128
10129
10130
10132
10133
10135
10136
10137
10141
10143
10145
10146
10149
10150
10152
10154
10156
10158
10161
10163
10165
10167
10169
10171
10173
10175
10177
10179
10181
10183
10185
10186
10188
10190
10192
10193
10195
10196
10198
10200
10202
10204
10205
10207
10209
10211
10213
10215
10217
10219
10221
10223
10225
10227
10229
10231
10233
10235
10237
10240
10242
10243
10245
10247
10249
10251
10253
10255
10257
10259
10262
10263
10265
10267
10269
10274
10275
10277
10279
10281
10283
10286
10288
10290
10292
10294
10296
10298
10300
10302
10304
10306
10309
10311
10312
10314
10315
10317
10320
10326
10328
10330
10332
10333
10335
10337
10339
10341
10343
10345
10347
10349
10351
10353
10355
10358
10359
10361
10363
10364
10366
10368
10369
10371
10373
10376
10377
10378
10380
10382
10383
10385
10388
10390
10391
10393
10394
10395
10397
10398
10400
10402
10405
10407
10408
10410
10414
10416
10419
10421
10423
10424
10426
10427
10430
10431
10432
10434
10435
10437
10439
10441
10444
10446
10448
10450
10452
10454
10456
10457
10459
10460
10462
10463
10464
10468
10470
10472
10474
10476
10478
10480
10483
10485
10488
10490
10492
10493
10495
10496
10498
10500
10501
10503
10505
10507
10509
10511
10513
10516
10517
10518
10519
10520
10521
10522
10524
10526
10527
10530
10531
10533
10535
10536
10538
10540
10542
10543
10545
10547
10549
10551
10553
10555
10558
10561
10563
10565
10566
10568
10570
10572
10574
10575
10576
10581
10583
10585
10587
10589
10591
10593
10595
10597
10599
10601
10603
10605
10607
10609
10611
10613
10615
10618
10620
10622
10624
10626
10628
10630
10631
10632
10634
10635
10637
10638
10640
10642
10646
10648
10650
10651
10653
10655
10658
10659
10661
10663
10665
10667
10668
10669
10670
10673
10674
10676
10678
10680
10681
10683
10686
10687
10689
10691
10693
10695
10697
10699
10701
10703
10705
10707
10709
10711
10713
10715
10716
10718
10719
10720
10721
10723
10728
10731
10732
10733
10734
10735
10737
10740
10742
10743
10746
10748
10749
10752
10753
10755
10757
10758
10760
10762
10765
10767
10769
10771
10773
10774
10776
10779
10781
10783
10785
10787
10789
10791
10793
10795
10797
10801
10803
10805
10806
10808
10810
10811
10813
10815
10817
10821
10823
10824
10826
10828
10832
10834
10836
10837
10839
10841
10844
10845
10846
10849
10850
10852
10854
10856
10859
10861
10863
10866
10868
10870
10872
10874
10876
10878
10880
10882
10885
10887
10889
10891
10893
10894
10896
10898
10899
10900
10907
10909
10910
10911
10913
10915
10917
10918
10920
10922
10923
10925
10927
10928
10930
10932
10934
10936
10938
10940
10942
10943
10946
10948
10950
10952
10954
10956
10958
10960
10962
10964
10966
10968
10970
10972
10974
10975
10977
10980
10982
10984
10985
10987
10989
10990
10992
10994
10997
10999
11001
11003
11005
11007
11008
11009
11011
11013
11015
11017
11019
11021
11023
11025
11027
11030
11032
11034
11037
11039
11041
11044
11046
11048
11050
11053
11055
11058
11060
11062
11064
11065
11066
11067
11069
11070
11072
11073
11075
11077
11079
11081
11085
11087
11089
11090
11092
11094
11095
11097
11098
11101
11103
11105
11107
11109
11111
11113
11115
11119
11125
11127
11128
11130
11132
11134
11136
11138
11139
11141
11142
11144
11146
11148
11149
11150
11152
11154
11155
11156
11158
11159
11160
11162
11164
11166
11168
11169
11171
11173
11174
11177
11179
11181
11183
11185
11187
11188
11191
11193
11195
11197
11198
11200
11201
11203
11205
11208
11210
11213
11214
11216
11218
11220
11224
11225
11229
11231
11235
11236
11238
11239
11241
11243
11245
11246
11248
11250
11252
11255
11258
11259
11262
11264
11265
11268
11270
11272
11273
11275
11277
11279
11280
11282
11284
11286
11287
11288
11289
11290
11291
11293
11294
11296
11297
11298
11300
11302
11308
11309
11311
11312
11315
11317
11319
11321
11323
11325
11326
11328
11330
11331
11332
11334
11337
11339
11341
11343
11346
11348
11349
11351
11352
11354
11355
11357
11358
11362
11364
11366
11367
11369
11371
11372
11374
11377
11379
11381
11383
11385
11387
11388
11389
11391
11392
11394
11396
11398
11399
11400
11403
11405
11407
11408
11410
11412
11413
11414
11416
11417
11420
11421
11423
11425
11427
11429
11430
11432
11435
11437
11439
11441
11443
11445
11447
11448
11452
11453
11455
11457
11459
11461
11463
11465
11467
11469
11471
11473
11475
11477
11479
11481
11483
11485
11486
11488
11490
11491
11492
11493
11495
11496
11499
11501
11503
11504
11506
11508
11510
11512
11513
11514
11515
11516
11517
11519
11521
11523
11525
11526
11527
11529
11531
11533
11535
11537
11539
11541
11542
11544
11546
11547
11550
11552
11553
11555
11557
11558
11560
11562
11564
11566
11568
11570
11572
11573
11575
11577
11579
11580
11582
11584
11586
11588
11590
11591
11592
11594
11596
11598
11600
11602
11604
11605
11607
11609
11611
11613
11615
11617
11619
11620
11622
11624
11626
11628
11630
11633
11635
11637
11639
11641
11642
11643
11644
11646
11647
11649
11651
11652
11654
11657
11659
11660
11662
11664
11666
11669
11672
11674
11676
11677
11679
11681
11684
11685
11687
11688
11691
11692
11694
11696
11697
11698
11700
11702
11704
11705
11707
11708
11709
11711
11713
11715
11717
11719
11720
11722
11726
11727
11729
11732
11734
11735
11737
11739
11741
11743
11745
11747
11749
11752
11754
11756
11758
11760
11762
11764
11766
11768
11769
11772
11774
11776
11778
11780
11782
11784
11786
11788
11789
11792
11796
11797
11799
11800
11802
11804
11805
11807
11809
11811
11813
11815
11817
11818
11820
11821
11822
11824
11826
11828
11830
11832
11833
11835
11838
11840
11842
11843
11845
11846
11847
11849
11851
11853
11855
11857
11859
11861
11863
11865
11867
11868
11871
11873
11875
11876
11878
11880
11882
11884
11886
11888
11890
11892
11894
11895
11897
11898
11899
11901
11902
11904
11906
11909
11911
11913
11915
11917
11918
11920
11922
11925
11927
11928
11930
11932
11934
11936
11937
11939
11943
11945
11947
11948
11950
11951
11953
11954
11956
11957
11959
11961
11963
11965
11967
11970
11971
11973
11975
11977
11979
11981
11983
11985
11986
11987
11989
11990
11992
11994
12000
12002
12004
12006
12008
12010
12012
12014
12015
12017
12020
12021
12023
12025
12026
12028
12029
12031
12032
12035
12037
12039
12041
12042
12043
12046
12048
12050
12052
12054
12055
12056
12057
12059
12061
12063
12065
12067
12072
12075
12076
12077
12078
12080
12081
12083
12084
12085
12087
12089
12091
12092
12093
12095
12096
12098
12100
12103
12105
12107
12109
12111
12112
12113
12114
12115
12116
12118
12120
12122
12124
12125
12126
12127
12130
12131
12134
12136
12140
12142
12145
12147
12149
12153
12155
12156
12157
12159
12161
12163
12166
12167
12168
12170
12172
12174
12176
12179
12181
12183
12185
12188
12191
12193
12195
12197
12199
12201
12204
12209
12210
12211
12212
12214
12217
12219
12222
12224
12226
12228
12230
12232
12233
12235
12237
12241
12244
12245
12246
12248
12250
12252
12253
12255
12257
12259
12261
12263
12264
12266
12267
12269
12271
12273
12274
12276
12278
12280
12282
12283
12285
12287
12289
12290
12292
12294
12296
12298
12299
12301
12303
12305
12307
12309
12311
12313
12315
12317
12319
12321
12324
12326
12327
12329
12331
12333
12336
12338
12340
12342
12344
12346
12348
12350
12352
12354
12356
12357
12359
12361
12362
12364
12366
12368
12370
12372
12375
12377
12378
12380
12382
12383
12385
12387
12390
12392
12396
12398
12400
12402
12404
12406
12407
12408
12409
12411
12413
12414
12416
12418
12419
12421
12422
12423
12424
12426
12428
12429
12431
12432
12434
12436
12438
12439
12441
12443
12444
12446
12448
12450
12451
12452
12455
12456
12458
12459
12461
12464
12466
12468
12469
12474
12476
12479
12481
12482
12483
12484
12486
12487
12489
12491
12492
12494
12495
12497
12499
12501
12502
12503
12505
12507
12509
12510
12512
12513
12515
12516
12517
12519
12521
12523
12524
12525
12527
12528
12530
12532
12535
12538
12541
12543
12545
12547
12549
12552
12554
12556
12558
12560
12563
12566
12568
12570
12572
12575
12577
12578
12579
12581
12582
12583
12585
12586
12588
12589
12591
12593
12595
12597
12599
12601
12603
12605
12607
12609
12611
12612
12613
12615
12618
12620
12621
12628
12631
12633
12637
12639
12640
12642
12644
12646
12648
12650
12652
12654
12656
12657
12660
12663
12664
12666
12668
12670
12671
12673
12674
12676
12677
12679
12681
12683
12684
12686
12688
12690
12692
12694
12695
12697
12699
12700
12701
12703
12705
12707
12709
12711
12713
12715
12717
12719
12720
12722
12724
12726
12728
12729
12731
12733
12734
12735
12737
12739
12741
12742
12744
12746
12747
12749
12751
12753
12755
12757
12759
12760
12762
12764
12766
12768
12770
12773
12778
12780
12783
12784
12785
12788
12789
12792
12795
12797
12800
12802
12803
12805
12806
12807
12808
12809
12811
12813
12815
12817
12819
12822
12824
12826
12829
12831
12833
12835
12837
12838
12841
12844
12846
12848
12850
12852
12855
12857
12859
12861
12864
12866
12867
12869
12870
12872
12874
12877
12878
12879
12880
12882
12884
12885
12886
12889
12894
12895
12897
12899
12900
12902
12903
12904
12906
12908
12909
12911
12913
12914
12916
12917
12919
12921
12922
12924
12925
12927
12929
12930
12932
12934
12937
12938
12940
12942
12944
12946
12948
12949
12950
12951
12952
12954
12958
12960
12962
12964
12966
12968
12970
12972
12976
12978
12979
12980
12981
12983
12985
12987
12988
12989
12992
12994
12996
12997
12998
13000
13002
13004
13006
13008
13010
13011
13012
13014
13016
13018
13020
13022
13024
13026
13028
13029
13030
13031
13033
13034
13036
13037
13039
13040
13041
13042
13044
13046
13048
13050
13052
13054
13056
13057
13058
13059
13061
13063
13066
13068
13070
13072
13074
13076
13078
13081
13083
13085
13087
13089
13091
13092
13093
13095
13096
13101
13103
13105
13107
13108
13110
13112
13114
13116
13118
13121
13123
13125
13127
13129
13130
13133
13134
13135
13137
13140
13142
13145
13147
13149
13151
13153
13154
13156
13158
13160
13164
13165
13167
13169
13171
13173
13175
13180
13182
13183
13186
13187
13189
13192
13193
13196
13198
13200
13201
13203
13205
13206
13208
13209
13212
13213
13215
13217
13219
13220
13223
13225
13227
13229
13231
13233
13235
13237
13239
13241
13243
13245
13247
13249
13250
13252
13254
13255
13258
13263
13264
13266
13267
13268
13269
13270
13272
13273
13275
13276
13278
13279
13281
13283
13285
13287
13289
13290
13292
13294
13296
13299
13300
13302
13304
13305
13307
13309
13312
13314
13315
13316
13317
13319
13321
13323
13325
13327
13329
13330
13331
13333
13335
13337
13338
13340
13342
13344
13346
13348
13350
13351
13353
13355
13357
13359
13361
13363
13364
13365
13366
13368
13370
13372
13375
13377
13378
13380
13382
13383
13386
13388
13391
13393
13394
13396
13398
13400
13402
13404
13406
13407
13409
13410
13412
13414
13416
13418
13419
13421
13423
13425
13427
13429
13431
13433
13435
13437
13439
13441
13443
13445
13446
13448
13450
13452
13454
13456
13457
13460
13462
13463
13465
13467
13468
13470
13473
13475
13477
13479
13481
13483
13485
13487
13492
13494
13495
13499
13502
13503
13506
13508
13510
13513
13517
13520
13523
13524
13527
13529
13531
13532
13533
13534
13535
13538
13541
13543
13544
13546
13548
13550
13552
13559
13561
13563
13565
13567
13568
13571
13573
13575
13577
13579
13581
13583
13585
13587
13589
13591
13593
13595
13596
13598
13600
13602
13604
13606
13607
13609
13614
13616
13618
13620
13622
13623
13624
13625
13626
13628
13629
13631
13632
13634
13636
13637
13639
13641
13642
13644
13646
13648
13650
13653
13654
13656
13658
13660
13662
13665
13668
13670
13672
13674
13677
13678
13680
13682
13683
13684
13685
13687
13689
13692
13693
13696
13698
13700
13702
13704
13705
13712
13715
13719
13721
13723
13725
13728
13729
13731
13736
13737
13739
13741
13743
13745
13748
13753
13755
13757
13760
13761
13765
13768
13770
13771
13773
13774
13775
13777
13779
13780
13784
13786
13789
13790
13793
13795
13796
13799
13801
13802
13804
13805
13807
13808
13810
13811
13815
13817
13819
13821
13823
13825
13827
13830
13832
13834
13836
13837
13840
13841
13842
13845
13847
13849
13850
13853
13855
13857
13859
13861
13863
13865
13867
13869
13871
13873
13874
13875
13877
13879
13880
13883
13884
13886
13888
13890
13892
13894
13896
13897
13900
13902
13904
13913
13915
13916
13917
13919
13921
13923
13925
13926
13928
13932
13934
13936
13937
13939
13941
13942
13943
13945
13947
13949
13951
13952
13954
13956
13958
13960
13962
13964
13966
13968
13971
13972
13973
13974
13976
13978
13980
13982
13984
13986
13989
13991
13993
13996
13999
14001
14002
14003
14005
14007
14009
14011
14013
14015
14017
14019
14021
14023
14024
14026
14028
14030
14033
14035
14037
14039
14040
14041
14043
14046
14049
14051
14053
14055
14057
14059
14060
14062
14064
14066
14068
14070
14071
14072
14073
14075
14077
14079
14080
14082
14084
14086
14088
14090
14091
14094
14101
14103
14105
14107
14109
14111
14112
14114
14118
14120
14123
14126
14128
14130
14132
14134
14136
14138
14140
14142
14144
14146
14148
14149
14151
14155
14158
14160
14161
14162
14163
14165
14167
14168
14170
14172
14173
14175
14177
14179
14182
14185
14187
14189
14191
14194
14196
14198
14200
14203
14204
14206
14207
14209
14212
14215
14216
14218
14220
14222
14224
14226
14229
14230
14233
14235
14237
14240
14242
14244
14246
14247
14249
14253
14255
14257
14260
14262
14264
14266
14267
14269
14270
14271
14273
14274
14276
14277
14279
14281
14282
14283
14286
14287
14289
14291
14293
14295
14298
14299
14302
14304
14306
14308
14310
14312
14314
14315
14317
14318
14324
14327
14330
14332
14335
14337
14339
14341
14342
14344
14345
14347
14349
14351
14353
14355
14357
14359
14361
14362
14364
14365
14367
14370
14373
14375
14376
14377
14378
14381
14383
14385
14386
14388
14390
14393
14394
14397
14399
14403
14405
14406
14408
14409
14411
14413
14414
14416
14417
14419
14421
14422
14425
14428
14429
14431
14433
14435
14437
14441
14442
14444
14446
14448
14450
14452
14455
14457
14458
14460
14462
14464
14466
14469
14470
14471
14473
14475
14476
14478
14481
14483
14485
14486
14489
14491
14492
14494
14496
14499
14500
14502
14503
14505
14507
14508
14510
14513
14515
14517
14519
14521
14522
14525
14526
14527
14529
14530
14537
14539
14541
14543
14545
14547
14549
14550
14552
14554
14555
14557
14559
14561
14563
14565
14567
14569
14571
14573
14577
14579
14580
14582
14584
14586
14588
14594
14596
14598
14600
14602
14604
14606
14608
14610
14612
14613
14615
14618
14620
14622
14627
14629
14631
14634
14639
14641
14643
14645
14647
14649
14651
14653
14654
14657
14659
14660
14662
14664
14666
14668
14669
14671
14673
14674
14675
14677
14679
14683
14684
14687
14689
14691
14695
14696
14697
14698
14700
14702
14704
14707
14709
14711
14713
14714
14716
14718
14720
14722
14724
14727
14730
14732
14735
14736
14739
14741
14743
14745
14749
14751
14753
14755
14758
14760
14762
14763
14767
14769
14771
14779
14781
14783
14785
14787
14789
14791
14793
14794
14796
14798
14801
14802
14804
14806
14808
14810
14812
14813
14817
14819
14820
14821
14823
14824
14826
14827
14829
14831
14833
14834
14837
14839
14840
14841
14844
14845
14847
14849
14850
14856
14858
14860
14861
14863
14865
14868
14870
14874
14875
14877
14879
14881
14883
14884
14886
14888
14890
14892
14894
14896
14898
14899
14901
14903
14905
14909
14911
14913
14915
14917
14919
14921
14923
14926
14927
14928
14931
14933
14935
14937
14939
14941
14943
14945
14949
14951
14953
14955
14957
14959
14960
14964
14968
14970
14971
14973
14975
14976
14977
14979
14981
14983
14985
14987
14989
14991
14992
14994
14996
14997
14999
15001
15003
15005
15007
15009
15011
15013
15015
15017
15020
15022
15024
15025
15026
15028
15029
15030
15032
15034
15036
15037
15038
15039
15041
15043
15045
15047
15049
15051
15053
15056
15057
15059
15061
15063
15065
15066
15068
15070
15073
15074
15075
15077
15080
15081
15083
15086
15088
15090
15093
15094
15095
15096
15097
15098
15099
15101
15102
15104
15106
15107
15109
15111
15113
15115
15117
15119
15121
15123
15124
15126
15128
15130
15132
15134
15135
15137
15138
15143
15145
15147
15149
15151
15152
15154
15159
15160
15162
15163
15166
15168
15169
15171
15173
15175
15177
15179
15181
15182
15184
15188
15190
15191
15193
15195
15196
15198
15199
15201
15203
15205
15209
15211
15212
15213
15215
15216
15218
15219
15221
15222
15223
15224
15227
15228
15230
15232
15234
15236
15238
15240
15241
15243
15246
15248
15250
15252
15254
15255
15257
15259
15261
15263
15265
15267
15269
15270
15271
15273
15274
15276
15278
15280
15283
15285
15286
15287
15288
15290
15292
15294
15296
15297
15298
15300
15302
15303
15305
15307
15309
15310
15313
15315
15316
15318
15320
15322
15324
15326
15327
15330
15331
15333
15334
15336
15339
15341
15343
15345
15347
15349
15352
15353
15354
15357
15358
15360
15362
15364
15367
15370
15372
15374
15376
15377
15378
15380
15381
15383
15385
15387
15389
15391
15393
15395
15397
15398
15399
15401
15403
15407
15409
15410
15412
15413
15415
15418
15420
15422
15424
15426
15429
15432
15433
15436
15438
15439
15440
15441
15442
15445
15447
15449
15452
15454
15457
15458
15463
15465
15467
15469
15471
15473
15475
15477
15479
15481
15483
15484
15485
15488
15490
15492
15494
15495
15498
15500
15502
15503
15504
15505
15508
15510
15511
15513
15515
15517
15519
15521
15523
15525
15527
15528
15530
15531
15535
15536
15540
15541
15543
15545
15546
15548
15550
15553
15555
15557
15558
15560
15561
15562
15564
15565
15568
15569
15571
15574
15576
15578
15579
15582
15583
15585
15587
15589
15590
15592
15595
15597
15599
15600
15601
15602
15604
15605
15607
15608
15610
15613
15615
15616
15617
15620
15621
15622
15623
15624
15626
15628
15629
15631
15633
15636
15638
15640
15642
15644
15646
15648
15649
15651
15652
15653
15655
15656
15658
15660
15662
15664
15670
15674
15676
15678
15679
15681
15683
15687
15689
15690
15691
15692
15694
15697
15699
15701
15703
15704
15706
15707
15709
15713
15716
15720
15722
15723
15725
15731
15732
15734
15736
15738
15740
15741
15746
15747
15749
15751
15754
15756
15758
15760
15762
15764
15766
15768
15770
15771
15772
15773
15775
15777
15779
15781
15782
15783
15785
15786
15788
15791
15793
15795
15798
15801
15803
15805
15807
15809
15811
15813
15814
15816
15818
15820
15822
15824
15825
15828
15830
15836
15837
15840
15841
15842
15844
15846
15848
15850
15852
15853
15856
15858
15860
15863
15865
15867
15869
15870
15872
15874
15876
15878
15880
15882
15883
15885
15887
15889
15900
15902
15905
15906
15907
15909
15911
15913
15915
15917
15919
15921
15922
15924
15925
15928
15929
15931
15932
15933
15935
15936
15938
15940
15942
15944
15945
15948
15951
15953
15954
15958
15960
15962
15964
15966
15968
15969
15971
15973
15975
15976
15978
15980
15984
15985
15987
15992
15995
15997
15998
15999
16002
16004
16007
16009
16011
16013
16015
16017
16018
16020
16022
16027
16028
16030
16031
16034
16035
16038
16043
16044
16046
16048
16051
16053
16055
16058
16059
16060
16061
16062
16064
16065
16067
16069
16070
16073
16074
16076
16078
16080
16084
16086
16088
16090
16092
16095
16096
16097
16098
16100
16101
16103
16105
16107
16109
16111
16113
16115
16117
16119
16121
16124
16126
16128
16130
16132
16134
16136
16138
16140
16141
16143
16144
16146
16148
16149
16151
16153
16155
16157
16158
16160
16161
16167
16169
16170
16172
16174
16176
16178
16180
16182
16184
16186
16189
16191
16194
16196
16198
16200
16201
16203
16205
16206
16208
16210
16213
16215
16217
16218
16220
16222
16224
16225
16227
16230
16232
16233
16235
16237
16239
16241
16243
16244
16246
16248
16249
16250
16252
16255
16257
16259
16261
16263
16265
16267
16269
16270
16272
16274
16276
16278
16280
16282
16283
16284
16286
16288
16289
16291
16294
16296
16297
16300
16303
16305
16307
16308
16310
16312
16314
16318
16320
16322
16325
16326
16328
16330
16332
16334
16337
16341
16343
16344
16345
16347
16349
16350
16352
16353
16357
16360
16362
16363
16365
16367
16369
16371
16373
16375
16377
16379
16381
16383
16385
16386
16388
16392
16394
16396
16398
16400
16401
16403
16405
16406
16409
16411
16412
16413
16415
16417
16419
16421
16423
16425
16428
16430
16431
16433
16435
16442
16444
16449
16451
16454
16456
16458
16459
16461
16463
16465
16470
16471
16472
16475
16478
16481
16483
16485
16487
16490
16492
16495
16497
16499
16500
16502
16504
16506
16508
16510
16511
16513
16515
16516
16517
16521
16522
16524
16525
16527
16528
16529
16530
16532
16533
16534
16535
16537
16538
16540
16543
16545
16549
16550
16552
16554
16556
16557
16559
16561
16563
16565
16566
16568
16570
16572
16574
16576
16577
16578
16580
16583
16586
16588
16589
16591
16593
16595
16597
16598
16599
16601
16603
16607
16609
16611
16613
16615
16617
16619
16621
16623
16625
16627
16629
16631
16633
16635
16637
16639
16641
16643
16644
16646
16647
16652
16654
16656
16658
16660
16662
16663
16665
16667
16669
16670
16672
16673
16674
16676
16678
16680
16682
16684
16686
16688
16689
16691
16694
16696
16697
16699
16701
16703
16705
16707
16708
16710
16711
16714
16717
16719
16721
16725
16728
16731
16734
16735
16737
16739
16740
16742
16744
16745
16747
16748
16749
16751
16752
16754
16756
16757
16759
16761
16765
16767
16768
16773
16775
16776
16778
16780
16782
16784
16786
16788
16790
16793
16796
16798
16799
16800
16802
16804
16806
16807
16808
16810
16811
16813
16815
16817
16818
16821
16823
16826
16827
16831
16833
16834
16836
16838
16840
16841
16843
16845
16846
16851
16852
16853
16855
16857
16858
16860
16862
16863
16864
16866
16868
16870
16874
16876
16880
16882
16884
16885
16886
16888
16890
16892
16894
16897
16898
16900
16902
16903
16904
16905
16907
16908
16909
16911
16914
16916
16918
16919
16922
16925
16927
16929
16930
16932
16933
16934
16939
16943
16946
16949
16950
16955
16957
16958
16959
16961
16963
16964
16966
16967
16970
16972
16974
16976
16979
16981
16982
16985
16986
16987
16989
16990
16993
16996
16998
17001
17004
17008
17009
17011
17013
17015
17017
17022
17024
17025
17026
17027
17028
17030
17032
17034
17037
17040
17042
17043
17045
17047
17049
17051
17053
17055
17057
17059
17063
17065
17069
17071
17073
17076
17078
17079
17080
17081
17083
17087
17089
17090
17092
17093
17096
17097
17103
17104
17105
17108
17110
17112
17113
17115
17118
17120
17122
17125
17126
17128
17130
17132
17135
17137
17139
17141
17142
17146
17148
17150
17152
17155
17156
17158
17160
17162
17165
17167
17169
17170
17174
17176
17178
17179
17184
17185
17186
17188
17190
17192
17194
17195
17197
17199
17201
17205
17206
17208
17210
17212
17214
17216
17218
17220
17223
17225
17227
17229
17231
17233
17235
17237
17239
17242
17244
17246
17248
17250
17252
17254
17256
17257
17260
17262
17264
17266
17267
17269
17271
17274
17276
17278
17280
17281
17283
17284
17287
17289
17293
17295
17297
17299
17301
17303
17307
17308
17310
17311
17313
17315
17317
17319
17321
17323
17325
17327
17330
17332
17333
17335
17337
17341
17342
17343
17347
17351
17353
17354
17355
17356
17357
17359
17361
17363
17365
17366
17368
17370
17371
17373
17375
17376
17378
17382
17386
17389
17391
17393
17395
17398
17400
17401
17402
17404
17406
17410
17419
17421
17423
17425
17427
17430
17432
17433
17434
17436
17437
17439
17442
17444
17446
17447
17448
17449
17450
17453
17455
17457
17459
17461
17463
17465
17467
17468
17470
17472
17474
17475
17476
17478
17479
17481
17483
17484
17487
17490
17491
17493
17495
17496
17498
17501
17503
17505
17507
17509
17511
17512
17514
17515
17517
17518
17521
17522
17524
17526
17530
17533
17535
17536
17539
17541
17542
17543
17545
17549
17551
17553
17555
17556
17559
17561
17563
17565
17567
17569
17570
17572
17574
17575
17576
17578
17579
17581
17583
17585
17587
17589
17591
17594
17598
17601
17603
17605
17607
17609
17611
17612
17615
17617
17619
17623
17625
17627
17629
17631
17634
17636
17639
17641
17643
17646
17651
17653
17655
17658
17661
17663
17664
17666
17668
17670
17672
17674
17676
17678
17680
17682
17684
17685
17686
17688
17693
17695
17699
17704
17706
17707
17709
17711
17714
17715
17717
17718
17720
17721
17722
17724
17726
17728
17729
17731
17733
17735
17737
17739
17741
17743
17746
17748
17750
17751
17753
17755
17756
17757
17759
17761
17763
17765
17767
17768
17770
17772
17774
17777
17779
17780
17781
17784
17786
17788
17789
17790
17791
17793
17795
17800
17802
17803
17805
17806
17808
17810
17811
17812
17813
17815
17817
17819
17820
17829
17834
17840
17842
17844
17846
17848
17849
17851
17853
17855
17857
17859
17861
17862
17864
17870
17873
17874
17878
17879
17882
17884
17886
17889
17891
17892
17894
17895
17896
17898
17901
17903
17905
17910
17911
17913
17914
17916
17918
17919
17921
17923
17925
17927
17929
17931
17933
17935
17938
17939
17944
17948
17950
17951
17953
17957
17960
17962
17964
17966
17968
17970
17973
17975
17978
17981
17983
17985
17988
17991
17993
17994
17996
17998
18000
18001
18006
18007
18008
18010
18012
18014
18016
18018
18021
18023
18025
18027
18029
18031
18033
18035
18036
18038
18042
18044
18045
18047
18049
18051
18054
18056
18058
18060
18064
18065
18066
18068
18071
18073
18074
18076
18078
18079
18081
18082
18086
18088
18091
18093
18095
18097
18099
18101
18103
18104
18106
18108
18110
18116
18117
18119
18121
18124
18126
18128
18129
18130
18133
18137
18138
18140
18142
18144
18146
18147
18149
18150
18151
18153
18156
18158
18160
18162
18164
18167
18168
18170
18172
18173
18174
18176
18177
18179
18181
18183
18184
18188
18189
18192
18193
18195
18197
18199
18201
18204
18205
18208
18210
18212
18213
18217
18219
18221
18222
18225
18227
18228
18229
18230
18231
18233
18236
18237
18239
18241
18243
18245
18247
18250
18252
18254
18259
18261
18264
18265
18266
18268
18270
18272
18275
18276
18281
18283
18285
18287
18289
18290
18292
18294
18295
18297
18298
18301
18302
18304
18308
18310
18312
18313
18315
18317
18318
18320
18322
18324
18326
18330
18331
18332
18333
18334
18336
18338
18339
18341
18343
18345
18347
18348
18349
18351
18354
18356
18357
18358
18360
18362
18366
18368
18369
18370
18372
18374
18378
18380
18382
18383
18385
18386
18388
18389
18390
18391
18393
18394
18396
18397
18400
18401
18403
18404
18406
18408
18411
18413
18415
18417
18420
18423
18426
18428
18430
18432
18433
18435
18437
18438
18440
18442
18444
18446
18448
18450
18451
18453
18455
18457
18459
18460
18462
18464
18465
18467
18469
18471
18473
18474
18476
18477
18480
18481
18483
18487
18490
18492
18493
18494
18495
18496
18497
18498
18501
18503
18504
18507
18510
18511
18513
18514
18516
18518
18522
18523
18525
18526
18528
18529
18531
18534
18535
18538
18543
18544
18549
18552
18553
18555
18558
18560
18561
18562
18563
18566
18568
18569
18571
18573
18575
18577
18579
18581
18584
18586
18588
18591
18592
18597
18598
18605
18607
18609
18610
18611
18612
18614
18616
18617
18619
18623
18626
18627
18629
18632
18634
18635
18636
18637
18639
18641
18642
18644
18646
18647
18650
18652
18654
18656
18658
18659
18661
18663
18669
18671
18674
18676
18679
18681
18683
18684
18686
18688
18690
18692
18694
18696
18699
18701
18703
18706
18708
18710
18712
18713
18715
18716
18718
18720
18722
18723
18727
18728
18730
18732
18734
18736
18738
18739
18742
18744
18745
18746
18749
18751
18753
18755
18757
18759
18762
18764
18765
18767
18768
18770
18774
18777
18779
18785
18787
18788
18790
18793
18795
18798
18799
18801
18802
18803
18805
18807
18809
18811
18814
18815
18817
18819
18820
18823
18826
18828
18830
18832
18834
18835
18837
18838
18839
18841
18842
18844
18846
18850
18851
18853
18856
18858
18859
18861
18862
18863
18869
18870
18872
18873
18874
18875
18876
18878
18879
18880
18881
18885
18892
18893
18896
18900
18901
18903
18905
18908
18909
18910
18912
18913
18915
18917
18919
18922
18924
18926
18928
18930
18932
18935
18937
18939
18942
18944
18947
18949
18951
18953
18954
18956
18958
18960
18961
18963
18965
18966
18967
18970
18971
18975
18977
18979
18981
18983
18984
18986
18988
18990
18992
18993
18995
18997
18999
19001
19005
19007
19010
19011
19012
19017
19019
19020
19022
19024
19027
19028
19029
19030
19031
19033
19034
19035
19037
19039
19041
19042
19044
19046
19049
19054
19056
19058
19060
19061
19062
19064
19066
19068
19070
19072
19074
19076
19078
19081
19084
19086
19088
19091
19092
19093
19098
19101
19103
19107
19108
19109
19111
19113
19114
19116
19118
19120
19122
19124
19125
19127
19129
19131
19133
19135
19137
19139
19141
19143
19145
19146
19148
19150
19152
19154
19157
19159
19161
19163
19165
19166
19168
19170
19172
19175
19177
19178
19179
19181
19183
19186
19188
19190
19192
19194
19196
19198
19200
19202
19206
19209
19210
19212
19214
19218
19220
19222
19223
19226
19228
19231
19232
19234
19237
19239
19241
19243
19244
19245
19248
19249
19251
19252
19253
19255
19257
19259
19260
19264
19268
19272
19275
19277
19278
19279
19281
19282
19284
19286
19288
19289
19290
19291
19293
19295
19296
19300
19301
19304
19306
19309
19311
19313
19316
19317
19318
19319
19320
19322
19324
19328
19330
19332
19333
19336
19340
19341
19343
19344
19345
19347
19349
19350
19352
19353
19355
19357
19359
19363
19366
19368
19370
19371
19374
19376
19379
19381
19384
19387
19388
19390
19392
19394
19396
19398
19399
19401
19403
19405
19406
19407
19409
19410
19411
19412
19415
19416
19418
19421
19423
19425
19427
19428
19430
19433
19436
19438
19440
19442
19444
19447
19449
19451
19453
19454
19455
19457
19459
19461
19462
19464
19467
19469
19471
19473
19475
19476
19478
19480
19481
19483
19485
19487
19493
19495
19498
19500
19503
19505
19506
19508
19509
19511
19512
19514
19517
19519
19521
19522
19524
19526
19528
19530
19532
19534
19537
19538
19541
19543
19545
19547
19550
19552
19555
19557
19558
19563
19565
19568
19570
19572
19575
19579
19581
19583
19584
19586
19588
19590
19592
19594
19596
19598
19600
19603
19604
19606
19608
19610
19612
19614
19615
19617
19620
19623
19625
19627
19629
19631
19632
19633
19635
19637
19639
19640
19642
19644
19646
19648
19651
19654
19656
19657
19659
19666
19668
19669
19672
19676
19677
19679
19681
19683
19685
19687
19690
19692
19695
19698
19700
19702
19704
19706
19708
19710
19712
19714
19715
19717
19719
19721
19723
19725
19727
19729
19734
19735
19736
19743
19745
19747
19750
19752
19757
19759
19763
19764
19766
19767
19771
19774
19777
19779
19781
19782
19786
19788
19789
19792
19794
19796
19798
19802
19804
19806
19808
19810
19812
19815
19817
19819
19821
19823
19826
19827
19830
19832
19834
19835
19836
19838
19840
19843
19848
19849
19852
19854
19857
19859
19861
19863
19865
19866
19868
19870
19872
19873
19875
19877
19878
19882
19883
19885
19886
19888
19890
19895
19897
19899
19901
19903
19905
19907
19909
19912
19919
19921
19923
19925
19927
19930
19932
19934
19936
19939
19943
19944
19948
19952
19954
19957
19960
19961
19964
19967
19969
19972
19973
19976
19978
19979
19983
19985
19986
19988
19990
19993
19994
19995
19997
19999
20000
20002
20004
20005
20006
20007
20008
20010
20012
20017
20019
20020
20022
20023
20025
20027
20029
20031
20034
20035
20036
20040
20042
20044
20047
20051
20053
20056
20057
20058
20060
20062
20063
20065
20066
20067
20069
20073
20076
20078
20080
20082
20084
20087
20088
20090
20093
20095
20096
20098
20100
20101
20102
20103
20104
20106
20108
20113
20117
20122
20124
20126
20128
20129
20131
20132
20135
20136
20139
20140
20142
20147
20152
20154
20156
20159
20163
20165
20169
20171
20174
20176
20178
20180
20183
20187
20188
20191
20193
20197
20199
20202
20204
20206
20208
20210
20214
20216
20218
20220
20222
20224
20226
20228
20230
20232
20234
20235
20238
20240
20242
20244
20247
20249
20250
20252
20255
20258
20260
20261
20263
20266
20268
20273
20274
20275
20277
20279
20280
20282
20284
20286
20288
20290
20292
20294
20297
20299
20300
20302
20304
20306
20308
20311
20312
20314
20316
20319
20322
20324
20326
20327
20329
20336
20341
20343
20345
20350
20352
20353
20355
20357
20361
20363
20364
20365
20366
20368
20371
20376
20384
20386
20388
20389
20390
20392
20394
20396
20398
20400
20402
20404
20406
20408
20410
20412
20414
20417
20419
20421
20423
20426
20428
20430
20432
20434
20437
20443
20445
20448
20451
20453
20457
20458
20460
20463
20471
20473
20475
20477
20478
20480
20482
20484
20486
20490
20492
20493
20496
20498
20499
20500
20502
20504
20505
20508
20510
20512
20514
20515
20517
20519
20520
20522
20523
20525
20527
20531
20532
20534
20536
20538
20539
20541
20543
20544
20547
20549
20551
20554
20557
20560
20561
20563
20565
20566
20568
20571
20573
20576
20578
20580
20583
20588
20590
20591
20595
20597
20598
20602
20604
20606
20608
20610
20611
20613
20619
20620
20621
20623
20626
20628
20630
20632
20634
20636
20637
20638
20639
20641
20644
20646
20649
20651
20653
20655
20656
20657
20659
20661
20663
20665
20668
20670
20673
20675
20676
20678
20680
20683
20686
20687
20689
20691
20693
20694
20696
20697
20700
20706
20707
20712
20713
20715
20716
20717
20721
20723
20724
20725
20727
20729
20731
20733
20735
20736
20737
20739
20742
20746
20748
20750
20753
20756
20759
20760
20765
20766
20767
20771
20774
20775
20777
20780
20781
20783
20784
20785
20787
20789
20794
20798
20801
20802
20803
20808
20812
20816
20818
20819
20822
20824
20826
20828
20829
20832
20834
20839
20840
20842
20844
20846
20848
20849
20851
20855
20858
20860
20867
20870
20872
20874
20875
20877
20878
20881
20883
20885
20888
20890
20892
20894
20896
20897
20900
20902
20910
20911
20913
20916
20918
20919
20920
20921
20923
20926
20928
20930
20935
20937
20938
20941
20943
20945
20947
20948
20950
20952
20954
20956
20958
20960
20962
20963
20965
20967
20974
20976
20978
20980
20982
20983
20985
20988
20990
20992
20994
20997
21003
21005
21007
21012
21014
21018
21019
21026
21027
21028
21031
21033
21035
21036
21038
21040
21043
21045
21047
21053
21055
21057
21060
21061
21062
21067
21071
21073
21074
21076
21078
21080
21081
21083
21087
21089
21091
21093
21094
21096
21098
21100
21102
21104
21106
21107
21110
21112
21114
21116
21119
21120
21123
21124
21125
21126
21129
21131
21134
21136
21138
21140
21141
21143
21144
21148
21150
21151
21152
21155
21158
21162
21163
21165
21167
21169
21171
21174
21176
21177
21179
21181
21184
21186
21188
21190
21192
21194
21196
21198
21200
21205
21206
21208
21212
21215
21217
21220
21223
21225
21227
21229
21231
21241
21244
21246
21249
21251
21253
21255
21258
21263
21265
21267
21272
21273
21274
21276
21277
21280
21283
21285
21290
21291
21293
21294
21296
21298
21300
21302
21305
21307
21309
21311
21313
21315
21317
21319
21321
21322
21324
21326
21328
21329
21330
21333
21336
21338
21341
21343
21345
21349
21351
21352
21354
21356
21357
21359
21362
21366
21368
21371
21373
21376
21377
21379
21381
21383
21385
21386
21388
21390
21392
21393
21395
21397
21399
21401
21405
21407
21409
21411
21413
21415
21418
21419
21421
21423
21427
21428
21431
21434
21436
21438
21439
21443
21447
21449
21452
21456
21458
21460
21462
21464
21466
21467
21469
21471
21473
21475
21476
21478
21483
21484
21486
21488
21490
21492
21493
21494
21500
21502
21504
21505
21506
21508
21509
21510
21516
21519
21521
21524
21526
21528
21530
21531
21533
21534
21537
21541
21544
21545
21547
21550
21553
21555
21560
21562
21567
21569
21571
21573
21575
21577
21579
21584
21586
21588
21590
21592
21594
21595
21596
21598
21601
21603
21604
21606
21607
21611
21613
21614
21616
21619
21620
21622
21626
21630
21631
21634
21635
21641
21643
21645
21646
21648
21650
21652
21654
21656
21657
21658
21660
21663
21664
21666
21668
21670
21672
21673
21674
21677
21679
21681
21683
21685
21687
21690
21692
21695
21700
21701
21703
21707
21710
21711
21713
21715
21719
21721
21723
21724
21726
21727
21730
21732
21734
21736
21739
21745
21748
21751
21754
21756
21758
21761
21764
21766
21768
21776
21779
21783
21786
21788
21790
21794
21796
21801
21803
21806
21808
21811
21813
21815
21817
21820
21822
21824
21825
21827
21829
21833
21836
21837
21839
21840
21843
21844
21846
21851
21855
21857
21860
21862
21869
21871
21872
21875
21880
21882
21884
21887
21888
21890
21892
21893
21896
21899
21904
21905
21906
21908
21910
21912
21913
21915
21917
21919
21921
21923
21925
21929
21931
21932
21934
21937
21939
21941
21943
21947
21949
21954
21955
21957
21959
21961
21962
21964
21966
21970
21972
21974
21976
21978
21980
21982
21984
21987
21988
21990
21991
21993
21995
21996
21998
22000
22002
22004
22006
22010
22011
22012
22013
22016
22017
22019
22021
22023
22025
22026
22028
22030
22032
22034
22036
22042
22044
22045
22047
22048
22051
22058
22060
22062
22066
22068
22070
22071
22073
22074
22076
22078
22080
22082
22084
22087
22088
22092
22094
22096
22097
22099
22102
22104
22106
22109
22111
22114
22117
22119
22120
22122
22124
22126
22128
22130
22132
22133
22135
22137
22141
22143
22144
22147
22150
22151
22153
22155
22166
22168
22171
22176
22177
22180
22182
22187
22189
22191
22193
22196
22199
22201
22203
22206
22208
22209
22211
22212
22214
22217
22220
22221
22223
22225
22230
22232
22234
22237
22239
22241
22244
22246
22255
22256
22258
22260
22262
22264
22266
22268
22269
22271
22273
22275
22281
22284
22288
22290
22298
22299
22301
22304
22306
22309
22311
22313
22315
22317
22319
22320
22325
22326
22329
22333
22335
22342
22344
22350
22352
22354
22356
22359
22362
22365
22367
22369
22370
22374
22376
22377
22380
22382
22383
22384
22386
22389
22391
22395
22398
22400
22401
22403
22404
22406
22408
22411
22413
22415
22417
22420
22422
22427
22429
22430
22432
22436
22437
22439
22441
22444
22447
22449
22452
22454
22458
22460
22461
22464
22468
22471
22473
22474
22477
22479
22482
22488
22491
22493
22498
22503
22505
22506
22509
22511
22514
22515
22520
22522
22524
22529
22530
22532
22534
22536
22538
22542
22545
22547
22549
22551
22553
22556
22560
22563
22565
22569
22573
22576
22577
22578
22580
22582
22583
22585
22587
22589
22590
22592
22595
22598
22599
22600
22603
22605
22607
22609
22612
22615
22621
22624
22626
22628
22632
22633
22635
22637
22638
22644
22646
22648
22650
22653
22654
22657
22658
22660
22661
22663
22665
22667
22668
22672
22673
22680
22682
22684
22692
22694
22695
22699
22702
22704
22709
22712
22714
22715
22718
22725
22729
22732
22734
22735
22737
22739
22743
22745
22748
22750
22753
22755
22757
22759
22761
22764
22767
22769
22773
22776
22778
22779
22781
22784
22786
22788
22790
22792
22795
22797
22800
22803
22805
22807
22809
22811
22814
22820
22822
22824
22827
22828
22829
22830
22831
22835
22837
22839
22841
22843
22850
22852
22855
22857
22860
22862
22863
22867
22869
22870
22871
22873
22874
22876
22877
22882
22883
22885
22893
22895
22897
22898
22904
22907
22909
22910
22912
22915
22917
22920
22922
22924
22925
22930
22933
22934
22935
22938
22942
22944
22947
22948
22951
22952
22953
22956
22958
22960
22965
22968
22970
22972
22974
22976
22979
22982
22984
22987
22991
22993
22995
22998
23000
23005
23007
23008
23014
23016
23017
23021
23025
23028
23034
23037
23039
23041
23043
23044
23046
23048
23050
23052
23053
23055
23061
23062
23064
23065
23067
23070
23071
23073
23075
23078
23082
23084
23094
23097
23098
23101
23102
23104
23105
23108
23110
23113
23115
23117
23119
23120
23122
23125
23127
23129
23131
23133
23135
23136
23138
23140
23142
23144
23145
23147
23149
23151
23155
23158
23162
23163
23164
23166
23167
23170
23176
23179
23180
23182
23184
23187
23191
23192
23194
23196
23198
23201
23206
23208
23210
23213
23216
23217
23219
23221
23223
23226
23227
23229
23231
23234
23235
23239
23241
23245
23247
23249
23251
23253
23254
23257
23261
23263
23264
23266
23268
23270
23272
23273
23282
23285
23290
23292
23293
23294
23297
23299
23303
23305
23309
23310
23318
23319
23325
23327
23329
23331
23333
23337
23339
23341
23342
23344
23345
23347
23350
23352
23354
23357
23358
23361
23363
23367
23369
23372
23373
23374
23377
23378
23385
23387
23393
23396
23399
23401
23403
23405
23407
23409
23411
23414
23417
23422
23424
23427
23433
23435
23438
23441
23443
23445
23449
23451
23452
23456
23462
23467
23470
23472
23475
23481
23484
23491
23493
23494
23498
23500
23503
23506
23508
23509
23511
23516
23521
23522
23525
23528
23530
23532
23536
23538
23541
