c s SATISFIABLE
s vc 5066 3264
1
4
6
8
11
12
15
17
18
19
23
25
26
29
31
32
33
35
36
40
42
43
44
45
47
52
53
54
56
57
58
59
61
64
66
67
70
71
72
74
78
80
82
86
87
91
92
95
96
97
99
104
105
106
107
111
116
118
120
121
122
123
125
135
136
138
141
142
145
146
147
150
151
153
154
158
159
160
161
163
164
168
169
170
171
173
175
176
180
182
183
186
188
189
190
191
195
196
198
204
205
207
208
210
211
212
215
216
217
218
221
223
225
227
228
230
233
239
241
244
245
246
252
254
257
258
259
260
263
266
268
269
270
271
278
279
281
282
286
288
289
292
294
297
302
303
304
305
306
307
319
320
321
323
324
325
327
328
329
330
331
332
334
335
336
337
339
340
341
342
345
346
347
348
350
351
354
355
356
357
359
361
362
363
366
367
368
370
371
372
375
376
378
379
381
382
384
385
387
388
390
391
393
394
395
396
398
400
401
403
404
406
407
409
411
412
414
415
417
418
419
420
422
423
426
427
428
430
432
433
435
436
437
439
441
442
443
445
446
447
449
450
452
454
456
457
458
460
461
462
464
466
467
469
470
471
473
474
476
477
479
480
483
484
485
486
488
489
491
493
495
496
498
499
500
502
504
505
506
507
510
511
513
514
515
516
518
519
521
522
524
525
528
529
530
531
533
535
537
538
539
540
542
543
545
547
549
550
551
552
554
556
557
558
560
561
563
564
566
567
569
570
572
573
576
577
578
580
581
583
585
586
588
589
591
592
593
595
596
598
600
601
603
604
605
606
608
610
611
612
614
615
617
618
620
622
623
624
627
628
630
631
633
634
635
637
638
639
641
643
644
645
648
649
650
652
653
654
656
658
660
661
662
664
666
667
668
670
671
673
674
676
677
679
680
681
683
684
687
688
689
690
692
693
695
696
698
699
701
703
705
706
707
709
711
712
713
715
716
717
719
721
723
724
725
727
728
730
732
733
735
736
737
738
741
742
743
744
747
748
750
751
752
753
755
757
758
760
762
763
764
766
767
768
770
772
773
774
776
778
779
780
782
783
786
787
788
789
792
793
794
795
797
798
801
802
803
804
807
808
809
810
812
813
816
817
818
820
821
822
824
825
827
829
831
832
834
835
836
838
839
840
843
844
845
846
848
850
852
853
855
856
858
859
861
862
863
864
866
867
869
870
872
874
875
877
878
879
881
883
885
886
887
888
890
892
894
895
896
898
900
901
903
904
905
906
908
910
911
913
914
915
917
919
921
922
923
925
926
928
930
931
932
934
935
936
938
940
941
942
945
946
947
948
950
952
953
955
956
958
960
961
962
963
965
966
969
970
972
973
974
975
977
978
980
981
984
985
986
987
989
990
993
994
996
997
998
999
1001
1003
1005
1006
1007
1008
1010
1011
1013
1014
1017
1018
1019
1021
1022
1024
1026
1027
1029
1030
1031
1033
1035
1036
1038
1039
1040
1042
1044
1045
1046
1048
1049
1050
1053
1054
1055
1056
1058
1059
1061
1063
1064
1066
1067
1068
1071
1072
1074
1075
1076
1078
1079
1081
1082
1083
1085
1086
1088
1089
1091
1092
1095
1096
1097
1098
1100
1102
1103
1104
1107
1108
1109
1110
1113
1114
1115
1117
1119
1120
1121
1123
1124
1126
1127
1128
1131
1132
1133
1134
1136
1138
1139
1140
1143
1144
1145
1146
1148
1150
1151
1153
1155
1156
1158
1159
1160
1162
1163
1164
1166
1167
1170
1171
1172
1174
1175
1177
1178
1180
1181
1183
1184
1186
1187
1188
1191
1192
1193
1195
1196
1198
1199
1200
1203
1204
1205
1207
1208
1210
1212
1213
1214
1216
1217
1218
1220
1221
1223
1224
1227
1228
1229
1231
1232
1233
1235
1236
1238
1239
1242
1243
1245
1246
1247
1249
1251
1252
1253
1255
1256
1258
1259
1261
1262
1264
1265
1267
1268
1269
1271
1273
1274
1275
1277
1278
1280
1282
1283
1285
1286
1287
1290
1291
1292
1293
1296
1297
1299
1300
1301
1303
1304
1305
1308
1309
1310
1311
1313
1315
1316
1317
1319
1320
1322
1324
1326
1327
1328
1330
1332
1333
1335
1336
1337
1339
1341
1342
1343
1345
1346
1348
1349
1351
1353
1354
1355
1356
1358
1359
1361
1363
1364
1365
1367
1369
1370
1372
1374
1375
1377
1378
1379
1381
1383
1384
1386
1387
1388
1390
1392
1393
1395
1396
1398
1399
1400
1402
1403
1405
1406
1408
1409
1410
1412
1414
1416
1417
1419
1420
1422
1423
1425
1426
1427
1429
1431
1432
1434
1435
1437
1438
1439
1441
1443
1444
1445
1447
1448
1450
1451
1453
1455
1456
1458
1459
1461
1462
1463
1464
1466
1467
1469
1471
1472
1473
1476
1477
1478
1479
1481
1483
1484
1486
1487
1489
1491
1492
1493
1494
1497
1498
1499
1501
1503
1504
1505
1507
1508
1509
1511
1513
1514
1516
1518
1519
1520
1521
1524
1525
1527
1528
1529
1531
1533
1534
1535
1536
1538
1540
1541
1543
1544
1546
1547
1548
1550
1552
1553
1555
1556
1557
1559
1561
1562
1564
1565
1566
1569
1570
1571
1572
1575
1576
1577
1579
1581
1582
1583
1584
1587
1588
1589
1590
1592
1594
1595
1596
1598
1600
1602
1603
1605
1606
1607
1608
1610
1611
1614
1615
1617
1618
1620
1621
1622
1624
1625
1626
1628
1630
1632
1633
1634
1636
1637
1639
1641
1642
1644
1645
1646
1647
1649
1650
1652
1653
1656
1657
1659
1660
1661
1663
1664
1666
1667
1668
1671
1672
1674
1675
1677
1678
1679
1681
1683
1684
1685
1686
1688
1690
1691
1693
1695
1696
1697
1699
1700
1701
1703
1705
1706
1708
1709
1711
1712
1714
1715
1717
1718
1719
1721
1722
1724
1725
1727
1728
1731
1732
1734
1735
1736
1737
1740
1741
1743
1744
1745
1747
1748
1750
1751
1752
1755
1756
1757
1758
1760
1762
1763
1765
1766
1768
1769
1770
1773
1774
1775
1777
1779
1780
1781
1782
1784
1785
1788
1789
1790
1792
1793
1795
1796
1797
1799
1800
1802
1804
1805
1806
1809
1810
1811
1812
1814
1816
1817
1819
1821
1822
1823
1824
1826
1827
1830
1831
1832
1833
1835
1837
1838
1839
1841
1843
1844
1846
1848
1849
1850
1852
1853
1854
1857
1858
1859
1861
1863
1864
1866
1867
1868
1869
1872
1873
1874
1875
1877
1879
1880
1881
1883
1885
1886
1887
1889
1890
1893
1894
1895
1897
1898
1900
1901
1902
1904
1906
1908
1909
1910
1911
1913
1915
1916
1917
1919
1921
1923
1924
1926
1927
1928
1930
1931
1933
1934
1936
1938
1939
1941
1942
1943
1945
1947
1948
1949
1951
1952
1954
1955
1956
1958
1959
1961
1963
1965
1966
1967
1969
1970
1971
1974
1975
1977
1978
1979
1980
1982
1984
1985
1986
1989
1990
1991
1993
1995
1996
1997
1999
2000
2002
2003
2004
2007
2008
2010
2011
2013
2014
2015
2016
2018
2020
2021
2022
2025
2026
2027
2028
2031
2032
2034
2035
2036
2037
2039
2040
2042
2044
2045
2047
2048
2049
2052
2053
2055
2056
2057
2059
2060
2062
2064
2065
2066
2067
2069
2070
2072
2073
2075
2076
2078
2079
2081
2083
2084
2086
2088
2089
2090
2091
2094
2095
2096
2098
2099
2100
2102
2104
2105
2107
2108
2109
2111
2112
2114
2115
2117
2119
2121
2122
2123
2125
2126
2127
2129
2131
2132
2134
2136
2137
2138
2139
2141
2143
2144
2146
2148
2149
2150
2152
2153
2155
2157
2158
2160
2161
2162
2163
2166
2167
2169
2170
2171
2172
2175
2176
2177
2179
2181
2182
2184
2185
2187
2188
2190
2191
2192
2193
2196
2197
2199
2200
2202
2203
2204
2206
2208
2209
2210
2212
2213
2214
2216
2217
2220
2221
2222
2223
2225
2226
2228
2229
2231
2233
2234
2236
2237
2238
2240
2241
2244
2245
2246
2248
2249
2251
2252
2253
2255
2256
2259
2260
2262
2263
2264
2265
2267
2269
2270
2271
2273
2274
2277
2278
2279
2281
2282
2284
2285
2286
2288
2289
2292
2293
2295
2296
2298
2299
2300
2302
2303
2305
2306
2308
2310
2311
2313
2314
2315
2316
2318
2320
2321
2322
2325
2326
2327
2328
2330
2331
2333
2334
2336
2337
2339
2341
2342
2343
2346
2347
2348
2350
2351
2353
2354
2355
2357
2359
2360
2362
2363
2364
2367
2368
2369
2370
2373
2374
2376
2377
2378
2380
2381
2383
2385
2386
2387
2388
2391
2392
2393
2394
2396
2397
2399
2400
2402
2404
2405
2407
2409
2410
2412
2413
2414
2415
2417
2419
2420
2422
2424
2425
2426
2428
2429
2430
2433
2434
2436
2437
2439
2440
2441
2443
2445
2446
2447
2448
2451
2452
2454
2455
2456
2458
2459
2461
2463
2464
2466
2467
2469
2470
2472
2473
2474
2476
2477
2478
2480
2482
2483
2484
2486
2488
2489
2491
2492
2494
2495
2496
2498
2500
2502
2503
2504
2505
2507
2508
2511
2512
2513
2514
2517
2518
2519
2521
2522
2524
2525
2527
2528
2529
2531
2533
2534
2536
2538
2539
2541
2542
2544
2545
2546
2547
2549
2551
2552
2554
2555
2557
2558
2559
2561
2562
2564
2565
2567
2569
2570
2572
2574
2575
2576
2577
2580
2581
2582
2583
2585
2587
2588
2590
2591
2593
2594
2596
2597
2599
2600
2601
2603
2604
2607
2608
2609
2611
2612
2613
2615
2616
2618
2620
2621
2622
2624
2626
2628
2629
2630
2632
2633
2634
2637
2638
2639
2641
2642
2643
2645
2646
2649
2650
2652
2653
2654
2655
2657
2658
2660
2662
2663
2664
2666
2668
2669
2671
2673
2674
2676
2677
2678
2680
2681
2682
2684
2686
2687
2689
2691
2692
2693
2694
2696
2697
2700
2701
2702
2704
2706
2707
2709
2710
2712
2713
2714
2715
2718
2719
2720
2722
2723
2725
2727
2728
2729
2730
2733
2734
2735
2736
2739
2740
2741
2743
2744
2746
2747
2748
2750
2751
2753
2754
2756
2758
2759
2761
2762
2764
2765
2767
2769
2770
2771
2772
2774
2775
2777
2778
2780
2781
2784
2785
2786
2787
2789
2790
2792
2794
2795
2796
2798
2799
2801
2802
2804
2806
2807
2808
2811
2812
2813
2814
2817
2818
2820
2821
2823
2824
2826
2827
2828
2830
2831
2832
2834
2835
2837
2838
2841
2842
2843
2844
2847
2848
2850
2851
2852
2854
2855
2857
2858
2860
2861
2862
2864
2866
2867
2868
2870
2871
2873
2875
2876
2878
2879
2880
2883
2884
2885
2887
2888
2889
2892
2893
2894
2896
2897
2898
2901
2902
2904
2905
2907
2908
2909
2911
2912
2914
2916
2917
2919
2920
2922
2923
2925
2926
2927
2929
2930
2931
2933
2935
2936
2937
2939
2940
2942
2943
2945
2946
2948
2950
2951
2952
2954
2956
2958
2959
2960
2961
2963
2964
2967
2968
2969
2970
2972
2974
2975
2977
2979
2980
2981
2982
2985
2986
2987
2989
2990
2992
2993
2995
2996
2998
2999
3000
3002
3004
3005
3007
3009
3010
3011
3012
3014
3016
3018
3019
3020
3021
3023
3025
3027
3028
3030
3031
3033
3034
3035
3037
3039
3040
3041
3042
3044
3045
3048
3049
3050
3052
3053
3054
3056
3058
3059
3060
3062
3063
3066
3067
3069
3070
3071
3073
3074
3076
3077
3078
3080
3081
3084
3085
3086
3088
3089
3091
3092
3093
3095
3097
3098
3100
3101
3103
3104
3105
3107
3109
3111
3112
3113
3115
3117
3118
3120
3121
3123
3124
3126
3127
3128
3130
3131
3132
3135
3136
3137
3139
3140
3142
3144
3145
3146
3148
3149
3151
3153
3154
3155
3157
3159
3160
3161
3162
3164
3166
3168
3169
3170
3171
3173
3175
3177
3178
3179
3181
3182
3184
3185
3186
3188
3190
3191
3192
3194
3195
3197
3199
3200
3201
3203
3205
3206
3208
3209
3210
3212
3214
3216
3217
3218
3219
3221
3223
3224
3226
3228
3229
3231
3232
3233
3235
3237
3238
3239
3241
3242
3243
3245
3246
3248
3250
3252
3253
3254
3256
3258
3259
3260
3262
3263
3264
3267
3268
3269
3270
3273
3274
3275
3276
3278
3279
3281
3282
3284
3285
3288
3289
3290
3291
3293
3294
3297
3298
3299
3301
3302
3304
3305
3306
3308
3309
3311
3312
3314
3315
3317
3319
3320
3321
3324
3325
3327
3328
3329
3331
3332
3333
3335
3337
3338
3339
3341
3342
3345
3346
3347
3348
3351
3352
3354
3355
3357
3358
3359
3361
3362
3363
3365
3367
3368
3369
3371
3372
3374
3376
3377
3379
3380
3382
3383
3384
3387
3388
3390
3391
3392
3394
3395
3396
3398
3399
3401
3402
3404
3406
3407
3408
3410
3412
3413
3414
3417
3418
3419
3420
3423
3424
3425
3427
3429
3430
3432
3433
3435
3436
3437
3438
3440
3441
3443
3445
3446
3448
3450
3451
3453
3454
3456
3457
3458
3459
3461
3463
3465
3466
3468
3469
3470
3472
3474
3475
3476
3477
3480
3481
3483
3484
3485
3486
3488
3490
3491
3492
3494
3495
3497
3498
3501
3502
3504
3505
3506
3508
3510
3511
3512
3513
3516
3517
3518
3520
3521
3522
3525
3526
3527
3528
3530
3532
3533
3534
3537
3538
3539
3541
3542
3543
3545
3546
3548
3550
3551
3553
3554
3556
3557
3558
3560
3561
3563
3564
3566
3567
3569
3570
3572
3573
3575
3576
3579
3580
3581
3582
3584
3585
3587
3588
3590
3591
3593
3595
3596
3598
3599
3601
3602
3604
3605
3607
3608
3609
3611
3613
3614
3616
3617
3618
3620
3622
3623
3625
3626
3628
3629
3630
3633
3634
3635
3636
3638
3640
3641
3643
3645
3646
3648
3649
3651
3652
3653
3654
3656
3658
3659
3660
3662
3664
3665
3667
3669
3670
3671
3673
3675
3676
3677
3679
3680
3681
3684
3685
3687
3688
3689
3690
3692
3693
3695
3696
3698
3700
3701
3703
3704
3705
3707
3708
3710
3711
3713
3714
3716
3718
3720
3721
3722
3723
3725
3727
3728
3730
3731
3733
3734
3736
3737
3738
3740
3741
3744
3745
3746
3748
3749
3751
3752
3754
3755
3757
3759
3760
3761
3763
3764
3765
3767
3769
3770
3772
3773
3774
3776
3778
3779
3780
3782
3784
3785
3787
3788
3789
3791
3792
3795
3796
3798
3799
3800
3802
3803
3804
3806
3808
3809
3810
3812
3814
3816
3817
3818
3820
3822
3823
3824
3826
3828
3829
3830
3832
3833
3835
3836
3838
3839
3840
3842
3844
3845
3847
3848
3849
3852
3853
3855
3856
3857
3858
3860
3862
3863
3865
3866
3868
3869
3870
3873
3874
3875
3877
3878
3880
3882
3883
3885
3886
3887
3888
3890
3892
3894
3895
3897
3898
3899
3900
3902
3904
3906
3907
3909
3910
3911
3913
3914
3915
3917
3918
3921
3922
3923
3924
3926
3928
3930
3931
3932
3933
3935
3936
3938
3939
3941
3943
3944
3945
3947
3949
3950
3952
3953
3955
3957
3958
3960
3961
3962
3963
3965
3967
3968
3969
3971
3973
3974
3975
3978
3979
3981
3982
3984
3985
3987
3988
3990
3991
3992
3993
3995
3997
3998
4000
4001
4003
4004
4006
4007
4009
4011
4012
4013
4014
4016
4018
4019
4020
4022
4023
4026
4027
4028
4029
4032
4033
4034
4035
4037
4039
4041
4042
4044
4045
4046
4048
4050
4051
4052
4053
4055
4056
4058
4060
4061
4063
4064
4065
4067
4069
4070
4072
4074
4075
4076
4077
4080
4081
4082
4083
4086
4087
4088
4089
4091
4093
4095
4096
4098
4099
4101
4102
4104
4105
4106
4108
4109
4111
4112
4114
4116
4117
4118
4120
4122
4123
4124
4126
4127
4129
4130
4132
4133
4134
4136
4138
4139
4140
4142
4144
4145
4146
4148
4150
4151
4152
4154
4155
4158
4159
4161
4162
4163
4165
4167
4168
4169
4171
4173
4174
4175
4176
4178
4180
4182
4183
4184
4185
4187
4189
4190
4191
4193
4194
4197
4198
4199
4200
4202
4203
4206
4207
4208
4210
4211
4212
4214
4215
4218
4219
4220
4222
4224
4225
4226
4228
4230
4231
4232
4233
4236
4237
4238
4240
4241
4243
4244
4246
4247
4248
4251
4252
4253
4255
4257
4258
4259
4260
4262
4264
4265
4266
4268
4270
4271
4272
4274
4276
4278
4279
4280
4282
4283
4284
4287
4288
4289
4291
4293
4294
4296
4297
4299
4300
4301
4303
4305
4306
4307
4308
4311
4312
4314
4315
4316
4318
4319
4321
4322
4324
4325
4327
4328
4330
4332
4333
4335
4336
4337
4338
4340
4341
4343
4345
4346
4348
4349
4351
4352
4353
4355
4356
4358
4359
4361
4363
4365
4366
4367
4369
4370
4372
4374
4375
4376
4377
4380
4381
4382
4384
4386
4387
4388
4390
4391
4392
4394
4395
4397
4398
4400
4402
4404
4405
4407
4408
4410
4411
4413
4414
4415
4417
4419
4420
4421
4422
4424
4426
4427
4429
4430
4431
4433
4434
4436
4437
4439
4440
4443
4444
4445
4447
4448
4450
4452
4453
4454
4456
4458
4459
4460
4461
4463
4465
4466
4467
4469
4471
4472
4474
4475
4476
4478
4479
4481
4482
4484
4486
4487
4489
4490
4491
4493
4495
4496
4498
4500
4501
4502
4503
4506
4507
4508
4509
4512
4513
4514
4515
4517
4519
4521
4522
4524
4525
4526
4528
4530
4531
4532
4533
4535
4537
4539
4540
4542
4543
4544
4546
4547
4548
4551
4552
4554
4555
4557
4558
4559
4560
4562
4564
4565
4567
4568
4569
4571
4572
4574
4575
4577
4578
4580
4582
4584
4585
4586
4588
4589
4590
4592
4594
4595
4596
4598
4599
4601
4603
4604
4605
4607
4608
4610
4612
4614
4615
4616
4617
4619
4621
4623
4624
4626
4627
4629
4630
4631
4632
4634
4636
4638
4639
4641
4642
4643
4644
4647
4648
4649
4650
4652
4653
4656
4657
4659
4660
4661
4663
4665
4666
4667
4668
4670
4671
4673
4675
4676
4678
4680
4681
4682
4684
4685
4687
4689
4690
4691
4692
4695
4696
4697
4698
4701
4702
4703
4705
4706
4707
4710
4711
4713
4714
4715
4717
4718
4719
4721
4723
4724
4726
4728
4729
4731
4733
4735
4736
4739
4740
4742
4746
4747
4748
4750
4753
4754
4756
4760
4763
4764
4765
4767
4772
4774
4775
4776
4777
4781
4786
4788
4789
4791
4794
4795
4799
4801
4802
4803
4805
4807
4809
4810
4811
4814
4815
4816
4819
4820
4824
4826
4827
4828
4829
4834
4835
4836
4838
4839
4840
4841
4843
4845
4850
4852
4853
4854
4855
4856
4857
4858
4859
4860
4863
4865
4866
4869
4870
4874
4875
4878
4881
4882
4883
4888
4891
4892
4893
4898
4900
4903
4904
4905
4907
4910
4911
4913
4918
4919
4920
4923
4925
4926
4927
4928
4929
4932
4935
4939
4940
4945
4946
4948
4950
4952
4955
4957
4958
4960
4961
4962
4963
4964
4966
4968
4969
4973
4974
4975
4976
4977
4979
4981
4982
4987
4988
4990
4991
4993
4998
4999
5000
5001
5002
5003
5006
5009
5010
5011
5013
5016
5017
5019
5021
5022
5024
5025
5026
5027
5034
5035
5036
5037
5038
5039
5040
5041
5042
5043
5044
5048
5052
5059
5064
