s vc 60541 12190
2
3
32770
32772
6
7
32774
9
32776
11
32777
13
32780
15
32781
17
32784
19
32786
21
32787
23
32790
32792
26
27
32793
29
32795
32798
32
33
32799
32801
36
37
32804
32805
40
41
32808
43
32810
32812
46
32814
48
32816
50
32817
52
53
32819
32821
56
57
32823
59
32826
32827
62
63
32829
65
32831
67
32834
69
32835
32838
72
32840
74
75
32842
32844
78
32845
80
32847
82
83
32850
85
32852
87
32854
89
32855
32857
92
93
32859
32861
96
32864
98
99
32865
32867
102
32870
104
32871
106
32874
108
32875
110
32877
112
113
32880
115
32882
32883
118
32886
120
32888
122
32889
124
32891
126
32894
128
32895
130
32897
132
32900
134
32901
136
32903
138
139
32905
32908
142
32909
144
32912
146
147
32914
32915
150
32918
152
32919
154
32921
156
32924
158
32925
160
32928
162
163
32930
32932
166
167
32934
32936
170
32938
172
32940
174
32942
176
32944
178
32945
180
32947
182
32949
184
32952
186
187
32954
32955
190
32958
192
193
32959
32962
196
32963
198
32965
200
32967
202
32969
204
32972
206
32974
208
32975
210
32978
212
32979
214
32981
216
32983
218
32985
220
32988
222
32990
224
32991
226
32994
228
229
32996
32997
32999
33001
33003
33006
33007
33010
33011
33014
33015
33017
33020
33022
33024
33026
33027
33029
33031
33034
33035
33037
33040
33042
33044
33046
33047
33050
33051
33053
33056
33058
33059
33061
33064
33066
33067
33069
33071
33074
33075
33078
33079
33081
33083
33085
33088
33089
33092
33094
33095
33097
33099
33102
33103
33106
33107
33109
33111
33114
33115
33118
33119
33122
33124
33125
33127
33129
33132
33133
33136
33137
33139
33142
33144
33145
33147
33150
33151
33154
33156
33157
33160
33162
33164
33165
33167
33169
33171
33174
33176
33178
33180
33181
33183
33185
33187
33189
33191
33194
33195
33197
33199
33202
33203
33206
33208
33209
33212
33213
33216
33217
33220
33222
33224
33225
33228
33230
33232
33233
33236
33237
33240
33242
33243
33246
33248
33250
33251
33253
33255
33257
33260
33262
33264
33265
33267
33270
33271
33273
33275
33277
33279
33282
33284
33286
33287
33289
33292
33294
33296
33297
33300
33301
33303
33305
33308
33310
33311
33314
33316
33317
33319
33321
33323
33326
33327
33330
33332
33333
33335
33337
33339
33341
33344
33345
33348
33350
33351
33354
33355
33357
33360
33362
33364
33366
33367
33369
33372
33374
33376
33378
33379
33382
33383
33386
33388
33389
33391
33394
33396
33397
33400
33401
33403
33406
33408
33409
33412
33413
33415
33417
33420
33422
33423
33425
33428
33429
33432
33434
33436
33437
33439
33441
33443
33445
33448
33450
33451
33454
33455
33458
33459
33462
33463
33465
33468
33469
33472
33473
33475
33478
33480
33482
33483
33486
33487
33490
33491
33493
33495
33498
33499
33501
33503
33505
33508
33510
33511
33514
33516
33517
33519
33521
33524
33526
33527
33529
33532
33534
33535
33538
33539
33541
33543
33546
33547
33550
33551
33553
33555
33558
33559
33561
33563
33566
33567
33569
33572
33573
33575
33578
33579
33581
33583
33586
33587
33590
33592
33594
33596
33597
33600
33602
33603
33606
33608
33610
33611
33613
33615
33617
33619
33622
33623
33625
33627
33629
33632
33633
33636
33637
33639
33642
33644
33645
33647
33650
33652
33654
33655
33658
33659
33662
33664
33666
33668
33670
33671
33673
33676
33678
33679
33682
33684
33685
33688
33689
33691
33694
33695
33698
33699
33701
33703
33705
33707
33709
33711
33714
33716
33718
33719
33722
33723
33726
33727
33729
33732
33734
33736
33737
33739
33742
33743
33745
33747
33750
33752
33754
33756
33757
33760
33761
33763
33765
33767
33770
33772
33774
33776
33777
33779
33781
33784
33786
33787
33789
33792
33794
33795
33797
33800
33801
33803
33805
33807
33810
33811
33813
33816
33817
33820
33822
33823
33825
33827
33829
33831
33834
33836
33838
33839
33841
33844
33845
33847
33849
33851
33854
33856
33858
33860
33861
33863
33865
33868
33870
33871
33873
33875
33877
33879
33881
33883
33886
33888
33890
33891
33894
33895
33898
33899
33902
33904
33905
33907
33909
33911
33914
33916
33917
33920
33922
33924
33926
33927
33929
33931
33934
33935
33938
33939
33941
33943
33946
33947
33950
33951
33954
33955
33957
33960
33962
33964
33965
33967
33970
33971
33973
33976
33977
33979
33981
33984
33985
33988
33989
33991
33993
33996
33997
34000
34002
34004
34006
34007
34010
34012
34014
34016
34017
34020
34021
34024
34025
34028
34030
34032
34033
34035
34037
34039
34041
34043
34046
34047
34050
34052
34054
34056
34057
34059
34061
34064
34066
34068
34069
34072
34073
34075
34078
34079
34081
34084
34086
34087
34089
34092
34093
34096
34098
34100
34102
34104
34106
34107
34110
34111
34113
34115
34118
34119
34121
34124
34126
34128
34129
34131
34134
34135
34138
34140
34142
34144
34145
34147
34150
34152
34153
34155
34157
34160
34162
34164
34165
34167
34169
34172
34174
34175
34177
34180
34182
34183
34185
34187
34190
34192
34194
34196
34197
34200
34201
34203
34206
34208
34209
34212
34213
34215
34218
34219
34221
34223
34225
34228
34229
34231
34234
34235
34238
34239
34242
34244
34246
34248
34249
34251
34253
34256
34257
34260
34261
34263
34266
34267
34269
34272
34274
34275
34277
34279
34281
34283
34286
34287
34289
34291
34293
34295
34298
34299
34302
34304
34305
34308
34309
34312
34313
34315
34318
34319
34321
34324
34325
34328
34329
34332
34334
34336
34337
34339
34341
34344
34345
34348
34349
34352
34354
34356
34357
34359
34362
34364
34365
34368
34369
34372
34374
34375
34378
34379
34382
34384
34385
34388
34389
34392
34393
34396
34397
34399
34401
34404
34405
34408
34410
34411
34413
34415
34418
34420
34422
34424
34425
34428
34429
34432
34433
34435
34437
34439
34441
34444
34446
34447
34450
34452
34453
34455
34457
34459
34461
34463
34465
34467
34470
34471
34474
34476
34478
34479
34481
34484
34486
34488
34489
34492
34493
34495
34497
34500
34501
34504
34505
34508
34510
34511
34514
34515
34517
34520
34521
34523
34526
34527
34529
34531
34534
34536
34537
34539
34541
34544
34546
34548
34550
34551
34554
34556
34557
34559
34562
34563
34566
34567
34570
34571
34573
34575
34577
34580
34582
34583
34586
34587
34589
34592
34593
34596
34598
34600
34602
34603
34605
34607
34610
34612
34613
34615
34618
34619
34622
34623
34626
34627
34629
34632
34634
34636
34638
34640
34642
34644
34645
34648
34649
34652
34654
34655
34658
34659
34662
34664
34665
34667
34669
34672
34673
34676
34678
34680
34682
34684
34685
34687
34689
34691
34693
34695
34697
34700
34701
34704
34705
34707
34710
34712
34713
34716
34717
34719
34722
34723
34726
34728
34729
34731
34733
34735
34738
34739
34742
34744
34745
34748
34750
34752
34754
34755
34757
34759
34762
34763
34765
34768
34770
34772
34773
34775
34777
34780
34781
34784
34785
34787
34790
34792
34793
34796
34797
34800
34801
34803
34805
34807
34810
34812
34813
34815
34818
34820
34821
34824
34825
34827
34830
34831
34834
34836
34838
34840
34842
34843
34846
34848
34850
34852
34853
34856
34858
34859
34862
34864
34866
34867
34870
34872
34873
34875
34878
34880
34882
34883
34886
34888
34890
34891
34894
34895
34897
34900
34902
34903
34906
34907
34909
34911
34913
34916
34917
34920
34921
34924
34926
34927
34929
34932
34933
34935
34938
34939
34942
34943
34946
34948
34949
34952
34954
34955
34958
34960
34961
34964
34965
34968
34969
34971
34974
34976
34977
34979
34982
34984
34985
34988
34990
34991
34994
34996
34997
35000
35002
35004
35005
35008
35009
35011
35013
35016
35017
35019
35021
35023
35026
35028
35030
35031
35033
35035
35037
35039
35042
35044
35045
35048
35050
35051
35054
35056
35058
35060
35061
35064
35066
35068
35070
35072
35074
35076
35078
35079
35082
35084
35086
35087
35089
35091
35093
35095
35098
35100
35101
35104
35105
35107
35110
35111
35113
35115
35118
35120
35121
35123
35125
35128
35129
35131
35133
35136
35137
35140
35142
35143
35145
35147
35150
35151
35153
35156
35157
35160
35161
35164
35165
35167
35170
35172
35174
35176
35177
35179
35181
35184
35185
35188
35189
35192
35193
35196
35197
35199
35202
35204
35205
35208
35209
35212
35214
35216
35218
35220
35222
35223
35226
35227
35230
35232
35233
35236
35237
35240
35242
35243
35245
35248
35250
35251
35253
35256
35257
35259
35261
35264
35266
35268
35270
35272
35273
35275
35278
35280
35282
35284
35285
35287
35290
35291
35293
35296
35297
35300
35302
35304
35306
35308
35310
35311
35314
35316
35317
35320
35322
35323
35326
35328
35330
35331
35333
35335
35338
35339
35342
35343
35345
35347
35350
35351
35354
35356
35358
35359
35362
35364
35365
35367
35370
35372
35374
35375
35378
35380
35381
35383
35385
35387
35389
35392
35394
35396
35397
35400
35401
35404
35406
35407
35409
35411
35414
35415
35417
35419
35421
35423
35425
35427
35429
35432
35434
35436
35437
35440
35442
35444
35446
35448
35449
35451
35453
35455
35457
35459
35461
35463
35466
35468
35470
35471
35474
35476
35478
35479
35482
35483
35486
35488
35489
35492
35493
35496
35497
35499
35501
35504
35505
35507
35510
35511
35513
35516
35517
35519
35522
35523
35526
35527
35530
35532
35534
35535
35537
35539
35542
35543
35545
35548
35549
35552
35554
35556
35558
35559
35561
35564
35566
35567
35569
35572
35573
35575
35577
35580
35582
35584
35586
35588
35590
35591
35593
35595
35598
35600
35602
35603
35606
35608
35610
35612
35614
35615
35617
35620
35622
35623
35625
35628
35629
35632
35633
35636
35637
35640
35642
35644
35645
35648
35650
35651
35654
35656
35657
35660
35662
35664
35665
35668
35669
35671
35674
35676
35678
35680
35681
35684
35686
35687
35690
35692
35694
35695
35697
35699
35702
35703
35705
35707
35710
35712
35713
35715
35718
35720
35721
35724
35726
35728
35729
35731
35734
35735
35737
35739
35742
35744
35745
35747
35749
35751
35753
35755
35757
35759
35762
35764
35766
35767
35769
35772
35774
35775
35777
35779
35781
35783
35785
35787
35790
35792
35794
35796
35797
35799
35802
35803
35805
35808
35809
35811
35813
35815
35817
35820
35822
35823
35825
35827
35830
35832
35833
35835
35837
35839
35841
35843
35845
35847
35849
35851
35854
35856
35858
35860
35861
35863
35865
35868
35870
35872
35874
35875
35877
35879
35882
35884
35886
35888
35889
35891
35894
35896
35897
35900
35902
35904
35905
35907
35910
35912
35913
35916
35917
35920
35922
35924
35925
35927
35930
35932
35933
35935
35937
35940
35942
35943
35946
35948
35949
35952
35953
35955
35957
35960
35962
35963
35966
35967
35970
35972
35974
35976
35977
35980
35981
35983
35985
35988
35989
35992
35994
35996
35998
36000
36002
36003
36006
36007
36010
36012
36014
36015
36018
36020
36021
36023
36025
36027
36029
36031
36034
36036
36038
36039
36041
36043
36046
36048
36049
36051
36054
36055
36058
36060
36061
36064
36065
36067
36070
36072
36073
36075
36077
36079
36081
36083
36086
36088
36089
36092
36093
36095
36097
36099
36102
36104
36106
36108
36109
36112
36114
36116
36117
36120
36121
36123
36125
36127
36129
36132
36133
36135
36137
36139
36141
36143
36146
36147
36149
36152
36153
36156
36158
36160
36162
36164
36165
36167
36169
36172
36173
36175
36177
36179
36181
36183
36186
36187
36189
36191
36193
36195
36197
36199
36201
36203
36206
36207
36209
36212
36214
36216
36217
36220
36222
36224
36225
36228
36229
36231
36233
36235
36238
36240
36241
36243
36246
36248
36250
36252
36254
36256
36258
36259
36261
36263
36265
36267
36269
36272
36273
36275
36277
36279
36282
36283
36286
36287
36289
36292
36294
36296
36298
36300
36301
36303
36306
36308
36310
36311
36313
36316
36318
36319
36321
36324
36325
36327
36329
36332
36334
36335
36338
36340
36341
36344
36346
36347
36349
36351
36354
36356
36358
36360
36361
36363
36365
36368
36370
36372
36374
36375
36377
36379
36381
36383
36385
36387
36389
36392
36394
36396
36398
36400
36401
36403
36405
36408
36409
36411
36413
36415
36417
36420
36421
36424
36425
36428
36430
36432
36434
36436
36438
36440
36442
36443
36445
36448
36450
36451
36453
36455
36457
36460
36462
36463
36466
36468
36469
36472
36474
36475
36477
36480
36482
36483
36486
36488
36490
36492
36494
36496
36497
36499
36502
36503
36506
36508
36509
36511
36514
36515
36518
36520
36521
36523
36526
36528
36529
36531
36534
36536
36538
36539
36542
36544
36546
36547
36549
36551
36553
36556
36557
36559
36562
36564
36565
36567
36569
36571
36573
36576
36577
36580
36581
36583
36586
36588
36590
36591
36594
36595
36598
36600
36602
36603
36605
36607
36610
36611
36613
36616
36617
36620
36621
36623
36626
36627
36629
36632
36633
36636
36637
36639
36642
36643
36645
36648
36650
36652
36653
36656
36658
36659
36661
36663
36665
36667
36669
36671
36673
36675
36678
36679
36681
36683
36685
36687
36690
36692
36693
36695
36698
36700
36702
36704
36705
36707
36709
36712
36713
36715
36717
36720
36722
36724
36726
36727
36729
36731
36734
36735
36738
36740
36741
36743
36746
36748
36749
36752
36754
36755
36757
36760
36762
36763
36766
36767
36769
36772
36773
36776
36777
36780
36782
36783
36785
36788
36789
36792
36793
36796
36798
36800
36802
36803
36805
36807
36809
36812
36813
36816
36817
36820
36822
36823
36825
36828
36829
36832
36834
36836
36837
36840
36841
36844
36846
36847
36850
36851
36853
36855
36858
36860
36861
36863
36866
36867
36870
36871
36873
36876
36878
36879
36882
36884
36885
36887
36890
36891
36893
36895
36897
36900
36901
36903
36906
36908
36909
36911
36913
36915
36918
36919
36921
36924
36925
36928
36930
36932
36933
36936
36938
36939
36941
36943
36946
36948
36949
36951
36954
36955
36958
36959
36961
36964
36965
36968
36970
36971
36974
36976
36978
36980
36981
36983
36986
36988
36990
36991
36993
36996
36997
36999
37001
37004
37006
37007
37009
37011
37013
37015
37018
37019
37021
37024
37026
37028
37030
37032
37034
37036
37037
37039
37042
37044
37045
37048
37050
37052
37054
37056
37057
37060
37062
37063
37065
37067
37069
37071
37073
37076
37077
37079
37081
37084
37085
37087
37090
37092
37093
37095
37098
37099
37101
37103
37106
37108
37110
37111
37114
37116
37117
37120
37121
37124
37125
37127
37130
37131
37133
37135
37137
37139
37141
37143
37146
37148
37149
37152
37154
37156
37157
37160
37161
37164
37165
37168
37170
37172
37173
37176
37177
37179
37181
37184
37186
37188
37189
37191
37193
37195
37197
37199
37201
37203
37205
37207
37209
37212
37214
37216
37218
37220
37221
37223
37225
37227
37229
37232
37234
37236
37238
37240
37241
37243
37245
37247
37249
37251
37253
37255
37257
37259
37261
37263
37266
37268
37270
37271
37273
37275
37277
37279
37281
37283
37285
37288
37290
37292
37294
37296
37298
37299
37301
37303
37305
37307
37309
37311
37314
37316
37318
37319
37321
37323
37326
37328
37329
37332
37333
37336
37337
37340
37341
37344
37345
37348
37350
37351
37354
37355
37358
37360
37362
37364
37366
37368
37369
37371
37373
37376
13226
13228
13231
13233
13235
13237
13239
13241
13243
13245
13247
13248
13250
13252
13255
13256
13259
13261
13262
13264
13267
13269
13270
13272
13274
13277
13278
13281
13282
13284
13287
13288
13291
13293
13294
13296
13298
13301
13302
13304
13306
13309
13311
13313
13315
13316
13319
13321
13323
13324
13327
13328
13330
13333
13334
13337
13338
13340
13343
13345
13347
13348
13351
13352
13355
13357
13359
13361
13362
13364
13366
13368
13370
13373
13374
13377
13379
13381
13383
13384
13386
13389
13390
13393
13394
13397
13398
13400
13403
13404
13406
13409
13411
13412
13414
13417
13419
13421
13422
13425
13427
13429
13431
13432
13435
13437
13440
13441
13444
13445
13447
13449
13452
13453
13455
13458
13460
13462
13463
13465
13468
13470
13472
13474
13475
13478
13479
13482
13484
13485
13487
13489
13491
13494
13496
13498
13499
13502
13504
13505
13507
13510
13511
13513
13515
13517
13519
13521
13523
13526
13527
13530
13531
13534
13536
13537
13539
13542
13544
13546
13547
13550
13551
13554
13555
13558
13559
13561
13564
13565
13567
13569
13571
13573
13575
13577
13579
13582
13584
13586
13587
13590
13591
13594
13595
13598
13599
13601
13603
13606
13608
13610
13612
13614
13615
13618
13620
13622
13623
13626
13628
13630
13632
13633
13636
13638
13639
13642
13644
13646
13648
13649
13651
13653
13655
13657
13660
13662
13664
13666
13668
13670
13671
13674
13675
13677
13680
13682
13683
13686
13687
13690
13692
13693
13695
13697
13700
13701
13703
13705
13707
13710
13711
13713
13716
13718
13720
13721
13723
13725
13728
13730
13732
13733
13735
13737
13739
13741
13743
13745
13748
13749
13751
13753
13756
13757
13760
13762
13763
13766
13768
13769
13772
13774
13776
13777
13780
13782
13784
13785
13788
13789
13791
13793
13796
13797
13799
13802
13804
13806
13808
13809
13812
13814
13816
13817
13819
13822
13824
13825
13827
13829
13831
13834
13836
13837
13840
13842
13844
13846
13847
13850
13851
13854
13856
13857
13860
13861
13864
13865
13867
13870
13872
13874
13875
13878
13879
13881
13884
13886
13888
13889
13891
13894
13896
13897
13900
13901
13904
13905
13907
13909
13911
13913
13916
13918
13920
13921
13924
13926
13927
13930
13932
13934
13936
13937
13940
13942
13944
13945
13948
13949
13951
13954
13956
13958
13960
13961
13963
13965
13968
13970
13972
13973
13975
13978
13980
13981
13984
13986
13987
13990
13991
13993
13995
13997
14000
14001
14003
14006
14008
14010
14011
14013
14016
14018
14020
14021
14024
14026
14028
14030
14031
14033
14035
14037
14040
14042
14044
14046
14047
14050
14051
14053
14056
14058
14059
14061
14063
14065
14067
14070
14072
14073
14076
14077
14079
14081
14083
14086
14087
14090
14092
14093
14095
14098
14100
14102
14104
14105
14108
14109
14112
14114
14115
14117
14120
14121
14124
14126
14128
14129
14131
14134
14135
14137
14140
14142
14144
14146
14147
14149
14151
14153
14156
14157
14160
14161
14164
14166
14167
14170
14171
14173
14176
14178
14180
14182
14184
14185
14187
14189
14191
14193
14196
14197
14199
14201
14203
14205
14207
14209
14212
14213
14215
14217
14219
14222
14224
14226
14228
14229
14231
14234
14236
14237
14240
14242
14243
14246
14248
14250
14251
14254
14255
14257
14260
14261
14263
14266
14268
14270
14272
14274
14275
14278
14280
14281
14283
14285
14288
14290
14291
14293
14296
14297
14300
14301
14304
14305
14308
14310
14312
14314
14316
14318
14319
14321
14324
14325
14328
14329
14332
14333
14335
14337
14340
14341
14344
14346
14348
14349
14352
14354
14355
14358
14360
14361
14364
14366
14367
14369
14371
14374
14376
14377
14380
14381
14384
14386
14387
14390
14392
14394
14395
14397
14399
14402
14403
14405
14407
14409
14411
14413
14416
14417
14420
14421
14423
14425
14428
14430
14431
14434
14436
14437
14440
14441
14444
14445
14448
14449
14452
14454
14455
14457
14459
14462
14463
14465
14467
14469
14471
14474
14476
14478
14480
14481
14484
14485
14488
14490
14492
14493
14495
14497
14499
14501
14504
14506
14508
14509
14511
14514
14515
14518
14519
14522
14523
14526
14528
14529
14532
14533
14536
14538
14540
14541
14544
14545
14547
14550
14551
14553
14556
14557
14560
14562
14564
14565
14568
14570
14572
14574
14575
14577
14579
14581
14583
14585
14588
14589
14591
14594
14595
14598
14600
14601
14604
14605
14608
14610
14611
14614
14615
14618
14619
14622
14624
14625
14628
14630
14631
14634
14635
14638
14639
14641
14644
14646
14648
14649
14651
14653
14655
14658
14659
14662
14664
14665
14667
14669
14672
14673
14676
14677
14679
14681
14683
14686
14688
14690
14692
14694
14696
14697
14699
14701
14704
14706
14708
14709
14712
14713
14715
14717
14720
14722
14724
14725
14728
14730
14732
14733
14735
14737
14740
14741
14743
14746
14747
14749
14752
14753
14755
14757
14760
14762
14763
14766
14767
14769
14771
14773
14775
14777
14780
14782
14783
14785
14788
14790
14792
14793
14795
14797
14799
14802
14803
14806
14808
14809
14812
14814
14816
14817
14819
14821
14824
14825
14828
14830
14831
14833
14835
14837
14840
14841
14843
14845
14848
14850
14852
14853
14856
14858
14860
14861
14864
14866
14868
14869
14872
14874
14876
14877
14879
14882
14884
14886
14888
14890
14891
14893
14895
14898
14899
14902
14903
14905
14907
14910
14912
14914
14916
14917
14920
14921
14923
14925
14928
14929
14932
14934
14936
14938
14939
14941
14943
14945
14947
14950
14952
14954
14955
14958
14959
14961
14963
14966
14968
14970
14971
14973
14976
14978
14979
14982
14983
14986
14988
14990
14992
14993
14995
14998
14999
15002
15003
15006
15008
15010
15012
15013
15016
15018
15020
15022
15023
15026
15028
15029
15031
15034
15036
15037
15040
15042
15043
15046
15048
15049
15052
15053
15055
15058
15059
15062
15064
15065
15067
15070
15072
15074
15076
15077
15080
15082
15084
15085
15088
15089
15092
15094
15096
15098
15099
15102
15104
15105
15108
15110
15112
15114
15115
15118
15119
15122
15124
15125
15128
15130
15131
15134
15135
15138
15139
15142
15144
15145
15147
15149
15151
15153
15156
15158
15160
15162
15163
15165
15168
15170
15171
15174
15175
15177
15180
15181
15184
15186
15187
15189
15191
15193
15195
15198
15199
15201
15204
15205
15208
15210
15212
15213
15216
15218
15219
15221
15224
15225
15228
15230
15232
15233
15236
15237
15239
15241
15244
15246
15247
15249
15252
15253
15256
15257
15260
15262
15264
15265
15267
15270
15271
15273
15275
15278
15280
15282
15284
15286
15288
15289
15292
15293
15295
15297
15299
15302
15304
15306
15308
15309
15312
15314
15316
15317
15319
15321
15323
15326
15327
15329
15332
15333
15335
15338
15340
15342
15343
15346
15347
15349
15351
15354
15356
15357
15359
15361
15363
15366
15367
15369
15372
15373
15375
15378
15379
15382
15384
15386
15387
15390
15392
15394
15395
15398
15400
15402
15403
15405
15407
15409
15411
15413
15415
15417
15419
15421
15424
15426
15427
15429
15431
15434
15436
15437
15440
15441
15443
15445
15448
15449
15452
15454
15456
15458
15459
15461
15463
15465
15468
15469
15471
15473
15476
15477
15479
15481
15484
15486
15488
15490
15492
15494
15496
15497
15500
15502
15504
15505
15508
15510
15512
15514
15516
15517
15520
15521
15524
15526
15528
15529
15531
15534
15535
15537
15540
15542
15543
15545
15547
15549
15551
15553
15556
15557
15560
15562
15564
15565
15567
15569
15572
15573
15576
15577
15579
15581
15583
15586
15587
15590
15592
15593
15595
15598
15599
15601
15604
15606
15607
15610
15612
15614
15615
15618
15619
15621
15624
15625
15628
15630
15631
15634
15635
15637
15639
15641
15643
15645
15648
15650
15651
15654
15656
15658
15660
15661
15664
15666
15668
15669
15672
15673
15676
15678
15680
15682
15683
15685
15688
15689
15691
15694
15696
15697
15700
15701
15703
15705
15708
15709
15711
15714
15716
15718
15720
15722
15723
15725
15728
15730
15732
15733
15735
15737
15739
15741
15743
15745
15748
15750
15752
15754
15756
15757
15759
15762
15763
15766
15767
15770
15771
15774
15776
15778
15780
15782
15784
15786
15788
15789
15792
15793
15795
15797
15800
15801
15803
15805
15808
15810
15812
15813
15815
15818
15819
15822
15823
15825
15827
15830
15832
15834
15836
15837
15839
15841
15844
15845
15848
15849
15851
15853
15856
15857
15859
15862
15863
15865
15867
15869
15871
15873
15876
15877
15879
15882
15884
15885
15888
15890
15891
15893
15895
15897
15899
15901
15904
15905
15907
15909
15911
15914
15916
15918
15919
15922
15924
15926
15927
15929
15932
15934
15936
15938
15940
15941
15943
15945
15948
15949
15951
15953
15956
15957
15960
15961
15964
15966
15967
15970
15972
15974
15976
15978
15980
15982
15984
15986
15987
15989
15991
15993
15996
15998
16000
16002
16004
16006
16007
16010
16011
16013
16015
16017
16019
16022
16023
16026
16027
16030
16032
16034
16036
16037
16039
16041
16044
16045
16048
16049
16051
16053
16055
16058
16059
16061
16064
16066
16068
16070
16071
16073
16075
16078
16079
16081
16084
16086
16088
16090
16092
16093
16096
16098
16099
16101
16103
16105
16108
16109
16111
16113
16115
16118
16120
16121
16123
16126
16127
16129
16132
16133
16135
16138
16139
16141
16143
16146
16147
16150
16151
16153
16156
16157
16160
16162
16164
16166
16168
16169
16172
16173
16175
16178
16180
16182
16184
16186
16187
16189
16191
16194
16196
16198
16200
16202
16203
16205
16207
16209
16212
16214
16215
16218
16220
16222
16223
16225
16228
16230
16232
16234
16236
16238
16239
16242
16244
16246
16247
16250
16251
16254
16256
16258
16259
16262
16264
16265
16268
16270
16272
16274
16276
16277
16280
16281
16284
16285
16288
16289
16292
16293
16295
16298
16299
16302
16303
16306
16308
16309
16312
16313
16315
16317
16319
16321
16324
16326
16328
16329
16332
16333
16336
16338
16339
16342
16343
16346
16348
16349
16351
16354
16356
16358
16360
16361
16363
16365
16367
16369
16372
16374
16375
16377
16379
16381
16383
16385
16387
16389
16391
16394
16395
16397
16399
16401
16403
16405
16408
16409
16411
16413
16416
16418
16419
16421
16423
16425
16427
16429
16432
16433
16435
16438
16439
16442
16444
16446
16448
16449
16451
16454
16456
16458
16459
16462
16463
16465
16467
16470
16471
16473
16476
16477
16480
16481
16484
16486
16488
16489
16491
16494
16496
16497
16499
16502
16503
16505
16507
16510
16511
16514
16515
16517
16520
16521
16523
16526
16527
16529
16531
16534
16536
16537
16539
16541
16544
16545
16548
16550
16552
16553
16556
16557
16559
16561
16563
16565
16567
16570
16572
16573
16575
16578
16579
16581
16583
16586
16588
16589
16592
16593
16595
16597
16600
16601
16603
16605
16608
16609
16611
16613
16616
16618
16619
16622
16624
16625
16628
16630
16631
16633
16635
16638
16639
16641
16643
16645
16648
16649
16652
16654
16656
16658
16660
16661
16664
16665
16668
16669
16672
16674
16675
16677
16680
16681
16683
16685
16687
16690
16692
16693
16696
16698
16700
16702
16704
16705
16708
16709
16712
16714
16716
16717
16720
16722
16723
16725
16728
16729
16731
16734
16735
16737
16739
16742
16743
16746
16747
16750
16752
16754
16756
16757
16759
16762
16763
16766
16768
16769
16771
16774
16775
16778
16779
16781
16784
16786
16787
16790
16791
16793
16796
16798
16799
16802
16804
16805
16808
16810
16811
16814
16815
16817
16820
16821
16823
16826
16827
16829
16831
16834
16836
16837
16840
16841
16844
16846
16847
16849
16852
16854
16855
16858
16860
16861
16864
16866
16868
16869
16872
16874
16875
16877
16879
16882
16883
16886
16887
16890
16892
16894
16896
16898
16899
16902
16903
16906
16907
16909
16911
16913
16916
16917
16919
16921
16923
16926
16927
16929
16932
16934
16935
16938
16939
16942
16944
16946
16947
16950
16951
16954
16956
16958
16959
16962
16963
16965
16967
16970
16972
16974
16975
16978
16979
16982
16984
16986
16988
16989
16992
16994
16995
16997
16999
17001
17003
17005
17007
17009
17012
17014
17016
17017
17020
17022
17023
17026
17028
17029
17031
17034
17035
17037
17040
17041
17044
17046
17047
17050
17051
17053
17056
17058
17060
17061
17064
17065
17067
17070
17071
17073
17076
17078
17079
17082
17083
17085
17088
17090
17091
17094
17095
17098
17100
17102
17104
17105
17107
17110
17111
17113
17115
17118
17120
17121
17123
17126
17128
17130
17132
17133
17135
17137
17139
17141
17144
17146
17147
17150
17151
17153
17156
17158
17160
17161
17163
17165
17168
17169
17172
17174
17175
17178
17180
17182
17184
17186
17187
17189
17192
17193
17195
17197
17199
17202
17204
17206
17207
17209
17211
17213
17216
17217
17219
17221
17224
17226
17227
17229
17231
17233
17235
17238
17239
17241
17243
17245
17248
17250
17252
17254
17255
17257
17259
17262
17263
17265
17267
17269
17272
17274
17276
17278
17279
17282
17283
17286
17288
17290
17292
17293
17295
17297
17300
17301
17303
17306
17308
17310
17311
17314
17315
17317
17320
17322
17323
17325
17328
17330
17331
17333
17335
17338
17340
17341
17343
17345
17347
17349
17352
17353
17356
17358
17360
17361
17364
17366
17367
17370
17372
17373
17375
17377
17379
17382
17383
17386
17388
17390
17392
17393
17396
17398
17400
17401
17403
17405
17407
17410
17412
17413
17416
17418
17420
17422
17424
17426
17428
17429
17432
17434
17435
17437
17439
17441
17443
17445
17448
17449
17452
17453
17455
17458
17459
17461
17464
17466
17467
17469
17472
17473
17475
17477
17479
17481
17484
17485
17488
17490
17491
17493
17495
17498
17499
17502
17504
17505
17507
17510
17512
17514
17516
17517
17520
17521
17523
17526
17528
17529
17532
17534
17535
17537
17540
17542
17544
17546
17547
17550
17551
17554
17555
17558
17559
17561
17563
17566
17567
17569
17571
17573
17576
17578
17580
17582
17584
17586
17587
17589
17592
17593
17596
17597
17600
17601
17604
17605
17608
17610
17611
17613
17615
17617
17619
17622
17623
17626
17627
17630
17632
17633
17635
17637
17640
17641
17644
17645
17648
17649
17652
17653
17655
17658
17659
17662
17664
17666
17667
17670
17672
17674
17675
17678
17680
17681
17684
17685
17687
17690
17691
17693
17696
17698
17700
17701
17703
17706
17708
17709
17711
17714
17716
17717
17720
17721
17724
17725
17728
17729
17732
17733
17735
17737
17739
17741
17744
17745
17748
17749
17751
17753
17755
17758
17760
17761
17764
17765
17768
17769
17772
17773
17775
17778
17779
17782
17783
17785
17787
17789
17791
17793
17796
17797
17800
17801
17804
17806
17808
17809
17812
17814
17815
17817
17819
17821
17823
17826
17828
17830
17832
17833
17836
17837
17840
17841
17843
17845
17848
17849
17851
17853
17855
17857
17859
17862
17863
17866
17868
17870
17872
17874
17876
17878
17880
17881
17884
17885
17887
17890
17891
17894
17895
17897
17900
17901
17903
17905
17907
17909
17912
17913
17916
17917
17919
17922
17924
17926
17928
17929
17932
17933
17936
17938
17939
17942
17943
17945
17948
17949
17952
17953
17955
17957
17959
17961
17963
17966
17968
17969
17971
17974
17976
17978
17979
17982
17983
17985
17988
17989
17991
17994
17996
17998
17999
18002
18004
18006
18008
18009
18011
18014
18016
18018
18019
18021
18023
18026
18028
18030
18031
18033
18036
18037
18039
18042
18043
18045
18047
18049
18051
18053
18055
18057
18059
18062
18064
18065
18067
18070
18072
18074
18075
18077
18080
18081
18084
18085
18088
18089
18091
18093
18096
18097
18100
18102
18103
18105
18107
18110
18111
18113
18116
18118
18119
18121
18124
18126
18127
18129
18131
18134
18136
18137
18139
18141
18143
18145
18147
18149
18152
18154
18156
18157
18159
18162
18163
18165
18168
18170
18171
18173
18176
18178
18180
18182
18184
18186
18188
18190
18191
18194
18196
18197
18199
18202
18203
18206
18207
18210
18212
18214
18215
18218
18219
18221
18224
18226
18227
18229
18231
18233
18236
18237
18239
18241
18244
18246
18248
18250
18251
18254
18256
18258
18260
18261
18264
18266
18268
18269
18271
18273
18276
18277
18279
18281
18283
18285
18288
18290
18291
18294
18296
18297
18299
18301
18303
18306
18308
18309
18312
18314
18315
18318
18319
18322
18323
18326
18327
18329
18332
18333
18335
18337
18339
18342
18343
18345
18348
18349
18352
18353
18356
18357
18360
18361
18364
18366
18367
18370
18371
18373
18376
18377
18380
18381
18383
18385
18387
18390
18392
18393
18396
18397
18399
18402
18403
18406
18407
18410
18411
18414
18415
18417
18420
18421
18424
18426
18428
18429
18431
18434
18435
18438
18439
18442
18444
18446
18447
18449
18451
18453
18455
18458
18460
18461
18464
18466
18467
18470
18472
18474
18476
18477
18480
18481
18483
18485
18488
18489
18492
18494
18496
18497
18500
18502
18504
18506
18507
18510
18512
18514
18516
18517
18520
18522
18523
18526
18528
18530
18531
18534
18535
18537
18540
18542
18543
18546
18547
18550
18552
18554
18555
18558
18559
18561
18563
18565
18568
18569
18571
18574
18575
18577
18580
18582
18583
18586
18588
18589
18591
18593
18595
18598
18600
18601
18604
18606
18608
18610
18612
18614
18615
18617
18620
18622
18623
18626
18627
18630
18632
18634
18636
18637
18639
18641
18643
18645
18647
18650
18652
18654
18656
18657
18659
18662
18664
18666
18668
18670
18672
18673
18675
18677
18680
18682
18683
18685
18688
18689
18692
18693
18696
18698
18700
18702
18704
18706
18708
18709
18712
18714
18715
18718
18719
18721
18723
18725
18728
18730
18732
18734
18735
18737
18739
18741
18744
18746
18747
18749
18751
18754
18755
18757
18759
18761
18763
18765
18768
18770
18772
18773
18775
18778
18780
18781
18784
18786
18787
18789
18791
18793
18795
18798
18799
18801
18803
18806
18807
18809
18812
18813
18815
18818
18819
18821
18824
18826
18827
18829
18832
18833
18835
18838
18840
18841
18844
18845
18848
18850
18852
18854
18855
18857
18859
18861
18863
18865
18868
18869
18872
18874
18876
18877
18879
18881
18884
18886
18887
18890
18891
18893
18896
18898
18899
18902
18903
18906
18907
18909
18911
18914
18916
18918
18920
18921
18924
18925
18927
18929
18932
18933
18936
18937
18940
18941
18944
18946
18948
18949
18952
18954
18955
18957
18960
18962
18963
18965
18967
18970
18972
18974
18975
18978
18979
18982
18984
18985
18987
18990
18992
18994
18996
18998
18999
19001
19003
19006
19008
19009
19011
19013
19015
19017
19019
19022
19024
19025
19027
19030
19031
19033
19036
19038
19040
19041
19044
19046
19047
19050
19051
19053
19056
19058
19060
19061
19064
19065
19068
19070
19071
19074
19076
19078
19079
19082
19083
19085
19087
19090
19092
19093
19095
19098
19100
19102
19104
19106
19108
19110
19111
19113
19116
19118
19119
19121
19123
19126
19127
19129
19131
19134
19135
19137
19140
19141
19144
19146
19148
19150
19152
19154
19156
19158
19160
19162
19163
19166
19168
19170
19171
19173
19176
19178
19179
19181
19184
19186
19188
19190
19192
19193
19195
19198
19200
19202
19204
19206
19208
19209
19211
19214
19216
19217
19220
19221
19223
19225
19227
19230
19232
19233
19235
19237
19239
19242
19244
19246
19247
19249
19251
19253
19255
19257
19259
19262
19263
19265
19267
19270
19271
19273
19275
19278
19279
19282
19283
19286
19288
19289
19292
19294
19296
19297
19299
19302
19303
19306
19307
19310
19312
19314
19316
19318
19319
19322
19324
19325
19327
19330
19332
19334
19335
19338
19339
19341
19344
19346
19347
19349
19352
19353
19356
19357
19359
19361
19364
19365
19367
19369
19371
19374
19375
19378
19379
19382
19383
19385
19387
19390
19391
19393
19395
19397
19400
19401
19404
19405
19407
19409
19411
19414
19416
19418
19420
19422
19424
19425
19427
19429
19431
19434
19435
19437
19439
19442
19443
19445
19448
19450
19451
19453
19455
19458
19460
19462
19463
19466
19467
19469
19472
19474
19476
19478
19479
19482
19484
19485
19488
19489
19491
19493
19496
19498
19500
19502
19504
19505
19507
19510
19511
19514
19516
19518
19519
19521
19524
19525
19527
19529
19532
19533
19536
19537
19540
19541
19544
19545
19547
19550
19552
19554
19556
19558
19559
19561
19564
19565
19568
19569
19571
19573
19576
19578
19580
19581
19584
19586
19587
19589
19592
19593
19596
19598
19600
19601
19603
19605
19608
19610
19612
19613
19615
19617
19619
19622
19623
19625
19628
19630
19631
19633
19635
19637
19639
19642
19643
19645
19647
19649
19651
19654
19655
19657
19659
19662
19664
19666
19668
19670
19672
19673
19675
19677
19679
19681
19684
19686
19688
19689
19692
19693
19696
19698
19700
19702
19703
19705
19708
19709
19712
19713
19715
19718
19719
19722
19723
19726
19727
19730
19731
19734
19735
19737
19739
19741
19743
19746
19747
19750
19751
19754
19756
19757
19760
19762
19764
19765
19768
19769
19772
19774
19775
19778
19779
19782
19784
19786
19787
19789
19791
19794
19796
19798
19800
19801
19804
19806
19808
19810
19811
19814
19816
19818
19819
19822
19823
19826
19828
19830
19831
19834
19836
19838
19840
19841
19844
19846
19848
19850
19852
19853
19856
19857
19859
19861
19863
19866
19868
19870
19872
19873
19876
19877
19880
19881
19884
19886
19888
19889
19891
19894
19895
19898
19899
19902
19903
19905
19908
19910
19911
19913
19916
19917
19920
19922
19923
19926
19927
19930
19932
19933
19935
19938
19939
19942
19944
19946
19947
19950
19952
19954
19956
19957
19959
19962
19963
19965
19967
19969
19972
19973
19976
19978
19980
19982
19984
19986
19988
19989
19992
19993
19995
19997
20000
20002
20004
20005
20008
20009
20012
20014
20016
20018
20020
20021
20024
20025
20028
20029
20032
20033
20036
20037
20039
20041
20043
20046
20047
20050
20051
20054
20056
20057
20059
20062
20063
20065
20067
20069
20071
20073
20076
20078
20080
20082
20084
20085
20088
20090
20091
20093
20096
20097
20099
20102
20104
20105
20107
20109
20112
20113
20116
20117
20120
20122
20123
20126
20128
20129
20131
20133
20135
20138
20139
20141
20143
20146
20148
20150
20151
20153
20156
20157
20159
20162
20164
20165
20167
20170
20171
20174
20176
20178
20179
20182
20183
20186
20187
20189
20192
20194
20196
20197
20200
20201
20203
20206
20208
20209
20212
20214
20216
20217
20220
20221
20224
20225
20227
20230
20231
20234
20236
20238
20239
20241
20243
20246
20248
20249
20252
20254
20255
20257
20259
20261
20263
20266
20268
20270
20272
20274
20276
20278
20279
20281
20284
20285
20288
20290
20292
20293
20295
20297
20299
20302
20303
20305
20308
20310
20312
20314
20315
20318
20319
20322
20324
20326
20327
20329
20332
20334
20336
20338
20339
20342
20343
20345
20347
20349
20351
20354
20355
20358
20359
20361
20363
20365
20368
20369
20371
20373
20375
20377
20379
20382
20384
20385
20387
20390
20392
20393
20395
20398
20400
20402
20403
20406
20407
20409
20411
20413
20416
20417
20419
20422
20423
20426
20428
20429
20431
20434
20436
20437
20439
20442
20444
20446
20447
20450
20452
20454
20455
20458
20459
20462
20463
20466
20468
20469
20471
20473
20475
20478
20480
20481
20483
20486
20488
20489
20492
20494
20495
20497
20499
20502
20503
20505
20508
20510
20511
20513
20516
20518
20520
20521
20524
20526
20528
20529
20531
20534
20536
20537
20539
20541
20544
20545
20548
20550
20552
20554
20556
20557
20560
20562
20563
20565
20567
20570
20572
20574
20576
20577
20580
20581
20583
20586
20587
20590
20591
20593
20595
20598
20599
20601
20603
20605
20608
20610
20612
20614
20615
20617
20620
20622
20623
20625
20628
20630
20631
20634
20635
20638
20639
20642
20643
20645
20647
20649
20651
20654
20655
20658
20659
20662
20664
20666
20667
20669
20672
20674
20675
20677
20679
20682
20684
20685
20688
20690
20691
20694
20695
20698
20700
20701
20703
20705
20707
20710
20711
20714
20715
20717
20720
20721
20724
20726
20727
20730
20731
20733
20735
20738
20739
20742
20743
20746
20747
20750
20752
20753
20755
20757
20759
20761
20763
20765
20768
20770
20772
20774
20776
20777
20779
20782
20783
20785
20788
20789
20792
20793
20795
20797
20800
20801
20804
20805
20807
20810
20812
20813
20816
20817
20820
20822
20824
20825
20828
20829
20831
20834
20836
20838
20840
20842
20843
20846
20848
20849
20852
20853
20855
20857
20860
20861
20863
20865
20867
20869
20871
20874
20876
20877
20879
20882
20883
20886
20887
20889
20892
20893
20896
20897
20900
20901
20903
20906
20908
20910
20912
20913
20916
20917
20919
20921
20923
20926
20927
20930
20932
20933
20935
20937
20940
20941
20944
20945
20948
20950
20951
20953
20956
20958
20960
20961
20963
20965
20968
20969
20971
20973
20976
20977
20979
20981
20983
20986
20987
20989
20991
20994
20996
20998
21000
21001
21003
21006
21008
21010
21012
21013
21015
21017
21019
21022
21024
21026
21028
21030
21032
21034
21035
21037
21039
21041
21044
21046
21048
21050
21052
21054
21055
21058
21059
21061
21064
21066
21067
21070
21071
21074
21076
21077
21079
21082
21083
21085
21088
21089
21091
21093
21096
21097
21099
21101
21104
21105
21108
21110
21112
21113
21115
21118
21120
21121
21123
21125
21128
21129
21132
21134
21135
21137
21139
21142
21143
21146
21147
21149
21152
21153
21155
21158
21160
21161
21164
21166
21167
21169
21172
21173
21175
21178
21179
21182
21183
21186
21187
21190
21191
21194
21196
21198
21199
21202
21203
21206
21208
21209
21212
21214
21215
21217
21219
21222
21224
21226
21227
21230
21232
21234
21236
21237
21239
21242
21243
21245
21248
21250
21252
21254
21256
21258
21259
21261
21264
21266
21267
21270
21271
21273
21276
21278
21279
21282
21284
21286
21287
21290
21291
21293
21296
21298
21299
21301
21303
21306
21307
21310
21311
21313
21316
21318
21319
21322
21324
21326
21327
21330
21332
21334
21336
21338
21339
21341
21344
21345
21347
21350
21351
21354
21355
21358
21360
21361
21364
21366
21367
21370
21372
21374
21375
21378
21380
21382
21383
21385
21388
21390
21391
21393
21396
21398
21399
21401
21403
21405
21407
21409
21411
21413
21415
21418
21420
21421
21424
21425
21428
21429
21432
21433
21435
21438
21439
21442
21443
21445
21448
21449
21452
21454
21455
21457
21460
21462
21463
21466
21468
21469
21471
21474
21476
21477
21480
21482
21483
21486
21488
21489
21491
21494
21495
21498
21499
21502
21503
21505
21507
21509
21512
21514
21515
21517
21520
21522
21524
21526
21528
21529
21532
21533
21535
21537
21540
21541
21543
21546
21548
21549
21551
21553
21555
21558
21560
21561
21564
21566
21567
21570
21571
21573
21576
21578
21579
21581
21584
21586
21587
21590
21591
21594
21595
21598
21599
21602
21604
21605
21608
21609
21611
21614
21615
21618
21620
21621
21623
21625
21627
21629
21631
21634
21635
21637
21639
21642
21643
21645
21648
21649
21652
21654
21655
21658
21659
21661
21664
21666
21667
21669
21671
21674
21676
21677
21680
21681
21683
21686
21688
21689
21692
21693
21695
21698
21700
21702
21704
21705
21708
21709
21711
21714
21716
21718
21719
21722
21724
21725
21727
21730
21731
21733
21736
21737
21739
21742
21743
21745
21747
21749
21752
21753
21755
21757
21760
21762
21764
21765
21767
21770
21772
21773
21776
21778
21779
21781
21783
21786
21788
21790
21791
21793
21796
21797
21800
21801
21804
21805
21807
21810
21812
21814
21815
21817
21820
21821
21824
21825
21828
21830
21831
21834
21836
21837
21839
21842
21844
21845
21848
21850
21852
21854
21855
21858
21860
21861
21864
21866
21867
21870
21871
21873
21876
21878
21880
21882
21884
21886
21888
21889
21891
21893
21896
21897
21899
21902
21904
21905
21907
21910
21912
21914
21915
21917
21919
21921
21924
21926
21928
21930
21931
21934
21936
21937
21940
21941
21943
21946
21947
21949
21952
21954
21955
21957
21960
21961
21964
21965
21968
21970
21971
21974
21975
21978
21980
21981
21984
21986
21987
21990
21992
21993
21996
21998
21999
22002
22003
22006
22007
22010
22011
22013
22015
22017
22019
22021
22024
22026
22028
22030
22032
22033
22036
22038
22040
22042
22043
22045
22048
22050
22051
22053
22056
22057
22059
22062
22064
22066
22068
22070
22072
22073
22075
22078
22079
22082
22084
22085
22087
22089
22092
22094
22096
22098
22099
22102
22104
22106
22108
22110
22111
22114
22115
22118
22120
22122
22124
22125
22128
22130
22131
22134
22136
22138
22139
22141
22144
22146
22147
22149
22151
22153
22156
22157
22159
22162
22163
22166
22167
22170
22171
22173
22175
22178
22179
22182
22184
22185
22187
22190
22192
22193
22195
22197
22200
22201
22203
22205
22207
22210
22211
22213
22216
22217
22220
22221
22224
22225
22228
22229
22232
22234
22236
22238
22239
22241
22244
22245
22248
22250
22252
22254
22255
22257
22259
22262
22263
22265
22267
22269
22271
22274
22276
22278
22280
22282
22283
22285
22287
22289
22292
22294
22295
22298
22299
22301
22304
22305
22307
22310
22311
22314
22315
22318
22320
22321
22324
22325
22328
22330
22332
22334
22335
22338
22340
22342
22343
22346
22348
22350
22352
22354
22355
22358
22359
22361
22363
22366
22367
22370
22371
22374
22375
22378
22379
22381
22383
22385
22387
22389
22392
22394
22395
22398
22399
22401
22403
22406
22407
22409
22412
22414
22415
22418
22420
22422
22423
22425
22428
22430
22431
22433
22436
22437
22439
22441
22443
22446
22447
22449
22452
22453
22456
22458
22459
22461
22464
22465
22468
22470
22471
22473
22475
22477
22480
22481
22483
22486
22487
22490
22492
22493
22495
22497
22500
22502
22503
22506
22507
22510
22512
22514
22516
22517
22519
22521
22523
22526
22528
22529
22531
22533
22536
22538
22539
22541
22544
22546
22548
22550
22552
22554
22556
22557
22560
22561
22564
22565
22567
22570
22571
22574
22575
22577
22579
22581
22583
22585
22587
22589
22592
22594
22596
22597
22600
22601
22603
22605
22607
22610
22611
22614
22615
22617
22619
22621
22623
22625
22627
22629
22632
22633
22636
22637
22640
22641
22644
22646
22647
22649
22652
22654
22656
22657
22660
22662
22663
22665
22667
22670
22672
22673
22675
22677
22679
22682
22684
22686
22688
22690
22691
22693
22695
22697
22700
22701
22704
22706
22707
22710
22712
22713
22715
22718
22720
22721
22724
22725
22727
22730
22731
22733
22736
22738
22740
22741
22743
22745
22748
22749
22751
22754
22755
22757
22760
22761
22763
22765
22768
22770
22771
22774
22776
22778
22780
22782
22783
22785
22787
22790
22792
22794
22796
22797
22800
22801
22803
22806
22808
22810
22811
22814
22815
22817
22819
22822
22824
22826
22828
22830
22831
22833
22836
22837
22840
22841
22843
22845
22848
22850
22852
22854
22855
22857
22859
22861
22863
22866
22867
22870
22871
22874
22875
22877
22879
22882
22883
22886
22887
22890
22891
22894
22895
22898
22899
22902
22903
22906
22908
22910
22912
22914
22915
22918
22919
22921
22923
22926
22927
22929
22931
22934
22935
22938
22939
22941
22944
22946
22948
22949
22951
22954
22956
22957
22960
22962
22964
22965
22967
22969
22972
22974
22976
22977
22980
22982
22983
22985
22987
22990
22991
22994
22995
22998
23000
23001
23004
23005
23007
23009
23011
23013
23016
23017
23020
23021
23024
23025
23027
23029
23032
23034
23036
23037
23040
23041
23043
23046
23048
23050
23052
23054
23056
23058
23059
23062
23063
23065
23067
23069
23072
23074
23075
23078
23079
23082
23083
23086
23088
23089
23092
23093
23095
23098
23100
23101
23104
23106
23108
23109
23112
23113
23116
23117
23119
23121
23124
23126
23128
23129
23132
23134
23136
23138
23139
23141
23143
23146
23148
23150
23151
23154
23155
23158
23159
23162
23164
23165
23168
23170
23172
23174
23176
23178
23179
23181
23183
23185
23187
23189
23192
23193
23196
23197
23200
23202
23203
23206
23207
23210
23212
23213
23215
23218
23219
23221
23223
23225
23228
23230
23232
23233
23235
23237
23240
23241
23244
23246
23248
23249
23252
23254
23255
23258
23260
23261
23264
23265
23268
23270
23272
23274
23276
23278
23280
23281
23283
23285
23288
23289
23292
23294
23296
23297
23299
23301
23304
23305
23308
23310
23312
23313
23315
23317
23319
23321
23323
23326
23327
23329
23332
23333
23336
23337
23340
23342
23344
23346
23347
23349
23351
23354
23355
23357
23359
23362
23363
23365
23367
23370
23372
23374
23375
23377
23380
23382
23384
23386
23388
23389
23391
23394
23396
23397
23399
23402
23403
23405
23408
23409
23411
23413
23415
23417
23420
23422
23423
23426
23428
23429
23431
23434
23436
23437
23440
23442
23444
23445
23447
23450
23451
23454
23455
23457
23460
23461
23463
23465
23467
23470
23472
23474
23476
23477
23480
23481
23483
23486
23488
23490
23491
23493
23496
23497
23500
23502
23504
23505
23508
23509
23512
23513
23515
23517
23520
23521
23524
23526
23528
23529
23531
23533
23536
23538
23539
23541
23543
23545
23548
23549
23551
23553
23555
23557
23560
23562
23564
23566
23567
23570
23571
23573
23575
23577
23579
23582
23584
23585
23587
23590
23592
23593
23595
23598
23599
23602
23604
23605
23607
23609
23612
23614
23615
23618
23620
23621
23624
23625
23628
23630
23632
23634
23636
23638
23639
23641
23643
23645
23647
23650
23651
23654
23655
23658
23659
23661
23664
23665
23667
23669
23672
23673
23676
23677
23679
23681
23684
23686
23687
23689
23692
23694
23695
23697
23700
23701
23704
23705
23708
23710
23712
23713
23715
23717
23720
23722
23723
23725
23727
23730
23732
23733
23736
23737
23740
23742
23744
23746
23747
23750
23751
23753
23755
23758
23760
23762
23763
23765
23768
23770
23772
23774
23775
23777
23779
23781
23784
23786
23788
23789
23792
23794
23795
23797
23799
23802
23803
23805
23808
23810
23812
23813
23815
23817
23819
23822
23823
23826
23827
23830
23831
23833
23835
23837
23839
23841
23844
23845
23848
23850
23852
23854
23855
23857
23859
23861
23864
23865
23868
23870
23871
23874
23876
23878
23880
23882
23884
23885
23888
23890
23892
23893
23895
23898
23899
23901
23904
23905
23908
23910
23911
23914
23915
23917
23919
23922
23924
23926
23928
23930
23931
23933
23936
23938
23940
23942
23943
23946
23947
23949
23952
23953
23956
23957
23960
23961
23963
23966
23968
23969
23971
23974
23975
23977
23979
23982
23983
23985
23987
23989
23991
23993
23995
23998
23999
24001
24003
24006
24007
24010
24012
24014
24015
24018
24019
24021
24024
24026
24028
24030
24031
24033
24035
24037
24039
24041
24043
24045
24048
24049
24051
24053
24055
24058
24059
24061
24063
24065
24068
24070
24071
24073
24075
24078
24080
24082
24084
24085
24088
24090
24092
24093
24095
24098
24100
24101
24103
24106
24108
24109
24112
24114
24116
24118
24119
24121
24123
24125
24127
24130
24131
24134
24136
24138
24139
24141
24143
24145
24147
24149
24151
24153
24155
24158
24160
24161
24164
24166
24168
24169
24172
24174
24175
24178
24179
24182
24183
24186
24188
24190
24192
24194
24195
24197
24199
24202
24203
24205
24207
24209
24211
24213
24216
24218
24219
24221
24223
24225
24227
24230
24232
24233
24235
24238
24239
24242
24244
24245
24248
24249
24251
24254
24255
24258
24260
24262
24264
24266
24267
24270
24272
24274
24276
24278
24279
24281
24283
24286
24288
24290
24291
24294
24295
24297
24299
24302
24304
24306
24307
24309
24311
24313
24315
24318
24319
24322
24324
24325
24327
24329
24332
24334
24335
24338
24340
24341
24343
24346
24348
24349
24351
24354
24356
24358
24360
24362
24363
24365
24368
24369
24371
24373
24375
24378
24379
24381
24383
24385
24388
24389
24391
24393
24396
24398
24399
24401
24403
24406
24408
24409
24411
24414
24415
24418
24419
24421
24424
24425
24427
24429
24431
24434
24435
24438
24439
24442
24444
24445
24448
24449
24451
24453
24456
24457
24459
24462
24464
24466
24467
24469
24471
24473
24476
24477
24479
24481
24483
24486
24488
24489
24491
24493
24496
24498
24500
24502
24503
24505
24508
24509
24512
24513
24516
24517
24520
24522
24524
24525
24528
24529
24531
24533
24535
24537
24540
24542
24544
24545
24547
24549
24551
24554
24556
24557
24560
24562
24564
24565
24567
24569
24572
24573
24576
24577
24579
24582
24583
24585
24588
24590
24592
24593
24595
24597
24599
24601
24604
24606
24607
24609
24612
24614
24615
24618
24619
24622
24623
24625
24628
24630
24632
24634
24635
24637
24639
24641
24643
24645
24648
24649
24651
24654
24655
24658
24659
24662
24664
24665
24668
24670
24672
24673
24676
24677
24679
24682
24683
24686
24687
24689
24692
24693
24695
24697
24699
24702
24703
24705
24707
24709
24712
24713
24715
24718
24719
24721
24724
24725
24728
24730
24731
24733
24736
24737
24739
24742
24743
24745
24748
24750
24751
24754
24756
24757
24759
24762
24764
24766
24768
24769
24771
24774
24775
24777
24780
24781
24783
24785
24788
24790
24792
24793
24795
24798
24800
24802
24804
24805
24807
24810
24812
24814
24815
24818
24819
24822
24824
24826
24828
24829
24832
24833
24835
24838
24839
24841
24844
24846
24848
24850
24852
24853
24856
24858
24860
24861
24863
24865
24868
24869
24872
24874
24876
24877
24879
24881
24884
24886
24887
24889
24892
24893
24896
24898
24900
24902
24904
24906
24907
24910
24912
24913
24916
24918
24920
24922
24924
24926
24927
24929
24931
24934
24935
24937
24940
24941
24943
24945
24947
24949
24951
24953
24955
24957
24959
24961
24963
24966
24968
24969
24971
24973
24976
24978
24980
24981
24983
24985
24988
24990
24992
24993
24996
24997
24999
25002
25003
25005
25008
25009
25012
25014
25015
25018
25019
25021
25023
25025
25028
25029
25032
25033
25036
25038
25040
25041
25044
25045
25047
25049
25051
25053
25055
25057
25059
25061
25063
25066
25068
25070
25071
25073
25075
25078
25079
25081
25084
25086
25088
25089
25091
25094
25095
25097
25099
25101
25104
25106
25107
25109
25111
25114
25115
25118
25120
25122
25124
25126
25127
25129
25131
25133
25135
25137
25140
25142
25144
25145
25147
25149
25152
25154
25155
25158
25160
25161
25164
25165
25167
25169
25171
25173
25176
25177
25179
25182
25184
25185
25188
25190
25192
25194
25196
25197
25200
25202
25204
25205
25208
25210
25211
25213
25216
25218
25220
25221
25224
25226
25228
25230
25231
25234
25235
25237
25240
25242
25243
25246
25248
25249
25251
25254
25255
25257
25259
25261
25263
25265
25268
25270
25272
25274
25275
25277
25280
25282
25284
25285
25288
25289
25292
25293
25295
25298
25299
25301
25303
25306
25307
25310
25311
25313
25315
25318
25320
25322
25323
25325
25327
25329
25332
25333
25336
25338
25339
25341
25344
25346
25348
25350
25351
25353
25355
25357
25359
25362
25364
25366
25368
25369
25371
25373
25375
25377
25379
25382
25383
25385
25388
25389
25392
25393
25395
25397
25399
25402
25403
25405
25407
25409
25411
25413
25415
25417
25419
25421
25424
25426
25427
25429
25431
25434
25436
25437
25440
25441
25443
25445
25448
25449
25452
25453
25456
25457
25459
25462
25464
25466
25468
25469
25472
25473
25475
25477
25480
25482
25483
25486
25488
25490
25491
25493
25496
25497
25500
25501
25504
25505
25507
25509
25512
25513
25516
25518
25519
25521
25524
25525
25527
25529
25532
25534
25536
25537
25540
25542
25544
25546
25547
25549
25552
25553
25555
25558
25560
25562
25563
25566
25568
25570
25571
25574
25575
25578
25580
25582
25583
25586
25587
25590
25591
25594
25595
25598
25599
25602
25603
25605
25608
25609
25612
25614
25616
25617
25620
25622
25624
25625
25627
25630
25631
25634
25636
25638
25639
25642
25644
25646
25647
25650
25651
25653
25655
25658
25660
25661
25664
25665
25668
25669
25671
25673
25676
25677
25679
25682
25684
25686
25687
25690
25691
25694
25695
25697
25699
25701
25703
25705
25707
25709
25712
25714
25716
25718
25719
25722
25723
25726
25727
25730
25731
25734
25736
25737
25739
25741
25743
25745
25747
25749
25751
25753
25756
25757
25759
25762
25763
25766
25768
25770
25771
25773
25776
25778
25780
25781
25784
25785
25787
25790
25791
25794
25795
25798
25800
25801
25804
25806
25808
25809
25812
25814
25816
25818
25819
25822
25823
25825
25828
25830
25832
25833
25836
25838
25839
25842
25844
25846
25848
25850
25851
25853
25856
25857
25860
25862
25863
25866
25868
25870
25872
25874
25876
25878
25879
25882
25883
25885
25887
25889
25891
25893
25896
25898
25900
25901
25903
25906
25908
25909
25911
25914
25915
25917
25919
25922
25924
25926
25927
25930
25931
25934
25936
25937
25939
25941
25943
25946
25947
25949
25952
25954
25955
25958
25959
25962
25963
25966
25968
25970
25971
25974
25976
25978
25979
25981
25984
25985
25988
25989
25991
25994
25996
25997
25999
26002
26003
26006
26007
26009
26012
26013
26016
26017
26020
26021
26024
26025
26028
26030
26032
26034
26036
26037
26039
26041
26043
26046
26047
26049
26052
26054
26055
26058
26060
26061
26064
26065
26068
26070
26071
26074
26075
26077
26080
26081
26084
26085
26088
26090
26092
26094
26096
26097
26100
26102
26104
26105
26107
26110
26112
26114
26115
26118
26119
26121
26123
26126
26127
26130
26132
26133
26136
26137
26139
26142
26144
26145
26148
26150
26151
26154
26156
26158
26160
26161
26164
26166
26168
26170
26171
26173
26176
26178
26179
26181
26184
26185
26187
26190
26192
26194
26196
26197
26200
26202
26204
26205
26207
26209
26212
26214
26215
26218
26220
26222
26223
26226
26227
26229
26231
26234
26235
26238
26239
26242
26243
26246
26248
26250
26251
26253
26256
26258
26260
26261
26264
26266
26268
26270
26272
26273
26276
26278
26280
26282
26284
26285
26288
26290
26292
26293
26295
26297
26300
26301
26304
26305
26308
26309
26312
26314
26316
26318
26319
26322
26323
26326
26327
26329
26331
26334
26336
26338
26339
26341
26344
26345
26347
26349
26351
26354
26355
26357
26360
26361
26364
26365
26367
26369
26372
26373
26376
26377
26379
26381
26384
26385
26388
26389
26391
26393
26395
26398
26399
26402
26404
26406
26407
26409
26411
26414
26416
26417
26419
26421
26424
26425
26428
26429
26431
26434
26435
26438
26439
26442
26443
26446
26447
26450
26451
26454
26455
26457
26460
26462
26463
26465
26468
26469
26472
26474
26476
26477
26479
26481
26484
26486
26487
26490
26492
26493
26495
26498
26499
26502
26504
26506
26507
26510
26512
26513
26515
26518
26519
26522
26524
26525
26527
26529
26532
26533
26535
26537
26540
26542
26543
26545
26547
26550
26552
26553
26556
26557
26559
26561
26564
26566
26567
26569
26572
26574
26575
26577
26579
26582
26583
26586
26587
26589
26591
26593
26596
26598
26600
26602
26604
26606
26608
26610
26612
26613
26616
26617
26619
26621
26624
26625
26627
26629
26632
26634
26635
26637
26639
26642
26643
26645
26648
26650
26652
26653
26656
26658
26660
26662
26663
26665
26667
26670
26671
26674
26675
26677
26679
26682
26684
26686
26688
26690
26692
26694
26696
26697
26699
26701
26704
26706
26707
26709
26711
26714
26715
26718
26720
26722
26723
26726
26728
26730
26732
26733
26736
26737
26740
26741
26744
26746
26747
26750
26752
26754
26755
26757
26760
26762
26763
26766
26768
26770
26771
26773
26775
26777
26779
26781
26783
26786
26788
26790
26791
26793
26796
26798
26799
26802
26803
26806
26808
26810
26811
26814
26815
26818
26819
26822
26823
26826
26828
26830
26832
26834
26836
26837
26839
26842
26843
26845
26847
26849
26852
26854
26856
26857
26859
26861
26864
26866
26868
26870
26872
26873
26875
26877
26879
26881
26883
26885
26888
26889
26892
26893
26895
26897
26899
26902
26904
26905
26907
26910
26911
26914
26916
26918
26920
26922
26923
26925
26927
26930
26931
26933
26936
26938
26940
26941
26944
26946
26948
26950
26952
26954
26956
26957
26959
26962
26964
26966
26967
26970
26972
26973
26975
26978
26979
26981
26984
26986
26988
26990
26992
26994
26995
26998
27000
27001
27003
27005
27007
27009
27012
27013
27015
27017
27020
27021
27023
27025
27027
27030
27032
27034
27035
27038
27040
27041
27043
27045
27048
27049
27051
27053
27055
27057
27060
27061
27063
27065
27067
27070
27072
27073
27075
27077
27079
27082
27083
27085
27088
27089
27092
27093
27095
27098
27100
27102
27103
27105
27107
27109
27111
27113
27115
27118
27120
27122
27123
27125
27127
27129
27132
27134
27135
27137
27140
27142
27144
27145
27147
27150
27151
27153
27155
27158
27160
27162
27164
27166
27168
27169
27172
27173
27175
27178
27179
27182
27183
27186
27187
27189
27191
27194
27195
27198
27200
27202
27203
27206
27207
27210
27212
27214
27215
27218
27220
27222
27224
27225
27227
27230
27232
27233
27236
27238
27239
27242
27243
27246
27248
27250
27251
27254
27256
27258
27260
27262
27264
27266
27267
27270
27271
27274
27275
27278
27280
27282
27283
27286
27287
27290
27291
27293
27296
27298
27300
27302
27303
27305
27307
27309
27312
27314
27316
27317
27320
27321
27323
27326
27328
27330
27331
27333
27335
27338
27340
27342
27343
27345
27347
27349
27351
27353
27355
27357
27360
27362
27363
27365
27368
27370
27372
27373
27375
27377
27380
27382
27383
27385
27388
27389
27391
27394
27395
27397
27399
27401
27404
27406
27407
27410
27411
27414
27416
27418
27419
27422
27423
27426
27428
27429
27431
27433
27435
27438
27439
27441
27443
27446
27448
27449
27451
27453
27455
27457
27460
27462
27463
27466
27467
27469
27472
27473
27476
27478
27479
27481
27483
27486
27487
27490
27491
27493
27495
27498
27500
27502
27504
27506
27508
27510
27511
27513
27515
27518
27519
27521
27523
27526
27527
27530
27531
27534
27536
27538
27540
27542
27543
27546
27547
27550
27552
27553
27555
27558
27559
27561
27563
27565
27567
27570
27571
27573
27575
27577
27580
27581
27584
27586
27587
27590
27592
27593
27595
27597
27600
27602
27603
27606
27608
27609
27612
27614
27616
27618
27620
27622
27623
27625
27628
27629
27632
27634
27635
27638
27639
27641
27644
27645
27647
27650
27652
27653
27656
27657
27660
27662
27664
27665
27667
27669
27671
27673
27675
27677
27679
27681
27683
27685
27687
27689
27691
27693
27695
27697
27699
27702
27704
27706
27707
27710
27711
27713
27715
27718
27720
27722
27724
27726
27727
27729
27731
27734
27735
27738
27739
27741
27744
27746
27748
27750
27752
27753
27755
27758
27759
27762
27763
27766
27768
27769
27771
27774
27775
27778
27780
27782
27783
27786
27788
27790
27791
27793
27796
27798
27799
27801
27804
27806
27807
27810
27812
27813
27815
27817
27819
27822
27823
27825
27827
27830
27831
27833
27835
27837
27840
27842
27844
27845
27848
27849
27851
27853
27855
27857
27860
27862
27864
27865
27867
27870
27872
27874
27875
27877
27879
27881
27883
27885
27888
27889
27892
27893
27896
27898
27900
27901
27903
27906
27908
27910
27911
27914
27916
27917
27920
27921
27924
27926
27928
27929
27932
27934
27936
27938
27939
27941
27944
27946
27947
27949
27952
27954
27955
27957
27960
27961
27963
27966
27968
27970
27971
27973
27976
27978
27980
27981
27983
27986
27987
27989
27992
27993
27995
27998
27999
28002
28004
28005
28008
28009
28012
28013
28015
28018
28019
28022
28023
28026
28028
28029
28031
28033
28036
28037
28039
28042
28044
28045
28048
28050
28051
28054
28055
28058
28060
28061
28064
28066
28067
28069
28072
28073
28076
28077
28080
28081
28084
28085
28087
28090
28091
28093
28096
28097
28100
28101
28104
28105
28108
28109
28112
28113
28115
28118
28120
28121
28123
28126
28128
28129
28131
28133
28135
28138
28140
28142
28143
28145
28148
28149
28152
28153
28156
28157
28160
28161
28163
28165
28167
28169
28172
28173
28176
28178
28180
28181
28183
28186
28187
28190
28192
28193
28195
28198
28200
28202
28204
28206
28207
28210
28211
28213
28216
28218
28220
28221
28223
28225
28227
28229
28232
28233
28236
28238
28239
28242
28244
28246
28248
28249
28251
28254
28256
28258
28259
28262
28263
28266
28267
28269
28271
28273
28275
28278
28279
28282
28283
28286
28287
28289
28292
28294
28296
28298
28300
28302
28304
28305
28308
28310
28312
28314
28315
28317
28320
28322
28324
28325
28327
28330
28332
28334
28335
28338
28340
28341
28343
28346
28348
28349
28352
28353
28356
28357
28360
28361
28363
28365
28367
28369
28372
28373
28376
28378
28380
28381
28383
28385
28388
28389
28392
28393
28395
28397
28400
28402
28403
28406
28407
28410
28412
28414
28416
28418
28419
28422
28423
28426
28428
28429
28431
28434
28436
28437
28440
28441
28444
28445
28448
28449
28451
28453
28455
28457
28459
28461
28464
28466
28468
28469
28472
28474
28475
28477
28480
28482
28484
28486
28488
28490
28491
28494
28496
28498
28499
28501
28503
28506
28508
28510
28512
28514
28516
28518
28520
28522
28524
28525
28528
28529
28532
28534
28535
28537
28539
28541
28544
28546
28547
28550
28551
28554
28556
28558
28559
28562
28564
28565
28567
28569
28572
28574
28575
28578
28580
28582
28584
28585
28588
28589
28592
28593
28595
28597
28599
28602
28603
28606
28608
28610
28611
28614
28616
28617
28619
28622
28623
28625
28627
28630
28631
28634
28635
28637
28639
28642
28643
28646
28648
28650
28652
28654
28655
28657
28659
28662
28663
28665
28667
28669
28672
28674
28676
28678
28679
28682
28684
28685
28688
28689
28692
28694
28696
28698
28699
28701
28703
28705
28707
28710
28712
28714
28716
28717
28719
28722
28723
28725
28728
28730
28731
28734
28736
28737
28740
28741
28744
28746
28747
28750
28752
28753
28756
28758
28759
28761
28764
28765
28768
28769
28771
28773
28775
28777
28779
28782
28783
28785
28788
28789
28792
28794
28796
28798
28800
28801
28803
28805
28808
28810
28811
28813
28816
28817
28820
28821
28824
28826
28828
28829
28831
28834
28835
28837
28840
28841
28843
28846
28848
28849
28851
28854
28856
28858
28859
28861
28863
28865
28867
28870
28871
28873
28875
28877
28880
28881
28884
28886
28887
28890
28891
28893
28896
28898
28900
28902
28903
28905
28907
28910
28911
28913
28915
28917
28920
28921
28923
28926
28927
28930
28932
28934
28935
28938
28940
28941
28944
28946
28948
28950
28951
28954
28955
28958
28960
28961
28964
28965
28967
28969
28972
28973
28975
28977
28980
28981
28984
28986
28988
28989
28991
28993
28996
28998
29000
29001
29003
29005
29007
29009
29011
29014
29015
29017
29019
29021
29024
29026
29028
29029
29031
29034
29035
29037
29040
29042
29044
29045
29048
29049
29051
29053
29056
29058
29059
29062
29063
29066
29067
29070
29071
29073
29076
29077
29080
29081
29084
29086
29088
29090
29091
29093
29095
29098
29100
29101
29103
29106
29107
29110
29111
29113
29115
29118
29119
29121
29123
29126
29128
29130
29132
29134
29136
29137
29140
29141
29143
29145
29148
29150
29151
29154
29156
29157
29159
29162
29163
29166
29167
29169
29172
29174
29175
29178
29179
29182
29183
29185
29188
29189
29191
29194
29195
29198
29200
29201
29204
29206
29207
29209
29212
29213
29215
29217
29220
29222
29223
29225
29227
29229
29232
29233
29235
29237
29240
29242
29244
29245
29247
29249
29251
29254
29256
29257
29260
29262
29263
29265
29267
29269
29272
29274
29276
29278
29279
29281
29283
29286
29288
29289
29291
29294
29295
29297
29299
29302
29304
29306
29308
29310
29312
29313
29315
29317
29319
29322
29324
29325
29327
29329
29331
29333
29335
29338
29339
29342
29343
29346
29348
29350
29352
29354
29356
29358
29360
29362
29364
29365
29367
29369
29372
29374
29376
29378
29379
29381
29383
29386
29388
29389
29392
29394
29396
29397
29400
29402
29403
29405
29408
29410
29412
29413
29416
29418
29419
29421
29424
29425
29427
29430
29432
29434
29436
29437
29440
29441
29444
29445
29448
29449
29451
29454
29456
29457
29459
29462
29464
29466
29467
29469
29472
29474
29476
29478
29479
29482
29483
29485
29488
29490
29492
29493
29496
29498
29499
29502
29503
29506
29508
29509
29512
29514
29516
29517
29520
29521
29523
29525
29527
29529
29531
29534
29536
29537
29539
29541
29543
29546
29548
29549
29551
29553
29556
29557
29559
29561
29564
29565
29568
29569
29571
29573
29576
29577
29579
29582
29583
29586
29588
29589
29591
29594
29595
29598
29600
29602
29604
29606
29608
29610
29611
29614
29615
29617
29619
29621
29624
29625
29627
29629
29631
29634
29636
29638
29640
29641
29644
29645
29647
29650
29652
29654
29655
29657
29659
29662
29663
29665
29668
29669
29672
29673
29676
29678
29680
29682
29683
29686
29687
29690
29692
29694
29695
29698
29699
29702
29704
29705
29707
29710
29711
29713
29716
29717
29719
29721
29724
29726
29727
29729
29732
29734
29735
29737
29739
29741
29743
29746
29748
29749
29751
29753
29755
29758
29760
29762
29764
29766
29768
29770
29772
29774
29776
29777
29779
29782
29784
29785
29788
29789
29791
29794
29795
29798
29800
29802
29804
29806
29808
29810
29812
29814
29816
29817
29820
29822
29824
29826
29827
29829
29831
29833
29835
29838
29840
29842
29843
29846
29848
29849
29852
29854
29855
29858
29860
29862
29863
29865
29868
29870
29872
29873
29875
29877
29879
29881
29884
29886
29888
29890
29892
29894
29895
29898
29900
29902
29904
29906
29907
29909
29912
29914
29915
29917
29920
29921
29924
29925
29927
29930
29931
29933
29935
29938
29940
29941
29943
29946
29948
29950
29952
29953
29955
29958
29959
29961
29964
29966
29967
29969
29971
29974
29976
29977
29980
29981
29983
29985
29987
29990
29992
29994
29996
29998
30000
30002
30004
30006
30008
30010
30012
30013
30015
30017
30020
30021
30023
30026
30028
30029
30031
30034
30035
30038
30039
30042
30043
30046
30047
30050
30051
30053
30056
30057
30060
30061
30064
30065
30068
30069
30071
30074
30076
30077
30080
30081
30084
30086
30088
30090
30091
30093
30096
30098
30099
30102
30103
30106
30108
30110
30111
30113
30115
30117
30119
30122
30124
30126
30127
30130
30132
30133
30135
30138
30139
30141
30143
30146
30148
30149
30152
30154
30155
30157
30159
30162
30164
30165
30168
30170
30172
30174
30175
30178
30180
30181
30184
30186
30188
30190
30191
30194
30195
30198
30199
30201
30203
30205
30207
30210
30211
30214
30216
30217
30220
30222
30223
30226
30228
30230
30231
30234
30235
30237
30239
30242
30243
30246
30248
30250
30252
30254
30255
30257
30259
30261
30263
30266
30268
30269
30272
30273
30276
30278
30280
30281
30284
30285
30287
30290
30292
30293
30296
30298
30300
30302
30303
30305
30307
30309
30311
30314
30316
30317
30319
30321
30323
30325
30328
30329
30332
30334
30336
30337
30340
30341
30343
30346
30348
30349
30351
30353
30356
30357
30359
30361
30364
30366
30367
30370
30372
30373
30376
30378
30380
30382
30383
30386
30388
30389
30391
30394
30395
30397
30400
30402
30403
30405
30407
30410
30411
30414
30415
30417
30419
30422
30424
30425
30428
30429
30431
30433
30436
30437
30440
30441
30444
30445
30447
30449
30452
30454
30456
30458
30460
30461
30463
30465
30467
30470
30471
30473
30476
30478
30480
30482
30483
30486
30488
30489
30492
30494
30495
30498
30499
30502
30503
30506
30508
30509
30512
30514
30516
30518
30519
30522
30523
30525
30528
30529
30532
30533
30536
30537
30540
30542
30544
30545
30547
30549
30551
30553
30556
30558
30560
30561
30564
30566
30568
30569
30572
30573
30576
30577
30580
30581
30584
30585
30587
30590
30591
30594
30595
30597
30599
30601
30604
30606
30608
30609
30611
30613
30616
30617
30620
30622
30623
30626
30627
30629
30631
30633
30635
30637
30640
30642
30643
30645
30647
30650
30651
30654
30656
30658
30659
30661
30664
30666
30668
30670
30672
30673
30676
30678
30679
30682
30683
30686
30688
30689
30692
30693
30695
30698
30699
30701
30704
30706
30708
30709
30711
30713
30715
30718
30719
30721
30723
30726
30728
30729
30731
30734
30736
30737
30739
30742
30744
30745
30747
30750
30751
30754
30755
30757
30760
30761
30763
30766
30767
30770
30772
30774
30776
30778
30780
30781
30784
30786
30788
30790
30791
30793
30795
30797
30800
30802
30804
30805
30808
30809
30812
30814
30815
30818
30820
30822
30823
30826
30828
30830
30832
30834
30836
30838
30839
30842
30844
30846
30848
30849
30851
30853
30855
30857
30859
30861
30864
30866
30868
30870
30871
30873
30876
30877
30879
30882
30883
30886
30888
30889
30892
30894
30896
30897
30899
30902
30904
30906
30907
30910
30912
30914
30916
30917
30920
30921
30924
30926
30927
30929
30932
30933
30936
30938
30939
30942
30943
30945
30948
30950
30952
30954
30955
30957
30960
30961
30963
30966
30967
30970
30972
30973
30976
30978
30980
30981
30984
30986
30988
30989
30992
30993
30996
30998
30999
31001
31003
31006
31007
31010
31012
31014
31015
31018
31019
31022
31023
31025
31027
31030
31032
31034
31035
31038
31040
31041
31043
31046
31047
31049
31051
31054
31055
31058
31060
31061
31064
31065
31068
31069
31071
31073
31075
31077
31080
31081
31083
31086
31087
31090
31091
31093
31095
31097
31099
31101
31104
31106
31108
31110
31112
31113
31115
31118
31119
31122
31124
31126
31127
31130
31131
31133
31135
31138
31140
31141
31144
31145
31147
31149
31152
31154
31156
31158
31159
31161
31163
31165
31168
31169
31171
31173
31175
31178
31180
31182
31183
31186
31187
31190
31192
31194
31196
31197
31199
31201
31204
31205
31207
31209
31211
31213
31215
31218
31220
31221
31223
31225
31227
31229
31232
31234
31236
31237
31239
31242
31243
31245
31247
31249
31252
31253
31256
31258
31260
31262
31264
31266
31268
31269
31272
31273
31275
31277
31279
31282
31284
31285
31288
31289
31291
31294
31295
31298
31299
31301
31304
31305
31307
31310
31311
31314
31315
31317
31320
31322
31324
31326
31328
31330
31331
31334
31335
31337
31339
31342
31344
31346
31348
31349
31352
31353
31356
31357
31360
31361
31364
31366
31368
31370
31371
31373
31376
31378
31380
31382
31383
31386
31388
31389
31392
31393
31396
31398
31400
31401
31403
31406
31407
31410
31412
31414
31416
31418
31419
31422
31423
31426
31427
31429
31432
31434
31436
31438
31440
31442
31443
31445
31448
31449
31452
31453
31456
31457
31460
31462
31464
31465
31468
31470
31471
31474
31476
31478
31479
31481
31484
31485
31488
31490
31491
31493
31496
31497
31500
31501
31503
31506
31507
31510
31512
31514
31515
31517
31519
31521
31524
31526
31528
31529
31531
31534
31536
31538
31540
31541
31544
31545
31548
31549
31552
31553
31556
31557
31560
31562
31564
31566
31568
31569
31572
31573
31576
31577
31579
31582
31583
31585
31588
31590
31592
31594
31595
31598
31599
31602
31603
31605
31608
31610
31612
31614
31616
31618
31620
31621
31623
31626
31627
31629
31632
31634
31635
31638
31640
31642
31643
31645
31648
31650
31652
31653
31655
31657
31660
31661
31664
31665
31668
31669
31672
31674
31675
31677
31680
31682
31684
31686
31687
31690
31692
31694
31696
31698
31700
31702
31704
31706
31708
31709
31712
31713
31715
31718
31719
31721
31724
31726
31728
31729
31732
31734
31736
31738
31740
31742
31744
31745
31747
31750
31752
31754
31756
31758
31760
31761
31764
31766
31767
31770
31771
31773
31775
31778
31780
31782
31784
31785
31788
31789
31791
31794
31796
31798
31799
31802
31803
31806
31808
31809
31812
31813
31816
31817
31819
31821
31823
31825
31827
31830
31831
31833
31836
31837
31840
31841
31844
31846
31847
31850
31852
31854
31856
31857
31860
31861
31864
31866
31868
31870
31872
31873
31875
31877
31880
31881
31883
31886
31887
31889
31892
31894
31895
31897
31899
31901
31904
31905
31908
31910
31911
31913
31915
31918
31919
31922
31924
31926
31927
31929
31931
31933
31936
31937
31940
31941
31943
31946
31948
31949
31952
31954
31956
31958
31960
31961
31964
31966
31967
31969
31971
31974
31975
31977
31980
31981
31984
31986
31988
31990
31991
31993
31995
31998
31999
32001
32004
32006
32008
32010
32012
32014
32016
32018
32019
32021
32023
32026
32028
32030
32031
32033
32036
32037
32040
32042
32043
32045
32048
32050
32051
32054
32056
32057
32059
32061
32063
32065
32067
32070
32072
32074
32075
32077
32079
32082
32083
32086
32088
32090
32091
32093
32096
32097
32100
32102
32104
32105
32108
32109
32112
32114
32116
32117
32119
32122
32123
32125
32127
32130
32131
32134
32136
32137
32140
32141
32143
32145
32147
32149
32151
32154
32156
32158
32160
32162
32163
32165
32168
32170
32171
32173
32176
32178
32179
32181
32184
32186
32187
32189
32191
32193
32195
32198
32199
32202
32204
32206
32208
32209
32212
32213
32215
32217
32220
32221
32223
32225
32227
32229
32232
32233
32235
32237
32239
32242
32243
32246
32248
32250
32251
32253
32255
32257
32260
32261
32264
32265
32268
32269
32271
32273
32275
32278
32279
32281
32284
32286
32288
32289
32291
32294
32295
32298
32299
32302
32303
32305
32308
32309
32311
32313
32316
32318
32320
32322
32323
32325
32327
32330
32331
32333
32336
32338
32339
32342
32344
32346
32347
32350
32351
32353
32356
32358
32359
32361
32364
32366
32367
32369
32372
32374
32375
32377
32379
32382
32383
32385
32388
32389
32391
32394
32396
32397
32400
32401
32404
32405
32407
32409
32411
32413
32416
32418
32419
32422
32423
32425
32428
32429
32431
32433
32436
32438
32440
32441
32444
32446
32447
32450
32451
32453
32455
32458
32459
32462
32463
32465
32467
32470
32472
32474
32476
32478
32480
32481
32483
32485
32488
32489
32491
32493
32495
32498
32499
32502
32504
32505
32508
32510
32512
32513
32516
32518
32520
32522
32523
32526
32527
32530
32532
32534
32535
32538
32539
32541
32543
32545
32547
32549
32551
32554
32556
32558
32560
32562
32563
32566
32568
32569
32572
32574
32575
32578
32580
32582
32583
32585
32587
32589
32591
32594
32596
32598
32600
32601
32603
32606
32608
32610
32612
32614
32615
32617
32620
32622
32623
32626
32627
32630
32631
32634
32636
32638
32639
32641
32644
32646
32647
32650
32652
32653
32655
32658
32660
32661
32664
32665
32667
32669
32672
32674
32675
32677
32679
32681
32683
32685
32688
32690
32691
32694
32695
32698
32699
32702
32703
32706
32708
32710
32711
32713
32716
32717
32720
32721
32723
32726
32727
32730
32731
32734
32736
32738
32739
32741
32743
32746
32748
32749
32752
32753
32755
32757
32759
32761
32763
32765
32767
