s vc 7030 4560
2
3
5
11
12
14
15
16
17
19
22
23
25
26
27
30
34
35
38
39
40
41
44
47
48
51
52
56
57
58
59
63
65
68
69
70
73
74
75
80
84
87
88
90
91
95
98
99
100
101
102
106
108
109
110
111
112
113
114
115
116
117
121
122
123
125
128
129
130
131
132
135
136
138
139
140
142
143
145
146
148
152
156
157
159
160
163
164
165
166
168
173
174
175
176
177
180
181
182
184
186
192
195
196
202
203
205
208
209
210
212
213
214
215
216
217
218
219
220
222
224
225
228
229
232
234
235
236
237
241
243
246
247
249
253
254
255
256
257
258
259
261
267
268
269
270
272
274
275
277
279
282
283
287
289
293
294
295
296
300
303
304
305
307
310
314
316
328
329
330
331
332
333
334
336
337
341
342
343
347
349
350
352
355
360
362
364
365
368
369
371
373
376
377
379
380
382
383
384
386
387
389
391
392
394
395
397
398
400
401
403
404
405
406
408
410
411
413
414
416
418
419
420
421
424
425
426
427
430
431
432
434
436
437
439
440
441
443
445
446
447
448
451
452
454
455
457
458
460
461
462
464
465
467
468
469
471
473
474
476
477
479
480
482
484
485
486
488
489
490
493
494
495
496
498
499
502
503
504
506
507
509
511
512
513
515
517
518
519
520
522
524
525
527
529
530
531
532
534
536
538
539
540
542
543
545
547
548
549
551
552
554
556
557
558
560
561
562
565
566
568
569
571
572
574
575
577
578
580
581
583
584
586
587
589
590
591
593
595
596
597
599
601
602
603
604
606
608
610
611
612
614
615
616
618
620
621
623
625
626
627
629
630
631
633
635
637
638
640
641
642
643
646
647
648
649
652
653
654
656
658
659
660
661
664
665
666
668
670
671
672
673
676
677
679
680
681
683
684
686
687
688
690
692
694
695
696
697
699
701
702
704
706
707
708
710
711
713
714
715
717
719
720
721
723
724
727
728
729
731
732
734
736
737
739
740
742
743
745
746
748
749
751
752
754
755
756
758
759
760
763
764
765
767
769
770
772
773
774
776
778
779
780
781
783
784
787
788
790
791
792
794
796
797
798
800
801
803
804
806
807
809
810
812
814
815
816
818
820
821
822
824
826
827
828
829
831
832
835
836
838
839
841
842
843
845
847
848
850
851
853
854
855
857
858
859
862
863
864
866
868
869
870
872
873
875
876
877
880
881
882
883
886
887
889
890
892
893
894
896
898
899
901
902
904
905
906
908
910
911
912
914
915
916
918
919
921
922
924
925
928
929
931
932
934
935
936
938
940
941
942
944
946
947
948
950
951
952
954
956
957
959
961
962
963
965
966
967
970
971
973
974
975
977
978
979
982
983
984
986
987
989
990
991
993
995
997
998
999
1001
1002
1003
1005
1007
1009
1010
1011
1013
1014
1016
1018
1019
1021
1022
1023
1025
1027
1028
1030
1031
1032
1034
1035
1037
1039
1040
1042
1043
1044
1045
1048
1049
1050
1052
1053
1055
1057
1058
1059
1061
1063
1064
1065
1066
1069
1070
1072
1073
1075
1076
1077
1078
1081
1082
1083
1085
1087
1088
1090
1091
1092
1093
1096
1097
1098
1100
1102
1103
1104
1106
1107
1109
1111
1112
1114
1115
1117
1118
1119
1121
1122
1124
1125
1127
1128
1129
1132
1133
1134
1135
1138
1139
1141
1142
1143
1144
1146
1148
1150
1151
1152
1153
1156
1157
1159
1160
1161
1163
1165
1166
1168
1169
1171
1172
1173
1175
1177
1178
1180
1181
1183
1184
1185
1187
1189
1190
1192
1193
1195
1196
1198
1199
1200
1202
1203
1205
1207
1208
1210
1211
1213
1214
1215
1216
1219
1220
1221
1222
1224
1226
1227
1228
1231
1232
1233
1234
1237
1238
1239
1241
1242
1244
1246
1247
1248
1249
1252
1253
1254
1256
1257
1259
1261
1262
1263
1264
1267
1268
1270
1271
1272
1274
1276
1277
1278
1280
1281
1283
1285
1286
1287
1288
1291
1292
1293
1295
1296
1297
1299
1300
1302
1304
1306
1307
1308
1310
1311
1312
1314
1316
1318
1319
1321
1322
1324
1325
1326
1328
1329
1331
1333
1334
1335
1337
1339
1340
1341
1343
1345
1346
1347
1348
1350
1352
1354
1355
1357
1358
1360
1361
1362
1364
1366
1367
1369
1370
1372
1373
1375
1376
1377
1379
1381
1382
1383
1384
1386
1388
1389
1390
1392
1393
1395
1396
1398
1399
1402
1403
1404
1406
1408
1409
1411
1412
1413
1415
1416
1417
1419
1421
1422
1424
1426
1427
1428
1429
1431
1433
1434
1436
1437
1439
1440
1441
1443
1444
1446
1448
1449
1451
1452
1454
1456
1457
1458
1459
1462
1463
1464
1465
1467
1469
1470
1472
1473
1475
1477
1478
1480
1481
1482
1484
1486
1487
1488
1490
1491
1493
1495
1496
1497
1498
1500
1501
1504
1505
1506
1507
1509
1511
1512
1514
1515
1516
1518
1520
1521
1523
1525
1526
1527
1529
1531
1532
1533
1535
1536
1537
1539
1541
1543
1544
1545
1547
1548
1549
1552
1553
1554
1555
1558
1559
1560
1561
1564
1565
1566
1568
1570
1571
1573
1574
1575
1577
1578
1579
1582
1583
1584
1585
1587
1588
1590
1592
1594
1595
1596
1598
1600
1601
1602
1604
1606
1607
1608
1610
1611
1613
1614
1615
1617
1618
1621
1622
1623
1624
1626
1628
1630
1631
1632
1633
1635
1637
1638
1639
1642
1643
1645
1646
1648
1649
1651
1652
1654
1655
1657
1658
1659
1660
1662
1663
1665
1667
1668
1670
1672
1673
1674
1675
1678
1679
1680
1682
1684
1685
1686
1687
1689
1691
1693
1694
1695
1697
1699
1700
1701
1703
1705
1706
1708
1709
1711
1712
1714
1715
1716
1717
1720
1721
1722
1724
1725
1727
1728
1730
1731
1733
1735
1736
1737
1738
1741
1742
1744
1745
1747
1748
1750
1751
1752
1753
1756
1757
1758
1760
1761
1763
1764
1766
1768
1769
1771
1772
1774
1775
1776
1778
1780
1781
1782
1783
1786
1787
1788
1790
1791
1793
1794
1795
1798
1799
1800
1802
1803
1804
1806
1807
1809
1811
1813
1814
1816
1817
1818
1820
1821
1823
1825
1826
1827
1828
1830
1832
1834
1835
1836
1838
1839
1840
1843
1844
1845
1847
1848
1850
1851
1853
1855
1856
1857
1859
1860
1861
1863
1864
1867
1868
1869
1871
1872
1873
1876
1877
1879
1880
1882
1883
1885
1886
1888
1889
1890
1891
1894
1895
1896
1897
1899
1901
1902
1904
1906
1907
1909
1910
1911
1913
1914
1916
1917
1919
1921
1922
1924
1925
1927
1928
1930
1931
1932
1934
1935
1937
1939
1940
1942
1943
1945
1946
1947
1949
1950
1952
1953
1954
1956
1958
1959
1960
1963
1964
1965
1967
1968
1970
1972
1973
1975
1976
1977
1979
1980
1981
1983
1985
1986
1988
1989
1990
1992
1993
1995
1996
1999
2000
2001
2003
2004
2005
2007
2009
2010
2012
2014
2015
2017
2018
2019
2021
2022
2024
2025
2026
2029
2030
2031
2032
2035
2036
2037
2039
2041
2042
2043
2044
2047
2048
2049
2051
2053
2054
2055
2056
2058
2059
2061
2062
2064
2066
2068
2069
2070
2071
2074
2075
2077
2078
2079
2081
2083
2084
2086
2087
2089
2090
2091
2092
2094
2096
2098
2099
2101
2102
2104
2105
2106
2107
2109
2111
2112
2114
2116
2117
2119
2120
2121
2122
2124
2126
2128
2129
2131
2132
2133
2135
2136
2137
2140
2141
2143
2144
2145
2146
2148
2150
2151
2153
2155
2156
2157
2158
2161
2162
2164
2165
2167
2168
2169
2170
2173
2174
2175
2177
2179
2180
2182
2183
2185
2186
2187
2188
2190
2192
2193
2194
2196
2198
2199
2201
2202
2203
2205
2206
2208
2209
2211
2212
2214
2215
2217
2218
2220
2222
2224
2225
2227
2228
2229
2231
2232
2233
2236
2237
2238
2240
2241
2242
2244
2245
2248
2249
2250
2251
2253
2255
2257
2258
2259
2261
2262
2264
2265
2267
2268
2269
2271
2272
2274
2276
2278
2279
2281
2282
2284
2285
2287
2288
2290
2291
2292
2294
2296
2297
2298
2299
2301
2302
2305
2306
2307
2308
2311
2312
2314
2315
2316
2318
2320
2321
2322
2323
2326
2327
2329
2330
2332
2333
2334
2336
2338
2339
2340
2342
2344
2345
2347
2348
2350
2351
2352
2353
2355
2356
2358
2359
2361
2362
2365
2366
2367
2369
2370
2371
2373
2374
2376
2378
2380
2381
2382
2383
2386
2387
2389
2390
2392
2393
2394
2396
2398
2399
2400
2402
2403
2405
2406
2407
2409
2410
2413
2414
2416
2417
2418
2420
2421
2422
2424
2426
2428
2429
2430
2431
2433
2434
2436
2438
2439
2441
2442
2444
2445
2447
2449
2450
2451
2452
2455
2456
2457
2459
2461
2462
2463
2464
2467
2468
2470
2471
2472
2473
2476
2477
2479
2480
2482
2483
2484
2485
2488
2489
2491
2492
2494
2495
2496
2498
2500
2501
2502
2504
2506
2507
2509
2510
2511
2513
2515
2516
2518
2519
2520
2522
2523
2525
2526
2527
2530
2531
2532
2533
2536
2537
2539
2540
2541
2542
2544
2545
2547
2548
2551
2552
2554
2555
2557
2558
2559
2560
2562
2563
2565
2567
2568
2570
2571
2572
2574
2575
2577
2579
2580
2581
2583
2584
2586
2588
2589
2591
2593
2594
2596
2597
2598
2599
2601
2603
2605
2606
2607
2609
2610
2611
2614
2615
2616
2618
2620
2621
2622
2624
2625
2626
2629
2630
2631
2633
2635
2636
2637
2638
2641
2642
2643
2645
2647
2648
2649
2651
2652
2654
2656
2657
2658
2659
2661
2663
2664
2666
2667
2669
2671
2672
2674
2675
2676
2678
2679
2681
2682
2684
2685
2687
2689
2690
2692
2693
2694
2696
2697
2699
2700
2702
2704
2705
2706
2708
2710
2711
2713
2714
2716
2717
2718
2720
2722
2723
2724
2725
2727
2729
2730
2731
2734
2735
2737
2738
2740
2741
2742
2743
2746
2747
2748
2749
2751
2753
2755
2756
2758
2759
2760
2761
2764
2765
2767
2768
2770
2771
2773
2774
2775
2776
2778
2780
2782
2783
2785
2786
2787
2788
2791
2792
2793
2795
2796
2798
2800
2801
2803
2804
2805
2807
2809
2810
2812
2813
2814
2815
2818
2819
2820
2822
2823
2824
2826
2828
2830
2831
2832
2833
2835
2837
2839
2840
2841
2843
2845
2846
2848
2849
2851
2852
2853
2855
2856
2858
2859
2861
2863
2864
2865
2867
2868
2869
2871
2873
2874
2876
2878
2879
2880
2881
2884
2885
2887
2888
2889
2890
2892
2893
2895
2897
2898
2899
2902
2903
2904
2905
2907
2909
2910
2912
2913
2915
2916
2918
2919
2920
2923
2924
2926
2927
2929
2930
2932
2933
2934
2935
2937
2938
2940
2941
2943
2944
2946
2947
2949
2951
2953
2954
2955
2957
2958
2960
2961
2962
2965
2966
2967
2968
2970
2971
2973
2975
2977
2978
2980
2981
2983
2984
2985
2986
2989
2990
2991
2993
2994
2995
2998
2999
3000
3002
3004
3005
3007
3008
3010
3011
3012
3014
3016
3017
3019
3020
3022
3023
3024
3025
3028
3029
3031
3032
3033
3034
3036
3037
3039
3041
3043
3044
3046
3047
3049
3050
3051
3052
3054
3056
3058
3059
3061
3062
3063
3065
3066
3068
3070
3071
3072
3074
3076
3077
3078
3080
3081
3083
3084
3085
3087
3089
3091
3092
3093
3095
3096
3097
3099
3100
3102
3104
3106
3107
3109
3110
3111
3112
3115
3116
3117
3119
3121
3122
3123
3124
3126
3128
3129
3130
3133
3134
3136
3137
3139
3140
3142
3143
3144
3146
3148
3149
3150
3151
3154
3155
3157
3158
3160
3161
3162
3163
3165
3167
3169
3170
3171
3173
3175
3176
3178
3179
3180
3181
3183
3184
3186
3187
3189
3190
3193
3194
3195
3197
3198
3200
3201
3202
3204
3205
3208
3209
3211
3212
3213
3214
3216
3217
3220
3221
3223
3224
3225
3227
3229
3230
3232
3233
3235
3236
3238
3239
3240
3242
3243
3244
3247
3248
3249
3251
3253
3254
3255
3257
3258
3259
3261
3262
3265
3266
3267
3269
3271
3272
3274
3275
3276
3277
3279
3280
3283
3284
3285
3286
3289
3290
3292
3293
3294
3296
3298
3299
3300
3302
3303
3304
3306
3308
3309
3310
3313
3314
3315
3316
3318
3319
3322
3323
3324
3325
3328
3329
3330
3332
3334
3335
3337
3338
3339
3341
3342
3344
3345
3347
3349
3350
3352
3353
3355
3356
3357
3359
3360
3361
3363
3365
3367
3368
3369
3370
3372
3373
3375
3377
3379
3380
3382
3383
3384
3385
3388
3389
3391
3392
3394
3395
3397
3398
3399
3401
3402
3403
3405
3406
3408
3410
3411
3413
3415
3416
3417
3419
3420
3422
3424
3425
3426
3428
3429
3431
3432
3433
3436
3437
3438
3439
3442
3443
3444
3445
3447
3448
3451
3452
3453
3454
3456
3458
3459
3461
3463
3464
3465
3466
3468
3470
3472
3473
3474
3476
3477
3478
3481
3482
3483
3485
3486
3487
3490
3491
3493
3494
3496
3497
3498
3499
3501
3502
3505
3506
3507
3509
3511
3512
3513
3514
3517
3518
3519
3521
3522
3523
3525
3527
3529
3530
3532
3533
3535
3536
3538
3539
3540
3541
3544
3545
3547
3548
3549
3551
3553
3554
3556
3557
3559
3560
3562
3563
3565
3566
3567
3568
3570
3572
3574
3575
3577
3578
3579
3580
3583
3584
3586
3587
3588
3590
3591
3593
3595
3596
3598
3599
3601
3602
3604
3605
3606
3607
3609
3610
3612
3613
3615
3616
3618
3619
3622
3623
3625
3626
3628
3629
3630
3632
3634
3635
3636
3637
3639
3641
3643
3644
3646
3647
3648
3649
3651
3652
3655
3656
3658
3659
3660
3662
3663
3664
3667
3668
3669
3670
3673
3674
3675
3677
3678
3680
3681
3683
3684
3685
3687
3688
3690
3692
3694
3695
3696
3698
3699
3700
3702
3703
3706
3707
3709
3710
3711
3713
3714
3715
3718
3719
3720
3721
3723
3725
3727
3728
3730
3731
3732
3734
3736
3737
3739
3740
3741
3743
3745
3746
3747
3748
3750
3751
3753
3754
3756
3757
3759
3760
3763
3764
3765
3766
3769
3770
3772
3773
3775
3776
3778
3779
3780
3782
3783
3785
3786
3787
3789
3791
3792
3793
3795
3797
3798
3799
3802
3803
3804
3806
3807
3809
3810
3812
3813
3815
3817
3818
3819
3821
3823
3824
3825
3827
3828
3830
3832
3833
3835
3836
3838
3839
3840
3842
3844
3845
3847
3848
3850
3851
3852
3854
3856
3857
3859
3860
3861
3863
3865
3866
3867
3869
3871
3872
3874
3875
3877
3878
3879
3880
3883
3884
3885
3886
3889
3890
3891
3892
3894
3895
3897
3898
3901
3902
3903
3904
3906
3907
3909
3911
3913
3914
3916
3917
3919
3920
3922
3923
3924
3925
3927
3929
3930
3931
3934
3935
3936
3938
3940
3941
3942
3943
3945
3947
3948
3950
3951
3953
3954
3956
3958
3959
3960
3962
3963
3964
3966
3968
3969
3970
3972
3973
3975
3977
3979
3980
3981
3982
3984
3986
3988
3989
3991
3992
3993
3994
3997
3998
3999
4001
4003
4004
4006
4007
4008
4010
4011
4012
4014
4016
4017
4019
4021
4022
4023
4024
4027
4028
4029
4030
4032
4034
4036
4037
4038
4039
4041
4043
4044
4046
4048
4049
4051
4052
4053
4055
4056
4058
4060
4061
4062
4064
4065
4066
4069
4070
4072
4073
4074
4076
4077
4078
4081
4082
4084
4085
4086
4088
4089
4091
4093
4094
4095
4097
4098
4100
4101
4102
4105
4106
4108
4109
4110
4112
4114
4115
4117
4118
4120
4121
4122
4124
4125
4126
4129
4130
4131
4133
4135
4136
4137
4139
4140
4142
4143
4145
4147
4148
4149
4151
4152
4154
4155
4157
4158
4159
4162
4163
4165
4166
4168
4169
4171
4172
4173
4175
4176
4177
4179
4181
4183
4184
4185
4187
4188
4189
4191
4192
4194
4196
4197
4199
4201
4202
4204
4205
4206
4208
4209
4211
4212
4213
4215
4217
4218
4220
4222
4223
4224
4225
4227
4228
4230
4232
4234
4235
4236
4238
4239
4241
4243
4244
4245
4247
4249
4250
4252
4253
4254
4256
4258
4259
4260
4262
4264
4265
4267
4268
4270
4271
4272
4273
4276
4277
4278
4279
4282
4283
4284
4285
4288
4289
4291
4292
4294
4295
4296
4297
4299
4300
4302
4304
4305
4307
4309
4310
4311
4313
4314
4316
4317
4318
4320
4322
4323
4325
4326
4328
4330
4331
4332
4334
4335
4337
4339
4340
4341
4342
4345
4346
4348
4349
4351
4352
4354
4355
4356
4358
4360
4361
4362
4363
4365
4367
4368
4370
4372
4373
4375
4376
4378
4379
4381
4382
4383
4384
4386
4388
4390
4391
4392
4394
4395
4396
4398
4399
4401
4403
4405
4406
4407
4409
4411
4412
4413
4414
4417
4418
4420
4421
4422
4424
4426
4427
4429
4430
4432
4433
4434
4435
4438
4439
4441
4442
4443
4445
4447
4448
4449
4451
4453
4454
4456
4457
4458
4459
4462
4463
4465
4466
4467
4469
4470
4472
4473
4475
4476
4477
4479
4481
4482
4484
4486
4487
4488
4490
4492
4493
4494
4495
4497
4498
4501
4502
4504
4505
4507
4508
4509
4511
4512
4513
4515
4517
4519
4520
4522
4523
4524
4526
4527
4529
4531
4532
4534
4535
4536
4538
4539
4541
4542
4544
4545
4547
4548
4550
4551
4553
4554
4556
4557
4559
4560
4562
4564
4565
4566
4568
4570
4571
4572
4574
4576
4577
4578
4579
4582
4583
4584
4586
4587
4589
4590
4592
4593
4595
4596
4597
4599
4600
4602
4604
4606
4607
4609
4610
4611
4613
4614
4615
4618
4619
4620
4622
4624
4625
4627
4628
4629
4630
4632
4634
4635
4636
4639
4640
4642
4643
4644
4646
4648
4649
4650
4652
4653
4655
4657
4658
4659
4661
4662
4663
4665
4667
4668
4670
4672
4673
4674
4675
4678
4679
4681
4682
4683
4685
4686
4687
4689
4691
4692
4693
4696
4697
4698
4699
4702
4703
4704
4706
4707
4709
4711
4712
4713
4714
4716
4718
4719
4721
4722
4724
4725
4727
4729
4730
4732
4733
4734
4736
4738
4739
4740
4741
4744
4745
4747
4748
4750
4751
4753
4754
4756
4757
4759
4760
4762
4763
4765
4766
4768
4769
4771
4772
4773
4775
4776
4777
4779
4780
4783
4784
4786
4787
4788
4790
4791
4793
4794
4796
4797
4799
4801
4802
4803
4804
4807
4808
4809
4811
4812
4814
4815
4816
4819
4820
4822
4823
4825
4826
4827
4829
4831
4832
4833
4835
4836
4837
4839
4841
4842
4843
4845
4846
4848
4849
4852
4853
4854
4855
4858
4859
4861
4862
4863
4865
4866
4868
4869
4870
4872
4874
4876
4877
4879
4880
4882
4883
4884
4886
4887
4888
4890
4892
4894
4895
4897
4898
4900
4901
4903
4904
4905
4907
4909
4910
4911
4912
4915
4916
4918
4919
4921
4922
4924
4925
4927
4928
4929
4930
4932
4934
4935
4937
4939
4940
4942
4943
4945
4946
4948
4949
4951
4952
4953
4954
4957
4958
4960
4961
4962
4963
4966
4967
4968
4970
4971
4972
4974
4975
4977
4978
4981
4982
4984
4985
4986
4987
4990
4991
4992
4994
4995
4996
4998
4999
5001
5003
5004
5006
5007
5008
5011
5012
5013
5015
5016
5018
5019
5020
5023
5024
5025
5026
5029
5030
5032
5033
5034
5036
5037
5039
5040
5042
5043
5045
5047
5048
5049
5051
5052
5054
5055
5057
5059
5060
5061
5063
5065
5066
5067
5068
5070
5072
5073
5075
5076
5078
5080
5081
5083
5084
5085
5087
5089
5090
5092
5093
5094
5095
5098
5099
5101
5102
5103
5105
5106
5107
5109
5110
5112
5114
5115
5117
5119
5120
5122
5123
5124
5126
5127
5129
5131
5132
5134
5135
5136
5137
5139
5140
5142
5144
5145
5146
5149
5150
5152
5153
5155
5156
5158
5159
5161
5162
5163
5165
5166
5167
5169
5171
5172
5174
5176
5177
5178
5179
5181
5182
5185
5186
5187
5188
5190
5192
5193
5194
5197
5198
5199
5201
5202
5204
5206
5207
5209
5210
5211
5212
5215
5216
5217
5218
5221
5222
5224
5225
5227
5228
5230
5231
5233
5234
5235
5237
5238
5240
5241
5243
5244
5246
5247
5249
5250
5252
5253
5255
5257
5258
5259
5260
5262
5264
5265
5266
5269
5270
5271
5272
5275
5276
5278
5279
5280
5281
5283
5285
5287
5288
5289
5291
5292
5293
5295
5296
5299
5300
5301
5302
5304
5305
5307
5309
5310
5312
5313
5314
5316
5318
5320
5321
5322
5324
5326
5327
5329
5330
5332
5333
5334
5336
5337
5339
5340
5342
5343
5345
5346
5347
5349
5350
5352
5353
5355
5357
5358
5360
5362
5363
5364
5365
5368
5369
5370
5371
5374
5375
5376
5378
5379
5381
5382
5384
5385
5387
5388
5390
5391
5393
5395
5396
5398
5399
5400
5401
5404
5405
5407
5408
5409
5411
5413
5414
5415
5417
5419
5420
5421
5423
5424
5425
5427
5429
5431
5432
5434
5435
5437
5438
5440
5441
5442
5444
5446
5447
5448
5450
5451
5453
5454
5456
5457
5459
5461
5462
5463
5465
5466
5468
5469
5470
5473
5474
5476
5477
5479
5480
5481
5483
5485
5486
5487
5489
5491
5492
5493
5495
5497
5498
5499
5501
5502
5504
5505
5506
5509
5510
5512
5513
5515
5516
5518
5519
5520
5522
5524
5525
5527
5528
5530
5531
5533
5534
5536
5537
5539
5540
5542
5543
5545
5546
5547
5549
5550
5551
5554
5555
5557
5558
5559
5561
5562
5564
5565
5566
5569
5570
5572
5573
5574
5576
5577
5578
5581
5582
5584
5585
5586
5588
5589
5591
5593
5594
5595
5597
5598
5600
5602
5603
5604
5606
5608
5609
5610
5612
5613
5615
5617
5618
5619
5621
5622
5624
5625
5626
5629
5630
5631
5632
5634
5636
5638
5639
5640
5641
5643
5645
5646
5647
5649
5650
5652
5654
5656
5657
5658
5660
5662
5663
5664
5666
5668
5669
5670
5671
5673
5675
5676
5678
5679
5681
5682
5684
5686
5687
5689
5690
5692
5693
5694
5695
5698
5699
5701
5702
5703
5704
5706
5708
5710
5711
5712
5714
5715
5716
5718
5719
5722
5723
5725
5726
5728
5729
5730
5732
5733
5735
5737
5738
5739
5741
5742
5743
5746
5747
5749
5750
5751
5752
5755
5756
5757
5758
5760
5761
5763
5765
5767
5768
5770
5771
5772
5774
5775
5777
5778
5780
5781
5782
5785
5786
5788
5789
5790
5791
5794
5795
5797
5798
5799
5800
5802
5803
5806
5807
5809
5810
5812
5813
5815
5816
5818
5819
5821
5822
5824
5825
5827
5828
5830
5831
5833
5834
5835
5836
5839
5840
5841
5842
5845
5846
5847
5848
5851
5852
5853
5854
5857
5858
5859
5861
5862
5864
5866
5867
5869
5870
5871
5873
5874
5875
5877
5879
5881
5882
5884
5885
5886
5887
5890
5891
5893
5894
5895
5896
5898
5900
5901
5902
5905
5906
5908
5909
5910
5912
5914
5915
5916
5917
5920
5921
5923
5924
5925
5926
5929
5930
5932
5933
5935
5936
5937
5939
5940
5941
5943
5944
5946
5948
5949
5950
5952
5953
5955
5957
5958
5960
5961
5963
5965
5966
5967
5969
5971
5972
5974
5975
5977
5978
5979
5980
5982
5984
5985
5987
5989
5990
5991
5992
5994
5996
5997
5999
6001
6002
6004
6005
6006
6007
6009
6011
6013
6014
6016
6017
6019
6020
6021
6023
6025
6026
6028
6029
6030
6032
6033
6034
6037
6038
6039
6040
6042
6044
6045
6046
6048
6050
6052
6053
6054
6056
6058
6059
6060
6062
6064
6065
6067
6068
6069
6071
6073
6074
6075
6077
6078
6080
6082
6083
6084
6085
6088
6089
6090
6091
6093
6095
6097
6098
6099
6100
6102
6104
6105
6107
6108
6109
6111
6113
6114
6116
6117
6118
6120
6121
6123
6124
6127
6128
6130
6131
6133
6134
6135
6136
6138
6140
6141
6143
6145
6146
6148
6149
6151
6152
6154
6155
6157
6158
6159
6161
6162
6164
6166
6167
6168
6170
6171
6172
6174
6176
6178
6179
6180
6181
6184
6185
6187
6188
6189
6190
6193
6194
6195
6197
6198
6199
6201
6202
6204
6206
6207
6208
6211
6212
6214
6215
6217
6218
6219
6221
6223
6224
6225
6227
6228
6230
6231
6233
6234
6235
6237
6238
6241
6242
6243
6245
6246
6247
6249
6250
6252
6254
6255
6257
6259
6260
6262
6263
6264
6266
6268
6269
6271
6272
6274
6275
6277
6278
6279
6280
6282
6283
6285
6287
6289
6290
6291
6293
6295
6296
6297
6299
6300
6302
6303
6305
6307
6308
6309
6310
6312
6314
6315
6317
6318
6320
6322
6323
6325
6326
6327
6328
6331
6332
6333
6334
6337
6338
6339
6340
6342
6344
6346
6347
6349
6350
6351
6352
6354
6356
6358
6359
6360
6362
6364
6365
6366
6368
6369
6370
6373
6374
6375
6377
6379
6380
6381
6383
6385
6386
6387
6388
6390
6391
6394
6395
6396
6398
6399
6401
6403
6404
6405
6407
6408
6410
6411
6413
6414
6416
6418
6419
6421
6422
6423
6425
6426
6428
6429
6431
6432
6434
6435
6436
6438
6440
6441
6442
6444
6445
6447
6449
6451
6452
6453
6454
6457
6458
6459
6460
6462
6463
6466
6467
6468
6470
6472
6473
6474
6476
6478
6479
6480
6481
6483
6485
6487
6488
6490
6491
6493
6494
6495
6497
6499
6500
6501
6502
6504
6505
6508
6509
6510
6512
6513
6515
6516
6518
6520
6521
6523
6524
6525
6527
6528
6529
6531
6533
6534
6536
6537
6539
6540
6542
6543
6544
6547
6548
6550
6551
6552
6554
6556
6557
6558
6560
6562
6563
6564
6565
6567
6568
6571
6572
6574
6575
6576
6578
6580
6581
6582
6583
6586
6587
6588
6589
6591
6592
6594
6595
6597
6599
6600
6601
6604
6605
6606
6608
6610
6611
6613
6614
6616
6617
6619
6620
6621
6622
6624
6626
6628
6629
6630
6632
6633
6635
6636
6637
6639
6641
6642
6643
6646
6647
6648
6650
6651
6654
6656
6657
6658
6659
6660
6663
6668
6670
6671
6674
6678
6679
6681
6682
6683
6686
6687
6692
6693
6695
6696
6699
6700
6703
6704
6705
6710
6711
6712
6714
6716
6717
6721
6722
6726
6727
6728
6729
6731
6732
6733
6735
6736
6739
6742
6743
6744
6746
6747
6753
6754
6755
6757
6768
6769
6770
6774
6776
6777
6783
6784
6787
6791
6794
6797
6799
6800
6801
6803
6804
6805
6808
6811
6812
6817
6819
6820
6821
6822
6828
6829
6833
6835
6837
6838
6839
6840
6841
6843
6844
6847
6848
6849
6850
6851
6854
6856
6857
6861
6871
6873
6876
6877
6880
6881
6883
6888
6889
6890
6892
6894
6895
6898
6900
6901
6902
6910
6912
6913
6914
6915
6916
6921
6923
6926
6928
6930
6931
6934
6935
6936
6938
6940
6941
6942
6947
6948
6949
6951
6952
6956
6958
6959
6961
6962
6963
6965
6967
6968
6969
6970
6971
6972
6973
6974
6975
6976
6977
6985
6988
6989
6990
6994
6995
6996
6998
7001
7003
7004
7006
7007
7008
7009
7011
7013
7016
7017
7020
7022
7024
7025
7028
