s vc 7400 4800
1
2
3
5
6
7
8
10
14
16
19
25
28
29
30
34
39
40
41
42
46
47
49
53
54
57
58
59
60
61
63
65
66
67
68
70
71
73
74
76
77
80
81
82
83
85
88
90
92
96
98
102
103
105
106
107
110
111
116
120
124
126
127
129
130
131
132
134
135
136
138
141
143
144
147
148
149
150
151
152
154
155
163
164
165
166
167
172
173
174
177
178
179
181
184
187
189
190
191
192
194
195
197
202
205
206
208
209
210
211
212
213
215
216
217
219
221
223
227
230
231
235
237
239
242
244
245
249
250
251
252
258
259
260
267
269
270
271
272
274
275
276
278
280
288
289
290
292
293
294
297
299
300
301
302
306
310
311
316
320
321
325
327
328
332
333
335
336
337
339
345
346
348
349
350
351
352
356
357
358
361
363
364
369
370
372
374
380
381
383
384
385
386
387
391
392
393
397
398
399
400
401
403
404
406
407
409
410
411
414
415
417
418
419
421
423
424
425
427
429
430
431
433
434
435
438
439
440
442
443
444
447
448
450
451
452
454
455
457
459
460
462
463
464
466
467
468
471
472
473
475
477
478
480
481
482
483
485
487
489
490
491
493
494
496
497
498
500
502
504
505
507
508
510
511
512
514
516
517
518
520
521
522
524
525
527
529
531
532
534
535
536
538
540
541
543
544
545
546
549
550
551
552
554
556
557
559
561
562
564
565
567
568
569
571
573
574
575
576
578
580
581
582
584
586
588
589
590
592
593
594
597
598
600
601
603
604
606
607
609
610
611
613
614
615
617
619
620
621
623
625
626
627
629
631
633
634
636
637
638
639
642
643
645
646
648
649
651
652
654
655
656
658
659
661
663
664
666
667
668
669
672
673
674
675
678
679
681
682
683
684
686
688
689
690
693
694
696
697
698
699
701
703
704
706
707
709
711
712
713
715
717
718
720
721
723
724
725
727
728
730
732
733
735
736
737
738
740
741
744
745
747
748
750
751
753
754
755
756
758
760
762
763
764
765
767
769
770
771
773
775
776
777
779
780
782
783
785
786
789
790
792
793
795
796
797
799
801
802
804
805
806
807
809
810
813
814
816
817
819
820
821
822
825
826
827
828
831
832
834
835
837
838
839
841
843
844
845
846
849
850
851
853
854
855
857
858
861
862
863
865
866
867
869
870
872
873
876
877
879
880
882
883
884
885
888
889
890
892
893
895
896
898
900
901
902
903
905
906
909
910
911
912
915
916
917
919
920
922
924
925
926
928
930
931
932
934
935
936
938
939
941
943
944
946
947
948
951
952
954
955
957
958
959
961
963
964
965
966
969
970
971
973
975
976
978
979
980
982
984
985
986
987
990
991
992
994
995
997
998
1000
1002
1003
1004
1005
1007
1009
1010
1011
1013
1015
1016
1018
1019
1021
1022
1023
1025
1027
1029
1030
1032
1033
1034
1036
1038
1039
1040
1042
1044
1045
1046
1048
1049
1051
1052
1054
1056
1057
1058
1059
1062
1063
1064
1066
1067
1069
1070
1071
1074
1075
1077
1078
1079
1080
1082
1084
1086
1087
1089
1090
1091
1093
1095
1096
1097
1099
1101
1102
1103
1105
1107
1108
1109
1111
1112
1113
1115
1117
1119
1120
1121
1123
1124
1126
1128
1129
1130
1131
1133
1135
1136
1138
1139
1140
1143
1144
1146
1147
1148
1149
1152
1153
1154
1155
1158
1159
1160
1161
1164
1165
1167
1168
1169
1170
1172
1174
1175
1176
1179
1180
1181
1183
1184
1186
1187
1188
1190
1192
1193
1194
1197
1198
1199
1201
1202
1204
1206
1207
1209
1210
1211
1212
1214
1216
1217
1218
1220
1222
1224
1225
1227
1228
1229
1230
1232
1234
1236
1237
1238
1240
1242
1243
1244
1246
1247
1249
1250
1252
1253
1255
1256
1257
1259
1261
1263
1264
1265
1266
1269
1270
1271
1273
1274
1275
1278
1279
1281
1282
1283
1285
1287
1288
1289
1290
1292
1294
1296
1297
1298
1300
1302
1303
1305
1306
1307
1309
1310
1312
1314
1315
1316
1317
1320
1321
1323
1324
1326
1327
1328
1329
1332
1333
1334
1336
1338
1339
1341
1342
1343
1345
1346
1348
1350
1351
1353
1354
1355
1356
1358
1360
1361
1362
1365
1366
1367
1369
1370
1371
1374
1375
1376
1377
1380
1381
1383
1384
1385
1387
1388
1389
1392
1393
1395
1396
1398
1399
1400
1402
1403
1405
1406
1408
1410
1411
1412
1414
1416
1417
1419
1420
1421
1423
1424
1425
1427
1429
1431
1432
1433
1435
1437
1438
1440
1441
1443
1444
1446
1447
1449
1450
1452
1453
1455
1456
1457
1458
1461
1462
1464
1465
1466
1468
1469
1471
1473
1474
1476
1477
1479
1480
1482
1483
1484
1486
1488
1489
1491
1492
1493
1495
1496
1497
1499
1500
1502
1503
1506
1507
1508
1509
1511
1513
1514
1516
1518
1519
1520
1522
1524
1525
1526
1527
1530
1531
1532
1534
1535
1536
1539
1540
1541
1542
1545
1546
1547
1548
1551
1552
1553
1555
1556
1558
1559
1561
1563
1564
1565
1567
1568
1570
1572
1573
1575
1576
1577
1578
1581
1582
1583
1584
1586
1588
1589
1591
1592
1593
1596
1597
1599
1600
1601
1603
1604
1605
1608
1609
1611
1612
1614
1615
1617
1618
1620
1621
1622
1623
1626
1627
1628
1629
1632
1633
1634
1635
1637
1638
1640
1642
1644
1645
1646
1647
1650
1651
1652
1653
1656
1657
1658
1660
1662
1663
1664
1665
1668
1669
1670
1672
1674
1675
1676
1678
1680
1681
1682
1684
1686
1687
1689
1690
1692
1693
1694
1695
1698
1699
1701
1702
1704
1705
1706
1707
1710
1711
1712
1713
1716
1717
1718
1719
1721
1722
1725
1726
1727
1728
1730
1732
1733
1734
1736
1738
1740
1741
1742
1744
1746
1747
1749
1750
1752
1753
1755
1756
1757
1759
1760
1762
1763
1765
1767
1768
1769
1770
1773
1774
1776
1777
1779
1780
1782
1783
1785
1786
1787
1788
1791
1792
1793
1795
1796
1797
1800
1801
1803
1804
1805
1806
1809
1810
1811
1813
1814
1816
1817
1819
1820
1821
1823
1825
1826
1827
1830
1831
1832
1834
1835
1836
1839
1840
1842
1843
1844
1846
1847
1848
1851
1852
1853
1855
1857
1858
1859
1860
1863
1864
1865
1867
1869
1870
1871
1873
1874
1876
1878
1879
1881
1882
1884
1885
1886
1888
1890
1891
1892
1894
1895
1896
1898
1900
1902
1903
1904
1906
1908
1909
1911
1912
1913
1915
1917
1918
1919
1921
1922
1923
1925
1927
1929
1930
1932
1933
1934
1936
1937
1939
1941
1942
1944
1945
1947
1948
1950
1951
1952
1954
1956
1957
1959
1960
1962
1963
1965
1966
1968
1969
1970
1971
1973
1974
1977
1978
1979
1980
1983
1984
1986
1987
1989
1990
1992
1993
1995
1996
1997
1999
2001
2002
2004
2005
2007
2008
2009
2011
2012
2013
2016
2017
2019
2020
2022
2023
2024
2026
2027
2028
2031
2032
2033
2035
2037
2038
2039
2041
2042
2044
2046
2047
2048
2050
2052
2053
2055
2056
2058
2059
2061
2062
2063
2065
2066
2068
2069
2070
2072
2073
2075
2076
2079
2080
2082
2083
2084
2085
2088
2089
2091
2092
2094
2095
2096
2098
2100
2101
2102
2103
2106
2107
2108
2110
2112
2113
2115
2116
2117
2118
2120
2122
2123
2125
2126
2127
2129
2131
2132
2134
2136
2137
2138
2140
2141
2142
2144
2145
2148
2149
2150
2151
2153
2155
2157
2158
2160
2161
2163
2164
2165
2166
2169
2170
2171
2173
2175
2176
2177
2179
2181
2182
2184
2185
2186
2187
2189
2191
2192
2193
2196
2197
2198
2200
2202
2203
2205
2206
2208
2209
2210
2211
2214
2215
2217
2218
2220
2221
2223
2224
2226
2227
2228
2229
2231
2232
2234
2236
2237
2239
2241
2242
2244
2245
2247
2248
2250
2251
2252
2254
2256
2257
2259
2260
2261
2263
2264
2266
2268
2269
2270
2272
2274
2275
2276
2277
2279
2281
2282
2283
2285
2286
2289
2290
2291
2292
2295
2296
2297
2298
2300
2301
2303
2305
2307
2308
2309
2311
2313
2314
2315
2317
2319
2320
2322
2323
2324
2326
2327
2328
2331
2332
2334
2335
2337
2338
2339
2341
2342
2343
2346
2347
2348
2350
2352
2353
2355
2356
2357
2358
2361
2362
2364
2365
2366
2367
2369
2370
2372
2374
2375
2377
2378
2380
2381
2383
2384
2386
2387
2389
2391
2392
2393
2395
2397
2398
2400
2401
2402
2403
2405
2407
2408
2409
2412
2413
2414
2416
2417
2418
2420
2421
2424
2425
2426
2428
2430
2431
2432
2434
2435
2436
2439
2440
2441
2442
2445
2446
2448
2449
2451
2452
2453
2454
2457
2458
2459
2461
2462
2463
2466
2467
2468
2470
2472
2473
2475
2476
2478
2479
2480
2481
2483
2484
2487
2488
2490
2491
2493
2494
2495
2496
2498
2499
2502
2503
2505
2506
2507
2509
2511
2512
2514
2515
2516
2517
2520
2521
2523
2524
2525
2526
2529
2530
2531
2533
2534
2536
2538
2539
2541
2542
2543
2544
2547
2548
2549
2551
2552
2554
2556
2557
2559
2560
2562
2563
2564
2565
2568
2569
2570
2571
2573
2575
2576
2577
2579
2580
2583
2584
2585
2586
2588
2590
2591
2592
2594
2596
2597
2598
2601
2602
2603
2605
2607
2608
2610
2611
2612
2614
2616
2617
2619
2620
2622
2623
2624
2626
2627
2629
2631
2632
2633
2635
2636
2637
2639
2641
2643
2644
2646
2647
2649
2650
2652
2653
2654
2656
2658
2659
2660
2662
2664
2665
2667
2668
2670
2671
2673
2674
2675
2677
2679
2680
2681
2683
2685
2686
2688
2689
2691
2692
2694
2695
2696
2697
2700
2701
2703
2704
2706
2707
2708
2710
2711
2712
2714
2715
2717
2718
2720
2722
2724
2725
2726
2727
2730
2731
2732
2734
2735
2736
2738
2739
2742
2743
2744
2746
2748
2749
2750
2751
2754
2755
2756
2758
2760
2761
2763
2764
2766
2767
2769
2770
2771
2773
2775
2776
2777
2778
2780
2781
2783
2785
2786
2787
2789
2791
2792
2793
2795
2796
2798
2799
2802
2803
2804
2805
2807
2809
2810
2812
2814
2815
2817
2818
2820
2821
2822
2824
2825
2827
2828
2829
2832
2833
2834
2835
2838
2839
2841
2842
2843
2845
2847
2848
2850
2851
2853
2854
2855
2857
2859
2860
2862
2863
2865
2866
2868
2869
2870
2871
2873
2874
2876
2878
2879
2880
2882
2884
2885
2886
2888
2890
2892
2893
2894
2895
2897
2899
2901
2902
2903
2905
2906
2907
2910
2911
2912
2914
2916
2917
2919
2920
2921
2923
2925
2926
2927
2928
2931
2932
2934
2935
2937
2938
2939
2941
2943
2944
2945
2947
2949
2950
2951
2953
2954
2955
2958
2959
2961
2962
2964
2965
2966
2968
2970
2971
2973
2974
2975
2977
2978
2980
2981
2983
2984
2986
2987
2988
2990
2992
2993
2995
2996
2997
3000
3001
3003
3004
3005
3006
3009
3010
3011
3013
3014
3016
3018
3019
3020
3021
3023
3025
3026
3028
3030
3031
3033
3034
3035
3037
3038
3039
3042
3043
3044
3046
3048
3049
3050
3052
3054
3055
3056
3058
3060
3061
3062
3064
3065
3067
3068
3070
3071
3073
3075
3076
3077
3079
3080
3081
3083
3084
3087
3088
3089
3090
3092
3094
3095
3096
3099
3100
3101
3103
3105
3106
3107
3109
3110
3111
3114
3115
3116
3118
3120
3121
3122
3123
3125
3126
3128
3129
3131
3133
3134
3135
3137
3138
3141
3142
3143
3145
3147
3148
3150
3151
3152
3153
3155
3157
3158
3159
3161
3162
3164
3165
3167
3169
3171
3172
3174
3175
3177
3178
3180
3181
3182
3183
3185
3186
3188
3190
3191
3193
3195
3196
3197
3199
3200
3201
3204
3205
3207
3208
3209
3211
3212
3213
3215
3217
3219
3220
3222
3223
3224
3226
3227
3228
3230
3231
3233
3234
3236
3238
3240
3241
3243
3244
3245
3246
3248
3250
3251
3253
3255
3256
3258
3259
3260
3262
3263
3264
3266
3268
3269
3271
3272
3274
3275
3276
3278
3280
3281
3282
3284
3285
3287
3288
3291
3292
3294
3295
3296
3297
3299
3301
3302
3304
3306
3307
3309
3310
3311
3312
3314
3316
3317
3319
3321
3322
3324
3325
3326
3327
3330
3331
3332
3333
3336
3337
3339
3340
3342
3343
3344
3346
3348
3349
3350
3352
3353
3354
3356
3358
3360
3361
3363
3364
3365
3366
3368
3369
3372
3373
3375
3376
3378
3379
3381
3382
3384
3385
3386
3388
3390
3391
3393
3394
3395
3396
3398
3399
3401
3402
3404
3406
3407
3408
3410
3412
3414
3415
3417
3418
3419
3421
3423
3424
3425
3427
3428
3430
3432
3433
3434
3435
3438
3439
3440
3441
3444
3445
3446
3447
3449
3450
3452
3453
3456
3457
3459
3460
3462
3463
3464
3465
3467
3469
3470
3472
3474
3475
3476
3478
3479
3480
3482
3484
3485
3487
3488
3490
3492
3493
3495
3496
3498
3499
3500
3502
3503
3505
3507
3508
3510
3511
3512
3513
3515
3517
3518
3519
3521
3523
3525
3526
3527
3528
3531
3532
3533
3535
3536
3538
3540
3541
3542
3544
3546
3547
3549
3550
3552
3553
3554
3556
3558
3559
3560
3562
3564
3565
3567
3568
3570
3571
3572
3574
3575
3577
3579
3580
3582
3583
3585
3586
3588
3589
3591
3592
3593
3594
3596
3597
3600
3601
3603
3604
3606
3607
3609
3610
3612
3613
3614
3616
3617
3619
3621
3622
3623
3625
3627
3628
3629
3631
3632
3633
3635
3637
3639
3640
3641
3642
3645
3646
3648
3649
3650
3652
3653
3655
3656
3658
3660
3661
3662
3664
3665
3667
3668
3670
3671
3672
3675
3676
3677
3679
3681
3682
3683
3685
3686
3688
3690
3691
3692
3693
3696
3697
3699
3700
3701
3702
3704
3706
3707
3708
3710
3712
3713
3715
3717
3718
3719
3720
3722
3724
3726
3727
3729
3730
3732
3733
3734
3736
3738
3739
3740
3741
3743
3745
3746
3747
3749
3750
3753
3754
3756
3757
3758
3759
3761
3762
3764
3766
3767
3769
3770
3772
3773
3775
3777
3778
3779
3781
3782
3783
3785
3786
3788
3790
3791
3793
3794
3796
3797
3798
3801
3802
3804
3805
3806
3807
3809
3810
3812
3813
3815
3816
3818
3820
3822
3823
3824
3826
3827
3828
3831
3832
3833
3835
3837
3838
3839
3841
3843
3844
3845
3847
3849
3850
3851
3852
3855
3856
3857
3858
3861
3862
3864
3865
3867
3868
3869
3871
3872
3873
3875
3877
3878
3880
3881
3883
3884
3886
3888
3889
3891
3892
3893
3894
3896
3898
3900
3901
3902
3904
3905
3906
3908
3910
3912
3913
3914
3916
3917
3919
3920
3921
3924
3925
3927
3928
3929
3930
3933
3934
3935
3936
3938
3940
3941
3942
3944
3946
3947
3949
3951
3952
3954
3955
3956
3957
3960
3961
3962
3963
3966
3967
3968
3970
3972
3973
3975
3976
3978
3979
3980
3982
3983
3985
3987
3988
3989
3990
3992
3994
3995
3997
3999
4000
4001
4003
4004
4005
4007
4009
4011
4012
4013
4015
4016
4018
4020
4021
4023
4024
4026
4027
4028
4030
4032
4033
4034
4035
4038
4039
4041
4042
4043
4044
4046
4047
4050
4051
4053
4054
4056
4057
4058
4060
4061
4062
4064
4065
4068
4069
4071
4072
4074
4075
4076
4077
4079
4081
4082
4084
4086
4087
4088
4090
4091
4093
4095
4096
4098
4099
4100
4102
4103
4104
4106
4108
4110
4111
4112
4114
4115
4116
4118
4119
4122
4123
4125
4126
4127
4129
4131
4132
4133
4135
4137
4138
4139
4140
4143
4144
4145
4147
4149
4150
4151
4153
4155
4156
4157
4158
4160
4161
4163
4165
4166
4167
4170
4171
4173
4174
4175
4177
4178
4180
4181
4183
4184
4186
4188
4189
4190
4192
4193
4195
4196
4198
4200
4201
4202
4203
4205
4207
4208
4209
4211
4213
4215
4216
4218
4219
4220
4222
4224
4225
4226
4228
4230
4231
4233
4234
4235
4237
4238
4239
4242
4243
4244
4246
4248
4249
4250
4251
4254
4255
4257
4258
4259
4261
4262
4264
4265
4267
4268
4269
4271
4272
4275
4276
4277
4279
4280
4282
4283
4284
4287
4288
4290
4291
4292
4294
4295
4297
4298
4299
4301
4303
4304
4305
4307
4309
4310
4311
4314
4315
4316
4317
4320
4321
4322
4323
4325
4326
4328
4330
4332
4333
4335
4336
4338
4339
4340
4342
4344
4345
4347
4348
4349
4350
4353
4354
4355
4356
4359
4360
4362
4363
4365
4366
4368
4369
4370
4372
4373
4374
4376
4378
4380
4381
4383
4384
4385
4386
4389
4390
4391
4392
4394
4395
4397
4399
4401
4402
4404
4405
4406
4408
4410
4411
4412
4414
4416
4417
4418
4419
4422
4423
4425
4426
4427
4429
4431
4432
4434
4435
4436
4438
4439
4440
4442
4443
4446
4447
4448
4450
4452
4453
4454
4455
4457
4459
4461
4462
4463
4464
4466
4468
4470
4471
4472
4474
4476
4477
4478
4480
4482
4483
4484
4485
4487
4489
4490
4491
4493
4495
4497
4498
4499
4501
4502
4504
4506
4507
4508
4509
4512
4513
4515
4516
4518
4519
4520
4521
4524
4525
4527
4528
4530
4531
4533
4534
4535
4537
4539
4540
4541
4543
4544
4545
4547
4549
4550
4552
4554
4555
4557
4558
4560
4561
4563
4564
4565
4566
4569
4570
4571
4573
4574
4576
4577
4578
4580
4581
4584
4585
4587
4588
4589
4591
4592
4593
4595
4597
4598
4600
4602
4603
4604
4606
4608
4609
4610
4612
4613
4614
4617
4618
4619
4621
4622
4624
4625
4626
4629
4630
4631
4633
4634
4636
4638
4639
4640
4641
4643
4645
4647
4648
4649
4650
4653
4654
4655
4657
4658
4659
4661
4663
4664
4666
4668
4669
4671
4672
4673
4675
4677
4678
4679
4681
4683
4684
4685
4686
4689
4690
4692
4693
4694
4695
4698
4699
4700
4702
4703
4705
4706
4708
4709
4711
4713
4714
4716
4717
4719
4720
4721
4722
4724
4726
4728
4729
4730
4731
4734
4735
4736
4738
4739
4741
4742
4744
4746
4747
4748
4749
4752
4753
4754
4756
4758
4759
4760
4761
4764
4765
4767
4768
4770
4771
4772
4773
4776
4777
4779
4780
4782
4783
4784
4785
4787
4788
4790
4791
4793
4794
4797
4798
4799
4800
4803
4804
4805
4807
4808
4810
4811
4813
4814
4815
4818
4819
4821
4822
4823
4824
4826
4828
4829
4831
4832
4833
4835
4837
4838
4839
4842
4843
4844
4846
4848
4849
4850
4851
4853
4854
4856
4858
4859
4860
4862
4864
4866
4867
4868
4870
4872
4873
4874
4876
4877
4879
4880
4882
4883
4885
4887
4888
4890
4891
4892
4893
4895
4896
4899
4900
4902
4903
4905
4906
4907
4909
4910
4911
4914
4915
4916
4918
4920
4921
4923
4924
4925
4926
4928
4930
4931
4933
4934
4936
4937
4939
4940
4942
4944
4945
4946
4947
4949
4951
4953
4954
4955
4956
4958
4960
4962
4963
4965
4966
4968
4969
4971
4972
4974
4975
4977
4978
4980
4981
4983
4984
4985
4986
4989
4990
4992
4993
4995
4996
4998
4999
5000
5001
5004
5005
5006
5007
5009
5011
5012
5013
5015
5017
5018
5020
5021
5023
5025
5026
5028
5029
5030
5031
5033
5034
5036
5038
5039
5041
5043
5044
5045
5046
5048
5050
5052
5053
5055
5056
5057
5058
5061
5062
5064
5065
5066
5068
5070
5071
5073
5074
5076
5077
5078
5080
5082
5083
5084
5086
5087
5089
5090
5092
5094
5095
5097
5098
5100
5101
5102
5104
5105
5107
5108
5109
5112
5113
5114
5115
5118
5119
5121
5122
5123
5125
5126
5128
5130
5131
5133
5134
5135
5137
5138
5139
5141
5143
5145
5146
5147
5149
5150
5152
5153
5155
5156
5158
5159
5161
5162
5163
5165
5166
5168
5169
5172
5173
5174
5176
5178
5179
5180
5182
5183
5184
5187
5188
5189
5191
5193
5194
5195
5197
5199
5200
5201
5202
5204
5205
5208
5209
5211
5212
5214
5215
5217
5218
5219
5220
5223
5224
5225
5227
5228
5229
5231
5233
5235
5236
5237
5238
5240
5242
5243
5244
5246
5248
5250
5251
5253
5254
5256
5257
5258
5260
5262
5263
5265
5266
5267
5269
5270
5272
5274
5275
5276
5277
5279
5281
5282
5284
5285
5286
5289
5290
5291
5293
5294
5295
5298
5299
5300
5301
5304
5305
5306
5307
5310
5311
5312
5314
5315
5317
5318
5320
5321
5323
5325
5326
5327
5328
5330
5331
5333
5334
5337
5338
5339
5341
5342
5343
5346
5347
5348
5349
5351
5352
5354
5356
5357
5359
5360
5362
5364
5365
5366
5368
5370
5371
5372
5374
5376
5377
5379
5380
5382
5383
5385
5386
5388
5389
5390
5392
5394
5395
5397
5398
5399
5400
5402
5403
5405
5406
5408
5410
5411
5413
5414
5416
5417
5419
5420
5422
5423
5425
5426
5428
5429
5431
5433
5434
5435
5437
5438
5440
5442
5443
5445
5446
5447
5449
5451
5452
5454
5455
5456
5458
5460
5461
5462
5463
5465
5466
5469
5470
5472
5473
5474
5476
5478
5479
5480
5482
5484
5485
5487
5488
5490
5491
5492
5494
5496
5497
5498
5500
5501
5502
5504
5505
5507
5508
5511
5512
5514
5515
5517
5518
5520
5521
5523
5524
5525
5527
5528
5530
5531
5532
5535
5536
5537
5539
5540
5542
5543
5544
5547
5548
5549
5550
5552
5554
5556
5557
5558
5560
5561
5562
5565
5566
5567
5569
5570
5571
5573
5575
5576
5577
5580
5581
5582
5584
5586
5587
5588
5590
5591
5592
5594
5595
5598
5599
5601
5602
5603
5604
5606
5608
5609
5611
5613
5614
5615
5616
5618
5619
5622
5623
5624
5626
5628
5629
5630
5631
5633
5634
5637
5638
5639
5640
5643
5644
5645
5646
5648
5650
5651
5652
5655
5656
5658
5659
5660
5661
5663
5664
5667
5668
5669
5671
5673
5674
5676
5677
5678
5680
5681
5683
5684
5686
5687
5689
5691
5692
5693
5695
5696
5697
5699
5701
5702
5704
5705
5707
5709
5710
5711
5713
5714
5716
5717
5719
5720
5722
5723
5725
5727
5728
5730
5731
5732
5734
5736
5737
5738
5739
5742
5743
5744
5746
5748
5749
5751
5752
5753
5754
5756
5757
5760
5761
5762
5764
5766
5767
5768
5769
5772
5773
5774
5776
5777
5778
5781
5782
5783
5785
5786
5787
5789
5790
5792
5793
5795
5796
5798
5799
5802
5803
5805
5806
5807
5809
5811
5812
5813
5815
5816
5818
5820
5821
5822
5824
5826
5827
5828
5830
5831
5833
5834
5835
5838
5839
5840
5842
5843
5845
5847
5848
5849
5851
5852
5853
5856
5857
5858
5860
5861
5862
5865
5866
5867
5869
5871
5872
5873
5875
5877
5878
5879
5881
5883
5884
5885
5886
5888
5890
5892
5893
5894
5895
5898
5899
5901
5902
5903
5905
5906
5908
5910
5911
5913
5914
5915
5917
5919
5920
5921
5923
5925
5926
5927
5929
5930
5932
5934
5935
5937
5938
5939
5940
5942
5944
5945
5946
5948
5949
5951
5953
5954
5955
5957
5959
5961
5962
5963
5965
5967
5968
5970
5971
5973
5974
5976
5977
5979
5980
5981
5983
5985
5986
5987
5989
5990
5991
5993
5995
5997
5998
6000
6001
6003
6004
6006
6007
6009
6010
6011
6012
6015
6016
6017
6018
6021
6022
6023
6024
6026
6028
6029
6031
6032
6033
6036
6037
6039
6040
6042
6043
6045
6046
6047
6048
6050
6051
6053
6054
6057
6058
6059
6061
6062
6063
6066
6067
6068
6070
6071
6072
6074
6076
6077
6078
6081
6082
6084
6085
6086
6087
6089
6091
6092
6094
6095
6097
6098
6099
6101
6103
6104
6106
6107
6109
6110
6112
6113
6115
6116
6117
6119
6120
6123
6124
6126
6127
6128
6130
6131
6132
6134
6135
6138
6139
6140
6142
6144
6145
6146
6148
6149
6151
6153
6154
6156
6157
6159
6160
6162
6163
6164
6166
6167
6169
6170
6172
6173
6175
6176
6177
6179
6180
6182
6184
6186
6187
6188
6189
6191
6193
6194
6196
6197
6199
6201
6202
6204
6205
6206
6208
6210
6211
6213
6214
6215
6216
6218
6220
6222
6223
6224
6225
6228
6229
6230
6232
6233
6235
6237
6238
6240
6241
6242
6243
6246
6247
6248
6250
6252
6253
6254
6255
6258
6259
6260
6261
6263
6264
6266
6267
6270
6271
6272
6274
6275
6277
6278
6280
6282
6283
6284
6285
6287
6289
6290
6291
6293
6295
6296
6298
6300
6301
6302
6304
6306
6307
6309
6310
6311
6313
6314
6315
6318
6319
6320
6322
6324
6325
6326
6327
6330
6331
6333
6334
6335
6337
6339
6340
6341
6343
6344
6345
6348
6349
6351
6352
6353
6354
6356
6358
6360
6361
6362
6363
6365
6366
6369
6370
6372
6373
6374
6376
6378
6379
6380
6382
6383
6385
6386
6387
6389
6391
6392
6393
6396
6397
6399
6400
6401
6403
6405
6406
6407
6408
6411
6412
6413
6415
6416
6418
6419
6421
6422
6424
6426
6427
6428
6430
6431
6432
6435
6436
6437
6438
6441
6442
6444
6445
6447
6448
6450
6451
6452
6453
6455
6456
6458
6459
6462
6463
6464
6466
6467
6468
6470
6472
6473
6475
6476
6478
6479
6481
6483
6484
6486
6487
6489
6490
6491
6493
6494
6496
6497
6499
6500
6502
6504
6505
6506
6507
6510
6511
6513
6514
6515
6517
6518
6520
6521
6523
6524
6525
6527
6528
6530
6531
6533
6535
6536
6538
6539
6540
6543
6544
6546
6547
6548
6549
6551
6553
6554
6555
6558
6559
6561
6562
6563
6564
6566
6568
6569
6571
6572
6574
6576
6577
6578
6580
6581
6583
6584
6585
6587
6589
6591
6592
6593
6595
6596
6598
6599
6600
6603
6604
6605
6607
6609
6610
6612
6613
6615
6616
6617
6618
6620
6621
6624
6625
6627
6628
6629
6631
6632
6633
6635
6636
6638
6639
6642
6643
6644
6646
6648
6649
6650
6652
6653
6655
6657
6658
6659
6661
6663
6664
6666
6667
6668
6670
6671
6673
6675
6676
6677
6678
6680
6682
6683
6685
6687
6688
6690
6691
6693
6694
6696
6697
6698
6700
6701
6703
6704
6705
6708
6709
6710
6712
6713
6715
6717
6718
6720
6721
6723
6724
6725
6727
6728
6730
6732
6733
6735
6736
6737
6739
6741
6742
6744
6745
6747
6748
6750
6751
6752
6754
6756
6757
6758
6760
6761
6762
6765
6766
6768
6769
6770
6771
6774
6775
6776
6777
6779
6780
6782
6783
6785
6787
6788
6789
6791
6792
6795
6796
6798
6799
6800
6801
6803
6804
6807
6808
6809
6810
6812
6814
6815
6817
6818
6820
6822
6823
6825
6826
6827
6829
6830
6832
6834
6835
6837
6838
6840
6841
6842
6844
6846
6847
6848
6850
6851
6852
6855
6856
6857
6859
6860
6861
6863
6865
6867
6868
6870
6871
6872
6874
6876
6877
6878
6879
6882
6883
6884
6885
6888
6889
6891
6892
6893
6895
6897
6898
6900
6901
6903
6904
6906
6907
6908
6910
6911
6913
6915
6916
6918
6919
6920
6921
6923
6924
6927
6928
6929
6931
6932
6934
6935
6937
6939
6940
6941
6943
6944
6946
6948
6949
6950
6952
6953
6954
6957
6958
6960
6961
6963
6964
6965
6966
6968
6970
6971
6973
6974
6975
6977
6978
6980
6982
6983
6985
6987
6988
6990
6991
6993
6994
6995
6997
6998
7000
7004
7009
7011
7012
7013
7015
7017
7018
7020
7021
7022
7023
7024
7026
7027
7031
7032
7033
7035
7036
7037
7038
7043
7044
7045
7048
7050
7051
7052
7055
7056
7062
7064
7069
7072
7075
7078
7079
7084
7086
7087
7089
7091
7093
7094
7095
7097
7099
7100
7101
7104
7108
7109
7112
7113
7114
7115
7117
7118
7119
7121
7122
7123
7125
7128
7133
7137
7139
7140
7142
7145
7146
7153
7156
7157
7158
7159
7160
7161
7162
7168
7169
7170
7171
7175
7176
7180
7182
7183
7185
7186
7188
7193
7196
7198
7199
7200
7201
7203
7204
7207
7214
7218
7220
7222
7224
7225
7226
7228
7229
7232
7233
7234
7236
7238
7240
7241
7243
7246
7247
7248
7253
7254
7255
7256
7257
7261
7262
7263
7264
7265
7266
7268
7273
7277
7279
7281
7282
7283
7284
7285
7286
7287
7291
7295
7296
7298
7303
7304
7305
7307
7308
7309
7312
7313
7314
7315
7317
7318
7319
7322
7323
7324
7326
7329
7330
7331
7334
7338
7340
7341
7342
7343
7344
7347
7353
7354
7355
7359
7360
7362
7365
7366
7367
7368
7371
7373
7375
7376
7377
7378
7379
7382
7388
7389
7390
7394
7395
7396
