s vc 4227 2738
1
3
6
8
9
10
12
13
14
23
24
27
31
32
33
34
36
37
42
45
47
48
50
53
54
55
59
63
64
65
69
71
72
74
81
85
90
92
94
96
97
98
99
101
102
104
107
108
109
111
112
114
116
120
121
123
124
125
126
127
128
133
136
137
140
141
142
144
145
146
148
149
150
154
155
159
160
161
163
164
168
169
171
173
174
175
176
180
181
184
186
188
189
190
191
194
196
197
198
199
201
203
204
208
210
211
212
214
215
216
217
218
220
221
222
223
225
227
230
231
236
237
238
240
242
243
244
246
247
249
251
252
253
254
256
258
259
261
262
263
266
267
269
270
271
273
275
276
278
279
280
282
283
285
287
288
289
291
293
294
296
297
298
299
301
303
304
306
307
309
311
312
314
315
317
318
320
321
323
324
326
327
329
330
331
333
335
336
338
339
341
342
344
345
346
348
349
351
353
354
355
356
358
360
362
363
365
366
367
369
370
372
373
375
376
378
380
381
383
384
385
386
389
390
391
392
395
396
397
398
400
402
404
405
407
408
409
410
412
414
416
417
419
420
422
423
425
426
428
429
430
431
434
435
437
438
440
441
442
443
445
447
448
449
451
453
454
456
458
459
461
462
464
465
467
468
469
470
473
474
475
477
479
480
481
483
485
486
487
489
490
491
493
495
497
498
499
500
503
504
506
507
509
510
511
513
515
516
518
519
520
522
523
525
527
528
530
531
533
534
535
537
538
540
541
543
545
546
548
549
550
552
554
555
557
558
559
561
563
564
565
566
569
570
572
573
575
576
577
579
580
581
583
585
586
587
590
591
593
594
595
597
599
600
601
603
605
606
608
609
611
612
614
615
616
617
619
621
623
624
626
627
628
629
631
633
634
635
638
639
641
642
644
645
646
648
649
650
652
654
655
656
658
660
661
662
665
666
668
669
670
671
673
674
677
678
679
681
683
684
685
687
688
690
692
693
695
696
697
699
700
702
703
705
706
708
710
711
712
713
716
717
718
720
721
723
724
726
727
728
731
732
733
735
736
738
740
741
743
744
746
747
748
750
752
753
754
756
758
759
760
761
763
765
766
767
770
771
773
774
775
776
778
780
782
783
785
786
788
789
790
791
794
795
796
798
799
800
803
804
805
807
808
809
811
812
814
816
817
818
820
821
823
824
826
828
829
830
833
834
836
837
839
840
842
843
845
846
847
848
850
852
853
855
857
858
859
861
863
864
866
867
869
870
872
873
874
875
877
878
881
882
884
885
887
888
890
891
893
894
896
897
899
900
902
903
904
905
908
909
910
911
914
915
916
918
920
921
923
924
925
926
929
930
931
933
935
936
938
939
940
941
944
945
946
947
949
951
952
954
956
957
958
960
962
963
964
966
967
968
971
972
974
975
976
978
980
981
983
984
985
987
989
990
991
992
995
996
998
999
1000
1001
1003
1004
1006
1007
1010
1011
1012
1014
1016
1017
1018
1020
1021
1023
1024
1025
1028
1029
1030
1031
1033
1034
1037
1038
1040
1041
1042
1044
1045
1047
1048
1050
1051
1053
1054
1056
1058
1059
1061
1062
1064
1065
1067
1068
1069
1071
1072
1073
1076
1077
1079
1080
1081
1082
1085
1086
1088
1089
1090
1092
1093
1095
1096
1098
1099
1101
1103
1104
1105
1107
1108
1109
1112
1113
1115
1116
1117
1119
1120
1122
1124
1125
1126
1127
1130
1131
1133
1134
1135
1136
1139
1140
1142
1143
1144
1145
1147
1148
1151
1152
1154
1155
1156
1158
1159
1161
1163
1164
1166
1167
1169
1170
1171
1173
1175
1176
1177
1179
1180
1181
1184
1185
1186
1187
1190
1191
1192
1194
1196
1197
1199
1200
1202
1203
1205
1206
1207
1209
1210
1212
1214
1215
1216
1218
1219
1221
1223
1224
1226
1227
1229
1230
1232
1233
1234
1236
1237
1238
1241
1242
1243
1244
1247
1248
1249
1250
1252
1254
1256
1257
1258
1260
1261
1263
1264
1266
1268
1269
1270
1271
1273
1274
1277
1278
1279
1281
1282
1284
1286
1287
1289
1290
1291
1293
1294
1295
1298
1299
1301
1302
1304
1305
1306
1307
1309
1310
1313
1314
1315
1317
1319
1320
1322
1323
1324
1326
1327
1328
1330
1332
1334
1335
1337
1338
1339
1340
1343
1344
1345
1346
1348
1349
1351
1352
1354
1356
1357
1359
1361
1362
1364
1365
1366
1368
1370
1371
1372
1373
1375
1377
1378
1380
1382
1383
1384
1386
1387
1388
1391
1392
1393
1395
1397
1398
1400
1401
1402
1404
1406
1407
1408
1410
1411
1412
1415
1416
1418
1419
1420
1422
1424
1425
1426
1427
1430
1431
1433
1434
1435
1436
1439
1440
1441
1443
1445
1446
1447
1449
1450
1452
1453
1454
1456
1458
1460
1461
1463
1464
1466
1467
1469
1470
1471
1473
1474
1476
1478
1479
1481
1482
1484
1485
1486
1488
1490
1491
1493
1494
1496
1497
1499
1500
1501
1503
1505
1506
1507
1509
1511
1512
1513
1515
1517
1518
1520
1521
1522
1524
1526
1527
1528
1529
1531
1532
1535
1536
1537
1539
1540
1542
1543
1544
1547
1548
1549
1550
1552
1553
1556
1557
1558
1560
1562
1563
1564
1566
1568
1569
1570
1572
1573
1575
1577
1578
1580
1581
1583
1584
1585
1586
1588
1590
1592
1593
1595
1596
1598
1599
1600
1601
1604
1605
1606
1607
1610
1611
1613
1614
1615
1616
1619
1620
1621
1623
1625
1626
1628
1629
1630
1632
1633
1634
1636
1637
1639
1641
1642
1644
1646
1647
1649
1650
1651
1653
1654
1656
1657
1659
1661
1662
1664
1665
1667
1668
1669
1671
1673
1674
1675
1676
1679
1680
1682
1683
1685
1686
1687
1689
1691
1692
1694
1695
1696
1698
1700
1701
1702
1703
1705
1707
1708
1710
1711
1712
1715
1716
1717
1718
1721
1722
1723
1724
1727
1728
1730
1731
1733
1734
1735
1737
1739
1740
1742
1743
1744
1745
1748
1749
1750
1751
1754
1755
1757
1758
1759
1761
1762
1764
1765
1767
1768
1770
1771
1773
1774
1776
1777
1779
1781
1782
1784
1785
1787
1788
1790
1791
1793
1794
1795
1797
1798
1800
1802
1803
1805
1806
1807
1808
1811
1812
1814
1815
1817
1818
1820
1821
1822
1824
1825
1826
1829
1830
1832
1833
1835
1836
1837
1839
1840
1842
1843
1844
1846
1848
1849
1851
1852
1854
1856
1857
1859
1860
1861
1863
1865
1866
1868
1869
1870
1872
1874
1875
1877
1878
1880
1881
1883
1884
1886
1887
1888
1890
1892
1893
1895
1896
1897
1898
1900
1901
1904
1905
1906
1908
1909
1911
1913
1914
1915
1917
1918
1919
1922
1923
1924
1926
1927
1929
1931
1932
1934
1935
1936
1937
1939
1941
1943
1944
1945
1946
1948
1950
1952
1953
1954
1956
1957
1959
1961
1962
1963
1964
1967
1968
1969
1970
1973
1974
1976
1977
1979
1980
1981
1982
1984
1986
1987
1989
1991
1992
1993
1995
1996
1997
1999
2001
2003
2004
2006
2007
2008
2009
2011
2013
2015
2016
2018
2019
2021
2022
2024
2025
2027
2028
2029
2030
2033
2034
2036
2037
2038
2039
2042
2043
2045
2046
2048
2049
2050
2051
2053
2055
2056
2058
2060
2061
2062
2064
2065
2066
2068
2070
2072
2073
2074
2075
2078
2079
2081
2082
2084
2085
2086
2088
2089
2091
2092
2093
2096
2097
2099
2100
2101
2102
2105
2106
2108
2109
2111
2112
2113
2114
2116
2118
2119
2120
2122
2124
2125
2126
2129
2130
2131
2132
2134
2136
2138
2139
2141
2142
2144
2145
2146
2147
2149
2151
2152
2154
2155
2157
2158
2159
2161
2162
2165
2166
2168
2169
2171
2172
2174
2175
2177
2178
2180
2181
2183
2184
2185
2187
2189
2190
2192
2193
2195
2196
2197
2199
2201
2202
2203
2205
2207
2208
2210
2211
2213
2214
2215
2217
2218
2220
2221
2223
2224
2226
2227
2228
2230
2232
2233
2235
2236
2238
2239
2240
2242
2243
2245
2247
2248
2250
2251
2252
2254
2255
2258
2259
2261
2262
2263
2264
2266
2267
2269
2271
2273
2274
2276
2277
2279
2280
2282
2283
2285
2286
2287
2289
2290
2291
2294
2295
2296
2298
2300
2301
2302
2304
2306
2307
2308
2309
2311
2312
2314
2316
2317
2319
2320
2322
2324
2325
2326
2327
2330
2331
2333
2334
2335
2337
2338
2340
2341
2343
2345
2346
2348
2349
2351
2352
2353
2355
2357
2358
2359
2361
2362
2364
2365
2367
2369
2370
2371
2373
2375
2376
2377
2378
2381
2382
2383
2385
2387
2388
2389
2391
2392
2394
2395
2397
2399
2400
2402
2403
2405
2406
2407
2408
2411
2412
2414
2415
2416
2417
2419
2421
2423
2424
2425
2427
2429
2430
2432
2433
2435
2436
2438
2439
2440
2441
2443
2444
2446
2448
2449
2450
2453
2454
2456
2457
2459
2460
2462
2463
2465
2466
2467
2469
2471
2472
2473
2475
2476
2478
2479
2481
2483
2484
2485
2487
2489
2490
2491
2493
2495
2496
2497
2499
2501
2502
2503
2504
2507
2508
2509
2510
2512
2513
2515
2516
2519
2520
2522
2523
2524
2526
2527
2528
2530
2532
2533
2534
2537
2538
2540
2541
2542
2544
2546
2547
2549
2550
2551
2553
2554
2556
2558
2559
2560
2561
2563
2565
2566
2567
2569
2571
2572
2574
2575
2577
2579
2580
2582
2583
2584
2585
2588
2589
2591
2592
2594
2595
2596
2598
2600
2601
2603
2604
2606
2607
2609
2610
2611
2613
2615
2616
2618
2619
2621
2622
2624
2625
2626
2628
2630
2631
2632
2633
2635
2637
2638
2640
2642
2643
2645
2646
2648
2649
2651
2652
2653
2654
2657
2658
2660
2661
2662
2664
2665
2667
2669
2670
2671
2673
2674
2676
2678
2679
2681
2682
2683
2685
2686
2687
2690
2691
2692
2694
2696
2697
2698
2700
2701
2703
2704
2706
2707
2709
2710
2712
2713
2715
2716
2718
2719
2721
2723
2724
2726
2727
2729
2730
2732
2733
2734
2736
2738
2739
2741
2742
2744
2745
2746
2748
2750
2751
2753
2754
2756
2757
2758
2760
2762
2763
2765
2766
2767
2769
2770
2772
2774
2775
2776
2778
2779
2781
2782
2784
2786
2787
2789
2790
2791
2793
2794
2795
2797
2798
2801
2802
2803
2805
2807
2808
2810
2811
2812
2814
2816
2817
2819
2820
2822
2823
2825
2826
2828
2829
2831
2832
2834
2835
2836
2837
2839
2841
2843
2844
2846
2847
2848
2850
2852
2853
2855
2856
2857
2858
2861
2862
2864
2865
2867
2868
2870
2871
2872
2874
2875
2877
2878
2880
2881
2883
2885
2886
2887
2888
2891
2892
2894
2895
2896
2898
2900
2901
2902
2903
2906
2907
2908
2910
2911
2912
2915
2916
2918
2919
2921
2922
2923
2925
2927
2928
2930
2931
2933
2934
2935
2936
2939
2940
2942
2943
2945
2946
2947
2949
2951
2952
2953
2955
2957
2958
2960
2961
2963
2964
2966
2967
2969
2970
2972
2973
2975
2976
2977
2979
2980
2982
2983
2985
2987
2988
2989
2991
2993
2994
2996
2997
2998
3000
3002
3003
3004
3006
3008
3009
3010
3012
3013
3015
3016
3018
3019
3021
3023
3024
3026
3027
3029
3030
3032
3033
3034
3036
3038
3039
3040
3041
3043
3044
3047
3048
3049
3051
3053
3054
3055
3056
3058
3060
3061
3062
3064
3065
3067
3069
3071
3072
3074
3075
3077
3078
3079
3081
3083
3084
3085
3087
3088
3089
3091
3093
3094
3095
3098
3099
3100
3101
3104
3105
3107
3108
3109
3111
3112
3114
3116
3117
3118
3119
3121
3122
3125
3126
3128
3129
3131
3132
3134
3135
3136
3137
3139
3140
3142
3144
3145
3147
3148
3150
3152
3153
3154
3155
3158
3159
3161
3162
3163
3165
3167
3168
3169
3170
3173
3174
3176
3177
3178
3180
3182
3183
3184
3185
3187
3188
3191
3192
3194
3195
3197
3198
3199
3201
3202
3204
3206
3207
3208
3210
3212
3213
3214
3216
3218
3219
3221
3222
3224
3225
3226
3228
3229
3230
3232
3233
3236
3237
3239
3240
3241
3243
3244
3246
3247
3249
3250
3251
3253
3255
3257
3258
3259
3260
3263
3264
3266
3267
3268
3270
3272
3273
3275
3276
3278
3279
3280
3282
3283
3285
3286
3287
3289
3291
3293
3294
3296
3297
3298
3300
3301
3302
3304
3306
3307
3309
3311
3312
3314
3315
3317
3318
3319
3321
3322
3324
3326
3327
3329
3330
3331
3333
3335
3336
3337
3339
3341
3342
3343
3345
3347
3348
3349
3351
3352
3353
3355
3357
3359
3360
3362
3363
3365
3366
3367
3369
3370
3372
3373
3374
3376
3377
3380
3381
3382
3384
3386
3387
3389
3390
3391
3393
3394
3396
3398
3399
3400
3401
3403
3405
3406
3407
3409
3411
3412
3414
3416
3417
3418
3419
3422
3423
3425
3426
3427
3429
3431
3432
3434
3435
3437
3438
3439
3441
3442
3443
3446
3447
3449
3450
3452
3453
3455
3456
3457
3458
3461
3462
3464
3465
3467
3468
3469
3471
3473
3474
3476
3477
3479
3480
3482
3483
3484
3486
3487
3489
3491
3492
3493
3494
3497
3498
3500
3501
3502
3503
3505
3506
3509
3510
3512
3513
3514
3515
3518
3519
3521
3522
3524
3525
3526
3528
3530
3531
3533
3534
3536
3537
3539
3540
3541
3543
3545
3546
3547
3548
3551
3552
3553
3554
3556
3558
3559
3561
3562
3564
3566
3567
3568
3569
3571
3573
3575
3576
3577
3578
3580
3582
3583
3585
3587
3588
3589
3590
3592
3594
3596
3597
3599
3600
3602
3603
3605
3606
3607
3609
3611
3612
3614
3615
3616
3618
3619
3621
3622
3624
3626
3627
3629
3630
3631
3633
3634
3635
3638
3639
3640
3642
3643
3644
3647
3648
3650
3651
3652
3654
3656
3657
3658
3660
3661
3663
3664
3666
3668
3669
3671
3672
3674
3675
3676
3678
3679
3681
3683
3684
3686
3687
3688
3690
3692
3693
3694
3695
3697
3698
3700
3702
3704
3705
3707
3708
3710
3711
3713
3714
3715
3716
3719
3720
3722
3723
3725
3726
3727
3728
3731
3732
3734
3735
3737
3738
3739
3741
3742
3743
3745
3746
3748
3750
3752
3753
3754
3756
3758
3759
3760
3761
3764
3765
3767
3768
3770
3771
3772
3773
3776
3777
3778
3780
3781
3782
3784
3785
3787
3789
3790
3792
3794
3795
3797
3798
3800
3801
3802
3803
3806
3807
3808
3810
3812
3813
3815
3816
3817
3819
3820
3821
3823
3825
3827
3828
3829
3830
3832
3833
3836
3837
3838
3839
3842
3843
3845
3846
3847
3849
3850
3851
3854
3855
3856
3858
3860
3861
3863
3864
3866
3867
3869
3870
3871
3872
3875
3876
3877
3878
3880
3882
3883
3885
3886
3887
3889
3891
3892
3894
3895
3896
3898
3900
3902
3903
3904
3906
3907
3909
3910
3911
3913
3914
3917
3918
3919
3920
3923
3924
3925
3927
3928
3930
3932
3933
3934
3935
3938
3939
3941
3942
3943
3945
3946
3947
3949
3950
3953
3954
3956
3957
3958
3960
3961
3963
3964
3966
3968
3969
3970
3972
3973
3975
3977
3978
3980
3981
3983
3984
3986
3987
3989
3991
3992
3994
3998
4002
4003
4004
4005
4006
4007
4008
4009
4012
4013
4015
4016
4017
4022
4025
4026
4027
4028
4030
4031
4033
4036
4038
4039
4043
4044
4045
4047
4048
4049
4053
4054
4055
4057
4060
4062
4063
4064
4065
4066
4067
4069
4070
4071
4073
4074
4075
4076
4078
4080
4082
4087
4090
4092
4093
4097
4100
4102
4104
4105
4106
4109
4116
4117
4118
4119
4121
4122
4125
4126
4130
4134
4138
4139
4140
4143
4144
4145
4149
4152
4153
4154
4157
4159
4164
4165
4166
4169
4170
4172
4174
4179
4180
4182
4187
4189
4192
4193
4194
4196
4200
4206
4211
4213
4215
4216
4219
4220
4221
4222
4226
