s vc 20431 10976
2
3
5
6
8
10
12
14
16
17
18
20
21
23
24
25
26
28
30
31
33
35
37
39
40
42
43
44
45
47
49
51
53
54
55
57
59
61
63
64
66
68
70
71
73
74
76
77
79
81
83
85
86
87
88
89
90
91
93
94
95
97
99
101
102
103
104
105
106
107
108
109
110
112
113
115
116
118
119
120
121
122
123
124
125
126
128
129
131
133
135
136
137
138
140
142
144
146
149
151
153
154
155
157
158
159
161
162
164
166
168
169
171
173
174
176
178
180
181
182
184
185
187
188
190
192
194
195
197
198
199
200
201
203
204
205
206
207
209
211
212
213
214
215
217
218
220
221
222
223
224
226
227
228
230
232
233
235
236
237
238
240
242
243
245
246
247
248
250
252
253
254
255
257
258
259
261
262
264
265
267
268
269
270
272
274
275
276
277
279
280
281
282
284
285
287
289
291
293
295
296
298
299
300
301
302
303
305
307
308
309
311
312
313
314
315
317
318
320
321
323
324
326
328
329
330
331
332
333
334
336
337
338
340
341
342
343
345
346
348
350
351
352
354
356
358
359
360
361
363
364
366
368
370
372
373
375
377
379
381
382
383
385
387
388
390
391
393
394
396
397
398
399
400
401
402
403
404
405
406
407
409
410
412
414
416
417
419
421
423
424
425
427
428
430
432
433
435
437
439
441
442
443
445
447
448
449
451
452
453
454
456
458
459
461
463
465
466
469
471
472
473
475
476
478
480
481
483
485
486
487
489
491
492
494
495
497
498
500
501
502
504
505
506
508
509
511
513
515
516
518
520
522
524
526
527
528
529
531
533
534
535
537
538
539
541
543
545
547
549
550
552
554
555
557
558
559
561
562
563
565
566
567
568
570
572
573
575
576
577
578
579
580
581
582
583
584
586
587
588
590
591
593
595
598
600
601
603
604
605
607
609
610
611
612
614
615
616
617
618
619
620
621
622
623
624
626
627
628
629
631
632
634
635
637
638
640
642
643
645
646
647
649
650
652
653
654
656
657
659
661
662
664
666
668
669
671
673
675
676
679
680
682
684
686
688
690
691
693
695
697
699
701
702
704
706
707
709
710
711
712
713
715
717
718
720
722
723
724
725
727
728
729
730
732
734
736
738
740
742
744
746
748
750
752
753
754
756
757
758
759
761
762
764
765
768
770
772
774
775
777
778
780
781
783
785
787
788
789
790
791
793
795
796
797
798
799
800
801
803
804
805
806
807
809
810
811
812
814
815
817
818
819
820
821
822
823
824
825
828
829
832
833
834
835
837
839
840
841
843
845
846
848
850
851
853
854
856
857
858
859
861
862
864
866
867
869
871
872
873
875
876
877
878
880
882
884
885
886
888
889
891
893
895
896
897
898
899
901
903
904
907
909
911
913
914
915
917
919
920
922
924
925
926
927
929
930
932
934
935
936
938
940
942
944
945
946
947
949
950
952
953
955
957
959
961
963
965
967
968
970
973
974
976
977
979
980
981
982
984
985
986
988
989
990
991
993
994
995
996
997
998
999
1000
1001
1002
1003
1004
1005
1006
1007
1009
1011
1012
1013
1015
1016
1017
1018
1019
1020
1021
1023
1025
1026
1027
1028
1030
1031
1032
1033
1034
1035
1036
1038
1039
1041
1042
1043
1044
1046
1047
1048
1050
1051
1053
1054
1055
1057
1058
1061
1063
1065
1066
1067
1069
1070
1071
1072
1074
1075
1076
1077
1078
1080
1081
1082
1084
1085
1087
1090
1092
1096
1097
1099
1100
1102
1103
1105
1106
1107
1109
1110
1111
1112
1113
1115
1117
1120
1122
1124
1126
1128
1129
1131
1132
1134
1136
1138
1140
1144
1146
1148
1150
1153
1156
1157
1159
1160
1161
1162
1163
1165
1166
1167
1169
1170
1172
1174
1176
1178
1180
1182
1184
1186
1188
1189
1195
1196
1197
1198
1200
1202
1203
1205
1206
1207
1208
1210
1211
1213
1215
1216
1217
1219
1220
1222
1224
1225
1226
1228
1230
1232
1234
1235
1236
1237
1238
1240
1241
1242
1243
1244
1246
1247
1249
1250
1252
1253
1254
1256
1257
1258
1259
1261
1262
1263
1264
1265
1266
1268
1270
1271
1272
1273
1274
1276
1277
1279
1281
1282
1284
1286
1287
1289
1290
1291
1292
1294
1296
1297
1298
1300
1301
1302
1303
1304
1306
1308
1309
1311
1312
1314
1316
1317
1318
1320
1322
1325
1327
1328
1330
1331
1333
1334
1336
1337
1339
1341
1343
1344
1346
1348
1349
1351
1353
1355
1356
1358
1360
1362
1364
1366
1368
1370
1373
1376
1379
1380
1382
1383
1385
1387
1388
1389
1390
1391
1393
1395
1397
1398
1399
1401
1403
1405
1406
1408
1409
1411
1412
1413
1415
1416
1418
1422
1423
1424
1426
1427
1429
1430
1432
1434
1436
1437
1438
1439
1440
1443
1445
1447
1448
1450
1451
1453
1455
1457
1459
1461
1462
1463
1464
1465
1467
1469
1471
1472
1473
1474
1475
1477
1478
1480
1482
1483
1485
1486
1487
1488
1490
1491
1493
1494
1496
1497
1499
1501
1502
1504
1506
1508
1509
1510
1511
1513
1514
1515
1517
1519
1520
1522
1523
1524
1525
1527
1528
1529
1531
1533
1535
1537
1541
1543
1544
1545
1546
1548
1550
1552
1553
1555
1556
1558
1559
1561
1562
1564
1566
1568
1569
1570
1571
1573
1574
1576
1577
1579
1581
1582
1583
1584
1585
1587
1589
1590
1592
1593
1594
1596
1597
1598
1599
1601
1603
1604
1605
1606
1608
1610
1611
1613
1614
1616
1617
1618
1619
1621
1622
1624
1625
1626
1628
1630
1631
1633
1634
1636
1638
1639
1640
1642
1644
1645
1646
1647
1648
1649
1650
1651
1653
1656
1660
1662
1664
1667
1669
1671
1673
1676
1678
1680
1682
1683
1684
1685
1687
1689
1691
1693
1695
1696
1698
1699
1701
1703
1705
1706
1707
1708
1709
1710
1711
1712
1714
1715
1716
1718
1719
1721
1725
1729
1733
1734
1737
1738
1740
1741
1742
1743
1745
1747
1749
1750
1752
1754
1755
1756
1758
1760
1762
1764
1765
1766
1768
1770
1771
1772
1773
1774
1776
1777
1779
1781
1783
1785
1787
1789
1791
1792
1793
1794
1795
1797
1799
1800
1802
1803
1804
1805
1807
1808
1809
1810
1812
1813
1815
1816
1818
1820
1822
1823
1825
1827
1829
1830
1832
1833
1834
1835
1837
1839
1840
1842
1843
1844
1846
1848
1850
1852
1853
1855
1856
1858
1859
1861
1864
1865
1866
1868
1869
1871
1872
1873
1875
1876
1879
1881
1882
1883
1885
1887
1888
1890
1891
1893
1894
1896
1897
1899
1901
1902
1904
1906
1908
1909
1910
1911
1912
1913
1914
1916
1917
1918
1920
1921
1923
1924
1928
1930
1931
1932
1934
1935
1936
1938
1940
1941
1943
1945
1947
1948
1949
1950
1951
1953
1954
1956
1960
1961
1963
1965
1966
1968
1970
1971
1972
1974
1976
1978
1980
1981
1982
1984
1985
1986
1987
1989
1990
1991
1992
1994
1996
1998
1999
2001
2002
2004
2006
2008
2010
2012
2013
2014
2016
2017
2019
2021
2022
2024
2025
2026
2027
2028
2030
2031
2033
2034
2037
2039
2040
2042
2044
2045
2046
2047
2048
2049
2050
2051
2052
2053
2054
2055
2057
2058
2059
2060
2062
2064
2066
2069
2071
2072
2073
2074
2075
2078
2081
2083
2085
2086
2087
2088
2090
2092
2093
2094
2096
2097
2098
2099
2100
2101
2102
2104
2105
2107
2108
2110
2111
2112
2113
2114
2115
2118
2120
2121
2123
2125
2126
2128
2130
2132
2133
2134
2135
2137
2139
2141
2142
2144
2145
2147
2151
2153
2155
2156
2158
2160
2161
2162
2164
2165
2166
2167
2168
2169
2171
2172
2173
2174
2175
2176
2177
2178
2180
2182
2183
2184
2185
2186
2187
2189
2190
2192
2194
2195
2196
2197
2198
2199
2200
2202
2203
2204
2206
2207
2209
2211
2213
2215
2216
2218
2221
2223
2224
2226
2228
2230
2232
2233
2235
2236
2239
2240
2241
2243
2244
2245
2246
2248
2249
2251
2252
2254
2256
2257
2259
2260
2261
2262
2264
2266
2267
2268
2269
2271
2272
2273
2274
2275
2277
2279
2281
2283
2286
2287
2290
2291
2292
2293
2295
2297
2299
2301
2302
2304
2306
2308
2310
2312
2314
2315
2316
2318
2319
2320
2323
2325
2326
2327
2329
2330
2332
2334
2335
2338
2339
2341
2342
2343
2345
2347
2351
2353
2355
2356
2357
2358
2359
2360
2362
2363
2365
2367
2369
2371
2373
2375
2377
2379
2380
2382
2383
2384
2386
2387
2389
2391
2393
2394
2395
2396
2398
2399
2400
2401
2403
2404
2405
2406
2409
2411
2412
2415
2416
2417
2419
2422
2424
2426
2427
2428
2430
2432
2433
2435
2436
2438
2439
2440
2442
2444
2445
2446
2447
2448
2449
2450
2453
2454
2456
2457
2458
2460
2461
2463
2464
2465
2467
2469
2470
2472
2474
2475
2476
2478
2480
2481
2482
2484
2486
2488
2490
2491
2493
2495
2497
2498
2500
2502
2504
2506
2507
2508
2510
2511
2512
2514
2515
2516
2518
2520
2521
2523
2525
2527
2529
2531
2532
2533
2535
2536
2538
2539
2541
2543
2545
2546
2548
2549
2551
2553
2555
2557
2558
2559
2561
2562
2563
2564
2566
2567
2569
2571
2576
2578
2579
2582
2583
2585
2587
2589
2591
2593
2594
2596
2598
2600
2602
2603
2604
2606
2608
2610
2614
2615
2616
2617
2620
2621
2622
2623
2624
2625
2626
2627
2629
2630
2631
2632
2633
2635
2637
2638
2639
2640
2641
2643
2644
2646
2647
2649
2650
2651
2652
2654
2655
2656
2657
2658
2660
2662
2663
2664
2665
2666
2668
2670
2671
2672
2673
2675
2678
2679
2680
2681
2683
2685
2686
2688
2691
2692
2693
2695
2697
2698
2699
2700
2702
2704
2705
2707
2709
2711
2712
2713
2715
2717
2718
2720
2722
2724
2726
2727
2728
2730
2732
2734
2735
2736
2738
2740
2742
2744
2746
2748
2751
2753
2755
2758
2759
2761
2762
2765
2767
2769
2770
2771
2772
2774
2776
2778
2779
2781
2782
2784
2787
2788
2790
2792
2794
2796
2797
2799
2800
2801
2802
2803
2805
2806
2808
2809
2810
2812
2813
2816
2818
2821
2823
2824
2826
2827
2829
2831
2832
2834
2835
2837
2838
2840
2841
2843
2845
2846
2850
2851
2853
2854
2856
2858
2860
2862
2863
2865
2866
2867
2869
2870
2871
2872
2873
2874
2875
2876
2877
2879
2880
2881
2884
2886
2887
2888
2889
2890
2892
2894
2896
2897
2899
2900
2902
2903
2905
2907
2909
2911
2913
2914
2915
2916
2918
2920
2921
2923
2925
2927
2929
2931
2932
2934
2935
2937
2939
2940
2942
2944
2946
2948
2949
2959
2961
2963
2965
2967
2969
2971
2972
2974
2977
2979
2981
2983
2985
2987
2989
2990
2992
2994
2996
2997
2998
2999
3000
3002
3003
3004
3005
3006
3008
3010
3012
3013
3015
3017
3018
3019
3020
3021
3022
3024
3026
3028
3029
3032
3033
3034
3036
3040
3041
3043
3045
3046
3048
3049
3050
3052
3053
3054
3056
3058
3059
3060
3061
3063
3065
3067
3068
3069
3070
3071
3072
3073
3074
3075
3078
3080
3082
3083
3085
3087
3089
3091
3093
3094
3096
3098
3100
3102
3103
3104
3106
3108
3110
3112
3113
3114
3116
3118
3119
3121
3122
3124
3125
3126
3128
3130
3132
3133
3135
3136
3137
3139
3141
3143
3144
3145
3147
3148
3150
3151
3152
3154
3156
3157
3159
3161
3163
3165
3166
3167
3169
3170
3171
3172
3173
3175
3176
3178
3179
3180
3182
3184
3186
3187
3189
3191
3193
3195
3196
3200
3202
3203
3205
3207
3208
3210
3212
3214
3216
3219
3220
3222
3224
3225
3226
3228
3230
3232
3234
3236
3238
3240
3242
3244
3246
3248
3250
3252
3253
3254
3255
3256
3257
3259
3261
3266
3268
3269
3270
3271
3273
3275
3276
3277
3279
3281
3283
3285
3286
3287
3289
3291
3293
3295
3296
3297
3299
3301
3303
3304
3305
3307
3309
3310
3311
3312
3313
3315
3316
3318
3319
3320
3321
3322
3323
3325
3328
3331
3332
3335
3336
3340
3341
3343
3345
3348
3350
3352
3353
3355
3357
3359
3361
3363
3365
3367
3369
3372
3375
3377
3378
3381
3383
3384
3385
3387
3388
3389
3390
3391
3392
3393
3394
3396
3397
3398
3399
3400
3401
3402
3406
3407
3408
3409
3411
3412
3413
3414
3416
3418
3419
3421
3422
3424
3427
3429
3431
3433
3435
3437
3439
3441
3443
3444
3446
3448
3450
3451
3453
3455
3457
3460
3462
3464
3466
3467
3469
3470
3472
3474
3475
3477
3478
3479
3480
3481
3483
3486
3488
3490
3492
3495
3496
3498
3499
3500
3501
3502
3504
3506
3507
3509
3511
3513
3515
3516
3517
3519
3520
3521
3522
3523
3525
3526
3530
3531
3532
3533
3534
3536
3537
3538
3540
3542
3544
3546
3548
3549
3550
3552
3554
3556
3558
3559
3561
3562
3563
3565
3567
3569
3571
3572
3573
3575
3577
3579
3581
3583
3585
3586
3587
3588
3590
3591
3592
3593
3594
3595
3597
3598
3599
3600
3601
3602
3604
3606
3608
3610
3611
3612
3613
3614
3615
3617
3618
3620
3622
3624
3625
3627
3628
3630
3632
3633
3635
3637
3638
3640
3641
3644
3647
3651
3652
3655
3656
3658
3659
3661
3663
3664
3665
3667
3668
3669
3670
3671
3672
3674
3675
3676
3677
3678
3679
3680
3681
3682
3683
3685
3687
3688
3691
3693
3694
3695
3697
3700
3702
3706
3708
3710
3712
3713
3715
3717
3719
3721
3722
3723
3725
3726
3728
3730
3732
3734
3735
3737
3740
3742
3744
3745
3747
3749
3752
3753
3754
3756
3758
3759
3761
3765
3767
3768
3770
3772
3773
3775
3776
3777
3778
3779
3781
3782
3784
3786
3787
3788
3790
3791
3793
3795
3797
3798
3799
3801
3803
3805
3806
3808
3810
3812
3813
3815
3816
3817
3819
3821
3823
3825
3826
3828
3829
3831
3832
3834
3837
3839
3840
3841
3842
3844
3845
3847
3848
3850
3852
3854
3855
3857
3859
3861
3862
3864
3866
3869
3871
3873
3875
3877
3879
3880
3882
3883
3884
3886
3887
3889
3891
3892
3894
3896
3897
3898
3900
3901
3902
3903
3905
3907
3908
3909
3911
3912
3913
3914
3916
3918
3920
3922
3924
3925
3927
3928
3929
3931
3933
3935
3937
3939
3941
3942
3943
3945
3946
3948
3950
3951
3953
3955
3957
3958
3960
3963
3965
3966
3968
3969
3971
3972
3974
3976
3978
3980
3982
3984
3985
3987
3988
3989
3990
3992
3994
3996
3997
3998
4000
4002
4004
4006
4008
4009
4011
4012
4014
4016
4018
4020
4022
4024
4025
4026
4027
4029
4031
4033
4035
4036
4039
4042
4043
4044
4045
4046
4048
4050
4051
4053
4054
4055
4056
4058
4059
4061
4063
4065
4066
4067
4069
4070
4072
4073
4074
4075
4076
4078
4080
4081
4083
4084
4086
4087
4089
4092
4093
4094
4095
4096
4097
4098
4100
4102
4104
4106
4107
4109
4110
4111
4112
4113
4114
4116
4117
4118
4120
4121
4123
4124
4126
4128
4130
4132
4135
4136
4138
4140
4142
4144
4146
4147
4148
4150
4151
4153
4156
4158
4159
4160
4161
4164
4165
4167
4169
4171
4172
4173
4174
4175
4177
4178
4179
4181
4182
4184
4185
4186
4188
4189
4190
4192
4194
4195
4197
4198
4200
4201
4202
4203
4204
4205
4207
4208
4210
4211
4212
4214
4215
4216
4218
4220
4222
4223
4225
4227
4229
4233
4235
4236
4238
4240
4242
4243
4246
4248
4250
4253
4254
4255
4257
4259
4261
4262
4263
4265
4268
4270
4272
4273
4275
4277
4279
4280
4281
4282
4283
4285
4287
4289
4291
4293
4294
4296
4298
4300
4301
4303
4305
4306
4307
4309
4312
4313
4314
4316
4318
4320
4322
4323
4324
4326
4328
4329
4331
4332
4334
4336
4337
4339
4341
4342
4344
4345
4347
4348
4349
4350
4351
4352
4353
4355
4357
4358
4359
4361
4366
4367
4368
4369
4370
4372
4373
4374
4375
4376
4377
4378
4379
4380
4382
4384
4385
4386
4388
4389
4391
4393
4394
4397
4399
4400
4404
4406
4407
4408
4410
4411
4412
4413
4416
4418
4420
4421
4422
4424
4426
4428
4430
4431
4433
4434
4436
4438
4441
4443
4446
4447
4451
4452
4454
4455
4458
4459
4461
4462
4464
4466
4468
4469
4471
4473
4475
4477
4478
4480
4481
4483
4485
4486
4488
4489
4491
4492
4493
4494
4496
4497
4498
4500
4503
4505
4506
4507
4508
4509
4511
4512
4513
4515
4517
4518
4519
4520
4521
4522
4524
4525
4526
4527
4528
4529
4531
4532
4533
4534
4536
4538
4540
4542
4543
4545
4547
4548
4550
4551
4552
4553
4555
4556
4557
4558
4559
4561
4563
4565
4568
4570
4571
4573
4574
4576
4578
4579
4581
4584
4586
4588
4592
4593
4596
4599
4600
4602
4603
4605
4606
4608
4610
4611
4613
4614
4616
4617
4621
4624
4626
4627
4628
4630
4632
4634
4635
4637
4639
4641
4644
4645
4646
4647
4649
4650
4652
4653
4655
4660
4662
4665
4666
4667
4669
4670
4672
4673
4674
4675
4677
4678
4679
4681
4684
4685
4686
4688
4689
4691
4693
4695
4696
4698
4700
4702
4704
4705
4706
4707
4708
4709
4710
4712
4713
4715
4717
4718
4720
4722
4723
4725
4727
4730
4731
4732
4733
4735
4736
4737
4738
4740
4741
4743
4745
4747
4748
4749
4750
4752
4754
4756
4758
4759
4761
4763
4765
4766
4768
4770
4772
4774
4776
4778
4779
4781
4784
4786
4788
4789
4790
4791
4796
4797
4798
4799
4800
4802
4804
4805
4806
4807
4808
4810
4811
4812
4813
4814
4816
4817
4818
4820
4821
4822
4823
4825
4826
4827
4828
4829
4832
4834
4835
4837
4838
4839
4841
4843
4846
4849
4851
4853
4854
4856
4859
4861
4863
4864
4865
4867
4874
4876
4878
4879
4880
4882
4886
4887
4889
4892
4894
4899
4901
4903
4904
4905
4907
4909
4910
4912
4914
4916
4918
4920
4922
4924
4925
4926
4929
4931
4934
4938
4939
4942
4944
4945
4946
4948
4950
4952
4953
4954
4955
4957
4959
4960
4962
4964
4966
4967
4968
4970
4971
4973
4975
4976
4978
4980
4982
4983
4985
4987
4989
4991
4993
4995
4996
4997
4999
5001
5003
5005
5007
5008
5010
5012
5014
5016
5018
5020
5021
5023
5024
5026
5029
5030
5034
5036
5038
5040
5042
5045
5046
5048
5050
5051
5053
5055
5056
5058
5059
5060
5061
5062
5064
5065
5066
5068
5069
5071
5072
5074
5076
5078
5080
5082
5084
5085
5086
5087
5090
5091
5092
5094
5096
5097
5101
5102
5104
5105
5107
5108
5110
5112
5114
5115
5117
5119
5121
5123
5125
5128
5130
5131
5133
5135
5137
5140
5142
5144
5146
5148
5149
5151
5153
5155
5156
5158
5160
5162
5164
5166
5169
5170
5174
5176
5178
5179
5181
5182
5184
5186
5187
5188
5189
5191
5192
5193
5195
5197
5199
5200
5202
5203
5204
5206
5207
5208
5209
5212
5214
5216
5218
5220
5221
5222
5223
5226
5228
5230
5233
5235
5237
5239
5241
5243
5245
5247
5248
5249
5251
5253
5254
5255
5256
5260
5262
5264
5265
5267
5268
5269
5270
5272
5273
5274
5277
5278
5280
5282
5284
5285
5286
5287
5288
5289
5290
5291
5294
5295
5297
5299
5302
5303
5306
5308
5309
5311
5313
5315
5317
5318
5320
5322
5323
5324
5326
5327
5329
5330
5332
5334
5336
5338
5340
5341
5342
5343
5346
5348
5350
5351
5352
5354
5356
5358
5359
5361
5363
5365
5367
5371
5374
5376
5377
5378
5379
5381
5382
5383
5384
5385
5386
5387
5390
5391
5394
5398
5401
5403
5406
5408
5410
5411
5412
5413
5414
5416
5418
5420
5422
5423
5425
5426
5428
5430
5432
5434
5436
5437
5439
5440
5442
5444
5446
5447
5449
5450
5451
5452
5454
5456
5458
5459
5460
5462
5463
5465
5467
5468
5469
5470
5471
5473
5475
5478
5480
5481
5482
5483
5485
5487
5489
5490
5492
5495
5496
5497
5499
5502
5504
5506
5508
5509
5512
5513
5514
5515
5517
5518
5520
5522
5523
5524
5526
5528
5530
5531
5532
5534
5535
5536
5538
5540
5541
5542
5544
5545
5546
5548
5550
5551
5553
5554
5556
5558
5560
5562
5563
5564
5565
5567
5568
5570
5572
5574
5576
5578
5580
5583
5584
5586
5587
5589
5591
5592
5594
5596
5598
5600
5602
5604
5606
5609
5611
5613
5616
5617
5619
5621
5622
5623
5626
5629
5631
5632
5634
5636
5638
5640
5642
5644
5645
5647
5648
5649
5651
5653
5654
5656
5659
5661
5664
5666
5667
5668
5670
5672
5676
5677
5681
5682
5684
5685
5686
5688
5689
5691
5692
5694
5699
5700
5703
5705
5707
5711
5712
5713
5714
5715
5716
5717
5718
5719
5720
5722
5724
5725
5727
5729
5731
5732
5734
5735
5736
5737
5738
5739
5741
5743
5745
5748
5749
5751
5753
5755
5756
5757
5759
5760
5762
5764
5766
5769
5770
5771
5772
5773
5775
5776
5777
5778
5779
5780
5782
5784
5785
5787
5788
5790
5791
5792
5794
5795
5796
5797
5798
5800
5801
5802
5804
5805
5806
5807
5808
5809
5810
5811
5812
5813
5816
5817
5818
5820
5822
5824
5826
5827
5828
5830
5831
5835
5837
5838
5840
5842
5845
5846
5848
5850
5852
5854
5857
5859
5861
5862
5864
5865
5868
5869
5870
5872
5874
5875
5876
5877
5880
5882
5884
5886
5889
5891
5893
5896
5899
5901
5904
5906
5908
5909
5910
5913
5914
5915
5916
5920
5921
5923
5924
5925
5927
5929
5931
5932
5934
5935
5936
5938
5942
5943
5945
5946
5949
5951
5953
5955
5956
5959
5960
5962
5963
5965
5968
5969
5971
5972
5974
5975
5977
5979
5981
5983
5984
5986
5988
5990
5992
5993
5994
5996
5997
5999
6000
6002
6003
6005
6006
6008
6009
6011
6013
6014
6015
6017
6019
6021
6023
6025
6026
6028
6029
6031
6033
6034
6036
6038
6040
6042
6044
6046
6048
6050
6052
6054
6056
6058
6060
6062
6064
6066
6067
6069
6071
6073
6074
6076
6078
6079
6080
6082
6084
6085
6086
6088
6089
6091
6093
6094
6096
6098
6099
6100
6102
6104
6107
6109
6111
6113
6115
6116
6118
6120
6122
6123
6125
6127
6129
6131
6133
6134
6136
6137
6139
6143
6145
6147
6149
6151
6152
6154
6155
6157
6160
6161
6162
6164
6165
6166
6168
6170
6171
6172
6174
6176
6178
6180
6182
6184
6186
6187
6188
6190
6191
6193
6194
6195
6197
6198
6200
6201
6203
6205
6207
6209
6210
6212
6214
6216
6217
6219
6220
6222
6224
6226
6228
6230
6232
6236
6237
6238
6240
6242
6244
6246
6247
6249
6250
6252
6254
6255
6256
6258
6259
6260
6262
6263
6265
6267
6268
6270
6273
6276
6278
6279
6280
6282
6284
6288
6290
6293
6294
6296
6299
6301
6302
6304
6305
6307
6310
6313
6315
6316
6319
6320
6322
6324
6326
6328
6329
6330
6333
6334
6336
6337
6340
6342
6343
6344
6346
6348
6349
6350
6352
6354
6355
6357
6360
6361
6363
6364
6365
6367
6369
6371
6373
6374
6377
6378
6380
6382
6384
6386
6388
6390
6392
6394
6396
6398
6399
6400
6402
6403
6407
6409
6410
6411
6412
6414
6415
6416
6417
6418
6419
6421
6422
6424
6426
6427
6431
6432
6434
6437
6439
6443
6448
6450
6451
6453
6455
6456
6457
6459
6461
6464
6465
6467
6469
6470
6472
6474
6476
6477
6479
6480
6482
6483
6485
6488
6490
6492
6493
6495
6497
6500
6502
6504
6506
6509
6512
6515
6516
6518
6520
6522
6524
6526
6528
6529
6532
6534
6536
6537
6539
6541
6542
6544
6546
6548
6552
6553
6555
6556
6557
6559
6561
6562
6564
6565
6567
6569
6571
6572
6573
6574
6576
6578
6579
6581
6583
6585
6586
6587
6589
6590
6592
6594
6596
6598
6600
6602
6605
6606
6607
6609
6610
6613
6614
6617
6619
6621
6623
6625
6627
6630
6631
6633
6635
6637
6639
6641
6642
6643
6644
6645
6646
6648
6649
6650
6652
6653
6655
6658
6660
6661
6662
6664
6666
6667
6668
6670
6671
6673
6675
6676
6678
6680
6682
6685
6687
6689
6690
6691
6693
6694
6696
6698
6700
6702
6704
6705
6709
6711
6712
6713
6715
6716
6718
6719
6721
6722
6723
6724
6726
6728
6730
6734
6736
6738
6740
6742
6744
6747
6751
6753
6755
6757
6758
6760
6762
6764
6765
6767
6769
6770
6772
6774
6776
6778
6780
6782
6784
6786
6789
6791
6793
6795
6797
6799
6801
6803
6805
6806
6808
6811
6813
6815
6816
6818
6821
6823
6826
6827
6829
6831
6833
6834
6835
6836
6839
6841
6843
6844
6846
6847
6849
6850
6851
6852
6854
6856
6858
6861
6863
6865
6867
6869
6870
6871
6872
6874
6875
6877
6879
6881
6883
6884
6886
6890
6891
6892
6893
6894
6895
6896
6898
6900
6901
6902
6903
6905
6908
6910
6911
6912
6913
6914
6916
6918
6919
6920
6921
6923
6924
6925
6927
6928
6932
6934
6936
6938
6939
6941
6942
6944
6945
6946
6947
6948
6951
6953
6955
6958
6960
6961
6963
6965
6967
6969
6970
6972
6975
6977
6979
6980
6981
6983
6984
6985
6987
6988
6990
6991
6993
6995
6996
6998
7000
7002
7003
7005
7006
7008
7013
7014
7015
7016
7018
7019
7021
7023
7025
7026
7028
7029
7031
7032
7034
7037
7038
7039
7040
7042
7044
7046
7047
7049
7051
7053
7055
7056
7058
7060
7061
7063
7065
7066
7068
7070
7072
7073
7074
7076
7078
7080
7082
7083
7085
7086
7087
7088
7090
7092
7095
7097
7099
7101
7102
7105
7107
7109
7111
7113
7114
7115
7116
7118
7119
7120
7122
7123
7125
7126
7128
7129
7130
7132
7133
7134
7135
7137
7139
7140
7141
7142
7144
7146
7148
7149
7150
7151
7153
7155
7156
7158
7161
7163
7165
7167
7169
7170
7172
7173
7174
7175
7176
7178
7179
7181
7182
7184
7186
7187
7189
7191
7193
7195
7197
7198
7199
7201
7202
7203
7205
7208
7212
7214
7216
7218
7220
7221
7223
7224
7225
7227
7229
7231
7233
7235
7236
7238
7239
7240
7242
7244
7245
7247
7249
7250
7252
7253
7254
7255
7257
7258
7259
7260
7262
7264
7265
7267
7268
7270
7272
7274
7276
7277
7279
7280
7281
7283
7284
7285
7287
7288
7289
7290
7292
7294
7296
7298
7300
7302
7304
7307
7308
7309
7311
7312
7314
7316
7317
7321
7322
7324
7328
7329
7330
7332
7334
7337
7339
7341
7343
7345
7346
7348
7350
7352
7354
7356
7358
7359
7361
7363
7365
7366
7367
7369
7371
7374
7376
7377
7382
7383
7384
7386
7387
7388
7390
7392
7394
7396
7398
7401
7403
7405
7406
7408
7410
7412
7414
7415
7417
7418
7420
7421
7422
7425
7426
7428
7431
7433
7435
7436
7438
7440
7442
7444
7446
7447
7448
7449
7450
7452
7456
7457
7461
7462
7464
7465
7468
7469
7470
7472
7474
7476
7478
7479
7480
7481
7483
7485
7487
7492
7493
7495
7497
7499
7500
7502
7503
7505
7506
7508
7510
7512
7513
7515
7516
7518
7519
7521
7522
7524
7526
7527
7528
7529
7530
7532
7533
7535
7537
7539
7541
7543
7544
7545
7547
7549
7550
7551
7552
7553
7556
7560
7562
7563
7564
7565
7567
7569
7571
7573
7575
7576
7578
7579
7580
7582
7583
7585
7586
7588
7589
7591
7593
7594
7597
7600
7602
7605
7606
7607
7608
7611
7613
7615
7617
7620
7622
7624
7625
7628
7629
7631
7633
7636
7637
7638
7639
7640
7642
7645
7646
7649
7651
7653
7655
7657
7659
7660
7662
7664
7666
7668
7669
7670
7672
7673
7674
7675
7677
7678
7680
7681
7682
7683
7684
7686
7687
7688
7689
7691
7693
7694
7697
7699
7700
7701
7702
7703
7704
7705
7707
7709
7712
7713
7715
7718
7719
7721
7725
7727
7729
7730
7731
7733
7734
7735
7736
7738
7740
7741
7742
7744
7746
7747
7748
7750
7751
7752
7754
7755
7757
7758
7759
7761
7762
7763
7765
7767
7769
7771
7772
7774
7776
7777
7779
7780
7781
7782
7783
7784
7786
7787
7789
7791
7792
7793
7795
7797
7800
7802
7803
7804
7805
7809
7810
7811
7813
7816
7817
7820
7823
7825
7826
7827
7832
7834
7836
7837
7839
7841
7843
7845
7846
7848
7851
7853
7855
7857
7859
7860
7862
7863
7865
7866
7867
7868
7870
7872
7874
7875
7877
7879
7880
7882
7885
7886
7887
7890
7891
7893
7894
7896
7897
7898
7900
7901
7903
7905
7907
7908
7909
7911
7913
7914
7916
7918
7920
7921
7924
7925
7927
7928
7929
7930
7931
7932
7933
7935
7936
7937
7939
7940
7941
7942
7943
7944
7945
7946
7947
7948
7949
7951
7953
7955
7956
7958
7960
7962
7963
7965
7967
7968
7970
7971
7973
7974
7977
7979
7980
7982
7984
7986
7988
7989
7991
7995
7997
7999
8001
8003
8005
8007
8009
8011
8013
8015
8017
8019
8020
8022
8024
8026
8028
8030
8032
8034
8037
8038
8040
8046
8048
8049
8051
8055
8056
8058
8060
8062
8063
8066
8070
8072
8074
8076
8077
8079
8081
8083
8085
8087
8090
8091
8093
8095
8096
8098
8099
8101
8103
8104
8105
8106
8108
8109
8110
8111
8112
8114
8115
8116
8118
8120
8122
8123
8125
8127
8129
8131
8132
8134
8136
8138
8139
8140
8141
8142
8144
8146
8147
8148
8149
8150
8151
8152
8153
8154
8155
8156
8158
8159
8161
8163
8165
8167
8168
8170
8171
8173
8174
8176
8178
8180
8182
8183
8185
8187
8189
8191
8192
8193
8194
8195
8196
8198
8202
8204
8205
8206
8210
8211
8213
8215
8217
8218
8219
8220
8222
8224
8226
8228
8229
8231
8233
8234
8235
8236
8238
8239
8241
8243
8245
8247
8249
8251
8252
8254
8255
8257
8259
8261
8264
8266
8267
8270
8272
8273
8275
8276
8277
8279
8281
8283
8284
8285
8288
8290
8291
8293
8296
8297
8299
8301
8302
8303
8304
8305
8306
8308
8309
8310
8311
8313
8314
8316
8318
8319
8320
8322
8325
8327
8329
8331
8333
8334
8335
8339
8340
8341
8343
8345
8347
8350
8351
8353
8354
8356
8357
8359
8361
8362
8363
8365
8367
8368
8369
8370
8372
8374
8375
8376
8378
8379
8380
8382
8384
8385
8387
8388
8392
8393
8394
8395
8397
8400
8404
8405
8407
8408
8409
8410
8412
8415
8417
8419
8423
8425
8426
8427
8429
8432
8433
8435
8437
8438
8441
8442
8444
8445
8448
8451
8452
8454
8455
8458
8460
8462
8464
8466
8469
8470
8474
8476
8477
8478
8480
8482
8483
8484
8486
8488
8490
8491
8493
8494
8496
8499
8501
8502
8503
8504
8508
8509
8511
8514
8516
8517
8519
8521
8522
8524
8525
8527
8529
8530
8532
8533
8535
8536
8537
8538
8540
8542
8544
8545
8547
8548
8549
8552
8554
8555
8557
8559
8562
8564
8566
8569
8571
8573
8574
8575
8576
8578
8579
8580
8581
8587
8589
8591
8592
8594
8596
8598
8599
8600
8602
8603
8605
8606
8608
8612
8614
8617
8619
8623
8625
8626
8628
8631
8633
8635
8637
8639
8641
8644
8647
8648
8650
8655
8656
8657
8658
8661
8663
8665
8666
8669
8672
8674
8675
8677
8678
8681
8683
8684
8686
8688
8690
8691
8692
8694
8696
8697
8698
8699
8701
8703
8705
8706
8707
8709
8710
8712
8713
8715
8717
8718
8720
8721
8723
8725
8726
8730
8733
8735
8736
8738
8740
8741
8742
8744
8745
8747
8749
8752
8754
8756
8758
8760
8761
8765
8766
8768
8770
8772
8775
8777
8778
8780
8781
8782
8783
8786
8789
8790
8791
8793
8794
8796
8797
8799
8801
8802
8803
8805
8807
8808
8809
8811
8812
8814
8815
8817
8819
8821
8823
8824
8825
8827
8829
8831
8832
8834
8836
8837
8839
8841
8843
8847
8850
8852
8854
8856
8858
8860
8862
8863
8865
8867
8868
8869
8871
8872
8874
8876
8877
8880
8882
8884
8887
8888
8889
8891
8892
8894
8896
8898
8900
8902
8904
8905
8907
8909
8911
8914
8915
8916
8917
8919
8921
8924
8925
8926
8928
8929
8931
8933
8936
8938
8939
8941
8943
8945
8946
8948
8950
8952
8953
8954
8956
8958
8960
8962
8964
8966
8969
8970
8972
8974
8975
8977
8979
8981
8985
8987
8989
8991
8993
8995
8997
8998
8999
9000
9002
9003
9005
9007
9008
9010
9011
9012
9013
9014
9015
9017
9019
9021
9022
9024
9026
9028
9030
9032
9034
9036
9038
9040
9041
9043
9045
9047
9049
9052
9054
9055
9058
9060
9063
9064
9065
9066
9069
9072
9074
9076
9078
9080
9081
9083
9085
9088
9089
9091
9093
9095
9098
9099
9100
9101
9102
9103
9105
9107
9109
9111
9112
9113
9114
9116
9117
9119
9121
9122
9124
9125
9126
9128
9129
9130
9131
9132
9133
9134
9136
9137
9139
9141
9142
9144
9145
9146
9148
9149
9150
9152
9153
9154
9156
9157
9160
9163
9164
9166
9168
9170
9173
9177
9179
9180
9181
9183
9185
9187
9189
9191
9193
9195
9197
9199
9200
9202
9204
9206
9207
9209
9210
9212
9213
9215
9216
9217
9218
9220
9221
9223
9226
9227
9229
9230
9232
9233
9234
9236
9237
9238
9239
9242
9244
9245
9247
9249
9250
9252
9254
9258
9260
9262
9264
9266
9268
9270
9272
9273
9275
9279
9281
9283
9284
9287
9290
9292
9293
9294
9295
9296
9297
9298
9299
9300
9301
9302
9303
9305
9306
9308
9309
9311
9312
9314
9316
9318
9319
9321
9323
9325
9328
9330
9332
9334
9335
9337
9339
9340
9342
9344
9345
9347
9349
9350
9351
9353
9355
9356
9358
9359
9360
9362
9363
9366
9370
9372
9373
9374
9375
9376
9377
9378
9380
9381
9382
9384
9387
9388
9390
9391
9393
9395
9397
9399
9402
9404
9406
9408
9409
9410
9411
9413
9415
9417
9419
9421
9423
9426
9428
9431
9433
9435
9436
9438
9440
9441
9442
9446
9449
9450
9451
9453
9455
9457
9459
9461
9463
9465
9467
9468
9470
9471
9474
9476
9478
9482
9483
9485
9486
9487
9488
9489
9490
9491
9493
9495
9497
9498
9499
9505
9507
9509
9510
9512
9515
9517
9518
9520
9522
9523
9525
9528
9529
9531
9532
9533
9534
9535
9536
9538
9539
9541
9546
9547
9549
9551
9552
9554
9555
9557
9558
9561
9563
9565
9567
9569
9570
9572
9575
9576
9578
9580
9582
9583
9584
9587
9589
9591
9592
9593
9594
9596
9597
9598
9599
9600
9601
9602
9604
9606
9607
9609
9610
9611
9612
9613
9615
9616
9618
9620
9621
9622
9624
9626
9628
9630
9632
9634
9635
9636
9637
9640
9642
9644
9646
9648
9650
9651
9652
9653
9655
9657
9658
9660
9661
9665
9666
9668
9670
9671
9673
9675
9676
9678
9679
9681
9683
9685
9687
9689
9691
9692
9693
9695
9697
9698
9699
9704
9706
9708
9709
9711
9713
9715
9716
9717
9718
9719
9720
9721
9722
9724
9726
9727
9729
9731
9733
9734
9735
9736
9737
9739
9741
9743
9745
9747
9749
9751
9752
9754
9756
9757
9759
9760
9762
9763
9765
9766
9768
9770
9771
9773
9775
9776
9778
9780
9782
9784
9787
9791
9792
9794
9796
9801
9803
9806
9807
9809
9811
9813
9814
9818
9822
9824
9827
9829
9831
9833
9835
9837
9838
9839
9840
9842
9844
9846
9848
9850
9851
9852
9854
9856
9858
9860
9862
9863
9865
9866
9869
9872
9875
9877
9880
9881
9883
9885
9887
9889
9891
9892
9894
9896
9898
9899
9901
9903
9904
9911
9913
9914
9917
9919
9921
9923
9925
9927
9929
9930
9932
9933
9934
9936
9938
9940
9942
9944
9945
9946
9948
9950
9952
9953
9955
9957
9958
9963
9964
9966
9967
9969
9970
9971
9973
9975
9977
9979
9980
9983
9985
9986
9987
9989
9990
9991
9993
9994
9997
9999
10001
10008
10010
10012
10013
10015
10018
10019
10020
10021
10023
10024
10026
10028
10031
10033
10035
10036
10037
10039
10042
10044
10046
10047
10049
10052
10053
10055
10058
10062
10063
10066
10069
10070
10072
10074
10076
10079
10082
10084
10089
10090
10092
10093
10094
10096
10097
10099
10100
10101
10103
10104
10107
10108
10109
10111
10112
10114
10116
10117
10119
10121
10123
10125
10127
10129
10131
10133
10135
10138
10140
10142
10146
10147
10148
10150
10151
10153
10155
10157
10159
10160
10161
10162
10164
10165
10167
10169
10172
10175
10177
10178
10180
10182
10184
10186
10189
10190
10192
10194
10195
10198
10201
10202
10204
10206
10208
10211
10213
10214
10216
10218
10219
10221
10226
10229
10231
10234
10236
10237
10238
10241
10243
10244
10245
10248
10251
10253
10255
10257
10258
10260
10261
10263
10264
10265
10267
10268
10269
10271
10272
10274
10276
10277
10279
10280
10282
10283
10284
10286
10288
10289
10290
10294
10296
10298
10301
10303
10305
10308
10312
10315
10317
10320
10322
10323
10325
10327
10328
10329
10331
10333
10337
10338
10340
10342
10343
10344
10345
10348
10350
10352
10354
10357
10359
10361
10362
10364
10365
10367
10368
10370
10373
10375
10376
10378
10379
10384
10385
10388
10389
10390
10391
10392
10395
10396
10397
10398
10400
10402
10403
10405
10407
10409
10411
10412
10413
10414
10417
10418
10419
10420
10422
10423
10424
10426
10428
10430
10432
10433
10435
10437
10439
10440
10441
10445
10447
10448
10449
10450
10451
10452
10454
10456
10459
10461
10462
10463
10464
10466
10469
10471
10473
10475
10478
10480
10481
10483
10484
10486
10488
10490
10491
10492
10493
10495
10497
10499
10500
10501
10503
10505
10507
10509
10511
10512
10514
10515
10518
10520
10523
10524
10528
10530
10532
10533
10534
10536
10537
10538
10539
10541
10543
10544
10546
10548
10551
10552
10553
10557
10558
10560
10562
10563
10565
10567
10569
10570
10571
10572
10573
10574
10576
10577
10579
10581
10582
10584
10586
10589
10591
10592
10593
10595
10597
10599
10601
10603
10604
10606
10607
10608
10610
10612
10613
10615
10616
10618
10619
10620
10622
10623
10624
10625
10627
10629
10630
10632
10634
10636
10638
10640
10642
10644
10646
10647
10648
10649
10650
10651
10652
10654
10655
10657
10658
10659
10661
10666
10667
10668
10670
10672
10673
10676
10678
10679
10681
10682
10683
10685
10688
10690
10692
10694
10697
10699
10701
10703
10706
10708
10710
10712
10714
10715
10716
10717
10720
10722
10724
10726
10728
10731
10732
10735
10736
10738
10740
10742
10744
10746
10747
10748
10750
10751
10753
10754
10755
10756
10757
10759
10761
10764
10765
10767
10769
10773
10775
10778
10780
10783
10784
10786
10788
10790
10791
10793
10796
10797
10799
10801
10802
10804
10806
10808
10810
10812
10814
10815
10819
10821
10823
10824
10825
10827
10828
10830
10832
10834
10836
10838
10839
10840
10842
10844
10845
10846
10847
10850
10851
10852
10854
10855
10856
10858
10859
10860
10861
10863
10866
10868
10871
10872
10874
10875
10877
10879
10880
10881
10883
10885
10887
10888
10890
10892
10895
10897
10899
10900
10902
10903
10905
10907
10908
10909
10911
10912
10914
10917
10919
10921
10923
10925
10926
10929
10931
10933
10935
10938
10939
10941
10945
10948
10950
10952
10954
10956
10958
10960
10964
10967
10969
10971
10973
10974
10976
10977
10979
10981
10983
10985
10987
10988
10990
10992
10994
10996
10998
10999
11000
11003
11004
11006
11008
11009
11010
11012
11014
11016
11017
11020
11023
11025
11027
11029
11031
11034
11035
11037
11042
11044
11045
11046
11047
11048
11053
11055
11056
11057
11058
11060
11062
11063
11068
11070
11072
11073
11075
11078
11082
11084
11088
11090
11092
11095
11096
11097
11098
11100
11101
11103
11104
11107
11108
11109
11110
11112
11114
11116
11119
11120
11122
11123
11124
11126
11128
11130
11131
11133
11135
11137
11139
11141
11143
11144
11145
11146
11148
11150
11152
11154
11155
11156
11157
11158
11160
11161
11165
11166
11169
11171
11172
11174
11177
11180
11182
11184
11186
11188
11190
11192
11194
11196
11198
11200
11202
11204
11206
11208
11209
11211
11212
11214
11215
11218
11220
11221
11222
11224
11225
11226
11227
11229
11230
11233
11235
11237
11238
11240
11242
11246
11248
11249
11250
11252
11253
11255
11257
11258
11260
11263
11266
11267
11269
11271
11273
11275
11277
11279
11281
11283
11289
11290
11292
11294
11296
11298
11300
11302
11305
11308
11310
11311
11314
11316
11319
11320
11324
11325
11326
11327
11329
11331
11332
11333
11334
11337
11338
11339
11344
11345
11347
11348
11350
11351
11352
11354
11356
11359
11361
11364
11369
11371
11373
11375
11377
11379
11381
11383
11385
11387
11388
11389
11391
11393
11394
11396
11397
11399
11400
11401
11403
11404
11405
11407
11408
11410
11412
11414
11415
11418
11421
11423
11425
11427
11429
11433
11435
11437
11439
11441
11443
11444
11446
11448
11450
11452
11454
11455
11456
11457
11461
11463
11465
11467
11469
11472
11473
11474
11476
11479
11481
11483
11485
11487
11488
11490
11492
11493
11494
11495
11498
11499
11504
11506
11508
11509
11511
11512
11513
11518
11523
11525
11526
11527
11528
11530
11531
11532
11534
11536
11537
11538
11541
11544
11546
11548
11551
11552
11554
11555
11556
11557
11559
11560
11562
11563
11565
11567
11570
11571
11575
11577
11579
11582
11583
11585
11586
11588
11589
11591
11593
11595
11597
11599
11601
11603
11605
11607
11609
11612
11615
11616
11618
11621
11622
11623
11624
11625
11628
11629
11631
11632
11633
11635
11637
11639
11641
11642
11643
11644
11645
11647
11648
11650
11652
11656
11659
11661
11663
11664
11666
11669
11671
11673
11676
11678
11680
11682
11684
11685
11687
11688
11690
11692
11696
11699
11700
11701
11703
11704
11706
11707
11709
11711
11713
11715
11718
11720
11723
11725
11727
11730
11731
11734
11735
11736
11738
11739
11741
11743
11745
11747
11749
11751
11754
11757
11758
11760
11763
11764
11766
11769
11770
11771
11772
11773
11775
11776
11779
11784
11788
11789
11792
11793
11795
11796
11797
11798
11800
11802
11803
11804
11807
11809
11812
11813
11814
11815
11816
11817
11819
11820
11822
11824
11825
11826
11828
11830
11832
11834
11836
11838
11840
11841
11845
11846
11848
11850
11852
11856
11859
11864
11867
11869
11870
11871
11873
11877
11878
11879
11880
11882
11884
11886
11889
11892
11893
11895
11897
11899
11904
11906
11909
11914
11917
11919
11920
11924
11925
11926
11928
11930
11932
11933
11934
11935
11937
11939
11941
11942
11944
11946
11948
11953
11954
11959
11964
11965
11966
11967
11971
11973
11975
11977
11980
11981
11983
11984
11986
11988
11989
11992
11994
11996
11997
11999
12002
12004
12006
12008
12009
12011
12012
12014
12017
12018
12020
12021
12023
12024
12026
12028
12030
12032
12033
12038
12041
12043
12045
12047
12048
12051
12052
12053
12054
12055
12057
12059
12060
12061
12063
12064
12065
12066
12068
12069
12071
12074
12075
12076
12077
12078
12082
12083
12086
12087
12088
12089
12091
12092
12093
12094
12096
12098
12100
12102
12104
12106
12108
12109
12111
12113
12114
12115
12117
12119
12121
12123
12126
12127
12129
12131
12132
12133
12134
12135
12137
12138
12140
12142
12146
12148
12149
12150
12152
12154
12155
12157
12159
12161
12162
12163
12165
12166
12169
12170
12173
12174
12175
12176
12178
12180
12182
12183
12184
12185
12186
12189
12193
12195
12197
12200
12203
12205
12207
12209
12211
12213
12215
12217
12219
12223
12225
12226
12228
12230
12231
12233
12235
12237
12239
12240
12242
12243
12246
12247
12248
12249
12250
12253
12254
12255
12257
12261
12263
12265
12266
12268
12270
12271
12273
12275
12276
12279
12280
12282
12286
12288
12290
12294
12296
12298
12299
12302
12304
12307
12308
12309
12310
12312
12314
12317
12319
12321
12324
12326
12327
12329
12331
12333
12335
12337
12338
12341
12343
12346
12347
12350
12351
12352
12355
12357
12359
12360
12362
12363
12364
12365
12367
12369
12371
12373
12375
12377
12379
12381
12382
12384
12385
12387
12391
12392
12399
12401
12403
12405
12406
12408
12410
12411
12413
12414
12416
12417
12418
12420
12422
12424
12426
12429
12430
12431
12433
12435
12436
12438
12439
12442
12445
12448
12450
12451
12453
12454
12458
12459
12461
12463
12466
12468
12469
12471
12473
12475
12476
12478
12479
12482
12484
12488
12490
12492
12494
12496
12498
12500
12502
12504
12506
12510
12512
12514
12517
12520
12522
12523
12524
12525
12527
12529
12530
12531
12533
12534
12537
12539
12540
12543
12546
12550
12552
12553
12555
12556
12558
12560
12562
12565
12566
12567
12569
12572
12574
12577
12578
12580
12582
12584
12586
12588
12589
12591
12592
12593
12595
12597
12599
12600
12602
12604
12607
12608
12610
12613
12615
12618
12620
12622
12623
12627
12629
12631
12633
12635
12636
12637
12639
12641
12644
12648
12649
12652
12654
12655
12658
12661
12663
12664
12666
12668
12670
12672
12673
12675
12677
12679
12681
12683
12684
12686
12689
12691
12693
12695
12697
12699
12701
12703
12704
12706
12708
12710
12711
12713
12715
12716
12718
12720
12722
12724
12725
12728
12731
12733
12734
12735
12736
12737
12739
12740
12742
12744
12746
12748
12750
12751
12753
12754
12756
12757
12762
12764
12767
12768
12769
12770
12772
12774
12776
12777
12779
12781
12783
12787
12789
12790
12792
12794
12796
12798
12800
12802
12803
12804
12806
12807
12808
12810
12812
12816
12821
12826
12827
12829
12831
12833
12835
12837
12839
12841
12844
12846
12848
12850
12852
12855
12856
12858
12859
12861
12862
12863
12865
12867
12869
12874
12875
12876
12879
12881
12882
12885
12887
12889
12890
12891
12893
12895
12896
12897
12899
12902
12905
12906
12910
12912
12914
12916
12917
12918
12919
12921
12922
12925
12927
12931
12936
12937
12938
12941
12942
12944
12946
12947
12949
12951
12952
12955
12958
12960
12965
12967
12969
12971
12974
12975
12977
12979
12981
12987
12989
12992
12995
12999
13000
13002
13004
13005
13006
13008
13010
13012
13015
13017
13019
13021
13023
13025
13027
13029
13031
13033
13035
13038
13039
13041
13042
13043
13045
13047
13050
13051
13053
13054
13056
13057
13059
13060
13061
13063
13065
13067
13068
13069
13070
13071
13075
13077
13079
13082
13083
13084
13086
13088
13089
13092
13094
13097
13099
13100
13102
13104
13105
13106
13109
13111
13116
13117
13119
13120
13123
13125
13127
13129
13131
13132
13134
13138
13140
13141
13143
13145
13148
13150
13152
13154
13156
13158
13159
13161
13162
13167
13168
13170
13172
13175
13177
13178
13181
13184
13186
13187
13188
13189
13193
13195
13197
13199
13201
13205
13206
13208
13209
13211
13213
13215
13217
13219
13220
13222
13225
13227
13229
13231
13235
13237
13238
13240
13241
13243
13244
13246
13250
13251
13253
13255
13257
13259
13264
13266
13268
13269
13270
13272
13273
13275
13277
13279
13281
13283
13285
13286
13288
13290
13293
13296
13300
13301
13303
13304
13306
13308
13309
13311
13313
13314
13316
13318
13320
13322
13324
13326
13328
13330
13332
13335
13336
13338
13339
13342
13344
13349
13353
13354
13356
13357
13359
13360
13361
13362
13364
13366
13367
13370
13372
13373
13375
13377
13379
13381
13383
13384
13388
13390
13395
13397
13398
13400
13402
13403
13404
13406
13409
13410
13412
13415
13417
13419
13420
13423
13425
13427
13429
13430
13432
13435
13436
13439
13441
13443
13445
13447
13449
13451
13452
13455
13456
13459
13463
13465
13467
13469
13471
13473
13475
13476
13479
13480
13481
13482
13483
13485
13488
13490
13491
13492
13493
13494
13497
13500
13501
13503
13505
13511
13513
13515
13517
13520
13522
13524
13526
13527
13529
13531
13532
13533
13535
13536
13537
13538
13540
13544
13546
13548
13550
13551
13553
13560
13564
13567
13569
13571
13572
13574
13576
13580
13581
13585
13587
13590
13591
13594
13596
13598
13600
13602
13605
13606
13609
13610
13612
13613
13617
13618
13620
13622
13623
13624
13628
13631
13633
13636
13637
13639
13641
13642
13645
13647
13648
13650
13652
13653
13655
13657
13659
13660
13662
13664
13665
13667
13669
13670
13671
13672
13673
13675
13677
13678
13680
13682
13684
13685
13687
13688
13690
13694
13695
13696
13698
13699
13701
13703
13704
13705
13709
13710
13713
13715
13717
13720
13722
13724
13726
13727
13730
13732
13733
13734
13735
13737
13741
13742
13744
13747
13749
13755
13757
13758
13759
13762
13763
13765
13766
13769
13771
13774
13776
13778
13779
13781
13783
13785
13786
13788
13790
13794
13796
13797
13799
13800
13802
13805
13808
13810
13812
13813
13815
13816
13817
13818
13819
13820
13821
13823
13825
13827
13828
13830
13835
13838
13839
13840
13841
13846
13847
13848
13850
13852
13854
13855
13857
13858
13859
13860
13861
13863
13867
13868
13872
13875
13876
13878
13880
13881
13883
13884
13886
13888
13890
13891
13893
13895
13897
13899
13901
13903
13904
13905
13907
13909
13910
13915
13918
13920
13921
13923
13925
13927
13928
13930
13933
13935
13936
13939
13940
13945
13946
13948
13950
13953
13955
13957
13958
13959
13960
13961
13962
13963
13965
13966
13967
13968
13970
13972
13974
13979
13984
13985
13987
13988
13991
13992
13996
13998
13999
14001
14003
14006
14010
14011
14013
14016
14018
14021
14023
14024
14027
14029
14031
14032
14033
14035
14037
14039
14041
14042
14044
14046
14048
14050
14052
14054
14056
14057
14059
14061
14064
14066
14068
14070
14072
14074
14075
14078
14079
14081
14082
14084
14086
14089
14091
14098
14101
14103
14105
14107
14108
14111
14112
14114
14116
14117
14119
14120
14124
14126
14129
14131
14133
14135
14137
14138
14142
14143
14145
14147
14149
14150
14151
14152
14154
14155
14161
14163
14165
14167
14168
14169
14170
14171
14173
14175
14177
14179
14180
14182
14184
14185
14188
14190
14192
14194
14196
14199
14202
14203
14205
14207
14209
14211
14214
14215
14217
14219
14222
14224
14226
14228
14229
14232
14233
14235
14237
14239
14240
14242
14243
14244
14246
14248
14250
14251
14253
14255
14257
14260
14262
14264
14265
14268
14270
14271
14273
14275
14277
14279
14283
14285
14287
14288
14290
14293
14297
14298
14299
14302
14303
14305
14310
14314
14315
14317
14322
14325
14328
14330
14331
14332
14333
14334
14336
14338
14339
14340
14342
14346
14351
14352
14354
14357
14359
14361
14363
14365
14369
14370
14371
14373
14375
14376
14378
14379
14381
14383
14384
14388
14390
14392
14393
14395
14397
14399
14400
14402
14403
14404
14406
14407
14409
14411
14413
14415
14417
14419
14422
14426
14428
14430
14431
14434
14436
14438
14440
14442
14443
14445
14447
14456
14457
14459
14462
14464
14465
14466
14468
14470
14472
14473
14475
14477
14479
14481
14486
14490
14492
14494
14495
14497
14500
14503
14505
14506
14507
14509
14510
14511
14512
14515
14517
14519
14521
14522
14524
14525
14527
14529
14531
14532
14533
14536
14538
14540
14542
14543
14546
14547
14550
14552
14553
14555
14557
14559
14564
14572
14575
14580
14581
14583
14585
14587
14589
14592
14595
14596
14598
14599
14600
14604
14605
14607
14609
14611
14612
14614
14615
14616
14618
14619
14623
14625
14626
14631
14632
14634
14635
14638
14640
14642
14644
14647
14651
14653
14655
14659
14661
14663
14666
14667
14668
14670
14672
14674
14676
14678
14679
14680
14682
14684
14686
14688
14690
14692
14694
14698
14700
14702
14704
14705
14706
14708
14710
14711
14714
14716
14718
14722
14724
14726
14730
14732
14733
14734
14736
14738
14741
14742
14745
14747
14749
14750
14753
14756
14757
14758
14762
14763
14765
14767
14768
14769
14772
14774
14775
14776
14779
14781
14783
14784
14788
14790
14792
14794
14796
14797
14798
14799
14801
14803
14805
14807
14808
14810
14812
14814
14815
14818
14820
14823
14825
14827
14829
14832
14834
14835
14836
14840
14841
14843
14844
14845
14846
14849
14853
14855
14857
14859
14862
14864
14866
14868
14871
14872
14874
14876
14877
14879
14881
14882
14883
14885
14887
14888
14891
14893
14897
14899
14903
14905
14906
14908
14911
14912
14913
14915
14916
14918
14920
14922
14923
14924
14925
14926
14928
14930
14932
14933
14935
14936
14938
14941
14943
14945
14946
14948
14950
14953
14955
14957
14959
14963
14964
14966
14967
14968
14970
14972
14975
14977
14980
14981
14982
14983
14987
14988
14990
14992
14993
14994
15000
15002
15004
15006
15010
15012
15014
15015
15017
15018
15019
15021
15022
15024
15025
15027
15029
15031
15033
15035
15037
15039
15040
15041
15043
15045
15047
15048
15050
15051
15054
15055
15057
15059
15061
15063
15064
15066
15069
15071
15073
15074
15077
15078
15080
15081
15083
15084
15087
15089
15090
15091
15093
15095
15096
15099
15101
15103
15105
15107
15110
15111
15113
15116
15117
15120
15121
15123
15126
15128
15129
15132
15135
15136
15138
15140
15143
15144
15147
15149
15151
15153
15155
15157
15159
15162
15164
15166
15168
15169
15171
15172
15174
15176
15178
15180
15182
15183
15186
15187
15188
15190
15192
15194
15196
15198
15200
15202
15204
15206
15210
15212
15216
15218
15220
15222
15224
15226
15228
15230
15232
15233
15235
15236
15237
15238
15240
15242
15244
15246
15248
15250
15252
15254
15256
15259
15260
15264
15266
15269
15271
15273
15275
15276
15277
15278
15281
15285
15286
15289
15291
15292
15294
15296
15297
15299
15302
15304
15306
15310
15312
15314
15316
15318
15320
15325
15327
15329
15331
15332
15334
15335
15337
15338
15340
15342
15344
15345
15347
15349
15350
15351
15353
15355
15357
15359
15360
15362
15363
15366
15367
15369
15371
15372
15376
15378
15380
15382
15386
15389
15390
15392
15397
15399
15401
15402
15403
15404
15407
15409
15410
15412
15413
15416
15418
15421
15432
15433
15434
15437
15439
15443
15445
15448
15449
15451
15452
15454
15455
15457
15458
15460
15461
15472
15473
15476
15477
15480
15482
15484
15486
15488
15492
15493
15495
15496
15499
15501
15502
15505
15508
15510
15512
15514
15516
15520
15522
15523
15524
15526
15527
15529
15531
15533
15534
15536
15539
15541
15543
15544
15546
15547
15548
15550
15552
15556
15558
15559
15561
15563
15567
15569
15571
15573
15575
15577
15578
15581
15583
15585
15587
15588
15590
15592
15593
15594
15595
15598
15600
15603
15604
15606
15609
15610
15611
15612
15614
15617
15618
15620
15621
15624
15627
15629
15631
15636
15639
15641
15643
15644
15646
15648
15650
15652
15655
15656
15658
15659
15661
15663
15668
15671
15672
15674
15677
15679
15680
15681
15683
15685
15687
15688
15689
15691
15693
15694
15695
15697
15700
15702
15705
15707
15709
15711
15713
15715
15717
15718
15720
15722
15724
15726
15728
15734
15735
15737
15739
15741
15743
15745
15750
15751
15754
15756
15758
15760
15761
15763
15765
15767
15768
15769
15771
15773
15775
15779
15780
15784
15787
15789
15791
15794
15796
15797
15800
15802
15803
15806
15807
15809
15811
15813
15814
15816
15820
15822
15824
15825
15826
15827
15828
15830
15832
15834
15836
15839
15841
15846
15848
15850
15851
15853
15855
15859
15861
15862
15865
15866
15867
15868
15869
15871
15872
15874
15877
15879
15880
15883
15885
15887
15888
15890
15891
15893
15894
15895
15897
15898
15900
15902
15904
15906
15907
15909
15910
15912
15915
15917
15919
15921
15923
15924
15926
15929
15930
15933
15935
15937
15939
15942
15943
15945
15946
15948
15950
15952
15954
15956
15958
15960
15962
15964
15966
15968
15970
15972
15976
15978
15980
15985
15987
15989
15991
15993
15994
15996
15998
16000
16002
16004
16005
16007
16010
16013
16018
16020
16025
16026
16028
16030
16033
16034
16038
16040
16045
16047
16049
16051
16054
16057
16059
16060
16062
16065
16067
16074
16075
16076
16077
16078
16079
16081
16082
16083
16085
16087
16089
16090
16091
16093
16095
16096
16098
16100
16101
16102
16103
16104
16107
16109
16113
16116
16118
16120
16122
16125
16126
16127
16131
16133
16135
16138
16141
16144
16148
16149
16151
16157
16158
16160
16161
16166
16167
16169
16172
16174
16175
16177
16178
16180
16183
16184
16185
16187
16189
16190
16193
16194
16195
16197
16198
16200
16202
16205
16206
16207
16209
16213
16215
16217
16220
16221
16222
16223
16224
16225
16227
16228
16232
16233
16235
16238
16240
16242
16244
16246
16248
16252
16253
16254
16256
16257
16259
16261
16263
16265
16267
16269
16271
16273
16275
16277
16281
16282
16283
16292
16293
16295
16296
16298
16302
16304
16308
16311
16313
16316
16318
16319
16322
16323
16327
16330
16332
16335
16337
16340
16343
16347
16351
16355
16356
16360
16362
16363
16364
16365
16366
16369
16370
16372
16374
16376
16378
16380
16382
16385
16389
16391
16392
16393
16395
16397
16398
16402
16403
16408
16410
16412
16414
16417
16420
16423
16425
16427
16429
16434
16435
16439
16441
16442
16444
16446
16447
16449
16451
16456
16457
16460
16462
16466
16468
16478
16483
16486
16488
16490
16492
16494
16495
16497
16500
16501
16503
16505
16507
16510
16512
16513
16516
16518
16523
16525
16528
16530
16532
16533
16535
16536
16538
16540
16542
16543
16544
16546
16549
16551
16553
16555
16556
16559
16561
16563
16566
16568
16570
16573
16574
16578
16579
16580
16582
16584
16586
16588
16590
16592
16596
16597
16600
16602
16604
16606
16607
16609
16611
16614
16615
16616
16617
16619
16621
16623
16625
16627
16628
16630
16631
16634
16635
16638
16640
16646
16648
16649
16650
16654
16656
16660
16661
16663
16664
16666
16668
16670
16672
16673
16675
16676
16679
16684
16686
16688
16691
16692
16693
16694
16696
16698
16700
16701
16704
16706
16708
16710
16714
16715
16717
16718
16722
16724
16726
16730
16731
16733
16736
16739
16740
16742
16744
16746
16749
16751
16754
16755
16756
16758
16760
16763
16767
16771
16773
16776
16779
16781
16784
16787
16788
16790
16791
16793
16796
16797
16801
16804
16807
16808
16810
16811
16813
16815
16818
16821
16824
16825
16827
16829
16831
16833
16835
16840
16842
16844
16847
16848
16850
16854
16856
16858
16861
16862
16863
16864
16866
16868
16869
16871
16872
16874
16876
16877
16880
16882
16884
16886
16891
16894
16897
16899
16902
16904
16906
16908
16911
16915
16918
16920
16921
16923
16926
16928
16930
16931
16932
16934
16935
16937
16938
16942
16944
16946
16947
16949
16952
16954
16955
16957
16961
16964
16966
16970
16972
16974
16976
16978
16980
16981
16982
16986
16987
16989
16991
16994
16996
16998
17001
17005
17007
17009
17010
17012
17013
17015
17017
17019
17023
17025
17028
17029
17031
17032
17036
17038
17042
17044
17050
17051
17052
17054
17055
17057
17059
17062
17064
17066
17069
17070
17073
17075
17077
17078
17079
17084
17085
17086
17087
17088
17089
17091
17092
17093
17095
17099
17100
17101
17103
17105
17108
17110
17112
17119
17120
17123
17125
17126
17129
17134
17136
17138
17139
17142
17143
17147
17149
17152
17157
17161
17163
17165
17167
17170
17172
17174
17177
17179
17180
17182
17183
17185
17187
17189
17191
17193
17195
17197
17199
17202
17203
17205
17206
17208
17211
17212
17215
17218
17220
17222
17225
17226
17228
17230
17236
17238
17240
17246
17251
17252
17254
17255
17256
17259
17261
17263
17264
17266
17268
17270
17273
17276
17278
17283
17284
17286
17289
17291
17293
17294
17299
17301
17302
17304
17305
17306
17308
17311
17313
17314
17316
17318
17320
17324
17326
17328
17331
17333
17335
17337
17342
17344
17346
17348
17350
17352
17355
17357
17358
17359
17361
17364
17366
17368
17371
17374
17377
17380
17382
17384
17385
17387
17390
17394
17395
17397
17400
17402
17405
17407
17409
17410
17413
17415
17417
17418
17419
17423
17424
17426
17427
17430
17432
17435
17437
17439
17441
17445
17446
17449
17451
17453
17457
17461
17463
17467
17471
17473
17475
17477
17478
17480
17482
17484
17486
17489
17495
17498
17501
17503
17505
17509
17511
17512
17514
17516
17517
17522
17524
17526
17527
17528
17530
17535
17537
17538
17539
17540
17541
17544
17546
17548
17550
17553
17555
17557
17559
17562
17564
17566
17568
17569
17572
17573
17575
17577
17579
17583
17584
17586
17589
17593
17597
17598
17599
17600
17602
17604
17607
17609
17610
17612
17613
17614
17615
17618
17619
17621
17623
17624
17625
17628
17630
17631
17635
17637
17639
17641
17643
17645
17647
17650
17651
17661
17662
17663
17665
17667
17669
17671
17673
17675
17679
17681
17683
17684
17686
17687
17689
17691
17693
17697
17698
17700
17702
17703
17705
17707
17709
17712
17714
17716
17717
17720
17723
17724
17725
17727
17729
17732
17733
17735
17737
17739
17741
17743
17744
17746
17748
17750
17751
17754
17755
17758
17760
17762
17764
17766
17769
17770
17771
17774
17777
17778
17782
17784
17787
17790
17792
17793
17796
17798
17800
17802
17804
17807
17808
17810
17811
17813
17814
17816
17817
17818
17820
17821
17822
17823
17826
17831
17832
17834
17836
17842
17843
17845
17847
17851
17855
17856
17857
17859
17864
17870
17872
17874
17875
17877
17879
17881
17883
17887
17889
17892
17894
17895
17898
17900
17902
17904
17905
17907
17909
17910
17911
17912
17915
17917
17919
17921
17925
17928
17932
17934
17936
17939
17940
17941
17942
17945
17947
17948
17950
17951
17953
17956
17961
17963
17966
17968
17969
17970
17976
17978
17979
17981
17983
17985
17986
17989
17997
17998
18001
18002
18004
18006
18010
18011
18012
18013
18014
18016
18019
18020
18021
18022
18026
18027
18029
18034
18036
18038
18040
18045
18050
18052
18054
18056
18057
18059
18060
18062
18064
18067
18069
18071
18075
18076
18080
18081
18083
18086
18087
18088
18091
18092
18093
18095
18098
18100
18103
18104
18106
18108
18109
18111
18113
18115
18117
18118
18120
18121
18123
18125
18127
18128
18130
18132
18134
18136
18138
18139
18141
18142
18146
18149
18157
18160
18162
18164
18166
18168
18170
18172
18174
18175
18176
18178
18179
18181
18186
18187
18192
18194
18196
18197
18199
18200
18201
18204
18207
18208
18211
18213
18215
18220
18221
18222
18224
18225
18227
18228
18231
18233
18235
18238
18240
18242
18249
18252
18254
18255
18258
18260
18264
18268
18269
18274
18278
18279
18283
18285
18288
18290
18297
18302
18304
18307
18308
18310
18312
18314
18315
18317
18322
18326
18328
18332
18334
18338
18340
18342
18343
18346
18347
18349
18351
18353
18355
18357
18359
18363
18365
18367
18369
18371
18373
18375
18380
18383
18385
18388
18390
18392
18394
18396
18398
18402
18403
18405
18406
18411
18412
18414
18416
18418
18419
18422
18424
18426
18428
18429
18432
18433
18435
18436
18438
18440
18442
18444
18448
18449
18450
18452
18454
18456
18457
18462
18472
18473
18476
18477
18478
18480
18483
18488
18490
18491
18494
18497
18499
18500
18505
18508
18510
18511
18513
18516
18517
18518
18520
18522
18526
18531
18535
18539
18544
18547
18549
18551
18553
18555
18557
18558
18561
18562
18563
18565
18566
18569
18571
18572
18573
18576
18578
18579
18581
18583
18584
18586
18589
18590
18593
18595
18597
18603
18604
18606
18608
18610
18612
18614
18616
18618
18621
18624
18626
18628
18629
18631
18635
18638
18640
18643
18645
18646
18648
18650
18654
18657
18659
18660
18662
18664
18666
18669
18671
18673
18675
18676
18678
18680
18684
18686
18687
18690
18692
18693
18695
18698
18700
18702
18710
18712
18713
18715
18717
18721
18722
18723
18725
18726
18727
18730
18732
18734
18736
18738
18740
18742
18744
18747
18749
18751
18752
18754
18755
18757
18769
18770
18771
18772
18774
18776
18779
18784
18785
18787
18793
18794
18796
18798
18800
18801
18804
18810
18814
18818
18819
18821
18823
18825
18827
18829
18832
18837
18841
18843
18845
18847
18850
18853
18854
18857
18858
18861
18862
18863
18866
18867
18869
18871
18874
18877
18883
18885
18887
18890
18894
18896
18897
18898
18903
18907
18909
18911
18914
18918
18919
18923
18924
18926
18928
18933
18938
18939
18941
18942
18944
18945
18947
18949
18950
18951
18953
18955
18957
18959
18960
18962
18964
18965
18967
18968
18973
18975
18978
18981
18982
18984
18987
18988
18990
18992
18994
18997
19000
19001
19004
19009
19010
19013
19014
19017
19021
19025
19027
19029
19030
19032
19033
19035
19037
19039
19040
19041
19043
19046
19048
19049
19051
19054
19056
19057
19060
19062
19066
19069
19070
19072
19073
19081
19082
19084
19085
19087
19088
19091
19093
19096
19097
19098
19103
19106
19108
19109
19111
19113
19114
19115
19117
19119
19121
19124
19125
19127
19132
19134
19135
19136
19140
19141
19143
19146
19148
19154
19155
19160
19161
19168
19170
19171
19172
19174
19175
19176
19188
19189
19192
19193
19196
19198
19200
19202
19204
19206
19209
19210
19213
19215
19219
19221
19224
19226
19228
19230
19232
19233
19236
19239
19242
19247
19248
19252
19254
19255
19257
19259
19261
19263
19265
19266
19270
19272
19273
19278
19281
19283
19287
19290
19295
19298
19299
19303
19305
19311
19314
19316
19321
19322
19326
19327
19332
19335
19336
19338
19339
19340
19346
19347
19349
19351
19353
19354
19357
19359
19361
19363
19365
19367
19369
19372
19375
19377
19379
19381
19382
19386
19387
19388
19390
19393
19394
19397
19398
19401
19403
19404
19410
19415
19419
19420
19423
19426
19428
19429
19430
19431
19432
19434
19438
19439
19442
19447
19450
19451
19453
19460
19461
19465
19467
19468
19469
19471
19474
19475
19478
19480
19483
19485
19489
19491
19493
19495
19497
19499
19502
19505
19512
19514
19518
19522
19525
19527
19530
19532
19534
19536
19538
19539
19540
19541
19543
19546
19548
19550
19552
19553
19556
19561
19565
19566
19568
19573
19575
19577
19579
19581
19583
19585
19592
19595
19598
19599
19601
19605
19615
19620
19625
19627
19629
19632
19634
19636
19638
19642
19646
19648
19650
19654
19655
19656
19658
19662
19668
19670
19671
19674
19676
19677
19682
19684
19685
19688
19690
19692
19693
19696
19702
19704
19707
19709
19716
19718
19721
19722
19724
19726
19734
19736
19740
19744
19746
19747
19748
19750
19752
19753
19755
19757
19759
19762
19765
19770
19771
19773
19776
19780
19782
19783
19784
19787
19788
19792
19794
19800
19805
19806
19809
19811
19813
19816
19818
19820
19822
19824
19827
19828
19832
19842
19851
19852
19853
19854
19856
19859
19863
19865
19872
19873
19875
19878
19881
19889
19895
19898
19900
19902
19906
19908
19916
19917
19919
19922
19926
19927
19932
19935
19937
19939
19941
19943
19945
19947
19949
19951
19955
19957
19958
19961
19962
19965
19966
19968
19972
19974
19976
19978
19980
19985
19987
19992
19997
19998
20001
20008
20011
20014
20017
20029
20030
20032
20035
20038
20042
20051
20054
20055
20057
20065
20066
20070
20071
20073
20075
20077
20079
20093
20098
20101
20109
20115
20120
20121
20123
20129
20130
20132
20135
20137
20140
20142
20144
20147
20150
20151
20153
20154
20155
20164
20166
20168
20170
20177
20180
20182
20184
20187
20193
20196
20199
20202
20205
20213
20215
20218
20226
20230
20231
20233
20235
20241
20242
20244
20247
20249
20252
20253
20256
20262
20267
20271
20273
20279
20289
20290
20292
20295
20298
20300
20302
20305
20306
20308
20311
20315
20321
20336
20337
20339
20345
20347
20348
20349
20351
20354
20356
20359
20363
20371
20372
20374
20377
20380
20382
20397
20408
20412
20414
20415
20420
20423
20425
